Rank 0 is running on comet-25-41.sdsc.edu
Rank 2 is running on comet-25-41.sdsc.edu
Rank 3 is running on comet-25-41.sdsc.edu
Rank 1 is running on comet-25-41.sdsc.edu
[  0:000] main           : Welcome to Conway's Game of Life!
[  0:001] main           : Row distribution selected.
[  0:002] pgm:readpgm    : Opening file input_files/conways_input.pgm
[  0:003] pgm:readpgm    : input_files/conways_input.pgm: P5 900 900 255
[  0:004] pgm:readpgm    : Hosting data for x:000-900 y:000-225
[  2:000] pgm:readpgm    : Hosting data for x:000-900 y:450-675
[  0:005] pgm:readpgm    : Gather matrix x:902 y:908
[  2:001] pgm:readpgm    : Gather matrix x:902 y:908
[  1:000] pgm:readpgm    : Hosting data for x:000-900 y:225-450
[  3:000] pgm:readpgm    : Hosting data for x:000-900 y:675-900
[  1:001] pgm:readpgm    : Gather matrix x:902 y:908
[  3:001] pgm:readpgm    : Gather matrix x:902 y:908
[  3:002] main           : Bugs alive at the start: 5566
[  1:002] main           : Bugs alive at the start: 5188
[  2:002] main           : Bugs alive at the start: 8331
[  0:006] main           : Bugs alive at the start: 6216
[  0:007] main           : 25301 total bugs alive at the start.
