[ -1:000]                : Rank 2 is running on comet-11-08.sdsc.edu
[ -1:000]                : Rank 3 is running on comet-11-08.sdsc.edu
[  2:001] init_pprintf   : My dest: 3	My source: 1	My_num_part: 1020
[  3:001] init_pprintf   : My dest: 4	My source: 2	My_num_part: 1020
[ -1:000]                : Rank 1 is running on comet-11-08.sdsc.edu
[ -1:000]                : Rank 0 is running on comet-11-08.sdsc.edu
[  1:001] init_pprintf   : My dest: 2	My source: 0	My_num_part: 1020
[  0:001] init_pprintf   : My dest: 1	My source: 7	My_num_part: 1020
Initalizing particles linear on 0 to 1020
Initalizing particles linear on 1020 to 2040
Initalizing particles linear on 3060 to 4080
Initalizing particles linear on 2040 to 3060
[ -1:000]                : Rank 7 is running on comet-13-16.sdsc.edu
[ -1:000]                : Rank 6 is running on comet-13-16.sdsc.edu
[  6:001] init_pprintf   : My dest: 7	My source: 5	My_num_part: 1020
[  7:001] init_pprintf   : My dest: 0	My source: 6	My_num_part: 1020
[ -1:000]                : Rank 4 is running on comet-13-16.sdsc.edu
[ -1:000]                : Rank 5 is running on comet-13-16.sdsc.edu
[  4:001] init_pprintf   : My dest: 5	My source: 3	My_num_part: 1020
[  5:001] init_pprintf   : My dest: 6	My source: 4	My_num_part: 1020
Initalizing particles linear on 4080 to 5100
Initalizing particles linear on 7140 to 8160
Initalizing particles linear on 6120 to 7140
Initalizing particles linear on 5100 to 6120
Iteration 0:	0.0282189846 seconds	0.0000000000 seconds
Iteration 0:	0.0282609463 seconds	0.0000000000 seconds
Iteration 0:	0.0778279305 seconds	0.0000000000 seconds
Iteration 0:	0.0778460503 seconds	0.0000000000 seconds
Iteration 0:	0.0284221172 seconds	0.0000000000 seconds
Iteration 0:	0.0779080391 seconds	0.0000000000 seconds
Iteration 0:	0.0780420303 seconds	0.0000009537 seconds
Iteration 0:	0.0283918381 seconds	0.0000000000 seconds
Iteration 1:	0.0172178745 seconds	0.0000000000 seconds
Iteration 1:	0.0171890259 seconds	0.0000009537 seconds
Iteration 1:	0.0171658993 seconds	0.0000000000 seconds
Iteration 1:	0.0172379017 seconds	0.0000000000 seconds
Iteration 1:	0.0172297955 seconds	0.0000000000 seconds
Iteration 1:	0.0171499252 seconds	0.0000000000 seconds
Iteration 1:	0.0171899796 seconds	0.0000000000 seconds
Iteration 1:	0.0170722008 seconds	0.0000000000 seconds
Iteration 2:	0.0183219910 seconds	0.0000000000 seconds
Iteration 2:	0.0184059143 seconds	0.0000000000 seconds
Iteration 2:	0.0184061527 seconds	0.0000009537 seconds
Iteration 2:	0.0183711052 seconds	0.0000000000 seconds
Iteration 2:	0.0184500217 seconds	0.0000000000 seconds
Iteration 2:	0.0184159279 seconds	0.0000000000 seconds
Iteration 2:	0.0184679031 seconds	0.0000000000 seconds
Iteration 2:	0.0184700489 seconds	0.0000000000 seconds
Iteration 3:	0.0172100067 seconds	0.0000000000 seconds
Iteration 3:	0.0172669888 seconds	0.0000000000 seconds
Iteration 3:	0.0172250271 seconds	0.0000000000 seconds
Iteration 3:	0.0171828270 seconds	0.0000000000 seconds
Iteration 3:	0.0172569752 seconds	0.0000000000 seconds
Iteration 3:	0.0172281265 seconds	0.0000000000 seconds
Iteration 3:	0.0172109604 seconds	0.0000000000 seconds
Iteration 3:	0.0172030926 seconds	0.0000000000 seconds
Iteration 4:	0.0183360577 seconds	0.0000000000 seconds
Iteration 4:	0.0184049606 seconds	0.0000000000 seconds
Iteration 4:	0.0184030533 seconds	0.0000000000 seconds
Iteration 4:	0.0184049606 seconds	0.0000000000 seconds
Iteration 4:	0.0184011459 seconds	0.0000000000 seconds
Iteration 4:	0.0183758736 seconds	0.0000000000 seconds
Iteration 4:	0.0184400082 seconds	0.0000000000 seconds
Iteration 4:	0.0184419155 seconds	0.0000000000 seconds
Iteration 5:	0.0171220303 seconds	0.0000000000 seconds
Iteration 5:	0.0170471668 seconds	0.0000000000 seconds
Iteration 5:	0.0171029568 seconds	0.0000000000 seconds
Iteration 5:	0.0170888901 seconds	0.0000000000 seconds
Iteration 5:	0.0170290470 seconds	0.0000000000 seconds
Iteration 5:	0.0171470642 seconds	0.0000000000 seconds
Iteration 5:	0.0171520710 seconds	0.0000000000 seconds
Iteration 5:	0.0171248913 seconds	0.0000000000 seconds
Iteration 6:	0.0183529854 seconds	0.0000000000 seconds
Iteration 6:	0.0183820724 seconds	0.0000000000 seconds
Iteration 6:	0.0184400082 seconds	0.0000000000 seconds
Iteration 6:	0.0184409618 seconds	0.0000000000 seconds
Iteration 6:	0.0184488297 seconds	0.0000000000 seconds
Iteration 6:	0.0184779167 seconds	0.0000000000 seconds
Iteration 6:	0.0184249878 seconds	0.0000000000 seconds
Iteration 6:	0.0184299946 seconds	0.0000000000 seconds
Iteration 7:	0.0170660019 seconds	0.0000000000 seconds
Iteration 7:	0.0171229839 seconds	0.0000000000 seconds
Iteration 7:	0.0171380043 seconds	0.0000000000 seconds
Iteration 7:	0.0171689987 seconds	0.0000000000 seconds
Iteration 7:	0.0171170235 seconds	0.0000000000 seconds
Iteration 7:	0.0171201229 seconds	0.0000000000 seconds
Iteration 7:	0.0171158314 seconds	0.0000000000 seconds
Iteration 7:	0.0170300007 seconds	0.0000000000 seconds
Iteration 8:	0.0183639526 seconds	0.0000000000 seconds
Iteration 8:	0.0183780193 seconds	0.0000000000 seconds
Iteration 8:	0.0184202194 seconds	0.0000000000 seconds
Iteration 8:	0.0184199810 seconds	0.0000000000 seconds
Iteration 8:	0.0184371471 seconds	0.0000000000 seconds
Iteration 8:	0.0184218884 seconds	0.0000000000 seconds
Iteration 8:	0.0184400082 seconds	0.0000000000 seconds
Iteration 8:	0.0183978081 seconds	0.0000000000 seconds
Iteration 9:	0.0170750618 seconds	0.0000000000 seconds
Iteration 9:	0.0170979500 seconds	0.0000000000 seconds
Iteration 9:	0.0171148777 seconds	0.0000000000 seconds
Iteration 9:	0.0170950890 seconds	0.0000000000 seconds
Iteration 9:	0.0171201229 seconds	0.0000000000 seconds
Iteration 9:	0.0169980526 seconds	0.0000000000 seconds
Iteration 9:	0.0171329975 seconds	0.0000000000 seconds
Iteration 9:	0.0171768665 seconds	0.0000000000 seconds
Iteration 10:	0.0183260441 seconds	0.0000000000 seconds
Iteration 10:	0.0183780193 seconds	0.0000000000 seconds
Iteration 10:	0.0184268951 seconds	0.0000000000 seconds
Iteration 10:	0.0183849335 seconds	0.0000000000 seconds
Iteration 10:	0.0184271336 seconds	0.0000009537 seconds
Iteration 10:	0.0184218884 seconds	0.0000000000 seconds
Iteration 10:	0.0184180737 seconds	0.0000000000 seconds
Iteration 10:	0.0183830261 seconds	0.0000000000 seconds
Iteration 11:	0.0170550346 seconds	0.0000000000 seconds
Iteration 11:	0.0170958042 seconds	0.0000000000 seconds
Iteration 11:	0.0170679092 seconds	0.0000000000 seconds
Iteration 11:	0.0171208382 seconds	0.0000000000 seconds
Iteration 11:	0.0170969963 seconds	0.0000000000 seconds
Iteration 11:	0.0170960426 seconds	0.0000000000 seconds
Iteration 11:	0.0170879364 seconds	0.0000000000 seconds
Iteration 11:	0.0170109272 seconds	0.0000000000 seconds
Iteration 12:	0.0183689594 seconds	0.0000000000 seconds
Iteration 12:	0.0183880329 seconds	0.0000000000 seconds
Iteration 12:	0.0183608532 seconds	0.0000000000 seconds
Iteration 12:	0.0184140205 seconds	0.0000000000 seconds
Iteration 12:	0.0184111595 seconds	0.0000000000 seconds
Iteration 12:	0.0183959007 seconds	0.0000000000 seconds
Iteration 12:	0.0184361935 seconds	0.0000000000 seconds
Iteration 12:	0.0184149742 seconds	0.0000000000 seconds
Iteration 13:	0.0170249939 seconds	0.0000000000 seconds
Iteration 13:	0.0170660019 seconds	0.0000000000 seconds
Iteration 13:	0.0170171261 seconds	0.0000000000 seconds
Iteration 13:	0.0170178413 seconds	0.0000000000 seconds
Iteration 13:	0.0169961452 seconds	0.0000000000 seconds
Iteration 13:	0.0170729160 seconds	0.0000000000 seconds
Iteration 13:	0.0170791149 seconds	0.0000000000 seconds
Iteration 13:	0.0171170235 seconds	0.0000000000 seconds
Iteration 14:	0.0183179379 seconds	0.0000000000 seconds
Iteration 14:	0.0183920860 seconds	0.0000000000 seconds
Iteration 14:	0.0184051991 seconds	0.0000000000 seconds
Iteration 14:	0.0184388161 seconds	0.0000000000 seconds
Iteration 14:	0.0184547901 seconds	0.0000000000 seconds
Iteration 14:	0.0184440613 seconds	0.0000000000 seconds
Iteration 14:	0.0184049606 seconds	0.0000011921 seconds
Iteration 14:	0.0183980465 seconds	0.0000000000 seconds
Iteration 15:	0.0171389580 seconds	0.0000000000 seconds
Iteration 15:	0.0170838833 seconds	0.0000000000 seconds
Iteration 15:	0.0171520710 seconds	0.0000000000 seconds
Iteration 15:	0.0171530247 seconds	0.0000000000 seconds
Iteration 15:	0.0171601772 seconds	0.0000000000 seconds
Iteration 15:	0.0171229839 seconds	0.0000000000 seconds
Iteration 15:	0.0171470642 seconds	0.0000000000 seconds
Iteration 15:	0.0170669556 seconds	0.0000000000 seconds
Iteration 16:	0.0184040070 seconds	0.0000009537 seconds
Iteration 16:	0.0183501244 seconds	0.0000000000 seconds
Iteration 16:	0.0183289051 seconds	0.0000000000 seconds
Iteration 16:	0.0183601379 seconds	0.0000000000 seconds
Iteration 16:	0.0183360577 seconds	0.0000009537 seconds
Iteration 16:	0.0184500217 seconds	0.0000000000 seconds
Iteration 16:	0.0183939934 seconds	0.0000011921 seconds
Iteration 16:	0.0184028149 seconds	0.0000000000 seconds
Iteration 17:	0.0170409679 seconds	0.0000011921 seconds
Iteration 17:	0.0170099735 seconds	0.0000000000 seconds
Iteration 17:	0.0170838833 seconds	0.0000000000 seconds
Iteration 17:	0.0170509815 seconds	0.0000000000 seconds
Iteration 17:	0.0170950890 seconds	0.0000000000 seconds
Iteration 17:	0.0170071125 seconds	0.0000000000 seconds
Iteration 17:	0.0170772076 seconds	0.0000000000 seconds
Iteration 17:	0.0171101093 seconds	0.0000000000 seconds
Iteration 18:	0.0183508396 seconds	0.0000000000 seconds
Iteration 18:	0.0183329582 seconds	0.0000000000 seconds
Iteration 18:	0.0184121132 seconds	0.0000009537 seconds
Iteration 18:	0.0184068680 seconds	0.0000000000 seconds
Iteration 18:	0.0183861256 seconds	0.0000000000 seconds
Iteration 18:	0.0184421539 seconds	0.0000000000 seconds
Iteration 18:	0.0183651447 seconds	0.0000000000 seconds
Iteration 18:	0.0184400082 seconds	0.0000000000 seconds
Iteration 19:	0.0170128345 seconds	0.0000000000 seconds
Iteration 19:	0.0169870853 seconds	0.0000000000 seconds
Iteration 19:	0.0170049667 seconds	0.0000000000 seconds
Iteration 19:	0.0170569420 seconds	0.0000000000 seconds
Iteration 19:	0.0170328617 seconds	0.0000000000 seconds
Iteration 19:	0.0170788765 seconds	0.0000000000 seconds
Iteration 19:	0.0170869827 seconds	0.0000000000 seconds
Iteration 19:	0.0171248913 seconds	0.0000000000 seconds
Iteration 20:	0.0182960033 seconds	0.0000000000 seconds
Iteration 20:	0.0183699131 seconds	0.0000000000 seconds
Iteration 20:	0.0183939934 seconds	0.0000000000 seconds
Iteration 20:	0.0183439255 seconds	0.0000000000 seconds
Iteration 20:	0.0183868408 seconds	0.0000000000 seconds
Iteration 20:	0.0183742046 seconds	0.0000000000 seconds
Iteration 20:	0.0184290409 seconds	0.0000000000 seconds
Iteration 20:	0.0183351040 seconds	0.0000000000 seconds
Iteration 21:	0.0171060562 seconds	0.0000000000 seconds
Iteration 21:	0.0170760155 seconds	0.0000009537 seconds
Iteration 21:	0.0171241760 seconds	0.0000000000 seconds
Iteration 21:	0.0171010494 seconds	0.0000000000 seconds
Iteration 21:	0.0170059204 seconds	0.0000000000 seconds
Iteration 21:	0.0171380043 seconds	0.0000000000 seconds
Iteration 21:	0.0171439648 seconds	0.0000000000 seconds
Iteration 21:	0.0171890259 seconds	0.0000000000 seconds
Iteration 22:	0.0183370113 seconds	0.0000000000 seconds
Iteration 22:	0.0184137821 seconds	0.0000000000 seconds
Iteration 22:	0.0183839798 seconds	0.0000000000 seconds
Iteration 22:	0.0183990002 seconds	0.0000000000 seconds
Iteration 22:	0.0184328556 seconds	0.0000000000 seconds
Iteration 22:	0.0184371471 seconds	0.0000000000 seconds
Iteration 22:	0.0183920860 seconds	0.0000000000 seconds
Iteration 22:	0.0183908939 seconds	0.0000000000 seconds
Iteration 23:	0.0170669556 seconds	0.0000000000 seconds
Iteration 23:	0.0171091557 seconds	0.0000000000 seconds
Iteration 23:	0.0171051025 seconds	0.0000000000 seconds
Iteration 23:	0.0171039104 seconds	0.0000000000 seconds
Iteration 23:	0.0171401501 seconds	0.0000000000 seconds
Iteration 23:	0.0170879364 seconds	0.0000011921 seconds
Iteration 23:	0.0171139240 seconds	0.0000000000 seconds
Iteration 23:	0.0170228481 seconds	0.0000000000 seconds
Iteration 24:	0.0184040070 seconds	0.0000000000 seconds
Iteration 24:	0.0184111595 seconds	0.0000000000 seconds
Iteration 24:	0.0184490681 seconds	0.0000000000 seconds
Iteration 24:	0.0184199810 seconds	0.0000000000 seconds
Iteration 24:	0.0184650421 seconds	0.0000000000 seconds
Iteration 24:	0.0184729099 seconds	0.0000009537 seconds
Iteration 24:	0.0184679031 seconds	0.0000000000 seconds
Iteration 24:	0.0184440613 seconds	0.0000000000 seconds
Iteration 25:	0.0171051025 seconds	0.0000000000 seconds
Iteration 25:	0.0170910358 seconds	0.0000000000 seconds
Iteration 25:	0.0171201229 seconds	0.0000000000 seconds
Iteration 25:	0.0170960426 seconds	0.0000000000 seconds
Iteration 25:	0.0170760155 seconds	0.0000000000 seconds
Iteration 25:	0.0170609951 seconds	0.0000000000 seconds
Iteration 25:	0.0170960426 seconds	0.0000000000 seconds
Iteration 25:	0.0170099735 seconds	0.0000000000 seconds
Iteration 26:	0.0183889866 seconds	0.0000000000 seconds
Iteration 26:	0.0183610916 seconds	0.0000000000 seconds
Iteration 26:	0.0183961391 seconds	0.0000000000 seconds
Iteration 26:	0.0183918476 seconds	0.0000000000 seconds
Iteration 26:	0.0184190273 seconds	0.0000000000 seconds
Iteration 26:	0.0183939934 seconds	0.0000000000 seconds
Iteration 26:	0.0183670521 seconds	0.0000000000 seconds
Iteration 26:	0.0184361935 seconds	0.0000000000 seconds
Iteration 27:	0.0169649124 seconds	0.0000000000 seconds
Iteration 27:	0.0170700550 seconds	0.0000000000 seconds
Iteration 27:	0.0170559883 seconds	0.0000000000 seconds
Iteration 27:	0.0171129704 seconds	0.0000000000 seconds
Iteration 27:	0.0171580315 seconds	0.0000000000 seconds
Iteration 27:	0.0171639919 seconds	0.0000000000 seconds
Iteration 27:	0.0171771049 seconds	0.0000000000 seconds
Iteration 27:	0.0171940327 seconds	0.0000000000 seconds
Iteration 28:	0.0183210373 seconds	0.0000000000 seconds
Iteration 28:	0.0183680058 seconds	0.0000000000 seconds
Iteration 28:	0.0183629990 seconds	0.0000000000 seconds
Iteration 28:	0.0183360577 seconds	0.0000000000 seconds
Iteration 28:	0.0183229446 seconds	0.0000000000 seconds
Iteration 28:	0.0184359550 seconds	0.0000000000 seconds
Iteration 28:	0.0184419155 seconds	0.0000000000 seconds
Iteration 28:	0.0184791088 seconds	0.0000000000 seconds
Iteration 29:	0.0170719624 seconds	0.0000000000 seconds
Iteration 29:	0.0171241760 seconds	0.0000000000 seconds
Iteration 29:	0.0171120167 seconds	0.0000000000 seconds
Iteration 29:	0.0171680450 seconds	0.0000000000 seconds
Iteration 29:	0.0170071125 seconds	0.0000000000 seconds
Iteration 29:	0.0171701908 seconds	0.0000000000 seconds
Iteration 29:	0.0171849728 seconds	0.0000000000 seconds
Iteration 29:	0.0171458721 seconds	0.0000000000 seconds
Iteration 30:	0.0183358192 seconds	0.0000000000 seconds
Iteration 30:	0.0183870792 seconds	0.0000000000 seconds
Iteration 30:	0.0183920860 seconds	0.0000000000 seconds
Iteration 30:	0.0184450150 seconds	0.0000000000 seconds
Iteration 30:	0.0184390545 seconds	0.0000000000 seconds
Iteration 30:	0.0184278488 seconds	0.0000000000 seconds
Iteration 30:	0.0184412003 seconds	0.0000000000 seconds
Iteration 30:	0.0183889866 seconds	0.0000000000 seconds
Iteration 31:	0.0171151161 seconds	0.0000000000 seconds
Iteration 31:	0.0170741081 seconds	0.0000000000 seconds
Iteration 31:	0.0171148777 seconds	0.0000000000 seconds
Iteration 31:	0.0170929432 seconds	0.0000000000 seconds
Iteration 31:	0.0170810223 seconds	0.0000000000 seconds
Iteration 31:	0.0171298981 seconds	0.0000000000 seconds
Iteration 31:	0.0171298981 seconds	0.0000009537 seconds
Iteration 31:	0.0170359612 seconds	0.0000000000 seconds
Iteration 32:	0.0183589458 seconds	0.0000000000 seconds
Iteration 32:	0.0184168816 seconds	0.0000000000 seconds
Iteration 32:	0.0184249878 seconds	0.0000000000 seconds
Iteration 32:	0.0184061527 seconds	0.0000000000 seconds
Iteration 32:	0.0183970928 seconds	0.0000000000 seconds
Iteration 32:	0.0184419155 seconds	0.0000000000 seconds
Iteration 32:	0.0184209347 seconds	0.0000000000 seconds
Iteration 32:	0.0183401108 seconds	0.0000000000 seconds
Iteration 33:	0.0170969963 seconds	0.0000000000 seconds
Iteration 33:	0.0170609951 seconds	0.0000000000 seconds
Iteration 33:	0.0170879364 seconds	0.0000000000 seconds
Iteration 33:	0.0171220303 seconds	0.0000000000 seconds
Iteration 33:	0.0170981884 seconds	0.0000000000 seconds
Iteration 33:	0.0170691013 seconds	0.0000000000 seconds
Iteration 33:	0.0171010494 seconds	0.0000000000 seconds
Iteration 33:	0.0170109272 seconds	0.0000000000 seconds
Iteration 34:	0.0183990002 seconds	0.0000011921 seconds
Iteration 34:	0.0183899403 seconds	0.0000011921 seconds
Iteration 34:	0.0183930397 seconds	0.0000000000 seconds
Iteration 34:	0.0184488297 seconds	0.0000000000 seconds
Iteration 34:	0.0186021328 seconds	0.0000000000 seconds
Iteration 34:	0.0186011791 seconds	0.0000000000 seconds
Iteration 34:	0.0186028481 seconds	0.0000000000 seconds
Iteration 34:	0.0185699463 seconds	0.0000000000 seconds
Iteration 35:	0.0172319412 seconds	0.0000000000 seconds
Iteration 35:	0.0172410011 seconds	0.0000000000 seconds
Iteration 35:	0.0170631409 seconds	0.0000000000 seconds
Iteration 35:	0.0171039104 seconds	0.0000000000 seconds
Iteration 35:	0.0170969963 seconds	0.0000000000 seconds
Iteration 35:	0.0172269344 seconds	0.0000000000 seconds
Iteration 35:	0.0172848701 seconds	0.0000000000 seconds
Iteration 35:	0.0170161724 seconds	0.0000000000 seconds
Iteration 36:	0.0183939934 seconds	0.0000000000 seconds
Iteration 36:	0.0184020996 seconds	0.0000000000 seconds
Iteration 36:	0.0184321404 seconds	0.0000000000 seconds
Iteration 36:	0.0184061527 seconds	0.0000000000 seconds
Iteration 36:	0.0184500217 seconds	0.0000000000 seconds
Iteration 36:	0.0184521675 seconds	0.0000000000 seconds
Iteration 36:	0.0184531212 seconds	0.0000009537 seconds
Iteration 36:	0.0184290409 seconds	0.0000000000 seconds
Iteration 37:	0.0171020031 seconds	0.0000000000 seconds
Iteration 37:	0.0170750618 seconds	0.0000000000 seconds
Iteration 37:	0.0171220303 seconds	0.0000000000 seconds
Iteration 37:	0.0170941353 seconds	0.0000009537 seconds
Iteration 37:	0.0170781612 seconds	0.0000000000 seconds
Iteration 37:	0.0171029568 seconds	0.0000000000 seconds
Iteration 37:	0.0171051025 seconds	0.0000000000 seconds
Iteration 37:	0.0170209408 seconds	0.0000000000 seconds
Iteration 38:	0.0183901787 seconds	0.0000000000 seconds
Iteration 38:	0.0183830261 seconds	0.0000000000 seconds
Iteration 38:	0.0183901787 seconds	0.0000000000 seconds
Iteration 38:	0.0184161663 seconds	0.0000000000 seconds
Iteration 38:	0.0183629990 seconds	0.0000000000 seconds
Iteration 38:	0.0184080601 seconds	0.0000000000 seconds
Iteration 38:	0.0184130669 seconds	0.0000000000 seconds
Iteration 38:	0.0184698105 seconds	0.0000000000 seconds
Iteration 39:	0.0171060562 seconds	0.0000000000 seconds
Iteration 39:	0.0170691013 seconds	0.0000000000 seconds
Iteration 39:	0.0171561241 seconds	0.0000000000 seconds
Iteration 39:	0.0171110630 seconds	0.0000000000 seconds
Iteration 39:	0.0170090199 seconds	0.0000000000 seconds
Iteration 39:	0.0171649456 seconds	0.0000000000 seconds
Iteration 39:	0.0171799660 seconds	0.0000000000 seconds
Iteration 39:	0.0171439648 seconds	0.0000009537 seconds
Total computation time was: 0.770901		Average frame time was: 0.019265		Average Particle interations per second were: 3456373483.327202
