[ -1:000]                : Rank 0 is running on comet-05-11.sdsc.edu
[  0:001] init_pprintf   : My dest: 1	My source: 4	My_num_part: 192
Initalizing particles linear on 0 to 192
[ -1:000]                : Rank 1 is running on comet-10-66.sdsc.edu
[  1:001] init_pprintf   : My dest: 2	My source: 0	My_num_part: 192
Initalizing particles linear on 192 to 384
[ -1:000]                : Rank 4 is running on comet-13-63.sdsc.edu
[  4:001] init_pprintf   : My dest: 0	My source: 3	My_num_part: 192
Initalizing particles linear on 768 to 960
[ -1:000]                : Rank 2 is running on comet-10-69.sdsc.edu
[  2:001] init_pprintf   : My dest: 3	My source: 1	My_num_part: 192
Initalizing particles linear on 384 to 576
[ -1:000]                : Rank 3 is running on comet-13-16.sdsc.edu
[  3:001] init_pprintf   : My dest: 4	My source: 2	My_num_part: 192
Initalizing particles linear on 576 to 768
Iteration 0:	0.1024620533 seconds	0.0000000000 seconds
Iteration 0:	0.1090350151 seconds	0.0000000000 seconds
Iteration 0:	0.1586270332 seconds	0.0000000000 seconds
Iteration 0:	0.1178689003 seconds	0.0000000000 seconds
Iteration 0:	0.1295511723 seconds	0.0000000000 seconds
Iteration 1:	0.0560598373 seconds	0.0000000000 seconds
Iteration 1:	0.0608301163 seconds	0.0000000000 seconds
Iteration 1:	0.0729389191 seconds	0.0000000000 seconds
Iteration 1:	0.0948770046 seconds	0.0000000000 seconds
Iteration 1:	0.0903098583 seconds	0.0000000000 seconds
Iteration 2:	0.0122931004 seconds	0.0000000000 seconds
Iteration 2:	0.0194931030 seconds	0.0000000000 seconds
Iteration 2:	0.0268959999 seconds	0.0000000000 seconds
Iteration 2:	0.0269961357 seconds	0.0000000000 seconds
Iteration 2:	0.0317559242 seconds	0.0000000000 seconds
Iteration 3:	0.0080690384 seconds	0.0000000000 seconds
Iteration 3:	0.0008678436 seconds	0.0000000000 seconds
Iteration 3:	0.0008919239 seconds	0.0000000000 seconds
Iteration 3:	0.0008997917 seconds	0.0000000000 seconds
Iteration 3:	0.0008888245 seconds	0.0000000000 seconds
Iteration 4:	0.0008900166 seconds	0.0000000000 seconds
Iteration 4:	0.0009009838 seconds	0.0000000000 seconds
Iteration 4:	0.0009081364 seconds	0.0000009537 seconds
Iteration 4:	0.0009241104 seconds	0.0000000000 seconds
Iteration 4:	0.0008890629 seconds	0.0000000000 seconds
Iteration 5:	0.0008590221 seconds	0.0000000000 seconds
Iteration 5:	0.0008230209 seconds	0.0000000000 seconds
Iteration 5:	0.0008928776 seconds	0.0000000000 seconds
Iteration 5:	0.0009901524 seconds	0.0000000000 seconds
Iteration 5:	0.0008680820 seconds	0.0000000000 seconds
Iteration 6:	0.0008859634 seconds	0.0000000000 seconds
Iteration 6:	0.0009179115 seconds	0.0000000000 seconds
Iteration 6:	0.0008499622 seconds	0.0000000000 seconds
Iteration 6:	0.0009000301 seconds	0.0000000000 seconds
Iteration 6:	0.0008790493 seconds	0.0000000000 seconds
Iteration 7:	0.0008950233 seconds	0.0000000000 seconds
Iteration 7:	0.0009038448 seconds	0.0000000000 seconds
Iteration 7:	0.0009438992 seconds	0.0000000000 seconds
Iteration 7:	0.0008709431 seconds	0.0000000000 seconds
Iteration 7:	0.0008399487 seconds	0.0000000000 seconds
Iteration 8:	0.0008611679 seconds	0.0000000000 seconds
Iteration 8:	0.0008649826 seconds	0.0000000000 seconds
Iteration 8:	0.0008909702 seconds	0.0000009537 seconds
Iteration 8:	0.0009179115 seconds	0.0000000000 seconds
Iteration 8:	0.0009851456 seconds	0.0000000000 seconds
Iteration 9:	0.0007259846 seconds	0.0000009537 seconds
Iteration 9:	0.0007989407 seconds	0.0000000000 seconds
Iteration 9:	0.0007030964 seconds	0.0000000000 seconds
Iteration 9:	0.0007750988 seconds	0.0000000000 seconds
Iteration 9:	0.0007929802 seconds	0.0000000000 seconds
Iteration 10:	0.0007529259 seconds	0.0000000000 seconds
Iteration 10:	0.0007970333 seconds	0.0000000000 seconds
Iteration 10:	0.0008640289 seconds	0.0000000000 seconds
Iteration 10:	0.0008699894 seconds	0.0000000000 seconds
Iteration 10:	0.0008471012 seconds	0.0000000000 seconds
Iteration 11:	0.0008521080 seconds	0.0000000000 seconds
Iteration 11:	0.0008170605 seconds	0.0000000000 seconds
Iteration 11:	0.0007460117 seconds	0.0000000000 seconds
Iteration 11:	0.0008311272 seconds	0.0000000000 seconds
Iteration 11:	0.0008130074 seconds	0.0000000000 seconds
Iteration 12:	0.0008471012 seconds	0.0000000000 seconds
Iteration 12:	0.0009200573 seconds	0.0000000000 seconds
Iteration 12:	0.0009419918 seconds	0.0000000000 seconds
Iteration 12:	0.0009419918 seconds	0.0000000000 seconds
Iteration 12:	0.0009241104 seconds	0.0000000000 seconds
Iteration 13:	0.0007798672 seconds	0.0000009537 seconds
Iteration 13:	0.0008790493 seconds	0.0000000000 seconds
Iteration 13:	0.0007619858 seconds	0.0000000000 seconds
Iteration 13:	0.0008630753 seconds	0.0000000000 seconds
Iteration 13:	0.0008630753 seconds	0.0000000000 seconds
Iteration 14:	0.0008821487 seconds	0.0000009537 seconds
Iteration 14:	0.0007917881 seconds	0.0000000000 seconds
Iteration 14:	0.0008699894 seconds	0.0000000000 seconds
Iteration 14:	0.0008170605 seconds	0.0000000000 seconds
Iteration 14:	0.0007958412 seconds	0.0000000000 seconds
Iteration 15:	0.0007839203 seconds	0.0000000000 seconds
Iteration 15:	0.0008609295 seconds	0.0000000000 seconds
Iteration 15:	0.0008420944 seconds	0.0000000000 seconds
Iteration 15:	0.0009131432 seconds	0.0000009537 seconds
Iteration 15:	0.0008749962 seconds	0.0000000000 seconds
Iteration 16:	0.0008327961 seconds	0.0000000000 seconds
Iteration 16:	0.0009191036 seconds	0.0000000000 seconds
Iteration 16:	0.0008430481 seconds	0.0000000000 seconds
Iteration 16:	0.0008718967 seconds	0.0000000000 seconds
Iteration 16:	0.0008268356 seconds	0.0000000000 seconds
Iteration 17:	0.0006940365 seconds	0.0000009537 seconds
Iteration 17:	0.0006661415 seconds	0.0000000000 seconds
Iteration 17:	0.0007009506 seconds	0.0000000000 seconds
Iteration 17:	0.0007197857 seconds	0.0000000000 seconds
Iteration 17:	0.0006570816 seconds	0.0000000000 seconds
Iteration 18:	0.0008180141 seconds	0.0000000000 seconds
Iteration 18:	0.0008428097 seconds	0.0000000000 seconds
Iteration 18:	0.0009160042 seconds	0.0000000000 seconds
Iteration 18:	0.0009660721 seconds	0.0000000000 seconds
Iteration 18:	0.0009939671 seconds	0.0000000000 seconds
Iteration 19:	0.0007610321 seconds	0.0000009537 seconds
Iteration 19:	0.0008239746 seconds	0.0000000000 seconds
Iteration 19:	0.0008609295 seconds	0.0000000000 seconds
Iteration 19:	0.0008149147 seconds	0.0000000000 seconds
Iteration 19:	0.0008440018 seconds	0.0000009537 seconds
Iteration 20:	0.0009059906 seconds	0.0000000000 seconds
Iteration 20:	0.0008380413 seconds	0.0000000000 seconds
Iteration 20:	0.0008819103 seconds	0.0000000000 seconds
Iteration 20:	0.0008099079 seconds	0.0000000000 seconds
Iteration 20:	0.0007700920 seconds	0.0000000000 seconds
Iteration 21:	0.0007939339 seconds	0.0000000000 seconds
Iteration 21:	0.0008070469 seconds	0.0000000000 seconds
Iteration 21:	0.0007801056 seconds	0.0000000000 seconds
Iteration 21:	0.0007958412 seconds	0.0000000000 seconds
Iteration 21:	0.0007979870 seconds	0.0000000000 seconds
Iteration 22:	0.0007450581 seconds	0.0000000000 seconds
Iteration 22:	0.0007998943 seconds	0.0000000000 seconds
Iteration 22:	0.0008330345 seconds	0.0000000000 seconds
Iteration 22:	0.0009000301 seconds	0.0000000000 seconds
Iteration 22:	0.0008711815 seconds	0.0000000000 seconds
Iteration 23:	0.0007879734 seconds	0.0000000000 seconds
Iteration 23:	0.0007219315 seconds	0.0000000000 seconds
Iteration 23:	0.0008928776 seconds	0.0000000000 seconds
Iteration 23:	0.0008480549 seconds	0.0000000000 seconds
Iteration 23:	0.0008118153 seconds	0.0000000000 seconds
Iteration 24:	0.0009231567 seconds	0.0000000000 seconds
Iteration 24:	0.0008189678 seconds	0.0000009537 seconds
Iteration 24:	0.0009930134 seconds	0.0000000000 seconds
Iteration 24:	0.0009560585 seconds	0.0000000000 seconds
Iteration 24:	0.0009291172 seconds	0.0000000000 seconds
Iteration 25:	0.0007750988 seconds	0.0000000000 seconds
Iteration 25:	0.0007500648 seconds	0.0000000000 seconds
Iteration 25:	0.0008208752 seconds	0.0000000000 seconds
Iteration 25:	0.0007610321 seconds	0.0000000000 seconds
Iteration 25:	0.0007300377 seconds	0.0000009537 seconds
Iteration 26:	0.0008568764 seconds	0.0000011921 seconds
Iteration 26:	0.0008471012 seconds	0.0000000000 seconds
Iteration 26:	0.0008709431 seconds	0.0000000000 seconds
Iteration 26:	0.0008480549 seconds	0.0000000000 seconds
Iteration 26:	0.0008299351 seconds	0.0000000000 seconds
Iteration 27:	0.0007450581 seconds	0.0000000000 seconds
Iteration 27:	0.0008900166 seconds	0.0000009537 seconds
Iteration 27:	0.0009109974 seconds	0.0000000000 seconds
Iteration 27:	0.0009739399 seconds	0.0000000000 seconds
Iteration 27:	0.0009350777 seconds	0.0000000000 seconds
Iteration 28:	0.0007059574 seconds	0.0000000000 seconds
Iteration 28:	0.0009000301 seconds	0.0000000000 seconds
Iteration 28:	0.0009310246 seconds	0.0000000000 seconds
Iteration 28:	0.0008511543 seconds	0.0000000000 seconds
Iteration 28:	0.0008327961 seconds	0.0000011921 seconds
Iteration 29:	0.0008428097 seconds	0.0000000000 seconds
Iteration 29:	0.0007910728 seconds	0.0000000000 seconds
Iteration 29:	0.0008060932 seconds	0.0000000000 seconds
Iteration 29:	0.0008511543 seconds	0.0000000000 seconds
Iteration 29:	0.0008850098 seconds	0.0000000000 seconds
Iteration 30:	0.0009479523 seconds	0.0000000000 seconds
Iteration 30:	0.0009500980 seconds	0.0000000000 seconds
Iteration 30:	0.0009670258 seconds	0.0000000000 seconds
Iteration 30:	0.0008809566 seconds	0.0000000000 seconds
Iteration 30:	0.0008931160 seconds	0.0000000000 seconds
Iteration 31:	0.0008518696 seconds	0.0000000000 seconds
Iteration 31:	0.0008800030 seconds	0.0000000000 seconds
Iteration 31:	0.0007991791 seconds	0.0000000000 seconds
Iteration 31:	0.0009281635 seconds	0.0000000000 seconds
Iteration 31:	0.0008630753 seconds	0.0000000000 seconds
Iteration 32:	0.0006787777 seconds	0.0000000000 seconds
Iteration 32:	0.0007610321 seconds	0.0000000000 seconds
Iteration 32:	0.0008821487 seconds	0.0000000000 seconds
Iteration 32:	0.0009160042 seconds	0.0000000000 seconds
Iteration 32:	0.0009012222 seconds	0.0000000000 seconds
Iteration 33:	0.0007901192 seconds	0.0000000000 seconds
Iteration 33:	0.0007648468 seconds	0.0000000000 seconds
Iteration 33:	0.0008869171 seconds	0.0000000000 seconds
Iteration 33:	0.0007810593 seconds	0.0000000000 seconds
Iteration 33:	0.0007381439 seconds	0.0000000000 seconds
Iteration 34:	0.0007350445 seconds	0.0000000000 seconds
Iteration 34:	0.0008449554 seconds	0.0000011921 seconds
Iteration 34:	0.0008618832 seconds	0.0000000000 seconds
Iteration 34:	0.0009980202 seconds	0.0000000000 seconds
Iteration 34:	0.0008649826 seconds	0.0000000000 seconds
Iteration 35:	0.0008499622 seconds	0.0000000000 seconds
Iteration 35:	0.0007140636 seconds	0.0000000000 seconds
Iteration 35:	0.0008080006 seconds	0.0000000000 seconds
Iteration 35:	0.0008089542 seconds	0.0000000000 seconds
Iteration 35:	0.0008211136 seconds	0.0000000000 seconds
Iteration 36:	0.0008847713 seconds	0.0000000000 seconds
Iteration 36:	0.0012290478 seconds	0.0000000000 seconds
Iteration 36:	0.0011608601 seconds	0.0000000000 seconds
Iteration 36:	0.0013289452 seconds	0.0000000000 seconds
Iteration 36:	0.0013301373 seconds	0.0000000000 seconds
Iteration 37:	0.0007181168 seconds	0.0000000000 seconds
Iteration 37:	0.0008730888 seconds	0.0000000000 seconds
Iteration 37:	0.0009160042 seconds	0.0000000000 seconds
Iteration 37:	0.0012469292 seconds	0.0000000000 seconds
Iteration 37:	0.0008268356 seconds	0.0000000000 seconds
Iteration 38:	0.0008659363 seconds	0.0000000000 seconds
Iteration 38:	0.0007638931 seconds	0.0000000000 seconds
Iteration 38:	0.0008769035 seconds	0.0000000000 seconds
Iteration 38:	0.0008740425 seconds	0.0000009537 seconds
Iteration 38:	0.0008740425 seconds	0.0000000000 seconds
Iteration 39:	0.0007469654 seconds	0.0000009537 seconds
Iteration 39:	0.0007610321 seconds	0.0000000000 seconds
Iteration 39:	0.0007200241 seconds	0.0000000000 seconds
Iteration 39:	0.0007469654 seconds	0.0000000000 seconds
Iteration 39:	0.0006909370 seconds	0.0000000000 seconds
Iteration 40:	0.0006859303 seconds	0.0000000000 seconds
Iteration 40:	0.0007421970 seconds	0.0000000000 seconds
Iteration 40:	0.0007319450 seconds	0.0000000000 seconds
Iteration 40:	0.0007112026 seconds	0.0000000000 seconds
Iteration 40:	0.0007429123 seconds	0.0000000000 seconds
Iteration 41:	0.0007450581 seconds	0.0000000000 seconds
Iteration 41:	0.0007300377 seconds	0.0000000000 seconds
Iteration 41:	0.0007398129 seconds	0.0000000000 seconds
Iteration 41:	0.0008351803 seconds	0.0000000000 seconds
Iteration 41:	0.0008671284 seconds	0.0000000000 seconds
Iteration 42:	0.0007848740 seconds	0.0000000000 seconds
Iteration 42:	0.0008299351 seconds	0.0000000000 seconds
Iteration 42:	0.0008840561 seconds	0.0000009537 seconds
Iteration 42:	0.0008099079 seconds	0.0000000000 seconds
Iteration 42:	0.0008351803 seconds	0.0000000000 seconds
Iteration 43:	0.0007541180 seconds	0.0000000000 seconds
Iteration 43:	0.0007541180 seconds	0.0000000000 seconds
Iteration 43:	0.0007460117 seconds	0.0000000000 seconds
Iteration 43:	0.0008687973 seconds	0.0000000000 seconds
Iteration 43:	0.0007572174 seconds	0.0000000000 seconds
Iteration 44:	0.0008800030 seconds	0.0000000000 seconds
Iteration 44:	0.0009939671 seconds	0.0000000000 seconds
Iteration 44:	0.0009729862 seconds	0.0000000000 seconds
Iteration 44:	0.0009460449 seconds	0.0000000000 seconds
Iteration 44:	0.0009768009 seconds	0.0000000000 seconds
Iteration 45:	0.0009248257 seconds	0.0000000000 seconds
Iteration 45:	0.0008170605 seconds	0.0000009537 seconds
Iteration 45:	0.0009059906 seconds	0.0000000000 seconds
Iteration 45:	0.0009551048 seconds	0.0000000000 seconds
Iteration 45:	0.0009100437 seconds	0.0000000000 seconds
Iteration 46:	0.0007431507 seconds	0.0000000000 seconds
Iteration 46:	0.0008771420 seconds	0.0000009537 seconds
Iteration 46:	0.0008199215 seconds	0.0000009537 seconds
Iteration 46:	0.0008828640 seconds	0.0000000000 seconds
Iteration 46:	0.0007939339 seconds	0.0000000000 seconds
Iteration 47:	0.0006890297 seconds	0.0000000000 seconds
Iteration 47:	0.0007889271 seconds	0.0000000000 seconds
Iteration 47:	0.0008199215 seconds	0.0000000000 seconds
Iteration 47:	0.0007879734 seconds	0.0000000000 seconds
Iteration 47:	0.0007591248 seconds	0.0000000000 seconds
Iteration 48:	0.0008559227 seconds	0.0000000000 seconds
Iteration 48:	0.0008218288 seconds	0.0000000000 seconds
Iteration 48:	0.0008580685 seconds	0.0000000000 seconds
Iteration 48:	0.0008859634 seconds	0.0000000000 seconds
Iteration 48:	0.0008699894 seconds	0.0000000000 seconds
Iteration 49:	0.0007519722 seconds	0.0000011921 seconds
Iteration 49:	0.0007398129 seconds	0.0000000000 seconds
Iteration 49:	0.0009119511 seconds	0.0000000000 seconds
Iteration 49:	0.0008230209 seconds	0.0000000000 seconds
Iteration 49:	0.0008368492 seconds	0.0000000000 seconds
Iteration 50:	0.0007770061 seconds	0.0000000000 seconds
Iteration 50:	0.0007328987 seconds	0.0000000000 seconds
Iteration 50:	0.0006959438 seconds	0.0000000000 seconds
Iteration 50:	0.0007948875 seconds	0.0000000000 seconds
Iteration 50:	0.0008180141 seconds	0.0000000000 seconds
Iteration 51:	0.0007128716 seconds	0.0000000000 seconds
Iteration 51:	0.0008399487 seconds	0.0000000000 seconds
Iteration 51:	0.0007648468 seconds	0.0000000000 seconds
Iteration 51:	0.0008599758 seconds	0.0000011921 seconds
Iteration 51:	0.0007588863 seconds	0.0000000000 seconds
Iteration 52:	0.0007250309 seconds	0.0000009537 seconds
Iteration 52:	0.0008349419 seconds	0.0000011921 seconds
Iteration 52:	0.0009109974 seconds	0.0000000000 seconds
Iteration 52:	0.0008630753 seconds	0.0000000000 seconds
Iteration 52:	0.0008919239 seconds	0.0000000000 seconds
Iteration 53:	0.0007359982 seconds	0.0000000000 seconds
Iteration 53:	0.0008120537 seconds	0.0000000000 seconds
Iteration 53:	0.0008130074 seconds	0.0000000000 seconds
Iteration 53:	0.0007851124 seconds	0.0000000000 seconds
Iteration 53:	0.0007939339 seconds	0.0000000000 seconds
Iteration 54:	0.0007770061 seconds	0.0000000000 seconds
Iteration 54:	0.0008289814 seconds	0.0000000000 seconds
Iteration 54:	0.0007560253 seconds	0.0000000000 seconds
Iteration 54:	0.0007350445 seconds	0.0000000000 seconds
Iteration 54:	0.0007419586 seconds	0.0000000000 seconds
Iteration 55:	0.0007979870 seconds	0.0000009537 seconds
Iteration 55:	0.0007870197 seconds	0.0000000000 seconds
Iteration 55:	0.0008621216 seconds	0.0000000000 seconds
Iteration 55:	0.0008339882 seconds	0.0000000000 seconds
Iteration 55:	0.0008502007 seconds	0.0000000000 seconds
Iteration 56:	0.0008640289 seconds	0.0000000000 seconds
Iteration 56:	0.0008740425 seconds	0.0000000000 seconds
Iteration 56:	0.0009350777 seconds	0.0000009537 seconds
Iteration 56:	0.0009369850 seconds	0.0000000000 seconds
Iteration 56:	0.0008578300 seconds	0.0000000000 seconds
Iteration 57:	0.0008869171 seconds	0.0000000000 seconds
Iteration 57:	0.0009038448 seconds	0.0000000000 seconds
Iteration 57:	0.0009319782 seconds	0.0000000000 seconds
Iteration 57:	0.0008969307 seconds	0.0000000000 seconds
Iteration 57:	0.0008728504 seconds	0.0000011921 seconds
Iteration 58:	0.0008561611 seconds	0.0000000000 seconds
Iteration 58:	0.0008718967 seconds	0.0000000000 seconds
Iteration 58:	0.0009160042 seconds	0.0000000000 seconds
Iteration 58:	0.0008881092 seconds	0.0000000000 seconds
Iteration 58:	0.0008680820 seconds	0.0000000000 seconds
Iteration 59:	0.0006878376 seconds	0.0000000000 seconds
Iteration 59:	0.0007071495 seconds	0.0000000000 seconds
Iteration 59:	0.0008151531 seconds	0.0000000000 seconds
Iteration 59:	0.0007851124 seconds	0.0000000000 seconds
Iteration 59:	0.0007920265 seconds	0.0000000000 seconds
Total computation time was: 0.309658		Average frame time was: 0.005111		Average Particle interations per second were: 180324430.934587
