[ -1:000]                : Rank 1 is running on comet-27-01.sdsc.edu
[ -1:000]                : Rank 0 is running on comet-27-01.sdsc.edu
[  1:001] init_pprintf   : My dest: 2	My source: 0	My_num_part: 4080
[  0:001] init_pprintf   : My dest: 1	My source: 3	My_num_part: 4080
Initalizing particles linear on 0 to 4080
Initalizing particles linear on 4080 to 8160
[ -1:000]                : Rank 2 is running on comet-27-12.sdsc.edu
[  2:001] init_pprintf   : My dest: 3	My source: 1	My_num_part: 4080
[ -1:000]                : Rank 3 is running on comet-27-12.sdsc.edu
[  3:001] init_pprintf   : My dest: 0	My source: 2	My_num_part: 4080
Initalizing particles linear on 8160 to 12240
Initalizing particles linear on 12240 to 16320
Iteration 0:	0.2165250778 seconds	0.0000000000 seconds
Iteration 0:	0.2166650295 seconds	0.0000000000 seconds
Iteration 0:	0.1728870869 seconds	0.0000000000 seconds
Iteration 0:	0.1727061272 seconds	0.0000000000 seconds
Iteration 1:	0.0679600239 seconds	0.0000000000 seconds
Iteration 1:	0.0679931641 seconds	0.0000000000 seconds
Iteration 1:	0.0680048466 seconds	0.0000011921 seconds
Iteration 1:	0.0679688454 seconds	0.0000000000 seconds
Iteration 2:	0.0729959011 seconds	0.0000000000 seconds
Iteration 2:	0.0730299950 seconds	0.0000000000 seconds
Iteration 2:	0.0730600357 seconds	0.0000000000 seconds
Iteration 2:	0.0730180740 seconds	0.0000000000 seconds
Iteration 3:	0.0681459904 seconds	0.0000000000 seconds
Iteration 3:	0.0681729317 seconds	0.0000000000 seconds
Iteration 3:	0.0681550503 seconds	0.0000000000 seconds
Iteration 3:	0.0682320595 seconds	0.0000000000 seconds
Iteration 4:	0.0732200146 seconds	0.0000000000 seconds
Iteration 4:	0.0733840466 seconds	0.0000000000 seconds
Iteration 4:	0.0734169483 seconds	0.0000000000 seconds
Iteration 4:	0.0733850002 seconds	0.0000000000 seconds
Iteration 5:	0.0684368610 seconds	0.0000000000 seconds
Iteration 5:	0.0752868652 seconds	0.0000000000 seconds
Iteration 5:	0.0752990246 seconds	0.0000000000 seconds
Iteration 5:	0.0752799511 seconds	0.0000000000 seconds
Iteration 6:	0.0800311565 seconds	0.0000000000 seconds
Iteration 6:	0.0730490685 seconds	0.0000000000 seconds
Iteration 6:	0.0730760098 seconds	0.0000000000 seconds
Iteration 6:	0.0730478764 seconds	0.0000000000 seconds
Iteration 7:	0.0679521561 seconds	0.0000000000 seconds
Iteration 7:	0.0679328442 seconds	0.0000009537 seconds
Iteration 7:	0.0680160522 seconds	0.0000000000 seconds
Iteration 7:	0.0679779053 seconds	0.0000000000 seconds
Iteration 8:	0.0729629993 seconds	0.0000000000 seconds
Iteration 8:	0.0730428696 seconds	0.0000000000 seconds
Iteration 8:	0.0730440617 seconds	0.0000000000 seconds
Iteration 8:	0.0730140209 seconds	0.0000000000 seconds
Iteration 9:	0.0680840015 seconds	0.0000000000 seconds
Iteration 9:	0.0681509972 seconds	0.0000000000 seconds
Iteration 9:	0.0681209564 seconds	0.0000000000 seconds
Iteration 9:	0.0681011677 seconds	0.0000000000 seconds
Iteration 10:	0.0730409622 seconds	0.0000000000 seconds
Iteration 10:	0.0730059147 seconds	0.0000000000 seconds
Iteration 10:	0.0730638504 seconds	0.0000000000 seconds
Iteration 10:	0.0730419159 seconds	0.0000009537 seconds
Iteration 11:	0.0680329800 seconds	0.0000000000 seconds
Iteration 11:	0.0680680275 seconds	0.0000000000 seconds
Iteration 11:	0.0680410862 seconds	0.0000000000 seconds
Iteration 11:	0.0680119991 seconds	0.0000000000 seconds
Iteration 12:	0.0731320381 seconds	0.0000000000 seconds
Iteration 12:	0.0731320381 seconds	0.0000000000 seconds
Iteration 12:	0.0731558800 seconds	0.0000000000 seconds
Iteration 12:	0.0731248856 seconds	0.0000000000 seconds
Iteration 13:	0.0679731369 seconds	0.0000009537 seconds
Iteration 13:	0.0680069923 seconds	0.0000000000 seconds
Iteration 13:	0.0679960251 seconds	0.0000000000 seconds
Iteration 13:	0.0679728985 seconds	0.0000000000 seconds
Iteration 14:	0.0729470253 seconds	0.0000000000 seconds
Iteration 14:	0.0730371475 seconds	0.0000000000 seconds
Iteration 14:	0.0730631351 seconds	0.0000000000 seconds
Iteration 14:	0.0730330944 seconds	0.0000000000 seconds
Iteration 15:	0.0680680275 seconds	0.0000000000 seconds
Iteration 15:	0.0679559708 seconds	0.0000009537 seconds
Iteration 15:	0.0679781437 seconds	0.0000000000 seconds
Iteration 15:	0.0679571629 seconds	0.0000000000 seconds
Iteration 16:	0.0730071068 seconds	0.0000000000 seconds
Iteration 16:	0.0731430054 seconds	0.0000000000 seconds
Iteration 16:	0.0731379986 seconds	0.0000000000 seconds
Iteration 16:	0.0731110573 seconds	0.0000000000 seconds
Iteration 17:	0.0680289268 seconds	0.0000000000 seconds
Iteration 17:	0.0680589676 seconds	0.0000000000 seconds
Iteration 17:	0.0680339336 seconds	0.0000000000 seconds
Iteration 17:	0.0681529045 seconds	0.0000000000 seconds
Iteration 18:	0.0729961395 seconds	0.0000000000 seconds
Iteration 18:	0.0729930401 seconds	0.0000000000 seconds
Iteration 18:	0.0729920864 seconds	0.0000000000 seconds
Iteration 18:	0.0730438232 seconds	0.0000000000 seconds
Iteration 19:	0.0679829121 seconds	0.0000000000 seconds
Iteration 19:	0.0679750443 seconds	0.0000000000 seconds
Iteration 19:	0.0679888725 seconds	0.0000000000 seconds
Iteration 19:	0.0680189133 seconds	0.0000000000 seconds
Iteration 20:	0.0731370449 seconds	0.0000000000 seconds
Iteration 20:	0.0731689930 seconds	0.0000000000 seconds
Iteration 20:	0.0731949806 seconds	0.0000000000 seconds
Iteration 20:	0.0731620789 seconds	0.0000000000 seconds
Iteration 21:	0.0679810047 seconds	0.0000000000 seconds
Iteration 21:	0.0679581165 seconds	0.0000000000 seconds
Iteration 21:	0.0679612160 seconds	0.0000000000 seconds
Iteration 21:	0.0680150986 seconds	0.0000000000 seconds
Iteration 22:	0.0731568336 seconds	0.0000000000 seconds
Iteration 22:	0.0731999874 seconds	0.0000000000 seconds
Iteration 22:	0.0732259750 seconds	0.0000000000 seconds
Iteration 22:	0.0732009411 seconds	0.0000000000 seconds
Iteration 23:	0.0680711269 seconds	0.0000000000 seconds
Iteration 23:	0.0681540966 seconds	0.0000000000 seconds
Iteration 23:	0.0681087971 seconds	0.0000000000 seconds
Iteration 23:	0.0680859089 seconds	0.0000000000 seconds
Iteration 24:	0.0730187893 seconds	0.0000000000 seconds
Iteration 24:	0.0730111599 seconds	0.0000000000 seconds
Iteration 24:	0.0730390549 seconds	0.0000000000 seconds
Iteration 24:	0.0730049610 seconds	0.0000000000 seconds
Iteration 25:	0.0680520535 seconds	0.0000000000 seconds
Iteration 25:	0.0680370331 seconds	0.0000000000 seconds
Iteration 25:	0.0680580139 seconds	0.0000000000 seconds
Iteration 25:	0.0680329800 seconds	0.0000000000 seconds
Iteration 26:	0.0730419159 seconds	0.0000000000 seconds
Iteration 26:	0.0730798244 seconds	0.0000000000 seconds
Iteration 26:	0.0730459690 seconds	0.0000000000 seconds
Iteration 26:	0.0730659962 seconds	0.0000000000 seconds
Iteration 27:	0.0679512024 seconds	0.0000000000 seconds
Iteration 27:	0.0679991245 seconds	0.0000009537 seconds
Iteration 27:	0.0679838657 seconds	0.0000000000 seconds
Iteration 27:	0.0679628849 seconds	0.0000000000 seconds
Iteration 28:	0.0730202198 seconds	0.0000000000 seconds
Iteration 28:	0.0730240345 seconds	0.0000000000 seconds
Iteration 28:	0.0730929375 seconds	0.0000000000 seconds
Iteration 28:	0.0730738640 seconds	0.0000009537 seconds
Iteration 29:	0.0678720474 seconds	0.0000000000 seconds
Iteration 29:	0.0678999424 seconds	0.0000000000 seconds
Iteration 29:	0.0678570271 seconds	0.0000000000 seconds
Iteration 29:	0.0678431988 seconds	0.0000000000 seconds
Iteration 30:	0.0729699135 seconds	0.0000000000 seconds
Iteration 30:	0.0729999542 seconds	0.0000000000 seconds
Iteration 30:	0.0729999542 seconds	0.0000000000 seconds
Iteration 30:	0.0729761124 seconds	0.0000000000 seconds
Iteration 31:	0.0680260658 seconds	0.0000000000 seconds
Iteration 31:	0.0680928230 seconds	0.0000000000 seconds
Iteration 31:	0.0680921078 seconds	0.0000000000 seconds
Iteration 31:	0.0680930614 seconds	0.0000000000 seconds
Iteration 32:	0.0729939938 seconds	0.0000000000 seconds
Iteration 32:	0.0730309486 seconds	0.0000000000 seconds
Iteration 32:	0.0731079578 seconds	0.0000000000 seconds
Iteration 32:	0.0730237961 seconds	0.0000000000 seconds
Iteration 33:	0.0679929256 seconds	0.0000000000 seconds
Iteration 33:	0.0679688454 seconds	0.0000011921 seconds
Iteration 33:	0.0680088997 seconds	0.0000000000 seconds
Iteration 33:	0.0679888725 seconds	0.0000000000 seconds
Iteration 34:	0.0730569363 seconds	0.0000000000 seconds
Iteration 34:	0.0731089115 seconds	0.0000000000 seconds
Iteration 34:	0.0731070042 seconds	0.0000000000 seconds
Iteration 34:	0.0731019974 seconds	0.0000000000 seconds
Total computation time was: 2.623880		Average frame time was: 0.074933		Average Particle interations per second were: 3554391876.113474
