[ -1:000]                : Rank 3 is running on comet-27-16.sdsc.edu
[ -1:000]                : Rank 5 is running on comet-27-16.sdsc.edu
[  5:001] init_pprintf   : My dest: 6	My source: 4	My_num_part: 40
[  3:001] init_pprintf   : My dest: 4	My source: 2	My_num_part: 40
[ -1:000]                : Rank 9 is running on comet-27-16.sdsc.edu
[  9:001] init_pprintf   : My dest: 10	My source: 8	My_num_part: 40
[ -1:000]                : Rank 11 is running on comet-27-16.sdsc.edu
[ 11:001] init_pprintf   : My dest: 0	My source: 10	My_num_part: 40
[ -1:000]                : Rank 1 is running on comet-27-16.sdsc.edu
[  1:001] init_pprintf   : My dest: 2	My source: 0	My_num_part: 40
[ -1:000]                : Rank 7 is running on comet-27-16.sdsc.edu
[  7:001] init_pprintf   : My dest: 8	My source: 6	My_num_part: 40
[ -1:000]                : Rank 2 is running on comet-27-16.sdsc.edu
[ -1:000]                : Rank 6 is running on comet-27-16.sdsc.edu
[ -1:000]                : Rank 4 is running on comet-27-16.sdsc.edu
[ -1:000]                : Rank 0 is running on comet-27-16.sdsc.edu
[  2:001] init_pprintf   : My dest: 3	My source: 1	My_num_part: 40
[  6:001] init_pprintf   : My dest: 7	My source: 5	My_num_part: 40
[  4:001] init_pprintf   : My dest: 5	My source: 3	My_num_part: 40
[ -1:000]                : Rank 8 is running on comet-27-16.sdsc.edu
[ -1:000]                : Rank 10 is running on comet-27-16.sdsc.edu
[  0:001] init_pprintf   : My dest: 1	My source: 11	My_num_part: 40
[  8:001] init_pprintf   : My dest: 9	My source: 7	My_num_part: 40
[ 10:001] init_pprintf   : My dest: 11	My source: 9	My_num_part: 40
Initalizing particles linear on 440 to 480
Initalizing particles linear on 360 to 400
Initalizing particles linear on 200 to 240
Initalizing particles linear on 120 to 160
Initalizing particles linear on 40 to 80
Initalizing particles linear on 280 to 320
Initalizing particles linear on 0 to 40
Initalizing particles linear on 80 to 120
Initalizing particles linear on 160 to 200
Initalizing particles linear on 240 to 280
Initalizing particles linear on 320 to 360
Initalizing particles linear on 400 to 440
Iteration 0:	0.0004000664 seconds	0.0000000000 seconds
Iteration 0:	0.0004000664 seconds	0.0000000000 seconds
Iteration 0:	0.0004010201 seconds	0.0000009537 seconds
Iteration 0:	0.0003268719 seconds	0.0000000000 seconds
Iteration 0:	0.0003910065 seconds	0.0000000000 seconds
Iteration 0:	0.0003938675 seconds	0.0000000000 seconds
Iteration 0:	0.0003280640 seconds	0.0000000000 seconds
Iteration 0:	0.0003290176 seconds	0.0000000000 seconds
Iteration 0:	0.0004010201 seconds	0.0000009537 seconds
Iteration 0:	0.0003278255 seconds	0.0000000000 seconds
Iteration 0:	0.0003299713 seconds	0.0000009537 seconds
Iteration 0:	0.0003299713 seconds	0.0000000000 seconds
Iteration 1:	0.0002729893 seconds	0.0000000000 seconds
Iteration 1:	0.0002729893 seconds	0.0000000000 seconds
Iteration 1:	0.0002598763 seconds	0.0000000000 seconds
Iteration 1:	0.0002591610 seconds	0.0000000000 seconds
Iteration 1:	0.0002560616 seconds	0.0000000000 seconds
Iteration 1:	0.0002570152 seconds	0.0000000000 seconds
Iteration 1:	0.0002660751 seconds	0.0000000000 seconds
Iteration 1:	0.0002589226 seconds	0.0000000000 seconds
Iteration 1:	0.0002670288 seconds	0.0000000000 seconds
Iteration 1:	0.0002610683 seconds	0.0000000000 seconds
Iteration 1:	0.0002620220 seconds	0.0000000000 seconds
Iteration 1:	0.0002679825 seconds	0.0000000000 seconds
Iteration 2:	0.0002782345 seconds	0.0000000000 seconds
Iteration 2:	0.0002760887 seconds	0.0000000000 seconds
Iteration 2:	0.0002779961 seconds	0.0000000000 seconds
Iteration 2:	0.0002751350 seconds	0.0000000000 seconds
Iteration 2:	0.0002760887 seconds	0.0000000000 seconds
Iteration 2:	0.0002810955 seconds	0.0000000000 seconds
Iteration 2:	0.0002751350 seconds	0.0000000000 seconds
Iteration 2:	0.0002760887 seconds	0.0000000000 seconds
Iteration 2:	0.0002770424 seconds	0.0000000000 seconds
Iteration 2:	0.0002810955 seconds	0.0000000000 seconds
Iteration 2:	0.0002911091 seconds	0.0000000000 seconds
Iteration 2:	0.0002880096 seconds	0.0000000000 seconds
Iteration 3:	0.0002589226 seconds	0.0000000000 seconds
Iteration 3:	0.0002570152 seconds	0.0000000000 seconds
Iteration 3:	0.0002620220 seconds	0.0000000000 seconds
Iteration 3:	0.0002632141 seconds	0.0000000000 seconds
Iteration 3:	0.0002610683 seconds	0.0000009537 seconds
Iteration 3:	0.0002570152 seconds	0.0000000000 seconds
Iteration 3:	0.0002620220 seconds	0.0000000000 seconds
Iteration 3:	0.0002660751 seconds	0.0000000000 seconds
Iteration 3:	0.0002660751 seconds	0.0000000000 seconds
Iteration 3:	0.0002648830 seconds	0.0000000000 seconds
Iteration 3:	0.0002639294 seconds	0.0000000000 seconds
Iteration 3:	0.0002670288 seconds	0.0000000000 seconds
Iteration 4:	0.0002739429 seconds	0.0000000000 seconds
Iteration 4:	0.0002779961 seconds	0.0000000000 seconds
Iteration 4:	0.0002789497 seconds	0.0000000000 seconds
Iteration 4:	0.0002820492 seconds	0.0000000000 seconds
Iteration 4:	0.0002789497 seconds	0.0000000000 seconds
Iteration 4:	0.0002820492 seconds	0.0000000000 seconds
Iteration 4:	0.0002770424 seconds	0.0000000000 seconds
Iteration 4:	0.0002830029 seconds	0.0000000000 seconds
Iteration 4:	0.0002808571 seconds	0.0000000000 seconds
Iteration 4:	0.0002760887 seconds	0.0000000000 seconds
Iteration 4:	0.0002779961 seconds	0.0000000000 seconds
Iteration 4:	0.0002820492 seconds	0.0000000000 seconds
Iteration 5:	0.0002648830 seconds	0.0000000000 seconds
Iteration 5:	0.0002548695 seconds	0.0000000000 seconds
Iteration 5:	0.0002641678 seconds	0.0000000000 seconds
Iteration 5:	0.0002651215 seconds	0.0000000000 seconds
Iteration 5:	0.0002641678 seconds	0.0000000000 seconds
Iteration 5:	0.0002620220 seconds	0.0000000000 seconds
Iteration 5:	0.0002670288 seconds	0.0000000000 seconds
Iteration 5:	0.0002698898 seconds	0.0000000000 seconds
Iteration 5:	0.0002670288 seconds	0.0000000000 seconds
Iteration 5:	0.0002670288 seconds	0.0000009537 seconds
Iteration 5:	0.0002739429 seconds	0.0000000000 seconds
Iteration 5:	0.0002701283 seconds	0.0000000000 seconds
Iteration 6:	0.0002691746 seconds	0.0000000000 seconds
Iteration 6:	0.0002710819 seconds	0.0000000000 seconds
Iteration 6:	0.0002689362 seconds	0.0000000000 seconds
Iteration 6:	0.0002748966 seconds	0.0000000000 seconds
Iteration 6:	0.0002739429 seconds	0.0000000000 seconds
Iteration 6:	0.0002708435 seconds	0.0000000000 seconds
Iteration 6:	0.0002770424 seconds	0.0000000000 seconds
Iteration 6:	0.0002758503 seconds	0.0000000000 seconds
Iteration 6:	0.0002789497 seconds	0.0000000000 seconds
Iteration 6:	0.0002748966 seconds	0.0000009537 seconds
Iteration 6:	0.0002789497 seconds	0.0000000000 seconds
Iteration 6:	0.0002739429 seconds	0.0000000000 seconds
Iteration 7:	0.0002520084 seconds	0.0000000000 seconds
Iteration 7:	0.0002539158 seconds	0.0000000000 seconds
Iteration 7:	0.0002510548 seconds	0.0000000000 seconds
Iteration 7:	0.0002541542 seconds	0.0000000000 seconds
Iteration 7:	0.0002520084 seconds	0.0000000000 seconds
Iteration 7:	0.0002598763 seconds	0.0000000000 seconds
Iteration 7:	0.0002529621 seconds	0.0000011921 seconds
Iteration 7:	0.0002539158 seconds	0.0000000000 seconds
Iteration 7:	0.0002579689 seconds	0.0000000000 seconds
Iteration 7:	0.0002598763 seconds	0.0000000000 seconds
Iteration 7:	0.0002610683 seconds	0.0000000000 seconds
Iteration 7:	0.0002591610 seconds	0.0000000000 seconds
Iteration 8:	0.0002689362 seconds	0.0000000000 seconds
Iteration 8:	0.0002658367 seconds	0.0000000000 seconds
Iteration 8:	0.0002682209 seconds	0.0000000000 seconds
Iteration 8:	0.0002682209 seconds	0.0000000000 seconds
Iteration 8:	0.0002701283 seconds	0.0000000000 seconds
Iteration 8:	0.0002691746 seconds	0.0000000000 seconds
Iteration 8:	0.0002710819 seconds	0.0000000000 seconds
Iteration 8:	0.0002732277 seconds	0.0000000000 seconds
Iteration 8:	0.0002720356 seconds	0.0000000000 seconds
Iteration 8:	0.0002720356 seconds	0.0000000000 seconds
Iteration 8:	0.0002729893 seconds	0.0000011921 seconds
Iteration 8:	0.0002710819 seconds	0.0000000000 seconds
Iteration 9:	0.0002520084 seconds	0.0000000000 seconds
Iteration 9:	0.0002520084 seconds	0.0000000000 seconds
Iteration 9:	0.0002520084 seconds	0.0000000000 seconds
Iteration 9:	0.0002520084 seconds	0.0000000000 seconds
Iteration 9:	0.0002551079 seconds	0.0000000000 seconds
Iteration 9:	0.0002491474 seconds	0.0000000000 seconds
Iteration 9:	0.0002589226 seconds	0.0000000000 seconds
Iteration 9:	0.0002510548 seconds	0.0000000000 seconds
Iteration 9:	0.0002501011 seconds	0.0000009537 seconds
Iteration 9:	0.0002529621 seconds	0.0000000000 seconds
Iteration 9:	0.0002591610 seconds	0.0000000000 seconds
Iteration 9:	0.0002601147 seconds	0.0000000000 seconds
Iteration 10:	0.0002689362 seconds	0.0000000000 seconds
Iteration 10:	0.0002701283 seconds	0.0000000000 seconds
Iteration 10:	0.0002729893 seconds	0.0000000000 seconds
Iteration 10:	0.0002770424 seconds	0.0000000000 seconds
Iteration 10:	0.0002760887 seconds	0.0000000000 seconds
Iteration 10:	0.0002799034 seconds	0.0000000000 seconds
Iteration 10:	0.0002770424 seconds	0.0000000000 seconds
Iteration 10:	0.0002729893 seconds	0.0000000000 seconds
Iteration 10:	0.0002770424 seconds	0.0000000000 seconds
Iteration 10:	0.0002799034 seconds	0.0000000000 seconds
Iteration 10:	0.0002729893 seconds	0.0000000000 seconds
Iteration 10:	0.0002770424 seconds	0.0000009537 seconds
Iteration 11:	0.0002510548 seconds	0.0000000000 seconds
Iteration 11:	0.0002548695 seconds	0.0000000000 seconds
Iteration 11:	0.0002520084 seconds	0.0000000000 seconds
Iteration 11:	0.0002579689 seconds	0.0000000000 seconds
Iteration 11:	0.0002591610 seconds	0.0000000000 seconds
Iteration 11:	0.0002639294 seconds	0.0000000000 seconds
Iteration 11:	0.0002648830 seconds	0.0000000000 seconds
Iteration 11:	0.0002629757 seconds	0.0000000000 seconds
Iteration 11:	0.0002529621 seconds	0.0000000000 seconds
Iteration 11:	0.0002591610 seconds	0.0000009537 seconds
Iteration 11:	0.0002610683 seconds	0.0000000000 seconds
Iteration 11:	0.0002579689 seconds	0.0000000000 seconds
Iteration 12:	0.0002660751 seconds	0.0000000000 seconds
Iteration 12:	0.0002739429 seconds	0.0000000000 seconds
Iteration 12:	0.0002698898 seconds	0.0000000000 seconds
Iteration 12:	0.0002708435 seconds	0.0000000000 seconds
Iteration 12:	0.0002679825 seconds	0.0000000000 seconds
Iteration 12:	0.0002689362 seconds	0.0000000000 seconds
Iteration 12:	0.0002698898 seconds	0.0000000000 seconds
Iteration 12:	0.0002720356 seconds	0.0000000000 seconds
Iteration 12:	0.0002670288 seconds	0.0000000000 seconds
Iteration 12:	0.0002729893 seconds	0.0000000000 seconds
Iteration 12:	0.0002729893 seconds	0.0000000000 seconds
Iteration 12:	0.0002660751 seconds	0.0000009537 seconds
Iteration 13:	0.0002529621 seconds	0.0000000000 seconds
Iteration 13:	0.0002501011 seconds	0.0000000000 seconds
Iteration 13:	0.0002520084 seconds	0.0000000000 seconds
Iteration 13:	0.0002489090 seconds	0.0000000000 seconds
Iteration 13:	0.0002510548 seconds	0.0000000000 seconds
Iteration 13:	0.0002558231 seconds	0.0000000000 seconds
Iteration 13:	0.0002510548 seconds	0.0000000000 seconds
Iteration 13:	0.0002539158 seconds	0.0000000000 seconds
Iteration 13:	0.0002548695 seconds	0.0000000000 seconds
Iteration 13:	0.0002551079 seconds	0.0000000000 seconds
Iteration 13:	0.0002610683 seconds	0.0000000000 seconds
Iteration 13:	0.0002548695 seconds	0.0000000000 seconds
Iteration 14:	0.0002670288 seconds	0.0000000000 seconds
Iteration 14:	0.0002679825 seconds	0.0000000000 seconds
Iteration 14:	0.0002679825 seconds	0.0000000000 seconds
Iteration 14:	0.0002760887 seconds	0.0000000000 seconds
Iteration 14:	0.0002758503 seconds	0.0000000000 seconds
Iteration 14:	0.0002720356 seconds	0.0000000000 seconds
Iteration 14:	0.0002679825 seconds	0.0000000000 seconds
Iteration 14:	0.0002698898 seconds	0.0000000000 seconds
Iteration 14:	0.0002739429 seconds	0.0000000000 seconds
Iteration 14:	0.0002768040 seconds	0.0000000000 seconds
Iteration 14:	0.0002779961 seconds	0.0000000000 seconds
Iteration 14:	0.0002758503 seconds	0.0000000000 seconds
Iteration 15:	0.0002489090 seconds	0.0000000000 seconds
Iteration 15:	0.0002498627 seconds	0.0000000000 seconds
Iteration 15:	0.0002520084 seconds	0.0000000000 seconds
Iteration 15:	0.0002520084 seconds	0.0000000000 seconds
Iteration 15:	0.0002489090 seconds	0.0000000000 seconds
Iteration 15:	0.0002529621 seconds	0.0000000000 seconds
Iteration 15:	0.0002541542 seconds	0.0000000000 seconds
Iteration 15:	0.0002529621 seconds	0.0000000000 seconds
Iteration 15:	0.0002551079 seconds	0.0000000000 seconds
Iteration 15:	0.0002589226 seconds	0.0000000000 seconds
Iteration 15:	0.0002589226 seconds	0.0000000000 seconds
Iteration 15:	0.0002608299 seconds	0.0000000000 seconds
Iteration 16:	0.0002660751 seconds	0.0000000000 seconds
Iteration 16:	0.0002701283 seconds	0.0000000000 seconds
Iteration 16:	0.0002698898 seconds	0.0000000000 seconds
Iteration 16:	0.0002710819 seconds	0.0000000000 seconds
Iteration 16:	0.0002670288 seconds	0.0000000000 seconds
Iteration 16:	0.0002720356 seconds	0.0000000000 seconds
Iteration 16:	0.0002689362 seconds	0.0000000000 seconds
Iteration 16:	0.0002689362 seconds	0.0000000000 seconds
Iteration 16:	0.0002670288 seconds	0.0000000000 seconds
Iteration 16:	0.0002698898 seconds	0.0000000000 seconds
Iteration 16:	0.0002720356 seconds	0.0000009537 seconds
Iteration 16:	0.0002710819 seconds	0.0000000000 seconds
Iteration 17:	0.0002501011 seconds	0.0000000000 seconds
Iteration 17:	0.0002601147 seconds	0.0000000000 seconds
Iteration 17:	0.0002479553 seconds	0.0000000000 seconds
Iteration 17:	0.0002579689 seconds	0.0000000000 seconds
Iteration 17:	0.0002570152 seconds	0.0000000000 seconds
Iteration 17:	0.0002551079 seconds	0.0000000000 seconds
Iteration 17:	0.0002591610 seconds	0.0000000000 seconds
Iteration 17:	0.0002579689 seconds	0.0000000000 seconds
Iteration 17:	0.0002558231 seconds	0.0000000000 seconds
Iteration 17:	0.0002579689 seconds	0.0000000000 seconds
Iteration 17:	0.0002589226 seconds	0.0000000000 seconds
Iteration 17:	0.0002670288 seconds	0.0000009537 seconds
Iteration 18:	0.0002667904 seconds	0.0000000000 seconds
Iteration 18:	0.0002698898 seconds	0.0000000000 seconds
Iteration 18:	0.0002701283 seconds	0.0000000000 seconds
Iteration 18:	0.0002670288 seconds	0.0000000000 seconds
Iteration 18:	0.0002689362 seconds	0.0000000000 seconds
Iteration 18:	0.0002701283 seconds	0.0000000000 seconds
Iteration 18:	0.0002701283 seconds	0.0000000000 seconds
Iteration 18:	0.0002691746 seconds	0.0000000000 seconds
Iteration 18:	0.0002720356 seconds	0.0000000000 seconds
Iteration 18:	0.0002729893 seconds	0.0000000000 seconds
Iteration 18:	0.0002729893 seconds	0.0000000000 seconds
Iteration 18:	0.0002670288 seconds	0.0000000000 seconds
Iteration 19:	0.0002491474 seconds	0.0000000000 seconds
Iteration 19:	0.0002491474 seconds	0.0000009537 seconds
Iteration 19:	0.0002510548 seconds	0.0000000000 seconds
Iteration 19:	0.0002529621 seconds	0.0000000000 seconds
Iteration 19:	0.0002560616 seconds	0.0000000000 seconds
Iteration 19:	0.0002570152 seconds	0.0000000000 seconds
Iteration 19:	0.0002520084 seconds	0.0000000000 seconds
Iteration 19:	0.0002570152 seconds	0.0000011921 seconds
Iteration 19:	0.0002560616 seconds	0.0000009537 seconds
Iteration 19:	0.0002579689 seconds	0.0000000000 seconds
Iteration 19:	0.0002598763 seconds	0.0000000000 seconds
Iteration 19:	0.0002551079 seconds	0.0000000000 seconds
Iteration 20:	0.0002679825 seconds	0.0000000000 seconds
Iteration 20:	0.0002729893 seconds	0.0000009537 seconds
Iteration 20:	0.0002660751 seconds	0.0000000000 seconds
Iteration 20:	0.0002679825 seconds	0.0000000000 seconds
Iteration 20:	0.0002689362 seconds	0.0000000000 seconds
Iteration 20:	0.0002698898 seconds	0.0000000000 seconds
Iteration 20:	0.0002698898 seconds	0.0000000000 seconds
Iteration 20:	0.0002708435 seconds	0.0000000000 seconds
Iteration 20:	0.0002658367 seconds	0.0000000000 seconds
Iteration 20:	0.0002739429 seconds	0.0000000000 seconds
Iteration 20:	0.0002717972 seconds	0.0000000000 seconds
Iteration 20:	0.0002658367 seconds	0.0000000000 seconds
Iteration 21:	0.0002491474 seconds	0.0000000000 seconds
Iteration 21:	0.0002541542 seconds	0.0000000000 seconds
Iteration 21:	0.0002501011 seconds	0.0000000000 seconds
Iteration 21:	0.0002520084 seconds	0.0000000000 seconds
Iteration 21:	0.0002539158 seconds	0.0000000000 seconds
Iteration 21:	0.0002570152 seconds	0.0000000000 seconds
Iteration 21:	0.0002579689 seconds	0.0000000000 seconds
Iteration 21:	0.0002598763 seconds	0.0000000000 seconds
Iteration 21:	0.0002610683 seconds	0.0000009537 seconds
Iteration 21:	0.0002608299 seconds	0.0000000000 seconds
Iteration 21:	0.0002589226 seconds	0.0000000000 seconds
Iteration 21:	0.0002570152 seconds	0.0000000000 seconds
Iteration 22:	0.0002660751 seconds	0.0000000000 seconds
Iteration 22:	0.0002751350 seconds	0.0000000000 seconds
Iteration 22:	0.0002689362 seconds	0.0000000000 seconds
Iteration 22:	0.0002748966 seconds	0.0000000000 seconds
Iteration 22:	0.0002739429 seconds	0.0000000000 seconds
Iteration 22:	0.0002679825 seconds	0.0000000000 seconds
Iteration 22:	0.0002689362 seconds	0.0000000000 seconds
Iteration 22:	0.0002698898 seconds	0.0000000000 seconds
Iteration 22:	0.0002720356 seconds	0.0000000000 seconds
Iteration 22:	0.0002729893 seconds	0.0000000000 seconds
Iteration 22:	0.0002708435 seconds	0.0000000000 seconds
Iteration 22:	0.0002739429 seconds	0.0000000000 seconds
Iteration 23:	0.0002510548 seconds	0.0000000000 seconds
Iteration 23:	0.0002498627 seconds	0.0000000000 seconds
Iteration 23:	0.0002539158 seconds	0.0000000000 seconds
Iteration 23:	0.0002541542 seconds	0.0000000000 seconds
Iteration 23:	0.0002548695 seconds	0.0000000000 seconds
Iteration 23:	0.0002498627 seconds	0.0000000000 seconds
Iteration 23:	0.0002508163 seconds	0.0000000000 seconds
Iteration 23:	0.0002510548 seconds	0.0000000000 seconds
Iteration 23:	0.0002529621 seconds	0.0000000000 seconds
Iteration 23:	0.0002579689 seconds	0.0000000000 seconds
Iteration 23:	0.0002589226 seconds	0.0000000000 seconds
Iteration 23:	0.0002570152 seconds	0.0000000000 seconds
Iteration 24:	0.0002660751 seconds	0.0000000000 seconds
Iteration 24:	0.0002698898 seconds	0.0000000000 seconds
Iteration 24:	0.0002660751 seconds	0.0000000000 seconds
Iteration 24:	0.0002670288 seconds	0.0000000000 seconds
Iteration 24:	0.0002679825 seconds	0.0000000000 seconds
Iteration 24:	0.0002698898 seconds	0.0000000000 seconds
Iteration 24:	0.0002698898 seconds	0.0000000000 seconds
Iteration 24:	0.0002679825 seconds	0.0000000000 seconds
Iteration 24:	0.0002720356 seconds	0.0000000000 seconds
Iteration 24:	0.0002739429 seconds	0.0000000000 seconds
Iteration 24:	0.0002689362 seconds	0.0000000000 seconds
Iteration 24:	0.0002729893 seconds	0.0000000000 seconds
Iteration 25:	0.0002551079 seconds	0.0000000000 seconds
Iteration 25:	0.0002529621 seconds	0.0000000000 seconds
Iteration 25:	0.0002589226 seconds	0.0000000000 seconds
Iteration 25:	0.0002570152 seconds	0.0000000000 seconds
Iteration 25:	0.0002548695 seconds	0.0000000000 seconds
Iteration 25:	0.0002548695 seconds	0.0000000000 seconds
Iteration 25:	0.0002620220 seconds	0.0000000000 seconds
Iteration 25:	0.0002529621 seconds	0.0000009537 seconds
Iteration 25:	0.0002510548 seconds	0.0000000000 seconds
Iteration 25:	0.0002520084 seconds	0.0000000000 seconds
Iteration 25:	0.0002591610 seconds	0.0000009537 seconds
Iteration 25:	0.0002610683 seconds	0.0000000000 seconds
Iteration 26:	0.0002660751 seconds	0.0000000000 seconds
Iteration 26:	0.0002670288 seconds	0.0000000000 seconds
Iteration 26:	0.0002701283 seconds	0.0000000000 seconds
Iteration 26:	0.0002729893 seconds	0.0000000000 seconds
Iteration 26:	0.0002729893 seconds	0.0000000000 seconds
Iteration 26:	0.0002720356 seconds	0.0000009537 seconds
Iteration 26:	0.0002698898 seconds	0.0000000000 seconds
Iteration 26:	0.0002748966 seconds	0.0000000000 seconds
Iteration 26:	0.0002729893 seconds	0.0000000000 seconds
Iteration 26:	0.0002698898 seconds	0.0000000000 seconds
Iteration 26:	0.0002698898 seconds	0.0000000000 seconds
Iteration 26:	0.0002739429 seconds	0.0000000000 seconds
Iteration 27:	0.0002470016 seconds	0.0000000000 seconds
Iteration 27:	0.0002460480 seconds	0.0000000000 seconds
Iteration 27:	0.0002489090 seconds	0.0000000000 seconds
Iteration 27:	0.0002489090 seconds	0.0000000000 seconds
Iteration 27:	0.0002520084 seconds	0.0000000000 seconds
Iteration 27:	0.0002539158 seconds	0.0000000000 seconds
Iteration 27:	0.0002529621 seconds	0.0000000000 seconds
Iteration 27:	0.0002560616 seconds	0.0000000000 seconds
Iteration 27:	0.0002570152 seconds	0.0000000000 seconds
Iteration 27:	0.0002620220 seconds	0.0000000000 seconds
Iteration 27:	0.0002598763 seconds	0.0000000000 seconds
Iteration 27:	0.0002598763 seconds	0.0000000000 seconds
Iteration 28:	0.0002670288 seconds	0.0000000000 seconds
Iteration 28:	0.0002751350 seconds	0.0000000000 seconds
Iteration 28:	0.0002679825 seconds	0.0000000000 seconds
Iteration 28:	0.0002760887 seconds	0.0000000000 seconds
Iteration 28:	0.0002701283 seconds	0.0000000000 seconds
Iteration 28:	0.0002660751 seconds	0.0000009537 seconds
Iteration 28:	0.0002701283 seconds	0.0000000000 seconds
Iteration 28:	0.0002651215 seconds	0.0000000000 seconds
Iteration 28:	0.0002748966 seconds	0.0000000000 seconds
Iteration 28:	0.0002739429 seconds	0.0000000000 seconds
Iteration 28:	0.0002748966 seconds	0.0000000000 seconds
Iteration 28:	0.0002739429 seconds	0.0000000000 seconds
Iteration 29:	0.0002510548 seconds	0.0000000000 seconds
Iteration 29:	0.0002520084 seconds	0.0000000000 seconds
Iteration 29:	0.0002510548 seconds	0.0000000000 seconds
Iteration 29:	0.0002520084 seconds	0.0000000000 seconds
Iteration 29:	0.0002541542 seconds	0.0000000000 seconds
Iteration 29:	0.0002560616 seconds	0.0000000000 seconds
Iteration 29:	0.0002520084 seconds	0.0000000000 seconds
Iteration 29:	0.0002620220 seconds	0.0000000000 seconds
Iteration 29:	0.0002579689 seconds	0.0000009537 seconds
Iteration 29:	0.0002579689 seconds	0.0000000000 seconds
Iteration 29:	0.0002570152 seconds	0.0000000000 seconds
Iteration 29:	0.0002560616 seconds	0.0000000000 seconds
Iteration 30:	0.0002689362 seconds	0.0000000000 seconds
Iteration 30:	0.0002779961 seconds	0.0000000000 seconds
Iteration 30:	0.0002779961 seconds	0.0000000000 seconds
Iteration 30:	0.0002698898 seconds	0.0000000000 seconds
Iteration 30:	0.0002720356 seconds	0.0000000000 seconds
Iteration 30:	0.0002770424 seconds	0.0000000000 seconds
Iteration 30:	0.0002748966 seconds	0.0000011921 seconds
Iteration 30:	0.0002689362 seconds	0.0000000000 seconds
Iteration 30:	0.0002698898 seconds	0.0000000000 seconds
Iteration 30:	0.0002710819 seconds	0.0000000000 seconds
Iteration 30:	0.0002810955 seconds	0.0000000000 seconds
Iteration 30:	0.0002679825 seconds	0.0000000000 seconds
Iteration 31:	0.0002460480 seconds	0.0000000000 seconds
Iteration 31:	0.0002460480 seconds	0.0000000000 seconds
Iteration 31:	0.0002529621 seconds	0.0000000000 seconds
Iteration 31:	0.0002548695 seconds	0.0000000000 seconds
Iteration 31:	0.0002560616 seconds	0.0000000000 seconds
Iteration 31:	0.0002541542 seconds	0.0000000000 seconds
Iteration 31:	0.0002541542 seconds	0.0000000000 seconds
Iteration 31:	0.0002541542 seconds	0.0000000000 seconds
Iteration 31:	0.0002529621 seconds	0.0000000000 seconds
Iteration 31:	0.0002548695 seconds	0.0000000000 seconds
Iteration 31:	0.0002570152 seconds	0.0000000000 seconds
Iteration 31:	0.0002589226 seconds	0.0000000000 seconds
Iteration 32:	0.0002701283 seconds	0.0000009537 seconds
Iteration 32:	0.0002729893 seconds	0.0000000000 seconds
Iteration 32:	0.0002748966 seconds	0.0000000000 seconds
Iteration 32:	0.0002679825 seconds	0.0000000000 seconds
Iteration 32:	0.0002670288 seconds	0.0000000000 seconds
Iteration 32:	0.0002760887 seconds	0.0000000000 seconds
Iteration 32:	0.0002698898 seconds	0.0000000000 seconds
Iteration 32:	0.0002748966 seconds	0.0000000000 seconds
Iteration 32:	0.0002679825 seconds	0.0000000000 seconds
Iteration 32:	0.0002710819 seconds	0.0000000000 seconds
Iteration 32:	0.0002720356 seconds	0.0000000000 seconds
Iteration 32:	0.0002720356 seconds	0.0000000000 seconds
Iteration 33:	0.0002579689 seconds	0.0000000000 seconds
Iteration 33:	0.0002570152 seconds	0.0000000000 seconds
Iteration 33:	0.0002548695 seconds	0.0000000000 seconds
Iteration 33:	0.0002548695 seconds	0.0000000000 seconds
Iteration 33:	0.0002558231 seconds	0.0000000000 seconds
Iteration 33:	0.0002560616 seconds	0.0000000000 seconds
Iteration 33:	0.0002489090 seconds	0.0000000000 seconds
Iteration 33:	0.0002529621 seconds	0.0000000000 seconds
Iteration 33:	0.0002567768 seconds	0.0000000000 seconds
Iteration 33:	0.0002608299 seconds	0.0000000000 seconds
Iteration 33:	0.0002610683 seconds	0.0000000000 seconds
Iteration 33:	0.0002591610 seconds	0.0000009537 seconds
Iteration 34:	0.0002691746 seconds	0.0000000000 seconds
Iteration 34:	0.0002720356 seconds	0.0000000000 seconds
Iteration 34:	0.0002729893 seconds	0.0000000000 seconds
Iteration 34:	0.0002679825 seconds	0.0000000000 seconds
Iteration 34:	0.0002710819 seconds	0.0000000000 seconds
Iteration 34:	0.0002691746 seconds	0.0000000000 seconds
Iteration 34:	0.0002691746 seconds	0.0000000000 seconds
Iteration 34:	0.0002710819 seconds	0.0000000000 seconds
Iteration 34:	0.0002670288 seconds	0.0000000000 seconds
Iteration 34:	0.0002679825 seconds	0.0000000000 seconds
Iteration 34:	0.0002660751 seconds	0.0000000000 seconds
Iteration 34:	0.0002660751 seconds	0.0000000000 seconds
Iteration 35:	0.0002532005 seconds	0.0000000000 seconds
Iteration 35:	0.0002579689 seconds	0.0000000000 seconds
Iteration 35:	0.0002520084 seconds	0.0000000000 seconds
Iteration 35:	0.0002539158 seconds	0.0000011921 seconds
Iteration 35:	0.0002560616 seconds	0.0000000000 seconds
Iteration 35:	0.0002560616 seconds	0.0000000000 seconds
Iteration 35:	0.0002539158 seconds	0.0000000000 seconds
Iteration 35:	0.0002510548 seconds	0.0000009537 seconds
Iteration 35:	0.0002560616 seconds	0.0000000000 seconds
Iteration 35:	0.0002560616 seconds	0.0000000000 seconds
Iteration 35:	0.0002508163 seconds	0.0000000000 seconds
Iteration 35:	0.0002608299 seconds	0.0000000000 seconds
Iteration 36:	0.0002689362 seconds	0.0000000000 seconds
Iteration 36:	0.0002717972 seconds	0.0000000000 seconds
Iteration 36:	0.0002689362 seconds	0.0000000000 seconds
Iteration 36:	0.0002691746 seconds	0.0000000000 seconds
Iteration 36:	0.0002751350 seconds	0.0000000000 seconds
Iteration 36:	0.0002689362 seconds	0.0000000000 seconds
Iteration 36:	0.0002689362 seconds	0.0000000000 seconds
Iteration 36:	0.0002679825 seconds	0.0000000000 seconds
Iteration 36:	0.0002710819 seconds	0.0000000000 seconds
Iteration 36:	0.0002710819 seconds	0.0000000000 seconds
Iteration 36:	0.0002751350 seconds	0.0000000000 seconds
Iteration 36:	0.0002720356 seconds	0.0000000000 seconds
Iteration 37:	0.0002470016 seconds	0.0000000000 seconds
Iteration 37:	0.0002489090 seconds	0.0000000000 seconds
Iteration 37:	0.0002539158 seconds	0.0000000000 seconds
Iteration 37:	0.0002560616 seconds	0.0000000000 seconds
Iteration 37:	0.0002591610 seconds	0.0000000000 seconds
Iteration 37:	0.0002582073 seconds	0.0000000000 seconds
Iteration 37:	0.0002579689 seconds	0.0000000000 seconds
Iteration 37:	0.0002591610 seconds	0.0000000000 seconds
Iteration 37:	0.0002560616 seconds	0.0000000000 seconds
Iteration 37:	0.0002598763 seconds	0.0000000000 seconds
Iteration 37:	0.0002560616 seconds	0.0000000000 seconds
Iteration 37:	0.0002532005 seconds	0.0000000000 seconds
Iteration 38:	0.0002751350 seconds	0.0000000000 seconds
Iteration 38:	0.0002779961 seconds	0.0000000000 seconds
Iteration 38:	0.0002799034 seconds	0.0000000000 seconds
Iteration 38:	0.0002720356 seconds	0.0000000000 seconds
Iteration 38:	0.0002720356 seconds	0.0000000000 seconds
Iteration 38:	0.0002660751 seconds	0.0000009537 seconds
Iteration 38:	0.0002748966 seconds	0.0000000000 seconds
Iteration 38:	0.0002748966 seconds	0.0000000000 seconds
Iteration 38:	0.0002729893 seconds	0.0000000000 seconds
Iteration 38:	0.0002698898 seconds	0.0000000000 seconds
Iteration 38:	0.0002768040 seconds	0.0000000000 seconds
Iteration 38:	0.0002818108 seconds	0.0000000000 seconds
Iteration 39:	0.0002470016 seconds	0.0000000000 seconds
Iteration 39:	0.0002529621 seconds	0.0000009537 seconds
Iteration 39:	0.0002558231 seconds	0.0000000000 seconds
Iteration 39:	0.0002558231 seconds	0.0000000000 seconds
Iteration 39:	0.0002541542 seconds	0.0000000000 seconds
Iteration 39:	0.0002520084 seconds	0.0000000000 seconds
Iteration 39:	0.0002520084 seconds	0.0000000000 seconds
Iteration 39:	0.0002560616 seconds	0.0000000000 seconds
Iteration 39:	0.0002548695 seconds	0.0000000000 seconds
Iteration 39:	0.0002570152 seconds	0.0000000000 seconds
Iteration 39:	0.0002598763 seconds	0.0000000000 seconds
Iteration 39:	0.0002558231 seconds	0.0000000000 seconds
Iteration 40:	0.0002729893 seconds	0.0000000000 seconds
Iteration 40:	0.0002729893 seconds	0.0000000000 seconds
Iteration 40:	0.0002710819 seconds	0.0000000000 seconds
Iteration 40:	0.0002770424 seconds	0.0000000000 seconds
Iteration 40:	0.0002779961 seconds	0.0000000000 seconds
Iteration 40:	0.0002760887 seconds	0.0000000000 seconds
Iteration 40:	0.0002720356 seconds	0.0000000000 seconds
Iteration 40:	0.0002770424 seconds	0.0000000000 seconds
Iteration 40:	0.0002720356 seconds	0.0000000000 seconds
Iteration 40:	0.0002701283 seconds	0.0000000000 seconds
Iteration 40:	0.0002710819 seconds	0.0000000000 seconds
Iteration 40:	0.0002770424 seconds	0.0000000000 seconds
Iteration 41:	0.0002560616 seconds	0.0000000000 seconds
Iteration 41:	0.0002520084 seconds	0.0000000000 seconds
Iteration 41:	0.0002591610 seconds	0.0000000000 seconds
Iteration 41:	0.0002532005 seconds	0.0000000000 seconds
Iteration 41:	0.0002510548 seconds	0.0000000000 seconds
Iteration 41:	0.0002539158 seconds	0.0000000000 seconds
Iteration 41:	0.0002570152 seconds	0.0000000000 seconds
Iteration 41:	0.0002589226 seconds	0.0000000000 seconds
Iteration 41:	0.0002570152 seconds	0.0000000000 seconds
Iteration 41:	0.0002539158 seconds	0.0000000000 seconds
Iteration 41:	0.0002560616 seconds	0.0000000000 seconds
Iteration 41:	0.0002629757 seconds	0.0000000000 seconds
Iteration 42:	0.0002648830 seconds	0.0000000000 seconds
Iteration 42:	0.0002710819 seconds	0.0000000000 seconds
Iteration 42:	0.0002729893 seconds	0.0000000000 seconds
Iteration 42:	0.0002698898 seconds	0.0000000000 seconds
Iteration 42:	0.0002698898 seconds	0.0000000000 seconds
Iteration 42:	0.0002729893 seconds	0.0000000000 seconds
Iteration 42:	0.0002698898 seconds	0.0000000000 seconds
Iteration 42:	0.0002667904 seconds	0.0000000000 seconds
Iteration 42:	0.0002689362 seconds	0.0000000000 seconds
Iteration 42:	0.0002710819 seconds	0.0000000000 seconds
Iteration 42:	0.0002679825 seconds	0.0000000000 seconds
Iteration 42:	0.0002717972 seconds	0.0000000000 seconds
Iteration 43:	0.0002560616 seconds	0.0000000000 seconds
Iteration 43:	0.0002551079 seconds	0.0000000000 seconds
Iteration 43:	0.0002520084 seconds	0.0000000000 seconds
Iteration 43:	0.0002510548 seconds	0.0000000000 seconds
Iteration 43:	0.0002551079 seconds	0.0000000000 seconds
Iteration 43:	0.0002529621 seconds	0.0000000000 seconds
Iteration 43:	0.0002520084 seconds	0.0000000000 seconds
Iteration 43:	0.0002551079 seconds	0.0000000000 seconds
Iteration 43:	0.0002551079 seconds	0.0000000000 seconds
Iteration 43:	0.0002529621 seconds	0.0000000000 seconds
Iteration 43:	0.0002639294 seconds	0.0000000000 seconds
Iteration 43:	0.0002589226 seconds	0.0000000000 seconds
Iteration 44:	0.0002708435 seconds	0.0000000000 seconds
Iteration 44:	0.0002679825 seconds	0.0000000000 seconds
Iteration 44:	0.0002729893 seconds	0.0000000000 seconds
Iteration 44:	0.0002741814 seconds	0.0000000000 seconds
Iteration 44:	0.0002701283 seconds	0.0000000000 seconds
Iteration 44:	0.0002670288 seconds	0.0000000000 seconds
Iteration 44:	0.0002739429 seconds	0.0000000000 seconds
Iteration 44:	0.0002710819 seconds	0.0000009537 seconds
Iteration 44:	0.0002691746 seconds	0.0000000000 seconds
Iteration 44:	0.0002679825 seconds	0.0000000000 seconds
Iteration 44:	0.0002720356 seconds	0.0000000000 seconds
Iteration 44:	0.0002691746 seconds	0.0000000000 seconds
Iteration 45:	0.0002498627 seconds	0.0000000000 seconds
Iteration 45:	0.0002517700 seconds	0.0000000000 seconds
Iteration 45:	0.0002560616 seconds	0.0000000000 seconds
Iteration 45:	0.0002529621 seconds	0.0000000000 seconds
Iteration 45:	0.0002470016 seconds	0.0000000000 seconds
Iteration 45:	0.0002501011 seconds	0.0000000000 seconds
Iteration 45:	0.0002529621 seconds	0.0000000000 seconds
Iteration 45:	0.0002541542 seconds	0.0000000000 seconds
Iteration 45:	0.0002560616 seconds	0.0000000000 seconds
Iteration 45:	0.0002529621 seconds	0.0000000000 seconds
Iteration 45:	0.0002520084 seconds	0.0000000000 seconds
Iteration 45:	0.0002570152 seconds	0.0000000000 seconds
Iteration 46:	0.0002648830 seconds	0.0000000000 seconds
Iteration 46:	0.0002720356 seconds	0.0000000000 seconds
Iteration 46:	0.0002691746 seconds	0.0000000000 seconds
Iteration 46:	0.0002670288 seconds	0.0000000000 seconds
Iteration 46:	0.0002710819 seconds	0.0000000000 seconds
Iteration 46:	0.0002710819 seconds	0.0000000000 seconds
Iteration 46:	0.0002741814 seconds	0.0000000000 seconds
Iteration 46:	0.0002720356 seconds	0.0000000000 seconds
Iteration 46:	0.0002670288 seconds	0.0000000000 seconds
Iteration 46:	0.0002729893 seconds	0.0000000000 seconds
Iteration 46:	0.0002701283 seconds	0.0000000000 seconds
Iteration 46:	0.0002682209 seconds	0.0000000000 seconds
Iteration 47:	0.0002539158 seconds	0.0000000000 seconds
Iteration 47:	0.0002520084 seconds	0.0000000000 seconds
Iteration 47:	0.0002551079 seconds	0.0000000000 seconds
Iteration 47:	0.0002539158 seconds	0.0000000000 seconds
Iteration 47:	0.0002548695 seconds	0.0000000000 seconds
Iteration 47:	0.0002520084 seconds	0.0000000000 seconds
Iteration 47:	0.0002582073 seconds	0.0000000000 seconds
Iteration 47:	0.0002520084 seconds	0.0000000000 seconds
Iteration 47:	0.0002589226 seconds	0.0000000000 seconds
Iteration 47:	0.0002548695 seconds	0.0000000000 seconds
Iteration 47:	0.0002629757 seconds	0.0000000000 seconds
Iteration 47:	0.0002598763 seconds	0.0000000000 seconds
Iteration 48:	0.0002679825 seconds	0.0000000000 seconds
Iteration 48:	0.0002691746 seconds	0.0000000000 seconds
Iteration 48:	0.0002741814 seconds	0.0000000000 seconds
Iteration 48:	0.0002720356 seconds	0.0000000000 seconds
Iteration 48:	0.0002679825 seconds	0.0000000000 seconds
Iteration 48:	0.0002741814 seconds	0.0000000000 seconds
Iteration 48:	0.0002710819 seconds	0.0000000000 seconds
Iteration 48:	0.0002701283 seconds	0.0000000000 seconds
Iteration 48:	0.0002720356 seconds	0.0000009537 seconds
Iteration 48:	0.0002710819 seconds	0.0000000000 seconds
Iteration 48:	0.0002710819 seconds	0.0000000000 seconds
Iteration 48:	0.0002739429 seconds	0.0000000000 seconds
Iteration 49:	0.0002489090 seconds	0.0000000000 seconds
Iteration 49:	0.0002489090 seconds	0.0000000000 seconds
Iteration 49:	0.0002520084 seconds	0.0000000000 seconds
Iteration 49:	0.0002491474 seconds	0.0000000000 seconds
Iteration 49:	0.0002532005 seconds	0.0000000000 seconds
Iteration 49:	0.0002481937 seconds	0.0000000000 seconds
Iteration 49:	0.0002510548 seconds	0.0000000000 seconds
Iteration 49:	0.0002510548 seconds	0.0000000000 seconds
Iteration 49:	0.0002520084 seconds	0.0000000000 seconds
Iteration 49:	0.0002570152 seconds	0.0000000000 seconds
Iteration 49:	0.0002560616 seconds	0.0000000000 seconds
Iteration 49:	0.0002591610 seconds	0.0000000000 seconds
Iteration 50:	0.0002739429 seconds	0.0000000000 seconds
Iteration 50:	0.0002729893 seconds	0.0000000000 seconds
Iteration 50:	0.0002729893 seconds	0.0000000000 seconds
Iteration 50:	0.0002648830 seconds	0.0000000000 seconds
Iteration 50:	0.0002667904 seconds	0.0000000000 seconds
Iteration 50:	0.0002717972 seconds	0.0000000000 seconds
Iteration 50:	0.0002679825 seconds	0.0000000000 seconds
Iteration 50:	0.0002708435 seconds	0.0000000000 seconds
Iteration 50:	0.0002717972 seconds	0.0000000000 seconds
Iteration 50:	0.0002689362 seconds	0.0000000000 seconds
Iteration 50:	0.0002708435 seconds	0.0000000000 seconds
Iteration 50:	0.0002667904 seconds	0.0000000000 seconds
Iteration 51:	0.0002501011 seconds	0.0000000000 seconds
Iteration 51:	0.0002541542 seconds	0.0000000000 seconds
Iteration 51:	0.0002510548 seconds	0.0000000000 seconds
Iteration 51:	0.0002520084 seconds	0.0000000000 seconds
Iteration 51:	0.0002560616 seconds	0.0000000000 seconds
Iteration 51:	0.0002560616 seconds	0.0000000000 seconds
Iteration 51:	0.0002501011 seconds	0.0000000000 seconds
Iteration 51:	0.0002529621 seconds	0.0000000000 seconds
Iteration 51:	0.0002529621 seconds	0.0000000000 seconds
Iteration 51:	0.0002558231 seconds	0.0000000000 seconds
Iteration 51:	0.0002591610 seconds	0.0000000000 seconds
Iteration 51:	0.0002591610 seconds	0.0000000000 seconds
Iteration 52:	0.0002639294 seconds	0.0000000000 seconds
Iteration 52:	0.0002689362 seconds	0.0000000000 seconds
Iteration 52:	0.0002720356 seconds	0.0000000000 seconds
Iteration 52:	0.0002732277 seconds	0.0000000000 seconds
Iteration 52:	0.0002691746 seconds	0.0000000000 seconds
Iteration 52:	0.0002710819 seconds	0.0000000000 seconds
Iteration 52:	0.0002682209 seconds	0.0000000000 seconds
Iteration 52:	0.0002720356 seconds	0.0000000000 seconds
Iteration 52:	0.0002682209 seconds	0.0000000000 seconds
Iteration 52:	0.0002701283 seconds	0.0000000000 seconds
Iteration 52:	0.0002691746 seconds	0.0000000000 seconds
Iteration 52:	0.0002720356 seconds	0.0000000000 seconds
Iteration 53:	0.0002498627 seconds	0.0000000000 seconds
Iteration 53:	0.0002498627 seconds	0.0000000000 seconds
Iteration 53:	0.0002529621 seconds	0.0000000000 seconds
Iteration 53:	0.0002489090 seconds	0.0000000000 seconds
Iteration 53:	0.0002539158 seconds	0.0000000000 seconds
Iteration 53:	0.0002520084 seconds	0.0000000000 seconds
Iteration 53:	0.0002508163 seconds	0.0000000000 seconds
Iteration 53:	0.0002529621 seconds	0.0000000000 seconds
Iteration 53:	0.0002529621 seconds	0.0000000000 seconds
Iteration 53:	0.0002520084 seconds	0.0000000000 seconds
Iteration 53:	0.0002539158 seconds	0.0000000000 seconds
Iteration 53:	0.0002589226 seconds	0.0000000000 seconds
Iteration 54:	0.0002651215 seconds	0.0000000000 seconds
Iteration 54:	0.0002701283 seconds	0.0000000000 seconds
Iteration 54:	0.0002670288 seconds	0.0000000000 seconds
Iteration 54:	0.0002739429 seconds	0.0000000000 seconds
Iteration 54:	0.0002748966 seconds	0.0000000000 seconds
Iteration 54:	0.0002679825 seconds	0.0000009537 seconds
Iteration 54:	0.0002679825 seconds	0.0000000000 seconds
Iteration 54:	0.0002698898 seconds	0.0000000000 seconds
Iteration 54:	0.0002689362 seconds	0.0000000000 seconds
Iteration 54:	0.0002729893 seconds	0.0000000000 seconds
Iteration 54:	0.0002770424 seconds	0.0000000000 seconds
Iteration 54:	0.0002760887 seconds	0.0000000000 seconds
Iteration 55:	0.0002548695 seconds	0.0000000000 seconds
Iteration 55:	0.0002489090 seconds	0.0000000000 seconds
Iteration 55:	0.0002520084 seconds	0.0000000000 seconds
Iteration 55:	0.0002541542 seconds	0.0000000000 seconds
Iteration 55:	0.0002529621 seconds	0.0000000000 seconds
Iteration 55:	0.0002551079 seconds	0.0000000000 seconds
Iteration 55:	0.0002510548 seconds	0.0000000000 seconds
Iteration 55:	0.0002510548 seconds	0.0000000000 seconds
Iteration 55:	0.0002541542 seconds	0.0000000000 seconds
Iteration 55:	0.0002579689 seconds	0.0000000000 seconds
Iteration 55:	0.0002598763 seconds	0.0000000000 seconds
Iteration 55:	0.0002508163 seconds	0.0000000000 seconds
Iteration 56:	0.0002689362 seconds	0.0000000000 seconds
Iteration 56:	0.0002760887 seconds	0.0000000000 seconds
Iteration 56:	0.0002689362 seconds	0.0000000000 seconds
Iteration 56:	0.0002710819 seconds	0.0000009537 seconds
Iteration 56:	0.0002710819 seconds	0.0000000000 seconds
Iteration 56:	0.0002660751 seconds	0.0000000000 seconds
Iteration 56:	0.0002760887 seconds	0.0000000000 seconds
Iteration 56:	0.0002710819 seconds	0.0000000000 seconds
Iteration 56:	0.0002729893 seconds	0.0000000000 seconds
Iteration 56:	0.0002770424 seconds	0.0000000000 seconds
Iteration 56:	0.0002710819 seconds	0.0000000000 seconds
Iteration 56:	0.0002729893 seconds	0.0000000000 seconds
Iteration 57:	0.0002532005 seconds	0.0000000000 seconds
Iteration 57:	0.0002520084 seconds	0.0000000000 seconds
Iteration 57:	0.0002481937 seconds	0.0000000000 seconds
Iteration 57:	0.0002570152 seconds	0.0000000000 seconds
Iteration 57:	0.0002541542 seconds	0.0000000000 seconds
Iteration 57:	0.0002579689 seconds	0.0000000000 seconds
Iteration 57:	0.0002570152 seconds	0.0000000000 seconds
Iteration 57:	0.0002570152 seconds	0.0000000000 seconds
Iteration 57:	0.0002629757 seconds	0.0000000000 seconds
Iteration 57:	0.0002558231 seconds	0.0000000000 seconds
Iteration 57:	0.0002560616 seconds	0.0000000000 seconds
Iteration 57:	0.0002591610 seconds	0.0000000000 seconds
Iteration 58:	0.0002682209 seconds	0.0000000000 seconds
Iteration 58:	0.0002670288 seconds	0.0000011921 seconds
Iteration 58:	0.0002710819 seconds	0.0000000000 seconds
Iteration 58:	0.0002670288 seconds	0.0000000000 seconds
Iteration 58:	0.0002710819 seconds	0.0000000000 seconds
Iteration 58:	0.0002720356 seconds	0.0000000000 seconds
Iteration 58:	0.0002720356 seconds	0.0000000000 seconds
Iteration 58:	0.0002739429 seconds	0.0000000000 seconds
Iteration 58:	0.0002760887 seconds	0.0000000000 seconds
Iteration 58:	0.0002729893 seconds	0.0000000000 seconds
Iteration 58:	0.0002689362 seconds	0.0000000000 seconds
Iteration 58:	0.0002679825 seconds	0.0000000000 seconds
Iteration 59:	0.0002510548 seconds	0.0000000000 seconds
Iteration 59:	0.0002510548 seconds	0.0000000000 seconds
Iteration 59:	0.0002489090 seconds	0.0000000000 seconds
Iteration 59:	0.0002498627 seconds	0.0000000000 seconds
Iteration 59:	0.0002517700 seconds	0.0000000000 seconds
Iteration 59:	0.0002551079 seconds	0.0000000000 seconds
Iteration 59:	0.0002579689 seconds	0.0000000000 seconds
Iteration 59:	0.0002520084 seconds	0.0000000000 seconds
Iteration 59:	0.0002579689 seconds	0.0000000000 seconds
Iteration 59:	0.0002570152 seconds	0.0000000000 seconds
Iteration 59:	0.0002520084 seconds	0.0000000000 seconds
Iteration 59:	0.0002579689 seconds	0.0000000000 seconds
Iteration 60:	0.0002651215 seconds	0.0000000000 seconds
Iteration 60:	0.0002660751 seconds	0.0000000000 seconds
Iteration 60:	0.0002648830 seconds	0.0000000000 seconds
Iteration 60:	0.0002729893 seconds	0.0000000000 seconds
Iteration 60:	0.0002708435 seconds	0.0000000000 seconds
Iteration 60:	0.0002720356 seconds	0.0000000000 seconds
Iteration 60:	0.0002739429 seconds	0.0000000000 seconds
Iteration 60:	0.0002708435 seconds	0.0000000000 seconds
Iteration 60:	0.0002748966 seconds	0.0000009537 seconds
Iteration 60:	0.0002708435 seconds	0.0000000000 seconds
Iteration 60:	0.0002679825 seconds	0.0000000000 seconds
Iteration 60:	0.0002708435 seconds	0.0000000000 seconds
Iteration 61:	0.0002510548 seconds	0.0000000000 seconds
Iteration 61:	0.0002498627 seconds	0.0000000000 seconds
Iteration 61:	0.0002520084 seconds	0.0000000000 seconds
Iteration 61:	0.0002529621 seconds	0.0000000000 seconds
Iteration 61:	0.0002489090 seconds	0.0000000000 seconds
Iteration 61:	0.0002508163 seconds	0.0000000000 seconds
Iteration 61:	0.0002498627 seconds	0.0000000000 seconds
Iteration 61:	0.0002560616 seconds	0.0000009537 seconds
Iteration 61:	0.0002510548 seconds	0.0000000000 seconds
Iteration 61:	0.0002551079 seconds	0.0000000000 seconds
Iteration 61:	0.0002579689 seconds	0.0000000000 seconds
Iteration 61:	0.0002579689 seconds	0.0000000000 seconds
Iteration 62:	0.0002698898 seconds	0.0000000000 seconds
Iteration 62:	0.0002698898 seconds	0.0000000000 seconds
Iteration 62:	0.0002679825 seconds	0.0000000000 seconds
Iteration 62:	0.0002720356 seconds	0.0000000000 seconds
Iteration 62:	0.0002698898 seconds	0.0000000000 seconds
Iteration 62:	0.0002710819 seconds	0.0000000000 seconds
Iteration 62:	0.0002729893 seconds	0.0000000000 seconds
Iteration 62:	0.0002679825 seconds	0.0000009537 seconds
Iteration 62:	0.0002739429 seconds	0.0000000000 seconds
Iteration 62:	0.0002689362 seconds	0.0000000000 seconds
Iteration 62:	0.0002679825 seconds	0.0000000000 seconds
Iteration 62:	0.0002748966 seconds	0.0000000000 seconds
Iteration 63:	0.0002498627 seconds	0.0000000000 seconds
Iteration 63:	0.0002479553 seconds	0.0000000000 seconds
Iteration 63:	0.0002541542 seconds	0.0000000000 seconds
Iteration 63:	0.0002529621 seconds	0.0000000000 seconds
Iteration 63:	0.0002539158 seconds	0.0000000000 seconds
Iteration 63:	0.0002560616 seconds	0.0000000000 seconds
Iteration 63:	0.0002551079 seconds	0.0000000000 seconds
Iteration 63:	0.0002520084 seconds	0.0000000000 seconds
Iteration 63:	0.0002539158 seconds	0.0000000000 seconds
Iteration 63:	0.0002579689 seconds	0.0000000000 seconds
Iteration 63:	0.0002551079 seconds	0.0000000000 seconds
Iteration 63:	0.0002591610 seconds	0.0000009537 seconds
Iteration 64:	0.0002648830 seconds	0.0000000000 seconds
Iteration 64:	0.0002648830 seconds	0.0000000000 seconds
Iteration 64:	0.0002708435 seconds	0.0000000000 seconds
Iteration 64:	0.0002717972 seconds	0.0000011921 seconds
Iteration 64:	0.0002729893 seconds	0.0000000000 seconds
Iteration 64:	0.0002679825 seconds	0.0000000000 seconds
Iteration 64:	0.0002739429 seconds	0.0000000000 seconds
Iteration 64:	0.0002708435 seconds	0.0000000000 seconds
Iteration 64:	0.0002708435 seconds	0.0000000000 seconds
Iteration 64:	0.0002748966 seconds	0.0000000000 seconds
Iteration 64:	0.0002658367 seconds	0.0000000000 seconds
Iteration 64:	0.0002689362 seconds	0.0000000000 seconds
Iteration 65:	0.0002489090 seconds	0.0000000000 seconds
Iteration 65:	0.0002508163 seconds	0.0000000000 seconds
Iteration 65:	0.0002532005 seconds	0.0000000000 seconds
Iteration 65:	0.0002529621 seconds	0.0000000000 seconds
Iteration 65:	0.0002520084 seconds	0.0000000000 seconds
Iteration 65:	0.0002570152 seconds	0.0000000000 seconds
Iteration 65:	0.0002539158 seconds	0.0000000000 seconds
Iteration 65:	0.0002529621 seconds	0.0000000000 seconds
Iteration 65:	0.0002567768 seconds	0.0000000000 seconds
Iteration 65:	0.0002610683 seconds	0.0000000000 seconds
Iteration 65:	0.0002639294 seconds	0.0000000000 seconds
Iteration 65:	0.0002560616 seconds	0.0000000000 seconds
Iteration 66:	0.0002639294 seconds	0.0000011921 seconds
Iteration 66:	0.0002748966 seconds	0.0000000000 seconds
Iteration 66:	0.0002732277 seconds	0.0000000000 seconds
Iteration 66:	0.0002691746 seconds	0.0000000000 seconds
Iteration 66:	0.0002741814 seconds	0.0000000000 seconds
Iteration 66:	0.0002720356 seconds	0.0000000000 seconds
Iteration 66:	0.0002710819 seconds	0.0000000000 seconds
Iteration 66:	0.0002729893 seconds	0.0000000000 seconds
Iteration 66:	0.0002751350 seconds	0.0000000000 seconds
Iteration 66:	0.0002691746 seconds	0.0000000000 seconds
Iteration 66:	0.0002729893 seconds	0.0000000000 seconds
Iteration 66:	0.0002760887 seconds	0.0000000000 seconds
Iteration 67:	0.0002481937 seconds	0.0000000000 seconds
Iteration 67:	0.0002501011 seconds	0.0000000000 seconds
Iteration 67:	0.0002551079 seconds	0.0000000000 seconds
Iteration 67:	0.0002548695 seconds	0.0000000000 seconds
Iteration 67:	0.0002579689 seconds	0.0000000000 seconds
Iteration 67:	0.0002539158 seconds	0.0000000000 seconds
Iteration 67:	0.0002541542 seconds	0.0000000000 seconds
Iteration 67:	0.0002579689 seconds	0.0000000000 seconds
Iteration 67:	0.0002570152 seconds	0.0000000000 seconds
Iteration 67:	0.0002560616 seconds	0.0000000000 seconds
Iteration 67:	0.0002639294 seconds	0.0000009537 seconds
Iteration 67:	0.0002608299 seconds	0.0000000000 seconds
Iteration 68:	0.0002651215 seconds	0.0000000000 seconds
Iteration 68:	0.0002648830 seconds	0.0000000000 seconds
Iteration 68:	0.0002679825 seconds	0.0000000000 seconds
Iteration 68:	0.0002710819 seconds	0.0000000000 seconds
Iteration 68:	0.0002708435 seconds	0.0000000000 seconds
Iteration 68:	0.0002679825 seconds	0.0000000000 seconds
Iteration 68:	0.0002698898 seconds	0.0000000000 seconds
Iteration 68:	0.0002720356 seconds	0.0000000000 seconds
Iteration 68:	0.0002658367 seconds	0.0000000000 seconds
Iteration 68:	0.0002698898 seconds	0.0000000000 seconds
Iteration 68:	0.0002679825 seconds	0.0000000000 seconds
Iteration 68:	0.0002708435 seconds	0.0000000000 seconds
Iteration 69:	0.0002520084 seconds	0.0000000000 seconds
Iteration 69:	0.0002501011 seconds	0.0000000000 seconds
Iteration 69:	0.0002529621 seconds	0.0000000000 seconds
Iteration 69:	0.0002520084 seconds	0.0000000000 seconds
Iteration 69:	0.0002539158 seconds	0.0000000000 seconds
Iteration 69:	0.0002520084 seconds	0.0000000000 seconds
Iteration 69:	0.0002560616 seconds	0.0000000000 seconds
Iteration 69:	0.0002601147 seconds	0.0000000000 seconds
Iteration 69:	0.0002539158 seconds	0.0000000000 seconds
Iteration 69:	0.0002548695 seconds	0.0000000000 seconds
Iteration 69:	0.0002601147 seconds	0.0000000000 seconds
Iteration 69:	0.0002560616 seconds	0.0000000000 seconds
Iteration 70:	0.0002729893 seconds	0.0000000000 seconds
Iteration 70:	0.0002689362 seconds	0.0000000000 seconds
Iteration 70:	0.0002729893 seconds	0.0000009537 seconds
Iteration 70:	0.0002698898 seconds	0.0000000000 seconds
Iteration 70:	0.0002698898 seconds	0.0000000000 seconds
Iteration 70:	0.0002748966 seconds	0.0000000000 seconds
Iteration 70:	0.0002748966 seconds	0.0000000000 seconds
Iteration 70:	0.0002729893 seconds	0.0000000000 seconds
Iteration 70:	0.0002720356 seconds	0.0000009537 seconds
Iteration 70:	0.0002729893 seconds	0.0000000000 seconds
Iteration 70:	0.0002698898 seconds	0.0000000000 seconds
Iteration 70:	0.0002710819 seconds	0.0000000000 seconds
Iteration 71:	0.0002579689 seconds	0.0000000000 seconds
Iteration 71:	0.0002479553 seconds	0.0000000000 seconds
Iteration 71:	0.0002539158 seconds	0.0000000000 seconds
Iteration 71:	0.0002610683 seconds	0.0000000000 seconds
Iteration 71:	0.0002570152 seconds	0.0000000000 seconds
Iteration 71:	0.0002560616 seconds	0.0000000000 seconds
Iteration 71:	0.0002520084 seconds	0.0000000000 seconds
Iteration 71:	0.0002539158 seconds	0.0000000000 seconds
Iteration 71:	0.0002560616 seconds	0.0000000000 seconds
Iteration 71:	0.0002548695 seconds	0.0000000000 seconds
Iteration 71:	0.0002529621 seconds	0.0000000000 seconds
Iteration 71:	0.0002551079 seconds	0.0000000000 seconds
Iteration 72:	0.0002670288 seconds	0.0000000000 seconds
Iteration 72:	0.0002701283 seconds	0.0000000000 seconds
Iteration 72:	0.0002729893 seconds	0.0000000000 seconds
Iteration 72:	0.0002660751 seconds	0.0000000000 seconds
Iteration 72:	0.0002651215 seconds	0.0000000000 seconds
Iteration 72:	0.0002691746 seconds	0.0000000000 seconds
Iteration 72:	0.0002701283 seconds	0.0000000000 seconds
Iteration 72:	0.0002729893 seconds	0.0000000000 seconds
Iteration 72:	0.0002739429 seconds	0.0000000000 seconds
Iteration 72:	0.0002720356 seconds	0.0000000000 seconds
Iteration 72:	0.0002679825 seconds	0.0000000000 seconds
Iteration 72:	0.0002710819 seconds	0.0000000000 seconds
Iteration 73:	0.0002539158 seconds	0.0000000000 seconds
Iteration 73:	0.0002508163 seconds	0.0000000000 seconds
Iteration 73:	0.0002529621 seconds	0.0000000000 seconds
Iteration 73:	0.0002529621 seconds	0.0000000000 seconds
Iteration 73:	0.0002529621 seconds	0.0000000000 seconds
Iteration 73:	0.0002560616 seconds	0.0000000000 seconds
Iteration 73:	0.0002598763 seconds	0.0000000000 seconds
Iteration 73:	0.0002598763 seconds	0.0000000000 seconds
Iteration 73:	0.0002589226 seconds	0.0000000000 seconds
Iteration 73:	0.0002567768 seconds	0.0000000000 seconds
Iteration 73:	0.0002598763 seconds	0.0000000000 seconds
Iteration 73:	0.0002498627 seconds	0.0000000000 seconds
Iteration 74:	0.0002748966 seconds	0.0000000000 seconds
Iteration 74:	0.0002717972 seconds	0.0000000000 seconds
Iteration 74:	0.0002758503 seconds	0.0000000000 seconds
Iteration 74:	0.0002701283 seconds	0.0000000000 seconds
Iteration 74:	0.0002670288 seconds	0.0000000000 seconds
Iteration 74:	0.0002760887 seconds	0.0000000000 seconds
Iteration 74:	0.0002720356 seconds	0.0000009537 seconds
Iteration 74:	0.0002729893 seconds	0.0000000000 seconds
Iteration 74:	0.0002739429 seconds	0.0000000000 seconds
Iteration 74:	0.0002739429 seconds	0.0000000000 seconds
Iteration 74:	0.0002739429 seconds	0.0000000000 seconds
Iteration 74:	0.0002720356 seconds	0.0000000000 seconds
Iteration 75:	0.0002510548 seconds	0.0000000000 seconds
Iteration 75:	0.0002498627 seconds	0.0000000000 seconds
Iteration 75:	0.0002539158 seconds	0.0000000000 seconds
Iteration 75:	0.0002579689 seconds	0.0000000000 seconds
Iteration 75:	0.0002570152 seconds	0.0000000000 seconds
Iteration 75:	0.0002539158 seconds	0.0000000000 seconds
Iteration 75:	0.0002520084 seconds	0.0000000000 seconds
Iteration 75:	0.0002529621 seconds	0.0000000000 seconds
Iteration 75:	0.0002570152 seconds	0.0000000000 seconds
Iteration 75:	0.0002548695 seconds	0.0000000000 seconds
Iteration 75:	0.0002558231 seconds	0.0000000000 seconds
Iteration 75:	0.0002479553 seconds	0.0000000000 seconds
Iteration 76:	0.0002679825 seconds	0.0000000000 seconds
Iteration 76:	0.0002698898 seconds	0.0000000000 seconds
Iteration 76:	0.0002717972 seconds	0.0000000000 seconds
Iteration 76:	0.0002698898 seconds	0.0000000000 seconds
Iteration 76:	0.0002698898 seconds	0.0000000000 seconds
Iteration 76:	0.0002689362 seconds	0.0000000000 seconds
Iteration 76:	0.0002689362 seconds	0.0000000000 seconds
Iteration 76:	0.0002729893 seconds	0.0000000000 seconds
Iteration 76:	0.0002679825 seconds	0.0000000000 seconds
Iteration 76:	0.0002689362 seconds	0.0000000000 seconds
Iteration 76:	0.0002739429 seconds	0.0000000000 seconds
Iteration 76:	0.0002698898 seconds	0.0000000000 seconds
Iteration 77:	0.0002510548 seconds	0.0000000000 seconds
Iteration 77:	0.0002570152 seconds	0.0000000000 seconds
Iteration 77:	0.0002548695 seconds	0.0000000000 seconds
Iteration 77:	0.0002570152 seconds	0.0000000000 seconds
Iteration 77:	0.0002558231 seconds	0.0000000000 seconds
Iteration 77:	0.0002532005 seconds	0.0000000000 seconds
Iteration 77:	0.0002570152 seconds	0.0000000000 seconds
Iteration 77:	0.0002541542 seconds	0.0000000000 seconds
Iteration 77:	0.0002570152 seconds	0.0000000000 seconds
Iteration 77:	0.0002570152 seconds	0.0000000000 seconds
Iteration 77:	0.0002629757 seconds	0.0000000000 seconds
Iteration 77:	0.0002570152 seconds	0.0000000000 seconds
Iteration 78:	0.0002641678 seconds	0.0000000000 seconds
Iteration 78:	0.0002729893 seconds	0.0000000000 seconds
Iteration 78:	0.0002739429 seconds	0.0000000000 seconds
Iteration 78:	0.0002701283 seconds	0.0000000000 seconds
Iteration 78:	0.0002720356 seconds	0.0000000000 seconds
Iteration 78:	0.0002729893 seconds	0.0000000000 seconds
Iteration 78:	0.0002708435 seconds	0.0000000000 seconds
Iteration 78:	0.0002748966 seconds	0.0000000000 seconds
Iteration 78:	0.0002689362 seconds	0.0000000000 seconds
Iteration 78:	0.0002729893 seconds	0.0000000000 seconds
Iteration 78:	0.0002698898 seconds	0.0000000000 seconds
Iteration 78:	0.0002710819 seconds	0.0000000000 seconds
Iteration 79:	0.0002520084 seconds	0.0000000000 seconds
Iteration 79:	0.0002548695 seconds	0.0000000000 seconds
Iteration 79:	0.0002558231 seconds	0.0000000000 seconds
Iteration 79:	0.0002508163 seconds	0.0000000000 seconds
Iteration 79:	0.0002541542 seconds	0.0000000000 seconds
Iteration 79:	0.0002541542 seconds	0.0000000000 seconds
Iteration 79:	0.0002532005 seconds	0.0000000000 seconds
Iteration 79:	0.0002520084 seconds	0.0000000000 seconds
Iteration 79:	0.0002560616 seconds	0.0000000000 seconds
Iteration 79:	0.0002529621 seconds	0.0000000000 seconds
Iteration 79:	0.0002548695 seconds	0.0000000000 seconds
Iteration 79:	0.0002610683 seconds	0.0000000000 seconds
Iteration 80:	0.0002648830 seconds	0.0000000000 seconds
Iteration 80:	0.0002660751 seconds	0.0000000000 seconds
Iteration 80:	0.0002739429 seconds	0.0000000000 seconds
Iteration 80:	0.0002660751 seconds	0.0000000000 seconds
Iteration 80:	0.0002720356 seconds	0.0000000000 seconds
Iteration 80:	0.0002689362 seconds	0.0000000000 seconds
Iteration 80:	0.0002679825 seconds	0.0000000000 seconds
Iteration 80:	0.0002720356 seconds	0.0000000000 seconds
Iteration 80:	0.0002708435 seconds	0.0000000000 seconds
Iteration 80:	0.0002689362 seconds	0.0000000000 seconds
Iteration 80:	0.0002720356 seconds	0.0000000000 seconds
Iteration 80:	0.0002720356 seconds	0.0000000000 seconds
Iteration 81:	0.0002520084 seconds	0.0000000000 seconds
Iteration 81:	0.0002510548 seconds	0.0000000000 seconds
Iteration 81:	0.0002498627 seconds	0.0000000000 seconds
Iteration 81:	0.0002489090 seconds	0.0000000000 seconds
Iteration 81:	0.0002529621 seconds	0.0000000000 seconds
Iteration 81:	0.0002520084 seconds	0.0000000000 seconds
Iteration 81:	0.0002489090 seconds	0.0000000000 seconds
Iteration 81:	0.0002510548 seconds	0.0000000000 seconds
Iteration 81:	0.0002541542 seconds	0.0000000000 seconds
Iteration 81:	0.0002589226 seconds	0.0000000000 seconds
Iteration 81:	0.0002589226 seconds	0.0000000000 seconds
Iteration 81:	0.0002579689 seconds	0.0000000000 seconds
Iteration 82:	0.0002720356 seconds	0.0000000000 seconds
Iteration 82:	0.0002689362 seconds	0.0000000000 seconds
Iteration 82:	0.0002679825 seconds	0.0000000000 seconds
Iteration 82:	0.0002739429 seconds	0.0000000000 seconds
Iteration 82:	0.0002679825 seconds	0.0000000000 seconds
Iteration 82:	0.0002710819 seconds	0.0000000000 seconds
Iteration 82:	0.0002720356 seconds	0.0000000000 seconds
Iteration 82:	0.0002720356 seconds	0.0000000000 seconds
Iteration 82:	0.0002739429 seconds	0.0000000000 seconds
Iteration 82:	0.0002720356 seconds	0.0000000000 seconds
Iteration 82:	0.0002689362 seconds	0.0000000000 seconds
Iteration 82:	0.0002748966 seconds	0.0000000000 seconds
Iteration 83:	0.0002520084 seconds	0.0000000000 seconds
Iteration 83:	0.0002470016 seconds	0.0000000000 seconds
Iteration 83:	0.0002489090 seconds	0.0000000000 seconds
Iteration 83:	0.0002508163 seconds	0.0000000000 seconds
Iteration 83:	0.0002520084 seconds	0.0000011921 seconds
Iteration 83:	0.0002510548 seconds	0.0000009537 seconds
Iteration 83:	0.0002579689 seconds	0.0000000000 seconds
Iteration 83:	0.0002560616 seconds	0.0000000000 seconds
Iteration 83:	0.0002529621 seconds	0.0000000000 seconds
Iteration 83:	0.0002591610 seconds	0.0000000000 seconds
Iteration 83:	0.0002589226 seconds	0.0000000000 seconds
Iteration 83:	0.0002610683 seconds	0.0000000000 seconds
Iteration 84:	0.0002651215 seconds	0.0000000000 seconds
Iteration 84:	0.0002701283 seconds	0.0000000000 seconds
Iteration 84:	0.0002670288 seconds	0.0000000000 seconds
Iteration 84:	0.0002679825 seconds	0.0000000000 seconds
Iteration 84:	0.0002720356 seconds	0.0000000000 seconds
Iteration 84:	0.0002698898 seconds	0.0000000000 seconds
Iteration 84:	0.0002660751 seconds	0.0000000000 seconds
Iteration 84:	0.0002698898 seconds	0.0000000000 seconds
Iteration 84:	0.0002748966 seconds	0.0000000000 seconds
Iteration 84:	0.0002720356 seconds	0.0000000000 seconds
Iteration 84:	0.0002729893 seconds	0.0000000000 seconds
Iteration 84:	0.0002739429 seconds	0.0000000000 seconds
Iteration 85:	0.0002489090 seconds	0.0000000000 seconds
Iteration 85:	0.0002498627 seconds	0.0000000000 seconds
Iteration 85:	0.0002498627 seconds	0.0000000000 seconds
Iteration 85:	0.0002510548 seconds	0.0000000000 seconds
Iteration 85:	0.0002529621 seconds	0.0000000000 seconds
Iteration 85:	0.0002532005 seconds	0.0000009537 seconds
Iteration 85:	0.0002598763 seconds	0.0000000000 seconds
Iteration 85:	0.0002570152 seconds	0.0000000000 seconds
Iteration 85:	0.0002560616 seconds	0.0000000000 seconds
Iteration 85:	0.0002579689 seconds	0.0000000000 seconds
Iteration 85:	0.0002579689 seconds	0.0000000000 seconds
Iteration 85:	0.0002560616 seconds	0.0000000000 seconds
Iteration 86:	0.0002710819 seconds	0.0000000000 seconds
Iteration 86:	0.0002770424 seconds	0.0000000000 seconds
Iteration 86:	0.0002739429 seconds	0.0000000000 seconds
Iteration 86:	0.0002710819 seconds	0.0000000000 seconds
Iteration 86:	0.0002760887 seconds	0.0000000000 seconds
Iteration 86:	0.0002701283 seconds	0.0000000000 seconds
Iteration 86:	0.0002751350 seconds	0.0000000000 seconds
Iteration 86:	0.0002739429 seconds	0.0000000000 seconds
Iteration 86:	0.0002710819 seconds	0.0000000000 seconds
Iteration 86:	0.0002679825 seconds	0.0000000000 seconds
Iteration 86:	0.0002779961 seconds	0.0000000000 seconds
Iteration 86:	0.0002701283 seconds	0.0000000000 seconds
Iteration 87:	0.0002489090 seconds	0.0000000000 seconds
Iteration 87:	0.0002510548 seconds	0.0000000000 seconds
Iteration 87:	0.0002470016 seconds	0.0000000000 seconds
Iteration 87:	0.0002529621 seconds	0.0000000000 seconds
Iteration 87:	0.0002510548 seconds	0.0000000000 seconds
Iteration 87:	0.0002539158 seconds	0.0000009537 seconds
Iteration 87:	0.0002520084 seconds	0.0000000000 seconds
Iteration 87:	0.0002591610 seconds	0.0000000000 seconds
Iteration 87:	0.0002541542 seconds	0.0000000000 seconds
Iteration 87:	0.0002529621 seconds	0.0000000000 seconds
Iteration 87:	0.0002570152 seconds	0.0000000000 seconds
Iteration 87:	0.0002579689 seconds	0.0000000000 seconds
Iteration 88:	0.0002710819 seconds	0.0000000000 seconds
Iteration 88:	0.0002720356 seconds	0.0000000000 seconds
Iteration 88:	0.0002751350 seconds	0.0000000000 seconds
Iteration 88:	0.0002691746 seconds	0.0000000000 seconds
Iteration 88:	0.0002729893 seconds	0.0000000000 seconds
Iteration 88:	0.0002701283 seconds	0.0000000000 seconds
Iteration 88:	0.0002720356 seconds	0.0000000000 seconds
Iteration 88:	0.0002689362 seconds	0.0000000000 seconds
Iteration 88:	0.0002679825 seconds	0.0000000000 seconds
Iteration 88:	0.0002701283 seconds	0.0000000000 seconds
Iteration 88:	0.0002760887 seconds	0.0000000000 seconds
Iteration 88:	0.0002739429 seconds	0.0000000000 seconds
Iteration 89:	0.0002489090 seconds	0.0000000000 seconds
Iteration 89:	0.0002479553 seconds	0.0000000000 seconds
Iteration 89:	0.0002539158 seconds	0.0000000000 seconds
Iteration 89:	0.0002539158 seconds	0.0000000000 seconds
Iteration 89:	0.0002582073 seconds	0.0000000000 seconds
Iteration 89:	0.0002582073 seconds	0.0000000000 seconds
Iteration 89:	0.0002532005 seconds	0.0000000000 seconds
Iteration 89:	0.0002529621 seconds	0.0000000000 seconds
Iteration 89:	0.0002560616 seconds	0.0000000000 seconds
Iteration 89:	0.0002579689 seconds	0.0000000000 seconds
Iteration 89:	0.0002560616 seconds	0.0000000000 seconds
Iteration 89:	0.0002560616 seconds	0.0000000000 seconds
Iteration 90:	0.0002639294 seconds	0.0000000000 seconds
Iteration 90:	0.0002670288 seconds	0.0000000000 seconds
Iteration 90:	0.0002648830 seconds	0.0000000000 seconds
Iteration 90:	0.0002670288 seconds	0.0000000000 seconds
Iteration 90:	0.0002739429 seconds	0.0000000000 seconds
Iteration 90:	0.0002729893 seconds	0.0000000000 seconds
Iteration 90:	0.0002660751 seconds	0.0000000000 seconds
Iteration 90:	0.0002720356 seconds	0.0000000000 seconds
Iteration 90:	0.0002739429 seconds	0.0000000000 seconds
Iteration 90:	0.0002701283 seconds	0.0000000000 seconds
Iteration 90:	0.0002710819 seconds	0.0000000000 seconds
Iteration 90:	0.0002689362 seconds	0.0000000000 seconds
Iteration 91:	0.0002529621 seconds	0.0000000000 seconds
Iteration 91:	0.0002520084 seconds	0.0000000000 seconds
Iteration 91:	0.0002501011 seconds	0.0000000000 seconds
Iteration 91:	0.0002520084 seconds	0.0000000000 seconds
Iteration 91:	0.0002582073 seconds	0.0000000000 seconds
Iteration 91:	0.0002501011 seconds	0.0000000000 seconds
Iteration 91:	0.0002508163 seconds	0.0000000000 seconds
Iteration 91:	0.0002508163 seconds	0.0000000000 seconds
Iteration 91:	0.0002570152 seconds	0.0000000000 seconds
Iteration 91:	0.0002589226 seconds	0.0000000000 seconds
Iteration 91:	0.0002570152 seconds	0.0000000000 seconds
Iteration 91:	0.0002601147 seconds	0.0000000000 seconds
Iteration 92:	0.0002670288 seconds	0.0000000000 seconds
Iteration 92:	0.0002739429 seconds	0.0000000000 seconds
Iteration 92:	0.0002720356 seconds	0.0000000000 seconds
Iteration 92:	0.0002729893 seconds	0.0000000000 seconds
Iteration 92:	0.0002720356 seconds	0.0000000000 seconds
Iteration 92:	0.0002698898 seconds	0.0000000000 seconds
Iteration 92:	0.0002698898 seconds	0.0000000000 seconds
Iteration 92:	0.0002698898 seconds	0.0000000000 seconds
Iteration 92:	0.0002679825 seconds	0.0000000000 seconds
Iteration 92:	0.0002698898 seconds	0.0000000000 seconds
Iteration 92:	0.0002689362 seconds	0.0000000000 seconds
Iteration 92:	0.0002708435 seconds	0.0000000000 seconds
Iteration 93:	0.0002510548 seconds	0.0000000000 seconds
Iteration 93:	0.0002498627 seconds	0.0000000000 seconds
Iteration 93:	0.0002520084 seconds	0.0000000000 seconds
Iteration 93:	0.0002498627 seconds	0.0000000000 seconds
Iteration 93:	0.0002539158 seconds	0.0000000000 seconds
Iteration 93:	0.0002529621 seconds	0.0000009537 seconds
Iteration 93:	0.0002520084 seconds	0.0000000000 seconds
Iteration 93:	0.0002529621 seconds	0.0000000000 seconds
Iteration 93:	0.0002508163 seconds	0.0000000000 seconds
Iteration 93:	0.0002570152 seconds	0.0000000000 seconds
Iteration 93:	0.0002541542 seconds	0.0000000000 seconds
Iteration 93:	0.0002501011 seconds	0.0000000000 seconds
Iteration 94:	0.0002648830 seconds	0.0000000000 seconds
Iteration 94:	0.0002758503 seconds	0.0000000000 seconds
Iteration 94:	0.0002710819 seconds	0.0000000000 seconds
Iteration 94:	0.0002741814 seconds	0.0000000000 seconds
Iteration 94:	0.0002741814 seconds	0.0000000000 seconds
Iteration 94:	0.0002770424 seconds	0.0000000000 seconds
Iteration 94:	0.0002751350 seconds	0.0000009537 seconds
Iteration 94:	0.0002751350 seconds	0.0000000000 seconds
Iteration 94:	0.0002710819 seconds	0.0000000000 seconds
Iteration 94:	0.0002729893 seconds	0.0000000000 seconds
Iteration 94:	0.0002691746 seconds	0.0000000000 seconds
Iteration 94:	0.0002691746 seconds	0.0000000000 seconds
Iteration 95:	0.0002489090 seconds	0.0000000000 seconds
Iteration 95:	0.0002498627 seconds	0.0000011921 seconds
Iteration 95:	0.0002510548 seconds	0.0000000000 seconds
Iteration 95:	0.0002548695 seconds	0.0000000000 seconds
Iteration 95:	0.0002582073 seconds	0.0000000000 seconds
Iteration 95:	0.0002579689 seconds	0.0000000000 seconds
Iteration 95:	0.0002570152 seconds	0.0000000000 seconds
Iteration 95:	0.0002589226 seconds	0.0000000000 seconds
Iteration 95:	0.0002551079 seconds	0.0000000000 seconds
Iteration 95:	0.0002560616 seconds	0.0000000000 seconds
Iteration 95:	0.0002551079 seconds	0.0000000000 seconds
Iteration 95:	0.0002570152 seconds	0.0000000000 seconds
Iteration 96:	0.0002667904 seconds	0.0000000000 seconds
Iteration 96:	0.0002670288 seconds	0.0000000000 seconds
Iteration 96:	0.0002729893 seconds	0.0000000000 seconds
Iteration 96:	0.0002739429 seconds	0.0000000000 seconds
Iteration 96:	0.0002679825 seconds	0.0000000000 seconds
Iteration 96:	0.0002710819 seconds	0.0000000000 seconds
Iteration 96:	0.0002698898 seconds	0.0000000000 seconds
Iteration 96:	0.0002760887 seconds	0.0000000000 seconds
Iteration 96:	0.0002748966 seconds	0.0000000000 seconds
Iteration 96:	0.0002770424 seconds	0.0000000000 seconds
Iteration 96:	0.0002729893 seconds	0.0000000000 seconds
Iteration 96:	0.0002729893 seconds	0.0000000000 seconds
Iteration 97:	0.0002510548 seconds	0.0000000000 seconds
Iteration 97:	0.0002520084 seconds	0.0000009537 seconds
Iteration 97:	0.0002510548 seconds	0.0000000000 seconds
Iteration 97:	0.0002498627 seconds	0.0000000000 seconds
Iteration 97:	0.0002489090 seconds	0.0000000000 seconds
Iteration 97:	0.0002560616 seconds	0.0000000000 seconds
Iteration 97:	0.0002498627 seconds	0.0000000000 seconds
Iteration 97:	0.0002539158 seconds	0.0000000000 seconds
Iteration 97:	0.0002541542 seconds	0.0000009537 seconds
Iteration 97:	0.0002570152 seconds	0.0000000000 seconds
Iteration 97:	0.0002610683 seconds	0.0000000000 seconds
Iteration 97:	0.0002589226 seconds	0.0000000000 seconds
Iteration 98:	0.0002651215 seconds	0.0000000000 seconds
Iteration 98:	0.0002670288 seconds	0.0000000000 seconds
Iteration 98:	0.0002689362 seconds	0.0000000000 seconds
Iteration 98:	0.0002729893 seconds	0.0000000000 seconds
Iteration 98:	0.0002679825 seconds	0.0000000000 seconds
Iteration 98:	0.0002670288 seconds	0.0000000000 seconds
Iteration 98:	0.0002698898 seconds	0.0000000000 seconds
Iteration 98:	0.0002720356 seconds	0.0000000000 seconds
Iteration 98:	0.0002739429 seconds	0.0000000000 seconds
Iteration 98:	0.0002708435 seconds	0.0000000000 seconds
Iteration 98:	0.0002708435 seconds	0.0000000000 seconds
Iteration 98:	0.0002739429 seconds	0.0000000000 seconds
Iteration 99:	0.0002498627 seconds	0.0000000000 seconds
Iteration 99:	0.0002510548 seconds	0.0000000000 seconds
Iteration 99:	0.0002501011 seconds	0.0000000000 seconds
Iteration 99:	0.0002532005 seconds	0.0000000000 seconds
Iteration 99:	0.0002501011 seconds	0.0000000000 seconds
Iteration 99:	0.0002560616 seconds	0.0000000000 seconds
Iteration 99:	0.0002529621 seconds	0.0000000000 seconds
Iteration 99:	0.0002570152 seconds	0.0000000000 seconds
Iteration 99:	0.0002610683 seconds	0.0000000000 seconds
Iteration 99:	0.0002620220 seconds	0.0000000000 seconds
Iteration 99:	0.0002589226 seconds	0.0000000000 seconds
Iteration 99:	0.0002579689 seconds	0.0000000000 seconds
Total computation time was: 0.026997		Average frame time was: 0.000264		Average Particle interations per second were: 873505293.814573
