[ -1:000]                : Rank 0 is running on comet-06-27.sdsc.edu
[  0:001] init_pprintf   : My dest: 1	My source: 2	My_num_part: 2720
Initalizing particles linear on 0 to 2720
[ -1:000]                : Rank 1 is running on comet-16-51.sdsc.edu
[  1:001] init_pprintf   : My dest: 2	My source: 0	My_num_part: 2720
Initalizing particles linear on 2720 to 5440
[ -1:000]                : Rank 2 is running on comet-16-62.sdsc.edu
[  2:001] init_pprintf   : My dest: 0	My source: 1	My_num_part: 2720
Initalizing particles linear on 5440 to 8160
Iteration 0:	0.1044180393 seconds	0.0000000000 seconds
Iteration 0:	0.0674929619 seconds	0.0000000000 seconds
Iteration 0:	0.0695500374 seconds	0.0000000000 seconds
Iteration 1:	0.0599670410 seconds	0.0000000000 seconds
Iteration 1:	0.0599761009 seconds	0.0000000000 seconds
Iteration 1:	0.0599808693 seconds	0.0000000000 seconds
Iteration 2:	0.0514609814 seconds	0.0000000000 seconds
Iteration 2:	0.0514659882 seconds	0.0000000000 seconds
Iteration 2:	0.0514719486 seconds	0.0000009537 seconds
Iteration 3:	0.0291850567 seconds	0.0000000000 seconds
Iteration 3:	0.0291719437 seconds	0.0000000000 seconds
Iteration 3:	0.0291750431 seconds	0.0000000000 seconds
Iteration 4:	0.0294978619 seconds	0.0000000000 seconds
Iteration 4:	0.0294740200 seconds	0.0000000000 seconds
Iteration 4:	0.0295209885 seconds	0.0000000000 seconds
Iteration 5:	0.0272090435 seconds	0.0000000000 seconds
Iteration 5:	0.0272419453 seconds	0.0000000000 seconds
Iteration 5:	0.0272119045 seconds	0.0000000000 seconds
Iteration 6:	0.0294718742 seconds	0.0000000000 seconds
Iteration 6:	0.0294930935 seconds	0.0000000000 seconds
Iteration 6:	0.0294661522 seconds	0.0000000000 seconds
Iteration 7:	0.0273168087 seconds	0.0000000000 seconds
Iteration 7:	0.0272901058 seconds	0.0000000000 seconds
Iteration 7:	0.0272948742 seconds	0.0000000000 seconds
Iteration 8:	0.0295438766 seconds	0.0000000000 seconds
Iteration 8:	0.0295128822 seconds	0.0000000000 seconds
Iteration 8:	0.0295279026 seconds	0.0000000000 seconds
Iteration 9:	0.0273129940 seconds	0.0000000000 seconds
Iteration 9:	0.0273339748 seconds	0.0000000000 seconds
Iteration 9:	0.0273139477 seconds	0.0000011921 seconds
Iteration 10:	0.0293841362 seconds	0.0000000000 seconds
Iteration 10:	0.0294048786 seconds	0.0000000000 seconds
Iteration 10:	0.0293891430 seconds	0.0000000000 seconds
Iteration 11:	0.0272400379 seconds	0.0000000000 seconds
Iteration 11:	0.0272200108 seconds	0.0000000000 seconds
Iteration 11:	0.0272209644 seconds	0.0000000000 seconds
Iteration 12:	0.0295081139 seconds	0.0000000000 seconds
Iteration 12:	0.0295360088 seconds	0.0000000000 seconds
Iteration 12:	0.0295131207 seconds	0.0000000000 seconds
Iteration 13:	0.0273079872 seconds	0.0000000000 seconds
Iteration 13:	0.0272810459 seconds	0.0000000000 seconds
Iteration 13:	0.0272870064 seconds	0.0000000000 seconds
Iteration 14:	0.0294351578 seconds	0.0000000000 seconds
Iteration 14:	0.0294640064 seconds	0.0000000000 seconds
Iteration 14:	0.0294468403 seconds	0.0000000000 seconds
Iteration 15:	0.0273339748 seconds	0.0000000000 seconds
Iteration 15:	0.0273108482 seconds	0.0000000000 seconds
Iteration 15:	0.0273041725 seconds	0.0000000000 seconds
Iteration 16:	0.0294299126 seconds	0.0000000000 seconds
Iteration 16:	0.0294151306 seconds	0.0000000000 seconds
Iteration 16:	0.0294539928 seconds	0.0000000000 seconds
Iteration 17:	0.0272588730 seconds	0.0000000000 seconds
Iteration 17:	0.0272870064 seconds	0.0000000000 seconds
Iteration 17:	0.0272679329 seconds	0.0000000000 seconds
Iteration 18:	0.0294668674 seconds	0.0000000000 seconds
Iteration 18:	0.0295009613 seconds	0.0000000000 seconds
Iteration 18:	0.0294730663 seconds	0.0000000000 seconds
Iteration 19:	0.0273120403 seconds	0.0000000000 seconds
Iteration 19:	0.0272779465 seconds	0.0000000000 seconds
Iteration 19:	0.0272750854 seconds	0.0000000000 seconds
Iteration 20:	0.0294451714 seconds	0.0000000000 seconds
Iteration 20:	0.0294799805 seconds	0.0000000000 seconds
Iteration 20:	0.0294489861 seconds	0.0000000000 seconds
Iteration 21:	0.0272300243 seconds	0.0000000000 seconds
Iteration 21:	0.0272660255 seconds	0.0000000000 seconds
Iteration 21:	0.0272481441 seconds	0.0000000000 seconds
Iteration 22:	0.0293400288 seconds	0.0000000000 seconds
Iteration 22:	0.0293722153 seconds	0.0000000000 seconds
Iteration 22:	0.0293569565 seconds	0.0000009537 seconds
Iteration 23:	0.0273561478 seconds	0.0000000000 seconds
Iteration 23:	0.0273180008 seconds	0.0000000000 seconds
Iteration 23:	0.0273139477 seconds	0.0000000000 seconds
Iteration 24:	0.0293059349 seconds	0.0000000000 seconds
Iteration 24:	0.0293300152 seconds	0.0000000000 seconds
Iteration 24:	0.0293090343 seconds	0.0000000000 seconds
Iteration 25:	0.0272569656 seconds	0.0000000000 seconds
Iteration 25:	0.0272791386 seconds	0.0000000000 seconds
Iteration 25:	0.0272691250 seconds	0.0000009537 seconds
Iteration 26:	0.0294320583 seconds	0.0000000000 seconds
Iteration 26:	0.0294561386 seconds	0.0000000000 seconds
Iteration 26:	0.0294430256 seconds	0.0000000000 seconds
Iteration 27:	0.0272140503 seconds	0.0000000000 seconds
Iteration 27:	0.0272259712 seconds	0.0000000000 seconds
Iteration 27:	0.0272021294 seconds	0.0000000000 seconds
Iteration 28:	0.0295941830 seconds	0.0000000000 seconds
Iteration 28:	0.0296289921 seconds	0.0000000000 seconds
Iteration 28:	0.0296049118 seconds	0.0000000000 seconds
Iteration 29:	0.0272150040 seconds	0.0000000000 seconds
Iteration 29:	0.0272550583 seconds	0.0000000000 seconds
Iteration 29:	0.0272369385 seconds	0.0000000000 seconds
Iteration 30:	0.0294229984 seconds	0.0000000000 seconds
Iteration 30:	0.0294589996 seconds	0.0000000000 seconds
Iteration 30:	0.0294299126 seconds	0.0000000000 seconds
Iteration 31:	0.0272560120 seconds	0.0000009537 seconds
Iteration 31:	0.0272710323 seconds	0.0000000000 seconds
Iteration 31:	0.0272300243 seconds	0.0000000000 seconds
Iteration 32:	0.0295510292 seconds	0.0000000000 seconds
Iteration 32:	0.0295851231 seconds	0.0000000000 seconds
Iteration 32:	0.0295550823 seconds	0.0000000000 seconds
Iteration 33:	0.0273129940 seconds	0.0000000000 seconds
Iteration 33:	0.0273299217 seconds	0.0000000000 seconds
Iteration 33:	0.0273039341 seconds	0.0000000000 seconds
Iteration 34:	0.0294899940 seconds	0.0000000000 seconds
Iteration 34:	0.0295150280 seconds	0.0000000000 seconds
Iteration 34:	0.0295000076 seconds	0.0000000000 seconds
Iteration 35:	0.0272579193 seconds	0.0000000000 seconds
Iteration 35:	0.0272881985 seconds	0.0000000000 seconds
Iteration 35:	0.0272550583 seconds	0.0000000000 seconds
Iteration 36:	0.0295000076 seconds	0.0000000000 seconds
Iteration 36:	0.0295310020 seconds	0.0000009537 seconds
Iteration 36:	0.0295000076 seconds	0.0000000000 seconds
Iteration 37:	0.0272450447 seconds	0.0000000000 seconds
Iteration 37:	0.0272729397 seconds	0.0000000000 seconds
Iteration 37:	0.0272548199 seconds	0.0000000000 seconds
Iteration 38:	0.0293312073 seconds	0.0000000000 seconds
Iteration 38:	0.0293560028 seconds	0.0000000000 seconds
Iteration 38:	0.0293328762 seconds	0.0000000000 seconds
Iteration 39:	0.0273270607 seconds	0.0000000000 seconds
Iteration 39:	0.0273230076 seconds	0.0000000000 seconds
Iteration 39:	0.0273528099 seconds	0.0000000000 seconds
Total computation time was: 1.267473		Average frame time was: 0.031673		Average Particle interations per second were: 2102258815.338165
