[ -1:000]                : Rank 0 is running on comet-10-66.sdsc.edu
[  0:001] init_pprintf   : My dest: 1	My source: 1	My_num_part: 240
Initalizing particles linear on 0 to 240
[ -1:000]                : Rank 1 is running on comet-10-69.sdsc.edu
[  1:001] init_pprintf   : My dest: 0	My source: 0	My_num_part: 240
Initalizing particles linear on 240 to 480
Iteration 0:	0.0401079655 seconds	0.0000000000 seconds
Iteration 0:	0.0804150105 seconds	0.0000000000 seconds
Iteration 1:	0.0199179649 seconds	0.0000000000 seconds
Iteration 1:	0.0198240280 seconds	0.0000000000 seconds
Iteration 2:	0.0199971199 seconds	0.0000000000 seconds
Iteration 2:	0.0199699402 seconds	0.0000000000 seconds
Iteration 3:	0.0199720860 seconds	0.0000000000 seconds
Iteration 3:	0.0199928284 seconds	0.0000000000 seconds
Iteration 4:	0.0199759007 seconds	0.0000000000 seconds
Iteration 4:	0.0199980736 seconds	0.0000009537 seconds
Iteration 5:	0.0199739933 seconds	0.0000000000 seconds
Iteration 5:	0.0199928284 seconds	0.0000000000 seconds
Iteration 6:	0.0209329128 seconds	0.0000000000 seconds
Iteration 6:	0.0209548473 seconds	0.0000000000 seconds
Iteration 7:	0.0004432201 seconds	0.0000000000 seconds
Iteration 7:	0.0004441738 seconds	0.0000000000 seconds
Iteration 8:	0.0003070831 seconds	0.0000000000 seconds
Iteration 8:	0.0003049374 seconds	0.0000000000 seconds
Iteration 9:	0.0003871918 seconds	0.0000000000 seconds
Iteration 9:	0.0003869534 seconds	0.0000000000 seconds
Iteration 10:	0.0003390312 seconds	0.0000000000 seconds
Iteration 10:	0.0003430843 seconds	0.0000000000 seconds
Iteration 11:	0.0003471375 seconds	0.0000000000 seconds
Iteration 11:	0.0003511906 seconds	0.0000000000 seconds
Iteration 12:	0.0004389286 seconds	0.0000000000 seconds
Iteration 12:	0.0004448891 seconds	0.0000000000 seconds
Iteration 13:	0.0003991127 seconds	0.0000000000 seconds
Iteration 13:	0.0004060268 seconds	0.0000000000 seconds
Iteration 14:	0.0004279613 seconds	0.0000000000 seconds
Iteration 14:	0.0004310608 seconds	0.0000000000 seconds
Iteration 15:	0.0003941059 seconds	0.0000000000 seconds
Iteration 15:	0.0004029274 seconds	0.0000000000 seconds
Iteration 16:	0.0004310608 seconds	0.0000000000 seconds
Iteration 16:	0.0004270077 seconds	0.0000000000 seconds
Iteration 17:	0.0004158020 seconds	0.0000000000 seconds
Iteration 17:	0.0004169941 seconds	0.0000000000 seconds
Iteration 18:	0.0004189014 seconds	0.0000000000 seconds
Iteration 18:	0.0004210472 seconds	0.0000000000 seconds
Iteration 19:	0.0004022121 seconds	0.0000000000 seconds
Iteration 19:	0.0004038811 seconds	0.0000000000 seconds
Iteration 20:	0.0004239082 seconds	0.0000000000 seconds
Iteration 20:	0.0004260540 seconds	0.0000000000 seconds
Iteration 21:	0.0004239082 seconds	0.0000000000 seconds
Iteration 21:	0.0004301071 seconds	0.0000000000 seconds
Iteration 22:	0.0003898144 seconds	0.0000000000 seconds
Iteration 22:	0.0003900528 seconds	0.0000000000 seconds
Iteration 23:	0.0004379749 seconds	0.0000000000 seconds
Iteration 23:	0.0004420280 seconds	0.0000000000 seconds
Iteration 24:	0.0003759861 seconds	0.0000000000 seconds
Iteration 24:	0.0003879070 seconds	0.0000000000 seconds
Iteration 25:	0.0003559589 seconds	0.0000000000 seconds
Iteration 25:	0.0003578663 seconds	0.0000000000 seconds
Iteration 26:	0.0004568100 seconds	0.0000000000 seconds
Iteration 26:	0.0004529953 seconds	0.0000000000 seconds
Iteration 27:	0.0003859997 seconds	0.0000000000 seconds
Iteration 27:	0.0003800392 seconds	0.0000000000 seconds
Iteration 28:	0.0003399849 seconds	0.0000000000 seconds
Iteration 28:	0.0003459454 seconds	0.0000000000 seconds
Iteration 29:	0.0004019737 seconds	0.0000000000 seconds
Iteration 29:	0.0004060268 seconds	0.0000000000 seconds
Iteration 30:	0.0003910065 seconds	0.0000000000 seconds
Iteration 30:	0.0004019737 seconds	0.0000000000 seconds
Iteration 31:	0.0004138947 seconds	0.0000000000 seconds
Iteration 31:	0.0004179478 seconds	0.0000009537 seconds
Iteration 32:	0.0004808903 seconds	0.0000000000 seconds
Iteration 32:	0.0004827976 seconds	0.0000000000 seconds
Iteration 33:	0.0003969669 seconds	0.0000000000 seconds
Iteration 33:	0.0003981590 seconds	0.0000000000 seconds
Iteration 34:	0.0004189014 seconds	0.0000000000 seconds
Iteration 34:	0.0004260540 seconds	0.0000000000 seconds
Iteration 35:	0.0004539490 seconds	0.0000000000 seconds
Iteration 35:	0.0004580021 seconds	0.0000000000 seconds
Iteration 36:	0.0004589558 seconds	0.0000000000 seconds
Iteration 36:	0.0004680157 seconds	0.0000000000 seconds
Iteration 37:	0.0004909039 seconds	0.0000000000 seconds
Iteration 37:	0.0004901886 seconds	0.0000000000 seconds
Iteration 38:	0.0003709793 seconds	0.0000000000 seconds
Iteration 38:	0.0003659725 seconds	0.0000000000 seconds
Iteration 39:	0.0004339218 seconds	0.0000000000 seconds
Iteration 39:	0.0004360676 seconds	0.0000000000 seconds
Iteration 40:	0.0003821850 seconds	0.0000000000 seconds
Iteration 40:	0.0003859997 seconds	0.0000000000 seconds
Iteration 41:	0.0004019737 seconds	0.0000000000 seconds
Iteration 41:	0.0004158020 seconds	0.0000000000 seconds
Iteration 42:	0.0003712177 seconds	0.0000000000 seconds
Iteration 42:	0.0003728867 seconds	0.0000000000 seconds
Iteration 43:	0.0003879070 seconds	0.0000000000 seconds
Iteration 43:	0.0003869534 seconds	0.0000000000 seconds
Iteration 44:	0.0004560947 seconds	0.0000000000 seconds
Iteration 44:	0.0004529953 seconds	0.0000000000 seconds
Iteration 45:	0.0003781319 seconds	0.0000000000 seconds
Iteration 45:	0.0003700256 seconds	0.0000000000 seconds
Iteration 46:	0.0004711151 seconds	0.0000000000 seconds
Iteration 46:	0.0004730225 seconds	0.0000009537 seconds
Iteration 47:	0.0003540516 seconds	0.0000000000 seconds
Iteration 47:	0.0003530979 seconds	0.0000000000 seconds
Iteration 48:	0.0003209114 seconds	0.0000000000 seconds
Iteration 48:	0.0003149509 seconds	0.0000000000 seconds
Iteration 49:	0.0003600121 seconds	0.0000000000 seconds
Iteration 49:	0.0003509521 seconds	0.0000000000 seconds
Iteration 50:	0.0004220009 seconds	0.0000009537 seconds
Iteration 50:	0.0004220009 seconds	0.0000000000 seconds
Iteration 51:	0.0003449917 seconds	0.0000000000 seconds
Iteration 51:	0.0003459454 seconds	0.0000000000 seconds
Iteration 52:	0.0003619194 seconds	0.0000000000 seconds
Iteration 52:	0.0003619194 seconds	0.0000000000 seconds
Iteration 53:	0.0003240108 seconds	0.0000000000 seconds
Iteration 53:	0.0003252029 seconds	0.0000000000 seconds
Iteration 54:	0.0003528595 seconds	0.0000000000 seconds
Iteration 54:	0.0003528595 seconds	0.0000000000 seconds
Iteration 55:	0.0003681183 seconds	0.0000000000 seconds
Iteration 55:	0.0003759861 seconds	0.0000009537 seconds
Iteration 56:	0.0003898144 seconds	0.0000011921 seconds
Iteration 56:	0.0003969669 seconds	0.0000000000 seconds
Iteration 57:	0.0004239082 seconds	0.0000000000 seconds
Iteration 57:	0.0004198551 seconds	0.0000000000 seconds
Iteration 58:	0.0003430843 seconds	0.0000000000 seconds
Iteration 58:	0.0003411770 seconds	0.0000000000 seconds
Iteration 59:	0.0003900528 seconds	0.0000000000 seconds
Iteration 59:	0.0004000664 seconds	0.0000000000 seconds
Iteration 60:	0.0003910065 seconds	0.0000000000 seconds
Iteration 60:	0.0003871918 seconds	0.0000009537 seconds
Iteration 61:	0.0003910065 seconds	0.0000000000 seconds
Iteration 61:	0.0003859997 seconds	0.0000000000 seconds
Iteration 62:	0.0004041195 seconds	0.0000000000 seconds
Iteration 62:	0.0004069805 seconds	0.0000000000 seconds
Iteration 63:	0.0004000664 seconds	0.0000000000 seconds
Iteration 63:	0.0004000664 seconds	0.0000000000 seconds
Iteration 64:	0.0004339218 seconds	0.0000000000 seconds
Iteration 64:	0.0004320145 seconds	0.0000000000 seconds
Iteration 65:	0.0004630089 seconds	0.0000000000 seconds
Iteration 65:	0.0004630089 seconds	0.0000000000 seconds
Iteration 66:	0.0004460812 seconds	0.0000000000 seconds
Iteration 66:	0.0004420280 seconds	0.0000000000 seconds
Iteration 67:	0.0005109310 seconds	0.0000000000 seconds
Iteration 67:	0.0005130768 seconds	0.0000000000 seconds
Iteration 68:	0.0004200935 seconds	0.0000000000 seconds
Iteration 68:	0.0004148483 seconds	0.0000009537 seconds
Iteration 69:	0.0003771782 seconds	0.0000000000 seconds
Iteration 69:	0.0003669262 seconds	0.0000000000 seconds
Iteration 70:	0.0003039837 seconds	0.0000000000 seconds
Iteration 70:	0.0003058910 seconds	0.0000000000 seconds
Iteration 71:	0.0004069805 seconds	0.0000000000 seconds
Iteration 71:	0.0003979206 seconds	0.0000000000 seconds
Iteration 72:	0.0003240108 seconds	0.0000000000 seconds
Iteration 72:	0.0003170967 seconds	0.0000000000 seconds
Iteration 73:	0.0003890991 seconds	0.0000000000 seconds
Iteration 73:	0.0003879070 seconds	0.0000000000 seconds
Iteration 74:	0.0004200935 seconds	0.0000000000 seconds
Iteration 74:	0.0004129410 seconds	0.0000009537 seconds
Iteration 75:	0.0003981590 seconds	0.0000000000 seconds
Iteration 75:	0.0003941059 seconds	0.0000000000 seconds
Iteration 76:	0.0004010201 seconds	0.0000000000 seconds
Iteration 76:	0.0003929138 seconds	0.0000000000 seconds
Iteration 77:	0.0004169941 seconds	0.0000000000 seconds
Iteration 77:	0.0004098415 seconds	0.0000000000 seconds
Iteration 78:	0.0003678799 seconds	0.0000000000 seconds
Iteration 78:	0.0003540516 seconds	0.0000000000 seconds
Iteration 79:	0.0004050732 seconds	0.0000000000 seconds
Iteration 79:	0.0003988743 seconds	0.0000000000 seconds
Iteration 80:	0.0004909039 seconds	0.0000000000 seconds
Iteration 80:	0.0004880428 seconds	0.0000000000 seconds
Iteration 81:	0.0003941059 seconds	0.0000000000 seconds
Iteration 81:	0.0004000664 seconds	0.0000000000 seconds
Iteration 82:	0.0004479885 seconds	0.0000000000 seconds
Iteration 82:	0.0004448891 seconds	0.0000000000 seconds
Iteration 83:	0.0003759861 seconds	0.0000009537 seconds
Iteration 83:	0.0003809929 seconds	0.0000000000 seconds
Iteration 84:	0.0004169941 seconds	0.0000000000 seconds
Iteration 84:	0.0004110336 seconds	0.0000000000 seconds
Iteration 85:	0.0004041195 seconds	0.0000000000 seconds
Iteration 85:	0.0003941059 seconds	0.0000000000 seconds
Iteration 86:	0.0003898144 seconds	0.0000000000 seconds
Iteration 86:	0.0003890991 seconds	0.0000000000 seconds
Iteration 87:	0.0003960133 seconds	0.0000000000 seconds
Iteration 87:	0.0003859997 seconds	0.0000000000 seconds
Iteration 88:	0.0003910065 seconds	0.0000000000 seconds
Iteration 88:	0.0003879070 seconds	0.0000000000 seconds
Iteration 89:	0.0004191399 seconds	0.0000000000 seconds
Iteration 89:	0.0004220009 seconds	0.0000000000 seconds
Iteration 90:	0.0003941059 seconds	0.0000000000 seconds
Iteration 90:	0.0003929138 seconds	0.0000000000 seconds
Iteration 91:	0.0003950596 seconds	0.0000000000 seconds
Iteration 91:	0.0003938675 seconds	0.0000000000 seconds
Iteration 92:	0.0003819466 seconds	0.0000000000 seconds
Iteration 92:	0.0003910065 seconds	0.0000000000 seconds
Iteration 93:	0.0003788471 seconds	0.0000000000 seconds
Iteration 93:	0.0003910065 seconds	0.0000000000 seconds
Iteration 94:	0.0004107952 seconds	0.0000000000 seconds
Iteration 94:	0.0004098415 seconds	0.0000011921 seconds
Iteration 95:	0.0004038811 seconds	0.0000000000 seconds
Iteration 95:	0.0004041195 seconds	0.0000000000 seconds
Iteration 96:	0.0004348755 seconds	0.0000000000 seconds
Iteration 96:	0.0004348755 seconds	0.0000000000 seconds
Iteration 97:	0.0003929138 seconds	0.0000000000 seconds
Iteration 97:	0.0003991127 seconds	0.0000000000 seconds
Iteration 98:	0.0004279613 seconds	0.0000000000 seconds
Iteration 98:	0.0004239082 seconds	0.0000000000 seconds
Iteration 99:	0.0003161430 seconds	0.0000000000 seconds
Iteration 99:	0.0003130436 seconds	0.0000000000 seconds
Total computation time was: 0.240383		Average frame time was: 0.002385		Average Particle interations per second were: 96602373.714957
