[ -1:000]                : Rank 1 is running on comet-02-23.sdsc.edu
[ -1:000]                : Rank 0 is running on comet-02-23.sdsc.edu
[  1:001] init_pprintf   : My dest: 0	My source: 0	My_num_part: 16080
[  0:001] init_pprintf   : My dest: 1	My source: 1	My_num_part: 16080
Initalizing particles linear on 0 to 16080
Initalizing particles linear on 16080 to 32160
Iteration 0:	3.2674810886 seconds	0.0000000000 seconds
Iteration 0:	3.2673261166 seconds	0.0000000000 seconds
Iteration 1:	3.0390310287 seconds	0.0000000000 seconds
Iteration 1:	3.0390329361 seconds	0.0000000000 seconds
Iteration 2:	3.2671499252 seconds	0.0000000000 seconds
Iteration 2:	3.2671489716 seconds	0.0000000000 seconds
Iteration 3:	3.0377080441 seconds	0.0000000000 seconds
Iteration 3:	3.0377080441 seconds	0.0000009537 seconds
Iteration 4:	3.2642619610 seconds	0.0000000000 seconds
Iteration 4:	3.2642610073 seconds	0.0000000000 seconds
Iteration 5:	3.0380399227 seconds	0.0000000000 seconds
Iteration 5:	3.0380399227 seconds	0.0000000000 seconds
Iteration 6:	3.2632341385 seconds	0.0000000000 seconds
Iteration 6:	3.2632360458 seconds	0.0000000000 seconds
Iteration 7:	3.0368418694 seconds	0.0000000000 seconds
Iteration 7:	3.0368409157 seconds	0.0000000000 seconds
Iteration 8:	3.2637109756 seconds	0.0000000000 seconds
Iteration 8:	3.2637100220 seconds	0.0000000000 seconds
Iteration 9:	3.0370688438 seconds	0.0000000000 seconds
Iteration 9:	3.0370678902 seconds	0.0000000000 seconds
Iteration 10:	3.2644810677 seconds	0.0000000000 seconds
Iteration 10:	3.2644810677 seconds	0.0000000000 seconds
Iteration 11:	3.0376720428 seconds	0.0000000000 seconds
Iteration 11:	3.0376710892 seconds	0.0000000000 seconds
Iteration 12:	3.3015980721 seconds	0.0000000000 seconds
Iteration 12:	3.3015980721 seconds	0.0000000000 seconds
Iteration 13:	3.0452768803 seconds	0.0000000000 seconds
Iteration 13:	3.0452768803 seconds	0.0000009537 seconds
Iteration 14:	3.3004941940 seconds	0.0000000000 seconds
Iteration 14:	3.3004941940 seconds	0.0000000000 seconds
Iteration 15:	3.0787568092 seconds	0.0000000000 seconds
Iteration 15:	3.0787580013 seconds	0.0000000000 seconds
Iteration 16:	3.2841839790 seconds	0.0000000000 seconds
Iteration 16:	3.2841839790 seconds	0.0000000000 seconds
Iteration 17:	3.0543239117 seconds	0.0000000000 seconds
Iteration 17:	3.0543239117 seconds	0.0000000000 seconds
Iteration 18:	3.2818338871 seconds	0.0000000000 seconds
Iteration 18:	3.2818329334 seconds	0.0000009537 seconds
Iteration 19:	3.0549361706 seconds	0.0000000000 seconds
Iteration 19:	3.0549361706 seconds	0.0000000000 seconds
Iteration 20:	3.2830080986 seconds	0.0000000000 seconds
Iteration 20:	3.2830071449 seconds	0.0000009537 seconds
Iteration 21:	3.0483310223 seconds	0.0000000000 seconds
Iteration 21:	3.0483288765 seconds	0.0000000000 seconds
Iteration 22:	3.2700130939 seconds	0.0000000000 seconds
Iteration 22:	3.2700119019 seconds	0.0000000000 seconds
Iteration 23:	3.0438477993 seconds	0.0000000000 seconds
Iteration 23:	3.0438468456 seconds	0.0000000000 seconds
Iteration 24:	3.2706799507 seconds	0.0000000000 seconds
Iteration 24:	3.2706789970 seconds	0.0000000000 seconds
Iteration 25:	3.0436191559 seconds	0.0000000000 seconds
Iteration 25:	3.0436201096 seconds	0.0000000000 seconds
Iteration 26:	3.2918441296 seconds	0.0000000000 seconds
Iteration 26:	3.2918429375 seconds	0.0000000000 seconds
Iteration 27:	3.0589399338 seconds	0.0000000000 seconds
Iteration 27:	3.0589399338 seconds	0.0000000000 seconds
Iteration 28:	3.2836589813 seconds	0.0000000000 seconds
Iteration 28:	3.2836580276 seconds	0.0000000000 seconds
Iteration 29:	3.0600810051 seconds	0.0000000000 seconds
Iteration 29:	3.0600810051 seconds	0.0000000000 seconds
Total computation time was: 94.872248		Average frame time was: 3.162403		Average Particle interations per second were: 327050506.443115
