[ -1:000]                : Rank 0 is running on comet-06-47.sdsc.edu
[  0:001] init_pprintf   : My dest: 1	My source: 2	My_num_part: 320
Initalizing particles linear on 0 to 320
[ -1:000]                : Rank 1 is running on comet-23-36.sdsc.edu
[  1:001] init_pprintf   : My dest: 2	My source: 0	My_num_part: 320
Initalizing particles linear on 320 to 640
[ -1:000]                : Rank 2 is running on comet-26-63.sdsc.edu
[  2:001] init_pprintf   : My dest: 0	My source: 1	My_num_part: 320
Initalizing particles linear on 640 to 960
Iteration 0:	0.0749158859 seconds	0.0000000000 seconds
Iteration 0:	0.0352602005 seconds	0.0000000000 seconds
Iteration 0:	0.0380010605 seconds	0.0000000000 seconds
Iteration 1:	0.0299658775 seconds	0.0000000000 seconds
Iteration 1:	0.0299680233 seconds	0.0000000000 seconds
Iteration 1:	0.0298430920 seconds	0.0000000000 seconds
Iteration 2:	0.0300030708 seconds	0.0000000000 seconds
Iteration 2:	0.0300052166 seconds	0.0000000000 seconds
Iteration 2:	0.0300028324 seconds	0.0000009537 seconds
Iteration 3:	0.0299890041 seconds	0.0000000000 seconds
Iteration 3:	0.0299861431 seconds	0.0000009537 seconds
Iteration 3:	0.0299870968 seconds	0.0000000000 seconds
Iteration 4:	0.0300052166 seconds	0.0000000000 seconds
Iteration 4:	0.0310060978 seconds	0.0000000000 seconds
Iteration 4:	0.0310058594 seconds	0.0000011921 seconds
Iteration 5:	0.0217289925 seconds	0.0000000000 seconds
Iteration 5:	0.0299890041 seconds	0.0000000000 seconds
Iteration 5:	0.0299868584 seconds	0.0000000000 seconds
Iteration 6:	0.0222921371 seconds	0.0000000000 seconds
Iteration 6:	0.0126199722 seconds	0.0000000000 seconds
Iteration 6:	0.0126268864 seconds	0.0000000000 seconds
Iteration 7:	0.0009200573 seconds	0.0000000000 seconds
Iteration 7:	0.0008339882 seconds	0.0000000000 seconds
Iteration 7:	0.0007808208 seconds	0.0000000000 seconds
Iteration 8:	0.0008080006 seconds	0.0000000000 seconds
Iteration 8:	0.0008699894 seconds	0.0000000000 seconds
Iteration 8:	0.0008409023 seconds	0.0000000000 seconds
Iteration 9:	0.0008640289 seconds	0.0000000000 seconds
Iteration 9:	0.0008571148 seconds	0.0000000000 seconds
Iteration 9:	0.0008180141 seconds	0.0000000000 seconds
Iteration 10:	0.0009219646 seconds	0.0000000000 seconds
Iteration 10:	0.0008540154 seconds	0.0000000000 seconds
Iteration 10:	0.0008339882 seconds	0.0000000000 seconds
Iteration 11:	0.0007739067 seconds	0.0000000000 seconds
Iteration 11:	0.0008370876 seconds	0.0000000000 seconds
Iteration 11:	0.0008518696 seconds	0.0000000000 seconds
Iteration 12:	0.0009739399 seconds	0.0000000000 seconds
Iteration 12:	0.0008850098 seconds	0.0000000000 seconds
Iteration 12:	0.0008900166 seconds	0.0000000000 seconds
Iteration 13:	0.0007960796 seconds	0.0000000000 seconds
Iteration 13:	0.0007419586 seconds	0.0000000000 seconds
Iteration 13:	0.0007348061 seconds	0.0000000000 seconds
Iteration 14:	0.0008318424 seconds	0.0000000000 seconds
Iteration 14:	0.0007851124 seconds	0.0000000000 seconds
Iteration 14:	0.0007688999 seconds	0.0000000000 seconds
Iteration 15:	0.0007531643 seconds	0.0000000000 seconds
Iteration 15:	0.0007569790 seconds	0.0000000000 seconds
Iteration 15:	0.0007679462 seconds	0.0000000000 seconds
Iteration 16:	0.0008411407 seconds	0.0000000000 seconds
Iteration 16:	0.0008220673 seconds	0.0000000000 seconds
Iteration 16:	0.0008199215 seconds	0.0000000000 seconds
Iteration 17:	0.0009179115 seconds	0.0000000000 seconds
Iteration 17:	0.0009009838 seconds	0.0000000000 seconds
Iteration 17:	0.0009059906 seconds	0.0000000000 seconds
Iteration 18:	0.0009059906 seconds	0.0000000000 seconds
Iteration 18:	0.0008490086 seconds	0.0000000000 seconds
Iteration 18:	0.0008549690 seconds	0.0000000000 seconds
Iteration 19:	0.0008981228 seconds	0.0000000000 seconds
Iteration 19:	0.0009119511 seconds	0.0000000000 seconds
Iteration 19:	0.0008900166 seconds	0.0000000000 seconds
Iteration 20:	0.0009229183 seconds	0.0000000000 seconds
Iteration 20:	0.0008611679 seconds	0.0000000000 seconds
Iteration 20:	0.0008840561 seconds	0.0000000000 seconds
Iteration 21:	0.0008292198 seconds	0.0000009537 seconds
Iteration 21:	0.0008349419 seconds	0.0000000000 seconds
Iteration 21:	0.0008339882 seconds	0.0000000000 seconds
Iteration 22:	0.0009541512 seconds	0.0000000000 seconds
Iteration 22:	0.0009381771 seconds	0.0000000000 seconds
Iteration 22:	0.0009381771 seconds	0.0000000000 seconds
Iteration 23:	0.0008759499 seconds	0.0000000000 seconds
Iteration 23:	0.0007741451 seconds	0.0000000000 seconds
Iteration 23:	0.0007719994 seconds	0.0000000000 seconds
Iteration 24:	0.0008659363 seconds	0.0000000000 seconds
Iteration 24:	0.0008451939 seconds	0.0000000000 seconds
Iteration 24:	0.0008490086 seconds	0.0000000000 seconds
Iteration 25:	0.0007829666 seconds	0.0000000000 seconds
Iteration 25:	0.0007228851 seconds	0.0000009537 seconds
Iteration 25:	0.0007200241 seconds	0.0000000000 seconds
Iteration 26:	0.0008440018 seconds	0.0000000000 seconds
Iteration 26:	0.0008890629 seconds	0.0000000000 seconds
Iteration 26:	0.0008859634 seconds	0.0000000000 seconds
Iteration 27:	0.0008521080 seconds	0.0000000000 seconds
Iteration 27:	0.0008149147 seconds	0.0000000000 seconds
Iteration 27:	0.0008139610 seconds	0.0000000000 seconds
Iteration 28:	0.0008962154 seconds	0.0000009537 seconds
Iteration 28:	0.0008971691 seconds	0.0000000000 seconds
Iteration 28:	0.0008890629 seconds	0.0000000000 seconds
Iteration 29:	0.0008759499 seconds	0.0000000000 seconds
Iteration 29:	0.0007870197 seconds	0.0000000000 seconds
Iteration 29:	0.0007770061 seconds	0.0000000000 seconds
Iteration 30:	0.0008871555 seconds	0.0000000000 seconds
Iteration 30:	0.0008490086 seconds	0.0000000000 seconds
Iteration 30:	0.0008320808 seconds	0.0000000000 seconds
Iteration 31:	0.0008440018 seconds	0.0000000000 seconds
Iteration 31:	0.0008859634 seconds	0.0000000000 seconds
Iteration 31:	0.0008749962 seconds	0.0000000000 seconds
Iteration 32:	0.0008840561 seconds	0.0000000000 seconds
Iteration 32:	0.0008020401 seconds	0.0000000000 seconds
Iteration 32:	0.0008051395 seconds	0.0000000000 seconds
Iteration 33:	0.0007400513 seconds	0.0000000000 seconds
Iteration 33:	0.0006940365 seconds	0.0000000000 seconds
Iteration 33:	0.0006999969 seconds	0.0000000000 seconds
Iteration 34:	0.0009169579 seconds	0.0000000000 seconds
Iteration 34:	0.0009441376 seconds	0.0000000000 seconds
Iteration 34:	0.0009629726 seconds	0.0000000000 seconds
Iteration 35:	0.0008559227 seconds	0.0000000000 seconds
Iteration 35:	0.0008270741 seconds	0.0000000000 seconds
Iteration 35:	0.0008249283 seconds	0.0000000000 seconds
Iteration 36:	0.0008831024 seconds	0.0000000000 seconds
Iteration 36:	0.0007867813 seconds	0.0000000000 seconds
Iteration 36:	0.0007910728 seconds	0.0000000000 seconds
Iteration 37:	0.0007810593 seconds	0.0000000000 seconds
Iteration 37:	0.0008180141 seconds	0.0000000000 seconds
Iteration 37:	0.0008020401 seconds	0.0000000000 seconds
Iteration 38:	0.0009949207 seconds	0.0000000000 seconds
Iteration 38:	0.0009260178 seconds	0.0000000000 seconds
Iteration 38:	0.0009400845 seconds	0.0000000000 seconds
Iteration 39:	0.0008499622 seconds	0.0000000000 seconds
Iteration 39:	0.0008440018 seconds	0.0000000000 seconds
Iteration 39:	0.0008370876 seconds	0.0000000000 seconds
Iteration 40:	0.0008668900 seconds	0.0000000000 seconds
Iteration 40:	0.0007820129 seconds	0.0000000000 seconds
Iteration 40:	0.0007750988 seconds	0.0000000000 seconds
Iteration 41:	0.0007278919 seconds	0.0000000000 seconds
Iteration 41:	0.0007071495 seconds	0.0000000000 seconds
Iteration 41:	0.0007071495 seconds	0.0000000000 seconds
Iteration 42:	0.0009219646 seconds	0.0000000000 seconds
Iteration 42:	0.0009520054 seconds	0.0000000000 seconds
Iteration 42:	0.0009520054 seconds	0.0000000000 seconds
Iteration 43:	0.0009379387 seconds	0.0000000000 seconds
Iteration 43:	0.0009310246 seconds	0.0000000000 seconds
Iteration 43:	0.0009300709 seconds	0.0000000000 seconds
Iteration 44:	0.0009448528 seconds	0.0000000000 seconds
Iteration 44:	0.0009059906 seconds	0.0000000000 seconds
Iteration 44:	0.0008990765 seconds	0.0000000000 seconds
Iteration 45:	0.0007979870 seconds	0.0000000000 seconds
Iteration 45:	0.0007250309 seconds	0.0000000000 seconds
Iteration 45:	0.0007309914 seconds	0.0000000000 seconds
Iteration 46:	0.0008120537 seconds	0.0000000000 seconds
Iteration 46:	0.0008997917 seconds	0.0000000000 seconds
Iteration 46:	0.0008988380 seconds	0.0000000000 seconds
Iteration 47:	0.0009658337 seconds	0.0000000000 seconds
Iteration 47:	0.0008890629 seconds	0.0000000000 seconds
Iteration 47:	0.0008769035 seconds	0.0000000000 seconds
Iteration 48:	0.0009980202 seconds	0.0000000000 seconds
Iteration 48:	0.0008649826 seconds	0.0000000000 seconds
Iteration 48:	0.0008699894 seconds	0.0000000000 seconds
Iteration 49:	0.0006890297 seconds	0.0000000000 seconds
Iteration 49:	0.0007469654 seconds	0.0000000000 seconds
Iteration 49:	0.0007429123 seconds	0.0000000000 seconds
Iteration 50:	0.0009129047 seconds	0.0000000000 seconds
Iteration 50:	0.0009100437 seconds	0.0000000000 seconds
Iteration 50:	0.0008900166 seconds	0.0000000000 seconds
Iteration 51:	0.0009391308 seconds	0.0000000000 seconds
Iteration 51:	0.0009069443 seconds	0.0000000000 seconds
Iteration 51:	0.0008900166 seconds	0.0000000000 seconds
Iteration 52:	0.0008451939 seconds	0.0000000000 seconds
Iteration 52:	0.0007870197 seconds	0.0000000000 seconds
Iteration 52:	0.0007729530 seconds	0.0000000000 seconds
Iteration 53:	0.0008051395 seconds	0.0000000000 seconds
Iteration 53:	0.0008640289 seconds	0.0000000000 seconds
Iteration 53:	0.0008599758 seconds	0.0000000000 seconds
Iteration 54:	0.0009260178 seconds	0.0000000000 seconds
Iteration 54:	0.0008518696 seconds	0.0000000000 seconds
Iteration 54:	0.0008339882 seconds	0.0000000000 seconds
Iteration 55:	0.0008020401 seconds	0.0000000000 seconds
Iteration 55:	0.0007491112 seconds	0.0000000000 seconds
Iteration 55:	0.0007350445 seconds	0.0000000000 seconds
Iteration 56:	0.0009419918 seconds	0.0000000000 seconds
Iteration 56:	0.0009930134 seconds	0.0000000000 seconds
Iteration 56:	0.0009918213 seconds	0.0000000000 seconds
Iteration 57:	0.0008840561 seconds	0.0000009537 seconds
Iteration 57:	0.0007920265 seconds	0.0000000000 seconds
Iteration 57:	0.0007820129 seconds	0.0000000000 seconds
Iteration 58:	0.0008900166 seconds	0.0000000000 seconds
Iteration 58:	0.0008471012 seconds	0.0000000000 seconds
Iteration 58:	0.0008568764 seconds	0.0000000000 seconds
Iteration 59:	0.0008418560 seconds	0.0000000000 seconds
Total computation time was: 0.285576		Average frame time was: 0.004748		Average Particle interations per second were: 194093411.237971
Iteration 59:	0.0008239746 seconds	0.0000000000 seconds
Iteration 59:	0.0008318424 seconds	0.0000000000 seconds
