[ -1:000]                : Rank 0 is running on comet-05-11.sdsc.edu
[  0:001] init_pprintf   : My dest: 1	My source: 4	My_num_part: 1632
Initalizing particles linear on 0 to 1632
[ -1:000]                : Rank 4 is running on comet-22-46.sdsc.edu
[  4:001] init_pprintf   : My dest: 0	My source: 3	My_num_part: 1632
Initalizing particles linear on 6528 to 8160
[ -1:000]                : Rank 2 is running on comet-13-63.sdsc.edu
[  2:001] init_pprintf   : My dest: 3	My source: 1	My_num_part: 1632
Initalizing particles linear on 3264 to 4896
[ -1:000]                : Rank 3 is running on comet-22-25.sdsc.edu
[  3:001] init_pprintf   : My dest: 4	My source: 2	My_num_part: 1632
Initalizing particles linear on 4896 to 6528
[ -1:000]                : Rank 1 is running on comet-10-69.sdsc.edu
[  1:001] init_pprintf   : My dest: 2	My source: 0	My_num_part: 1632
Initalizing particles linear on 1632 to 3264
Iteration 0:	0.0828070641 seconds	0.0000000000 seconds
Iteration 0:	0.0830318928 seconds	0.0000000000 seconds
Iteration 0:	0.1256699562 seconds	0.0000000000 seconds
Iteration 0:	0.0845561028 seconds	0.0000000000 seconds
Iteration 0:	0.0834369659 seconds	0.0000009537 seconds
Iteration 1:	0.0699679852 seconds	0.0000000000 seconds
Iteration 1:	0.0717639923 seconds	0.0000009537 seconds
Iteration 1:	0.0731899738 seconds	0.0000000000 seconds
Iteration 1:	0.0759170055 seconds	0.0000000000 seconds
Iteration 1:	0.0731809139 seconds	0.0000000000 seconds
Iteration 2:	0.0485191345 seconds	0.0000000000 seconds
Iteration 2:	0.0527658463 seconds	0.0000000000 seconds
Iteration 2:	0.0512378216 seconds	0.0000011921 seconds
Iteration 2:	0.0498969555 seconds	0.0000000000 seconds
Iteration 2:	0.0499000549 seconds	0.0000000000 seconds
Iteration 3:	0.0143790245 seconds	0.0000000000 seconds
Iteration 3:	0.0143098831 seconds	0.0000000000 seconds
Iteration 3:	0.0157089233 seconds	0.0000000000 seconds
Iteration 3:	0.0143358707 seconds	0.0000000000 seconds
Iteration 3:	0.0156600475 seconds	0.0000000000 seconds
Iteration 4:	0.0156888962 seconds	0.0000000000 seconds
Iteration 4:	0.0157399178 seconds	0.0000000000 seconds
Iteration 4:	0.0158650875 seconds	0.0000000000 seconds
Iteration 4:	0.0158851147 seconds	0.0000000000 seconds
Iteration 4:	0.0158889294 seconds	0.0000000000 seconds
Iteration 5:	0.0144608021 seconds	0.0000000000 seconds
Iteration 5:	0.0148739815 seconds	0.0000000000 seconds
Iteration 5:	0.0147550106 seconds	0.0000000000 seconds
Iteration 5:	0.0146179199 seconds	0.0000000000 seconds
Iteration 5:	0.0144848824 seconds	0.0000000000 seconds
Iteration 6:	0.0156590939 seconds	0.0000009537 seconds
Iteration 6:	0.0156860352 seconds	0.0000000000 seconds
Iteration 6:	0.0156419277 seconds	0.0000000000 seconds
Iteration 6:	0.0156631470 seconds	0.0000000000 seconds
Iteration 6:	0.0156509876 seconds	0.0000000000 seconds
Iteration 7:	0.0144569874 seconds	0.0000000000 seconds
Iteration 7:	0.0144519806 seconds	0.0000000000 seconds
Iteration 7:	0.0145721436 seconds	0.0000000000 seconds
Iteration 7:	0.0146689415 seconds	0.0000000000 seconds
Iteration 7:	0.0146691799 seconds	0.0000000000 seconds
Iteration 8:	0.0155839920 seconds	0.0000000000 seconds
Iteration 8:	0.0156760216 seconds	0.0000000000 seconds
Iteration 8:	0.0156049728 seconds	0.0000000000 seconds
Iteration 8:	0.0155520439 seconds	0.0000000000 seconds
Iteration 8:	0.0155560970 seconds	0.0000000000 seconds
Iteration 9:	0.0144569874 seconds	0.0000000000 seconds
Iteration 9:	0.0145919323 seconds	0.0000000000 seconds
Iteration 9:	0.0146951675 seconds	0.0000000000 seconds
Iteration 9:	0.0147600174 seconds	0.0000000000 seconds
Iteration 9:	0.0147490501 seconds	0.0000000000 seconds
Iteration 10:	0.0163221359 seconds	0.0000000000 seconds
Iteration 10:	0.0161509514 seconds	0.0000000000 seconds
Iteration 10:	0.0159721375 seconds	0.0000000000 seconds
Iteration 10:	0.0160059929 seconds	0.0000000000 seconds
Iteration 10:	0.0159850121 seconds	0.0000000000 seconds
Iteration 11:	0.0145380497 seconds	0.0000000000 seconds
Iteration 11:	0.0143549442 seconds	0.0000000000 seconds
Iteration 11:	0.0144541264 seconds	0.0000009537 seconds
Iteration 11:	0.0143830776 seconds	0.0000000000 seconds
Iteration 11:	0.0143849850 seconds	0.0000000000 seconds
Iteration 12:	0.0156071186 seconds	0.0000000000 seconds
Iteration 12:	0.0156250000 seconds	0.0000000000 seconds
Iteration 12:	0.0156469345 seconds	0.0000000000 seconds
Iteration 12:	0.0156888962 seconds	0.0000000000 seconds
Iteration 12:	0.0156829357 seconds	0.0000000000 seconds
Iteration 13:	0.0144391060 seconds	0.0000000000 seconds
Iteration 13:	0.0144169331 seconds	0.0000000000 seconds
Iteration 13:	0.0143339634 seconds	0.0000000000 seconds
Iteration 13:	0.0143821239 seconds	0.0000000000 seconds
Iteration 13:	0.0143399239 seconds	0.0000000000 seconds
Iteration 14:	0.0156691074 seconds	0.0000000000 seconds
Iteration 14:	0.0156278610 seconds	0.0000000000 seconds
Iteration 14:	0.0155899525 seconds	0.0000000000 seconds
Iteration 14:	0.0156099796 seconds	0.0000000000 seconds
Iteration 14:	0.0155990124 seconds	0.0000000000 seconds
Iteration 15:	0.0145080090 seconds	0.0000000000 seconds
Iteration 15:	0.0146088600 seconds	0.0000000000 seconds
Iteration 15:	0.0145559311 seconds	0.0000000000 seconds
Iteration 15:	0.0145790577 seconds	0.0000000000 seconds
Iteration 15:	0.0145850182 seconds	0.0000000000 seconds
Iteration 16:	0.0156931877 seconds	0.0000000000 seconds
Iteration 16:	0.0156941414 seconds	0.0000000000 seconds
Iteration 16:	0.0156769753 seconds	0.0000000000 seconds
Iteration 16:	0.0157089233 seconds	0.0000000000 seconds
Iteration 16:	0.0156888962 seconds	0.0000000000 seconds
Iteration 17:	0.0143761635 seconds	0.0000000000 seconds
Iteration 17:	0.0144381523 seconds	0.0000000000 seconds
Iteration 17:	0.0143799782 seconds	0.0000000000 seconds
Iteration 17:	0.0144169331 seconds	0.0000000000 seconds
Iteration 17:	0.0143899918 seconds	0.0000000000 seconds
Iteration 18:	0.0155382156 seconds	0.0000000000 seconds
Iteration 18:	0.0154750347 seconds	0.0000000000 seconds
Iteration 18:	0.0161161423 seconds	0.0000000000 seconds
Iteration 18:	0.0159521103 seconds	0.0000000000 seconds
Iteration 18:	0.0159900188 seconds	0.0000000000 seconds
Iteration 19:	0.0144300461 seconds	0.0000000000 seconds
Iteration 19:	0.0149848461 seconds	0.0000009537 seconds
Iteration 19:	0.0144360065 seconds	0.0000000000 seconds
Iteration 19:	0.0143887997 seconds	0.0000000000 seconds
Iteration 19:	0.0149409771 seconds	0.0000000000 seconds
Iteration 20:	0.0155498981 seconds	0.0000000000 seconds
Iteration 20:	0.0156579018 seconds	0.0000000000 seconds
Iteration 20:	0.0156209469 seconds	0.0000000000 seconds
Iteration 20:	0.0155949593 seconds	0.0000000000 seconds
Iteration 20:	0.0155689716 seconds	0.0000000000 seconds
Iteration 21:	0.0144491196 seconds	0.0000000000 seconds
Iteration 21:	0.0144920349 seconds	0.0000000000 seconds
Iteration 21:	0.0144569874 seconds	0.0000000000 seconds
Iteration 21:	0.0144741535 seconds	0.0000000000 seconds
Iteration 21:	0.0144150257 seconds	0.0000000000 seconds
Iteration 22:	0.0154612064 seconds	0.0000000000 seconds
Iteration 22:	0.0155429840 seconds	0.0000000000 seconds
Iteration 22:	0.0154728889 seconds	0.0000000000 seconds
Iteration 22:	0.0155019760 seconds	0.0000000000 seconds
Iteration 22:	0.0155019760 seconds	0.0000000000 seconds
Iteration 23:	0.0142748356 seconds	0.0000000000 seconds
Iteration 23:	0.0143690109 seconds	0.0000000000 seconds
Iteration 23:	0.0143249035 seconds	0.0000009537 seconds
Iteration 23:	0.0143620968 seconds	0.0000000000 seconds
Iteration 23:	0.0143480301 seconds	0.0000000000 seconds
Iteration 24:	0.0153851509 seconds	0.0000000000 seconds
Iteration 24:	0.0153489113 seconds	0.0000000000 seconds
Iteration 24:	0.0153582096 seconds	0.0000000000 seconds
Iteration 24:	0.0153379440 seconds	0.0000000000 seconds
Iteration 24:	0.0153610706 seconds	0.0000009537 seconds
Iteration 25:	0.0143280029 seconds	0.0000000000 seconds
Iteration 25:	0.0143840313 seconds	0.0000000000 seconds
Iteration 25:	0.0143201351 seconds	0.0000009537 seconds
Iteration 25:	0.0143408775 seconds	0.0000000000 seconds
Iteration 25:	0.0143539906 seconds	0.0000000000 seconds
Iteration 26:	0.0156362057 seconds	0.0000000000 seconds
Iteration 26:	0.0156178474 seconds	0.0000000000 seconds
Iteration 26:	0.0158550739 seconds	0.0000000000 seconds
Iteration 26:	0.0158870220 seconds	0.0000000000 seconds
Iteration 26:	0.0158550739 seconds	0.0000000000 seconds
Iteration 27:	0.0147202015 seconds	0.0000000000 seconds
Iteration 27:	0.0146980286 seconds	0.0000000000 seconds
Iteration 27:	0.0144729614 seconds	0.0000000000 seconds
Iteration 27:	0.0145120621 seconds	0.0000000000 seconds
Iteration 27:	0.0145080090 seconds	0.0000000000 seconds
Iteration 28:	0.0156199932 seconds	0.0000000000 seconds
Iteration 28:	0.0155580044 seconds	0.0000000000 seconds
Iteration 28:	0.0154671669 seconds	0.0000000000 seconds
Iteration 28:	0.0155148506 seconds	0.0000000000 seconds
Iteration 28:	0.0155041218 seconds	0.0000000000 seconds
Iteration 29:	0.0144309998 seconds	0.0000009537 seconds
Iteration 29:	0.0145471096 seconds	0.0000000000 seconds
Iteration 29:	0.0144951344 seconds	0.0000000000 seconds
Iteration 29:	0.0144650936 seconds	0.0000000000 seconds
Iteration 29:	0.0144231319 seconds	0.0000000000 seconds
Iteration 30:	0.0153551102 seconds	0.0000000000 seconds
Iteration 30:	0.0153279305 seconds	0.0000000000 seconds
Iteration 30:	0.0154039860 seconds	0.0000000000 seconds
Iteration 30:	0.0154159069 seconds	0.0000000000 seconds
Iteration 30:	0.0154230595 seconds	0.0000000000 seconds
Iteration 31:	0.0146338940 seconds	0.0000000000 seconds
Iteration 31:	0.0146129131 seconds	0.0000000000 seconds
Iteration 31:	0.0147628784 seconds	0.0000000000 seconds
Iteration 31:	0.0146281719 seconds	0.0000000000 seconds
Iteration 31:	0.0145590305 seconds	0.0000000000 seconds
Iteration 32:	0.0159251690 seconds	0.0000000000 seconds
Iteration 32:	0.0159659386 seconds	0.0000000000 seconds
Iteration 32:	0.0159218311 seconds	0.0000000000 seconds
Iteration 32:	0.0159530640 seconds	0.0000000000 seconds
Iteration 32:	0.0160059929 seconds	0.0000000000 seconds
Iteration 33:	0.0155959129 seconds	0.0000000000 seconds
Iteration 33:	0.0158329010 seconds	0.0000000000 seconds
Iteration 33:	0.0157670975 seconds	0.0000000000 seconds
Iteration 33:	0.0158669949 seconds	0.0000000000 seconds
Iteration 33:	0.0156228542 seconds	0.0000011921 seconds
Iteration 34:	0.0155940056 seconds	0.0000000000 seconds
Iteration 34:	0.0156390667 seconds	0.0000000000 seconds
Iteration 34:	0.0155780315 seconds	0.0000000000 seconds
Iteration 34:	0.0156090260 seconds	0.0000000000 seconds
Iteration 34:	0.0156319141 seconds	0.0000000000 seconds
Iteration 35:	0.0144588947 seconds	0.0000000000 seconds
Iteration 35:	0.0144019127 seconds	0.0000000000 seconds
Iteration 35:	0.0143809319 seconds	0.0000000000 seconds
Iteration 35:	0.0143501759 seconds	0.0000000000 seconds
Iteration 35:	0.0144808292 seconds	0.0000000000 seconds
Iteration 36:	0.0152781010 seconds	0.0000000000 seconds
Iteration 36:	0.0153248310 seconds	0.0000000000 seconds
Iteration 36:	0.0153009892 seconds	0.0000009537 seconds
Iteration 36:	0.0153560638 seconds	0.0000000000 seconds
Iteration 36:	0.0153040886 seconds	0.0000000000 seconds
Iteration 37:	0.0143110752 seconds	0.0000000000 seconds
Iteration 37:	0.0143871307 seconds	0.0000000000 seconds
Iteration 37:	0.0143871307 seconds	0.0000000000 seconds
Iteration 37:	0.0143368244 seconds	0.0000000000 seconds
Iteration 37:	0.0143051147 seconds	0.0000000000 seconds
Iteration 38:	0.0164690018 seconds	0.0000000000 seconds
Iteration 38:	0.0166079998 seconds	0.0000000000 seconds
Iteration 38:	0.0167419910 seconds	0.0000000000 seconds
Iteration 38:	0.0167140961 seconds	0.0000000000 seconds
Iteration 38:	0.0167520046 seconds	0.0000000000 seconds
Iteration 39:	0.0147609711 seconds	0.0000000000 seconds
Iteration 39:	0.0145969391 seconds	0.0000000000 seconds
Iteration 39:	0.0147030354 seconds	0.0000000000 seconds
Iteration 39:	0.0146100521 seconds	0.0000000000 seconds
Total computation time was: 0.810065		Average frame time was: 0.020231		Average Particle interations per second were: 3291199524.638456
Iteration 39:	0.0145320892 seconds	0.0000000000 seconds
