[ -1:000]                : Rank 11 is running on comet-06-48.sdsc.edu
[ -1:000]                : Rank 15 is running on comet-06-48.sdsc.edu
[ -1:000]                : Rank 9 is running on comet-06-48.sdsc.edu
[ 11:001] init_pprintf   : My dest: 12	My source: 10	My_num_part: 255
[ 15:001] init_pprintf   : My dest: 16	My source: 14	My_num_part: 255
[  9:001] init_pprintf   : My dest: 10	My source: 8	My_num_part: 255
[ -1:000]                : Rank 5 is running on comet-06-48.sdsc.edu
[  5:001] init_pprintf   : My dest: 6	My source: 4	My_num_part: 255
[ -1:000]                : Rank 3 is running on comet-06-48.sdsc.edu
[  3:001] init_pprintf   : My dest: 4	My source: 2	My_num_part: 255
[ -1:000]                : Rank 7 is running on comet-06-48.sdsc.edu
[  7:001] init_pprintf   : My dest: 8	My source: 6	My_num_part: 255
[ -1:000]                : Rank 6 is running on comet-06-48.sdsc.edu
[ -1:000]                : Rank 0 is running on comet-06-48.sdsc.edu
[ -1:000]                : Rank 1 is running on comet-06-48.sdsc.edu
[ -1:000]                : Rank 8 is running on comet-06-48.sdsc.edu
[  6:001] init_pprintf   : My dest: 7	My source: 5	My_num_part: 255
[  0:001] init_pprintf   : My dest: 1	My source: 31	My_num_part: 255
[  1:001] init_pprintf   : My dest: 2	My source: 0	My_num_part: 255
[  8:001] init_pprintf   : My dest: 9	My source: 7	My_num_part: 255
[ -1:000]                : Rank 13 is running on comet-06-48.sdsc.edu
[ -1:000]                : Rank 4 is running on comet-06-48.sdsc.edu
[ 13:001] init_pprintf   : My dest: 14	My source: 12	My_num_part: 255
[ -1:000]                : Rank 12 is running on comet-06-48.sdsc.edu
[ -1:000]                : Rank 14 is running on comet-06-48.sdsc.edu
[  4:001] init_pprintf   : My dest: 5	My source: 3	My_num_part: 255
[ 12:001] init_pprintf   : My dest: 13	My source: 11	My_num_part: 255
[ 14:001] init_pprintf   : My dest: 15	My source: 13	My_num_part: 255
[ -1:000]                : Rank 10 is running on comet-06-48.sdsc.edu
[ -1:000]                : Rank 2 is running on comet-06-48.sdsc.edu
[ 10:001] init_pprintf   : My dest: 11	My source: 9	My_num_part: 255
[  2:001] init_pprintf   : My dest: 3	My source: 1	My_num_part: 255
Initalizing particles linear on 3825 to 4080
Initalizing particles linear on 1275 to 1530
Initalizing particles linear on 2295 to 2550
Initalizing particles linear on 2805 to 3060
Initalizing particles linear on 765 to 1020
Initalizing particles linear on 1785 to 2040
Initalizing particles linear on 2040 to 2295
Initalizing particles linear on 0 to 255
Initalizing particles linear on 1020 to 1275
Initalizing particles linear on 255 to 510
Initalizing particles linear on 3060 to 3315
Initalizing particles linear on 1530 to 1785
Initalizing particles linear on 3315 to 3570
Initalizing particles linear on 3570 to 3825
Initalizing particles linear on 510 to 765
Initalizing particles linear on 2550 to 2805
[ -1:000]                : Rank 17 is running on comet-17-58.sdsc.edu
[ -1:000]                : Rank 19 is running on comet-17-58.sdsc.edu
[ 19:001] init_pprintf   : My dest: 20	My source: 18	My_num_part: 255
[ 17:001] init_pprintf   : My dest: 18	My source: 16	My_num_part: 255
[ -1:000]                : Rank 23 is running on comet-17-58.sdsc.edu
[ -1:000]                : Rank 27 is running on comet-17-58.sdsc.edu
[ 23:001] init_pprintf   : My dest: 24	My source: 22	My_num_part: 255
[ 27:001] init_pprintf   : My dest: 28	My source: 26	My_num_part: 255
[ -1:000]                : Rank 21 is running on comet-17-58.sdsc.edu
[ -1:000]                : Rank 31 is running on comet-17-58.sdsc.edu
[ 21:001] init_pprintf   : My dest: 22	My source: 20	My_num_part: 255
[ -1:000]                : Rank 25 is running on comet-17-58.sdsc.edu
[ 31:001] init_pprintf   : My dest: 0	My source: 30	My_num_part: 255
[ 25:001] init_pprintf   : My dest: 26	My source: 24	My_num_part: 255
[ -1:000]                : Rank 29 is running on comet-17-58.sdsc.edu
[ 29:001] init_pprintf   : My dest: 30	My source: 28	My_num_part: 255
[ -1:000]                : Rank 26 is running on comet-17-58.sdsc.edu
[ -1:000]                : Rank 18 is running on comet-17-58.sdsc.edu
[ -1:000]                : Rank 20 is running on comet-17-58.sdsc.edu
[ -1:000]                : Rank 22 is running on comet-17-58.sdsc.edu
[ -1:000]                : Rank 28 is running on comet-17-58.sdsc.edu
[ -1:000]                : Rank 16 is running on comet-17-58.sdsc.edu
[ -1:000]                : Rank 24 is running on comet-17-58.sdsc.edu
[ -1:000]                : Rank 30 is running on comet-17-58.sdsc.edu
[ 20:001] init_pprintf   : My dest: 21	My source: 19	My_num_part: 255
[ 28:001] init_pprintf   : My dest: 29	My source: 27	My_num_part: 255
[ 16:001] init_pprintf   : My dest: 17	My source: 15	My_num_part: 255
[ 18:001] init_pprintf   : My dest: 19	My source: 17	My_num_part: 255
[ 22:001] init_pprintf   : My dest: 23	My source: 21	My_num_part: 255
[ 26:001] init_pprintf   : My dest: 27	My source: 25	My_num_part: 255
[ 24:001] init_pprintf   : My dest: 25	My source: 23	My_num_part: 255
[ 30:001] init_pprintf   : My dest: 31	My source: 29	My_num_part: 255
Initalizing particles linear on 6375 to 6630
Initalizing particles linear on 5865 to 6120
Initalizing particles linear on 4845 to 5100
Initalizing particles linear on 7905 to 8160
Initalizing particles linear on 5355 to 5610
Initalizing particles linear on 6885 to 7140
Initalizing particles linear on 7395 to 7650
Initalizing particles linear on 4335 to 4590
Initalizing particles linear on 6630 to 6885
Initalizing particles linear on 6120 to 6375
Initalizing particles linear on 4080 to 4335
Initalizing particles linear on 5100 to 5355
Initalizing particles linear on 7650 to 7905
Initalizing particles linear on 7140 to 7395
Initalizing particles linear on 4590 to 4845
Initalizing particles linear on 5610 to 5865
Iteration 0:	0.0269639492 seconds	0.0000000000 seconds
Iteration 0:	0.0270888805 seconds	0.0000000000 seconds
Iteration 0:	0.0270941257 seconds	0.0000000000 seconds
Iteration 0:	0.0270500183 seconds	0.0000000000 seconds
Iteration 0:	0.0270519257 seconds	0.0000000000 seconds
Iteration 0:	0.0270550251 seconds	0.0000000000 seconds
Iteration 0:	0.0270569324 seconds	0.0000000000 seconds
Iteration 0:	0.0271000862 seconds	0.0000000000 seconds
Iteration 0:	0.0270900726 seconds	0.0000000000 seconds
Iteration 0:	0.0271029472 seconds	0.0000000000 seconds
Iteration 0:	0.0270638466 seconds	0.0000011921 seconds
Iteration 0:	0.0270898342 seconds	0.0000000000 seconds
Iteration 0:	0.0270690918 seconds	0.0000000000 seconds
Iteration 0:	0.0271270275 seconds	0.0000009537 seconds
Iteration 0:	0.0270879269 seconds	0.0000000000 seconds
Iteration 0:	0.0271089077 seconds	0.0000000000 seconds
Iteration 0:	0.0636961460 seconds	0.0000000000 seconds
Iteration 0:	0.0636999607 seconds	0.0000000000 seconds
Iteration 0:	0.0637638569 seconds	0.0000011921 seconds
Iteration 0:	0.0636911392 seconds	0.0000000000 seconds
Iteration 0:	0.0637018681 seconds	0.0000000000 seconds
Iteration 0:	0.0637640953 seconds	0.0000000000 seconds
Iteration 0:	0.0637700558 seconds	0.0000000000 seconds
Iteration 0:	0.0637121201 seconds	0.0000000000 seconds
Iteration 0:	0.0637209415 seconds	0.0000000000 seconds
Iteration 0:	0.0637109280 seconds	0.0000000000 seconds
Iteration 0:	0.0637748241 seconds	0.0000000000 seconds
Iteration 0:	0.0637171268 seconds	0.0000000000 seconds
Iteration 0:	0.0637381077 seconds	0.0000000000 seconds
Iteration 0:	0.0637090206 seconds	0.0000000000 seconds
Iteration 0:	0.0637209415 seconds	0.0000000000 seconds
Iteration 0:	0.0637240410 seconds	0.0000000000 seconds
Iteration 1:	0.0249819756 seconds	0.0000000000 seconds
Iteration 1:	0.0249810219 seconds	0.0000000000 seconds
Iteration 1:	0.0249781609 seconds	0.0000000000 seconds
Iteration 1:	0.0249950886 seconds	0.0000000000 seconds
Iteration 1:	0.0249989033 seconds	0.0000000000 seconds
Iteration 1:	0.0250010490 seconds	0.0000000000 seconds
Iteration 1:	0.0249979496 seconds	0.0000000000 seconds
Iteration 1:	0.0249958038 seconds	0.0000000000 seconds
Iteration 1:	0.0250031948 seconds	0.0000000000 seconds
Iteration 1:	0.0250020027 seconds	0.0000000000 seconds
Iteration 1:	0.0249948502 seconds	0.0000000000 seconds
Iteration 1:	0.0249969959 seconds	0.0000000000 seconds
Iteration 1:	0.0250029564 seconds	0.0000000000 seconds
Iteration 1:	0.0249960423 seconds	0.0000000000 seconds
Iteration 1:	0.0250010490 seconds	0.0000000000 seconds
Iteration 1:	0.0249969959 seconds	0.0000000000 seconds
Iteration 1:	0.0250029564 seconds	0.0000000000 seconds
Iteration 1:	0.0250051022 seconds	0.0000000000 seconds
Iteration 1:	0.0250229836 seconds	0.0000000000 seconds
Iteration 1:	0.0250108242 seconds	0.0000000000 seconds
Iteration 1:	0.0250060558 seconds	0.0000000000 seconds
Iteration 1:	0.0249810219 seconds	0.0000000000 seconds
Iteration 1:	0.0249810219 seconds	0.0000000000 seconds
Iteration 1:	0.0249800682 seconds	0.0000000000 seconds
Iteration 1:	0.0250101089 seconds	0.0000000000 seconds
Iteration 1:	0.0250170231 seconds	0.0000000000 seconds
Iteration 1:	0.0250051022 seconds	0.0000009537 seconds
Iteration 1:	0.0250029564 seconds	0.0000000000 seconds
Iteration 1:	0.0250179768 seconds	0.0000009537 seconds
Iteration 1:	0.0250048637 seconds	0.0000000000 seconds
Iteration 1:	0.0250189304 seconds	0.0000000000 seconds
Iteration 1:	0.0250189304 seconds	0.0000000000 seconds
Iteration 2:	0.0269560814 seconds	0.0000000000 seconds
Iteration 2:	0.0269401073 seconds	0.0000000000 seconds
Iteration 2:	0.0269558430 seconds	0.0000000000 seconds
Iteration 2:	0.0269498825 seconds	0.0000000000 seconds
Iteration 2:	0.0269470215 seconds	0.0000000000 seconds
Iteration 2:	0.0269579887 seconds	0.0000000000 seconds
Iteration 2:	0.0269439220 seconds	0.0000000000 seconds
Iteration 2:	0.0269529819 seconds	0.0000000000 seconds
Iteration 2:	0.0269558430 seconds	0.0000000000 seconds
Iteration 2:	0.0269539356 seconds	0.0000000000 seconds
Iteration 2:	0.0269491673 seconds	0.0000000000 seconds
Iteration 2:	0.0269541740 seconds	0.0000000000 seconds
Iteration 2:	0.0269489288 seconds	0.0000000000 seconds
Iteration 2:	0.0269510746 seconds	0.0000000000 seconds
Iteration 2:	0.0269520283 seconds	0.0000009537 seconds
Iteration 2:	0.0269520283 seconds	0.0000000000 seconds
Iteration 2:	0.0269398689 seconds	0.0000000000 seconds
Iteration 2:	0.0269398689 seconds	0.0000000000 seconds
Iteration 2:	0.0269398689 seconds	0.0000000000 seconds
Iteration 2:	0.0269410610 seconds	0.0000000000 seconds
Iteration 2:	0.0269649029 seconds	0.0000000000 seconds
Iteration 2:	0.0269658566 seconds	0.0000000000 seconds
Iteration 2:	0.0269670486 seconds	0.0000000000 seconds
Iteration 2:	0.0269651413 seconds	0.0000000000 seconds
Iteration 2:	0.0269670486 seconds	0.0000000000 seconds
Iteration 2:	0.0269551277 seconds	0.0000000000 seconds
Iteration 2:	0.0269620419 seconds	0.0000000000 seconds
Iteration 2:	0.0269598961 seconds	0.0000000000 seconds
Iteration 2:	0.0269601345 seconds	0.0000000000 seconds
Iteration 2:	0.0269541740 seconds	0.0000009537 seconds
Iteration 2:	0.0269560814 seconds	0.0000000000 seconds
Iteration 2:	0.0269510746 seconds	0.0000000000 seconds
Iteration 3:	0.0249898434 seconds	0.0000000000 seconds
Iteration 3:	0.0249891281 seconds	0.0000000000 seconds
Iteration 3:	0.0249888897 seconds	0.0000000000 seconds
Iteration 3:	0.0249869823 seconds	0.0000000000 seconds
Iteration 3:	0.0249891281 seconds	0.0000000000 seconds
Iteration 3:	0.0249929428 seconds	0.0000000000 seconds
Iteration 3:	0.0249969959 seconds	0.0000000000 seconds
Iteration 3:	0.0249969959 seconds	0.0000000000 seconds
Iteration 3:	0.0249919891 seconds	0.0000000000 seconds
Iteration 3:	0.0249929428 seconds	0.0000000000 seconds
Iteration 3:	0.0249910355 seconds	0.0000000000 seconds
Iteration 3:	0.0249929428 seconds	0.0000000000 seconds
Iteration 3:	0.0250010490 seconds	0.0000000000 seconds
Iteration 3:	0.0249941349 seconds	0.0000000000 seconds
Iteration 3:	0.0249969959 seconds	0.0000009537 seconds
Iteration 3:	0.0249919891 seconds	0.0000000000 seconds
Iteration 3:	0.0249888897 seconds	0.0000000000 seconds
Iteration 3:	0.0249941349 seconds	0.0000000000 seconds
Iteration 3:	0.0249941349 seconds	0.0000000000 seconds
Iteration 3:	0.0250010490 seconds	0.0000000000 seconds
Iteration 3:	0.0250170231 seconds	0.0000000000 seconds
Iteration 3:	0.0250151157 seconds	0.0000000000 seconds
Iteration 3:	0.0250139236 seconds	0.0000000000 seconds
Iteration 3:	0.0250139236 seconds	0.0000000000 seconds
Iteration 3:	0.0250270367 seconds	0.0000000000 seconds
Iteration 3:	0.0250139236 seconds	0.0000000000 seconds
Iteration 3:	0.0250098705 seconds	0.0000000000 seconds
Iteration 3:	0.0250139236 seconds	0.0000000000 seconds
Iteration 3:	0.0250120163 seconds	0.0000000000 seconds
Iteration 3:	0.0250248909 seconds	0.0000000000 seconds
Iteration 3:	0.0250251293 seconds	0.0000000000 seconds
Iteration 3:	0.0250229836 seconds	0.0000011921 seconds
Iteration 4:	0.0269439220 seconds	0.0000000000 seconds
Iteration 4:	0.0269458294 seconds	0.0000000000 seconds
Iteration 4:	0.0269498825 seconds	0.0000000000 seconds
Iteration 4:	0.0269470215 seconds	0.0000000000 seconds
Iteration 4:	0.0269479752 seconds	0.0000000000 seconds
Iteration 4:	0.0269448757 seconds	0.0000000000 seconds
Iteration 4:	0.0269448757 seconds	0.0000000000 seconds
Iteration 4:	0.0269489288 seconds	0.0000000000 seconds
Iteration 4:	0.0269520283 seconds	0.0000000000 seconds
Iteration 4:	0.0269470215 seconds	0.0000000000 seconds
Iteration 4:	0.0269520283 seconds	0.0000000000 seconds
Iteration 4:	0.0269720554 seconds	0.0000000000 seconds
Iteration 4:	0.0269548893 seconds	0.0000000000 seconds
Iteration 4:	0.0269560814 seconds	0.0000000000 seconds
Iteration 4:	0.0269730091 seconds	0.0000000000 seconds
Iteration 4:	0.0269730091 seconds	0.0000000000 seconds
Iteration 4:	0.0269351006 seconds	0.0000000000 seconds
Iteration 4:	0.0269360542 seconds	0.0000000000 seconds
Iteration 4:	0.0269391537 seconds	0.0000000000 seconds
Iteration 4:	0.0269382000 seconds	0.0000000000 seconds
Iteration 4:	0.0269401073 seconds	0.0000000000 seconds
Iteration 4:	0.0269470215 seconds	0.0000000000 seconds
Iteration 4:	0.0269408226 seconds	0.0000000000 seconds
Iteration 4:	0.0269448757 seconds	0.0000000000 seconds
Iteration 4:	0.0269458294 seconds	0.0000000000 seconds
Iteration 4:	0.0269458294 seconds	0.0000000000 seconds
Iteration 4:	0.0269451141 seconds	0.0000000000 seconds
Iteration 4:	0.0269429684 seconds	0.0000000000 seconds
Iteration 4:	0.0269460678 seconds	0.0000000000 seconds
Iteration 4:	0.0269720554 seconds	0.0000000000 seconds
Iteration 4:	0.0269649029 seconds	0.0000000000 seconds
Iteration 4:	0.0269658566 seconds	0.0000000000 seconds
Iteration 5:	0.0249791145 seconds	0.0000000000 seconds
Iteration 5:	0.0249800682 seconds	0.0000000000 seconds
Iteration 5:	0.0249779224 seconds	0.0000000000 seconds
Iteration 5:	0.0249779224 seconds	0.0000000000 seconds
Iteration 5:	0.0249791145 seconds	0.0000000000 seconds
Iteration 5:	0.0249788761 seconds	0.0000000000 seconds
Iteration 5:	0.0249800682 seconds	0.0000000000 seconds
Iteration 5:	0.0249800682 seconds	0.0000000000 seconds
Iteration 5:	0.0249829292 seconds	0.0000000000 seconds
Iteration 5:	0.0249819756 seconds	0.0000000000 seconds
Iteration 5:	0.0249850750 seconds	0.0000000000 seconds
Iteration 5:	0.0249810219 seconds	0.0000000000 seconds
Iteration 5:	0.0249841213 seconds	0.0000000000 seconds
Iteration 5:	0.0249898434 seconds	0.0000000000 seconds
Iteration 5:	0.0249891281 seconds	0.0000000000 seconds
Iteration 5:	0.0249891281 seconds	0.0000000000 seconds
Iteration 5:	0.0249640942 seconds	0.0000000000 seconds
Iteration 5:	0.0249629021 seconds	0.0000000000 seconds
Iteration 5:	0.0249609947 seconds	0.0000000000 seconds
Iteration 5:	0.0249760151 seconds	0.0000000000 seconds
Iteration 5:	0.0249588490 seconds	0.0000000000 seconds
Iteration 5:	0.0249619484 seconds	0.0000000000 seconds
Iteration 5:	0.0249629021 seconds	0.0000000000 seconds
Iteration 5:	0.0249609947 seconds	0.0000000000 seconds
Iteration 5:	0.0249609947 seconds	0.0000000000 seconds
Iteration 5:	0.0249850750 seconds	0.0000000000 seconds
Iteration 5:	0.0249891281 seconds	0.0000000000 seconds
Iteration 5:	0.0249900818 seconds	0.0000000000 seconds
Iteration 5:	0.0250060558 seconds	0.0000000000 seconds
Iteration 5:	0.0250010490 seconds	0.0000000000 seconds
Iteration 5:	0.0250010490 seconds	0.0000000000 seconds
Iteration 5:	0.0249979496 seconds	0.0000011921 seconds
Iteration 6:	0.0269548893 seconds	0.0000000000 seconds
Iteration 6:	0.0269539356 seconds	0.0000000000 seconds
Iteration 6:	0.0269551277 seconds	0.0000000000 seconds
Iteration 6:	0.0269570351 seconds	0.0000000000 seconds
Iteration 6:	0.0269370079 seconds	0.0000000000 seconds
Iteration 6:	0.0269579887 seconds	0.0000000000 seconds
Iteration 6:	0.0269489288 seconds	0.0000000000 seconds
Iteration 6:	0.0269520283 seconds	0.0000000000 seconds
Iteration 6:	0.0269579887 seconds	0.0000000000 seconds
Iteration 6:	0.0269470215 seconds	0.0000000000 seconds
Iteration 6:	0.0269539356 seconds	0.0000000000 seconds
Iteration 6:	0.0269351006 seconds	0.0000000000 seconds
Iteration 6:	0.0269439220 seconds	0.0000000000 seconds
Iteration 6:	0.0269448757 seconds	0.0000000000 seconds
Iteration 6:	0.0269448757 seconds	0.0000000000 seconds
Iteration 6:	0.0269370079 seconds	0.0000000000 seconds
Iteration 6:	0.0269119740 seconds	0.0000000000 seconds
Iteration 6:	0.0269110203 seconds	0.0000000000 seconds
Iteration 6:	0.0269098282 seconds	0.0000011921 seconds
Iteration 6:	0.0269119740 seconds	0.0000000000 seconds
Iteration 6:	0.0269498825 seconds	0.0000000000 seconds
Iteration 6:	0.0269510746 seconds	0.0000000000 seconds
Iteration 6:	0.0269520283 seconds	0.0000009537 seconds
Iteration 6:	0.0269560814 seconds	0.0000000000 seconds
Iteration 6:	0.0269539356 seconds	0.0000000000 seconds
Iteration 6:	0.0269560814 seconds	0.0000000000 seconds
Iteration 6:	0.0269589424 seconds	0.0000000000 seconds
Iteration 6:	0.0269570351 seconds	0.0000000000 seconds
Iteration 6:	0.0269589424 seconds	0.0000000000 seconds
Iteration 6:	0.0269379616 seconds	0.0000000000 seconds
Iteration 6:	0.0269341469 seconds	0.0000000000 seconds
Iteration 6:	0.0269341469 seconds	0.0000000000 seconds
Iteration 7:	0.0249719620 seconds	0.0000000000 seconds
Iteration 7:	0.0249719620 seconds	0.0000009537 seconds
Iteration 7:	0.0249738693 seconds	0.0000000000 seconds
Iteration 7:	0.0249710083 seconds	0.0000000000 seconds
Iteration 7:	0.0249788761 seconds	0.0000000000 seconds
Iteration 7:	0.0249800682 seconds	0.0000000000 seconds
Iteration 7:	0.0249800682 seconds	0.0000000000 seconds
Iteration 7:	0.0249989033 seconds	0.0000000000 seconds
Iteration 7:	0.0250020027 seconds	0.0000000000 seconds
Iteration 7:	0.0250010490 seconds	0.0000000000 seconds
Iteration 7:	0.0250020027 seconds	0.0000000000 seconds
Iteration 7:	0.0251970291 seconds	0.0000000000 seconds
Iteration 7:	0.0251998901 seconds	0.0000000000 seconds
Iteration 7:	0.0252048969 seconds	0.0000000000 seconds
Iteration 7:	0.0252108574 seconds	0.0000000000 seconds
Iteration 7:	0.0252099037 seconds	0.0000000000 seconds
Iteration 7:	0.0251729488 seconds	0.0000000000 seconds
Iteration 7:	0.0251898766 seconds	0.0000000000 seconds
Iteration 7:	0.0251798630 seconds	0.0000000000 seconds
Iteration 7:	0.0252089500 seconds	0.0000000000 seconds
Iteration 7:	0.0252020359 seconds	0.0000000000 seconds
Iteration 7:	0.0252130032 seconds	0.0000000000 seconds
Iteration 7:	0.0252120495 seconds	0.0000000000 seconds
Iteration 7:	0.0252029896 seconds	0.0000000000 seconds
Iteration 7:	0.0251989365 seconds	0.0000000000 seconds
Iteration 7:	0.0252118111 seconds	0.0000000000 seconds
Iteration 7:	0.0252068043 seconds	0.0000000000 seconds
Iteration 7:	0.0252070427 seconds	0.0000000000 seconds
Iteration 7:	0.0252051353 seconds	0.0000000000 seconds
Iteration 7:	0.0252039433 seconds	0.0000011921 seconds
Iteration 7:	0.0252029896 seconds	0.0000000000 seconds
Iteration 7:	0.0251970291 seconds	0.0000000000 seconds
Iteration 8:	0.0270900726 seconds	0.0000000000 seconds
Iteration 8:	0.0270941257 seconds	0.0000000000 seconds
Iteration 8:	0.0270888805 seconds	0.0000000000 seconds
Iteration 8:	0.0270919800 seconds	0.0000009537 seconds
Iteration 8:	0.0270948410 seconds	0.0000000000 seconds
Iteration 8:	0.0270929337 seconds	0.0000000000 seconds
Iteration 8:	0.0270950794 seconds	0.0000000000 seconds
Iteration 8:	0.0271019936 seconds	0.0000000000 seconds
Iteration 8:	0.0270988941 seconds	0.0000000000 seconds
Iteration 8:	0.0271100998 seconds	0.0000000000 seconds
Iteration 8:	0.0271048546 seconds	0.0000000000 seconds
Iteration 8:	0.0271191597 seconds	0.0000000000 seconds
Iteration 8:	0.0271151066 seconds	0.0000000000 seconds
Iteration 8:	0.0271449089 seconds	0.0000000000 seconds
Iteration 8:	0.0271458626 seconds	0.0000000000 seconds
Iteration 8:	0.0271580219 seconds	0.0000000000 seconds
Iteration 8:	0.0271079540 seconds	0.0000000000 seconds
Iteration 8:	0.0271120071 seconds	0.0000000000 seconds
Iteration 8:	0.0271100998 seconds	0.0000000000 seconds
Iteration 8:	0.0273468494 seconds	0.0000000000 seconds
Iteration 8:	0.0273518562 seconds	0.0000000000 seconds
Iteration 8:	0.0271458626 seconds	0.0000000000 seconds
Iteration 8:	0.0273501873 seconds	0.0000000000 seconds
Iteration 8:	0.0271430016 seconds	0.0000000000 seconds
Iteration 8:	0.0273489952 seconds	0.0000000000 seconds
Iteration 8:	0.0273759365 seconds	0.0000000000 seconds
Iteration 8:	0.0273759365 seconds	0.0000000000 seconds
Iteration 8:	0.0273749828 seconds	0.0000000000 seconds
Iteration 8:	0.0273602009 seconds	0.0000000000 seconds
Iteration 8:	0.0273759365 seconds	0.0000000000 seconds
Iteration 8:	0.0273590088 seconds	0.0000000000 seconds
Iteration 8:	0.0273609161 seconds	0.0000000000 seconds
Iteration 9:	0.0249850750 seconds	0.0000000000 seconds
Iteration 9:	0.0249860287 seconds	0.0000000000 seconds
Iteration 9:	0.0249819756 seconds	0.0000000000 seconds
Iteration 9:	0.0250198841 seconds	0.0000000000 seconds
Iteration 9:	0.0250198841 seconds	0.0000000000 seconds
Iteration 9:	0.0250139236 seconds	0.0000000000 seconds
Iteration 9:	0.0250320435 seconds	0.0000000000 seconds
Iteration 9:	0.0250351429 seconds	0.0000000000 seconds
Iteration 9:	0.0250320435 seconds	0.0000000000 seconds
Iteration 9:	0.0250320435 seconds	0.0000000000 seconds
Iteration 9:	0.0250139236 seconds	0.0000000000 seconds
Iteration 9:	0.0250279903 seconds	0.0000000000 seconds
Iteration 9:	0.0250260830 seconds	0.0000000000 seconds
Iteration 9:	0.0250270367 seconds	0.0000000000 seconds
Iteration 9:	0.0250058174 seconds	0.0000000000 seconds
Iteration 9:	0.0250079632 seconds	0.0000000000 seconds
Iteration 9:	0.0249669552 seconds	0.0000000000 seconds
Iteration 9:	0.0249679089 seconds	0.0000000000 seconds
Iteration 9:	0.0249681473 seconds	0.0000000000 seconds
Iteration 9:	0.0249760151 seconds	0.0000000000 seconds
Iteration 9:	0.0249819756 seconds	0.0000009537 seconds
Iteration 9:	0.0249850750 seconds	0.0000000000 seconds
Iteration 9:	0.0249788761 seconds	0.0000000000 seconds
Iteration 9:	0.0249819756 seconds	0.0000000000 seconds
Iteration 9:	0.0249819756 seconds	0.0000000000 seconds
Iteration 9:	0.0249910355 seconds	0.0000000000 seconds
Iteration 9:	0.0250120163 seconds	0.0000000000 seconds
Iteration 9:	0.0250110626 seconds	0.0000000000 seconds
Iteration 9:	0.0249941349 seconds	0.0000000000 seconds
Iteration 9:	0.0249929428 seconds	0.0000000000 seconds
Iteration 9:	0.0249960423 seconds	0.0000000000 seconds
Iteration 9:	0.0250198841 seconds	0.0000000000 seconds
Iteration 10:	0.0269510746 seconds	0.0000000000 seconds
Iteration 10:	0.0269460678 seconds	0.0000000000 seconds
Iteration 10:	0.0269470215 seconds	0.0000000000 seconds
Iteration 10:	0.0269460678 seconds	0.0000000000 seconds
Iteration 10:	0.0269482136 seconds	0.0000000000 seconds
Iteration 10:	0.0269498825 seconds	0.0000009537 seconds
Iteration 10:	0.0269551277 seconds	0.0000000000 seconds
Iteration 10:	0.0269579887 seconds	0.0000000000 seconds
Iteration 10:	0.0269529819 seconds	0.0000000000 seconds
Iteration 10:	0.0269489288 seconds	0.0000000000 seconds
Iteration 10:	0.0269579887 seconds	0.0000000000 seconds
Iteration 10:	0.0269520283 seconds	0.0000000000 seconds
Iteration 10:	0.0269498825 seconds	0.0000000000 seconds
Iteration 10:	0.0269489288 seconds	0.0000000000 seconds
Iteration 10:	0.0269520283 seconds	0.0000000000 seconds
Iteration 10:	0.0269520283 seconds	0.0000000000 seconds
Iteration 10:	0.0269310474 seconds	0.0000000000 seconds
Iteration 10:	0.0269329548 seconds	0.0000000000 seconds
Iteration 10:	0.0269451141 seconds	0.0000000000 seconds
Iteration 10:	0.0269370079 seconds	0.0000000000 seconds
Iteration 10:	0.0269470215 seconds	0.0000000000 seconds
Iteration 10:	0.0269649029 seconds	0.0000000000 seconds
Iteration 10:	0.0269410610 seconds	0.0000000000 seconds
Iteration 10:	0.0269448757 seconds	0.0000000000 seconds
Iteration 10:	0.0269620419 seconds	0.0000000000 seconds
Iteration 10:	0.0269589424 seconds	0.0000000000 seconds
Iteration 10:	0.0269658566 seconds	0.0000000000 seconds
Iteration 10:	0.0269601345 seconds	0.0000000000 seconds
Iteration 10:	0.0269608498 seconds	0.0000000000 seconds
Iteration 10:	0.0269508362 seconds	0.0000000000 seconds
Iteration 10:	0.0269548893 seconds	0.0000000000 seconds
Iteration 10:	0.0269529819 seconds	0.0000000000 seconds
Iteration 11:	0.0249931812 seconds	0.0000000000 seconds
Iteration 11:	0.0249948502 seconds	0.0000000000 seconds
Iteration 11:	0.0249969959 seconds	0.0000000000 seconds
Iteration 11:	0.0249857903 seconds	0.0000000000 seconds
Iteration 11:	0.0249860287 seconds	0.0000000000 seconds
Iteration 11:	0.0249900818 seconds	0.0000000000 seconds
Iteration 11:	0.0249888897 seconds	0.0000000000 seconds
Iteration 11:	0.0249979496 seconds	0.0000000000 seconds
Iteration 11:	0.0249979496 seconds	0.0000000000 seconds
Iteration 11:	0.0249881744 seconds	0.0000000000 seconds
Iteration 11:	0.0249860287 seconds	0.0000000000 seconds
Iteration 11:	0.0249929428 seconds	0.0000000000 seconds
Iteration 11:	0.0249881744 seconds	0.0000000000 seconds
Iteration 11:	0.0249860287 seconds	0.0000000000 seconds
Iteration 11:	0.0249869823 seconds	0.0000000000 seconds
Iteration 11:	0.0249910355 seconds	0.0000000000 seconds
Iteration 11:	0.0249848366 seconds	0.0000000000 seconds
Iteration 11:	0.0249860287 seconds	0.0000000000 seconds
Iteration 11:	0.0249810219 seconds	0.0000000000 seconds
Iteration 11:	0.0249879360 seconds	0.0000000000 seconds
Iteration 11:	0.0249969959 seconds	0.0000000000 seconds
Iteration 11:	0.0249879360 seconds	0.0000000000 seconds
Iteration 11:	0.0249969959 seconds	0.0000000000 seconds
Iteration 11:	0.0249841213 seconds	0.0000000000 seconds
Iteration 11:	0.0250051022 seconds	0.0000000000 seconds
Iteration 11:	0.0249969959 seconds	0.0000000000 seconds
Iteration 11:	0.0249872208 seconds	0.0000000000 seconds
Iteration 11:	0.0250091553 seconds	0.0000000000 seconds
Iteration 11:	0.0249869823 seconds	0.0000000000 seconds
Iteration 11:	0.0250039101 seconds	0.0000000000 seconds
Iteration 11:	0.0250020027 seconds	0.0000000000 seconds
Iteration 11:	0.0249950886 seconds	0.0000000000 seconds
Iteration 12:	0.0269320011 seconds	0.0000009537 seconds
Iteration 12:	0.0269210339 seconds	0.0000000000 seconds
Iteration 12:	0.0269198418 seconds	0.0000000000 seconds
Iteration 12:	0.0269320011 seconds	0.0000000000 seconds
Iteration 12:	0.0269348621 seconds	0.0000000000 seconds
Iteration 12:	0.0269341469 seconds	0.0000000000 seconds
Iteration 12:	0.0269339085 seconds	0.0000000000 seconds
Iteration 12:	0.0269389153 seconds	0.0000000000 seconds
Iteration 12:	0.0269510746 seconds	0.0000000000 seconds
Iteration 12:	0.0269269943 seconds	0.0000000000 seconds
Iteration 12:	0.0269300938 seconds	0.0000000000 seconds
Iteration 12:	0.0269291401 seconds	0.0000000000 seconds
Iteration 12:	0.0269320011 seconds	0.0000000000 seconds
Iteration 12:	0.0269348621 seconds	0.0000000000 seconds
Iteration 12:	0.0269470215 seconds	0.0000000000 seconds
Iteration 12:	0.0269479752 seconds	0.0000000000 seconds
Iteration 12:	0.0269310474 seconds	0.0000000000 seconds
Iteration 12:	0.0269339085 seconds	0.0000000000 seconds
Iteration 12:	0.0269360542 seconds	0.0000000000 seconds
Iteration 12:	0.0269358158 seconds	0.0000000000 seconds
Iteration 12:	0.0269451141 seconds	0.0000000000 seconds
Iteration 12:	0.0269439220 seconds	0.0000000000 seconds
Iteration 12:	0.0269439220 seconds	0.0000000000 seconds
Iteration 12:	0.0269570351 seconds	0.0000000000 seconds
Iteration 12:	0.0269558430 seconds	0.0000000000 seconds
Iteration 12:	0.0269508362 seconds	0.0000000000 seconds
Iteration 12:	0.0269558430 seconds	0.0000000000 seconds
Iteration 12:	0.0269420147 seconds	0.0000000000 seconds
Iteration 12:	0.0269510746 seconds	0.0000000000 seconds
Iteration 12:	0.0269370079 seconds	0.0000000000 seconds
Iteration 12:	0.0269489288 seconds	0.0000000000 seconds
Iteration 12:	0.0269498825 seconds	0.0000011921 seconds
Iteration 13:	0.0249640942 seconds	0.0000000000 seconds
Iteration 13:	0.0249700546 seconds	0.0000000000 seconds
Iteration 13:	0.0249710083 seconds	0.0000000000 seconds
Iteration 13:	0.0249750614 seconds	0.0000000000 seconds
Iteration 13:	0.0249810219 seconds	0.0000000000 seconds
Iteration 13:	0.0249860287 seconds	0.0000000000 seconds
Iteration 13:	0.0249841213 seconds	0.0000000000 seconds
Iteration 13:	0.0249829292 seconds	0.0000000000 seconds
Iteration 13:	0.0249829292 seconds	0.0000000000 seconds
Iteration 13:	0.0249857903 seconds	0.0000000000 seconds
Iteration 13:	0.0249850750 seconds	0.0000000000 seconds
Iteration 13:	0.0249991417 seconds	0.0000000000 seconds
Iteration 13:	0.0249900818 seconds	0.0000000000 seconds
Iteration 13:	0.0249850750 seconds	0.0000000000 seconds
Iteration 13:	0.0249991417 seconds	0.0000000000 seconds
Iteration 13:	0.0249869823 seconds	0.0000000000 seconds
Iteration 13:	0.0249938965 seconds	0.0000000000 seconds
Iteration 13:	0.0249998569 seconds	0.0000000000 seconds
Iteration 13:	0.0249991417 seconds	0.0000000000 seconds
Iteration 13:	0.0250029564 seconds	0.0000000000 seconds
Iteration 13:	0.0250041485 seconds	0.0000000000 seconds
Iteration 13:	0.0249929428 seconds	0.0000000000 seconds
Iteration 13:	0.0249960423 seconds	0.0000000000 seconds
Iteration 13:	0.0249922276 seconds	0.0000000000 seconds
Iteration 13:	0.0249941349 seconds	0.0000000000 seconds
Iteration 13:	0.0249991417 seconds	0.0000000000 seconds
Iteration 13:	0.0249910355 seconds	0.0000000000 seconds
Iteration 13:	0.0249950886 seconds	0.0000000000 seconds
Iteration 13:	0.0249898434 seconds	0.0000000000 seconds
Iteration 13:	0.0250041485 seconds	0.0000000000 seconds
Iteration 13:	0.0250000954 seconds	0.0000000000 seconds
Iteration 13:	0.0250029564 seconds	0.0000000000 seconds
Iteration 14:	0.0269470215 seconds	0.0000000000 seconds
Iteration 14:	0.0269470215 seconds	0.0000000000 seconds
Iteration 14:	0.0269498825 seconds	0.0000000000 seconds
Iteration 14:	0.0269498825 seconds	0.0000000000 seconds
Iteration 14:	0.0269579887 seconds	0.0000000000 seconds
Iteration 14:	0.0269482136 seconds	0.0000000000 seconds
Iteration 14:	0.0269591808 seconds	0.0000000000 seconds
Iteration 14:	0.0269491673 seconds	0.0000000000 seconds
Iteration 14:	0.0269579887 seconds	0.0000000000 seconds
Iteration 14:	0.0269510746 seconds	0.0000000000 seconds
Iteration 14:	0.0269551277 seconds	0.0000000000 seconds
Iteration 14:	0.0269570351 seconds	0.0000000000 seconds
Iteration 14:	0.0269589424 seconds	0.0000000000 seconds
Iteration 14:	0.0269539356 seconds	0.0000000000 seconds
Iteration 14:	0.0269539356 seconds	0.0000009537 seconds
Iteration 14:	0.0269520283 seconds	0.0000000000 seconds
Iteration 14:	0.0269360542 seconds	0.0000000000 seconds
Iteration 14:	0.0269331932 seconds	0.0000000000 seconds
Iteration 14:	0.0269348621 seconds	0.0000000000 seconds
Iteration 14:	0.0269360542 seconds	0.0000000000 seconds
Iteration 14:	0.0269668102 seconds	0.0000000000 seconds
Iteration 14:	0.0269610882 seconds	0.0000000000 seconds
Iteration 14:	0.0269649029 seconds	0.0000000000 seconds
Iteration 14:	0.0269608498 seconds	0.0000000000 seconds
Iteration 14:	0.0269508362 seconds	0.0000000000 seconds
Iteration 14:	0.0269520283 seconds	0.0000000000 seconds
Iteration 14:	0.0269501209 seconds	0.0000000000 seconds
Iteration 14:	0.0269649029 seconds	0.0000000000 seconds
Iteration 14:	0.0269579887 seconds	0.0000000000 seconds
Iteration 14:	0.0269610882 seconds	0.0000000000 seconds
Iteration 14:	0.0269539356 seconds	0.0000000000 seconds
Iteration 14:	0.0269598961 seconds	0.0000000000 seconds
Iteration 15:	0.0249929428 seconds	0.0000000000 seconds
Iteration 15:	0.0249891281 seconds	0.0000000000 seconds
Iteration 15:	0.0250020027 seconds	0.0000000000 seconds
Iteration 15:	0.0249969959 seconds	0.0000000000 seconds
Iteration 15:	0.0250101089 seconds	0.0000000000 seconds
Iteration 15:	0.0249991417 seconds	0.0000000000 seconds
Iteration 15:	0.0249941349 seconds	0.0000000000 seconds
Iteration 15:	0.0249960423 seconds	0.0000000000 seconds
Iteration 15:	0.0250020027 seconds	0.0000000000 seconds
Iteration 15:	0.0249960423 seconds	0.0000000000 seconds
Iteration 15:	0.0249929428 seconds	0.0000000000 seconds
Iteration 15:	0.0250020027 seconds	0.0000000000 seconds
Iteration 15:	0.0249979496 seconds	0.0000000000 seconds
Iteration 15:	0.0249929428 seconds	0.0000000000 seconds
Iteration 15:	0.0249948502 seconds	0.0000000000 seconds
Iteration 15:	0.0249979496 seconds	0.0000000000 seconds
Iteration 15:	0.0250039101 seconds	0.0000000000 seconds
Iteration 15:	0.0250020027 seconds	0.0000000000 seconds
Iteration 15:	0.0250041485 seconds	0.0000000000 seconds
Iteration 15:	0.0250029564 seconds	0.0000000000 seconds
Iteration 15:	0.0249979496 seconds	0.0000000000 seconds
Iteration 15:	0.0250010490 seconds	0.0000000000 seconds
Iteration 15:	0.0250000954 seconds	0.0000000000 seconds
Iteration 15:	0.0249950886 seconds	0.0000000000 seconds
Iteration 15:	0.0250089169 seconds	0.0000000000 seconds
Iteration 15:	0.0249979496 seconds	0.0000000000 seconds
Iteration 15:	0.0250220299 seconds	0.0000000000 seconds
Iteration 15:	0.0250089169 seconds	0.0000000000 seconds
Iteration 15:	0.0250101089 seconds	0.0000000000 seconds
Iteration 15:	0.0250241756 seconds	0.0000000000 seconds
Iteration 15:	0.0250220299 seconds	0.0000000000 seconds
Iteration 15:	0.0250220299 seconds	0.0000000000 seconds
Iteration 16:	0.0269417763 seconds	0.0000000000 seconds
Iteration 16:	0.0269439220 seconds	0.0000000000 seconds
Iteration 16:	0.0269429684 seconds	0.0000000000 seconds
Iteration 16:	0.0269598961 seconds	0.0000000000 seconds
Iteration 16:	0.0269579887 seconds	0.0000000000 seconds
Iteration 16:	0.0269598961 seconds	0.0000000000 seconds
Iteration 16:	0.0269610882 seconds	0.0000000000 seconds
Iteration 16:	0.0269639492 seconds	0.0000000000 seconds
Iteration 16:	0.0269610882 seconds	0.0000009537 seconds
Iteration 16:	0.0269670486 seconds	0.0000000000 seconds
Iteration 16:	0.0269680023 seconds	0.0000000000 seconds
Iteration 16:	0.0269629955 seconds	0.0000000000 seconds
Iteration 16:	0.0269598961 seconds	0.0000000000 seconds
Iteration 16:	0.0269649029 seconds	0.0000000000 seconds
Iteration 16:	0.0269610882 seconds	0.0000000000 seconds
Iteration 16:	0.0269639492 seconds	0.0000000000 seconds
Iteration 16:	0.0269420147 seconds	0.0000000000 seconds
Iteration 16:	0.0269391537 seconds	0.0000000000 seconds
Iteration 16:	0.0269470215 seconds	0.0000000000 seconds
Iteration 16:	0.0269439220 seconds	0.0000000000 seconds
Iteration 16:	0.0269439220 seconds	0.0000000000 seconds
Iteration 16:	0.0269398689 seconds	0.0000000000 seconds
Iteration 16:	0.0269432068 seconds	0.0000000000 seconds
Iteration 16:	0.0269629955 seconds	0.0000000000 seconds
Iteration 16:	0.0269620419 seconds	0.0000000000 seconds
Iteration 16:	0.0269670486 seconds	0.0000000000 seconds
Iteration 16:	0.0269649029 seconds	0.0000000000 seconds
Iteration 16:	0.0269689560 seconds	0.0000000000 seconds
Iteration 16:	0.0269680023 seconds	0.0000000000 seconds
Iteration 16:	0.0269701481 seconds	0.0000000000 seconds
Iteration 16:	0.0269680023 seconds	0.0000000000 seconds
Iteration 16:	0.0269689560 seconds	0.0000000000 seconds
Iteration 17:	0.0250029564 seconds	0.0000000000 seconds
Iteration 17:	0.0250000954 seconds	0.0000000000 seconds
Iteration 17:	0.0250010490 seconds	0.0000000000 seconds
Iteration 17:	0.0249860287 seconds	0.0000000000 seconds
Iteration 17:	0.0249879360 seconds	0.0000000000 seconds
Iteration 17:	0.0249850750 seconds	0.0000000000 seconds
Iteration 17:	0.0249960423 seconds	0.0000000000 seconds
Iteration 17:	0.0249981880 seconds	0.0000000000 seconds
Iteration 17:	0.0249891281 seconds	0.0000000000 seconds
Iteration 17:	0.0249860287 seconds	0.0000000000 seconds
Iteration 17:	0.0249948502 seconds	0.0000000000 seconds
Iteration 17:	0.0249969959 seconds	0.0000000000 seconds
Iteration 17:	0.0249888897 seconds	0.0000000000 seconds
Iteration 17:	0.0249888897 seconds	0.0000000000 seconds
Iteration 17:	0.0249900818 seconds	0.0000000000 seconds
Iteration 17:	0.0249879360 seconds	0.0000000000 seconds
Iteration 17:	0.0249991417 seconds	0.0000000000 seconds
Iteration 17:	0.0250010490 seconds	0.0000000000 seconds
Iteration 17:	0.0250000954 seconds	0.0000000000 seconds
Iteration 17:	0.0250091553 seconds	0.0000000000 seconds
Iteration 17:	0.0250029564 seconds	0.0000000000 seconds
Iteration 17:	0.0250091553 seconds	0.0000000000 seconds
Iteration 17:	0.0250041485 seconds	0.0000009537 seconds
Iteration 17:	0.0250051022 seconds	0.0000000000 seconds
Iteration 17:	0.0250039101 seconds	0.0000000000 seconds
Iteration 17:	0.0250010490 seconds	0.0000000000 seconds
Iteration 17:	0.0250029564 seconds	0.0000000000 seconds
Iteration 17:	0.0249979496 seconds	0.0000000000 seconds
Iteration 17:	0.0249948502 seconds	0.0000000000 seconds
Iteration 17:	0.0249969959 seconds	0.0000000000 seconds
Iteration 17:	0.0250000954 seconds	0.0000000000 seconds
Iteration 17:	0.0249969959 seconds	0.0000000000 seconds
Iteration 18:	0.0269479752 seconds	0.0000000000 seconds
Iteration 18:	0.0269489288 seconds	0.0000000000 seconds
Iteration 18:	0.0269508362 seconds	0.0000000000 seconds
Iteration 18:	0.0269448757 seconds	0.0000000000 seconds
Iteration 18:	0.0269470215 seconds	0.0000000000 seconds
Iteration 18:	0.0269529819 seconds	0.0000000000 seconds
Iteration 18:	0.0269539356 seconds	0.0000000000 seconds
Iteration 18:	0.0269482136 seconds	0.0000000000 seconds
Iteration 18:	0.0269501209 seconds	0.0000000000 seconds
Iteration 18:	0.0269482136 seconds	0.0000000000 seconds
Iteration 18:	0.0269501209 seconds	0.0000009537 seconds
Iteration 18:	0.0269510746 seconds	0.0000000000 seconds
Iteration 18:	0.0269479752 seconds	0.0000000000 seconds
Iteration 18:	0.0269479752 seconds	0.0000000000 seconds
Iteration 18:	0.0269489288 seconds	0.0000000000 seconds
Iteration 18:	0.0269489288 seconds	0.0000000000 seconds
Iteration 18:	0.0269389153 seconds	0.0000000000 seconds
Iteration 18:	0.0269401073 seconds	0.0000000000 seconds
Iteration 18:	0.0269398689 seconds	0.0000000000 seconds
Iteration 18:	0.0269489288 seconds	0.0000000000 seconds
Iteration 18:	0.0269491673 seconds	0.0000009537 seconds
Iteration 18:	0.0269510746 seconds	0.0000000000 seconds
Iteration 18:	0.0269429684 seconds	0.0000000000 seconds
Iteration 18:	0.0269439220 seconds	0.0000000000 seconds
Iteration 18:	0.0269451141 seconds	0.0000009537 seconds
Iteration 18:	0.0269460678 seconds	0.0000000000 seconds
Iteration 18:	0.0269429684 seconds	0.0000000000 seconds
Iteration 18:	0.0269479752 seconds	0.0000000000 seconds
Iteration 18:	0.0269451141 seconds	0.0000000000 seconds
Iteration 18:	0.0269501209 seconds	0.0000000000 seconds
Iteration 18:	0.0269520283 seconds	0.0000000000 seconds
Iteration 18:	0.0269501209 seconds	0.0000000000 seconds
Iteration 19:	0.0249679089 seconds	0.0000000000 seconds
Iteration 19:	0.0249681473 seconds	0.0000000000 seconds
Iteration 19:	0.0249979496 seconds	0.0000000000 seconds
Iteration 19:	0.0249960423 seconds	0.0000000000 seconds
Iteration 19:	0.0249989033 seconds	0.0000000000 seconds
Iteration 19:	0.0249779224 seconds	0.0000000000 seconds
Iteration 19:	0.0249779224 seconds	0.0000000000 seconds
Iteration 19:	0.0249879360 seconds	0.0000000000 seconds
Iteration 19:	0.0249810219 seconds	0.0000000000 seconds
Iteration 19:	0.0249888897 seconds	0.0000000000 seconds
Iteration 19:	0.0249848366 seconds	0.0000000000 seconds
Iteration 19:	0.0249819756 seconds	0.0000000000 seconds
Iteration 19:	0.0249888897 seconds	0.0000000000 seconds
Iteration 19:	0.0249929428 seconds	0.0000000000 seconds
Iteration 19:	0.0249869823 seconds	0.0000000000 seconds
Iteration 19:	0.0249879360 seconds	0.0000000000 seconds
Iteration 19:	0.0249879360 seconds	0.0000000000 seconds
Iteration 19:	0.0249879360 seconds	0.0000000000 seconds
Iteration 19:	0.0249881744 seconds	0.0000000000 seconds
Iteration 19:	0.0249960423 seconds	0.0000000000 seconds
Iteration 19:	0.0249888897 seconds	0.0000000000 seconds
Iteration 19:	0.0249979496 seconds	0.0000000000 seconds
Iteration 19:	0.0249969959 seconds	0.0000000000 seconds
Iteration 19:	0.0249891281 seconds	0.0000009537 seconds
Iteration 19:	0.0249910355 seconds	0.0000000000 seconds
Iteration 19:	0.0250060558 seconds	0.0000000000 seconds
Iteration 19:	0.0250070095 seconds	0.0000000000 seconds
Iteration 19:	0.0249869823 seconds	0.0000000000 seconds
Iteration 19:	0.0249888897 seconds	0.0000000000 seconds
Iteration 19:	0.0250070095 seconds	0.0000000000 seconds
Iteration 19:	0.0249869823 seconds	0.0000000000 seconds
Iteration 19:	0.0250020027 seconds	0.0000000000 seconds
Iteration 20:	0.0269210339 seconds	0.0000000000 seconds
Iteration 20:	0.0269191265 seconds	0.0000000000 seconds
Iteration 20:	0.0269269943 seconds	0.0000000000 seconds
Iteration 20:	0.0269219875 seconds	0.0000000000 seconds
Iteration 20:	0.0269250870 seconds	0.0000000000 seconds
Iteration 20:	0.0269219875 seconds	0.0000000000 seconds
Iteration 20:	0.0269281864 seconds	0.0000000000 seconds
Iteration 20:	0.0269300938 seconds	0.0000000000 seconds
Iteration 20:	0.0269310474 seconds	0.0000000000 seconds
Iteration 20:	0.0269401073 seconds	0.0000000000 seconds
Iteration 20:	0.0269410610 seconds	0.0000000000 seconds
Iteration 20:	0.0269489288 seconds	0.0000000000 seconds
Iteration 20:	0.0269529819 seconds	0.0000000000 seconds
Iteration 20:	0.0269508362 seconds	0.0000000000 seconds
Iteration 20:	0.0269510746 seconds	0.0000000000 seconds
Iteration 20:	0.0269470215 seconds	0.0000000000 seconds
Iteration 20:	0.0269210339 seconds	0.0000000000 seconds
Iteration 20:	0.0269200802 seconds	0.0000000000 seconds
Iteration 20:	0.0269207954 seconds	0.0000000000 seconds
Iteration 20:	0.0269219875 seconds	0.0000000000 seconds
Iteration 20:	0.0269200802 seconds	0.0000000000 seconds
Iteration 20:	0.0269269943 seconds	0.0000000000 seconds
Iteration 20:	0.0269279480 seconds	0.0000000000 seconds
Iteration 20:	0.0269269943 seconds	0.0000000000 seconds
Iteration 20:	0.0269289017 seconds	0.0000000000 seconds
Iteration 20:	0.0269410610 seconds	0.0000000000 seconds
Iteration 20:	0.0269410610 seconds	0.0000000000 seconds
Iteration 20:	0.0269408226 seconds	0.0000000000 seconds
Iteration 20:	0.0269398689 seconds	0.0000000000 seconds
Iteration 20:	0.0269479752 seconds	0.0000000000 seconds
Iteration 20:	0.0269429684 seconds	0.0000000000 seconds
Iteration 20:	0.0269451141 seconds	0.0000000000 seconds
Iteration 21:	0.0249769688 seconds	0.0000000000 seconds
Iteration 21:	0.0249748230 seconds	0.0000000000 seconds
Iteration 21:	0.0249748230 seconds	0.0000000000 seconds
Iteration 21:	0.0249760151 seconds	0.0000000000 seconds
Iteration 21:	0.0249760151 seconds	0.0000000000 seconds
Iteration 21:	0.0249731541 seconds	0.0000000000 seconds
Iteration 21:	0.0249729156 seconds	0.0000000000 seconds
Iteration 21:	0.0249748230 seconds	0.0000000000 seconds
Iteration 21:	0.0249760151 seconds	0.0000000000 seconds
Iteration 21:	0.0249750614 seconds	0.0000000000 seconds
Iteration 21:	0.0249710083 seconds	0.0000000000 seconds
Iteration 21:	0.0249691010 seconds	0.0000000000 seconds
Iteration 21:	0.0249722004 seconds	0.0000000000 seconds
Iteration 21:	0.0249760151 seconds	0.0000000000 seconds
Iteration 21:	0.0249760151 seconds	0.0000000000 seconds
Iteration 21:	0.0249791145 seconds	0.0000000000 seconds
Iteration 21:	0.0249719620 seconds	0.0000000000 seconds
Iteration 21:	0.0249738693 seconds	0.0000000000 seconds
Iteration 21:	0.0249791145 seconds	0.0000000000 seconds
Iteration 21:	0.0249788761 seconds	0.0000000000 seconds
Iteration 21:	0.0249800682 seconds	0.0000000000 seconds
Iteration 21:	0.0249929428 seconds	0.0000000000 seconds
Iteration 21:	0.0249948502 seconds	0.0000000000 seconds
Iteration 21:	0.0249969959 seconds	0.0000000000 seconds
Iteration 21:	0.0249948502 seconds	0.0000000000 seconds
Iteration 21:	0.0250301361 seconds	0.0000000000 seconds
Iteration 21:	0.0250291824 seconds	0.0000000000 seconds
Iteration 21:	0.0250530243 seconds	0.0000000000 seconds
Iteration 21:	0.0250511169 seconds	0.0000000000 seconds
Iteration 21:	0.0250549316 seconds	0.0000000000 seconds
Iteration 21:	0.0250570774 seconds	0.0000000000 seconds
Iteration 21:	0.0250561237 seconds	0.0000000000 seconds
Iteration 22:	0.0269961357 seconds	0.0000000000 seconds
Iteration 22:	0.0269939899 seconds	0.0000000000 seconds
Iteration 22:	0.0269958973 seconds	0.0000000000 seconds
Iteration 22:	0.0269958973 seconds	0.0000000000 seconds
Iteration 22:	0.0269949436 seconds	0.0000000000 seconds
Iteration 22:	0.0269989967 seconds	0.0000000000 seconds
Iteration 22:	0.0269951820 seconds	0.0000000000 seconds
Iteration 22:	0.0269989967 seconds	0.0000000000 seconds
Iteration 22:	0.0269989967 seconds	0.0000000000 seconds
Iteration 22:	0.0270020962 seconds	0.0000000000 seconds
Iteration 22:	0.0269999504 seconds	0.0000000000 seconds
Iteration 22:	0.0269989967 seconds	0.0000009537 seconds
Iteration 22:	0.0269999504 seconds	0.0000000000 seconds
Iteration 22:	0.0269980431 seconds	0.0000000000 seconds
Iteration 22:	0.0269989967 seconds	0.0000000000 seconds
Iteration 22:	0.0269980431 seconds	0.0000000000 seconds
Iteration 22:	0.0269141197 seconds	0.0000000000 seconds
Iteration 22:	0.0269169807 seconds	0.0000000000 seconds
Iteration 22:	0.0269231796 seconds	0.0000000000 seconds
Iteration 22:	0.0269241333 seconds	0.0000000000 seconds
Iteration 22:	0.0269191265 seconds	0.0000000000 seconds
Iteration 22:	0.0269379616 seconds	0.0000000000 seconds
Iteration 22:	0.0269417763 seconds	0.0000000000 seconds
Iteration 22:	0.0269861221 seconds	0.0000000000 seconds
Iteration 22:	0.0269830227 seconds	0.0000000000 seconds
Iteration 22:	0.0270030499 seconds	0.0000000000 seconds
Iteration 22:	0.0269818306 seconds	0.0000000000 seconds
Iteration 22:	0.0269820690 seconds	0.0000000000 seconds
Iteration 22:	0.0269989967 seconds	0.0000000000 seconds
Iteration 22:	0.0270020962 seconds	0.0000000000 seconds
Iteration 22:	0.0269970894 seconds	0.0000000000 seconds
Iteration 22:	0.0269989967 seconds	0.0000000000 seconds
Iteration 23:	0.0249600410 seconds	0.0000000000 seconds
Iteration 23:	0.0249540806 seconds	0.0000000000 seconds
Iteration 23:	0.0249650478 seconds	0.0000000000 seconds
Iteration 23:	0.0249691010 seconds	0.0000000000 seconds
Iteration 23:	0.0249841213 seconds	0.0000000000 seconds
Iteration 23:	0.0249860287 seconds	0.0000009537 seconds
Iteration 23:	0.0249900818 seconds	0.0000000000 seconds
Iteration 23:	0.0249869823 seconds	0.0000000000 seconds
Iteration 23:	0.0249910355 seconds	0.0000000000 seconds
Iteration 23:	0.0249869823 seconds	0.0000000000 seconds
Iteration 23:	0.0249891281 seconds	0.0000000000 seconds
Iteration 23:	0.0249910355 seconds	0.0000000000 seconds
Iteration 23:	0.0250010490 seconds	0.0000000000 seconds
Iteration 23:	0.0250010490 seconds	0.0000000000 seconds
Iteration 23:	0.0249979496 seconds	0.0000000000 seconds
Iteration 23:	0.0250010490 seconds	0.0000000000 seconds
Iteration 23:	0.0249898434 seconds	0.0000000000 seconds
Iteration 23:	0.0249910355 seconds	0.0000000000 seconds
Iteration 23:	0.0249910355 seconds	0.0000000000 seconds
Iteration 23:	0.0249898434 seconds	0.0000000000 seconds
Iteration 23:	0.0249919891 seconds	0.0000000000 seconds
Iteration 23:	0.0249941349 seconds	0.0000000000 seconds
Iteration 23:	0.0249929428 seconds	0.0000000000 seconds
Iteration 23:	0.0249898434 seconds	0.0000000000 seconds
Iteration 23:	0.0249879360 seconds	0.0000000000 seconds
Iteration 23:	0.0249869823 seconds	0.0000000000 seconds
Iteration 23:	0.0249941349 seconds	0.0000000000 seconds
Iteration 23:	0.0249860287 seconds	0.0000000000 seconds
Iteration 23:	0.0249879360 seconds	0.0000000000 seconds
Iteration 23:	0.0249879360 seconds	0.0000000000 seconds
Iteration 23:	0.0249860287 seconds	0.0000000000 seconds
Iteration 23:	0.0249900818 seconds	0.0000000000 seconds
Iteration 24:	0.0269341469 seconds	0.0000000000 seconds
Iteration 24:	0.0269501209 seconds	0.0000000000 seconds
Iteration 24:	0.0269439220 seconds	0.0000000000 seconds
Iteration 24:	0.0269510746 seconds	0.0000000000 seconds
Iteration 24:	0.0269479752 seconds	0.0000000000 seconds
Iteration 24:	0.0269398689 seconds	0.0000000000 seconds
Iteration 24:	0.0269389153 seconds	0.0000009537 seconds
Iteration 24:	0.0269439220 seconds	0.0000000000 seconds
Iteration 24:	0.0269501209 seconds	0.0000000000 seconds
Iteration 24:	0.0269510746 seconds	0.0000000000 seconds
Iteration 24:	0.0269470215 seconds	0.0000000000 seconds
Iteration 24:	0.0269479752 seconds	0.0000000000 seconds
Iteration 24:	0.0269520283 seconds	0.0000000000 seconds
Iteration 24:	0.0269458294 seconds	0.0000000000 seconds
Iteration 24:	0.0269498825 seconds	0.0000000000 seconds
Iteration 24:	0.0269479752 seconds	0.0000000000 seconds
Iteration 24:	0.0269160271 seconds	0.0000000000 seconds
Iteration 24:	0.0269160271 seconds	0.0000000000 seconds
Iteration 24:	0.0269148350 seconds	0.0000000000 seconds
Iteration 24:	0.0269157887 seconds	0.0000011921 seconds
Iteration 24:	0.0269551277 seconds	0.0000000000 seconds
Iteration 24:	0.0269579887 seconds	0.0000000000 seconds
Iteration 24:	0.0269579887 seconds	0.0000000000 seconds
Iteration 24:	0.0269591808 seconds	0.0000000000 seconds
Iteration 24:	0.0269551277 seconds	0.0000000000 seconds
Iteration 24:	0.0269539356 seconds	0.0000000000 seconds
Iteration 24:	0.0269379616 seconds	0.0000000000 seconds
Iteration 24:	0.0269570351 seconds	0.0000000000 seconds
Iteration 24:	0.0269339085 seconds	0.0000000000 seconds
Iteration 24:	0.0269339085 seconds	0.0000000000 seconds
Iteration 24:	0.0269579887 seconds	0.0000000000 seconds
Iteration 24:	0.0269570351 seconds	0.0000000000 seconds
Iteration 25:	0.0249729156 seconds	0.0000000000 seconds
Iteration 25:	0.0249779224 seconds	0.0000000000 seconds
Iteration 25:	0.0249829292 seconds	0.0000000000 seconds
Iteration 25:	0.0249831676 seconds	0.0000000000 seconds
Iteration 25:	0.0249879360 seconds	0.0000000000 seconds
Iteration 25:	0.0249960423 seconds	0.0000000000 seconds
Iteration 25:	0.0249950886 seconds	0.0000000000 seconds
Iteration 25:	0.0249888897 seconds	0.0000000000 seconds
Iteration 25:	0.0249879360 seconds	0.0000000000 seconds
Iteration 25:	0.0249960423 seconds	0.0000000000 seconds
Iteration 25:	0.0249879360 seconds	0.0000000000 seconds
Iteration 25:	0.0249910355 seconds	0.0000000000 seconds
Iteration 25:	0.0249929428 seconds	0.0000000000 seconds
Iteration 25:	0.0249929428 seconds	0.0000000000 seconds
Iteration 25:	0.0249929428 seconds	0.0000000000 seconds
Iteration 25:	0.0249960423 seconds	0.0000000000 seconds
Iteration 25:	0.0249879360 seconds	0.0000000000 seconds
Iteration 25:	0.0249991417 seconds	0.0000000000 seconds
Iteration 25:	0.0249860287 seconds	0.0000000000 seconds
Iteration 25:	0.0249989033 seconds	0.0000000000 seconds
Iteration 25:	0.0249879360 seconds	0.0000000000 seconds
Iteration 25:	0.0250058174 seconds	0.0000000000 seconds
Iteration 25:	0.0250010490 seconds	0.0000000000 seconds
Iteration 25:	0.0249991417 seconds	0.0000000000 seconds
Iteration 25:	0.0250070095 seconds	0.0000000000 seconds
Iteration 25:	0.0249979496 seconds	0.0000000000 seconds
Iteration 25:	0.0250060558 seconds	0.0000000000 seconds
Iteration 25:	0.0250079632 seconds	0.0000000000 seconds
Iteration 25:	0.0249998569 seconds	0.0000000000 seconds
Iteration 25:	0.0249998569 seconds	0.0000000000 seconds
Iteration 25:	0.0249981880 seconds	0.0000000000 seconds
Iteration 25:	0.0249969959 seconds	0.0000000000 seconds
Iteration 26:	0.0269179344 seconds	0.0000000000 seconds
Iteration 26:	0.0269200802 seconds	0.0000000000 seconds
Iteration 26:	0.0269610882 seconds	0.0000000000 seconds
Iteration 26:	0.0269680023 seconds	0.0000000000 seconds
Iteration 26:	0.0269670486 seconds	0.0000000000 seconds
Iteration 26:	0.0269660950 seconds	0.0000000000 seconds
Iteration 26:	0.0271420479 seconds	0.0000000000 seconds
Iteration 26:	0.0271601677 seconds	0.0000000000 seconds
Iteration 26:	0.0271520615 seconds	0.0000000000 seconds
Iteration 26:	0.0271599293 seconds	0.0000000000 seconds
Iteration 26:	0.0271568298 seconds	0.0000000000 seconds
Iteration 26:	0.0271568298 seconds	0.0000000000 seconds
Iteration 26:	0.0271708965 seconds	0.0000000000 seconds
Iteration 26:	0.0271940231 seconds	0.0000000000 seconds
Iteration 26:	0.0271949768 seconds	0.0000000000 seconds
Iteration 26:	0.0271999836 seconds	0.0000000000 seconds
Iteration 26:	0.0271589756 seconds	0.0000000000 seconds
Iteration 26:	0.0271720886 seconds	0.0000000000 seconds
Iteration 26:	0.0271759033 seconds	0.0000000000 seconds
Iteration 26:	0.0271811485 seconds	0.0000000000 seconds
Iteration 26:	0.0271840096 seconds	0.0000000000 seconds
Iteration 26:	0.0271949768 seconds	0.0000000000 seconds
Iteration 26:	0.0271871090 seconds	0.0000000000 seconds
Iteration 26:	0.0271921158 seconds	0.0000000000 seconds
Iteration 26:	0.0271880627 seconds	0.0000000000 seconds
Iteration 26:	0.0271968842 seconds	0.0000000000 seconds
Iteration 26:	0.0271921158 seconds	0.0000000000 seconds
Iteration 26:	0.0271918774 seconds	0.0000000000 seconds
Iteration 26:	0.0271928310 seconds	0.0000000000 seconds
Iteration 26:	0.0271978378 seconds	0.0000000000 seconds
Iteration 26:	0.0271990299 seconds	0.0000000000 seconds
Iteration 26:	0.0271980762 seconds	0.0000000000 seconds
Iteration 27:	0.0249569416 seconds	0.0000000000 seconds
Iteration 27:	0.0249559879 seconds	0.0000000000 seconds
Iteration 27:	0.0249509811 seconds	0.0000000000 seconds
Iteration 27:	0.0249500275 seconds	0.0000000000 seconds
Iteration 27:	0.0249488354 seconds	0.0000011921 seconds
Iteration 27:	0.0249750614 seconds	0.0000000000 seconds
Iteration 27:	0.0249660015 seconds	0.0000000000 seconds
Iteration 27:	0.0249669552 seconds	0.0000000000 seconds
Iteration 27:	0.0249629021 seconds	0.0000000000 seconds
Iteration 27:	0.0252220631 seconds	0.0000000000 seconds
Iteration 27:	0.0252220631 seconds	0.0000000000 seconds
Iteration 27:	0.0251781940 seconds	0.0000000000 seconds
Iteration 27:	0.0251770020 seconds	0.0000000000 seconds
Iteration 27:	0.0251791477 seconds	0.0000000000 seconds
Iteration 27:	0.0251801014 seconds	0.0000000000 seconds
Iteration 27:	0.0250060558 seconds	0.0000000000 seconds
Iteration 27:	0.0250041485 seconds	0.0000000000 seconds
Iteration 27:	0.0250029564 seconds	0.0000000000 seconds
Iteration 27:	0.0249989033 seconds	0.0000000000 seconds
Iteration 27:	0.0250039101 seconds	0.0000000000 seconds
Iteration 27:	0.0249919891 seconds	0.0000000000 seconds
Iteration 27:	0.0250029564 seconds	0.0000000000 seconds
Iteration 27:	0.0249979496 seconds	0.0000000000 seconds
Iteration 27:	0.0249919891 seconds	0.0000000000 seconds
Iteration 27:	0.0249898434 seconds	0.0000000000 seconds
Iteration 27:	0.0249829292 seconds	0.0000000000 seconds
Iteration 27:	0.0249841213 seconds	0.0000000000 seconds
Iteration 27:	0.0249850750 seconds	0.0000000000 seconds
Iteration 27:	0.0249938965 seconds	0.0000000000 seconds
Iteration 27:	0.0249898434 seconds	0.0000000000 seconds
Iteration 27:	0.0249950886 seconds	0.0000000000 seconds
Iteration 27:	0.0249979496 seconds	0.0000000000 seconds
Iteration 28:	0.0269310474 seconds	0.0000000000 seconds
Iteration 28:	0.0269329548 seconds	0.0000000000 seconds
Iteration 28:	0.0269339085 seconds	0.0000000000 seconds
Iteration 28:	0.0269439220 seconds	0.0000000000 seconds
Iteration 28:	0.0269439220 seconds	0.0000000000 seconds
Iteration 28:	0.0269560814 seconds	0.0000000000 seconds
Iteration 28:	0.0269520283 seconds	0.0000000000 seconds
Iteration 28:	0.0269529819 seconds	0.0000000000 seconds
Iteration 28:	0.0269558430 seconds	0.0000000000 seconds
Iteration 28:	0.0269820690 seconds	0.0000000000 seconds
Iteration 28:	0.0269777775 seconds	0.0000000000 seconds
Iteration 28:	0.0269839764 seconds	0.0000000000 seconds
Iteration 28:	0.0269818306 seconds	0.0000000000 seconds
Iteration 28:	0.0269849300 seconds	0.0000000000 seconds
Iteration 28:	0.0269777775 seconds	0.0000000000 seconds
Iteration 28:	0.0269768238 seconds	0.0000000000 seconds
Iteration 28:	0.0269198418 seconds	0.0000000000 seconds
Iteration 28:	0.0269229412 seconds	0.0000000000 seconds
Iteration 28:	0.0269210339 seconds	0.0000000000 seconds
Iteration 28:	0.0269231796 seconds	0.0000000000 seconds
Iteration 28:	0.0269660950 seconds	0.0000000000 seconds
Iteration 28:	0.0269339085 seconds	0.0000000000 seconds
Iteration 28:	0.0269329548 seconds	0.0000000000 seconds
Iteration 28:	0.0269320011 seconds	0.0000009537 seconds
Iteration 28:	0.0269861221 seconds	0.0000000000 seconds
Iteration 28:	0.0269880295 seconds	0.0000000000 seconds
Iteration 28:	0.0269868374 seconds	0.0000000000 seconds
Iteration 28:	0.0269918442 seconds	0.0000000000 seconds
Iteration 28:	0.0269918442 seconds	0.0000000000 seconds
Iteration 28:	0.0269920826 seconds	0.0000000000 seconds
Iteration 28:	0.0269970894 seconds	0.0000000000 seconds
Iteration 28:	0.0269920826 seconds	0.0000000000 seconds
Iteration 29:	0.0250129700 seconds	0.0000000000 seconds
Iteration 29:	0.0250198841 seconds	0.0000000000 seconds
Iteration 29:	0.0250179768 seconds	0.0000000000 seconds
Iteration 29:	0.0250310898 seconds	0.0000000000 seconds
Iteration 29:	0.0250291824 seconds	0.0000000000 seconds
Iteration 29:	0.0250151157 seconds	0.0000000000 seconds
Iteration 29:	0.0250358582 seconds	0.0000000000 seconds
Iteration 29:	0.0250329971 seconds	0.0000000000 seconds
Iteration 29:	0.0250339508 seconds	0.0000000000 seconds
Iteration 29:	0.0250158310 seconds	0.0000000000 seconds
Iteration 29:	0.0250360966 seconds	0.0000000000 seconds
Iteration 29:	0.0250201225 seconds	0.0000000000 seconds
Iteration 29:	0.0250179768 seconds	0.0000000000 seconds
Iteration 29:	0.0250210762 seconds	0.0000000000 seconds
Iteration 29:	0.0250210762 seconds	0.0000000000 seconds
Iteration 29:	0.0250229836 seconds	0.0000000000 seconds
Iteration 29:	0.0250129700 seconds	0.0000000000 seconds
Iteration 29:	0.0250139236 seconds	0.0000000000 seconds
Iteration 29:	0.0250170231 seconds	0.0000000000 seconds
Iteration 29:	0.0249979496 seconds	0.0000000000 seconds
Iteration 29:	0.0250270367 seconds	0.0000000000 seconds
Iteration 29:	0.0250129700 seconds	0.0000000000 seconds
Iteration 29:	0.0249998569 seconds	0.0000000000 seconds
Iteration 29:	0.0250260830 seconds	0.0000000000 seconds
Iteration 29:	0.0250258446 seconds	0.0000000000 seconds
Iteration 29:	0.0249989033 seconds	0.0000009537 seconds
Iteration 29:	0.0250251293 seconds	0.0000000000 seconds
Iteration 29:	0.0250079632 seconds	0.0000000000 seconds
Iteration 29:	0.0250129700 seconds	0.0000000000 seconds
Iteration 29:	0.0250151157 seconds	0.0000000000 seconds
Iteration 29:	0.0250160694 seconds	0.0000000000 seconds
Iteration 29:	0.0250139236 seconds	0.0000000000 seconds
Iteration 30:	0.0269451141 seconds	0.0000000000 seconds
Iteration 30:	0.0269529819 seconds	0.0000000000 seconds
Iteration 30:	0.0269441605 seconds	0.0000000000 seconds
Iteration 30:	0.0269510746 seconds	0.0000000000 seconds
Iteration 30:	0.0269608498 seconds	0.0000000000 seconds
Iteration 30:	0.0269939899 seconds	0.0000000000 seconds
Iteration 30:	0.0269970894 seconds	0.0000000000 seconds
Iteration 30:	0.0269980431 seconds	0.0000000000 seconds
Iteration 30:	0.0269680023 seconds	0.0000000000 seconds
Iteration 30:	0.0269689560 seconds	0.0000000000 seconds
Iteration 30:	0.0269739628 seconds	0.0000000000 seconds
Iteration 30:	0.0269718170 seconds	0.0000000000 seconds
Iteration 30:	0.0269758701 seconds	0.0000000000 seconds
Iteration 30:	0.0269727707 seconds	0.0000000000 seconds
Iteration 30:	0.0269849300 seconds	0.0000000000 seconds
Iteration 30:	0.0269861221 seconds	0.0000000000 seconds
Iteration 30:	0.0269629955 seconds	0.0000000000 seconds
Iteration 30:	0.0269620419 seconds	0.0000000000 seconds
Iteration 30:	0.0269610882 seconds	0.0000000000 seconds
Iteration 30:	0.0269641876 seconds	0.0000000000 seconds
Iteration 30:	0.0269670486 seconds	0.0000000000 seconds
Iteration 30:	0.0269689560 seconds	0.0000000000 seconds
Iteration 30:	0.0269689560 seconds	0.0000000000 seconds
Iteration 30:	0.0269761086 seconds	0.0000000000 seconds
Iteration 30:	0.0269789696 seconds	0.0000000000 seconds
Iteration 30:	0.0269751549 seconds	0.0000000000 seconds
Iteration 30:	0.0269730091 seconds	0.0000000000 seconds
Iteration 30:	0.0269551277 seconds	0.0000000000 seconds
Iteration 30:	0.0269579887 seconds	0.0000000000 seconds
Iteration 30:	0.0269570351 seconds	0.0000000000 seconds
Iteration 30:	0.0269560814 seconds	0.0000000000 seconds
Iteration 30:	0.0269620419 seconds	0.0000000000 seconds
Iteration 31:	0.0249629021 seconds	0.0000000000 seconds
Iteration 31:	0.0249640942 seconds	0.0000000000 seconds
Iteration 31:	0.0249738693 seconds	0.0000000000 seconds
Iteration 31:	0.0249722004 seconds	0.0000000000 seconds
Iteration 31:	0.0249760151 seconds	0.0000000000 seconds
Iteration 31:	0.0249738693 seconds	0.0000000000 seconds
Iteration 31:	0.0249781609 seconds	0.0000000000 seconds
Iteration 31:	0.0250041485 seconds	0.0000000000 seconds
Iteration 31:	0.0250029564 seconds	0.0000000000 seconds
Iteration 31:	0.0249810219 seconds	0.0000000000 seconds
Iteration 31:	0.0249838829 seconds	0.0000000000 seconds
Iteration 31:	0.0249760151 seconds	0.0000000000 seconds
Iteration 31:	0.0249760151 seconds	0.0000000000 seconds
Iteration 31:	0.0249991417 seconds	0.0000000000 seconds
Iteration 31:	0.0250029564 seconds	0.0000000000 seconds
Iteration 31:	0.0249929428 seconds	0.0000000000 seconds
Iteration 31:	0.0250060558 seconds	0.0000000000 seconds
Iteration 31:	0.0250041485 seconds	0.0000000000 seconds
Iteration 31:	0.0250082016 seconds	0.0000000000 seconds
Iteration 31:	0.0249960423 seconds	0.0000000000 seconds
Iteration 31:	0.0250060558 seconds	0.0000000000 seconds
Iteration 31:	0.0249919891 seconds	0.0000000000 seconds
Iteration 31:	0.0250010490 seconds	0.0000000000 seconds
Iteration 31:	0.0250010490 seconds	0.0000000000 seconds
Iteration 31:	0.0250010490 seconds	0.0000000000 seconds
Iteration 31:	0.0249969959 seconds	0.0000000000 seconds
Iteration 31:	0.0249969959 seconds	0.0000000000 seconds
Iteration 31:	0.0249950886 seconds	0.0000000000 seconds
Iteration 31:	0.0249989033 seconds	0.0000000000 seconds
Iteration 31:	0.0249979496 seconds	0.0000009537 seconds
Iteration 31:	0.0250020027 seconds	0.0000000000 seconds
Iteration 31:	0.0249969959 seconds	0.0000009537 seconds
Iteration 32:	0.0269479752 seconds	0.0000000000 seconds
Iteration 32:	0.0269498825 seconds	0.0000000000 seconds
Iteration 32:	0.0269460678 seconds	0.0000000000 seconds
Iteration 32:	0.0269439220 seconds	0.0000000000 seconds
Iteration 32:	0.0269398689 seconds	0.0000000000 seconds
Iteration 32:	0.0269448757 seconds	0.0000000000 seconds
Iteration 32:	0.0269429684 seconds	0.0000000000 seconds
Iteration 32:	0.0269579887 seconds	0.0000000000 seconds
Iteration 32:	0.0269470215 seconds	0.0000000000 seconds
Iteration 32:	0.0269470215 seconds	0.0000000000 seconds
Iteration 32:	0.0269458294 seconds	0.0000000000 seconds
Iteration 32:	0.0269570351 seconds	0.0000000000 seconds
Iteration 32:	0.0269501209 seconds	0.0000000000 seconds
Iteration 32:	0.0269570351 seconds	0.0000000000 seconds
Iteration 32:	0.0269529819 seconds	0.0000011921 seconds
Iteration 32:	0.0269501209 seconds	0.0000000000 seconds
Iteration 32:	0.0269458294 seconds	0.0000000000 seconds
Iteration 32:	0.0269491673 seconds	0.0000000000 seconds
Iteration 32:	0.0269541740 seconds	0.0000009537 seconds
Iteration 32:	0.0269510746 seconds	0.0000000000 seconds
Iteration 32:	0.0269541740 seconds	0.0000000000 seconds
Iteration 32:	0.0269529819 seconds	0.0000000000 seconds
Iteration 32:	0.0269548893 seconds	0.0000000000 seconds
Iteration 32:	0.0269479752 seconds	0.0000000000 seconds
Iteration 32:	0.0269608498 seconds	0.0000000000 seconds
Iteration 32:	0.0269541740 seconds	0.0000000000 seconds
Iteration 32:	0.0269520283 seconds	0.0000000000 seconds
Iteration 32:	0.0269629955 seconds	0.0000000000 seconds
Iteration 32:	0.0269570351 seconds	0.0000000000 seconds
Iteration 32:	0.0269579887 seconds	0.0000000000 seconds
Iteration 32:	0.0269529819 seconds	0.0000000000 seconds
Iteration 32:	0.0269498825 seconds	0.0000000000 seconds
Iteration 33:	0.0250051022 seconds	0.0000000000 seconds
Iteration 33:	0.0250029564 seconds	0.0000000000 seconds
Iteration 33:	0.0249910355 seconds	0.0000000000 seconds
Iteration 33:	0.0249900818 seconds	0.0000000000 seconds
Iteration 33:	0.0249888897 seconds	0.0000000000 seconds
Iteration 33:	0.0249919891 seconds	0.0000000000 seconds
Iteration 33:	0.0249869823 seconds	0.0000000000 seconds
Iteration 33:	0.0250079632 seconds	0.0000000000 seconds
Iteration 33:	0.0249848366 seconds	0.0000000000 seconds
Iteration 33:	0.0249919891 seconds	0.0000000000 seconds
Iteration 33:	0.0249860287 seconds	0.0000000000 seconds
Iteration 33:	0.0249891281 seconds	0.0000000000 seconds
Iteration 33:	0.0249919891 seconds	0.0000000000 seconds
Iteration 33:	0.0249850750 seconds	0.0000000000 seconds
Iteration 33:	0.0249910355 seconds	0.0000000000 seconds
Iteration 33:	0.0249888897 seconds	0.0000000000 seconds
Iteration 33:	0.0249650478 seconds	0.0000000000 seconds
Iteration 33:	0.0249629021 seconds	0.0000000000 seconds
Iteration 33:	0.0249700546 seconds	0.0000000000 seconds
Iteration 33:	0.0249700546 seconds	0.0000000000 seconds
Iteration 33:	0.0249850750 seconds	0.0000000000 seconds
Iteration 33:	0.0249838829 seconds	0.0000000000 seconds
Iteration 33:	0.0249810219 seconds	0.0000000000 seconds
Iteration 33:	0.0250079632 seconds	0.0000000000 seconds
Iteration 33:	0.0249891281 seconds	0.0000000000 seconds
Iteration 33:	0.0250041485 seconds	0.0000000000 seconds
Iteration 33:	0.0250000954 seconds	0.0000000000 seconds
Iteration 33:	0.0249819756 seconds	0.0000000000 seconds
Iteration 33:	0.0250010490 seconds	0.0000000000 seconds
Iteration 33:	0.0250000954 seconds	0.0000000000 seconds
Iteration 33:	0.0249960423 seconds	0.0000000000 seconds
Iteration 33:	0.0250000954 seconds	0.0000000000 seconds
Iteration 34:	0.0273849964 seconds	0.0000000000 seconds
Iteration 34:	0.0273849964 seconds	0.0000000000 seconds
Iteration 34:	0.0273859501 seconds	0.0000000000 seconds
Iteration 34:	0.0273849964 seconds	0.0000000000 seconds
Iteration 34:	0.0273830891 seconds	0.0000000000 seconds
Iteration 34:	0.0273818970 seconds	0.0000000000 seconds
Iteration 34:	0.0273878574 seconds	0.0000011921 seconds
Iteration 34:	0.0274159908 seconds	0.0000000000 seconds
Iteration 34:	0.0274159908 seconds	0.0000000000 seconds
Iteration 34:	0.0274100304 seconds	0.0000000000 seconds
Iteration 34:	0.0274112225 seconds	0.0000000000 seconds
Iteration 34:	0.0274038315 seconds	0.0000000000 seconds
Iteration 34:	0.0274460316 seconds	0.0000000000 seconds
Iteration 34:	0.0280911922 seconds	0.0000000000 seconds
Iteration 34:	0.0280911922 seconds	0.0000000000 seconds
Iteration 34:	0.0280888081 seconds	0.0000000000 seconds
Iteration 34:	0.0280900002 seconds	0.0000000000 seconds
Iteration 34:	0.0280919075 seconds	0.0000000000 seconds
Iteration 34:	0.0280890465 seconds	0.0000000000 seconds
Iteration 34:	0.0280900002 seconds	0.0000000000 seconds
Iteration 34:	0.0280909538 seconds	0.0000000000 seconds
Iteration 34:	0.0280969143 seconds	0.0000000000 seconds
Iteration 34:	0.0280919075 seconds	0.0000000000 seconds
Iteration 34:	0.0280940533 seconds	0.0000000000 seconds
Iteration 34:	0.0280959606 seconds	0.0000000000 seconds
Iteration 34:	0.0280930996 seconds	0.0000000000 seconds
Iteration 34:	0.0280950069 seconds	0.0000000000 seconds
Iteration 34:	0.0281140804 seconds	0.0000000000 seconds
Iteration 34:	0.0281131268 seconds	0.0000000000 seconds
Iteration 34:	0.0280871391 seconds	0.0000000000 seconds
Iteration 34:	0.0280890465 seconds	0.0000000000 seconds
Iteration 34:	0.0280859470 seconds	0.0000000000 seconds
Iteration 35:	0.0249629021 seconds	0.0000000000 seconds
Iteration 35:	0.0249629021 seconds	0.0000000000 seconds
Iteration 35:	0.0249640942 seconds	0.0000000000 seconds
Iteration 35:	0.0249660015 seconds	0.0000000000 seconds
Iteration 35:	0.0249650478 seconds	0.0000009537 seconds
Iteration 35:	0.0249629021 seconds	0.0000000000 seconds
Iteration 35:	0.0249810219 seconds	0.0000000000 seconds
Iteration 35:	0.0249781609 seconds	0.0000009537 seconds
Iteration 35:	0.0249800682 seconds	0.0000000000 seconds
Iteration 35:	0.0249619484 seconds	0.0000000000 seconds
Iteration 35:	0.0249760151 seconds	0.0000000000 seconds
Iteration 35:	0.0249769688 seconds	0.0000000000 seconds
Iteration 35:	0.0249769688 seconds	0.0000000000 seconds
Iteration 35:	0.0249760151 seconds	0.0000000000 seconds
Iteration 35:	0.0249788761 seconds	0.0000000000 seconds
Iteration 35:	0.0249969959 seconds	0.0000000000 seconds
Iteration 35:	0.0256779194 seconds	0.0000000000 seconds
Iteration 35:	0.0256788731 seconds	0.0000000000 seconds
Iteration 35:	0.0256798267 seconds	0.0000000000 seconds
Iteration 35:	0.0256888866 seconds	0.0000000000 seconds
Iteration 35:	0.0249879360 seconds	0.0000000000 seconds
Iteration 35:	0.0256769657 seconds	0.0000000000 seconds
Iteration 35:	0.0249879360 seconds	0.0000000000 seconds
Iteration 35:	0.0256800652 seconds	0.0000000000 seconds
Iteration 35:	0.0249888897 seconds	0.0000000000 seconds
Iteration 35:	0.0256350040 seconds	0.0000000000 seconds
Iteration 35:	0.0256919861 seconds	0.0000000000 seconds
Iteration 35:	0.0256931782 seconds	0.0000000000 seconds
Iteration 35:	0.0256919861 seconds	0.0000000000 seconds
Iteration 35:	0.0256919861 seconds	0.0000000000 seconds
Iteration 35:	0.0256929398 seconds	0.0000000000 seconds
Iteration 35:	0.0256888866 seconds	0.0000000000 seconds
Iteration 36:	0.0269219875 seconds	0.0000000000 seconds
Iteration 36:	0.0269207954 seconds	0.0000011921 seconds
Iteration 36:	0.0269207954 seconds	0.0000000000 seconds
Iteration 36:	0.0269210339 seconds	0.0000000000 seconds
Iteration 36:	0.0269320011 seconds	0.0000000000 seconds
Iteration 36:	0.0269351006 seconds	0.0000000000 seconds
Iteration 36:	0.0269370079 seconds	0.0000000000 seconds
Iteration 36:	0.0269308090 seconds	0.0000000000 seconds
Iteration 36:	0.0269379616 seconds	0.0000000000 seconds
Iteration 36:	0.0269339085 seconds	0.0000000000 seconds
Iteration 36:	0.0269360542 seconds	0.0000000000 seconds
Iteration 36:	0.0269360542 seconds	0.0000000000 seconds
Iteration 36:	0.0269320011 seconds	0.0000000000 seconds
Iteration 36:	0.0269398689 seconds	0.0000000000 seconds
Iteration 36:	0.0269351006 seconds	0.0000000000 seconds
Iteration 36:	0.0269360542 seconds	0.0000000000 seconds
Iteration 36:	0.0269398689 seconds	0.0000000000 seconds
Iteration 36:	0.0269410610 seconds	0.0000000000 seconds
Iteration 36:	0.0269448757 seconds	0.0000000000 seconds
Iteration 36:	0.0269520283 seconds	0.0000000000 seconds
Iteration 36:	0.0269300938 seconds	0.0000000000 seconds
Iteration 36:	0.0269489288 seconds	0.0000000000 seconds
Iteration 36:	0.0269520283 seconds	0.0000000000 seconds
Iteration 36:	0.0269489288 seconds	0.0000000000 seconds
Iteration 36:	0.0269479752 seconds	0.0000000000 seconds
Iteration 36:	0.0269310474 seconds	0.0000000000 seconds
Iteration 36:	0.0269570351 seconds	0.0000000000 seconds
Iteration 36:	0.0269579887 seconds	0.0000000000 seconds
Iteration 36:	0.0269460678 seconds	0.0000000000 seconds
Iteration 36:	0.0269570351 seconds	0.0000000000 seconds
Iteration 36:	0.0269470215 seconds	0.0000000000 seconds
Iteration 36:	0.0269579887 seconds	0.0000000000 seconds
Iteration 37:	0.0249738693 seconds	0.0000000000 seconds
Iteration 37:	0.0249791145 seconds	0.0000000000 seconds
Iteration 37:	0.0249781609 seconds	0.0000000000 seconds
Iteration 37:	0.0249798298 seconds	0.0000000000 seconds
Iteration 37:	0.0249869823 seconds	0.0000000000 seconds
Iteration 37:	0.0249960423 seconds	0.0000000000 seconds
Iteration 37:	0.0249979496 seconds	0.0000000000 seconds
Iteration 37:	0.0249819756 seconds	0.0000000000 seconds
Iteration 37:	0.0249888897 seconds	0.0000000000 seconds
Iteration 37:	0.0249838829 seconds	0.0000000000 seconds
Iteration 37:	0.0249919891 seconds	0.0000000000 seconds
Iteration 37:	0.0249950886 seconds	0.0000000000 seconds
Iteration 37:	0.0249848366 seconds	0.0000000000 seconds
Iteration 37:	0.0249860287 seconds	0.0000000000 seconds
Iteration 37:	0.0249910355 seconds	0.0000000000 seconds
Iteration 37:	0.0249910355 seconds	0.0000000000 seconds
Iteration 37:	0.0249898434 seconds	0.0000000000 seconds
Iteration 37:	0.0249888897 seconds	0.0000000000 seconds
Iteration 37:	0.0249938965 seconds	0.0000000000 seconds
Iteration 37:	0.0249941349 seconds	0.0000000000 seconds
Iteration 37:	0.0249881744 seconds	0.0000000000 seconds
Iteration 37:	0.0249910355 seconds	0.0000000000 seconds
Iteration 37:	0.0249898434 seconds	0.0000000000 seconds
Iteration 37:	0.0249907970 seconds	0.0000000000 seconds
Iteration 37:	0.0249919891 seconds	0.0000000000 seconds
Iteration 37:	0.0249960423 seconds	0.0000000000 seconds
Iteration 37:	0.0250051022 seconds	0.0000000000 seconds
Iteration 37:	0.0249979496 seconds	0.0000000000 seconds
Iteration 37:	0.0250060558 seconds	0.0000000000 seconds
Iteration 37:	0.0249969959 seconds	0.0000000000 seconds
Iteration 37:	0.0250060558 seconds	0.0000000000 seconds
Iteration 37:	0.0250070095 seconds	0.0000009537 seconds
Iteration 38:	0.0269532204 seconds	0.0000000000 seconds
Iteration 38:	0.0269482136 seconds	0.0000009537 seconds
Iteration 38:	0.0269539356 seconds	0.0000000000 seconds
Iteration 38:	0.0269429684 seconds	0.0000000000 seconds
Iteration 38:	0.0269451141 seconds	0.0000000000 seconds
Iteration 38:	0.0269498825 seconds	0.0000000000 seconds
Iteration 38:	0.0269491673 seconds	0.0000000000 seconds
Iteration 38:	0.0269520283 seconds	0.0000000000 seconds
Iteration 38:	0.0269458294 seconds	0.0000000000 seconds
Iteration 38:	0.0269610882 seconds	0.0000000000 seconds
Iteration 38:	0.0269551277 seconds	0.0000000000 seconds
Iteration 38:	0.0269470215 seconds	0.0000000000 seconds
Iteration 38:	0.0269470215 seconds	0.0000009537 seconds
Iteration 38:	0.0269551277 seconds	0.0000000000 seconds
Iteration 38:	0.0269529819 seconds	0.0000000000 seconds
Iteration 38:	0.0269489288 seconds	0.0000000000 seconds
Iteration 38:	0.0269269943 seconds	0.0000000000 seconds
Iteration 38:	0.0269269943 seconds	0.0000000000 seconds
Iteration 38:	0.0269291401 seconds	0.0000000000 seconds
Iteration 38:	0.0269298553 seconds	0.0000000000 seconds
Iteration 38:	0.0269451141 seconds	0.0000000000 seconds
Iteration 38:	0.0269460678 seconds	0.0000000000 seconds
Iteration 38:	0.0269448757 seconds	0.0000000000 seconds
Iteration 38:	0.0269429684 seconds	0.0000000000 seconds
Iteration 38:	0.0269401073 seconds	0.0000000000 seconds
Iteration 38:	0.0269441605 seconds	0.0000000000 seconds
Iteration 38:	0.0269410610 seconds	0.0000009537 seconds
Iteration 38:	0.0269491673 seconds	0.0000000000 seconds
Iteration 38:	0.0269479752 seconds	0.0000000000 seconds
Iteration 38:	0.0269479752 seconds	0.0000000000 seconds
Iteration 38:	0.0269489288 seconds	0.0000000000 seconds
Iteration 38:	0.0269508362 seconds	0.0000000000 seconds
Iteration 39:	0.0249879360 seconds	0.0000000000 seconds
Iteration 39:	0.0249979496 seconds	0.0000000000 seconds
Iteration 39:	0.0249989033 seconds	0.0000011921 seconds
Iteration 39:	0.0249888897 seconds	0.0000000000 seconds
Iteration 39:	0.0249888897 seconds	0.0000000000 seconds
Iteration 39:	0.0250051022 seconds	0.0000000000 seconds
Iteration 39:	0.0250020027 seconds	0.0000000000 seconds
Iteration 39:	0.0249979496 seconds	0.0000000000 seconds
Iteration 39:	0.0250098705 seconds	0.0000000000 seconds
Iteration 39:	0.0250110626 seconds	0.0000000000 seconds
Iteration 39:	0.0250091553 seconds	0.0000000000 seconds
Iteration 39:	0.0250041485 seconds	0.0000000000 seconds
Iteration 39:	0.0250041485 seconds	0.0000000000 seconds
Iteration 39:	0.0250060558 seconds	0.0000009537 seconds
Iteration 39:	0.0249969959 seconds	0.0000000000 seconds
Iteration 39:	0.0249979496 seconds	0.0000000000 seconds
Iteration 39:	0.0249869823 seconds	0.0000000000 seconds
Total computation time was: 1.077591		Average frame time was: 0.026935		Average Particle interations per second were: 2472049161.430119
Iteration 39:	0.0249929428 seconds	0.0000000000 seconds
Iteration 39:	0.0249910355 seconds	0.0000000000 seconds
Iteration 39:	0.0250041485 seconds	0.0000000000 seconds
Iteration 39:	0.0250010490 seconds	0.0000000000 seconds
Iteration 39:	0.0249979496 seconds	0.0000000000 seconds
Iteration 39:	0.0250000954 seconds	0.0000000000 seconds
Iteration 39:	0.0249929428 seconds	0.0000000000 seconds
Iteration 39:	0.0249969959 seconds	0.0000009537 seconds
Iteration 39:	0.0249991417 seconds	0.0000000000 seconds
Iteration 39:	0.0249979496 seconds	0.0000000000 seconds
Iteration 39:	0.0249969959 seconds	0.0000000000 seconds
Iteration 39:	0.0249960423 seconds	0.0000000000 seconds
Iteration 39:	0.0249938965 seconds	0.0000000000 seconds
Iteration 39:	0.0249960423 seconds	0.0000000000 seconds
Iteration 39:	0.0249969959 seconds	0.0000009537 seconds
