[ -1:000]                : Rank 1 is running on comet-05-11.sdsc.edu
[  1:001] init_pprintf   : My dest: 2	My source: 0	My_num_part: 4080
[ -1:000]                : Rank 0 is running on comet-05-11.sdsc.edu
[  0:001] init_pprintf   : My dest: 1	My source: 3	My_num_part: 4080
Initalizing particles linear on 0 to 4080
Initalizing particles linear on 4080 to 8160
[ -1:000]                : Rank 3 is running on comet-13-16.sdsc.edu
[  3:001] init_pprintf   : My dest: 0	My source: 2	My_num_part: 4080
[ -1:000]                : Rank 2 is running on comet-13-16.sdsc.edu
[  2:001] init_pprintf   : My dest: 3	My source: 1	My_num_part: 4080
Initalizing particles linear on 8160 to 12240
Initalizing particles linear on 12240 to 16320
Iteration 0:	0.1720120907 seconds	0.0000000000 seconds
Iteration 0:	0.1921241283 seconds	0.0000000000 seconds
Iteration 0:	0.1541199684 seconds	0.0000000000 seconds
Iteration 0:	0.1540319920 seconds	0.0000000000 seconds
Iteration 1:	0.0944499969 seconds	0.0000009537 seconds
Iteration 1:	0.1144700050 seconds	0.0000000000 seconds
Iteration 1:	0.0945558548 seconds	0.0000011921 seconds
Iteration 1:	0.0945279598 seconds	0.0000000000 seconds
Iteration 2:	0.0732371807 seconds	0.0000000000 seconds
Iteration 2:	0.0733067989 seconds	0.0000000000 seconds
Iteration 2:	0.0732939243 seconds	0.0000000000 seconds
Iteration 2:	0.0732629299 seconds	0.0000000000 seconds
Iteration 3:	0.0683588982 seconds	0.0000000000 seconds
Iteration 3:	0.0683939457 seconds	0.0000000000 seconds
Iteration 3:	0.0683660507 seconds	0.0000000000 seconds
Iteration 3:	0.0683610439 seconds	0.0000000000 seconds
Iteration 4:	0.0731699467 seconds	0.0000000000 seconds
Iteration 4:	0.0731408596 seconds	0.0000000000 seconds
Iteration 4:	0.0731658936 seconds	0.0000000000 seconds
Iteration 4:	0.0731439590 seconds	0.0000000000 seconds
Iteration 5:	0.0684878826 seconds	0.0000000000 seconds
Iteration 5:	0.0685520172 seconds	0.0000000000 seconds
Iteration 5:	0.0685360432 seconds	0.0000000000 seconds
Iteration 5:	0.0685079098 seconds	0.0000000000 seconds
Iteration 6:	0.0734689236 seconds	0.0000000000 seconds
Iteration 6:	0.0735399723 seconds	0.0000000000 seconds
Iteration 6:	0.0735230446 seconds	0.0000000000 seconds
Iteration 6:	0.0735020638 seconds	0.0000000000 seconds
Iteration 7:	0.0682849884 seconds	0.0000000000 seconds
Iteration 7:	0.0682809353 seconds	0.0000000000 seconds
Iteration 7:	0.0682981014 seconds	0.0000000000 seconds
Iteration 7:	0.0682630539 seconds	0.0000000000 seconds
Iteration 8:	0.0730879307 seconds	0.0000000000 seconds
Iteration 8:	0.0730719566 seconds	0.0000000000 seconds
Iteration 8:	0.0730950832 seconds	0.0000000000 seconds
Iteration 8:	0.0730729103 seconds	0.0000000000 seconds
Iteration 9:	0.0682668686 seconds	0.0000000000 seconds
Iteration 9:	0.0682668686 seconds	0.0000000000 seconds
Iteration 9:	0.0683050156 seconds	0.0000000000 seconds
Iteration 9:	0.0682718754 seconds	0.0000000000 seconds
Iteration 10:	0.0731270313 seconds	0.0000000000 seconds
Iteration 10:	0.0731000900 seconds	0.0000009537 seconds
Iteration 10:	0.0730729103 seconds	0.0000000000 seconds
Iteration 10:	0.0730519295 seconds	0.0000000000 seconds
Iteration 11:	0.0681929588 seconds	0.0000000000 seconds
Iteration 11:	0.0682511330 seconds	0.0000009537 seconds
Iteration 11:	0.0682849884 seconds	0.0000000000 seconds
Iteration 11:	0.0682511330 seconds	0.0000000000 seconds
Iteration 12:	0.0731430054 seconds	0.0000000000 seconds
Iteration 12:	0.0731170177 seconds	0.0000000000 seconds
Iteration 12:	0.0731401443 seconds	0.0000009537 seconds
Iteration 12:	0.0731191635 seconds	0.0000000000 seconds
Iteration 13:	0.0682489872 seconds	0.0000000000 seconds
Iteration 13:	0.0683009624 seconds	0.0000000000 seconds
Iteration 13:	0.0682940483 seconds	0.0000000000 seconds
Iteration 13:	0.0682671070 seconds	0.0000009537 seconds
Iteration 14:	0.0731191635 seconds	0.0000000000 seconds
Iteration 14:	0.0730950832 seconds	0.0000000000 seconds
Iteration 14:	0.0730810165 seconds	0.0000000000 seconds
Iteration 14:	0.0730638504 seconds	0.0000000000 seconds
Iteration 15:	0.0682141781 seconds	0.0000000000 seconds
Iteration 15:	0.0682721138 seconds	0.0000009537 seconds
Iteration 15:	0.0683009624 seconds	0.0000000000 seconds
Iteration 15:	0.0682721138 seconds	0.0000000000 seconds
Iteration 16:	0.0731110573 seconds	0.0000000000 seconds
Iteration 16:	0.0731160641 seconds	0.0000000000 seconds
Iteration 16:	0.0730769634 seconds	0.0000000000 seconds
Iteration 16:	0.0731301308 seconds	0.0000000000 seconds
Iteration 17:	0.0681149960 seconds	0.0000000000 seconds
Iteration 17:	0.0682380199 seconds	0.0000000000 seconds
Iteration 17:	0.0682539940 seconds	0.0000000000 seconds
Iteration 17:	0.0682470798 seconds	0.0000000000 seconds
Iteration 18:	0.0732679367 seconds	0.0000000000 seconds
Iteration 18:	0.0732159615 seconds	0.0000000000 seconds
Iteration 18:	0.0733790398 seconds	0.0000000000 seconds
Iteration 18:	0.0732707977 seconds	0.0000000000 seconds
Iteration 19:	0.0682420731 seconds	0.0000000000 seconds
Iteration 19:	0.0682418346 seconds	0.0000000000 seconds
Iteration 19:	0.0682849884 seconds	0.0000000000 seconds
Iteration 19:	0.0682640076 seconds	0.0000000000 seconds
Iteration 20:	0.0731210709 seconds	0.0000000000 seconds
Iteration 20:	0.0731508732 seconds	0.0000000000 seconds
Iteration 20:	0.0731589794 seconds	0.0000000000 seconds
Iteration 20:	0.0731420517 seconds	0.0000000000 seconds
Iteration 21:	0.0682418346 seconds	0.0000000000 seconds
Iteration 21:	0.0682520866 seconds	0.0000000000 seconds
Iteration 21:	0.0682528019 seconds	0.0000000000 seconds
Iteration 21:	0.0682427883 seconds	0.0000000000 seconds
Iteration 22:	0.0732500553 seconds	0.0000000000 seconds
Iteration 22:	0.0734140873 seconds	0.0000000000 seconds
Iteration 22:	0.0733771324 seconds	0.0000000000 seconds
Iteration 22:	0.0733261108 seconds	0.0000009537 seconds
Iteration 23:	0.0684590340 seconds	0.0000000000 seconds
Iteration 23:	0.0684118271 seconds	0.0000000000 seconds
Iteration 23:	0.0683789253 seconds	0.0000000000 seconds
Iteration 23:	0.0683860779 seconds	0.0000000000 seconds
Iteration 24:	0.0733399391 seconds	0.0000000000 seconds
Iteration 24:	0.0732979774 seconds	0.0000000000 seconds
Iteration 24:	0.0733489990 seconds	0.0000000000 seconds
Iteration 24:	0.0733139515 seconds	0.0000000000 seconds
Iteration 25:	0.0681450367 seconds	0.0000000000 seconds
Iteration 25:	0.0682048798 seconds	0.0000000000 seconds
Iteration 25:	0.0682580471 seconds	0.0000000000 seconds
Iteration 25:	0.0682411194 seconds	0.0000000000 seconds
Iteration 26:	0.0731990337 seconds	0.0000000000 seconds
Iteration 26:	0.0732500553 seconds	0.0000000000 seconds
Iteration 26:	0.0732331276 seconds	0.0000000000 seconds
Iteration 26:	0.0732059479 seconds	0.0000000000 seconds
Iteration 27:	0.0682990551 seconds	0.0000000000 seconds
Iteration 27:	0.0683581829 seconds	0.0000000000 seconds
Iteration 27:	0.0683410168 seconds	0.0000000000 seconds
Iteration 27:	0.0683228970 seconds	0.0000000000 seconds
Iteration 28:	0.0731079578 seconds	0.0000000000 seconds
Iteration 28:	0.0730750561 seconds	0.0000000000 seconds
Iteration 28:	0.0730731487 seconds	0.0000000000 seconds
Iteration 28:	0.0730330944 seconds	0.0000000000 seconds
Iteration 29:	0.0681550503 seconds	0.0000000000 seconds
Iteration 29:	0.0681719780 seconds	0.0000000000 seconds
Iteration 29:	0.0682120323 seconds	0.0000000000 seconds
Iteration 29:	0.0682101250 seconds	0.0000000000 seconds
Iteration 30:	0.0730369091 seconds	0.0000000000 seconds
Iteration 30:	0.0730268955 seconds	0.0000000000 seconds
Iteration 30:	0.0730359554 seconds	0.0000000000 seconds
Iteration 30:	0.0730340481 seconds	0.0000009537 seconds
Iteration 31:	0.0682549477 seconds	0.0000000000 seconds
Iteration 31:	0.0683209896 seconds	0.0000000000 seconds
Iteration 31:	0.0682969093 seconds	0.0000000000 seconds
Iteration 31:	0.0683310032 seconds	0.0000000000 seconds
Iteration 32:	0.0730569363 seconds	0.0000000000 seconds
Iteration 32:	0.0730650425 seconds	0.0000000000 seconds
Iteration 32:	0.0731151104 seconds	0.0000000000 seconds
Iteration 32:	0.0730431080 seconds	0.0000000000 seconds
Iteration 33:	0.0682070255 seconds	0.0000000000 seconds
Iteration 33:	0.0682139397 seconds	0.0000000000 seconds
Iteration 33:	0.0682749748 seconds	0.0000000000 seconds
Iteration 33:	0.0682539940 seconds	0.0000000000 seconds
Iteration 34:	0.0731658936 seconds	0.0000000000 seconds
Iteration 34:	0.0731689930 seconds	0.0000000000 seconds
Iteration 34:	0.0731499195 seconds	0.0000000000 seconds
Iteration 34:	0.0731439590 seconds	0.0000011921 seconds
Total computation time was: 2.624598		Average frame time was: 0.074947		Average Particle interations per second were: 3553737680.775948
