[ -1:000]                : Rank 3 is running on comet-27-01.sdsc.edu
[ -1:000]                : Rank 2 is running on comet-27-01.sdsc.edu
[ -1:000]                : Rank 0 is running on comet-27-01.sdsc.edu
[ -1:000]                : Rank 1 is running on comet-27-01.sdsc.edu
[  3:001] init_pprintf   : My dest: 4	My source: 2	My_num_part: 1020
[  2:001] init_pprintf   : My dest: 3	My source: 1	My_num_part: 1020
[  1:001] init_pprintf   : My dest: 2	My source: 0	My_num_part: 1020
[  0:001] init_pprintf   : My dest: 1	My source: 7	My_num_part: 1020
Initalizing particles linear on 0 to 1020
Initalizing particles linear on 3060 to 4080
Initalizing particles linear on 2040 to 3060
Initalizing particles linear on 1020 to 2040
[ -1:000]                : Rank 7 is running on comet-27-12.sdsc.edu
[ -1:000]                : Rank 6 is running on comet-27-12.sdsc.edu
[  7:001] init_pprintf   : My dest: 0	My source: 6	My_num_part: 1020
[  6:001] init_pprintf   : My dest: 7	My source: 5	My_num_part: 1020
[ -1:000]                : Rank 5 is running on comet-27-12.sdsc.edu
[ -1:000]                : Rank 4 is running on comet-27-12.sdsc.edu
[  5:001] init_pprintf   : My dest: 6	My source: 4	My_num_part: 1020
[  4:001] init_pprintf   : My dest: 5	My source: 3	My_num_part: 1020
Initalizing particles linear on 4080 to 5100
Initalizing particles linear on 7140 to 8160
Initalizing particles linear on 6120 to 7140
Initalizing particles linear on 5100 to 6120
Iteration 0:	0.0366921425 seconds	0.0000000000 seconds
Iteration 0:	0.0367300510 seconds	0.0000009537 seconds
Iteration 0:	0.0369081497 seconds	0.0000000000 seconds
Iteration 0:	0.0368070602 seconds	0.0000000000 seconds
Iteration 0:	0.0924370289 seconds	0.0000000000 seconds
Iteration 0:	0.0925600529 seconds	0.0000009537 seconds
Iteration 0:	0.0924420357 seconds	0.0000000000 seconds
Iteration 0:	0.0924558640 seconds	0.0000000000 seconds
Iteration 1:	0.0171470642 seconds	0.0000000000 seconds
Iteration 1:	0.0171620846 seconds	0.0000009537 seconds
Iteration 1:	0.0171930790 seconds	0.0000000000 seconds
Iteration 1:	0.0172100067 seconds	0.0000000000 seconds
Iteration 1:	0.0171799660 seconds	0.0000000000 seconds
Iteration 1:	0.0171980858 seconds	0.0000000000 seconds
Iteration 1:	0.0171809196 seconds	0.0000000000 seconds
Iteration 1:	0.0172560215 seconds	0.0000009537 seconds
Iteration 2:	0.0183131695 seconds	0.0000000000 seconds
Iteration 2:	0.0183119774 seconds	0.0000000000 seconds
Iteration 2:	0.0183641911 seconds	0.0000000000 seconds
Iteration 2:	0.0183041096 seconds	0.0000000000 seconds
Iteration 2:	0.0184090137 seconds	0.0000000000 seconds
Iteration 2:	0.0183629990 seconds	0.0000000000 seconds
Iteration 2:	0.0183742046 seconds	0.0000000000 seconds
Iteration 2:	0.0183160305 seconds	0.0000000000 seconds
Iteration 3:	0.0170409679 seconds	0.0000000000 seconds
Iteration 3:	0.0171129704 seconds	0.0000000000 seconds
Iteration 3:	0.0170888901 seconds	0.0000000000 seconds
Iteration 3:	0.0171170235 seconds	0.0000000000 seconds
Iteration 3:	0.0171830654 seconds	0.0000000000 seconds
Iteration 3:	0.0171639919 seconds	0.0000000000 seconds
Iteration 3:	0.0171709061 seconds	0.0000000000 seconds
Iteration 3:	0.0172059536 seconds	0.0000000000 seconds
Iteration 4:	0.0183470249 seconds	0.0000000000 seconds
Iteration 4:	0.0182869434 seconds	0.0000000000 seconds
Iteration 4:	0.0183649063 seconds	0.0000000000 seconds
Iteration 4:	0.0184628963 seconds	0.0000000000 seconds
Iteration 4:	0.0183820724 seconds	0.0000000000 seconds
Iteration 4:	0.0183608532 seconds	0.0000000000 seconds
Iteration 4:	0.0183999538 seconds	0.0000000000 seconds
Iteration 4:	0.0183930397 seconds	0.0000000000 seconds
Iteration 5:	0.0170998573 seconds	0.0000000000 seconds
Iteration 5:	0.0170750618 seconds	0.0000000000 seconds
Iteration 5:	0.0171649456 seconds	0.0000000000 seconds
Iteration 5:	0.0171980858 seconds	0.0000000000 seconds
Iteration 5:	0.0171358585 seconds	0.0000000000 seconds
Iteration 5:	0.0171849728 seconds	0.0000000000 seconds
Iteration 5:	0.0172040462 seconds	0.0000000000 seconds
Iteration 5:	0.0172049999 seconds	0.0000000000 seconds
Iteration 6:	0.0183899403 seconds	0.0000000000 seconds
Iteration 6:	0.0184252262 seconds	0.0000000000 seconds
Iteration 6:	0.0182912350 seconds	0.0000000000 seconds
Iteration 6:	0.0183870792 seconds	0.0000000000 seconds
Iteration 6:	0.0183281898 seconds	0.0000000000 seconds
Iteration 6:	0.0183539391 seconds	0.0000000000 seconds
Iteration 6:	0.0183098316 seconds	0.0000000000 seconds
Iteration 6:	0.0182781219 seconds	0.0000000000 seconds
Iteration 7:	0.0170290470 seconds	0.0000000000 seconds
Iteration 7:	0.0170550346 seconds	0.0000000000 seconds
Iteration 7:	0.0170581341 seconds	0.0000000000 seconds
Iteration 7:	0.0170881748 seconds	0.0000000000 seconds
Iteration 7:	0.0171439648 seconds	0.0000000000 seconds
Iteration 7:	0.0171670914 seconds	0.0000000000 seconds
Iteration 7:	0.0171880722 seconds	0.0000000000 seconds
Iteration 7:	0.0171871185 seconds	0.0000000000 seconds
Iteration 8:	0.0183269978 seconds	0.0000000000 seconds
Iteration 8:	0.0182940960 seconds	0.0000000000 seconds
Iteration 8:	0.0183300972 seconds	0.0000000000 seconds
Iteration 8:	0.0182571411 seconds	0.0000000000 seconds
Iteration 8:	0.0183990002 seconds	0.0000000000 seconds
Iteration 8:	0.0184249878 seconds	0.0000000000 seconds
Iteration 8:	0.0182828903 seconds	0.0000000000 seconds
Iteration 8:	0.0182600021 seconds	0.0000000000 seconds
Iteration 9:	0.0170459747 seconds	0.0000000000 seconds
Iteration 9:	0.0170710087 seconds	0.0000000000 seconds
Iteration 9:	0.0171220303 seconds	0.0000000000 seconds
Iteration 9:	0.0170998573 seconds	0.0000000000 seconds
Iteration 9:	0.0171680450 seconds	0.0000000000 seconds
Iteration 9:	0.0171840191 seconds	0.0000000000 seconds
Iteration 9:	0.0171768665 seconds	0.0000000000 seconds
Iteration 9:	0.0172080994 seconds	0.0000000000 seconds
Iteration 10:	0.0183289051 seconds	0.0000000000 seconds
Iteration 10:	0.0183138847 seconds	0.0000000000 seconds
Iteration 10:	0.0183849335 seconds	0.0000000000 seconds
Iteration 10:	0.0183050632 seconds	0.0000000000 seconds
Iteration 10:	0.0182840824 seconds	0.0000000000 seconds
Iteration 10:	0.0182940960 seconds	0.0000000000 seconds
Iteration 10:	0.0185132027 seconds	0.0000000000 seconds
Iteration 10:	0.0183510780 seconds	0.0000000000 seconds
Iteration 11:	0.0277910233 seconds	0.0000000000 seconds
Iteration 11:	0.0279150009 seconds	0.0000000000 seconds
Iteration 11:	0.0279839039 seconds	0.0000000000 seconds
Iteration 11:	0.0279860497 seconds	0.0000000000 seconds
Iteration 11:	0.0280349255 seconds	0.0000000000 seconds
Iteration 11:	0.0280489922 seconds	0.0000000000 seconds
Iteration 11:	0.0279760361 seconds	0.0000000000 seconds
Iteration 11:	0.0280120373 seconds	0.0000000000 seconds
Iteration 12:	0.0184500217 seconds	0.0000000000 seconds
Iteration 12:	0.0184271336 seconds	0.0000000000 seconds
Iteration 12:	0.0184760094 seconds	0.0000009537 seconds
Iteration 12:	0.0184440613 seconds	0.0000000000 seconds
Iteration 12:	0.0184309483 seconds	0.0000009537 seconds
Iteration 12:	0.0186030865 seconds	0.0000000000 seconds
Iteration 12:	0.0186810493 seconds	0.0000000000 seconds
Iteration 12:	0.0185210705 seconds	0.0000000000 seconds
Iteration 13:	0.0169839859 seconds	0.0000000000 seconds
Iteration 13:	0.0170650482 seconds	0.0000000000 seconds
Iteration 13:	0.0172090530 seconds	0.0000000000 seconds
Iteration 13:	0.0172300339 seconds	0.0000000000 seconds
Iteration 13:	0.0171999931 seconds	0.0000000000 seconds
Iteration 13:	0.0172410011 seconds	0.0000000000 seconds
Iteration 13:	0.0171670914 seconds	0.0000000000 seconds
Iteration 13:	0.0172231197 seconds	0.0000000000 seconds
Iteration 14:	0.0183420181 seconds	0.0000000000 seconds
Iteration 14:	0.0182850361 seconds	0.0000000000 seconds
Iteration 14:	0.0183129311 seconds	0.0000000000 seconds
Iteration 14:	0.0182480812 seconds	0.0000000000 seconds
Iteration 14:	0.0182509422 seconds	0.0000000000 seconds
Iteration 14:	0.0182709694 seconds	0.0000000000 seconds
Iteration 14:	0.0183770657 seconds	0.0000000000 seconds
Iteration 14:	0.0184330940 seconds	0.0000000000 seconds
Iteration 15:	0.0170171261 seconds	0.0000000000 seconds
Iteration 15:	0.0170130730 seconds	0.0000000000 seconds
Iteration 15:	0.0170950890 seconds	0.0000000000 seconds
Iteration 15:	0.0171082020 seconds	0.0000000000 seconds
Iteration 15:	0.0171589851 seconds	0.0000000000 seconds
Iteration 15:	0.0171768665 seconds	0.0000000000 seconds
Iteration 15:	0.0171728134 seconds	0.0000000000 seconds
Iteration 15:	0.0171990395 seconds	0.0000000000 seconds
Iteration 16:	0.0183231831 seconds	0.0000000000 seconds
Iteration 16:	0.0182409286 seconds	0.0000000000 seconds
Iteration 16:	0.0182840824 seconds	0.0000000000 seconds
Iteration 16:	0.0183119774 seconds	0.0000000000 seconds
Iteration 16:	0.0182647705 seconds	0.0000000000 seconds
Iteration 16:	0.0182378292 seconds	0.0000000000 seconds
Iteration 16:	0.0183930397 seconds	0.0000000000 seconds
Iteration 16:	0.0184199810 seconds	0.0000000000 seconds
Iteration 17:	0.0169939995 seconds	0.0000000000 seconds
Iteration 17:	0.0169968605 seconds	0.0000000000 seconds
Iteration 17:	0.0170679092 seconds	0.0000000000 seconds
Iteration 17:	0.0170810223 seconds	0.0000000000 seconds
Iteration 17:	0.0171349049 seconds	0.0000000000 seconds
Iteration 17:	0.0171561241 seconds	0.0000000000 seconds
Iteration 17:	0.0171811581 seconds	0.0000000000 seconds
Iteration 17:	0.0171849728 seconds	0.0000000000 seconds
Iteration 18:	0.0183179379 seconds	0.0000000000 seconds
Iteration 18:	0.0182940960 seconds	0.0000000000 seconds
Iteration 18:	0.0182480812 seconds	0.0000000000 seconds
Iteration 18:	0.0183210373 seconds	0.0000000000 seconds
Iteration 18:	0.0184369087 seconds	0.0000000000 seconds
Iteration 18:	0.0183951855 seconds	0.0000000000 seconds
Iteration 18:	0.0182731152 seconds	0.0000000000 seconds
Iteration 18:	0.0182530880 seconds	0.0000000000 seconds
Iteration 19:	0.0170421600 seconds	0.0000000000 seconds
Iteration 19:	0.0170729160 seconds	0.0000000000 seconds
Iteration 19:	0.0171189308 seconds	0.0000000000 seconds
Iteration 19:	0.0171208382 seconds	0.0000000000 seconds
Iteration 19:	0.0171740055 seconds	0.0000000000 seconds
Iteration 19:	0.0171930790 seconds	0.0000000000 seconds
Iteration 19:	0.0172150135 seconds	0.0000000000 seconds
Iteration 19:	0.0171699524 seconds	0.0000000000 seconds
Iteration 20:	0.0183238983 seconds	0.0000000000 seconds
Iteration 20:	0.0182909966 seconds	0.0000000000 seconds
Iteration 20:	0.0182580948 seconds	0.0000000000 seconds
Iteration 20:	0.0183231831 seconds	0.0000000000 seconds
Iteration 20:	0.0182640553 seconds	0.0000000000 seconds
Iteration 20:	0.0183959007 seconds	0.0000000000 seconds
Iteration 20:	0.0184268951 seconds	0.0000009537 seconds
Iteration 20:	0.0182840824 seconds	0.0000000000 seconds
Iteration 21:	0.0170540810 seconds	0.0000000000 seconds
Iteration 21:	0.0170819759 seconds	0.0000000000 seconds
Iteration 21:	0.0171210766 seconds	0.0000000000 seconds
Iteration 21:	0.0171189308 seconds	0.0000000000 seconds
Iteration 21:	0.0171749592 seconds	0.0000000000 seconds
Iteration 21:	0.0171880722 seconds	0.0000000000 seconds
Iteration 21:	0.0171709061 seconds	0.0000000000 seconds
Iteration 21:	0.0172131062 seconds	0.0000000000 seconds
Iteration 22:	0.0183181763 seconds	0.0000000000 seconds
Iteration 22:	0.0182468891 seconds	0.0000000000 seconds
Iteration 22:	0.0182900429 seconds	0.0000000000 seconds
Iteration 22:	0.0183119774 seconds	0.0000000000 seconds
Iteration 22:	0.0182659626 seconds	0.0000009537 seconds
Iteration 22:	0.0182499886 seconds	0.0000000000 seconds
Iteration 22:	0.0184190273 seconds	0.0000000000 seconds
Iteration 22:	0.0183889866 seconds	0.0000000000 seconds
Iteration 23:	0.0171780586 seconds	0.0000000000 seconds
Iteration 23:	0.0171401501 seconds	0.0000000000 seconds
Iteration 23:	0.0171990395 seconds	0.0000000000 seconds
Iteration 23:	0.0171730518 seconds	0.0000000000 seconds
Iteration 23:	0.0171949863 seconds	0.0000000000 seconds
Iteration 23:	0.0171990395 seconds	0.0000000000 seconds
Iteration 23:	0.0172450542 seconds	0.0000000000 seconds
Iteration 23:	0.0172009468 seconds	0.0000000000 seconds
Iteration 24:	0.0184419155 seconds	0.0000000000 seconds
Iteration 24:	0.0184118748 seconds	0.0000000000 seconds
Iteration 24:	0.0184679031 seconds	0.0000000000 seconds
Iteration 24:	0.0184700489 seconds	0.0000000000 seconds
Iteration 24:	0.0185270309 seconds	0.0000000000 seconds
Iteration 24:	0.0184540749 seconds	0.0000000000 seconds
Iteration 24:	0.0185229778 seconds	0.0000000000 seconds
Iteration 24:	0.0185031891 seconds	0.0000000000 seconds
Iteration 25:	0.0171251297 seconds	0.0000000000 seconds
Iteration 25:	0.0171270370 seconds	0.0000000000 seconds
Iteration 25:	0.0171079636 seconds	0.0000000000 seconds
Iteration 25:	0.0170898438 seconds	0.0000000000 seconds
Iteration 25:	0.0171558857 seconds	0.0000000000 seconds
Iteration 25:	0.0171749592 seconds	0.0000000000 seconds
Iteration 25:	0.0171771049 seconds	0.0000000000 seconds
Iteration 25:	0.0171990395 seconds	0.0000000000 seconds
Iteration 26:	0.0183470249 seconds	0.0000000000 seconds
Iteration 26:	0.0183181763 seconds	0.0000000000 seconds
Iteration 26:	0.0182929039 seconds	0.0000000000 seconds
Iteration 26:	0.0182549953 seconds	0.0000000000 seconds
Iteration 26:	0.0183739662 seconds	0.0000000000 seconds
Iteration 26:	0.0184168816 seconds	0.0000000000 seconds
Iteration 26:	0.0182800293 seconds	0.0000000000 seconds
Iteration 26:	0.0182571411 seconds	0.0000000000 seconds
Iteration 27:	0.0170459747 seconds	0.0000000000 seconds
Iteration 27:	0.0171921253 seconds	0.0000000000 seconds
Iteration 27:	0.0171761513 seconds	0.0000000000 seconds
Iteration 27:	0.0172121525 seconds	0.0000000000 seconds
Iteration 27:	0.0172679424 seconds	0.0000000000 seconds
Iteration 27:	0.0172920227 seconds	0.0000000000 seconds
Iteration 27:	0.0173130035 seconds	0.0000000000 seconds
Iteration 27:	0.0172879696 seconds	0.0000000000 seconds
Iteration 28:	0.0184099674 seconds	0.0000000000 seconds
Iteration 28:	0.0184009075 seconds	0.0000009537 seconds
Iteration 28:	0.0184249878 seconds	0.0000000000 seconds
Iteration 28:	0.0183789730 seconds	0.0000000000 seconds
Iteration 28:	0.0184121132 seconds	0.0000000000 seconds
Iteration 28:	0.0184280872 seconds	0.0000000000 seconds
Iteration 28:	0.0185139179 seconds	0.0000000000 seconds
Iteration 28:	0.0186729431 seconds	0.0000000000 seconds
Iteration 29:	0.0170240402 seconds	0.0000009537 seconds
Iteration 29:	0.0170259476 seconds	0.0000000000 seconds
Iteration 29:	0.0170881748 seconds	0.0000000000 seconds
Iteration 29:	0.0171389580 seconds	0.0000000000 seconds
Iteration 29:	0.0171339512 seconds	0.0000000000 seconds
Iteration 29:	0.0172410011 seconds	0.0000000000 seconds
Iteration 29:	0.0171680450 seconds	0.0000000000 seconds
Iteration 29:	0.0172879696 seconds	0.0000000000 seconds
Iteration 30:	0.0183990002 seconds	0.0000009537 seconds
Iteration 30:	0.0184469223 seconds	0.0000000000 seconds
Iteration 30:	0.0184161663 seconds	0.0000000000 seconds
Iteration 30:	0.0183610916 seconds	0.0000000000 seconds
Iteration 30:	0.0183219910 seconds	0.0000000000 seconds
Iteration 30:	0.0183980465 seconds	0.0000000000 seconds
Iteration 30:	0.0183410645 seconds	0.0000000000 seconds
Iteration 30:	0.0183241367 seconds	0.0000009537 seconds
Iteration 31:	0.0170648098 seconds	0.0000000000 seconds
Iteration 31:	0.0170691013 seconds	0.0000000000 seconds
Iteration 31:	0.0171260834 seconds	0.0000000000 seconds
Iteration 31:	0.0171029568 seconds	0.0000000000 seconds
Iteration 31:	0.0171499252 seconds	0.0000000000 seconds
Iteration 31:	0.0171780586 seconds	0.0000000000 seconds
Iteration 31:	0.0171751976 seconds	0.0000000000 seconds
Iteration 31:	0.0172011852 seconds	0.0000000000 seconds
Iteration 32:	0.0183370113 seconds	0.0000000000 seconds
Iteration 32:	0.0182960033 seconds	0.0000000000 seconds
Iteration 32:	0.0183858871 seconds	0.0000000000 seconds
Iteration 32:	0.0184278488 seconds	0.0000011921 seconds
Iteration 32:	0.0182662010 seconds	0.0000009537 seconds
Iteration 32:	0.0183320045 seconds	0.0000000000 seconds
Iteration 32:	0.0182859898 seconds	0.0000000000 seconds
Iteration 32:	0.0182650089 seconds	0.0000000000 seconds
Iteration 33:	0.0170328617 seconds	0.0000000000 seconds
Iteration 33:	0.0170300007 seconds	0.0000000000 seconds
Iteration 33:	0.0170860291 seconds	0.0000000000 seconds
Iteration 33:	0.0170881748 seconds	0.0000000000 seconds
Iteration 33:	0.0171449184 seconds	0.0000000000 seconds
Iteration 33:	0.0171620846 seconds	0.0000000000 seconds
Iteration 33:	0.0171737671 seconds	0.0000000000 seconds
Iteration 33:	0.0171768665 seconds	0.0000000000 seconds
Iteration 34:	0.0183169842 seconds	0.0000000000 seconds
Iteration 34:	0.0182938576 seconds	0.0000000000 seconds
Iteration 34:	0.0183169842 seconds	0.0000000000 seconds
Iteration 34:	0.0182559490 seconds	0.0000000000 seconds
Iteration 34:	0.0182750225 seconds	0.0000000000 seconds
Iteration 34:	0.0182580948 seconds	0.0000000000 seconds
Iteration 34:	0.0183868408 seconds	0.0000000000 seconds
Iteration 34:	0.0184178352 seconds	0.0000009537 seconds
Iteration 35:	0.0170490742 seconds	0.0000000000 seconds
Iteration 35:	0.0170741081 seconds	0.0000000000 seconds
Iteration 35:	0.0171229839 seconds	0.0000000000 seconds
Iteration 35:	0.0171229839 seconds	0.0000000000 seconds
Iteration 35:	0.0171658993 seconds	0.0000000000 seconds
Iteration 35:	0.0171868801 seconds	0.0000000000 seconds
Iteration 35:	0.0171718597 seconds	0.0000000000 seconds
Iteration 35:	0.0172071457 seconds	0.0000000000 seconds
Iteration 36:	0.0183110237 seconds	0.0000000000 seconds
Iteration 36:	0.0182859898 seconds	0.0000000000 seconds
Iteration 36:	0.0182480812 seconds	0.0000000000 seconds
Iteration 36:	0.0183148384 seconds	0.0000000000 seconds
Iteration 36:	0.0182619095 seconds	0.0000000000 seconds
Iteration 36:	0.0183861256 seconds	0.0000000000 seconds
Iteration 36:	0.0184159279 seconds	0.0000000000 seconds
Iteration 36:	0.0182530880 seconds	0.0000000000 seconds
Iteration 37:	0.0170469284 seconds	0.0000000000 seconds
Iteration 37:	0.0170800686 seconds	0.0000000000 seconds
Iteration 37:	0.0171270370 seconds	0.0000000000 seconds
Iteration 37:	0.0171251297 seconds	0.0000000000 seconds
Iteration 37:	0.0171821117 seconds	0.0000000000 seconds
Iteration 37:	0.0171949863 seconds	0.0000000000 seconds
Iteration 37:	0.0171790123 seconds	0.0000000000 seconds
Iteration 37:	0.0172188282 seconds	0.0000000000 seconds
Iteration 38:	0.0183100700 seconds	0.0000000000 seconds
Iteration 38:	0.0182769299 seconds	0.0000000000 seconds
Iteration 38:	0.0182459354 seconds	0.0000000000 seconds
Iteration 38:	0.0183138847 seconds	0.0000000000 seconds
Iteration 38:	0.0182440281 seconds	0.0000000000 seconds
Iteration 38:	0.0182671547 seconds	0.0000000000 seconds
Iteration 38:	0.0183920860 seconds	0.0000000000 seconds
Iteration 38:	0.0184290409 seconds	0.0000000000 seconds
Iteration 39:	0.0170209408 seconds	0.0000000000 seconds
Iteration 39:	0.0170199871 seconds	0.0000000000 seconds
Iteration 39:	0.0171139240 seconds	0.0000000000 seconds
Total computation time was: 0.795886		Average frame time was: 0.019870		Average Particle interations per second were: 3351037595.318295
Iteration 39:	0.0171139240 seconds	0.0000000000 seconds
Iteration 39:	0.0171561241 seconds	0.0000000000 seconds
Iteration 39:	0.0171790123 seconds	0.0000000000 seconds
Iteration 39:	0.0171740055 seconds	0.0000000000 seconds
Iteration 39:	0.0172028542 seconds	0.0000000000 seconds
