[ -1:000]                : Rank 1 is running on comet-04-18.sdsc.edu
[  1:001] init_pprintf   : My dest: 0	My source: 0	My_num_part: 480
[ -1:000]                : Rank 0 is running on comet-04-18.sdsc.edu
[  0:001] init_pprintf   : My dest: 1	My source: 1	My_num_part: 480
Initalizing particles linear on 0 to 480
Initalizing particles linear on 480 to 960
Iteration 0:	0.0020310879 seconds	0.0000000000 seconds
Iteration 0:	0.0018780231 seconds	0.0000000000 seconds
Iteration 1:	0.0014500618 seconds	0.0000000000 seconds
Iteration 1:	0.0014500618 seconds	0.0000000000 seconds
Iteration 2:	0.0015299320 seconds	0.0000000000 seconds
Iteration 2:	0.0015308857 seconds	0.0000000000 seconds
Iteration 3:	0.0014650822 seconds	0.0000000000 seconds
Iteration 3:	0.0014650822 seconds	0.0000000000 seconds
Iteration 4:	0.0015177727 seconds	0.0000000000 seconds
Iteration 4:	0.0015189648 seconds	0.0000000000 seconds
Iteration 5:	0.0014350414 seconds	0.0000000000 seconds
Iteration 5:	0.0014350414 seconds	0.0000000000 seconds
Iteration 6:	0.0015199184 seconds	0.0000000000 seconds
Iteration 6:	0.0015189648 seconds	0.0000000000 seconds
Iteration 7:	0.0014350414 seconds	0.0000000000 seconds
Iteration 7:	0.0014350414 seconds	0.0000000000 seconds
Iteration 8:	0.0015180111 seconds	0.0000000000 seconds
Iteration 8:	0.0015180111 seconds	0.0000000000 seconds
Iteration 9:	0.0014479160 seconds	0.0000000000 seconds
Iteration 9:	0.0014488697 seconds	0.0000000000 seconds
Iteration 10:	0.0015180111 seconds	0.0000000000 seconds
Iteration 10:	0.0015180111 seconds	0.0000000000 seconds
Iteration 11:	0.0014250278 seconds	0.0000000000 seconds
Iteration 11:	0.0014238358 seconds	0.0000000000 seconds
Iteration 12:	0.0015189648 seconds	0.0000000000 seconds
Iteration 12:	0.0015189648 seconds	0.0000000000 seconds
Iteration 13:	0.0014300346 seconds	0.0000000000 seconds
Iteration 13:	0.0014300346 seconds	0.0000000000 seconds
Iteration 14:	0.0015201569 seconds	0.0000000000 seconds
Iteration 14:	0.0015201569 seconds	0.0000000000 seconds
Iteration 15:	0.0014259815 seconds	0.0000000000 seconds
Iteration 15:	0.0014247894 seconds	0.0000011921 seconds
Iteration 16:	0.0015349388 seconds	0.0000000000 seconds
Iteration 16:	0.0015349388 seconds	0.0000000000 seconds
Iteration 17:	0.0014300346 seconds	0.0000000000 seconds
Iteration 17:	0.0014300346 seconds	0.0000000000 seconds
Iteration 18:	0.0015189648 seconds	0.0000000000 seconds
Iteration 18:	0.0015180111 seconds	0.0000009537 seconds
Iteration 19:	0.0014250278 seconds	0.0000000000 seconds
Iteration 19:	0.0014250278 seconds	0.0000000000 seconds
Iteration 20:	0.0015180111 seconds	0.0000000000 seconds
Iteration 20:	0.0015180111 seconds	0.0000000000 seconds
Iteration 21:	0.0014247894 seconds	0.0000000000 seconds
Iteration 21:	0.0014247894 seconds	0.0000000000 seconds
Iteration 22:	0.0015199184 seconds	0.0000000000 seconds
Iteration 22:	0.0015199184 seconds	0.0000000000 seconds
Iteration 23:	0.0014390945 seconds	0.0000000000 seconds
Iteration 23:	0.0014390945 seconds	0.0000000000 seconds
Iteration 24:	0.0015251637 seconds	0.0000000000 seconds
Iteration 24:	0.0015251637 seconds	0.0000000000 seconds
Iteration 25:	0.0014250278 seconds	0.0000000000 seconds
Iteration 25:	0.0014250278 seconds	0.0000000000 seconds
Iteration 26:	0.0015180111 seconds	0.0000000000 seconds
Iteration 26:	0.0015180111 seconds	0.0000000000 seconds
Iteration 27:	0.0014250278 seconds	0.0000000000 seconds
Iteration 27:	0.0014250278 seconds	0.0000000000 seconds
Iteration 28:	0.0015189648 seconds	0.0000000000 seconds
Iteration 28:	0.0015189648 seconds	0.0000009537 seconds
Iteration 29:	0.0014259815 seconds	0.0000000000 seconds
Iteration 29:	0.0014259815 seconds	0.0000000000 seconds
Iteration 30:	0.0015358925 seconds	0.0000000000 seconds
Iteration 30:	0.0015349388 seconds	0.0000000000 seconds
Iteration 31:	0.0014240742 seconds	0.0000000000 seconds
Iteration 31:	0.0014240742 seconds	0.0000000000 seconds
Iteration 32:	0.0015320778 seconds	0.0000000000 seconds
Iteration 32:	0.0015320778 seconds	0.0000000000 seconds
Iteration 33:	0.0014300346 seconds	0.0000000000 seconds
Iteration 33:	0.0014300346 seconds	0.0000000000 seconds
Iteration 34:	0.0015180111 seconds	0.0000000000 seconds
Iteration 34:	0.0015180111 seconds	0.0000009537 seconds
Iteration 35:	0.0014259815 seconds	0.0000000000 seconds
Iteration 35:	0.0014259815 seconds	0.0000000000 seconds
Iteration 36:	0.0015170574 seconds	0.0000000000 seconds
Iteration 36:	0.0015170574 seconds	0.0000000000 seconds
Iteration 37:	0.0014300346 seconds	0.0000000000 seconds
Iteration 37:	0.0014290810 seconds	0.0000000000 seconds
Iteration 38:	0.0015199184 seconds	0.0000000000 seconds
Iteration 38:	0.0015208721 seconds	0.0000000000 seconds
Iteration 39:	0.0014250278 seconds	0.0000000000 seconds
Iteration 39:	0.0014259815 seconds	0.0000000000 seconds
Iteration 40:	0.0015168190 seconds	0.0000000000 seconds
Iteration 40:	0.0015168190 seconds	0.0000000000 seconds
Iteration 41:	0.0014209747 seconds	0.0000000000 seconds
Iteration 41:	0.0014200211 seconds	0.0000000000 seconds
Iteration 42:	0.0015230179 seconds	0.0000000000 seconds
Iteration 42:	0.0015230179 seconds	0.0000000000 seconds
Iteration 43:	0.0014190674 seconds	0.0000000000 seconds
Iteration 43:	0.0014190674 seconds	0.0000000000 seconds
Iteration 44:	0.0015230179 seconds	0.0000000000 seconds
Iteration 44:	0.0015230179 seconds	0.0000000000 seconds
Iteration 45:	0.0014200211 seconds	0.0000000000 seconds
Iteration 45:	0.0014188290 seconds	0.0000000000 seconds
Iteration 46:	0.0015211105 seconds	0.0000000000 seconds
Iteration 46:	0.0015211105 seconds	0.0000000000 seconds
Iteration 47:	0.0014190674 seconds	0.0000000000 seconds
Iteration 47:	0.0014190674 seconds	0.0000000000 seconds
Iteration 48:	0.0015218258 seconds	0.0000000000 seconds
Iteration 48:	0.0015208721 seconds	0.0000000000 seconds
Iteration 49:	0.0014200211 seconds	0.0000000000 seconds
Iteration 49:	0.0014200211 seconds	0.0000000000 seconds
Iteration 50:	0.0015211105 seconds	0.0000000000 seconds
Iteration 50:	0.0015211105 seconds	0.0000000000 seconds
Iteration 51:	0.0014197826 seconds	0.0000000000 seconds
Iteration 51:	0.0014200211 seconds	0.0000009537 seconds
Iteration 52:	0.0015211105 seconds	0.0000000000 seconds
Iteration 52:	0.0015220642 seconds	0.0000000000 seconds
Iteration 53:	0.0014190674 seconds	0.0000000000 seconds
Iteration 53:	0.0014190674 seconds	0.0000000000 seconds
Iteration 54:	0.0015218258 seconds	0.0000000000 seconds
Iteration 54:	0.0015218258 seconds	0.0000000000 seconds
Iteration 55:	0.0014181137 seconds	0.0000000000 seconds
Iteration 55:	0.0014181137 seconds	0.0000000000 seconds
Iteration 56:	0.0015230179 seconds	0.0000000000 seconds
Iteration 56:	0.0015230179 seconds	0.0000000000 seconds
Iteration 57:	0.0014178753 seconds	0.0000000000 seconds
Iteration 57:	0.0014178753 seconds	0.0000000000 seconds
Iteration 58:	0.0015230179 seconds	0.0000000000 seconds
Iteration 58:	0.0015220642 seconds	0.0000000000 seconds
Iteration 59:	0.0014188290 seconds	0.0000000000 seconds
Iteration 59:	0.0014188290 seconds	0.0000000000 seconds
Total computation time was: 0.089236		Average frame time was: 0.001483		Average Particle interations per second were: 621325101.757394
