[ -1:000]                : Rank 1 is running on comet-14-37.sdsc.edu
[ -1:000]                : Rank 3 is running on comet-14-37.sdsc.edu
[ -1:000]                : Rank 0 is running on comet-14-37.sdsc.edu
[ -1:000]                : Rank 2 is running on comet-14-37.sdsc.edu
[  3:001] init_pprintf   : My dest: 0	My source: 2	My_num_part: 4080
[  1:001] init_pprintf   : My dest: 2	My source: 0	My_num_part: 4080
[  2:001] init_pprintf   : My dest: 3	My source: 1	My_num_part: 4080
[  0:001] init_pprintf   : My dest: 1	My source: 3	My_num_part: 4080
Initalizing particles linear on 0 to 4080
Initalizing particles linear on 8160 to 12240
Initalizing particles linear on 12240 to 16320
Initalizing particles linear on 4080 to 8160
Iteration 0:	0.7646410465 seconds	0.0000000000 seconds
Iteration 0:	0.7657070160 seconds	0.0000000000 seconds
Iteration 0:	0.7659089565 seconds	0.0000000000 seconds
Iteration 0:	0.7656669617 seconds	0.0000000000 seconds
Iteration 1:	0.7040619850 seconds	0.0000000000 seconds
Iteration 1:	0.7043769360 seconds	0.0000000000 seconds
Iteration 1:	0.7043750286 seconds	0.0000000000 seconds
Iteration 1:	0.7043769360 seconds	0.0000000000 seconds
Iteration 2:	0.7597379684 seconds	0.0000000000 seconds
Iteration 2:	0.7603840828 seconds	0.0000000000 seconds
Iteration 2:	0.7603821754 seconds	0.0000000000 seconds
Iteration 2:	0.7603840828 seconds	0.0000000000 seconds
Iteration 3:	0.7047948837 seconds	0.0000000000 seconds
Iteration 3:	0.7077529430 seconds	0.0000000000 seconds
Iteration 3:	0.7057659626 seconds	0.0000000000 seconds
Iteration 3:	0.7057669163 seconds	0.0000011921 seconds
Iteration 4:	0.7602200508 seconds	0.0000000000 seconds
Iteration 4:	0.7596709728 seconds	0.0000000000 seconds
Iteration 4:	0.7596709728 seconds	0.0000000000 seconds
Iteration 4:	0.7596709728 seconds	0.0000000000 seconds
Iteration 5:	0.7051191330 seconds	0.0000000000 seconds
Iteration 5:	0.7063028812 seconds	0.0000000000 seconds
Iteration 5:	0.7063019276 seconds	0.0000000000 seconds
Iteration 5:	0.7063019276 seconds	0.0000000000 seconds
Iteration 6:	0.7603678703 seconds	0.0000000000 seconds
Iteration 6:	0.7597050667 seconds	0.0000000000 seconds
Iteration 6:	0.7597050667 seconds	0.0000000000 seconds
Iteration 6:	0.7597050667 seconds	0.0000000000 seconds
Iteration 7:	0.7188129425 seconds	0.0000000000 seconds
Iteration 7:	0.7189018726 seconds	0.0000000000 seconds
Iteration 7:	0.7189028263 seconds	0.0000000000 seconds
Iteration 7:	0.7189040184 seconds	0.0000000000 seconds
Iteration 8:	0.7680850029 seconds	0.0000000000 seconds
Iteration 8:	0.7675070763 seconds	0.0000000000 seconds
Iteration 8:	0.7675070763 seconds	0.0000000000 seconds
Iteration 8:	0.7675080299 seconds	0.0000000000 seconds
Iteration 9:	0.7134549618 seconds	0.0000000000 seconds
Iteration 9:	0.7144889832 seconds	0.0000000000 seconds
Iteration 9:	0.7144899368 seconds	0.0000000000 seconds
Iteration 9:	0.7144889832 seconds	0.0000000000 seconds
Iteration 10:	0.7680940628 seconds	0.0000000000 seconds
Iteration 10:	0.7675380707 seconds	0.0000000000 seconds
Iteration 10:	0.7675371170 seconds	0.0000000000 seconds
Iteration 10:	0.7675390244 seconds	0.0000000000 seconds
Iteration 11:	0.7134449482 seconds	0.0000000000 seconds
Iteration 11:	0.7146790028 seconds	0.0000000000 seconds
Iteration 11:	0.7146790028 seconds	0.0000000000 seconds
Iteration 11:	0.7146790028 seconds	0.0000011921 seconds
Iteration 12:	0.7687141895 seconds	0.0000000000 seconds
Iteration 12:	0.7681469917 seconds	0.0000000000 seconds
Iteration 12:	0.7681457996 seconds	0.0000000000 seconds
Iteration 12:	0.7681481838 seconds	0.0000000000 seconds
Iteration 13:	0.7127568722 seconds	0.0000000000 seconds
Iteration 13:	0.7137970924 seconds	0.0000000000 seconds
Iteration 13:	0.7137970924 seconds	0.0000000000 seconds
Iteration 13:	0.7137959003 seconds	0.0000000000 seconds
Iteration 14:	0.7683339119 seconds	0.0000009537 seconds
Iteration 14:	0.7676999569 seconds	0.0000000000 seconds
Iteration 14:	0.7676999569 seconds	0.0000000000 seconds
Iteration 14:	0.7677009106 seconds	0.0000000000 seconds
Iteration 15:	0.7246999741 seconds	0.0000000000 seconds
Iteration 15:	0.7231919765 seconds	0.0000000000 seconds
Iteration 15:	0.7231919765 seconds	0.0000000000 seconds
Iteration 15:	0.7231910229 seconds	0.0000000000 seconds
Iteration 16:	0.7705328465 seconds	0.0000000000 seconds
Iteration 16:	0.7707638741 seconds	0.0000000000 seconds
Iteration 16:	0.7707610130 seconds	0.0000000000 seconds
Iteration 16:	0.7712578773 seconds	0.0000000000 seconds
Iteration 17:	0.7130119801 seconds	0.0000000000 seconds
Iteration 17:	0.7139348984 seconds	0.0000000000 seconds
Iteration 17:	0.7141640186 seconds	0.0000000000 seconds
Iteration 17:	0.7139348984 seconds	0.0000000000 seconds
Iteration 18:	0.7681310177 seconds	0.0000000000 seconds
Iteration 18:	0.7676489353 seconds	0.0000000000 seconds
Iteration 18:	0.7676491737 seconds	0.0000000000 seconds
Iteration 18:	0.7676491737 seconds	0.0000000000 seconds
Iteration 19:	0.7130408287 seconds	0.0000000000 seconds
Iteration 19:	0.7140200138 seconds	0.0000000000 seconds
Iteration 19:	0.7140178680 seconds	0.0000000000 seconds
Iteration 19:	0.7140200138 seconds	0.0000000000 seconds
Iteration 20:	0.7678561211 seconds	0.0000000000 seconds
Iteration 20:	0.7673439980 seconds	0.0000000000 seconds
Iteration 20:	0.7673430443 seconds	0.0000000000 seconds
Iteration 20:	0.7673439980 seconds	0.0000009537 seconds
Iteration 21:	0.7127459049 seconds	0.0000000000 seconds
Iteration 21:	0.7138059139 seconds	0.0000000000 seconds
Iteration 21:	0.7138049603 seconds	0.0000000000 seconds
Iteration 21:	0.7138059139 seconds	0.0000009537 seconds
Iteration 22:	0.7682690620 seconds	0.0000000000 seconds
Iteration 22:	0.7677309513 seconds	0.0000000000 seconds
Iteration 22:	0.7677299976 seconds	0.0000000000 seconds
Iteration 22:	0.7677299976 seconds	0.0000000000 seconds
Iteration 23:	0.7126238346 seconds	0.0000000000 seconds
Iteration 23:	0.7135269642 seconds	0.0000000000 seconds
Iteration 23:	0.7135260105 seconds	0.0000000000 seconds
Iteration 23:	0.7135269642 seconds	0.0000000000 seconds
Iteration 24:	0.7678871155 seconds	0.0000000000 seconds
Iteration 24:	0.7673130035 seconds	0.0000000000 seconds
Iteration 24:	0.7673120499 seconds	0.0000000000 seconds
Iteration 24:	0.7673139572 seconds	0.0000000000 seconds
Iteration 25:	0.7127721310 seconds	0.0000000000 seconds
Iteration 25:	0.7127618790 seconds	0.0000000000 seconds
Iteration 25:	0.7127618790 seconds	0.0000000000 seconds
Iteration 25:	0.7127609253 seconds	0.0000000000 seconds
Iteration 26:	0.7679798603 seconds	0.0000000000 seconds
Iteration 26:	0.7674050331 seconds	0.0000000000 seconds
Iteration 26:	0.7674050331 seconds	0.0000000000 seconds
Iteration 26:	0.7674050331 seconds	0.0000000000 seconds
Iteration 27:	0.7128150463 seconds	0.0000000000 seconds
Iteration 27:	0.7128679752 seconds	0.0000000000 seconds
Iteration 27:	0.7128670216 seconds	0.0000000000 seconds
Iteration 27:	0.7128689289 seconds	0.0000000000 seconds
Iteration 28:	0.7679169178 seconds	0.0000000000 seconds
Iteration 28:	0.7675259113 seconds	0.0000000000 seconds
Iteration 28:	0.7675249577 seconds	0.0000000000 seconds
Iteration 28:	0.7675249577 seconds	0.0000000000 seconds
Iteration 29:	0.7150430679 seconds	0.0000000000 seconds
Iteration 29:	0.7149219513 seconds	0.0000000000 seconds
Iteration 29:	0.7149200439 seconds	0.0000000000 seconds
Iteration 29:	0.7149219513 seconds	0.0000000000 seconds
Iteration 30:	0.7748351097 seconds	0.0000000000 seconds
Iteration 30:	0.7742159367 seconds	0.0000000000 seconds
Iteration 30:	0.7742159367 seconds	0.0000000000 seconds
Iteration 30:	0.7742159367 seconds	0.0000000000 seconds
Iteration 31:	0.7165408134 seconds	0.0000000000 seconds
Iteration 31:	0.7166309357 seconds	0.0000000000 seconds
Iteration 31:	0.7165679932 seconds	0.0000000000 seconds
Iteration 31:	0.7165670395 seconds	0.0000000000 seconds
Iteration 32:	0.7713599205 seconds	0.0000000000 seconds
Iteration 32:	0.7720279694 seconds	0.0000000000 seconds
Iteration 32:	0.7719988823 seconds	0.0000000000 seconds
Iteration 32:	0.7720279694 seconds	0.0000000000 seconds
Iteration 33:	0.7171099186 seconds	0.0000000000 seconds
Iteration 33:	0.7172870636 seconds	0.0000000000 seconds
Iteration 33:	0.7172880173 seconds	0.0000000000 seconds
Iteration 33:	0.7172870636 seconds	0.0000000000 seconds
Iteration 34:	0.7713370323 seconds	0.0000000000 seconds
Iteration 34:	0.7717530727 seconds	0.0000000000 seconds
Iteration 34:	0.7717540264 seconds	0.0000000000 seconds
Iteration 34:	0.7717528343 seconds	0.0000000000 seconds
Total computation time was: 25.941622		Average frame time was: 0.741184		Average Particle interations per second were: 359347046.644693
