[ -1:000]                : Rank 2 is running on comet-17-60.sdsc.edu
[ -1:000]                : Rank 3 is running on comet-17-60.sdsc.edu
[  2:001] init_pprintf   : My dest: 3	My source: 1	My_num_part: 4020
[  3:001] init_pprintf   : My dest: 4	My source: 2	My_num_part: 4020
[ -1:000]                : Rank 1 is running on comet-17-60.sdsc.edu
[ -1:000]                : Rank 0 is running on comet-17-60.sdsc.edu
[  1:001] init_pprintf   : My dest: 2	My source: 0	My_num_part: 4020
[  0:001] init_pprintf   : My dest: 1	My source: 7	My_num_part: 4020
Initalizing particles linear on 0 to 4020
Initalizing particles linear on 12060 to 16080
Initalizing particles linear on 8040 to 12060
Initalizing particles linear on 4020 to 8040
[ -1:000]                : Rank 7 is running on comet-27-40.sdsc.edu
[ -1:000]                : Rank 6 is running on comet-27-40.sdsc.edu
[  7:001] init_pprintf   : My dest: 0	My source: 6	My_num_part: 4020
[  6:001] init_pprintf   : My dest: 7	My source: 5	My_num_part: 4020
[ -1:000]                : Rank 4 is running on comet-27-40.sdsc.edu
[ -1:000]                : Rank 5 is running on comet-27-40.sdsc.edu
[  4:001] init_pprintf   : My dest: 5	My source: 3	My_num_part: 4020
[  5:001] init_pprintf   : My dest: 6	My source: 4	My_num_part: 4020
Initalizing particles linear on 16080 to 20100
Initalizing particles linear on 28140 to 32160
Initalizing particles linear on 24120 to 28140
Initalizing particles linear on 20100 to 24120
Iteration 0:	0.3066618443 seconds	0.0000000000 seconds
Iteration 0:	0.3066370487 seconds	0.0000000000 seconds
Iteration 0:	0.3067018986 seconds	0.0000000000 seconds
Iteration 0:	0.3502101898 seconds	0.0000000000 seconds
Iteration 0:	0.3504660130 seconds	0.0000000000 seconds
Iteration 0:	0.3503029346 seconds	0.0000000000 seconds
Iteration 0:	0.3503339291 seconds	0.0000009537 seconds
Iteration 0:	0.3070619106 seconds	0.0000000000 seconds
Iteration 1:	0.2626659870 seconds	0.0000000000 seconds
Iteration 1:	0.2627291679 seconds	0.0000000000 seconds
Iteration 1:	0.2627770901 seconds	0.0000000000 seconds
Iteration 1:	0.2628779411 seconds	0.0000000000 seconds
Iteration 1:	0.2629227638 seconds	0.0000000000 seconds
Iteration 1:	0.2627599239 seconds	0.0000000000 seconds
Iteration 1:	0.2629799843 seconds	0.0000000000 seconds
Iteration 1:	0.2627689838 seconds	0.0000000000 seconds
Iteration 2:	0.2821331024 seconds	0.0000000000 seconds
Iteration 2:	0.2822740078 seconds	0.0000000000 seconds
Iteration 2:	0.2822220325 seconds	0.0000000000 seconds
Iteration 2:	0.2821640968 seconds	0.0000000000 seconds
Iteration 2:	0.2822830677 seconds	0.0000000000 seconds
Iteration 2:	0.2822899818 seconds	0.0000000000 seconds
Iteration 2:	0.2822551727 seconds	0.0000000000 seconds
Iteration 2:	0.2823209763 seconds	0.0000011921 seconds
Iteration 3:	0.2627458572 seconds	0.0000000000 seconds
Iteration 3:	0.2626659870 seconds	0.0000000000 seconds
Iteration 3:	0.2627618313 seconds	0.0000000000 seconds
Iteration 3:	0.2628750801 seconds	0.0000000000 seconds
Iteration 3:	0.2629299164 seconds	0.0000000000 seconds
Iteration 3:	0.2627139091 seconds	0.0000000000 seconds
Iteration 3:	0.2627089024 seconds	0.0000000000 seconds
Iteration 3:	0.2627351284 seconds	0.0000000000 seconds
Iteration 4:	0.2819781303 seconds	0.0000000000 seconds
Iteration 4:	0.2820560932 seconds	0.0000000000 seconds
Iteration 4:	0.2820570469 seconds	0.0000000000 seconds
Iteration 4:	0.2820670605 seconds	0.0000009537 seconds
Iteration 4:	0.2822020054 seconds	0.0000000000 seconds
Iteration 4:	0.2822690010 seconds	0.0000000000 seconds
Iteration 4:	0.2821710110 seconds	0.0000000000 seconds
Iteration 4:	0.2822301388 seconds	0.0000000000 seconds
Iteration 5:	0.2624859810 seconds	0.0000000000 seconds
Iteration 5:	0.2625219822 seconds	0.0000000000 seconds
Iteration 5:	0.2626049519 seconds	0.0000000000 seconds
Iteration 5:	0.2627840042 seconds	0.0000000000 seconds
Iteration 5:	0.2627000809 seconds	0.0000000000 seconds
Iteration 5:	0.2628529072 seconds	0.0000000000 seconds
Iteration 5:	0.2629070282 seconds	0.0000000000 seconds
Iteration 5:	0.2629067898 seconds	0.0000000000 seconds
Iteration 6:	0.2826490402 seconds	0.0000000000 seconds
Iteration 6:	0.2829329967 seconds	0.0000000000 seconds
Iteration 6:	0.2829790115 seconds	0.0000000000 seconds
Iteration 6:	0.2842309475 seconds	0.0000000000 seconds
Iteration 6:	0.2841610909 seconds	0.0000000000 seconds
Iteration 6:	0.2844510078 seconds	0.0000000000 seconds
Iteration 6:	0.2844510078 seconds	0.0000000000 seconds
Iteration 6:	0.2844018936 seconds	0.0000000000 seconds
Iteration 7:	0.2639842033 seconds	0.0000000000 seconds
Iteration 7:	0.2639667988 seconds	0.0000000000 seconds
Iteration 7:	0.2639560699 seconds	0.0000000000 seconds
Iteration 7:	0.2653670311 seconds	0.0000000000 seconds
Iteration 7:	0.2641170025 seconds	0.0000009537 seconds
Iteration 7:	0.2642168999 seconds	0.0000000000 seconds
Iteration 7:	0.2654259205 seconds	0.0000000000 seconds
Iteration 7:	0.2657530308 seconds	0.0000000000 seconds
Iteration 8:	0.2819430828 seconds	0.0000000000 seconds
Iteration 8:	0.2821459770 seconds	0.0000000000 seconds
Iteration 8:	0.2820479870 seconds	0.0000000000 seconds
Iteration 8:	0.2820758820 seconds	0.0000000000 seconds
Iteration 8:	0.2821788788 seconds	0.0000000000 seconds
Iteration 8:	0.2823529243 seconds	0.0000000000 seconds
Iteration 8:	0.2823550701 seconds	0.0000000000 seconds
Iteration 8:	0.2823598385 seconds	0.0000000000 seconds
Iteration 9:	0.2626597881 seconds	0.0000000000 seconds
Iteration 9:	0.2625710964 seconds	0.0000000000 seconds
Iteration 9:	0.2626361847 seconds	0.0000000000 seconds
Iteration 9:	0.2628440857 seconds	0.0000009537 seconds
Iteration 9:	0.2627460957 seconds	0.0000000000 seconds
Iteration 9:	0.2627010345 seconds	0.0000000000 seconds
Iteration 9:	0.2626109123 seconds	0.0000000000 seconds
Iteration 9:	0.2627539635 seconds	0.0000000000 seconds
Iteration 10:	0.2821049690 seconds	0.0000000000 seconds
Iteration 10:	0.2821509838 seconds	0.0000000000 seconds
Iteration 10:	0.2821099758 seconds	0.0000000000 seconds
Iteration 10:	0.2821750641 seconds	0.0000000000 seconds
Iteration 10:	0.2822010517 seconds	0.0000000000 seconds
Iteration 10:	0.2822930813 seconds	0.0000000000 seconds
Iteration 10:	0.2822690010 seconds	0.0000000000 seconds
Iteration 10:	0.2822458744 seconds	0.0000000000 seconds
Iteration 11:	0.2625560760 seconds	0.0000000000 seconds
Iteration 11:	0.2626159191 seconds	0.0000000000 seconds
Iteration 11:	0.2626309395 seconds	0.0000000000 seconds
Iteration 11:	0.2627458572 seconds	0.0000000000 seconds
Iteration 11:	0.2627451420 seconds	0.0000000000 seconds
Iteration 11:	0.2628130913 seconds	0.0000000000 seconds
Iteration 11:	0.2627379894 seconds	0.0000000000 seconds
Iteration 11:	0.2627489567 seconds	0.0000000000 seconds
Iteration 12:	0.2881150246 seconds	0.0000000000 seconds
Iteration 12:	0.2884190083 seconds	0.0000000000 seconds
Iteration 12:	0.2883818150 seconds	0.0000000000 seconds
Iteration 12:	0.2883849144 seconds	0.0000000000 seconds
Iteration 12:	0.2883889675 seconds	0.0000000000 seconds
Iteration 12:	0.2886807919 seconds	0.0000000000 seconds
Iteration 12:	0.2884340286 seconds	0.0000000000 seconds
Iteration 12:	0.2886700630 seconds	0.0000000000 seconds
Iteration 13:	0.2627480030 seconds	0.0000000000 seconds
Iteration 13:	0.2627968788 seconds	0.0000000000 seconds
Iteration 13:	0.2627191544 seconds	0.0000000000 seconds
Iteration 13:	0.2627170086 seconds	0.0000000000 seconds
Iteration 13:	0.2627670765 seconds	0.0000000000 seconds
Iteration 13:	0.2631158829 seconds	0.0000000000 seconds
Iteration 13:	0.2630438805 seconds	0.0000009537 seconds
Iteration 13:	0.2628068924 seconds	0.0000009537 seconds
Iteration 14:	0.2972180843 seconds	0.0000000000 seconds
Iteration 14:	0.2973370552 seconds	0.0000000000 seconds
Iteration 14:	0.2973630428 seconds	0.0000000000 seconds
Iteration 14:	0.2973160744 seconds	0.0000000000 seconds
Iteration 14:	0.2972970009 seconds	0.0000000000 seconds
Iteration 14:	0.2974429131 seconds	0.0000000000 seconds
Iteration 14:	0.2974848747 seconds	0.0000000000 seconds
Iteration 14:	0.2974839211 seconds	0.0000000000 seconds
Iteration 15:	0.2625329494 seconds	0.0000000000 seconds
Iteration 15:	0.2625920773 seconds	0.0000000000 seconds
Iteration 15:	0.2625977993 seconds	0.0000000000 seconds
Iteration 15:	0.2627298832 seconds	0.0000000000 seconds
Iteration 15:	0.2628040314 seconds	0.0000000000 seconds
Iteration 15:	0.2627499104 seconds	0.0000000000 seconds
Iteration 15:	0.2628469467 seconds	0.0000000000 seconds
Iteration 15:	0.2628469467 seconds	0.0000000000 seconds
Iteration 16:	0.2819499969 seconds	0.0000000000 seconds
Iteration 16:	0.2820129395 seconds	0.0000000000 seconds
Iteration 16:	0.2820620537 seconds	0.0000000000 seconds
Iteration 16:	0.2820079327 seconds	0.0000000000 seconds
Iteration 16:	0.2820839882 seconds	0.0000009537 seconds
Iteration 16:	0.2824151516 seconds	0.0000000000 seconds
Iteration 16:	0.2823948860 seconds	0.0000011921 seconds
Iteration 16:	0.2823410034 seconds	0.0000000000 seconds
Iteration 17:	0.2627241611 seconds	0.0000000000 seconds
Iteration 17:	0.2628271580 seconds	0.0000000000 seconds
Iteration 17:	0.2628901005 seconds	0.0000000000 seconds
Iteration 17:	0.2629888058 seconds	0.0000000000 seconds
Iteration 17:	0.2627489567 seconds	0.0000000000 seconds
Iteration 17:	0.2628908157 seconds	0.0000000000 seconds
Iteration 17:	0.2630898952 seconds	0.0000000000 seconds
Iteration 17:	0.2628691196 seconds	0.0000000000 seconds
Iteration 18:	0.2822408676 seconds	0.0000000000 seconds
Iteration 18:	0.2824590206 seconds	0.0000000000 seconds
Iteration 18:	0.2824451923 seconds	0.0000000000 seconds
Iteration 18:	0.2908239365 seconds	0.0000000000 seconds
Iteration 18:	0.2909600735 seconds	0.0000000000 seconds
Iteration 18:	0.2912051678 seconds	0.0000009537 seconds
Iteration 18:	0.2909629345 seconds	0.0000000000 seconds
Iteration 18:	0.2911570072 seconds	0.0000000000 seconds
Iteration 19:	0.2710580826 seconds	0.0000000000 seconds
Iteration 19:	0.2710649967 seconds	0.0000000000 seconds
Iteration 19:	0.2626590729 seconds	0.0000000000 seconds
Iteration 19:	0.2713460922 seconds	0.0000000000 seconds
Iteration 19:	0.2629528046 seconds	0.0000000000 seconds
Iteration 19:	0.2628319263 seconds	0.0000009537 seconds
Iteration 19:	0.2628250122 seconds	0.0000000000 seconds
Iteration 19:	0.2628209591 seconds	0.0000000000 seconds
Iteration 20:	0.2819979191 seconds	0.0000000000 seconds
Iteration 20:	0.2820670605 seconds	0.0000000000 seconds
Iteration 20:	0.2821679115 seconds	0.0000000000 seconds
Iteration 20:	0.2822008133 seconds	0.0000000000 seconds
Iteration 20:	0.2821958065 seconds	0.0000000000 seconds
Iteration 20:	0.2823710442 seconds	0.0000000000 seconds
Iteration 20:	0.2823760509 seconds	0.0000009537 seconds
Iteration 20:	0.2823951244 seconds	0.0000000000 seconds
Iteration 21:	0.2639119625 seconds	0.0000000000 seconds
Iteration 21:	0.2641282082 seconds	0.0000000000 seconds
Iteration 21:	0.2639529705 seconds	0.0000000000 seconds
Iteration 21:	0.2640321255 seconds	0.0000000000 seconds
Iteration 21:	0.2642538548 seconds	0.0000000000 seconds
Iteration 21:	0.2640590668 seconds	0.0000000000 seconds
Iteration 21:	0.2640569210 seconds	0.0000000000 seconds
Iteration 21:	0.2640609741 seconds	0.0000000000 seconds
Iteration 22:	0.2821910381 seconds	0.0000000000 seconds
Iteration 22:	0.2822451591 seconds	0.0000000000 seconds
Iteration 22:	0.2822279930 seconds	0.0000000000 seconds
Iteration 22:	0.2822539806 seconds	0.0000000000 seconds
Iteration 22:	0.2823529243 seconds	0.0000000000 seconds
Iteration 22:	0.2826428413 seconds	0.0000000000 seconds
Iteration 22:	0.2826280594 seconds	0.0000000000 seconds
Iteration 22:	0.2827022076 seconds	0.0000000000 seconds
Iteration 23:	0.3507928848 seconds	0.0000011921 seconds
Iteration 23:	0.3508598804 seconds	0.0000000000 seconds
Iteration 23:	0.3509130478 seconds	0.0000000000 seconds
Iteration 23:	0.3508081436 seconds	0.0000000000 seconds
Iteration 23:	0.3505890369 seconds	0.0000000000 seconds
Iteration 23:	0.3503551483 seconds	0.0000000000 seconds
Iteration 23:	0.3503887653 seconds	0.0000000000 seconds
Iteration 23:	0.3503861427 seconds	0.0000000000 seconds
Iteration 24:	0.2821428776 seconds	0.0000011921 seconds
Iteration 24:	0.2820320129 seconds	0.0000000000 seconds
Iteration 24:	0.2820711136 seconds	0.0000000000 seconds
Iteration 24:	0.2820789814 seconds	0.0000000000 seconds
Iteration 24:	0.2820432186 seconds	0.0000000000 seconds
Iteration 24:	0.2820630074 seconds	0.0000000000 seconds
Iteration 24:	0.2820370197 seconds	0.0000000000 seconds
Iteration 24:	0.2820799351 seconds	0.0000009537 seconds
Iteration 25:	0.2625811100 seconds	0.0000000000 seconds
Iteration 25:	0.2625799179 seconds	0.0000000000 seconds
Iteration 25:	0.2625560760 seconds	0.0000009537 seconds
Iteration 25:	0.2626891136 seconds	0.0000000000 seconds
Iteration 25:	0.2627239227 seconds	0.0000000000 seconds
Iteration 25:	0.2626771927 seconds	0.0000009537 seconds
Iteration 25:	0.2627408504 seconds	0.0000000000 seconds
Iteration 25:	0.2627270222 seconds	0.0000000000 seconds
Iteration 26:	0.2819230556 seconds	0.0000000000 seconds
Iteration 26:	0.2819330692 seconds	0.0000000000 seconds
Iteration 26:	0.2819659710 seconds	0.0000000000 seconds
Iteration 26:	0.2819881439 seconds	0.0000000000 seconds
Iteration 26:	0.2820990086 seconds	0.0000000000 seconds
Iteration 26:	0.2821550369 seconds	0.0000000000 seconds
Iteration 26:	0.2822189331 seconds	0.0000000000 seconds
Iteration 26:	0.2821791172 seconds	0.0000000000 seconds
Iteration 27:	0.2627232075 seconds	0.0000000000 seconds
Iteration 27:	0.2626788616 seconds	0.0000000000 seconds
Iteration 27:	0.2627420425 seconds	0.0000000000 seconds
Iteration 27:	0.2627460957 seconds	0.0000000000 seconds
Iteration 27:	0.2626931667 seconds	0.0000000000 seconds
Iteration 27:	0.2627861500 seconds	0.0000000000 seconds
Iteration 27:	0.2627229691 seconds	0.0000000000 seconds
Iteration 27:	0.2627010345 seconds	0.0000000000 seconds
Iteration 28:	0.2820279598 seconds	0.0000000000 seconds
Iteration 28:	0.2821249962 seconds	0.0000000000 seconds
Iteration 28:	0.2821149826 seconds	0.0000000000 seconds
Iteration 28:	0.2820899487 seconds	0.0000000000 seconds
Iteration 28:	0.2820849419 seconds	0.0000000000 seconds
Iteration 28:	0.2821040154 seconds	0.0000009537 seconds
Iteration 28:	0.2820808887 seconds	0.0000000000 seconds
Iteration 28:	0.2820749283 seconds	0.0000000000 seconds
Iteration 29:	0.2625548840 seconds	0.0000000000 seconds
Iteration 29:	0.2625949383 seconds	0.0000000000 seconds
Iteration 29:	0.2627849579 seconds	0.0000000000 seconds
Iteration 29:	0.2627289295 seconds	0.0000000000 seconds
Iteration 29:	0.2629120350 seconds	0.0000000000 seconds
Iteration 29:	0.2628490925 seconds	0.0000000000 seconds
Iteration 29:	0.2630321980 seconds	0.0000000000 seconds
Total computation time was: 8.365978		Average frame time was: 0.278833		Average Particle interations per second were: 3709259483.997189
Iteration 29:	0.2629230022 seconds	0.0000000000 seconds
