[ -1:000]                : Rank 1 is running on comet-14-47.sdsc.edu
[ -1:000]                : Rank 0 is running on comet-14-47.sdsc.edu
[  1:001] init_pprintf   : My dest: 2	My source: 0	My_num_part: 4080
[  0:001] init_pprintf   : My dest: 1	My source: 3	My_num_part: 4080
Initalizing particles linear on 0 to 4080
Initalizing particles linear on 4080 to 8160
[ -1:000]                : Rank 3 is running on comet-14-48.sdsc.edu
[ -1:000]                : Rank 2 is running on comet-14-48.sdsc.edu
[  3:001] init_pprintf   : My dest: 0	My source: 2	My_num_part: 4080
[  2:001] init_pprintf   : My dest: 3	My source: 1	My_num_part: 4080
Initalizing particles linear on 8160 to 12240
Initalizing particles linear on 12240 to 16320
Iteration 0:	0.3464269638 seconds	0.0000000000 seconds
Iteration 0:	0.4071180820 seconds	0.0000000000 seconds
Iteration 0:	0.4069490433 seconds	0.0000000000 seconds
Iteration 0:	0.3733289242 seconds	0.0000000000 seconds
Iteration 1:	0.1416399479 seconds	0.0000009537 seconds
Iteration 1:	0.1232969761 seconds	0.0000000000 seconds
Iteration 1:	0.1235640049 seconds	0.0000009537 seconds
Iteration 1:	0.1235048771 seconds	0.0000000000 seconds
Iteration 2:	0.0739870071 seconds	0.0000000000 seconds
Iteration 2:	0.0739431381 seconds	0.0000009537 seconds
Iteration 2:	0.0739798546 seconds	0.0000000000 seconds
Iteration 2:	0.0824730396 seconds	0.0000000000 seconds
Iteration 3:	0.0674650669 seconds	0.0000000000 seconds
Iteration 3:	0.0677158833 seconds	0.0000000000 seconds
Iteration 3:	0.0677289963 seconds	0.0000000000 seconds
Iteration 3:	0.0676429272 seconds	0.0000000000 seconds
Iteration 4:	0.0740220547 seconds	0.0000000000 seconds
Iteration 4:	0.0742211342 seconds	0.0000000000 seconds
Iteration 4:	0.0740239620 seconds	0.0000000000 seconds
Iteration 4:	0.0739450455 seconds	0.0000000000 seconds
Iteration 5:	0.0675029755 seconds	0.0000000000 seconds
Iteration 5:	0.0675752163 seconds	0.0000000000 seconds
Iteration 5:	0.0676360130 seconds	0.0000000000 seconds
Iteration 5:	0.0675380230 seconds	0.0000009537 seconds
Iteration 6:	0.0740871429 seconds	0.0000000000 seconds
Iteration 6:	0.0741748810 seconds	0.0000000000 seconds
Iteration 6:	0.0740520954 seconds	0.0000000000 seconds
Iteration 6:	0.0740008354 seconds	0.0000000000 seconds
Iteration 7:	0.0674679279 seconds	0.0000000000 seconds
Iteration 7:	0.0674688816 seconds	0.0000000000 seconds
Iteration 7:	0.0675299168 seconds	0.0000000000 seconds
Iteration 7:	0.0674400330 seconds	0.0000000000 seconds
Iteration 8:	0.0740480423 seconds	0.0000000000 seconds
Iteration 8:	0.0740699768 seconds	0.0000000000 seconds
Iteration 8:	0.0740528107 seconds	0.0000000000 seconds
Iteration 8:	0.0739758015 seconds	0.0000000000 seconds
Iteration 9:	0.0676701069 seconds	0.0000000000 seconds
Iteration 9:	0.0676999092 seconds	0.0000000000 seconds
Iteration 9:	0.0675380230 seconds	0.0000000000 seconds
Iteration 9:	0.0676639080 seconds	0.0000000000 seconds
Iteration 10:	0.0739982128 seconds	0.0000000000 seconds
Iteration 10:	0.0739700794 seconds	0.0000000000 seconds
Iteration 10:	0.0740330219 seconds	0.0000000000 seconds
Iteration 10:	0.0739579201 seconds	0.0000000000 seconds
Iteration 11:	0.0675079823 seconds	0.0000000000 seconds
Iteration 11:	0.0674669743 seconds	0.0000000000 seconds
Iteration 11:	0.0674960613 seconds	0.0000000000 seconds
Iteration 11:	0.0674099922 seconds	0.0000000000 seconds
Iteration 12:	0.0740048885 seconds	0.0000000000 seconds
Iteration 12:	0.0739829540 seconds	0.0000000000 seconds
Iteration 12:	0.0740101337 seconds	0.0000000000 seconds
Iteration 12:	0.0739231110 seconds	0.0000000000 seconds
Iteration 13:	0.0674550533 seconds	0.0000000000 seconds
Iteration 13:	0.0675320625 seconds	0.0000000000 seconds
Iteration 13:	0.0675530434 seconds	0.0000000000 seconds
Iteration 13:	0.0674810410 seconds	0.0000000000 seconds
Iteration 14:	0.0740680695 seconds	0.0000000000 seconds
Iteration 14:	0.0740289688 seconds	0.0000000000 seconds
Iteration 14:	0.0740401745 seconds	0.0000000000 seconds
Iteration 14:	0.0739631653 seconds	0.0000000000 seconds
Iteration 15:	0.0674879551 seconds	0.0000000000 seconds
Iteration 15:	0.0674600601 seconds	0.0000000000 seconds
Iteration 15:	0.0674819946 seconds	0.0000000000 seconds
Iteration 15:	0.0674021244 seconds	0.0000000000 seconds
Iteration 16:	0.0741720200 seconds	0.0000000000 seconds
Iteration 16:	0.0741498470 seconds	0.0000000000 seconds
Iteration 16:	0.0742380619 seconds	0.0000000000 seconds
Iteration 16:	0.0741491318 seconds	0.0000000000 seconds
Iteration 17:	0.0674629211 seconds	0.0000000000 seconds
Iteration 17:	0.0675399303 seconds	0.0000000000 seconds
Iteration 17:	0.0675020218 seconds	0.0000000000 seconds
Iteration 17:	0.0674281120 seconds	0.0000000000 seconds
Iteration 18:	0.0740361214 seconds	0.0000000000 seconds
Iteration 18:	0.0740058422 seconds	0.0000000000 seconds
Iteration 18:	0.0740599632 seconds	0.0000000000 seconds
Iteration 18:	0.0739660263 seconds	0.0000000000 seconds
Iteration 19:	0.0676379204 seconds	0.0000000000 seconds
Iteration 19:	0.0681869984 seconds	0.0000000000 seconds
Iteration 19:	0.0682141781 seconds	0.0000000000 seconds
Iteration 19:	0.0681409836 seconds	0.0000000000 seconds
Iteration 20:	0.0905599594 seconds	0.0000000000 seconds
Iteration 20:	0.1023349762 seconds	0.0000000000 seconds
Iteration 20:	0.1017849445 seconds	0.0000000000 seconds
Iteration 20:	0.1016910076 seconds	0.0000000000 seconds
Iteration 21:	0.1021330357 seconds	0.0000009537 seconds
Iteration 21:	0.1140999794 seconds	0.0000000000 seconds
Iteration 21:	0.1029140949 seconds	0.0000000000 seconds
Iteration 21:	0.1028389931 seconds	0.0000000000 seconds
Iteration 22:	0.0781111717 seconds	0.0000000000 seconds
Iteration 22:	0.0788390636 seconds	0.0000000000 seconds
Iteration 22:	0.0779490471 seconds	0.0000000000 seconds
Iteration 22:	0.0780959129 seconds	0.0000009537 seconds
Iteration 23:	0.0678730011 seconds	0.0000000000 seconds
Iteration 23:	0.0680088997 seconds	0.0000000000 seconds
Iteration 23:	0.0679810047 seconds	0.0000000000 seconds
Iteration 23:	0.0680088997 seconds	0.0000000000 seconds
Iteration 24:	0.0745220184 seconds	0.0000000000 seconds
Iteration 24:	0.0744891167 seconds	0.0000000000 seconds
Iteration 24:	0.0745570660 seconds	0.0000000000 seconds
Iteration 24:	0.0745360851 seconds	0.0000000000 seconds
Iteration 25:	0.0674390793 seconds	0.0000000000 seconds
Iteration 25:	0.0673949718 seconds	0.0000000000 seconds
Iteration 25:	0.0673608780 seconds	0.0000000000 seconds
Iteration 25:	0.0673210621 seconds	0.0000000000 seconds
Iteration 26:	0.0739068985 seconds	0.0000000000 seconds
Iteration 26:	0.0739419460 seconds	0.0000000000 seconds
Iteration 26:	0.0738670826 seconds	0.0000000000 seconds
Iteration 26:	0.0739479065 seconds	0.0000000000 seconds
Iteration 27:	0.0674688816 seconds	0.0000000000 seconds
Iteration 27:	0.0674929619 seconds	0.0000000000 seconds
Iteration 27:	0.0673949718 seconds	0.0000000000 seconds
Iteration 27:	0.0674929619 seconds	0.0000000000 seconds
Iteration 28:	0.0741519928 seconds	0.0000000000 seconds
Iteration 28:	0.0741469860 seconds	0.0000000000 seconds
Iteration 28:	0.0741801262 seconds	0.0000000000 seconds
Iteration 28:	0.0741040707 seconds	0.0000000000 seconds
Iteration 29:	0.0674288273 seconds	0.0000000000 seconds
Iteration 29:	0.0674879551 seconds	0.0000000000 seconds
Iteration 29:	0.0675039291 seconds	0.0000000000 seconds
Iteration 29:	0.0674259663 seconds	0.0000000000 seconds
Iteration 30:	0.0740799904 seconds	0.0000009537 seconds
Iteration 30:	0.0740449429 seconds	0.0000000000 seconds
Iteration 30:	0.0740549564 seconds	0.0000000000 seconds
Iteration 30:	0.0739619732 seconds	0.0000000000 seconds
Iteration 31:	0.0674960613 seconds	0.0000000000 seconds
Iteration 31:	0.0674810410 seconds	0.0000000000 seconds
Iteration 31:	0.0675199032 seconds	0.0000000000 seconds
Iteration 31:	0.0674550533 seconds	0.0000000000 seconds
Iteration 32:	0.0740668774 seconds	0.0000009537 seconds
Iteration 32:	0.0741460323 seconds	0.0000000000 seconds
Iteration 32:	0.0741369724 seconds	0.0000000000 seconds
Iteration 32:	0.0740540028 seconds	0.0000000000 seconds
Iteration 33:	0.0674610138 seconds	0.0000000000 seconds
Iteration 33:	0.0674901009 seconds	0.0000000000 seconds
Iteration 33:	0.0675051212 seconds	0.0000000000 seconds
Iteration 33:	0.0674211979 seconds	0.0000000000 seconds
Iteration 34:	0.0742371082 seconds	0.0000000000 seconds
Iteration 34:	0.0742580891 seconds	0.0000000000 seconds
Total computation time was: 2.940040		Average frame time was: 0.083957		Average Particle interations per second were: 3172376416.005836
Iteration 34:	0.0741171837 seconds	0.0000000000 seconds
Iteration 34:	0.0742309093 seconds	0.0000000000 seconds
