[ -1:000]                : Rank 5 is running on comet-14-58.sdsc.edu
[ -1:000]                : Rank 1 is running on comet-14-58.sdsc.edu
[  5:001] init_pprintf   : My dest: 6	My source: 4	My_num_part: 32040
[  1:001] init_pprintf   : My dest: 2	My source: 0	My_num_part: 32040
[ -1:000]                : Rank 7 is running on comet-14-58.sdsc.edu
[ -1:000]                : Rank 3 is running on comet-14-58.sdsc.edu
[  7:001] init_pprintf   : My dest: 0	My source: 6	My_num_part: 32040
[  3:001] init_pprintf   : My dest: 4	My source: 2	My_num_part: 32040
[ -1:000]                : Rank 6 is running on comet-14-58.sdsc.edu
[ -1:000]                : Rank 0 is running on comet-14-58.sdsc.edu
[ -1:000]                : Rank 2 is running on comet-14-58.sdsc.edu
[ -1:000]                : Rank 4 is running on comet-14-58.sdsc.edu
[  0:001] init_pprintf   : My dest: 1	My source: 7	My_num_part: 32040
[  6:001] init_pprintf   : My dest: 7	My source: 5	My_num_part: 32040
[  2:001] init_pprintf   : My dest: 3	My source: 1	My_num_part: 32040
[  4:001] init_pprintf   : My dest: 5	My source: 3	My_num_part: 32040
Initalizing particles linear on 160200 to 192240
Initalizing particles linear on 32040 to 64080
Initalizing particles linear on 96120 to 128160
Initalizing particles linear on 224280 to 256320
Initalizing particles linear on 0 to 32040
Initalizing particles linear on 64080 to 96120
Initalizing particles linear on 128160 to 160200
Initalizing particles linear on 192240 to 224280
Iteration 0:	104.7239820957 seconds	0.0000000000 seconds
Iteration 0:	104.7257189751 seconds	0.0000000000 seconds
Iteration 0:	104.7256851196 seconds	0.0000000000 seconds
Iteration 0:	104.7668318748 seconds	0.0000000000 seconds
Iteration 0:	104.7667860985 seconds	0.0000000000 seconds
Iteration 0:	104.7685229778 seconds	0.0000000000 seconds
Iteration 0:	104.7686069012 seconds	0.0000009537 seconds
Iteration 0:	104.7686049938 seconds	0.0000011921 seconds
Iteration 1:	94.0441379547 seconds	0.0000000000 seconds
Iteration 1:	94.0646381378 seconds	0.0000000000 seconds
Iteration 1:	94.1074731350 seconds	0.0000000000 seconds
Iteration 1:	94.1058990955 seconds	0.0000000000 seconds
Iteration 1:	94.0630159378 seconds	0.0000000000 seconds
Iteration 1:	94.1155490875 seconds	0.0000000000 seconds
Iteration 1:	94.1137928963 seconds	0.0000000000 seconds
Iteration 1:	94.1137938499 seconds	0.0000000000 seconds
Iteration 2:	104.5674650669 seconds	0.0000000000 seconds
Iteration 2:	104.5705919266 seconds	0.0000000000 seconds
Iteration 2:	104.6323580742 seconds	0.0000000000 seconds
Iteration 2:	104.6080980301 seconds	0.0000000000 seconds
Iteration 2:	104.5571920872 seconds	0.0000000000 seconds
Iteration 2:	104.5586359501 seconds	0.0000009537 seconds
Iteration 2:	104.6094169617 seconds	0.0000000000 seconds
Iteration 2:	104.5586400032 seconds	0.0000009537 seconds
Iteration 3:	94.1985828876 seconds	0.0000000000 seconds
Iteration 3:	94.2355570793 seconds	0.0000000000 seconds
Iteration 3:	94.1949319839 seconds	0.0000000000 seconds
Iteration 3:	94.2324650288 seconds	0.0000000000 seconds
Iteration 3:	94.1936428547 seconds	0.0000000000 seconds
Iteration 3:	94.2187089920 seconds	0.0000000000 seconds
Iteration 3:	94.2201600075 seconds	0.0000000000 seconds
Iteration 3:	94.2187230587 seconds	0.0000000000 seconds
Iteration 4:	104.6609299183 seconds	0.0000000000 seconds
Iteration 4:	104.7010860443 seconds	0.0000000000 seconds
Iteration 4:	104.6672189236 seconds	0.0000009537 seconds
Iteration 4:	104.7135901451 seconds	0.0000000000 seconds
Iteration 4:	104.7388448715 seconds	0.0000000000 seconds
Iteration 4:	104.7154700756 seconds	0.0000000000 seconds
Iteration 4:	104.7154898643 seconds	0.0000000000 seconds
Iteration 4:	104.7405579090 seconds	0.0000000000 seconds
Iteration 5:	94.0131609440 seconds	0.0000000000 seconds
Iteration 5:	93.9826819897 seconds	0.0000000000 seconds
Iteration 5:	94.0560269356 seconds	0.0000000000 seconds
Iteration 5:	94.0628769398 seconds	0.0000000000 seconds
Iteration 5:	93.9849669933 seconds	0.0000000000 seconds
Iteration 5:	94.0844080448 seconds	0.0000000000 seconds
Iteration 5:	94.0825350285 seconds	0.0000000000 seconds
Iteration 5:	94.0825350285 seconds	0.0000000000 seconds
Iteration 6:	104.4265360832 seconds	0.0000000000 seconds
Iteration 6:	104.4655690193 seconds	0.0000000000 seconds
Iteration 6:	104.4655640125 seconds	0.0000000000 seconds
Iteration 6:	104.4688708782 seconds	0.0000000000 seconds
Iteration 6:	104.4688730240 seconds	0.0000000000 seconds
Iteration 6:	104.4311790466 seconds	0.0000000000 seconds
Iteration 6:	104.4312040806 seconds	0.0000000000 seconds
Iteration 6:	104.4311838150 seconds	0.0000000000 seconds
Iteration 7:	94.0608778000 seconds	0.0000000000 seconds
Iteration 7:	94.1068201065 seconds	0.0000000000 seconds
Iteration 7:	94.1068189144 seconds	0.0000000000 seconds
Iteration 7:	94.1071608067 seconds	0.0000000000 seconds
Iteration 7:	94.1071619987 seconds	0.0000000000 seconds
Iteration 7:	94.0975959301 seconds	0.0000000000 seconds
Iteration 7:	94.0975999832 seconds	0.0000000000 seconds
Iteration 7:	94.0976011753 seconds	0.0000000000 seconds
Iteration 8:	104.9830210209 seconds	0.0000000000 seconds
Iteration 8:	104.9868209362 seconds	0.0000000000 seconds
Iteration 8:	105.1183009148 seconds	0.0000000000 seconds
Iteration 8:	105.1208980083 seconds	0.0000000000 seconds
Iteration 8:	105.0650420189 seconds	0.0000000000 seconds
Iteration 8:	105.0772430897 seconds	0.0000009537 seconds
Iteration 8:	105.1298689842 seconds	0.0000000000 seconds
Iteration 8:	105.0772671700 seconds	0.0000000000 seconds
Iteration 9:	94.4172520638 seconds	0.0000000000 seconds
Iteration 9:	94.5103650093 seconds	0.0000000000 seconds
Iteration 9:	94.3724899292 seconds	0.0000000000 seconds
Iteration 9:	94.5093700886 seconds	0.0000009537 seconds
Iteration 9:	94.3663170338 seconds	0.0000000000 seconds
Iteration 9:	94.4300351143 seconds	0.0000000000 seconds
Iteration 9:	94.4178400040 seconds	0.0000000000 seconds
Iteration 9:	94.4178438187 seconds	0.0000000000 seconds
Iteration 10:	104.9155230522 seconds	0.0000009537 seconds
Iteration 10:	104.9307279587 seconds	0.0000000000 seconds
Iteration 10:	104.9307291508 seconds	0.0000000000 seconds
Iteration 10:	104.9353060722 seconds	0.0000000000 seconds
Iteration 10:	104.9353051186 seconds	0.0000000000 seconds
Iteration 10:	104.9511539936 seconds	0.0000000000 seconds
Iteration 10:	104.9511618614 seconds	0.0000000000 seconds
Iteration 10:	104.9511690140 seconds	0.0000000000 seconds
Iteration 11:	94.3481290340 seconds	0.0000000000 seconds
Iteration 11:	94.4601588249 seconds	0.0000000000 seconds
Iteration 11:	94.3588969707 seconds	0.0000000000 seconds
Iteration 11:	94.4061307907 seconds	0.0000000000 seconds
Iteration 11:	94.4841389656 seconds	0.0000000000 seconds
Iteration 11:	94.4782919884 seconds	0.0000000000 seconds
Iteration 11:	94.4109208584 seconds	0.0000000000 seconds
Iteration 11:	94.4109041691 seconds	0.0000000000 seconds
Iteration 12:	104.4878520966 seconds	0.0000000000 seconds
Iteration 12:	104.5349340439 seconds	0.0000000000 seconds
Iteration 12:	104.5399479866 seconds	0.0000000000 seconds
Iteration 12:	104.4450459480 seconds	0.0000000000 seconds
Iteration 12:	104.4498589039 seconds	0.0000000000 seconds
Iteration 12:	104.5396609306 seconds	0.0000000000 seconds
Iteration 12:	104.5348920822 seconds	0.0000000000 seconds
Iteration 12:	104.5348920822 seconds	0.0000000000 seconds
Iteration 13:	94.0382449627 seconds	0.0000000000 seconds
Iteration 13:	94.0864319801 seconds	0.0000000000 seconds
Iteration 13:	94.0344870090 seconds	0.0000000000 seconds
Iteration 13:	94.1640238762 seconds	0.0000000000 seconds
Iteration 13:	94.0742220879 seconds	0.0000000000 seconds
Iteration 13:	94.0774998665 seconds	0.0000000000 seconds
Iteration 13:	94.1673481464 seconds	0.0000000000 seconds
Iteration 13:	94.0775032043 seconds	0.0000000000 seconds
Iteration 14:	104.7045857906 seconds	0.0000000000 seconds
Iteration 14:	104.7072699070 seconds	0.0000000000 seconds
Iteration 14:	104.7072689533 seconds	0.0000000000 seconds
Iteration 14:	104.5877931118 seconds	0.0000009537 seconds
Iteration 14:	104.5877940655 seconds	0.0000000000 seconds
Iteration 14:	104.5982630253 seconds	0.0000000000 seconds
Iteration 14:	104.5982649326 seconds	0.0000000000 seconds
Iteration 14:	104.5982649326 seconds	0.0000009537 seconds
Total computation time was: 1497.054530		Average frame time was: 99.803624		Average Particle interations per second were: 12779425.377935
