[ -1:000]                : Rank 7 is running on comet-25-20.sdsc.edu
[ -1:000]                : Rank 11 is running on comet-25-20.sdsc.edu
[ -1:000]                : Rank 13 is running on comet-25-20.sdsc.edu
[ 11:001] init_pprintf   : My dest: 12	My source: 10	My_num_part: 255
[ 13:001] init_pprintf   : My dest: 14	My source: 12	My_num_part: 255
[  7:001] init_pprintf   : My dest: 8	My source: 6	My_num_part: 255
[ -1:000]                : Rank 1 is running on comet-25-20.sdsc.edu
[ -1:000]                : Rank 9 is running on comet-25-20.sdsc.edu
[  1:001] init_pprintf   : My dest: 2	My source: 0	My_num_part: 255
[  9:001] init_pprintf   : My dest: 10	My source: 8	My_num_part: 255
[ -1:000]                : Rank 3 is running on comet-25-20.sdsc.edu
[ -1:000]                : Rank 5 is running on comet-25-20.sdsc.edu
[  3:001] init_pprintf   : My dest: 4	My source: 2	My_num_part: 255
[  5:001] init_pprintf   : My dest: 6	My source: 4	My_num_part: 255
[ -1:000]                : Rank 15 is running on comet-25-20.sdsc.edu
[ 15:001] init_pprintf   : My dest: 16	My source: 14	My_num_part: 255
[ -1:000]                : Rank 14 is running on comet-25-20.sdsc.edu
[ -1:000]                : Rank 10 is running on comet-25-20.sdsc.edu
[ -1:000]                : Rank 0 is running on comet-25-20.sdsc.edu
[ -1:000]                : Rank 8 is running on comet-25-20.sdsc.edu
[ 14:001] init_pprintf   : My dest: 15	My source: 13	My_num_part: 255
[ -1:000]                : Rank 2 is running on comet-25-20.sdsc.edu
[ 10:001] init_pprintf   : My dest: 11	My source: 9	My_num_part: 255
[  0:001] init_pprintf   : My dest: 1	My source: 31	My_num_part: 255
[  8:001] init_pprintf   : My dest: 9	My source: 7	My_num_part: 255
[ -1:000]                : Rank 12 is running on comet-25-20.sdsc.edu
[ -1:000]                : Rank 4 is running on comet-25-20.sdsc.edu
[ -1:000]                : Rank 6 is running on comet-25-20.sdsc.edu
[  2:001] init_pprintf   : My dest: 3	My source: 1	My_num_part: 255
[ 12:001] init_pprintf   : My dest: 13	My source: 11	My_num_part: 255
[  4:001] init_pprintf   : My dest: 5	My source: 3	My_num_part: 255
[  6:001] init_pprintf   : My dest: 7	My source: 5	My_num_part: 255
Initalizing particles linear on 2295 to 2550
Initalizing particles linear on 1785 to 2040
Initalizing particles linear on 3315 to 3570
Initalizing particles linear on 2805 to 3060
Initalizing particles linear on 765 to 1020
Initalizing particles linear on 255 to 510
Initalizing particles linear on 1275 to 1530
Initalizing particles linear on 1530 to 1785
Initalizing particles linear on 0 to 255
Initalizing particles linear on 510 to 765
Initalizing particles linear on 2550 to 2805
Initalizing particles linear on 2040 to 2295
Initalizing particles linear on 3570 to 3825
Initalizing particles linear on 1020 to 1275
Initalizing particles linear on 3825 to 4080
Initalizing particles linear on 3060 to 3315
[ -1:000]                : Rank 27 is running on comet-26-08.sdsc.edu
[ -1:000]                : Rank 19 is running on comet-26-08.sdsc.edu
[ -1:000]                : Rank 23 is running on comet-26-08.sdsc.edu
[ 19:001] init_pprintf   : My dest: 20	My source: 18	My_num_part: 255
[ 23:001] init_pprintf   : My dest: 24	My source: 22	My_num_part: 255
[ 27:001] init_pprintf   : My dest: 28	My source: 26	My_num_part: 255
[ -1:000]                : Rank 29 is running on comet-26-08.sdsc.edu
[ 29:001] init_pprintf   : My dest: 30	My source: 28	My_num_part: 255
[ -1:000]                : Rank 25 is running on comet-26-08.sdsc.edu
[ -1:000]                : Rank 17 is running on comet-26-08.sdsc.edu
[ -1:000]                : Rank 31 is running on comet-26-08.sdsc.edu
[ 25:001] init_pprintf   : My dest: 26	My source: 24	My_num_part: 255
[ 17:001] init_pprintf   : My dest: 18	My source: 16	My_num_part: 255
[ 31:001] init_pprintf   : My dest: 0	My source: 30	My_num_part: 255
[ -1:000]                : Rank 21 is running on comet-26-08.sdsc.edu
[ 21:001] init_pprintf   : My dest: 22	My source: 20	My_num_part: 255
[ -1:000]                : Rank 24 is running on comet-26-08.sdsc.edu
[ -1:000]                : Rank 30 is running on comet-26-08.sdsc.edu
[ -1:000]                : Rank 26 is running on comet-26-08.sdsc.edu
[ -1:000]                : Rank 18 is running on comet-26-08.sdsc.edu
[ 24:001] init_pprintf   : My dest: 25	My source: 23	My_num_part: 255
[ 30:001] init_pprintf   : My dest: 31	My source: 29	My_num_part: 255
[ -1:000]                : Rank 28 is running on comet-26-08.sdsc.edu
[ -1:000]                : Rank 22 is running on comet-26-08.sdsc.edu
[ 18:001] init_pprintf   : My dest: 19	My source: 17	My_num_part: 255
[ -1:000]                : Rank 16 is running on comet-26-08.sdsc.edu
[ 26:001] init_pprintf   : My dest: 27	My source: 25	My_num_part: 255
[ -1:000]                : Rank 20 is running on comet-26-08.sdsc.edu
[ 28:001] init_pprintf   : My dest: 29	My source: 27	My_num_part: 255
[ 22:001] init_pprintf   : My dest: 23	My source: 21	My_num_part: 255
[ 16:001] init_pprintf   : My dest: 17	My source: 15	My_num_part: 255
[ 20:001] init_pprintf   : My dest: 21	My source: 19	My_num_part: 255
Initalizing particles linear on 6885 to 7140
Initalizing particles linear on 5865 to 6120
Initalizing particles linear on 4845 to 5100
Initalizing particles linear on 7395 to 7650
Initalizing particles linear on 6375 to 6630
Initalizing particles linear on 7905 to 8160
Initalizing particles linear on 4335 to 4590
Initalizing particles linear on 5355 to 5610
Initalizing particles linear on 7650 to 7905
Initalizing particles linear on 7140 to 7395
Initalizing particles linear on 6120 to 6375
Initalizing particles linear on 4080 to 4335
Initalizing particles linear on 5610 to 5865
Initalizing particles linear on 6630 to 6885
Initalizing particles linear on 4590 to 4845
Initalizing particles linear on 5100 to 5355
Iteration 0:	0.0291378498 seconds	0.0000009537 seconds
Iteration 0:	0.0293569565 seconds	0.0000000000 seconds
Iteration 0:	0.0294809341 seconds	0.0000000000 seconds
Iteration 0:	0.0296640396 seconds	0.0000000000 seconds
Iteration 0:	0.0298168659 seconds	0.0000000000 seconds
Iteration 0:	0.0300388336 seconds	0.0000009537 seconds
Iteration 0:	0.0301890373 seconds	0.0000000000 seconds
Iteration 0:	0.0303421021 seconds	0.0000000000 seconds
Iteration 0:	0.0305030346 seconds	0.0000009537 seconds
Iteration 0:	0.0918941498 seconds	0.0000000000 seconds
Iteration 0:	0.0920639038 seconds	0.0000000000 seconds
Iteration 0:	0.0922739506 seconds	0.0000000000 seconds
Iteration 0:	0.0924000740 seconds	0.0000000000 seconds
Iteration 0:	0.0926110744 seconds	0.0000000000 seconds
Iteration 0:	0.0927448273 seconds	0.0000000000 seconds
Iteration 0:	0.0929560661 seconds	0.0000000000 seconds
Iteration 0:	0.0930838585 seconds	0.0000000000 seconds
Iteration 0:	0.0319700241 seconds	0.0000000000 seconds
Iteration 0:	0.0932931900 seconds	0.0000009537 seconds
Iteration 0:	0.0321040154 seconds	0.0000000000 seconds
Iteration 0:	0.0933940411 seconds	0.0000009537 seconds
Iteration 0:	0.0323200226 seconds	0.0000000000 seconds
Iteration 0:	0.0936331749 seconds	0.0000000000 seconds
Iteration 0:	0.0936100483 seconds	0.0000000000 seconds
Iteration 0:	0.0324449539 seconds	0.0000009537 seconds
Iteration 0:	0.0937969685 seconds	0.0000000000 seconds
Iteration 0:	0.0326609612 seconds	0.0000009537 seconds
Iteration 0:	0.0939569473 seconds	0.0000000000 seconds
Iteration 0:	0.0328230858 seconds	0.0000009537 seconds
Iteration 0:	0.0327839851 seconds	0.0000000000 seconds
Iteration 0:	0.0941009521 seconds	0.0000000000 seconds
Iteration 0:	0.0941350460 seconds	0.0000000000 seconds
Iteration 1:	0.0295040607 seconds	0.0000000000 seconds
Iteration 1:	0.0294611454 seconds	0.0000000000 seconds
Iteration 1:	0.0294179916 seconds	0.0000000000 seconds
Iteration 1:	0.0293681622 seconds	0.0000000000 seconds
Iteration 1:	0.0293109417 seconds	0.0000000000 seconds
Iteration 1:	0.0292661190 seconds	0.0000000000 seconds
Iteration 1:	0.0292251110 seconds	0.0000000000 seconds
Iteration 1:	0.0291721821 seconds	0.0000000000 seconds
Iteration 1:	0.0291140079 seconds	0.0000000000 seconds
Iteration 1:	0.0290730000 seconds	0.0000000000 seconds
Iteration 1:	0.0290350914 seconds	0.0000000000 seconds
Iteration 1:	0.0289871693 seconds	0.0000000000 seconds
Iteration 1:	0.0289318562 seconds	0.0000011921 seconds
Iteration 1:	0.0288860798 seconds	0.0000000000 seconds
Iteration 1:	0.0288410187 seconds	0.0000000000 seconds
Iteration 1:	0.0287921429 seconds	0.0000009537 seconds
Iteration 1:	0.0287439823 seconds	0.0000000000 seconds
Iteration 1:	0.0286831856 seconds	0.0000000000 seconds
Iteration 1:	0.0286929607 seconds	0.0000000000 seconds
Iteration 1:	0.0286259651 seconds	0.0000000000 seconds
Iteration 1:	0.0286440849 seconds	0.0000000000 seconds
Iteration 1:	0.0285751820 seconds	0.0000000000 seconds
Iteration 1:	0.0285880566 seconds	0.0000000000 seconds
Iteration 1:	0.0286090374 seconds	0.0000009537 seconds
Iteration 1:	0.0285282135 seconds	0.0000000000 seconds
Iteration 1:	0.0285570621 seconds	0.0000000000 seconds
Iteration 1:	0.0284800529 seconds	0.0000009537 seconds
Iteration 1:	0.0285010338 seconds	0.0000000000 seconds
Iteration 1:	0.0284290314 seconds	0.0000000000 seconds
Iteration 1:	0.0284280777 seconds	0.0000000000 seconds
Iteration 1:	0.0284562111 seconds	0.0000000000 seconds
Iteration 1:	0.0284550190 seconds	0.0000000000 seconds
Iteration 2:	0.0320920944 seconds	0.0000000000 seconds
Iteration 2:	0.0319678783 seconds	0.0000000000 seconds
Iteration 2:	0.0319321156 seconds	0.0000000000 seconds
Iteration 2:	0.0319828987 seconds	0.0000000000 seconds
Iteration 2:	0.0320398808 seconds	0.0000000000 seconds
Iteration 2:	0.0320820808 seconds	0.0000000000 seconds
Iteration 2:	0.0321228504 seconds	0.0000000000 seconds
Iteration 2:	0.0321738720 seconds	0.0000000000 seconds
Iteration 2:	0.0322289467 seconds	0.0000000000 seconds
Iteration 2:	0.0322668552 seconds	0.0000000000 seconds
Iteration 2:	0.0323100090 seconds	0.0000000000 seconds
Iteration 2:	0.0323598385 seconds	0.0000000000 seconds
Iteration 2:	0.0324139595 seconds	0.0000000000 seconds
Iteration 2:	0.0324618816 seconds	0.0000000000 seconds
Iteration 2:	0.0325059891 seconds	0.0000000000 seconds
Iteration 2:	0.0325539112 seconds	0.0000000000 seconds
Iteration 2:	0.0324809551 seconds	0.0000000000 seconds
Iteration 2:	0.0326030254 seconds	0.0000000000 seconds
Iteration 2:	0.0325398445 seconds	0.0000000000 seconds
Iteration 2:	0.0326530933 seconds	0.0000000000 seconds
Iteration 2:	0.0325880051 seconds	0.0000000000 seconds
Iteration 2:	0.0327029228 seconds	0.0000000000 seconds
Iteration 2:	0.0326349735 seconds	0.0000000000 seconds
Iteration 2:	0.0327498913 seconds	0.0000000000 seconds
Iteration 2:	0.0327229500 seconds	0.0000000000 seconds
Iteration 2:	0.0326409340 seconds	0.0000000000 seconds
Iteration 2:	0.0326840878 seconds	0.0000000000 seconds
Iteration 2:	0.0326929092 seconds	0.0000000000 seconds
Iteration 2:	0.0327348709 seconds	0.0000000000 seconds
Iteration 2:	0.0327348709 seconds	0.0000000000 seconds
Iteration 2:	0.0327391624 seconds	0.0000000000 seconds
Iteration 2:	0.0327401161 seconds	0.0000000000 seconds
Iteration 3:	0.0291249752 seconds	0.0000000000 seconds
Iteration 3:	0.0292310715 seconds	0.0000000000 seconds
Iteration 3:	0.0292608738 seconds	0.0000000000 seconds
Iteration 3:	0.0292210579 seconds	0.0000000000 seconds
Iteration 3:	0.0291681290 seconds	0.0000000000 seconds
Iteration 3:	0.0291109085 seconds	0.0000000000 seconds
Iteration 3:	0.0290629864 seconds	0.0000000000 seconds
Iteration 3:	0.0290150642 seconds	0.0000000000 seconds
Iteration 3:	0.0289771557 seconds	0.0000000000 seconds
Iteration 3:	0.0289320946 seconds	0.0000000000 seconds
Iteration 3:	0.0288760662 seconds	0.0000000000 seconds
Iteration 3:	0.0288259983 seconds	0.0000000000 seconds
Iteration 3:	0.0287861824 seconds	0.0000000000 seconds
Iteration 3:	0.0287370682 seconds	0.0000000000 seconds
Iteration 3:	0.0286810398 seconds	0.0000000000 seconds
Iteration 3:	0.0286350250 seconds	0.0000000000 seconds
Iteration 3:	0.0285909176 seconds	0.0000000000 seconds
Iteration 3:	0.0286788940 seconds	0.0000000000 seconds
Iteration 3:	0.0285429955 seconds	0.0000000000 seconds
Iteration 3:	0.0286259651 seconds	0.0000000000 seconds
Iteration 3:	0.0285780430 seconds	0.0000000000 seconds
Iteration 3:	0.0284900665 seconds	0.0000000000 seconds
Iteration 3:	0.0285260677 seconds	0.0000000000 seconds
Iteration 3:	0.0284409523 seconds	0.0000000000 seconds
Iteration 3:	0.0284721851 seconds	0.0000000000 seconds
Iteration 3:	0.0284781456 seconds	0.0000000000 seconds
Iteration 3:	0.0285558701 seconds	0.0000000000 seconds
Iteration 3:	0.0284290314 seconds	0.0000000000 seconds
Iteration 3:	0.0284280777 seconds	0.0000000000 seconds
Iteration 3:	0.0285019875 seconds	0.0000000000 seconds
Iteration 3:	0.0284509659 seconds	0.0000000000 seconds
Iteration 3:	0.0284519196 seconds	0.0000000000 seconds
Iteration 4:	0.0318322182 seconds	0.0000000000 seconds
Iteration 4:	0.0318920612 seconds	0.0000000000 seconds
Iteration 4:	0.0319390297 seconds	0.0000000000 seconds
Iteration 4:	0.0319809914 seconds	0.0000000000 seconds
Iteration 4:	0.0320358276 seconds	0.0000000000 seconds
Iteration 4:	0.0320930481 seconds	0.0000000000 seconds
Iteration 4:	0.0321381092 seconds	0.0000000000 seconds
Iteration 4:	0.0321919918 seconds	0.0000000000 seconds
Iteration 4:	0.0322349072 seconds	0.0000000000 seconds
Iteration 4:	0.0322840214 seconds	0.0000000000 seconds
Iteration 4:	0.0323359966 seconds	0.0000000000 seconds
Iteration 4:	0.0323870182 seconds	0.0000000000 seconds
Iteration 4:	0.0324230194 seconds	0.0000000000 seconds
Iteration 4:	0.0324699879 seconds	0.0000000000 seconds
Iteration 4:	0.0325229168 seconds	0.0000000000 seconds
Iteration 4:	0.0325698853 seconds	0.0000000000 seconds
Iteration 4:	0.0324769020 seconds	0.0000000000 seconds
Iteration 4:	0.0326139927 seconds	0.0000000000 seconds
Iteration 4:	0.0325279236 seconds	0.0000000000 seconds
Iteration 4:	0.0326628685 seconds	0.0000000000 seconds
Iteration 4:	0.0325710773 seconds	0.0000009537 seconds
Iteration 4:	0.0327138901 seconds	0.0000000000 seconds
Iteration 4:	0.0326230526 seconds	0.0000000000 seconds
Iteration 4:	0.0327610970 seconds	0.0000000000 seconds
Iteration 4:	0.0327289104 seconds	0.0000000000 seconds
Iteration 4:	0.0326390266 seconds	0.0000000000 seconds
Iteration 4:	0.0326709747 seconds	0.0000000000 seconds
Iteration 4:	0.0327200890 seconds	0.0000000000 seconds
Iteration 4:	0.0327200890 seconds	0.0000000000 seconds
Iteration 4:	0.0326910019 seconds	0.0000000000 seconds
Iteration 4:	0.0327439308 seconds	0.0000009537 seconds
Iteration 4:	0.0327429771 seconds	0.0000009537 seconds
Iteration 5:	0.0293710232 seconds	0.0000000000 seconds
Iteration 5:	0.0293140411 seconds	0.0000000000 seconds
Iteration 5:	0.0292649269 seconds	0.0000009537 seconds
Iteration 5:	0.0292060375 seconds	0.0000000000 seconds
Iteration 5:	0.0291519165 seconds	0.0000000000 seconds
Iteration 5:	0.0291109085 seconds	0.0000000000 seconds
Iteration 5:	0.0290670395 seconds	0.0000000000 seconds
Iteration 5:	0.0290000439 seconds	0.0000000000 seconds
Iteration 5:	0.0289509296 seconds	0.0000009537 seconds
Iteration 5:	0.0289089680 seconds	0.0000000000 seconds
Iteration 5:	0.0288658142 seconds	0.0000000000 seconds
Iteration 5:	0.0288128853 seconds	0.0000000000 seconds
Iteration 5:	0.0287671089 seconds	0.0000000000 seconds
Iteration 5:	0.0287189484 seconds	0.0000000000 seconds
Iteration 5:	0.0286848545 seconds	0.0000000000 seconds
Iteration 5:	0.0286340714 seconds	0.0000000000 seconds
Iteration 5:	0.0286650658 seconds	0.0000000000 seconds
Iteration 5:	0.0285830498 seconds	0.0000000000 seconds
Iteration 5:	0.0286200047 seconds	0.0000000000 seconds
Iteration 5:	0.0285329819 seconds	0.0000000000 seconds
Iteration 5:	0.0285761356 seconds	0.0000000000 seconds
Iteration 5:	0.0284860134 seconds	0.0000000000 seconds
Iteration 5:	0.0285270214 seconds	0.0000000000 seconds
Iteration 5:	0.0284380913 seconds	0.0000000000 seconds
Iteration 5:	0.0284559727 seconds	0.0000000000 seconds
Iteration 5:	0.0284771919 seconds	0.0000000000 seconds
Iteration 5:	0.0285518169 seconds	0.0000000000 seconds
Iteration 5:	0.0284278393 seconds	0.0000000000 seconds
Iteration 5:	0.0284278393 seconds	0.0000000000 seconds
Iteration 5:	0.0285010338 seconds	0.0000000000 seconds
Iteration 5:	0.0284440517 seconds	0.0000000000 seconds
Iteration 5:	0.0284440517 seconds	0.0000000000 seconds
Iteration 6:	0.0318191051 seconds	0.0000000000 seconds
Iteration 6:	0.0318748951 seconds	0.0000000000 seconds
Iteration 6:	0.0319280624 seconds	0.0000000000 seconds
Iteration 6:	0.0319850445 seconds	0.0000000000 seconds
Iteration 6:	0.0320310593 seconds	0.0000000000 seconds
Iteration 6:	0.0320701599 seconds	0.0000009537 seconds
Iteration 6:	0.0321130753 seconds	0.0000000000 seconds
Iteration 6:	0.0321760178 seconds	0.0000000000 seconds
Iteration 6:	0.0322270393 seconds	0.0000000000 seconds
Iteration 6:	0.0322670937 seconds	0.0000000000 seconds
Iteration 6:	0.0323150158 seconds	0.0000000000 seconds
Iteration 6:	0.0323660374 seconds	0.0000000000 seconds
Iteration 6:	0.0324139595 seconds	0.0000000000 seconds
Iteration 6:	0.0324609280 seconds	0.0000009537 seconds
Iteration 6:	0.0324981213 seconds	0.0000000000 seconds
Iteration 6:	0.0324769020 seconds	0.0000000000 seconds
Iteration 6:	0.0325431824 seconds	0.0000000000 seconds
Iteration 6:	0.0325219631 seconds	0.0000000000 seconds
Iteration 6:	0.0325939655 seconds	0.0000000000 seconds
Iteration 6:	0.0325689316 seconds	0.0000000000 seconds
Iteration 6:	0.0326440334 seconds	0.0000000000 seconds
Iteration 6:	0.0326189995 seconds	0.0000000000 seconds
Iteration 6:	0.0326900482 seconds	0.0000000000 seconds
Iteration 6:	0.0327219963 seconds	0.0000000000 seconds
Iteration 6:	0.0327379704 seconds	0.0000000000 seconds
Iteration 6:	0.0326399803 seconds	0.0000000000 seconds
Iteration 6:	0.0326700211 seconds	0.0000000000 seconds
Iteration 6:	0.0327179432 seconds	0.0000000000 seconds
Iteration 6:	0.0327160358 seconds	0.0000009537 seconds
Iteration 6:	0.0326960087 seconds	0.0000000000 seconds
Iteration 6:	0.0327458382 seconds	0.0000000000 seconds
Iteration 6:	0.0327448845 seconds	0.0000000000 seconds
Iteration 7:	0.0293409824 seconds	0.0000009537 seconds
Iteration 7:	0.0292959213 seconds	0.0000000000 seconds
Iteration 7:	0.0292520523 seconds	0.0000000000 seconds
Iteration 7:	0.0292069912 seconds	0.0000000000 seconds
Iteration 7:	0.0291559696 seconds	0.0000000000 seconds
Iteration 7:	0.0291039944 seconds	0.0000000000 seconds
Iteration 7:	0.0290639400 seconds	0.0000000000 seconds
Iteration 7:	0.0290157795 seconds	0.0000000000 seconds
Iteration 7:	0.0289649963 seconds	0.0000000000 seconds
Iteration 7:	0.0289139748 seconds	0.0000000000 seconds
Iteration 7:	0.0288648605 seconds	0.0000000000 seconds
Iteration 7:	0.0288228989 seconds	0.0000000000 seconds
Iteration 7:	0.0287759304 seconds	0.0000000000 seconds
Iteration 7:	0.0287241936 seconds	0.0000000000 seconds
Iteration 7:	0.0286757946 seconds	0.0000000000 seconds
Iteration 7:	0.0286338329 seconds	0.0000000000 seconds
Iteration 7:	0.0286738873 seconds	0.0000000000 seconds
Iteration 7:	0.0285859108 seconds	0.0000000000 seconds
Iteration 7:	0.0286190510 seconds	0.0000000000 seconds
Iteration 7:	0.0285348892 seconds	0.0000000000 seconds
Iteration 7:	0.0285730362 seconds	0.0000000000 seconds
Iteration 7:	0.0284869671 seconds	0.0000000000 seconds
Iteration 7:	0.0285229683 seconds	0.0000000000 seconds
Iteration 7:	0.0284388065 seconds	0.0000000000 seconds
Iteration 7:	0.0284740925 seconds	0.0000000000 seconds
Iteration 7:	0.0284731388 seconds	0.0000000000 seconds
Iteration 7:	0.0285518169 seconds	0.0000000000 seconds
Iteration 7:	0.0284259319 seconds	0.0000000000 seconds
Iteration 7:	0.0284249783 seconds	0.0000000000 seconds
Iteration 7:	0.0284879208 seconds	0.0000009537 seconds
Iteration 7:	0.0284421444 seconds	0.0000000000 seconds
Iteration 7:	0.0284411907 seconds	0.0000000000 seconds
Iteration 8:	0.0318617821 seconds	0.0000000000 seconds
Iteration 8:	0.0319120884 seconds	0.0000000000 seconds
Iteration 8:	0.0319559574 seconds	0.0000000000 seconds
Iteration 8:	0.0320022106 seconds	0.0000000000 seconds
Iteration 8:	0.0320570469 seconds	0.0000000000 seconds
Iteration 8:	0.0321111679 seconds	0.0000000000 seconds
Iteration 8:	0.0321538448 seconds	0.0000000000 seconds
Iteration 8:	0.0322010517 seconds	0.0000000000 seconds
Iteration 8:	0.0322530270 seconds	0.0000000000 seconds
Iteration 8:	0.0323028564 seconds	0.0000000000 seconds
Iteration 8:	0.0323519707 seconds	0.0000000000 seconds
Iteration 8:	0.0323920250 seconds	0.0000009537 seconds
Iteration 8:	0.0324378014 seconds	0.0000000000 seconds
Iteration 8:	0.0324921608 seconds	0.0000000000 seconds
Iteration 8:	0.0325419903 seconds	0.0000000000 seconds
Iteration 8:	0.0324740410 seconds	0.0000000000 seconds
Iteration 8:	0.0325911045 seconds	0.0000000000 seconds
Iteration 8:	0.0325248241 seconds	0.0000000000 seconds
Iteration 8:	0.0326418877 seconds	0.0000000000 seconds
Iteration 8:	0.0325729847 seconds	0.0000000000 seconds
Iteration 8:	0.0326941013 seconds	0.0000000000 seconds
Iteration 8:	0.0326209068 seconds	0.0000000000 seconds
Iteration 8:	0.0327420235 seconds	0.0000000000 seconds
Iteration 8:	0.0326697826 seconds	0.0000000000 seconds
Iteration 8:	0.0328052044 seconds	0.0000000000 seconds
Iteration 8:	0.0327749252 seconds	0.0000000000 seconds
Iteration 8:	0.0327169895 seconds	0.0000000000 seconds
Iteration 8:	0.0327169895 seconds	0.0000000000 seconds
Iteration 8:	0.0328340530 seconds	0.0000000000 seconds
Iteration 8:	0.0328760147 seconds	0.0000000000 seconds
Iteration 8:	0.0329360962 seconds	0.0000000000 seconds
Iteration 8:	0.0329360962 seconds	0.0000000000 seconds
Iteration 9:	0.0295150280 seconds	0.0000000000 seconds
Iteration 9:	0.0294740200 seconds	0.0000000000 seconds
Iteration 9:	0.0294280052 seconds	0.0000000000 seconds
Iteration 9:	0.0293791294 seconds	0.0000000000 seconds
Iteration 9:	0.0293231010 seconds	0.0000000000 seconds
Iteration 9:	0.0292761326 seconds	0.0000000000 seconds
Iteration 9:	0.0292341709 seconds	0.0000000000 seconds
Iteration 9:	0.0291831493 seconds	0.0000000000 seconds
Iteration 9:	0.0291221142 seconds	0.0000000000 seconds
Iteration 9:	0.0290801525 seconds	0.0000000000 seconds
Iteration 9:	0.0290369987 seconds	0.0000000000 seconds
Iteration 9:	0.0289881229 seconds	0.0000000000 seconds
Iteration 9:	0.0289371014 seconds	0.0000000000 seconds
Iteration 9:	0.0288879871 seconds	0.0000000000 seconds
Iteration 9:	0.0286638737 seconds	0.0000000000 seconds
Iteration 9:	0.0288400650 seconds	0.0000000000 seconds
Iteration 9:	0.0286180973 seconds	0.0000000000 seconds
Iteration 9:	0.0287911892 seconds	0.0000000000 seconds
Iteration 9:	0.0285661221 seconds	0.0000000000 seconds
Iteration 9:	0.0287380219 seconds	0.0000000000 seconds
Iteration 9:	0.0285170078 seconds	0.0000000000 seconds
Iteration 9:	0.0286881924 seconds	0.0000000000 seconds
Iteration 9:	0.0284690857 seconds	0.0000000000 seconds
Iteration 9:	0.0286409855 seconds	0.0000000000 seconds
Iteration 9:	0.0284230709 seconds	0.0000000000 seconds
Iteration 9:	0.0284218788 seconds	0.0000000000 seconds
Iteration 9:	0.0285780430 seconds	0.0000000000 seconds
Iteration 9:	0.0285990238 seconds	0.0000000000 seconds
Iteration 9:	0.0285470486 seconds	0.0000009537 seconds
Iteration 9:	0.0285010338 seconds	0.0000000000 seconds
Iteration 9:	0.0284481049 seconds	0.0000000000 seconds
Iteration 9:	0.0284490585 seconds	0.0000000000 seconds
Iteration 10:	0.0318269730 seconds	0.0000000000 seconds
Iteration 10:	0.0318651199 seconds	0.0000000000 seconds
Iteration 10:	0.0319089890 seconds	0.0000000000 seconds
Iteration 10:	0.0319609642 seconds	0.0000000000 seconds
Iteration 10:	0.0320160389 seconds	0.0000000000 seconds
Iteration 10:	0.0320639610 seconds	0.0000000000 seconds
Iteration 10:	0.0321011543 seconds	0.0000000000 seconds
Iteration 10:	0.0321497917 seconds	0.0000011921 seconds
Iteration 10:	0.0322089195 seconds	0.0000000000 seconds
Iteration 10:	0.0322489738 seconds	0.0000000000 seconds
Iteration 10:	0.0322911739 seconds	0.0000009537 seconds
Iteration 10:	0.0323388577 seconds	0.0000000000 seconds
Iteration 10:	0.0323960781 seconds	0.0000000000 seconds
Iteration 10:	0.0324430466 seconds	0.0000000000 seconds
Iteration 10:	0.0324730873 seconds	0.0000000000 seconds
Iteration 10:	0.0324881077 seconds	0.0000000000 seconds
Iteration 10:	0.0325248241 seconds	0.0000000000 seconds
Iteration 10:	0.0325372219 seconds	0.0000000000 seconds
Iteration 10:	0.0325741768 seconds	0.0000000000 seconds
Iteration 10:	0.0325870514 seconds	0.0000000000 seconds
Iteration 10:	0.0326249599 seconds	0.0000000000 seconds
Iteration 10:	0.0326371193 seconds	0.0000000000 seconds
Iteration 10:	0.0326728821 seconds	0.0000000000 seconds
Iteration 10:	0.0326828957 seconds	0.0000000000 seconds
Iteration 10:	0.0327200890 seconds	0.0000000000 seconds
Iteration 10:	0.0327210426 seconds	0.0000000000 seconds
Iteration 10:	0.0327088833 seconds	0.0000000000 seconds
Iteration 10:	0.0327329636 seconds	0.0000000000 seconds
Iteration 10:	0.0326499939 seconds	0.0000000000 seconds
Iteration 10:	0.0327010155 seconds	0.0000000000 seconds
Iteration 10:	0.0327510834 seconds	0.0000000000 seconds
Iteration 10:	0.0327498913 seconds	0.0000000000 seconds
Iteration 11:	0.0293879509 seconds	0.0000000000 seconds
Iteration 11:	0.0293278694 seconds	0.0000000000 seconds
Iteration 11:	0.0292758942 seconds	0.0000000000 seconds
Iteration 11:	0.0292351246 seconds	0.0000000000 seconds
Iteration 11:	0.0291869640 seconds	0.0000000000 seconds
Iteration 11:	0.0291268826 seconds	0.0000000000 seconds
Iteration 11:	0.0290830135 seconds	0.0000000000 seconds
Iteration 11:	0.0290360451 seconds	0.0000000000 seconds
Iteration 11:	0.0289969444 seconds	0.0000000000 seconds
Iteration 11:	0.0289499760 seconds	0.0000000000 seconds
Iteration 11:	0.0288949013 seconds	0.0000000000 seconds
Iteration 11:	0.0288500786 seconds	0.0000000000 seconds
Iteration 11:	0.0288081169 seconds	0.0000000000 seconds
Iteration 11:	0.0287621021 seconds	0.0000000000 seconds
Iteration 11:	0.0286679268 seconds	0.0000011921 seconds
Iteration 11:	0.0287060738 seconds	0.0000000000 seconds
Iteration 11:	0.0286180973 seconds	0.0000000000 seconds
Iteration 11:	0.0285761356 seconds	0.0000000000 seconds
Iteration 11:	0.0286619663 seconds	0.0000000000 seconds
Iteration 11:	0.0285179615 seconds	0.0000000000 seconds
Iteration 11:	0.0286159515 seconds	0.0000000000 seconds
Iteration 11:	0.0284678936 seconds	0.0000000000 seconds
Iteration 11:	0.0285658836 seconds	0.0000000000 seconds
Iteration 11:	0.0284230709 seconds	0.0000000000 seconds
Iteration 11:	0.0284218788 seconds	0.0000000000 seconds
Iteration 11:	0.0285170078 seconds	0.0000000000 seconds
Iteration 11:	0.0284640789 seconds	0.0000000000 seconds
Iteration 11:	0.0284969807 seconds	0.0000000000 seconds
Iteration 11:	0.0285499096 seconds	0.0000000000 seconds
Iteration 11:	0.0284910202 seconds	0.0000000000 seconds
Iteration 11:	0.0284459591 seconds	0.0000000000 seconds
Iteration 11:	0.0284440517 seconds	0.0000000000 seconds
Iteration 12:	0.0318288803 seconds	0.0000000000 seconds
Iteration 12:	0.0318889618 seconds	0.0000000000 seconds
Iteration 12:	0.0319421291 seconds	0.0000000000 seconds
Iteration 12:	0.0319800377 seconds	0.0000000000 seconds
Iteration 12:	0.0320279598 seconds	0.0000000000 seconds
Iteration 12:	0.0320880413 seconds	0.0000000000 seconds
Iteration 12:	0.0321321487 seconds	0.0000000000 seconds
Iteration 12:	0.0321800709 seconds	0.0000000000 seconds
Iteration 12:	0.0322260857 seconds	0.0000000000 seconds
Iteration 12:	0.0322771072 seconds	0.0000000000 seconds
Iteration 12:	0.0323290825 seconds	0.0000000000 seconds
Iteration 12:	0.0323789120 seconds	0.0000000000 seconds
Iteration 12:	0.0324199200 seconds	0.0000000000 seconds
Iteration 12:	0.0324740410 seconds	0.0000000000 seconds
Iteration 12:	0.0324637890 seconds	0.0000000000 seconds
Iteration 12:	0.0325241089 seconds	0.0000000000 seconds
Iteration 12:	0.0325210094 seconds	0.0000000000 seconds
Iteration 12:	0.0325658321 seconds	0.0000000000 seconds
Iteration 12:	0.0325632095 seconds	0.0000000000 seconds
Iteration 12:	0.0326228142 seconds	0.0000000000 seconds
Iteration 12:	0.0326089859 seconds	0.0000000000 seconds
Iteration 12:	0.0326700211 seconds	0.0000000000 seconds
Iteration 12:	0.0326600075 seconds	0.0000000000 seconds
Iteration 12:	0.0327169895 seconds	0.0000000000 seconds
Iteration 12:	0.0327150822 seconds	0.0000000000 seconds
Iteration 12:	0.0327091217 seconds	0.0000000000 seconds
Iteration 12:	0.0327270031 seconds	0.0000000000 seconds
Iteration 12:	0.0327589512 seconds	0.0000000000 seconds
Iteration 12:	0.0326390266 seconds	0.0000000000 seconds
Iteration 12:	0.0326960087 seconds	0.0000000000 seconds
Iteration 12:	0.0327448845 seconds	0.0000000000 seconds
Iteration 12:	0.0327448845 seconds	0.0000000000 seconds
Iteration 13:	0.0293619633 seconds	0.0000000000 seconds
Iteration 13:	0.0293180943 seconds	0.0000000000 seconds
Iteration 13:	0.0292661190 seconds	0.0000000000 seconds
Iteration 13:	0.0292041302 seconds	0.0000000000 seconds
Iteration 13:	0.0291550159 seconds	0.0000000000 seconds
Iteration 13:	0.0291128159 seconds	0.0000000000 seconds
Iteration 13:	0.0290739536 seconds	0.0000000000 seconds
Iteration 13:	0.0290069580 seconds	0.0000000000 seconds
Iteration 13:	0.0289559364 seconds	0.0000000000 seconds
Iteration 13:	0.0289180279 seconds	0.0000000000 seconds
Iteration 13:	0.0288710594 seconds	0.0000000000 seconds
Iteration 13:	0.0288138390 seconds	0.0000000000 seconds
Iteration 13:	0.0287640095 seconds	0.0000000000 seconds
Iteration 13:	0.0286631584 seconds	0.0000000000 seconds
Iteration 13:	0.0287191868 seconds	0.0000000000 seconds
Iteration 13:	0.0286109447 seconds	0.0000000000 seconds
Iteration 13:	0.0286688805 seconds	0.0000000000 seconds
Iteration 13:	0.0285680294 seconds	0.0000000000 seconds
Iteration 13:	0.0286209583 seconds	0.0000000000 seconds
Iteration 13:	0.0285179615 seconds	0.0000000000 seconds
Iteration 13:	0.0285708904 seconds	0.0000000000 seconds
Iteration 13:	0.0284700394 seconds	0.0000000000 seconds
Iteration 13:	0.0285220146 seconds	0.0000000000 seconds
Iteration 13:	0.0284199715 seconds	0.0000000000 seconds
Iteration 13:	0.0284209251 seconds	0.0000000000 seconds
Iteration 13:	0.0284759998 seconds	0.0000000000 seconds
Iteration 13:	0.0284268856 seconds	0.0000000000 seconds
Iteration 13:	0.0284538269 seconds	0.0000000000 seconds
Iteration 13:	0.0285511017 seconds	0.0000000000 seconds
Iteration 13:	0.0284857750 seconds	0.0000000000 seconds
Iteration 13:	0.0284409523 seconds	0.0000000000 seconds
Iteration 13:	0.0284399986 seconds	0.0000000000 seconds
Iteration 14:	0.0318310261 seconds	0.0000000000 seconds
Iteration 14:	0.0318701267 seconds	0.0000000000 seconds
Iteration 14:	0.0319199562 seconds	0.0000000000 seconds
Iteration 14:	0.0319809914 seconds	0.0000000000 seconds
Iteration 14:	0.0320260525 seconds	0.0000000000 seconds
Iteration 14:	0.0320689678 seconds	0.0000000000 seconds
Iteration 14:	0.0321080685 seconds	0.0000000000 seconds
Iteration 14:	0.0321729183 seconds	0.0000000000 seconds
Iteration 14:	0.0322179794 seconds	0.0000000000 seconds
Iteration 14:	0.0322570801 seconds	0.0000000000 seconds
Iteration 14:	0.0323050022 seconds	0.0000000000 seconds
Iteration 14:	0.0323631763 seconds	0.0000000000 seconds
Iteration 14:	0.0324108601 seconds	0.0000000000 seconds
Iteration 14:	0.0324811935 seconds	0.0000000000 seconds
Iteration 14:	0.0324571133 seconds	0.0000000000 seconds
Iteration 14:	0.0325319767 seconds	0.0000000000 seconds
Iteration 14:	0.0325069427 seconds	0.0000000000 seconds
Iteration 14:	0.0325789452 seconds	0.0000000000 seconds
Iteration 14:	0.0325551033 seconds	0.0000000000 seconds
Iteration 14:	0.0326299667 seconds	0.0000000000 seconds
Iteration 14:	0.0326058865 seconds	0.0000000000 seconds
Iteration 14:	0.0326769352 seconds	0.0000000000 seconds
Iteration 14:	0.0326519012 seconds	0.0000011921 seconds
Iteration 14:	0.0327270031 seconds	0.0000000000 seconds
Iteration 14:	0.0327250957 seconds	0.0000009537 seconds
Iteration 14:	0.0326988697 seconds	0.0000000000 seconds
Iteration 14:	0.0327200890 seconds	0.0000000000 seconds
Iteration 14:	0.0327460766 seconds	0.0000000000 seconds
Iteration 14:	0.0326440334 seconds	0.0000000000 seconds
Iteration 14:	0.0327000618 seconds	0.0000000000 seconds
Iteration 14:	0.0327479839 seconds	0.0000000000 seconds
Iteration 14:	0.0327470303 seconds	0.0000000000 seconds
Iteration 15:	0.0293428898 seconds	0.0000000000 seconds
Iteration 15:	0.0292959213 seconds	0.0000000000 seconds
Iteration 15:	0.0292608738 seconds	0.0000000000 seconds
Iteration 15:	0.0292160511 seconds	0.0000000000 seconds
Iteration 15:	0.0291631222 seconds	0.0000000000 seconds
Iteration 15:	0.0291080475 seconds	0.0000000000 seconds
Iteration 15:	0.0290699005 seconds	0.0000000000 seconds
Iteration 15:	0.0290191174 seconds	0.0000000000 seconds
Iteration 15:	0.0289759636 seconds	0.0000000000 seconds
Iteration 15:	0.0289199352 seconds	0.0000000000 seconds
Iteration 15:	0.0288739204 seconds	0.0000000000 seconds
Iteration 15:	0.0288269520 seconds	0.0000000000 seconds
Iteration 15:	0.0287821293 seconds	0.0000000000 seconds
Iteration 15:	0.0286781788 seconds	0.0000000000 seconds
Iteration 15:	0.0287308693 seconds	0.0000000000 seconds
Iteration 15:	0.0286228657 seconds	0.0000000000 seconds
Iteration 15:	0.0286800861 seconds	0.0000000000 seconds
Iteration 15:	0.0285680294 seconds	0.0000000000 seconds
Iteration 15:	0.0286340714 seconds	0.0000000000 seconds
Iteration 15:	0.0285201073 seconds	0.0000000000 seconds
Iteration 15:	0.0285840034 seconds	0.0000000000 seconds
Iteration 15:	0.0284769535 seconds	0.0000000000 seconds
Iteration 15:	0.0285339355 seconds	0.0000000000 seconds
Iteration 15:	0.0284261703 seconds	0.0000000000 seconds
Iteration 15:	0.0284249783 seconds	0.0000000000 seconds
Iteration 15:	0.0284869671 seconds	0.0000000000 seconds
Iteration 15:	0.0284409523 seconds	0.0000000000 seconds
Iteration 15:	0.0284709930 seconds	0.0000000000 seconds
Iteration 15:	0.0285499096 seconds	0.0000000000 seconds
Iteration 15:	0.0284860134 seconds	0.0000000000 seconds
Iteration 15:	0.0284419060 seconds	0.0000000000 seconds
Iteration 15:	0.0284409523 seconds	0.0000000000 seconds
Iteration 16:	0.0318360329 seconds	0.0000000000 seconds
Iteration 16:	0.0318861008 seconds	0.0000000000 seconds
Iteration 16:	0.0319268703 seconds	0.0000000000 seconds
Iteration 16:	0.0319719315 seconds	0.0000000000 seconds
Iteration 16:	0.0320260525 seconds	0.0000000000 seconds
Iteration 16:	0.0320830345 seconds	0.0000000000 seconds
Iteration 16:	0.0321221352 seconds	0.0000000000 seconds
Iteration 16:	0.0321729183 seconds	0.0000000000 seconds
Iteration 16:	0.0322179794 seconds	0.0000000000 seconds
Iteration 16:	0.0322749615 seconds	0.0000000000 seconds
Iteration 16:	0.0323190689 seconds	0.0000000000 seconds
Iteration 16:	0.0323610306 seconds	0.0000000000 seconds
Iteration 16:	0.0324089527 seconds	0.0000000000 seconds
Iteration 16:	0.0324761868 seconds	0.0000000000 seconds
Iteration 16:	0.0324599743 seconds	0.0000000000 seconds
Iteration 16:	0.0325300694 seconds	0.0000000000 seconds
Iteration 16:	0.0325119495 seconds	0.0000000000 seconds
Iteration 16:	0.0325829983 seconds	0.0000000000 seconds
Iteration 16:	0.0325610638 seconds	0.0000000000 seconds
Iteration 16:	0.0326311588 seconds	0.0000000000 seconds
Iteration 16:	0.0326089859 seconds	0.0000000000 seconds
Iteration 16:	0.0326750278 seconds	0.0000000000 seconds
Iteration 16:	0.0326590538 seconds	0.0000000000 seconds
Iteration 16:	0.0327260494 seconds	0.0000000000 seconds
Iteration 16:	0.0327258110 seconds	0.0000011921 seconds
Iteration 16:	0.0327069759 seconds	0.0000000000 seconds
Iteration 16:	0.0327260494 seconds	0.0000000000 seconds
Iteration 16:	0.0327539444 seconds	0.0000000000 seconds
Iteration 16:	0.0326359272 seconds	0.0000000000 seconds
Iteration 16:	0.0327010155 seconds	0.0000000000 seconds
Iteration 16:	0.0327479839 seconds	0.0000000000 seconds
Iteration 16:	0.0327470303 seconds	0.0000000000 seconds
Iteration 17:	0.0293638706 seconds	0.0000000000 seconds
Iteration 17:	0.0293128490 seconds	0.0000000000 seconds
Iteration 17:	0.0292510986 seconds	0.0000000000 seconds
Iteration 17:	0.0292079449 seconds	0.0000000000 seconds
Iteration 17:	0.0291700363 seconds	0.0000000000 seconds
Iteration 17:	0.0291190147 seconds	0.0000000000 seconds
Iteration 17:	0.0290660858 seconds	0.0000000000 seconds
Iteration 17:	0.0290119648 seconds	0.0000000000 seconds
Iteration 17:	0.0289688110 seconds	0.0000000000 seconds
Iteration 17:	0.0289258957 seconds	0.0000000000 seconds
Iteration 17:	0.0288729668 seconds	0.0000000000 seconds
Iteration 17:	0.0288250446 seconds	0.0000000000 seconds
Iteration 17:	0.0286641121 seconds	0.0000000000 seconds
Iteration 17:	0.0287799835 seconds	0.0000000000 seconds
Iteration 17:	0.0286169052 seconds	0.0000000000 seconds
Iteration 17:	0.0287349224 seconds	0.0000000000 seconds
Iteration 17:	0.0285711288 seconds	0.0000000000 seconds
Iteration 17:	0.0286829472 seconds	0.0000000000 seconds
Iteration 17:	0.0285181999 seconds	0.0000000000 seconds
Iteration 17:	0.0286300182 seconds	0.0000000000 seconds
Iteration 17:	0.0284721851 seconds	0.0000000000 seconds
Iteration 17:	0.0285840034 seconds	0.0000000000 seconds
Iteration 17:	0.0284240246 seconds	0.0000000000 seconds
Iteration 17:	0.0284240246 seconds	0.0000000000 seconds
Iteration 17:	0.0285429955 seconds	0.0000000000 seconds
Iteration 17:	0.0284919739 seconds	0.0000000000 seconds
Iteration 17:	0.0284421444 seconds	0.0000000000 seconds
Iteration 17:	0.0284690857 seconds	0.0000000000 seconds
Iteration 17:	0.0285589695 seconds	0.0000000000 seconds
Iteration 17:	0.0284938812 seconds	0.0000000000 seconds
Iteration 17:	0.0284450054 seconds	0.0000000000 seconds
Iteration 17:	0.0284440517 seconds	0.0000000000 seconds
Iteration 18:	0.0318341255 seconds	0.0000000000 seconds
Iteration 18:	0.0318830013 seconds	0.0000000000 seconds
Iteration 18:	0.0319399834 seconds	0.0000000000 seconds
Iteration 18:	0.0319840908 seconds	0.0000000000 seconds
Iteration 18:	0.0320439339 seconds	0.0000000000 seconds
Iteration 18:	0.0320689678 seconds	0.0000000000 seconds
Iteration 18:	0.0321209431 seconds	0.0000000000 seconds
Iteration 18:	0.0321738720 seconds	0.0000000000 seconds
Iteration 18:	0.0322189331 seconds	0.0000000000 seconds
Iteration 18:	0.0322639942 seconds	0.0000000000 seconds
Iteration 18:	0.0323159695 seconds	0.0000000000 seconds
Iteration 18:	0.0323669910 seconds	0.0000000000 seconds
Iteration 18:	0.0324120522 seconds	0.0000000000 seconds
Iteration 18:	0.0324800014 seconds	0.0000000000 seconds
Iteration 18:	0.0324571133 seconds	0.0000000000 seconds
Iteration 18:	0.0325250626 seconds	0.0000000000 seconds
Iteration 18:	0.0325078964 seconds	0.0000000000 seconds
Iteration 18:	0.0325732231 seconds	0.0000000000 seconds
Iteration 18:	0.0325558186 seconds	0.0000000000 seconds
Iteration 18:	0.0326220989 seconds	0.0000000000 seconds
Iteration 18:	0.0325999260 seconds	0.0000000000 seconds
Iteration 18:	0.0326688290 seconds	0.0000000000 seconds
Iteration 18:	0.0326402187 seconds	0.0000000000 seconds
Iteration 18:	0.0327179432 seconds	0.0000000000 seconds
Iteration 18:	0.0327188969 seconds	0.0000000000 seconds
Iteration 18:	0.0326910019 seconds	0.0000000000 seconds
Iteration 18:	0.0327129364 seconds	0.0000000000 seconds
Iteration 18:	0.0327401161 seconds	0.0000000000 seconds
Iteration 18:	0.0326309204 seconds	0.0000000000 seconds
Iteration 18:	0.0326938629 seconds	0.0000000000 seconds
Iteration 18:	0.0327420235 seconds	0.0000000000 seconds
Iteration 18:	0.0327410698 seconds	0.0000000000 seconds
Iteration 19:	0.0293431282 seconds	0.0000000000 seconds
Iteration 19:	0.0293090343 seconds	0.0000000000 seconds
Iteration 19:	0.0292670727 seconds	0.0000000000 seconds
Iteration 19:	0.0292179585 seconds	0.0000000000 seconds
Iteration 19:	0.0291378498 seconds	0.0000000000 seconds
Iteration 19:	0.0291190147 seconds	0.0000000000 seconds
Iteration 19:	0.0290789604 seconds	0.0000000000 seconds
Iteration 19:	0.0290219784 seconds	0.0000000000 seconds
Iteration 19:	0.0289671421 seconds	0.0000000000 seconds
Iteration 19:	0.0289180279 seconds	0.0000000000 seconds
Iteration 19:	0.0288729668 seconds	0.0000000000 seconds
Iteration 19:	0.0288240910 seconds	0.0000009537 seconds
Iteration 19:	0.0286610126 seconds	0.0000000000 seconds
Iteration 19:	0.0287699699 seconds	0.0000000000 seconds
Iteration 19:	0.0286140442 seconds	0.0000000000 seconds
Iteration 19:	0.0287239552 seconds	0.0000009537 seconds
Iteration 19:	0.0285680294 seconds	0.0000000000 seconds
Iteration 19:	0.0286788940 seconds	0.0000000000 seconds
Iteration 19:	0.0285210609 seconds	0.0000000000 seconds
Iteration 19:	0.0286359787 seconds	0.0000000000 seconds
Iteration 19:	0.0284709930 seconds	0.0000000000 seconds
Iteration 19:	0.0285859108 seconds	0.0000000000 seconds
Iteration 19:	0.0284218788 seconds	0.0000000000 seconds
Iteration 19:	0.0284228325 seconds	0.0000000000 seconds
Iteration 19:	0.0285410881 seconds	0.0000000000 seconds
Iteration 19:	0.0284888744 seconds	0.0000000000 seconds
Iteration 19:	0.0284409523 seconds	0.0000000000 seconds
Iteration 19:	0.0284678936 seconds	0.0000000000 seconds
Iteration 19:	0.0285549164 seconds	0.0000000000 seconds
Iteration 19:	0.0284910202 seconds	0.0000000000 seconds
Iteration 19:	0.0284481049 seconds	0.0000000000 seconds
Iteration 19:	0.0284469128 seconds	0.0000000000 seconds
Iteration 20:	0.0318419933 seconds	0.0000000000 seconds
Iteration 20:	0.0318801403 seconds	0.0000000000 seconds
Iteration 20:	0.0319240093 seconds	0.0000000000 seconds
Iteration 20:	0.0319750309 seconds	0.0000000000 seconds
Iteration 20:	0.0320360661 seconds	0.0000000000 seconds
Iteration 20:	0.0320789814 seconds	0.0000000000 seconds
Iteration 20:	0.0321159363 seconds	0.0000000000 seconds
Iteration 20:	0.0321691036 seconds	0.0000000000 seconds
Iteration 20:	0.0322251320 seconds	0.0000000000 seconds
Iteration 20:	0.0322690010 seconds	0.0000000000 seconds
Iteration 20:	0.0323119164 seconds	0.0000000000 seconds
Iteration 20:	0.0323588848 seconds	0.0000000000 seconds
Iteration 20:	0.0324881077 seconds	0.0000000000 seconds
Iteration 20:	0.0324101448 seconds	0.0000000000 seconds
Iteration 20:	0.0324590206 seconds	0.0000000000 seconds
Iteration 20:	0.0325379372 seconds	0.0000009537 seconds
Iteration 20:	0.0325849056 seconds	0.0000000000 seconds
Iteration 20:	0.0325009823 seconds	0.0000000000 seconds
Iteration 20:	0.0325520039 seconds	0.0000000000 seconds
Iteration 20:	0.0326330662 seconds	0.0000000000 seconds
Iteration 20:	0.0326828957 seconds	0.0000000000 seconds
Iteration 20:	0.0326020718 seconds	0.0000000000 seconds
Iteration 20:	0.0327289104 seconds	0.0000000000 seconds
Iteration 20:	0.0327310562 seconds	0.0000000000 seconds
Iteration 20:	0.0326509476 seconds	0.0000000000 seconds
Iteration 20:	0.0326969624 seconds	0.0000000000 seconds
Iteration 20:	0.0327460766 seconds	0.0000000000 seconds
Iteration 20:	0.0327210426 seconds	0.0000000000 seconds
Iteration 20:	0.0326340199 seconds	0.0000000000 seconds
Iteration 20:	0.0326979160 seconds	0.0000000000 seconds
Iteration 20:	0.0327410698 seconds	0.0000000000 seconds
Iteration 20:	0.0327410698 seconds	0.0000000000 seconds
Iteration 21:	0.0293600559 seconds	0.0000000000 seconds
Iteration 21:	0.0293009281 seconds	0.0000000000 seconds
Iteration 21:	0.0292499065 seconds	0.0000000000 seconds
Iteration 21:	0.0292100906 seconds	0.0000000000 seconds
Iteration 21:	0.0291540623 seconds	0.0000000000 seconds
Iteration 21:	0.0291001797 seconds	0.0000000000 seconds
Iteration 21:	0.0290608406 seconds	0.0000000000 seconds
Iteration 21:	0.0290169716 seconds	0.0000000000 seconds
Iteration 21:	0.0289709568 seconds	0.0000000000 seconds
Iteration 21:	0.0289230347 seconds	0.0000000000 seconds
Iteration 21:	0.0288729668 seconds	0.0000000000 seconds
Iteration 21:	0.0288231373 seconds	0.0000009537 seconds
Iteration 21:	0.0286710262 seconds	0.0000000000 seconds
Iteration 21:	0.0287859440 seconds	0.0000000000 seconds
Iteration 21:	0.0286169052 seconds	0.0000000000 seconds
Iteration 21:	0.0285670757 seconds	0.0000000000 seconds
Iteration 21:	0.0287358761 seconds	0.0000000000 seconds
Iteration 21:	0.0286810398 seconds	0.0000000000 seconds
Iteration 21:	0.0285201073 seconds	0.0000000000 seconds
Iteration 21:	0.0286359787 seconds	0.0000000000 seconds
Iteration 21:	0.0284719467 seconds	0.0000000000 seconds
Iteration 21:	0.0284240246 seconds	0.0000000000 seconds
Iteration 21:	0.0284230709 seconds	0.0000000000 seconds
Iteration 21:	0.0285909176 seconds	0.0000000000 seconds
Iteration 21:	0.0285408497 seconds	0.0000000000 seconds
Iteration 21:	0.0284919739 seconds	0.0000000000 seconds
Iteration 21:	0.0284419060 seconds	0.0000000000 seconds
Iteration 21:	0.0284729004 seconds	0.0000000000 seconds
Iteration 21:	0.0285599232 seconds	0.0000000000 seconds
Iteration 21:	0.0284900665 seconds	0.0000000000 seconds
Iteration 21:	0.0284481049 seconds	0.0000000000 seconds
Iteration 21:	0.0284478664 seconds	0.0000000000 seconds
Iteration 22:	0.0318288803 seconds	0.0000000000 seconds
Iteration 22:	0.0318849087 seconds	0.0000000000 seconds
Iteration 22:	0.0319368839 seconds	0.0000000000 seconds
Iteration 22:	0.0319709778 seconds	0.0000000000 seconds
Iteration 22:	0.0320239067 seconds	0.0000000000 seconds
Iteration 22:	0.0320789814 seconds	0.0000000000 seconds
Iteration 22:	0.0321240425 seconds	0.0000000000 seconds
Iteration 22:	0.0321691036 seconds	0.0000000000 seconds
Iteration 22:	0.0322179794 seconds	0.0000000000 seconds
Iteration 22:	0.0322661400 seconds	0.0000000000 seconds
Iteration 22:	0.0323200226 seconds	0.0000000000 seconds
Iteration 22:	0.0323691368 seconds	0.0000000000 seconds
Iteration 22:	0.0324862003 seconds	0.0000000000 seconds
Iteration 22:	0.0324089527 seconds	0.0000000000 seconds
Iteration 22:	0.0325379372 seconds	0.0000000000 seconds
Iteration 22:	0.0324559212 seconds	0.0000000000 seconds
Iteration 22:	0.0325868130 seconds	0.0000000000 seconds
Iteration 22:	0.0325109959 seconds	0.0000000000 seconds
Iteration 22:	0.0326371193 seconds	0.0000000000 seconds
Iteration 22:	0.0325548649 seconds	0.0000000000 seconds
Iteration 22:	0.0326859951 seconds	0.0000000000 seconds
Iteration 22:	0.0325989723 seconds	0.0000000000 seconds
Iteration 22:	0.0327341557 seconds	0.0000000000 seconds
Iteration 22:	0.0327341557 seconds	0.0000000000 seconds
Iteration 22:	0.0326480865 seconds	0.0000000000 seconds
Iteration 22:	0.0326950550 seconds	0.0000000000 seconds
Iteration 22:	0.0327100754 seconds	0.0000000000 seconds
Iteration 22:	0.0327420235 seconds	0.0000000000 seconds
Iteration 22:	0.0326359272 seconds	0.0000000000 seconds
Iteration 22:	0.0326998234 seconds	0.0000000000 seconds
Iteration 22:	0.0327458382 seconds	0.0000000000 seconds
Iteration 22:	0.0327460766 seconds	0.0000000000 seconds
Iteration 23:	0.0293619633 seconds	0.0000000000 seconds
Iteration 23:	0.0293219090 seconds	0.0000000000 seconds
Iteration 23:	0.0292642117 seconds	0.0000000000 seconds
Iteration 23:	0.0292098522 seconds	0.0000000000 seconds
Iteration 23:	0.0291650295 seconds	0.0000000000 seconds
Iteration 23:	0.0291261673 seconds	0.0000000000 seconds
Iteration 23:	0.0290830135 seconds	0.0000000000 seconds
Iteration 23:	0.0290179253 seconds	0.0000000000 seconds
Iteration 23:	0.0289700031 seconds	0.0000000000 seconds
Iteration 23:	0.0289330482 seconds	0.0000000000 seconds
Iteration 23:	0.0288829803 seconds	0.0000000000 seconds
Iteration 23:	0.0286731720 seconds	0.0000000000 seconds
Iteration 23:	0.0288288593 seconds	0.0000000000 seconds
Iteration 23:	0.0287778378 seconds	0.0000000000 seconds
Iteration 23:	0.0286250114 seconds	0.0000000000 seconds
Iteration 23:	0.0285799503 seconds	0.0000000000 seconds
Iteration 23:	0.0287370682 seconds	0.0000000000 seconds
Iteration 23:	0.0285229683 seconds	0.0000000000 seconds
Iteration 23:	0.0286870003 seconds	0.0000000000 seconds
Iteration 23:	0.0284729004 seconds	0.0000000000 seconds
Iteration 23:	0.0286400318 seconds	0.0000000000 seconds
Iteration 23:	0.0284259319 seconds	0.0000000000 seconds
Iteration 23:	0.0284259319 seconds	0.0000000000 seconds
Iteration 23:	0.0285899639 seconds	0.0000000000 seconds
Iteration 23:	0.0285429955 seconds	0.0000009537 seconds
Iteration 23:	0.0285019875 seconds	0.0000000000 seconds
Iteration 23:	0.0284528732 seconds	0.0000000000 seconds
Iteration 23:	0.0284779072 seconds	0.0000000000 seconds
Iteration 23:	0.0285549164 seconds	0.0000000000 seconds
Iteration 23:	0.0285031796 seconds	0.0000000000 seconds
Iteration 23:	0.0284459591 seconds	0.0000000000 seconds
Iteration 23:	0.0284461975 seconds	0.0000000000 seconds
Iteration 24:	0.0318379402 seconds	0.0000000000 seconds
Iteration 24:	0.0318810940 seconds	0.0000000000 seconds
Iteration 24:	0.0319399834 seconds	0.0000000000 seconds
Iteration 24:	0.0319969654 seconds	0.0000000000 seconds
Iteration 24:	0.0320410728 seconds	0.0000000000 seconds
Iteration 24:	0.0320811272 seconds	0.0000000000 seconds
Iteration 24:	0.0321209431 seconds	0.0000000000 seconds
Iteration 24:	0.0321850777 seconds	0.0000000000 seconds
Iteration 24:	0.0322279930 seconds	0.0000000000 seconds
Iteration 24:	0.0322670937 seconds	0.0000000000 seconds
Iteration 24:	0.0323159695 seconds	0.0000000000 seconds
Iteration 24:	0.0323710442 seconds	0.0000000000 seconds
Iteration 24:	0.0324780941 seconds	0.0000000000 seconds
Iteration 24:	0.0324201584 seconds	0.0000000000 seconds
Iteration 24:	0.0325269699 seconds	0.0000000000 seconds
Iteration 24:	0.0324609280 seconds	0.0000000000 seconds
Iteration 24:	0.0325701237 seconds	0.0000000000 seconds
Iteration 24:	0.0325140953 seconds	0.0000000000 seconds
Iteration 24:	0.0326249599 seconds	0.0000000000 seconds
Iteration 24:	0.0325617790 seconds	0.0000000000 seconds
Iteration 24:	0.0326719284 seconds	0.0000000000 seconds
Iteration 24:	0.0326108932 seconds	0.0000000000 seconds
Iteration 24:	0.0327188969 seconds	0.0000000000 seconds
Iteration 24:	0.0327179432 seconds	0.0000000000 seconds
Iteration 24:	0.0326578617 seconds	0.0000000000 seconds
Iteration 24:	0.0327038765 seconds	0.0000000000 seconds
Iteration 24:	0.0327279568 seconds	0.0000000000 seconds
Iteration 24:	0.0327529907 seconds	0.0000000000 seconds
Iteration 24:	0.0326399803 seconds	0.0000000000 seconds
Iteration 24:	0.0326879025 seconds	0.0000000000 seconds
Iteration 24:	0.0327479839 seconds	0.0000000000 seconds
Iteration 24:	0.0327479839 seconds	0.0000000000 seconds
Iteration 25:	0.0293540955 seconds	0.0000000000 seconds
Iteration 25:	0.0293040276 seconds	0.0000000000 seconds
Iteration 25:	0.0292589664 seconds	0.0000000000 seconds
Iteration 25:	0.0292160511 seconds	0.0000000000 seconds
Iteration 25:	0.0291559696 seconds	0.0000000000 seconds
Iteration 25:	0.0291090012 seconds	0.0000000000 seconds
Iteration 25:	0.0290668011 seconds	0.0000000000 seconds
Iteration 25:	0.0290188789 seconds	0.0000000000 seconds
Iteration 25:	0.0289690495 seconds	0.0000000000 seconds
Iteration 25:	0.0289149284 seconds	0.0000000000 seconds
Iteration 25:	0.0288691521 seconds	0.0000009537 seconds
Iteration 25:	0.0286619663 seconds	0.0000000000 seconds
Iteration 25:	0.0288259983 seconds	0.0000000000 seconds
Iteration 25:	0.0286118984 seconds	0.0000000000 seconds
Iteration 25:	0.0287790298 seconds	0.0000000000 seconds
Iteration 25:	0.0285670757 seconds	0.0000000000 seconds
Iteration 25:	0.0287270546 seconds	0.0000000000 seconds
Iteration 25:	0.0285181999 seconds	0.0000000000 seconds
Iteration 25:	0.0286781788 seconds	0.0000000000 seconds
Iteration 25:	0.0284681320 seconds	0.0000000000 seconds
Iteration 25:	0.0286309719 seconds	0.0000000000 seconds
Iteration 25:	0.0284218788 seconds	0.0000000000 seconds
Iteration 25:	0.0284218788 seconds	0.0000000000 seconds
Iteration 25:	0.0285809040 seconds	0.0000000000 seconds
Iteration 25:	0.0285320282 seconds	0.0000000000 seconds
Iteration 25:	0.0284841061 seconds	0.0000000000 seconds
Iteration 25:	0.0284361839 seconds	0.0000000000 seconds
Iteration 25:	0.0284631252 seconds	0.0000000000 seconds
Iteration 25:	0.0285570621 seconds	0.0000000000 seconds
Iteration 25:	0.0284860134 seconds	0.0000000000 seconds
Iteration 25:	0.0284430981 seconds	0.0000000000 seconds
Iteration 25:	0.0284430981 seconds	0.0000000000 seconds
Iteration 26:	0.0318288803 seconds	0.0000000000 seconds
Iteration 26:	0.0318799019 seconds	0.0000000000 seconds
Iteration 26:	0.0319209099 seconds	0.0000000000 seconds
Iteration 26:	0.0319628716 seconds	0.0000000000 seconds
Iteration 26:	0.0320270061 seconds	0.0000009537 seconds
Iteration 26:	0.0320789814 seconds	0.0000000000 seconds
Iteration 26:	0.0321221352 seconds	0.0000000000 seconds
Iteration 26:	0.0321710110 seconds	0.0000000000 seconds
Iteration 26:	0.0322229862 seconds	0.0000000000 seconds
Iteration 26:	0.0322759151 seconds	0.0000000000 seconds
Iteration 26:	0.0323190689 seconds	0.0000000000 seconds
Iteration 26:	0.0323610306 seconds	0.0000000000 seconds
Iteration 26:	0.0324759483 seconds	0.0000000000 seconds
Iteration 26:	0.0325250626 seconds	0.0000000000 seconds
Iteration 26:	0.0324099064 seconds	0.0000000000 seconds
Iteration 26:	0.0324618816 seconds	0.0000000000 seconds
Iteration 26:	0.0325739384 seconds	0.0000000000 seconds
Iteration 26:	0.0325090885 seconds	0.0000000000 seconds
Iteration 26:	0.0326220989 seconds	0.0000009537 seconds
Iteration 26:	0.0325610638 seconds	0.0000000000 seconds
Iteration 26:	0.0326721668 seconds	0.0000000000 seconds
Iteration 26:	0.0327198505 seconds	0.0000000000 seconds
Iteration 26:	0.0327198505 seconds	0.0000000000 seconds
Iteration 26:	0.0326092243 seconds	0.0000000000 seconds
Iteration 26:	0.0326550007 seconds	0.0000000000 seconds
Iteration 26:	0.0327019691 seconds	0.0000000000 seconds
Iteration 26:	0.0327250957 seconds	0.0000000000 seconds
Iteration 26:	0.0327510834 seconds	0.0000000000 seconds
Iteration 26:	0.0326278210 seconds	0.0000000000 seconds
Iteration 26:	0.0326988697 seconds	0.0000000000 seconds
Iteration 26:	0.0327429771 seconds	0.0000000000 seconds
Iteration 26:	0.0327420235 seconds	0.0000000000 seconds
Iteration 27:	0.0293619633 seconds	0.0000000000 seconds
Iteration 27:	0.0293109417 seconds	0.0000000000 seconds
Iteration 27:	0.0292551517 seconds	0.0000000000 seconds
Iteration 27:	0.0292088985 seconds	0.0000000000 seconds
Iteration 27:	0.0291640759 seconds	0.0000000000 seconds
Iteration 27:	0.0291149616 seconds	0.0000000000 seconds
Iteration 27:	0.0290560722 seconds	0.0000000000 seconds
Iteration 27:	0.0290040970 seconds	0.0000000000 seconds
Iteration 27:	0.0289618969 seconds	0.0000000000 seconds
Iteration 27:	0.0289220810 seconds	0.0000000000 seconds
Iteration 27:	0.0286660194 seconds	0.0000000000 seconds
Iteration 27:	0.0288710594 seconds	0.0000000000 seconds
Iteration 27:	0.0288188457 seconds	0.0000000000 seconds
Iteration 27:	0.0286152363 seconds	0.0000000000 seconds
Iteration 27:	0.0285639763 seconds	0.0000000000 seconds
Iteration 27:	0.0287749767 seconds	0.0000000000 seconds
Iteration 27:	0.0285170078 seconds	0.0000000000 seconds
Iteration 27:	0.0287320614 seconds	0.0000000000 seconds
Iteration 27:	0.0284709930 seconds	0.0000000000 seconds
Iteration 27:	0.0286819935 seconds	0.0000000000 seconds
Iteration 27:	0.0284221172 seconds	0.0000000000 seconds
Iteration 27:	0.0284230709 seconds	0.0000000000 seconds
Iteration 27:	0.0286271572 seconds	0.0000000000 seconds
Iteration 27:	0.0285830498 seconds	0.0000000000 seconds
Iteration 27:	0.0285379887 seconds	0.0000000000 seconds
Iteration 27:	0.0284888744 seconds	0.0000000000 seconds
Iteration 27:	0.0284380913 seconds	0.0000000000 seconds
Iteration 27:	0.0284709930 seconds	0.0000000000 seconds
Iteration 27:	0.0285649300 seconds	0.0000000000 seconds
Iteration 27:	0.0284929276 seconds	0.0000000000 seconds
Iteration 27:	0.0284481049 seconds	0.0000000000 seconds
Iteration 27:	0.0284481049 seconds	0.0000000000 seconds
Iteration 28:	0.0318448544 seconds	0.0000000000 seconds
Iteration 28:	0.0318901539 seconds	0.0000000000 seconds
Iteration 28:	0.0319511890 seconds	0.0000000000 seconds
Iteration 28:	0.0319941044 seconds	0.0000000000 seconds
Iteration 28:	0.0320298672 seconds	0.0000000000 seconds
Iteration 28:	0.0320830345 seconds	0.0000000000 seconds
Iteration 28:	0.0321390629 seconds	0.0000000000 seconds
Iteration 28:	0.0321888924 seconds	0.0000000000 seconds
Iteration 28:	0.0322351456 seconds	0.0000000000 seconds
Iteration 28:	0.0322751999 seconds	0.0000000000 seconds
Iteration 28:	0.0323290825 seconds	0.0000000000 seconds
Iteration 28:	0.0323810577 seconds	0.0000000000 seconds
Iteration 28:	0.0324850082 seconds	0.0000000000 seconds
Iteration 28:	0.0325350761 seconds	0.0000000000 seconds
Iteration 28:	0.0324261189 seconds	0.0000000000 seconds
Iteration 28:	0.0325839520 seconds	0.0000000000 seconds
Iteration 28:	0.0324711800 seconds	0.0000000000 seconds
Iteration 28:	0.0326309204 seconds	0.0000009537 seconds
Iteration 28:	0.0325200558 seconds	0.0000009537 seconds
Iteration 28:	0.0326809883 seconds	0.0000000000 seconds
Iteration 28:	0.0325729847 seconds	0.0000000000 seconds
Iteration 28:	0.0327270031 seconds	0.0000000000 seconds
Iteration 28:	0.0327270031 seconds	0.0000000000 seconds
Iteration 28:	0.0326189995 seconds	0.0000000000 seconds
Iteration 28:	0.0326628685 seconds	0.0000000000 seconds
Iteration 28:	0.0327141285 seconds	0.0000000000 seconds
Iteration 28:	0.0327298641 seconds	0.0000000000 seconds
Iteration 28:	0.0327630043 seconds	0.0000000000 seconds
Iteration 28:	0.0326271057 seconds	0.0000000000 seconds
Iteration 28:	0.0326960087 seconds	0.0000000000 seconds
Iteration 28:	0.0327398777 seconds	0.0000000000 seconds
Iteration 28:	0.0327389240 seconds	0.0000000000 seconds
Iteration 29:	0.0293419361 seconds	0.0000000000 seconds
Iteration 29:	0.0293028355 seconds	0.0000011921 seconds
Iteration 29:	0.0292639732 seconds	0.0000000000 seconds
Iteration 29:	0.0292119980 seconds	0.0000000000 seconds
Iteration 29:	0.0291550159 seconds	0.0000000000 seconds
Iteration 29:	0.0291099548 seconds	0.0000000000 seconds
Iteration 29:	0.0290739536 seconds	0.0000000000 seconds
Iteration 29:	0.0290179253 seconds	0.0000000000 seconds
Iteration 29:	0.0289561749 seconds	0.0000000000 seconds
Iteration 29:	0.0289130211 seconds	0.0000000000 seconds
Iteration 29:	0.0286679268 seconds	0.0000000000 seconds
Iteration 29:	0.0286200047 seconds	0.0000000000 seconds
Iteration 29:	0.0285718441 seconds	0.0000000000 seconds
Iteration 29:	0.0290420055 seconds	0.0000000000 seconds
Iteration 29:	0.0285189152 seconds	0.0000000000 seconds
Iteration 29:	0.0290009975 seconds	0.0000000000 seconds
Iteration 29:	0.0284719467 seconds	0.0000000000 seconds
Iteration 29:	0.0289518833 seconds	0.0000000000 seconds
Iteration 29:	0.0289041996 seconds	0.0000000000 seconds
Iteration 29:	0.0284271240 seconds	0.0000000000 seconds
Iteration 29:	0.0284271240 seconds	0.0000000000 seconds
Iteration 29:	0.0288498402 seconds	0.0000000000 seconds
Iteration 29:	0.0288062096 seconds	0.0000000000 seconds
Iteration 29:	0.0287599564 seconds	0.0000000000 seconds
Iteration 29:	0.0287139416 seconds	0.0000000000 seconds
Iteration 29:	0.0286607742 seconds	0.0000000000 seconds
Iteration 29:	0.0286231041 seconds	0.0000000000 seconds
Iteration 29:	0.0286509991 seconds	0.0000000000 seconds
Iteration 29:	0.0287570953 seconds	0.0000000000 seconds
Iteration 29:	0.0286810398 seconds	0.0000000000 seconds
Iteration 29:	0.0286440849 seconds	0.0000000000 seconds
Iteration 29:	0.0286450386 seconds	0.0000000000 seconds
Iteration 30:	0.0320339203 seconds	0.0000000000 seconds
Iteration 30:	0.0320730209 seconds	0.0000000000 seconds
Iteration 30:	0.0321080685 seconds	0.0000000000 seconds
Iteration 30:	0.0321860313 seconds	0.0000000000 seconds
Iteration 30:	0.0322229862 seconds	0.0000000000 seconds
Iteration 30:	0.0322668552 seconds	0.0000000000 seconds
Iteration 30:	0.0323069096 seconds	0.0000000000 seconds
Iteration 30:	0.0323889256 seconds	0.0000000000 seconds
Iteration 30:	0.0324242115 seconds	0.0000000000 seconds
Iteration 30:	0.0324680805 seconds	0.0000000000 seconds
Iteration 30:	0.0324790478 seconds	0.0000000000 seconds
Iteration 30:	0.0323381424 seconds	0.0000000000 seconds
Iteration 30:	0.0325269699 seconds	0.0000000000 seconds
Iteration 30:	0.0323770046 seconds	0.0000000000 seconds
Iteration 30:	0.0325751305 seconds	0.0000000000 seconds
Iteration 30:	0.0324571133 seconds	0.0000000000 seconds
Iteration 30:	0.0326259136 seconds	0.0000000000 seconds
Iteration 30:	0.0324740410 seconds	0.0000009537 seconds
Iteration 30:	0.0326731205 seconds	0.0000000000 seconds
Iteration 30:	0.0325231552 seconds	0.0000000000 seconds
Iteration 30:	0.0327210426 seconds	0.0000000000 seconds
Iteration 30:	0.0327219963 seconds	0.0000000000 seconds
Iteration 30:	0.0325691700 seconds	0.0000000000 seconds
Iteration 30:	0.0326168537 seconds	0.0000000000 seconds
Iteration 30:	0.0326910019 seconds	0.0000000000 seconds
Iteration 30:	0.0327119827 seconds	0.0000000000 seconds
Iteration 30:	0.0327229500 seconds	0.0000000000 seconds
Iteration 30:	0.0327498913 seconds	0.0000000000 seconds
Iteration 30:	0.0326368809 seconds	0.0000000000 seconds
Iteration 30:	0.0326929092 seconds	0.0000000000 seconds
Iteration 30:	0.0327370167 seconds	0.0000000000 seconds
Iteration 30:	0.0327370167 seconds	0.0000000000 seconds
Iteration 31:	0.0295090675 seconds	0.0000000000 seconds
Iteration 31:	0.0294659138 seconds	0.0000009537 seconds
Iteration 31:	0.0294229984 seconds	0.0000000000 seconds
Iteration 31:	0.0293550491 seconds	0.0000000000 seconds
Iteration 31:	0.0293149948 seconds	0.0000009537 seconds
Iteration 31:	0.0292870998 seconds	0.0000000000 seconds
Iteration 31:	0.0286669731 seconds	0.0000000000 seconds
Iteration 31:	0.0292239189 seconds	0.0000000000 seconds
Iteration 31:	0.0291450024 seconds	0.0000000000 seconds
Iteration 31:	0.0286200047 seconds	0.0000000000 seconds
Iteration 31:	0.0291130543 seconds	0.0000000000 seconds
Iteration 31:	0.0285770893 seconds	0.0000000000 seconds
Iteration 31:	0.0290648937 seconds	0.0000000000 seconds
Iteration 31:	0.0285270214 seconds	0.0000000000 seconds
Iteration 31:	0.0284781456 seconds	0.0000000000 seconds
Iteration 31:	0.0290379524 seconds	0.0000009537 seconds
Iteration 31:	0.0289750099 seconds	0.0000000000 seconds
Iteration 31:	0.0284290314 seconds	0.0000000000 seconds
Iteration 31:	0.0284280777 seconds	0.0000000000 seconds
Iteration 31:	0.0288929939 seconds	0.0000000000 seconds
Iteration 31:	0.0288751125 seconds	0.0000009537 seconds
Iteration 31:	0.0288279057 seconds	0.0000000000 seconds
Iteration 31:	0.0287828445 seconds	0.0000000000 seconds
Iteration 31:	0.0287301540 seconds	0.0000009537 seconds
Iteration 31:	0.0286538601 seconds	0.0000000000 seconds
Iteration 31:	0.0286350250 seconds	0.0000000000 seconds
Iteration 31:	0.0285880566 seconds	0.0000000000 seconds
Iteration 31:	0.0285880566 seconds	0.0000009537 seconds
Iteration 31:	0.0286569595 seconds	0.0000000000 seconds
Iteration 31:	0.0285980701 seconds	0.0000000000 seconds
Iteration 31:	0.0285480022 seconds	0.0000000000 seconds
Iteration 31:	0.0285489559 seconds	0.0000000000 seconds
Iteration 32:	0.0318210125 seconds	0.0000000000 seconds
Iteration 32:	0.0318639278 seconds	0.0000000000 seconds
Iteration 32:	0.0319058895 seconds	0.0000000000 seconds
Iteration 32:	0.0319530964 seconds	0.0000000000 seconds
Iteration 32:	0.0320119858 seconds	0.0000000000 seconds
Iteration 32:	0.0320401192 seconds	0.0000000000 seconds
Iteration 32:	0.0321021080 seconds	0.0000000000 seconds
Iteration 32:	0.0321578979 seconds	0.0000000000 seconds
Iteration 32:	0.0322120190 seconds	0.0000000000 seconds
Iteration 32:	0.0324728489 seconds	0.0000000000 seconds
Iteration 32:	0.0322599411 seconds	0.0000000000 seconds
Iteration 32:	0.0325219631 seconds	0.0000011921 seconds
Iteration 32:	0.0322840214 seconds	0.0000000000 seconds
Iteration 32:	0.0325651169 seconds	0.0000000000 seconds
Iteration 32:	0.0323479176 seconds	0.0000011921 seconds
Iteration 32:	0.0326170921 seconds	0.0000000000 seconds
Iteration 32:	0.0323979855 seconds	0.0000000000 seconds
Iteration 32:	0.0326681137 seconds	0.0000000000 seconds
Iteration 32:	0.0324468613 seconds	0.0000000000 seconds
Iteration 32:	0.0327148438 seconds	0.0000000000 seconds
Iteration 32:	0.0327150822 seconds	0.0000009537 seconds
Iteration 32:	0.0324959755 seconds	0.0000000000 seconds
Iteration 32:	0.0325419903 seconds	0.0000000000 seconds
Iteration 32:	0.0325918198 seconds	0.0000000000 seconds
Iteration 32:	0.0326430798 seconds	0.0000000000 seconds
Iteration 32:	0.0326919556 seconds	0.0000000000 seconds
Iteration 32:	0.0327389240 seconds	0.0000000000 seconds
Iteration 32:	0.0327398777 seconds	0.0000000000 seconds
Iteration 32:	0.0326700211 seconds	0.0000000000 seconds
Iteration 32:	0.0327320099 seconds	0.0000000000 seconds
Iteration 32:	0.0327811241 seconds	0.0000000000 seconds
Iteration 32:	0.0327820778 seconds	0.0000000000 seconds
Iteration 33:	0.0293560028 seconds	0.0000000000 seconds
Iteration 33:	0.0292990208 seconds	0.0000000000 seconds
Iteration 33:	0.0292479992 seconds	0.0000000000 seconds
Iteration 33:	0.0292100906 seconds	0.0000000000 seconds
Iteration 33:	0.0291650295 seconds	0.0000000000 seconds
Iteration 33:	0.0291099548 seconds	0.0000000000 seconds
Iteration 33:	0.0286710262 seconds	0.0000000000 seconds
Iteration 33:	0.0290629864 seconds	0.0000000000 seconds
Iteration 33:	0.0286149979 seconds	0.0000000000 seconds
Iteration 33:	0.0290040970 seconds	0.0000000000 seconds
Iteration 33:	0.0285677910 seconds	0.0000000000 seconds
Iteration 33:	0.0289640427 seconds	0.0000000000 seconds
Iteration 33:	0.0289168358 seconds	0.0000000000 seconds
Iteration 33:	0.0285201073 seconds	0.0000000000 seconds
Iteration 33:	0.0284688473 seconds	0.0000000000 seconds
Iteration 33:	0.0288689137 seconds	0.0000000000 seconds
Iteration 33:	0.0288209915 seconds	0.0000000000 seconds
Iteration 33:	0.0284221172 seconds	0.0000000000 seconds
Iteration 33:	0.0284211636 seconds	0.0000000000 seconds
Iteration 33:	0.0287809372 seconds	0.0000000000 seconds
Iteration 33:	0.0287320614 seconds	0.0000000000 seconds
Iteration 33:	0.0286779404 seconds	0.0000000000 seconds
Iteration 33:	0.0286290646 seconds	0.0000000000 seconds
Iteration 33:	0.0285830498 seconds	0.0000000000 seconds
Iteration 33:	0.0285360813 seconds	0.0000000000 seconds
Iteration 33:	0.0284850597 seconds	0.0000000000 seconds
Iteration 33:	0.0284371376 seconds	0.0000000000 seconds
Iteration 33:	0.0284709930 seconds	0.0000000000 seconds
Iteration 33:	0.0285508633 seconds	0.0000000000 seconds
Iteration 33:	0.0284931660 seconds	0.0000000000 seconds
Iteration 33:	0.0284428596 seconds	0.0000000000 seconds
Iteration 33:	0.0284428596 seconds	0.0000000000 seconds
Iteration 34:	0.0318331718 seconds	0.0000000000 seconds
Iteration 34:	0.0318920612 seconds	0.0000000000 seconds
Iteration 34:	0.0319659710 seconds	0.0000000000 seconds
Iteration 34:	0.0319831371 seconds	0.0000000000 seconds
Iteration 34:	0.0320250988 seconds	0.0000000000 seconds
Iteration 34:	0.0320789814 seconds	0.0000000000 seconds
Iteration 34:	0.0321238041 seconds	0.0000000000 seconds
Iteration 34:	0.0321769714 seconds	0.0000000000 seconds
Iteration 34:	0.0322179794 seconds	0.0000000000 seconds
Iteration 34:	0.0324738026 seconds	0.0000000000 seconds
Iteration 34:	0.0325269699 seconds	0.0000000000 seconds
Iteration 34:	0.0322680473 seconds	0.0000000000 seconds
Iteration 34:	0.0325720310 seconds	0.0000009537 seconds
Iteration 34:	0.0323159695 seconds	0.0000000000 seconds
Iteration 34:	0.0323648453 seconds	0.0000000000 seconds
Iteration 34:	0.0326228142 seconds	0.0000000000 seconds
Iteration 34:	0.0326740742 seconds	0.0000000000 seconds
Iteration 34:	0.0324058533 seconds	0.0000000000 seconds
Iteration 34:	0.0327198505 seconds	0.0000000000 seconds
Iteration 34:	0.0327198505 seconds	0.0000000000 seconds
Iteration 34:	0.0324552059 seconds	0.0000000000 seconds
Iteration 34:	0.0325040817 seconds	0.0000000000 seconds
Iteration 34:	0.0325558186 seconds	0.0000000000 seconds
Iteration 34:	0.0326018333 seconds	0.0000000000 seconds
Iteration 34:	0.0326490402 seconds	0.0000000000 seconds
Iteration 34:	0.0326988697 seconds	0.0000000000 seconds
Iteration 34:	0.0327119827 seconds	0.0000000000 seconds
Iteration 34:	0.0327479839 seconds	0.0000000000 seconds
Iteration 34:	0.0326490402 seconds	0.0000000000 seconds
Iteration 34:	0.0327010155 seconds	0.0000000000 seconds
Iteration 34:	0.0327520370 seconds	0.0000000000 seconds
Iteration 34:	0.0327510834 seconds	0.0000000000 seconds
Iteration 35:	0.0293500423 seconds	0.0000000000 seconds
Iteration 35:	0.0293111801 seconds	0.0000000000 seconds
Iteration 35:	0.0292348862 seconds	0.0000000000 seconds
Iteration 35:	0.0291988850 seconds	0.0000000000 seconds
Iteration 35:	0.0291559696 seconds	0.0000000000 seconds
Iteration 35:	0.0291180611 seconds	0.0000000000 seconds
Iteration 35:	0.0286691189 seconds	0.0000000000 seconds
Iteration 35:	0.0291020870 seconds	0.0000000000 seconds
Iteration 35:	0.0286228657 seconds	0.0000000000 seconds
Iteration 35:	0.0290119648 seconds	0.0000000000 seconds
Iteration 35:	0.0285699368 seconds	0.0000000000 seconds
Iteration 35:	0.0289669037 seconds	0.0000000000 seconds
Iteration 35:	0.0285191536 seconds	0.0000000000 seconds
Iteration 35:	0.0289280415 seconds	0.0000000000 seconds
Iteration 35:	0.0284700394 seconds	0.0000000000 seconds
Iteration 35:	0.0288789272 seconds	0.0000000000 seconds
Iteration 35:	0.0284240246 seconds	0.0000000000 seconds
Iteration 35:	0.0284240246 seconds	0.0000000000 seconds
Iteration 35:	0.0288240910 seconds	0.0000000000 seconds
Iteration 35:	0.0287730694 seconds	0.0000000000 seconds
Iteration 35:	0.0287301540 seconds	0.0000000000 seconds
Iteration 35:	0.0286879539 seconds	0.0000000000 seconds
Iteration 35:	0.0286371708 seconds	0.0000000000 seconds
Iteration 35:	0.0285861492 seconds	0.0000000000 seconds
Iteration 35:	0.0285401344 seconds	0.0000000000 seconds
Iteration 35:	0.0284900665 seconds	0.0000000000 seconds
Iteration 35:	0.0284411907 seconds	0.0000000000 seconds
Iteration 35:	0.0284731388 seconds	0.0000000000 seconds
Iteration 35:	0.0285420418 seconds	0.0000000000 seconds
Iteration 35:	0.0284919739 seconds	0.0000000000 seconds
Iteration 35:	0.0284390450 seconds	0.0000000000 seconds
Iteration 35:	0.0284380913 seconds	0.0000009537 seconds
Iteration 36:	0.0318281651 seconds	0.0000000000 seconds
Iteration 36:	0.0318670273 seconds	0.0000000000 seconds
Iteration 36:	0.0319209099 seconds	0.0000000000 seconds
Iteration 36:	0.0319979191 seconds	0.0000000000 seconds
Iteration 36:	0.0320289135 seconds	0.0000009537 seconds
Iteration 36:	0.0320711136 seconds	0.0000000000 seconds
Iteration 36:	0.0320878029 seconds	0.0000000000 seconds
Iteration 36:	0.0321750641 seconds	0.0000000000 seconds
Iteration 36:	0.0324780941 seconds	0.0000000000 seconds
Iteration 36:	0.0322248936 seconds	0.0000000000 seconds
Iteration 36:	0.0325269699 seconds	0.0000000000 seconds
Iteration 36:	0.0322628021 seconds	0.0000011921 seconds
Iteration 36:	0.0325779915 seconds	0.0000000000 seconds
Iteration 36:	0.0323100090 seconds	0.0000000000 seconds
Iteration 36:	0.0326280594 seconds	0.0000000000 seconds
Iteration 36:	0.0323610306 seconds	0.0000000000 seconds
Iteration 36:	0.0326759815 seconds	0.0000000000 seconds
Iteration 36:	0.0324130058 seconds	0.0000000000 seconds
Iteration 36:	0.0324587822 seconds	0.0000000000 seconds
Iteration 36:	0.0327241421 seconds	0.0000000000 seconds
Iteration 36:	0.0327250957 seconds	0.0000000000 seconds
Iteration 36:	0.0325009823 seconds	0.0000000000 seconds
Iteration 36:	0.0325510502 seconds	0.0000000000 seconds
Iteration 36:	0.0325992107 seconds	0.0000000000 seconds
Iteration 36:	0.0326437950 seconds	0.0000000000 seconds
Iteration 36:	0.0326960087 seconds	0.0000000000 seconds
Iteration 36:	0.0327148438 seconds	0.0000000000 seconds
Iteration 36:	0.0327470303 seconds	0.0000000000 seconds
Iteration 36:	0.0326538086 seconds	0.0000000000 seconds
Iteration 36:	0.0326998234 seconds	0.0000000000 seconds
Iteration 36:	0.0327491760 seconds	0.0000000000 seconds
Iteration 36:	0.0327501297 seconds	0.0000000000 seconds
Iteration 37:	0.0293631554 seconds	0.0000000000 seconds
Iteration 37:	0.0293118954 seconds	0.0000000000 seconds
Iteration 37:	0.0292720795 seconds	0.0000000000 seconds
Iteration 37:	0.0292079449 seconds	0.0000000000 seconds
Iteration 37:	0.0291659832 seconds	0.0000000000 seconds
Iteration 37:	0.0291099548 seconds	0.0000000000 seconds
Iteration 37:	0.0286669731 seconds	0.0000000000 seconds
Iteration 37:	0.0286188126 seconds	0.0000000000 seconds
Iteration 37:	0.0290739536 seconds	0.0000000000 seconds
Iteration 37:	0.0290200710 seconds	0.0000000000 seconds
Iteration 37:	0.0285708904 seconds	0.0000000000 seconds
Iteration 37:	0.0289750099 seconds	0.0000000000 seconds
Iteration 37:	0.0285198689 seconds	0.0000000000 seconds
Iteration 37:	0.0289189816 seconds	0.0000000000 seconds
Iteration 37:	0.0284678936 seconds	0.0000000000 seconds
Iteration 37:	0.0284218788 seconds	0.0000000000 seconds
Iteration 37:	0.0284218788 seconds	0.0000000000 seconds
Iteration 37:	0.0288739204 seconds	0.0000000000 seconds
Iteration 37:	0.0288329124 seconds	0.0000000000 seconds
Iteration 37:	0.0287849903 seconds	0.0000000000 seconds
Iteration 37:	0.0287311077 seconds	0.0000000000 seconds
Iteration 37:	0.0286860466 seconds	0.0000000000 seconds
Iteration 37:	0.0286428928 seconds	0.0000000000 seconds
Iteration 37:	0.0285971165 seconds	0.0000000000 seconds
Iteration 37:	0.0285491943 seconds	0.0000000000 seconds
Iteration 37:	0.0284948349 seconds	0.0000000000 seconds
Iteration 37:	0.0284450054 seconds	0.0000000000 seconds
Iteration 37:	0.0284779072 seconds	0.0000000000 seconds
Iteration 37:	0.0285351276 seconds	0.0000000000 seconds
Iteration 37:	0.0284881592 seconds	0.0000000000 seconds
Iteration 37:	0.0284428596 seconds	0.0000000000 seconds
Iteration 37:	0.0284430981 seconds	0.0000009537 seconds
Iteration 38:	0.0318419933 seconds	0.0000000000 seconds
Iteration 38:	0.0318951607 seconds	0.0000000000 seconds
Iteration 38:	0.0319352150 seconds	0.0000000000 seconds
Iteration 38:	0.0319759846 seconds	0.0000000000 seconds
Iteration 38:	0.0320320129 seconds	0.0000000000 seconds
Iteration 38:	0.0320858955 seconds	0.0000000000 seconds
Iteration 38:	0.0321218967 seconds	0.0000000000 seconds
Iteration 38:	0.0321700573 seconds	0.0000000000 seconds
Iteration 38:	0.0324711800 seconds	0.0000000000 seconds
Iteration 38:	0.0322179794 seconds	0.0000000000 seconds
Iteration 38:	0.0325191021 seconds	0.0000000000 seconds
Iteration 38:	0.0322761536 seconds	0.0000000000 seconds
Iteration 38:	0.0325679779 seconds	0.0000000000 seconds
Iteration 38:	0.0323240757 seconds	0.0000009537 seconds
Iteration 38:	0.0326199532 seconds	0.0000000000 seconds
Iteration 38:	0.0323679447 seconds	0.0000000000 seconds
Iteration 38:	0.0326690674 seconds	0.0000000000 seconds
Iteration 38:	0.0324108601 seconds	0.0000000000 seconds
Iteration 38:	0.0327138901 seconds	0.0000000000 seconds
Iteration 38:	0.0327138901 seconds	0.0000009537 seconds
Iteration 38:	0.0324678421 seconds	0.0000000000 seconds
Iteration 38:	0.0325119495 seconds	0.0000000000 seconds
Iteration 38:	0.0325560570 seconds	0.0000000000 seconds
Iteration 38:	0.0326049328 seconds	0.0000000000 seconds
Iteration 38:	0.0326511860 seconds	0.0000000000 seconds
Iteration 38:	0.0327031612 seconds	0.0000000000 seconds
Iteration 38:	0.0327179432 seconds	0.0000000000 seconds
Iteration 38:	0.0327508450 seconds	0.0000000000 seconds
Iteration 38:	0.0326349735 seconds	0.0000000000 seconds
Iteration 38:	0.0326900482 seconds	0.0000000000 seconds
Iteration 38:	0.0327360630 seconds	0.0000000000 seconds
Iteration 38:	0.0327370167 seconds	0.0000009537 seconds
Iteration 39:	0.0293531418 seconds	0.0000000000 seconds
Iteration 39:	0.0292968750 seconds	0.0000000000 seconds
Iteration 39:	0.0292398930 seconds	0.0000000000 seconds
Iteration 39:	0.0291979313 seconds	0.0000000000 seconds
Iteration 39:	0.0291578770 seconds	0.0000000000 seconds
Iteration 39:	0.0286691189 seconds	0.0000000000 seconds
Iteration 39:	0.0291118622 seconds	0.0000000000 seconds
Iteration 39:	0.0286171436 seconds	0.0000000000 seconds
Iteration 39:	0.0290679932 seconds	0.0000000000 seconds
Iteration 39:	0.0285680294 seconds	0.0000000000 seconds
Iteration 39:	0.0290060043 seconds	0.0000000000 seconds
Iteration 39:	0.0285189152 seconds	0.0000000000 seconds
Iteration 39:	0.0289638042 seconds	0.0000000000 seconds
Iteration 39:	0.0289170742 seconds	0.0000000000 seconds
Iteration 39:	0.0284719467 seconds	0.0000000000 seconds
Iteration 39:	0.0284221172 seconds	0.0000000000 seconds
Iteration 39:	0.0284230709 seconds	0.0000000000 seconds
Iteration 39:	0.0288648605 seconds	0.0000000000 seconds
Iteration 39:	0.0288109779 seconds	0.0000000000 seconds
Iteration 39:	0.0287671089 seconds	0.0000000000 seconds
Iteration 39:	0.0287239552 seconds	0.0000000000 seconds
Iteration 39:	0.0286738873 seconds	0.0000000000 seconds
Iteration 39:	0.0286228657 seconds	0.0000000000 seconds
Iteration 39:	0.0285749435 seconds	0.0000000000 seconds
Iteration 39:	0.0285341740 seconds	0.0000000000 seconds
Iteration 39:	0.0284841061 seconds	0.0000000000 seconds
Iteration 39:	0.0284440517 seconds	0.0000000000 seconds
Iteration 39:	0.0284731388 seconds	0.0000000000 seconds
Iteration 39:	0.0285501480 seconds	0.0000000000 seconds
Iteration 39:	0.0284991264 seconds	0.0000000000 seconds
Iteration 39:	0.0284490585 seconds	0.0000000000 seconds
Iteration 39:	0.0284481049 seconds	0.0000009537 seconds
Total computation time was: 1.285879		Average frame time was: 0.032142		Average Particle interations per second were: 2071591786.869830
