[ -1:000]                : Rank 1 is running on comet-15-28.sdsc.edu
[  1:001] init_pprintf   : My dest: 0	My source: 0	My_num_part: 480
[ -1:000]                : Rank 0 is running on comet-15-28.sdsc.edu
[  0:001] init_pprintf   : My dest: 1	My source: 1	My_num_part: 480
Initalizing particles linear on 0 to 480
Initalizing particles linear on 480 to 960
Iteration 0:	0.0617029667 seconds	0.0000000000 seconds
Iteration 0:	0.0615439415 seconds	0.0000000000 seconds
Iteration 1:	0.0197060108 seconds	0.0000000000 seconds
Iteration 1:	0.0197060108 seconds	0.0000000000 seconds
Iteration 2:	0.0200197697 seconds	0.0000000000 seconds
Iteration 2:	0.0200209618 seconds	0.0000000000 seconds
Iteration 3:	0.0199651718 seconds	0.0000000000 seconds
Iteration 3:	0.0199651718 seconds	0.0000000000 seconds
Iteration 4:	0.0200197697 seconds	0.0000000000 seconds
Iteration 4:	0.0200197697 seconds	0.0000000000 seconds
Iteration 5:	0.0014920235 seconds	0.0000000000 seconds
Iteration 5:	0.0014920235 seconds	0.0000000000 seconds
Iteration 6:	0.0007619858 seconds	0.0000000000 seconds
Iteration 6:	0.0007240772 seconds	0.0000009537 seconds
Iteration 7:	0.0007271767 seconds	0.0000000000 seconds
Iteration 7:	0.0006899834 seconds	0.0000000000 seconds
Iteration 8:	0.0007529259 seconds	0.0000000000 seconds
Iteration 8:	0.0007250309 seconds	0.0000000000 seconds
Iteration 9:	0.0007050037 seconds	0.0000000000 seconds
Iteration 9:	0.0006749630 seconds	0.0000000000 seconds
Iteration 10:	0.0007491112 seconds	0.0000000000 seconds
Iteration 10:	0.0007231236 seconds	0.0000000000 seconds
Iteration 11:	0.0007030964 seconds	0.0000009537 seconds
Iteration 11:	0.0006790161 seconds	0.0000000000 seconds
Iteration 12:	0.0007510185 seconds	0.0000000000 seconds
Iteration 12:	0.0007250309 seconds	0.0000000000 seconds
Iteration 13:	0.0006949902 seconds	0.0000000000 seconds
Iteration 13:	0.0006711483 seconds	0.0000000000 seconds
Iteration 14:	0.0007388592 seconds	0.0000000000 seconds
Iteration 14:	0.0007138252 seconds	0.0000000000 seconds
Iteration 15:	0.0006880760 seconds	0.0000000000 seconds
Iteration 15:	0.0006630421 seconds	0.0000000000 seconds
Iteration 16:	0.0007469654 seconds	0.0000000000 seconds
Iteration 16:	0.0007219315 seconds	0.0000000000 seconds
Iteration 17:	0.0007121563 seconds	0.0000000000 seconds
Iteration 17:	0.0006871223 seconds	0.0000000000 seconds
Iteration 18:	0.0007538795 seconds	0.0000000000 seconds
Iteration 18:	0.0007269382 seconds	0.0000000000 seconds
Iteration 19:	0.0007019043 seconds	0.0000000000 seconds
Iteration 19:	0.0006771088 seconds	0.0000000000 seconds
Iteration 20:	0.0007350445 seconds	0.0000009537 seconds
Iteration 20:	0.0007090569 seconds	0.0000000000 seconds
Iteration 21:	0.0006999969 seconds	0.0000000000 seconds
Iteration 21:	0.0006761551 seconds	0.0000000000 seconds
Iteration 22:	0.0007398129 seconds	0.0000000000 seconds
Iteration 22:	0.0007147789 seconds	0.0000000000 seconds
Iteration 23:	0.0007109642 seconds	0.0000000000 seconds
Iteration 23:	0.0006849766 seconds	0.0000000000 seconds
Iteration 24:	0.0007400513 seconds	0.0000000000 seconds
Iteration 24:	0.0007131100 seconds	0.0000000000 seconds
Iteration 25:	0.0007109642 seconds	0.0000009537 seconds
Iteration 25:	0.0006868839 seconds	0.0000009537 seconds
Iteration 26:	0.0007338524 seconds	0.0000000000 seconds
Iteration 26:	0.0007059574 seconds	0.0000000000 seconds
Iteration 27:	0.0007038116 seconds	0.0000000000 seconds
Iteration 27:	0.0006790161 seconds	0.0000000000 seconds
Iteration 28:	0.0007569790 seconds	0.0000000000 seconds
Iteration 28:	0.0007328987 seconds	0.0000000000 seconds
Iteration 29:	0.0007109642 seconds	0.0000000000 seconds
Iteration 29:	0.0006868839 seconds	0.0000000000 seconds
Iteration 30:	0.0007488728 seconds	0.0000000000 seconds
Iteration 30:	0.0007238388 seconds	0.0000000000 seconds
Iteration 31:	0.0007028580 seconds	0.0000000000 seconds
Iteration 31:	0.0006780624 seconds	0.0000009537 seconds
Iteration 32:	0.0007591248 seconds	0.0000000000 seconds
Iteration 32:	0.0007331371 seconds	0.0000000000 seconds
Iteration 33:	0.0007119179 seconds	0.0000000000 seconds
Iteration 33:	0.0006849766 seconds	0.0000000000 seconds
Iteration 34:	0.0007441044 seconds	0.0000000000 seconds
Iteration 34:	0.0007181168 seconds	0.0000000000 seconds
Iteration 35:	0.0007209778 seconds	0.0000000000 seconds
Iteration 35:	0.0006949902 seconds	0.0000000000 seconds
Iteration 36:	0.0007407665 seconds	0.0000000000 seconds
Iteration 36:	0.0007171631 seconds	0.0000000000 seconds
Iteration 37:	0.0007069111 seconds	0.0000000000 seconds
Iteration 37:	0.0006818771 seconds	0.0000000000 seconds
Iteration 38:	0.0007519722 seconds	0.0000000000 seconds
Iteration 38:	0.0007259846 seconds	0.0000011921 seconds
Iteration 39:	0.0007050037 seconds	0.0000000000 seconds
Iteration 39:	0.0006799698 seconds	0.0000000000 seconds
Iteration 40:	0.0007479191 seconds	0.0000000000 seconds
Iteration 40:	0.0007209778 seconds	0.0000000000 seconds
Iteration 41:	0.0007097721 seconds	0.0000000000 seconds
Iteration 41:	0.0006849766 seconds	0.0000000000 seconds
Iteration 42:	0.0007319450 seconds	0.0000000000 seconds
Iteration 42:	0.0007040501 seconds	0.0000000000 seconds
Iteration 43:	0.0006930828 seconds	0.0000000000 seconds
Iteration 43:	0.0006687641 seconds	0.0000011921 seconds
Iteration 44:	0.0007369518 seconds	0.0000000000 seconds
Iteration 44:	0.0007140636 seconds	0.0000000000 seconds
Iteration 45:	0.0007021427 seconds	0.0000000000 seconds
Iteration 45:	0.0006790161 seconds	0.0000000000 seconds
Iteration 46:	0.0007388592 seconds	0.0000000000 seconds
Iteration 46:	0.0007150173 seconds	0.0000000000 seconds
Iteration 47:	0.0006928444 seconds	0.0000000000 seconds
Iteration 47:	0.0006709099 seconds	0.0000000000 seconds
Iteration 48:	0.0007631779 seconds	0.0000000000 seconds
Iteration 48:	0.0007381439 seconds	0.0000009537 seconds
Iteration 49:	0.0006949902 seconds	0.0000000000 seconds
Iteration 49:	0.0006721020 seconds	0.0000009537 seconds
Iteration 50:	0.0007381439 seconds	0.0000009537 seconds
Iteration 50:	0.0007159710 seconds	0.0000000000 seconds
Iteration 51:	0.0006930828 seconds	0.0000000000 seconds
Iteration 51:	0.0006711483 seconds	0.0000000000 seconds
Iteration 52:	0.0007510185 seconds	0.0000000000 seconds
Iteration 52:	0.0007240772 seconds	0.0000009537 seconds
Iteration 53:	0.0006921291 seconds	0.0000000000 seconds
Iteration 53:	0.0006670952 seconds	0.0000000000 seconds
Iteration 54:	0.0007400513 seconds	0.0000000000 seconds
Iteration 54:	0.0007169247 seconds	0.0000000000 seconds
Iteration 55:	0.0007200241 seconds	0.0000000000 seconds
Iteration 55:	0.0006971359 seconds	0.0000000000 seconds
Iteration 56:	0.0007500648 seconds	0.0000000000 seconds
Iteration 56:	0.0007259846 seconds	0.0000000000 seconds
Iteration 57:	0.0007009506 seconds	0.0000000000 seconds
Iteration 57:	0.0006780624 seconds	0.0000000000 seconds
Iteration 58:	0.0007681847 seconds	0.0000000000 seconds
Iteration 58:	0.0007460117 seconds	0.0000000000 seconds
Iteration 59:	0.0007219315 seconds	0.0000000000 seconds
Iteration 59:	0.0006999969 seconds	0.0000000000 seconds
Total computation time was: 0.182505		Average frame time was: 0.003024		Average Particle interations per second were: 304757306.562456
