[ -1:000]                : Rank 19 is running on comet-15-28.sdsc.edu
[ -1:000]                : Rank 20 is running on comet-15-28.sdsc.edu
[ 20:001] init_pprintf   : My dest: 21	My source: 19	My_num_part: 1340
[ -1:000]                : Rank 22 is running on comet-15-28.sdsc.edu
[ 22:001] init_pprintf   : My dest: 23	My source: 21	My_num_part: 1340
[ 19:001] init_pprintf   : My dest: 20	My source: 18	My_num_part: 1340
[ -1:000]                : Rank 10 is running on comet-15-28.sdsc.edu
[ -1:000]                : Rank 7 is running on comet-15-28.sdsc.edu
[ -1:000]                : Rank 14 is running on comet-15-28.sdsc.edu
[ -1:000]                : Rank 8 is running on comet-15-28.sdsc.edu
[ -1:000]                : Rank 23 is running on comet-15-28.sdsc.edu
[ -1:000]                : Rank 6 is running on comet-15-28.sdsc.edu
[  7:001] init_pprintf   : My dest: 8	My source: 6	My_num_part: 1340
[ 14:001] init_pprintf   : My dest: 15	My source: 13	My_num_part: 1340
[  8:001] init_pprintf   : My dest: 9	My source: 7	My_num_part: 1340
[ 23:001] init_pprintf   : My dest: 0	My source: 22	My_num_part: 1340
[  6:001] init_pprintf   : My dest: 7	My source: 5	My_num_part: 1340
[ -1:000]                : Rank 5 is running on comet-15-28.sdsc.edu
[ -1:000]                : Rank 17 is running on comet-15-28.sdsc.edu
[  5:001] init_pprintf   : My dest: 6	My source: 4	My_num_part: 1340
[ -1:000]                : Rank 1 is running on comet-15-28.sdsc.edu
[ 17:001] init_pprintf   : My dest: 18	My source: 16	My_num_part: 1340
[ -1:000]                : Rank 2 is running on comet-15-28.sdsc.edu
[  1:001] init_pprintf   : My dest: 2	My source: 0	My_num_part: 1340
[  2:001] init_pprintf   : My dest: 3	My source: 1	My_num_part: 1340
[ -1:000]                : Rank 16 is running on comet-15-28.sdsc.edu
[ -1:000]                : Rank 18 is running on comet-15-28.sdsc.edu
[ 16:001] init_pprintf   : My dest: 17	My source: 15	My_num_part: 1340
[ -1:000]                : Rank 21 is running on comet-15-28.sdsc.edu
[ 18:001] init_pprintf   : My dest: 19	My source: 17	My_num_part: 1340
[ -1:000]                : Rank 15 is running on comet-15-28.sdsc.edu
[ 21:001] init_pprintf   : My dest: 22	My source: 20	My_num_part: 1340
[ -1:000]                : Rank 4 is running on comet-15-28.sdsc.edu
[ 15:001] init_pprintf   : My dest: 16	My source: 14	My_num_part: 1340
[ -1:000]                : Rank 12 is running on comet-15-28.sdsc.edu
[  4:001] init_pprintf   : My dest: 5	My source: 3	My_num_part: 1340
[ 12:001] init_pprintf   : My dest: 13	My source: 11	My_num_part: 1340
[ -1:000]                : Rank 9 is running on comet-15-28.sdsc.edu
[ -1:000]                : Rank 0 is running on comet-15-28.sdsc.edu
[  9:001] init_pprintf   : My dest: 10	My source: 8	My_num_part: 1340
[  0:001] init_pprintf   : My dest: 1	My source: 23	My_num_part: 1340
[ -1:000]                : Rank 3 is running on comet-15-28.sdsc.edu
[ -1:000]                : Rank 11 is running on comet-15-28.sdsc.edu
[  3:001] init_pprintf   : My dest: 4	My source: 2	My_num_part: 1340
[ 11:001] init_pprintf   : My dest: 12	My source: 10	My_num_part: 1340
[ 10:001] init_pprintf   : My dest: 11	My source: 9	My_num_part: 1340
Initalizing particles linear on 26800 to 28140
Initalizing particles linear on 29480 to 30820
[ -1:000]                : Rank 13 is running on comet-15-28.sdsc.edu
[ 13:001] init_pprintf   : My dest: 14	My source: 12	My_num_part: 1340
Initalizing particles linear on 25460 to 26800
Initalizing particles linear on 18760 to 20100
Initalizing particles linear on 30820 to 32160
Initalizing particles linear on 8040 to 9380
Initalizing particles linear on 10720 to 12060
Initalizing particles linear on 6700 to 8040
Initalizing particles linear on 9380 to 10720
Initalizing particles linear on 1340 to 2680
Initalizing particles linear on 21440 to 22780
Initalizing particles linear on 28140 to 29480
Initalizing particles linear on 22780 to 24120
Initalizing particles linear on 2680 to 4020
Initalizing particles linear on 24120 to 25460
Initalizing particles linear on 5360 to 6700
Initalizing particles linear on 20100 to 21440
Initalizing particles linear on 12060 to 13400
Initalizing particles linear on 16080 to 17420
Initalizing particles linear on 14740 to 16080
Initalizing particles linear on 4020 to 5360
Initalizing particles linear on 0 to 1340
Initalizing particles linear on 13400 to 14740
Initalizing particles linear on 17420 to 18760
Iteration 0:	0.6350581646 seconds	0.0000000000 seconds
Iteration 0:	0.6352169514 seconds	0.0000000000 seconds
Iteration 0:	0.6396660805 seconds	0.0000000000 seconds
Iteration 0:	0.6398410797 seconds	0.0000000000 seconds
Iteration 0:	0.6444480419 seconds	0.0000000000 seconds
Iteration 0:	0.6444249153 seconds	0.0000009537 seconds
Iteration 0:	0.6485841274 seconds	0.0000000000 seconds
Iteration 0:	0.6491889954 seconds	0.0000000000 seconds
Iteration 0:	0.6535289288 seconds	0.0000000000 seconds
Iteration 0:	0.6538040638 seconds	0.0000000000 seconds
Iteration 0:	0.6581230164 seconds	0.0000000000 seconds
Iteration 0:	0.6584861279 seconds	0.0000000000 seconds
Iteration 0:	0.6626291275 seconds	0.0000009537 seconds
Iteration 0:	0.6630361080 seconds	0.0000009537 seconds
Iteration 0:	0.6673889160 seconds	0.0000011921 seconds
Iteration 0:	0.6674239635 seconds	0.0000000000 seconds
Iteration 0:	0.6675741673 seconds	0.0000000000 seconds
Iteration 0:	0.6675591469 seconds	0.0000009537 seconds
Iteration 0:	0.6720459461 seconds	0.0000000000 seconds
Iteration 0:	0.6720490456 seconds	0.0000000000 seconds
Iteration 0:	0.6720490456 seconds	0.0000000000 seconds
Iteration 0:	0.6721880436 seconds	0.0000000000 seconds
Iteration 0:	0.6722300053 seconds	0.0000009537 seconds
Iteration 0:	0.6722180843 seconds	0.0000000000 seconds
Iteration 1:	0.5947580338 seconds	0.0000000000 seconds
Iteration 1:	0.5951819420 seconds	0.0000009537 seconds
Iteration 1:	0.5934228897 seconds	0.0000000000 seconds
Iteration 1:	0.5938551426 seconds	0.0000000000 seconds
Iteration 1:	0.5920140743 seconds	0.0000000000 seconds
Iteration 1:	0.5925319195 seconds	0.0000000000 seconds
Iteration 1:	0.5907280445 seconds	0.0000009537 seconds
Iteration 1:	0.5911800861 seconds	0.0000000000 seconds
Iteration 1:	0.5893650055 seconds	0.0000009537 seconds
Iteration 1:	0.5897850990 seconds	0.0000000000 seconds
Iteration 1:	0.5880489349 seconds	0.0000000000 seconds
Iteration 1:	0.5886878967 seconds	0.0000000000 seconds
Iteration 1:	0.5866961479 seconds	0.0000000000 seconds
Iteration 1:	0.5871829987 seconds	0.0000000000 seconds
Iteration 1:	0.5853669643 seconds	0.0000000000 seconds
Iteration 1:	0.5853309631 seconds	0.0000000000 seconds
Iteration 1:	0.5858318806 seconds	0.0000000000 seconds
Iteration 1:	0.5858969688 seconds	0.0000000000 seconds
Iteration 1:	0.5840220451 seconds	0.0000000000 seconds
Iteration 1:	0.5840229988 seconds	0.0000009537 seconds
Iteration 1:	0.5839860439 seconds	0.0000000000 seconds
Iteration 1:	0.5845429897 seconds	0.0000000000 seconds
Iteration 1:	0.5845429897 seconds	0.0000000000 seconds
Iteration 1:	0.5845038891 seconds	0.0000009537 seconds
Iteration 2:	0.6611080170 seconds	0.0000000000 seconds
Iteration 2:	0.6613261700 seconds	0.0000000000 seconds
Iteration 2:	0.6624619961 seconds	0.0000000000 seconds
Iteration 2:	0.6626610756 seconds	0.0000000000 seconds
Iteration 2:	0.6637969017 seconds	0.0000000000 seconds
Iteration 2:	0.6639900208 seconds	0.0000000000 seconds
Iteration 2:	0.6651329994 seconds	0.0000000000 seconds
Iteration 2:	0.6653239727 seconds	0.0000000000 seconds
Iteration 2:	0.6664879322 seconds	0.0000000000 seconds
Iteration 2:	0.6667499542 seconds	0.0000000000 seconds
Iteration 2:	0.6678259373 seconds	0.0000000000 seconds
Iteration 2:	0.6678991318 seconds	0.0000000000 seconds
Iteration 2:	0.6691701412 seconds	0.0000000000 seconds
Iteration 2:	0.6694078445 seconds	0.0000000000 seconds
Iteration 2:	0.6705040932 seconds	0.0000000000 seconds
Iteration 2:	0.6705429554 seconds	0.0000000000 seconds
Iteration 2:	0.6707298756 seconds	0.0000000000 seconds
Iteration 2:	0.6707708836 seconds	0.0000000000 seconds
Iteration 2:	0.6718740463 seconds	0.0000000000 seconds
Iteration 2:	0.6718769073 seconds	0.0000000000 seconds
Iteration 2:	0.6718370914 seconds	0.0000000000 seconds
Iteration 2:	0.6721098423 seconds	0.0000000000 seconds
Iteration 2:	0.6720728874 seconds	0.0000000000 seconds
Iteration 2:	0.6721088886 seconds	0.0000009537 seconds
Iteration 3:	0.5947520733 seconds	0.0000000000 seconds
Iteration 3:	0.5952279568 seconds	0.0000000000 seconds
Iteration 3:	0.5933887959 seconds	0.0000000000 seconds
Iteration 3:	0.5938999653 seconds	0.0000000000 seconds
Iteration 3:	0.5920591354 seconds	0.0000000000 seconds
Iteration 3:	0.5925719738 seconds	0.0000000000 seconds
Iteration 3:	0.5906920433 seconds	0.0000000000 seconds
Iteration 3:	0.5912399292 seconds	0.0000000000 seconds
Iteration 3:	0.5893537998 seconds	0.0000000000 seconds
Iteration 3:	0.5898289680 seconds	0.0000000000 seconds
Iteration 3:	0.5880129337 seconds	0.0000000000 seconds
Iteration 3:	0.5884790421 seconds	0.0000000000 seconds
Iteration 3:	0.5866720676 seconds	0.0000000000 seconds
Iteration 3:	0.5871469975 seconds	0.0000000000 seconds
Iteration 3:	0.5853629112 seconds	0.0000000000 seconds
Iteration 3:	0.5853371620 seconds	0.0000000000 seconds
Iteration 3:	0.5857911110 seconds	0.0000000000 seconds
Iteration 3:	0.5858578682 seconds	0.0000000000 seconds
Iteration 3:	0.5840260983 seconds	0.0000000000 seconds
Iteration 3:	0.5840280056 seconds	0.0000000000 seconds
Iteration 3:	0.5839951038 seconds	0.0000009537 seconds
Iteration 3:	0.5844950676 seconds	0.0000000000 seconds
Iteration 3:	0.5844659805 seconds	0.0000000000 seconds
Iteration 3:	0.5844950676 seconds	0.0000000000 seconds
Iteration 4:	0.6610548496 seconds	0.0000000000 seconds
Iteration 4:	0.6613769531 seconds	0.0000000000 seconds
Iteration 4:	0.6624140739 seconds	0.0000000000 seconds
Iteration 4:	0.6628990173 seconds	0.0000000000 seconds
Iteration 4:	0.6637449265 seconds	0.0000000000 seconds
Iteration 4:	0.6640470028 seconds	0.0000011921 seconds
Iteration 4:	0.6650819778 seconds	0.0000000000 seconds
Iteration 4:	0.6653790474 seconds	0.0000000000 seconds
Iteration 4:	0.6664350033 seconds	0.0000000000 seconds
Iteration 4:	0.6667108536 seconds	0.0000000000 seconds
Iteration 4:	0.6677789688 seconds	0.0000000000 seconds
Iteration 4:	0.6680397987 seconds	0.0000000000 seconds
Iteration 4:	0.6691179276 seconds	0.0000000000 seconds
Iteration 4:	0.6693899632 seconds	0.0000000000 seconds
Iteration 4:	0.6704828739 seconds	0.0000000000 seconds
Iteration 4:	0.6704571247 seconds	0.0000000000 seconds
Iteration 4:	0.6707210541 seconds	0.0000000000 seconds
Iteration 4:	0.6706869602 seconds	0.0000000000 seconds
Iteration 4:	0.6718227863 seconds	0.0000000000 seconds
Iteration 4:	0.6718218327 seconds	0.0000000000 seconds
Iteration 4:	0.6717917919 seconds	0.0000000000 seconds
Iteration 4:	0.6720869541 seconds	0.0000000000 seconds
Iteration 4:	0.6720860004 seconds	0.0000000000 seconds
Iteration 4:	0.6720569134 seconds	0.0000000000 seconds
Iteration 5:	0.5947830677 seconds	0.0000000000 seconds
Iteration 5:	0.5951411724 seconds	0.0000000000 seconds
Iteration 5:	0.5934588909 seconds	0.0000000000 seconds
Iteration 5:	0.5935928822 seconds	0.0000000000 seconds
Iteration 5:	0.5920982361 seconds	0.0000000000 seconds
Iteration 5:	0.5924508572 seconds	0.0000000000 seconds
Iteration 5:	0.5907440186 seconds	0.0000000000 seconds
Iteration 5:	0.5911197662 seconds	0.0000000000 seconds
Iteration 5:	0.5894038677 seconds	0.0000000000 seconds
Iteration 5:	0.5897960663 seconds	0.0000009537 seconds
Iteration 5:	0.5880751610 seconds	0.0000000000 seconds
Iteration 5:	0.5885260105 seconds	0.0000000000 seconds
Iteration 5:	0.5867331028 seconds	0.0000000000 seconds
Iteration 5:	0.5871191025 seconds	0.0000000000 seconds
Iteration 5:	0.5854189396 seconds	0.0000000000 seconds
Iteration 5:	0.5853939056 seconds	0.0000000000 seconds
Iteration 5:	0.5857839584 seconds	0.0000000000 seconds
Iteration 5:	0.5858371258 seconds	0.0000000000 seconds
Iteration 5:	0.5840818882 seconds	0.0000000000 seconds
Iteration 5:	0.5840830803 seconds	0.0000000000 seconds
Iteration 5:	0.5840499401 seconds	0.0000000000 seconds
Iteration 5:	0.5844831467 seconds	0.0000000000 seconds
Iteration 5:	0.5844860077 seconds	0.0000000000 seconds
Iteration 5:	0.5844569206 seconds	0.0000000000 seconds
Iteration 6:	0.6610841751 seconds	0.0000000000 seconds
Iteration 6:	0.6614570618 seconds	0.0000000000 seconds
Iteration 6:	0.6624009609 seconds	0.0000000000 seconds
Iteration 6:	0.6627690792 seconds	0.0000000000 seconds
Iteration 6:	0.6637628078 seconds	0.0000000000 seconds
Iteration 6:	0.6641070843 seconds	0.0000000000 seconds
Iteration 6:	0.6651000977 seconds	0.0000000000 seconds
Iteration 6:	0.6654410362 seconds	0.0000000000 seconds
Iteration 6:	0.6664600372 seconds	0.0000000000 seconds
Iteration 6:	0.6667628288 seconds	0.0000000000 seconds
Iteration 6:	0.6677770615 seconds	0.0000000000 seconds
Iteration 6:	0.6680309772 seconds	0.0000000000 seconds
Iteration 6:	0.6691219807 seconds	0.0000000000 seconds
Iteration 6:	0.6694231033 seconds	0.0000000000 seconds
Iteration 6:	0.6704900265 seconds	0.0000000000 seconds
Iteration 6:	0.6704699993 seconds	0.0000000000 seconds
Iteration 6:	0.6707580090 seconds	0.0000000000 seconds
Iteration 6:	0.6707389355 seconds	0.0000000000 seconds
Iteration 6:	0.6718292236 seconds	0.0000000000 seconds
Iteration 6:	0.6718301773 seconds	0.0000000000 seconds
Iteration 6:	0.6718051434 seconds	0.0000009537 seconds
Iteration 6:	0.6720969677 seconds	0.0000000000 seconds
Iteration 6:	0.6721239090 seconds	0.0000000000 seconds
Iteration 6:	0.6721248627 seconds	0.0000000000 seconds
Iteration 7:	0.5947470665 seconds	0.0000000000 seconds
Iteration 7:	0.5951249599 seconds	0.0000000000 seconds
Iteration 7:	0.5934028625 seconds	0.0000000000 seconds
Iteration 7:	0.5938150883 seconds	0.0000009537 seconds
Iteration 7:	0.5920679569 seconds	0.0000000000 seconds
Iteration 7:	0.5924611092 seconds	0.0000000000 seconds
Iteration 7:	0.5906980038 seconds	0.0000000000 seconds
Iteration 7:	0.5911459923 seconds	0.0000000000 seconds
Iteration 7:	0.5893690586 seconds	0.0000000000 seconds
Iteration 7:	0.5898039341 seconds	0.0000000000 seconds
Iteration 7:	0.5880310535 seconds	0.0000000000 seconds
Iteration 7:	0.5884869099 seconds	0.0000000000 seconds
Iteration 7:	0.5866789818 seconds	0.0000000000 seconds
Iteration 7:	0.5871489048 seconds	0.0000000000 seconds
Iteration 7:	0.5853650570 seconds	0.0000000000 seconds
Iteration 7:	0.5853319168 seconds	0.0000000000 seconds
Iteration 7:	0.5857930183 seconds	0.0000000000 seconds
Iteration 7:	0.5858390331 seconds	0.0000000000 seconds
Iteration 7:	0.5840318203 seconds	0.0000000000 seconds
Iteration 7:	0.5840327740 seconds	0.0000000000 seconds
Iteration 7:	0.5840048790 seconds	0.0000000000 seconds
Iteration 7:	0.5844900608 seconds	0.0000000000 seconds
Iteration 7:	0.5844900608 seconds	0.0000000000 seconds
Iteration 7:	0.5844640732 seconds	0.0000000000 seconds
Iteration 8:	0.6610710621 seconds	0.0000000000 seconds
Iteration 8:	0.6613171101 seconds	0.0000000000 seconds
Iteration 8:	0.6624250412 seconds	0.0000000000 seconds
Iteration 8:	0.6626789570 seconds	0.0000000000 seconds
Iteration 8:	0.6637530327 seconds	0.0000000000 seconds
Iteration 8:	0.6640028954 seconds	0.0000009537 seconds
Iteration 8:	0.6651051044 seconds	0.0000000000 seconds
Iteration 8:	0.6653180122 seconds	0.0000000000 seconds
Iteration 8:	0.6664741039 seconds	0.0000000000 seconds
Iteration 8:	0.6666650772 seconds	0.0000000000 seconds
Iteration 8:	0.6678078175 seconds	0.0000000000 seconds
Iteration 8:	0.6679840088 seconds	0.0000000000 seconds
Iteration 8:	0.6691520214 seconds	0.0000000000 seconds
Iteration 8:	0.6693100929 seconds	0.0000000000 seconds
Iteration 8:	0.6704809666 seconds	0.0000009537 seconds
Iteration 8:	0.6705219746 seconds	0.0000000000 seconds
Iteration 8:	0.6706540585 seconds	0.0000000000 seconds
Iteration 8:	0.6706910133 seconds	0.0000000000 seconds
Iteration 8:	0.6718380451 seconds	0.0000000000 seconds
Iteration 8:	0.6718640327 seconds	0.0000000000 seconds
Iteration 8:	0.6718630791 seconds	0.0000000000 seconds
Iteration 8:	0.6720359325 seconds	0.0000000000 seconds
Iteration 8:	0.6720101833 seconds	0.0000009537 seconds
Iteration 8:	0.6720380783 seconds	0.0000000000 seconds
Iteration 9:	0.5948860645 seconds	0.0000000000 seconds
Iteration 9:	0.5933790207 seconds	0.0000000000 seconds
Iteration 9:	0.5952320099 seconds	0.0000000000 seconds
Iteration 9:	0.5920290947 seconds	0.0000000000 seconds
Iteration 9:	0.5938680172 seconds	0.0000000000 seconds
Iteration 9:	0.5906820297 seconds	0.0000000000 seconds
Iteration 9:	0.5925509930 seconds	0.0000000000 seconds
Iteration 9:	0.5893361568 seconds	0.0000000000 seconds
Iteration 9:	0.5912029743 seconds	0.0000000000 seconds
Iteration 9:	0.5879960060 seconds	0.0000000000 seconds
Iteration 9:	0.5898749828 seconds	0.0000000000 seconds
Iteration 9:	0.5866639614 seconds	0.0000000000 seconds
Iteration 9:	0.5885560513 seconds	0.0000000000 seconds
Iteration 9:	0.5853178501 seconds	0.0000000000 seconds
Iteration 9:	0.5855820179 seconds	0.0000000000 seconds
Iteration 9:	0.5872368813 seconds	0.0000000000 seconds
Iteration 9:	0.5840051174 seconds	0.0000000000 seconds
Iteration 9:	0.5840070248 seconds	0.0000000000 seconds
Iteration 9:	0.5839800835 seconds	0.0000009537 seconds
Iteration 9:	0.5858769417 seconds	0.0000000000 seconds
Iteration 9:	0.5858869553 seconds	0.0000000000 seconds
Iteration 9:	0.5845270157 seconds	0.0000000000 seconds
Iteration 9:	0.5845530033 seconds	0.0000000000 seconds
Iteration 9:	0.5845539570 seconds	0.0000000000 seconds
Iteration 10:	0.6609411240 seconds	0.0000000000 seconds
Iteration 10:	0.6613168716 seconds	0.0000011921 seconds
Iteration 10:	0.6624350548 seconds	0.0000000000 seconds
Iteration 10:	0.6626589298 seconds	0.0000000000 seconds
Iteration 10:	0.6638159752 seconds	0.0000009537 seconds
Iteration 10:	0.6639809608 seconds	0.0000000000 seconds
Iteration 10:	0.6651120186 seconds	0.0000000000 seconds
Iteration 10:	0.6653180122 seconds	0.0000000000 seconds
Iteration 10:	0.6664710045 seconds	0.0000000000 seconds
Iteration 10:	0.6666488647 seconds	0.0000000000 seconds
Iteration 10:	0.6677970886 seconds	0.0000000000 seconds
Iteration 10:	0.6679658890 seconds	0.0000009537 seconds
Iteration 10:	0.6691348553 seconds	0.0000000000 seconds
Iteration 10:	0.6692948341 seconds	0.0000000000 seconds
Iteration 10:	0.6702449322 seconds	0.0000000000 seconds
Iteration 10:	0.6704769135 seconds	0.0000000000 seconds
Iteration 10:	0.6706428528 seconds	0.0000000000 seconds
Iteration 10:	0.6706259251 seconds	0.0000000000 seconds
Iteration 10:	0.6718380451 seconds	0.0000000000 seconds
Iteration 10:	0.6718399525 seconds	0.0000000000 seconds
Iteration 10:	0.6718111038 seconds	0.0000000000 seconds
Iteration 10:	0.6719820499 seconds	0.0000000000 seconds
Iteration 10:	0.6720089912 seconds	0.0000000000 seconds
Iteration 10:	0.6720077991 seconds	0.0000000000 seconds
Iteration 11:	0.5954458714 seconds	0.0000000000 seconds
Iteration 11:	0.5933721066 seconds	0.0000000000 seconds
Iteration 11:	0.5951089859 seconds	0.0000000000 seconds
Iteration 11:	0.5919868946 seconds	0.0000000000 seconds
Iteration 11:	0.5937581062 seconds	0.0000000000 seconds
Iteration 11:	0.5906589031 seconds	0.0000000000 seconds
Iteration 11:	0.5924489498 seconds	0.0000000000 seconds
Iteration 11:	0.5893168449 seconds	0.0000000000 seconds
Iteration 11:	0.5911130905 seconds	0.0000000000 seconds
Iteration 11:	0.5879831314 seconds	0.0000000000 seconds
Iteration 11:	0.5897629261 seconds	0.0000000000 seconds
Iteration 11:	0.5866470337 seconds	0.0000000000 seconds
Iteration 11:	0.5884380341 seconds	0.0000000000 seconds
Iteration 11:	0.5853309631 seconds	0.0000000000 seconds
Iteration 11:	0.5861639977 seconds	0.0000000000 seconds
Iteration 11:	0.5871169567 seconds	0.0000000000 seconds
Iteration 11:	0.5839910507 seconds	0.0000000000 seconds
Iteration 11:	0.5839929581 seconds	0.0000000000 seconds
Iteration 11:	0.5839660168 seconds	0.0000000000 seconds
Iteration 11:	0.5857560635 seconds	0.0000000000 seconds
Iteration 11:	0.5858139992 seconds	0.0000000000 seconds
Iteration 11:	0.5844359398 seconds	0.0000000000 seconds
Iteration 11:	0.5844609737 seconds	0.0000000000 seconds
Iteration 11:	0.5844600201 seconds	0.0000000000 seconds
Iteration 12:	0.6603209972 seconds	0.0000000000 seconds
Iteration 12:	0.6613919735 seconds	0.0000009537 seconds
Iteration 12:	0.6624050140 seconds	0.0000000000 seconds
Iteration 12:	0.6627500057 seconds	0.0000000000 seconds
Iteration 12:	0.6637659073 seconds	0.0000000000 seconds
Iteration 12:	0.6640510559 seconds	0.0000000000 seconds
Iteration 12:	0.6650938988 seconds	0.0000000000 seconds
Iteration 12:	0.6653862000 seconds	0.0000000000 seconds
Iteration 12:	0.6664438248 seconds	0.0000000000 seconds
Iteration 12:	0.6667311192 seconds	0.0000000000 seconds
Iteration 12:	0.6677870750 seconds	0.0000000000 seconds
Iteration 12:	0.6680619717 seconds	0.0000000000 seconds
Iteration 12:	0.6691179276 seconds	0.0000009537 seconds
Iteration 12:	0.6693871021 seconds	0.0000000000 seconds
Iteration 12:	0.6704649925 seconds	0.0000011921 seconds
Iteration 12:	0.6696128845 seconds	0.0000000000 seconds
Iteration 12:	0.6707358360 seconds	0.0000000000 seconds
Iteration 12:	0.6707170010 seconds	0.0000009537 seconds
Iteration 12:	0.6718330383 seconds	0.0000000000 seconds
Iteration 12:	0.6718361378 seconds	0.0000000000 seconds
Iteration 12:	0.6718080044 seconds	0.0000000000 seconds
Iteration 12:	0.6721060276 seconds	0.0000000000 seconds
Iteration 12:	0.6721050739 seconds	0.0000000000 seconds
Iteration 12:	0.6720790863 seconds	0.0000000000 seconds
Iteration 13:	0.5962421894 seconds	0.0000000000 seconds
Iteration 13:	0.5933749676 seconds	0.0000009537 seconds
Iteration 13:	0.5950949192 seconds	0.0000000000 seconds
Iteration 13:	0.5920748711 seconds	0.0000000000 seconds
Iteration 13:	0.5937561989 seconds	0.0000000000 seconds
Iteration 13:	0.5906770229 seconds	0.0000000000 seconds
Iteration 13:	0.5924260616 seconds	0.0000000000 seconds
Iteration 13:	0.5893340111 seconds	0.0000000000 seconds
Iteration 13:	0.5911350250 seconds	0.0000000000 seconds
Iteration 13:	0.5879938602 seconds	0.0000000000 seconds
Iteration 13:	0.5897858143 seconds	0.0000000000 seconds
Iteration 13:	0.5866558552 seconds	0.0000000000 seconds
Iteration 13:	0.5884411335 seconds	0.0000000000 seconds
Iteration 13:	0.5853109360 seconds	0.0000000000 seconds
Iteration 13:	0.5869259834 seconds	0.0000000000 seconds
Iteration 13:	0.5871188641 seconds	0.0000000000 seconds
Iteration 13:	0.5839989185 seconds	0.0000000000 seconds
Iteration 13:	0.5839979649 seconds	0.0000000000 seconds
Iteration 13:	0.5839738846 seconds	0.0000000000 seconds
Iteration 13:	0.5857620239 seconds	0.0000000000 seconds
Iteration 13:	0.5858180523 seconds	0.0000000000 seconds
Iteration 13:	0.5844540596 seconds	0.0000000000 seconds
Iteration 13:	0.5844559669 seconds	0.0000009537 seconds
Iteration 13:	0.5844268799 seconds	0.0000000000 seconds
Iteration 14:	0.6599330902 seconds	0.0000000000 seconds
Iteration 14:	0.6624269485 seconds	0.0000000000 seconds
Iteration 14:	0.6613228321 seconds	0.0000000000 seconds
Iteration 14:	0.6636991501 seconds	0.0000000000 seconds
Iteration 14:	0.6626460552 seconds	0.0000000000 seconds
Iteration 14:	0.6650760174 seconds	0.0000000000 seconds
Iteration 14:	0.6641819477 seconds	0.0000000000 seconds
Iteration 14:	0.6664488316 seconds	0.0000000000 seconds
Iteration 14:	0.6652889252 seconds	0.0000000000 seconds
Iteration 14:	0.6677958965 seconds	0.0000000000 seconds
Iteration 14:	0.6666200161 seconds	0.0000011921 seconds
Iteration 14:	0.6691329479 seconds	0.0000000000 seconds
Iteration 14:	0.6679708958 seconds	0.0000000000 seconds
Iteration 14:	0.6704728603 seconds	0.0000000000 seconds
Iteration 14:	0.6693079472 seconds	0.0000000000 seconds
Iteration 14:	0.6693007946 seconds	0.0000000000 seconds
Iteration 14:	0.6718389988 seconds	0.0000000000 seconds
Iteration 14:	0.6718399525 seconds	0.0000000000 seconds
Iteration 14:	0.6718108654 seconds	0.0000000000 seconds
Iteration 14:	0.6706409454 seconds	0.0000000000 seconds
Iteration 14:	0.6706228256 seconds	0.0000000000 seconds
Iteration 14:	0.6720020771 seconds	0.0000000000 seconds
Iteration 14:	0.6719751358 seconds	0.0000000000 seconds
Iteration 14:	0.6720030308 seconds	0.0000000000 seconds
Iteration 15:	0.5965719223 seconds	0.0000000000 seconds
Iteration 15:	0.5933661461 seconds	0.0000000000 seconds
Iteration 15:	0.5952339172 seconds	0.0000009537 seconds
Iteration 15:	0.5920460224 seconds	0.0000000000 seconds
Iteration 15:	0.5939011574 seconds	0.0000000000 seconds
Iteration 15:	0.5906879902 seconds	0.0000000000 seconds
Iteration 15:	0.5923810005 seconds	0.0000000000 seconds
Iteration 15:	0.5893378258 seconds	0.0000000000 seconds
Iteration 15:	0.5912430286 seconds	0.0000000000 seconds
Iteration 15:	0.5880010128 seconds	0.0000000000 seconds
Iteration 15:	0.5899119377 seconds	0.0000000000 seconds
Iteration 15:	0.5866601467 seconds	0.0000000000 seconds
Iteration 15:	0.5885729790 seconds	0.0000000000 seconds
Iteration 15:	0.5853180885 seconds	0.0000000000 seconds
Iteration 15:	0.5872220993 seconds	0.0000000000 seconds
Iteration 15:	0.5872130394 seconds	0.0000000000 seconds
Iteration 15:	0.5840060711 seconds	0.0000000000 seconds
Iteration 15:	0.5840070248 seconds	0.0000009537 seconds
Iteration 15:	0.5839810371 seconds	0.0000000000 seconds
Iteration 15:	0.5858781338 seconds	0.0000000000 seconds
Iteration 15:	0.5859341621 seconds	0.0000000000 seconds
Iteration 15:	0.5845811367 seconds	0.0000000000 seconds
Iteration 15:	0.5845808983 seconds	0.0000000000 seconds
Iteration 15:	0.5845549107 seconds	0.0000000000 seconds
Iteration 16:	0.6599650383 seconds	0.0000000000 seconds
Iteration 16:	0.6624569893 seconds	0.0000000000 seconds
Iteration 16:	0.6613059044 seconds	0.0000000000 seconds
Iteration 16:	0.6637768745 seconds	0.0000000000 seconds
Iteration 16:	0.6626389027 seconds	0.0000009537 seconds
Iteration 16:	0.6650910378 seconds	0.0000000000 seconds
Iteration 16:	0.6639668941 seconds	0.0000000000 seconds
Iteration 16:	0.6664609909 seconds	0.0000000000 seconds
Iteration 16:	0.6652998924 seconds	0.0000000000 seconds
Iteration 16:	0.6678380966 seconds	0.0000009537 seconds
Iteration 16:	0.6666212082 seconds	0.0000000000 seconds
Iteration 16:	0.6691520214 seconds	0.0000000000 seconds
Iteration 16:	0.6679379940 seconds	0.0000000000 seconds
Iteration 16:	0.6704800129 seconds	0.0000000000 seconds
Iteration 16:	0.6693038940 seconds	0.0000000000 seconds
Iteration 16:	0.6693298817 seconds	0.0000000000 seconds
Iteration 16:	0.6718459129 seconds	0.0000000000 seconds
Iteration 16:	0.6718440056 seconds	0.0000009537 seconds
Iteration 16:	0.6718192101 seconds	0.0000000000 seconds
Iteration 16:	0.6706509590 seconds	0.0000000000 seconds
Iteration 16:	0.6706299782 seconds	0.0000000000 seconds
Iteration 16:	0.6720070839 seconds	0.0000000000 seconds
Iteration 16:	0.6719801426 seconds	0.0000000000 seconds
Iteration 16:	0.6720080376 seconds	0.0000000000 seconds
Iteration 17:	0.5912151337 seconds	0.0000000000 seconds
Iteration 17:	0.5899059772 seconds	0.0000000000 seconds
Iteration 17:	0.5866730213 seconds	0.0000000000 seconds
Iteration 17:	0.5885920525 seconds	0.0000000000 seconds
Iteration 17:	0.5853500366 seconds	0.0000000000 seconds
Iteration 17:	0.5872468948 seconds	0.0000000000 seconds
Iteration 17:	0.5872440338 seconds	0.0000000000 seconds
Iteration 17:	0.5840401649 seconds	0.0000000000 seconds
Iteration 17:	0.5840399265 seconds	0.0000000000 seconds
Iteration 17:	0.5840129852 seconds	0.0000000000 seconds
Iteration 17:	0.5858919621 seconds	0.0000000000 seconds
Iteration 17:	0.5859329700 seconds	0.0000000000 seconds
Iteration 17:	0.6116051674 seconds	0.0000009537 seconds
Iteration 17:	0.6163501740 seconds	0.0000009537 seconds
Iteration 17:	0.5845649242 seconds	0.0000000000 seconds
Iteration 17:	0.5845911503 seconds	0.0000000000 seconds
Iteration 17:	0.5845909119 seconds	0.0000000000 seconds
Iteration 17:	0.6219098568 seconds	0.0000009537 seconds
Iteration 17:	0.6265480518 seconds	0.0000000000 seconds
Iteration 17:	0.6308379173 seconds	0.0000000000 seconds
Iteration 17:	0.6124210358 seconds	0.0000000000 seconds
Iteration 17:	0.6395959854 seconds	0.0000000000 seconds
Iteration 17:	0.6350259781 seconds	0.0000000000 seconds
Iteration 17:	0.6304228306 seconds	0.0000000000 seconds
Iteration 18:	0.6330721378 seconds	0.0000000000 seconds
Iteration 18:	0.6350240707 seconds	0.0000000000 seconds
Iteration 18:	0.6298379898 seconds	0.0000000000 seconds
Iteration 18:	0.6405949593 seconds	0.0000009537 seconds
Iteration 18:	0.6210498810 seconds	0.0000000000 seconds
Iteration 18:	0.6455209255 seconds	0.0000000000 seconds
Iteration 18:	0.6256859303 seconds	0.0000000000 seconds
Iteration 18:	0.6658179760 seconds	0.0000009537 seconds
Iteration 18:	0.6302988529 seconds	0.0000000000 seconds
Iteration 18:	0.6671650410 seconds	0.0000009537 seconds
Iteration 18:	0.6482310295 seconds	0.0000000000 seconds
Iteration 18:	0.6684830189 seconds	0.0000000000 seconds
Iteration 18:	0.6740040779 seconds	0.0000000000 seconds
Iteration 18:	0.6697859764 seconds	0.0000000000 seconds
Iteration 18:	0.6723079681 seconds	0.0000000000 seconds
Iteration 18:	0.6753461361 seconds	0.0000000000 seconds
Iteration 18:	0.6711320877 seconds	0.0000000000 seconds
Iteration 18:	0.6711690426 seconds	0.0000000000 seconds
Iteration 18:	0.6767108440 seconds	0.0000000000 seconds
Iteration 18:	0.6766810417 seconds	0.0000000000 seconds
Iteration 18:	0.6767098904 seconds	0.0000000000 seconds
Iteration 18:	0.6725170612 seconds	0.0000000000 seconds
Iteration 18:	0.6724908352 seconds	0.0000000000 seconds
Iteration 18:	0.6725180149 seconds	0.0000000000 seconds
Iteration 19:	0.5947129726 seconds	0.0000000000 seconds
Iteration 19:	0.5952191353 seconds	0.0000000000 seconds
Iteration 19:	0.5933780670 seconds	0.0000000000 seconds
Iteration 19:	0.5938758850 seconds	0.0000000000 seconds
Iteration 19:	0.5920248032 seconds	0.0000011921 seconds
Iteration 19:	0.5924260616 seconds	0.0000000000 seconds
Iteration 19:	0.5906851292 seconds	0.0000000000 seconds
Iteration 19:	0.5910871029 seconds	0.0000000000 seconds
Iteration 19:	0.5893421173 seconds	0.0000000000 seconds
Iteration 19:	0.5897707939 seconds	0.0000000000 seconds
Iteration 19:	0.5880069733 seconds	0.0000000000 seconds
Iteration 19:	0.5884549618 seconds	0.0000009537 seconds
Iteration 19:	0.5866661072 seconds	0.0000000000 seconds
Iteration 19:	0.5871391296 seconds	0.0000000000 seconds
Iteration 19:	0.5853519440 seconds	0.0000000000 seconds
Iteration 19:	0.5853250027 seconds	0.0000000000 seconds
Iteration 19:	0.5857639313 seconds	0.0000009537 seconds
Iteration 19:	0.5858190060 seconds	0.0000000000 seconds
Iteration 19:	0.5840120316 seconds	0.0000000000 seconds
Iteration 19:	0.5840129852 seconds	0.0000000000 seconds
Iteration 19:	0.5839869976 seconds	0.0000000000 seconds
Iteration 19:	0.5844669342 seconds	0.0000000000 seconds
Iteration 19:	0.5844340324 seconds	0.0000000000 seconds
Iteration 19:	0.5844669342 seconds	0.0000000000 seconds
Iteration 20:	0.6610538960 seconds	0.0000000000 seconds
Iteration 20:	0.6613371372 seconds	0.0000000000 seconds
Iteration 20:	0.6623919010 seconds	0.0000000000 seconds
Iteration 20:	0.6626720428 seconds	0.0000000000 seconds
Iteration 20:	0.6637401581 seconds	0.0000000000 seconds
Iteration 20:	0.6639871597 seconds	0.0000000000 seconds
Iteration 20:	0.6650829315 seconds	0.0000000000 seconds
Iteration 20:	0.6653239727 seconds	0.0000000000 seconds
Iteration 20:	0.6664190292 seconds	0.0000009537 seconds
Iteration 20:	0.6666681767 seconds	0.0000000000 seconds
Iteration 20:	0.6677639484 seconds	0.0000000000 seconds
Iteration 20:	0.6679911613 seconds	0.0000000000 seconds
Iteration 20:	0.6691131592 seconds	0.0000000000 seconds
Iteration 20:	0.6693129539 seconds	0.0000000000 seconds
Iteration 20:	0.6704769135 seconds	0.0000000000 seconds
Iteration 20:	0.6704511642 seconds	0.0000000000 seconds
Iteration 20:	0.6706519127 seconds	0.0000000000 seconds
Iteration 20:	0.6706819534 seconds	0.0000000000 seconds
Iteration 20:	0.6718180180 seconds	0.0000000000 seconds
Iteration 20:	0.6718180180 seconds	0.0000009537 seconds
Iteration 20:	0.6717920303 seconds	0.0000000000 seconds
Iteration 20:	0.6720299721 seconds	0.0000000000 seconds
Iteration 20:	0.6720299721 seconds	0.0000000000 seconds
Iteration 20:	0.6720030308 seconds	0.0000009537 seconds
Iteration 21:	0.5947179794 seconds	0.0000000000 seconds
Iteration 21:	0.5950970650 seconds	0.0000000000 seconds
Iteration 21:	0.5933659077 seconds	0.0000000000 seconds
Iteration 21:	0.5937788486 seconds	0.0000000000 seconds
Iteration 21:	0.5920188427 seconds	0.0000000000 seconds
Iteration 21:	0.5925011635 seconds	0.0000000000 seconds
Iteration 21:	0.5907540321 seconds	0.0000000000 seconds
Iteration 21:	0.5911090374 seconds	0.0000009537 seconds
Iteration 21:	0.5893380642 seconds	0.0000000000 seconds
Iteration 21:	0.5897688866 seconds	0.0000000000 seconds
Iteration 21:	0.5879969597 seconds	0.0000000000 seconds
Iteration 21:	0.5866470337 seconds	0.0000009537 seconds
Iteration 21:	0.5884439945 seconds	0.0000000000 seconds
Iteration 21:	0.5853362083 seconds	0.0000000000 seconds
Iteration 21:	0.5853149891 seconds	0.0000000000 seconds
Iteration 21:	0.5871109962 seconds	0.0000000000 seconds
Iteration 21:	0.5840001106 seconds	0.0000009537 seconds
Iteration 21:	0.5840010643 seconds	0.0000000000 seconds
Iteration 21:	0.5839750767 seconds	0.0000000000 seconds
Iteration 21:	0.5858540535 seconds	0.0000000000 seconds
Iteration 21:	0.5859038830 seconds	0.0000000000 seconds
Iteration 21:	0.5845530033 seconds	0.0000000000 seconds
Iteration 21:	0.5845260620 seconds	0.0000000000 seconds
Iteration 21:	0.5845530033 seconds	0.0000009537 seconds
Iteration 22:	0.6610679626 seconds	0.0000000000 seconds
Iteration 22:	0.6614341736 seconds	0.0000000000 seconds
Iteration 22:	0.6624100208 seconds	0.0000000000 seconds
Iteration 22:	0.6627500057 seconds	0.0000000000 seconds
Iteration 22:	0.6637558937 seconds	0.0000000000 seconds
Iteration 22:	0.6640269756 seconds	0.0000011921 seconds
Iteration 22:	0.6650199890 seconds	0.0000000000 seconds
Iteration 22:	0.6653740406 seconds	0.0000000000 seconds
Iteration 22:	0.6664330959 seconds	0.0000000000 seconds
Iteration 22:	0.6667249203 seconds	0.0000000000 seconds
Iteration 22:	0.6678140163 seconds	0.0000000000 seconds
Iteration 22:	0.6680998802 seconds	0.0000000000 seconds
Iteration 22:	0.6691248417 seconds	0.0000000000 seconds
Iteration 22:	0.6694030762 seconds	0.0000000000 seconds
Iteration 22:	0.6704928875 seconds	0.0000000000 seconds
Iteration 22:	0.6704690456 seconds	0.0000009537 seconds
Iteration 22:	0.6706290245 seconds	0.0000000000 seconds
Iteration 22:	0.6706590652 seconds	0.0000000000 seconds
Iteration 22:	0.6718349457 seconds	0.0000000000 seconds
Iteration 22:	0.6718358994 seconds	0.0000000000 seconds
Iteration 22:	0.6718049049 seconds	0.0000000000 seconds
Iteration 22:	0.6720049381 seconds	0.0000000000 seconds
Iteration 22:	0.6719799042 seconds	0.0000000000 seconds
Iteration 22:	0.6720049381 seconds	0.0000000000 seconds
Iteration 23:	0.5952908993 seconds	0.0000000000 seconds
Iteration 23:	0.5933640003 seconds	0.0000000000 seconds
Iteration 23:	0.5950989723 seconds	0.0000009537 seconds
Iteration 23:	0.5920281410 seconds	0.0000009537 seconds
Iteration 23:	0.5937750340 seconds	0.0000000000 seconds
Iteration 23:	0.5906748772 seconds	0.0000000000 seconds
Iteration 23:	0.5924780369 seconds	0.0000000000 seconds
Iteration 23:	0.5893290043 seconds	0.0000000000 seconds
Iteration 23:	0.5911259651 seconds	0.0000000000 seconds
Iteration 23:	0.5879800320 seconds	0.0000000000 seconds
Iteration 23:	0.5897741318 seconds	0.0000000000 seconds
Iteration 23:	0.5866389275 seconds	0.0000000000 seconds
Iteration 23:	0.5884351730 seconds	0.0000000000 seconds
Iteration 23:	0.5853269100 seconds	0.0000000000 seconds
Iteration 23:	0.5860128403 seconds	0.0000000000 seconds
Iteration 23:	0.5871121883 seconds	0.0000000000 seconds
Iteration 23:	0.5839829445 seconds	0.0000000000 seconds
Iteration 23:	0.5839850903 seconds	0.0000000000 seconds
Iteration 23:	0.5839569569 seconds	0.0000000000 seconds
Iteration 23:	0.5857620239 seconds	0.0000011921 seconds
Iteration 23:	0.5858139992 seconds	0.0000000000 seconds
Iteration 23:	0.5844390392 seconds	0.0000000000 seconds
Iteration 23:	0.5844669342 seconds	0.0000000000 seconds
Iteration 23:	0.5844659805 seconds	0.0000000000 seconds
Iteration 24:	0.6604528427 seconds	0.0000000000 seconds
Iteration 24:	0.6613090038 seconds	0.0000009537 seconds
Iteration 24:	0.6623950005 seconds	0.0000000000 seconds
Iteration 24:	0.6626458168 seconds	0.0000000000 seconds
Iteration 24:	0.6637420654 seconds	0.0000000000 seconds
Iteration 24:	0.6639649868 seconds	0.0000000000 seconds
Iteration 24:	0.6650869846 seconds	0.0000000000 seconds
Iteration 24:	0.6652891636 seconds	0.0000000000 seconds
Iteration 24:	0.6664299965 seconds	0.0000000000 seconds
Iteration 24:	0.6668398380 seconds	0.0000000000 seconds
Iteration 24:	0.6677579880 seconds	0.0000000000 seconds
Iteration 24:	0.6680078506 seconds	0.0000000000 seconds
Iteration 24:	0.6691088676 seconds	0.0000000000 seconds
Iteration 24:	0.6693661213 seconds	0.0000000000 seconds
Iteration 24:	0.6697361469 seconds	0.0000000000 seconds
Iteration 24:	0.6704511642 seconds	0.0000000000 seconds
Iteration 24:	0.6706709862 seconds	0.0000000000 seconds
Iteration 24:	0.6706500053 seconds	0.0000000000 seconds
Iteration 24:	0.6718239784 seconds	0.0000000000 seconds
Iteration 24:	0.6718251705 seconds	0.0000000000 seconds
Iteration 24:	0.6717979908 seconds	0.0000000000 seconds
Iteration 24:	0.6720280647 seconds	0.0000000000 seconds
Iteration 24:	0.6720020771 seconds	0.0000000000 seconds
Iteration 24:	0.6720280647 seconds	0.0000000000 seconds
Iteration 25:	0.5960931778 seconds	0.0000000000 seconds
Iteration 25:	0.5933580399 seconds	0.0000000000 seconds
Iteration 25:	0.5952069759 seconds	0.0000000000 seconds
Iteration 25:	0.5920150280 seconds	0.0000000000 seconds
Iteration 25:	0.5938808918 seconds	0.0000000000 seconds
Iteration 25:	0.5906729698 seconds	0.0000000000 seconds
Iteration 25:	0.5925650597 seconds	0.0000000000 seconds
Iteration 25:	0.5893199444 seconds	0.0000000000 seconds
Iteration 25:	0.5912261009 seconds	0.0000000000 seconds
Iteration 25:	0.5879878998 seconds	0.0000000000 seconds
Iteration 25:	0.5897049904 seconds	0.0000000000 seconds
Iteration 25:	0.5866348743 seconds	0.0000000000 seconds
Iteration 25:	0.5885288715 seconds	0.0000000000 seconds
Iteration 25:	0.5853271484 seconds	0.0000000000 seconds
Iteration 25:	0.5868039131 seconds	0.0000000000 seconds
Iteration 25:	0.5871648788 seconds	0.0000000000 seconds
Iteration 25:	0.5839788914 seconds	0.0000000000 seconds
Iteration 25:	0.5839810371 seconds	0.0000000000 seconds
Iteration 25:	0.5839540958 seconds	0.0000000000 seconds
Iteration 25:	0.5858600140 seconds	0.0000000000 seconds
Iteration 25:	0.5859069824 seconds	0.0000000000 seconds
Iteration 25:	0.5845589638 seconds	0.0000000000 seconds
Iteration 25:	0.5845320225 seconds	0.0000000000 seconds
Iteration 25:	0.5845589638 seconds	0.0000000000 seconds
Iteration 26:	0.6599800587 seconds	0.0000000000 seconds
Iteration 26:	0.6624019146 seconds	0.0000000000 seconds
Iteration 26:	0.6613252163 seconds	0.0000000000 seconds
Iteration 26:	0.6637430191 seconds	0.0000000000 seconds
Iteration 26:	0.6626660824 seconds	0.0000000000 seconds
Iteration 26:	0.6650760174 seconds	0.0000000000 seconds
Iteration 26:	0.6639831066 seconds	0.0000000000 seconds
Iteration 26:	0.6664230824 seconds	0.0000000000 seconds
Iteration 26:	0.6652929783 seconds	0.0000000000 seconds
Iteration 26:	0.6677651405 seconds	0.0000000000 seconds
Iteration 26:	0.6666469574 seconds	0.0000000000 seconds
Iteration 26:	0.6691060066 seconds	0.0000000000 seconds
Iteration 26:	0.6679699421 seconds	0.0000000000 seconds
Iteration 26:	0.6704449654 seconds	0.0000000000 seconds
Iteration 26:	0.6693201065 seconds	0.0000000000 seconds
Iteration 26:	0.6693181992 seconds	0.0000000000 seconds
Iteration 26:	0.6718111038 seconds	0.0000000000 seconds
Iteration 26:	0.6718101501 seconds	0.0000000000 seconds
Iteration 26:	0.6717841625 seconds	0.0000000000 seconds
Iteration 26:	0.6706359386 seconds	0.0000009537 seconds
Iteration 26:	0.6706659794 seconds	0.0000009537 seconds
Iteration 26:	0.6720139980 seconds	0.0000000000 seconds
Iteration 26:	0.6719870567 seconds	0.0000000000 seconds
Iteration 26:	0.6720149517 seconds	0.0000000000 seconds
Iteration 27:	0.5964360237 seconds	0.0000000000 seconds
Iteration 27:	0.5933699608 seconds	0.0000009537 seconds
Iteration 27:	0.5951080322 seconds	0.0000009537 seconds
Iteration 27:	0.5920319557 seconds	0.0000000000 seconds
Iteration 27:	0.5937538147 seconds	0.0000000000 seconds
Iteration 27:	0.5906970501 seconds	0.0000000000 seconds
Iteration 27:	0.5926220417 seconds	0.0000000000 seconds
Iteration 27:	0.5893449783 seconds	0.0000000000 seconds
Iteration 27:	0.5910840034 seconds	0.0000000000 seconds
Iteration 27:	0.5880010128 seconds	0.0000009537 seconds
Iteration 27:	0.5897691250 seconds	0.0000000000 seconds
Iteration 27:	0.5866611004 seconds	0.0000009537 seconds
Iteration 27:	0.5884451866 seconds	0.0000000000 seconds
Iteration 27:	0.5853171349 seconds	0.0000000000 seconds
Iteration 27:	0.5870919228 seconds	0.0000000000 seconds
Iteration 27:	0.5870919228 seconds	0.0000000000 seconds
Iteration 27:	0.5840117931 seconds	0.0000000000 seconds
Iteration 27:	0.5840098858 seconds	0.0000000000 seconds
Iteration 27:	0.5839838982 seconds	0.0000009537 seconds
Iteration 27:	0.5857470036 seconds	0.0000000000 seconds
Iteration 27:	0.5857961178 seconds	0.0000000000 seconds
Iteration 27:	0.5844430923 seconds	0.0000000000 seconds
Iteration 27:	0.5844430923 seconds	0.0000000000 seconds
Iteration 27:	0.5844190121 seconds	0.0000000000 seconds
Iteration 28:	0.6600718498 seconds	0.0000000000 seconds
Iteration 28:	0.6624069214 seconds	0.0000000000 seconds
Iteration 28:	0.6614041328 seconds	0.0000000000 seconds
Iteration 28:	0.6637461185 seconds	0.0000000000 seconds
Iteration 28:	0.6627469063 seconds	0.0000000000 seconds
Iteration 28:	0.6650841236 seconds	0.0000000000 seconds
Iteration 28:	0.6638851166 seconds	0.0000000000 seconds
Iteration 28:	0.6664350033 seconds	0.0000000000 seconds
Iteration 28:	0.6653919220 seconds	0.0000000000 seconds
Iteration 28:	0.6677889824 seconds	0.0000000000 seconds
Iteration 28:	0.6667368412 seconds	0.0000000000 seconds
Iteration 28:	0.6691191196 seconds	0.0000000000 seconds
Iteration 28:	0.6680679321 seconds	0.0000000000 seconds
Iteration 28:	0.6704659462 seconds	0.0000000000 seconds
Iteration 28:	0.6694300175 seconds	0.0000009537 seconds
Iteration 28:	0.6694159508 seconds	0.0000000000 seconds
Iteration 28:	0.6718280315 seconds	0.0000000000 seconds
Iteration 28:	0.6718268394 seconds	0.0000000000 seconds
Iteration 28:	0.6718008518 seconds	0.0000000000 seconds
Iteration 28:	0.6707677841 seconds	0.0000000000 seconds
Iteration 28:	0.6707468033 seconds	0.0000000000 seconds
Iteration 28:	0.6721048355 seconds	0.0000000000 seconds
Iteration 28:	0.6721308231 seconds	0.0000000000 seconds
Iteration 28:	0.6721320152 seconds	0.0000000000 seconds
Iteration 29:	0.5964550972 seconds	0.0000000000 seconds
Iteration 29:	0.5933949947 seconds	0.0000000000 seconds
Iteration 29:	0.5951330662 seconds	0.0000000000 seconds
Iteration 29:	0.5920360088 seconds	0.0000000000 seconds
Iteration 29:	0.5938229561 seconds	0.0000000000 seconds
Iteration 29:	0.5906951427 seconds	0.0000000000 seconds
Iteration 29:	0.5924558640 seconds	0.0000000000 seconds
Iteration 29:	0.5893471241 seconds	0.0000000000 seconds
Iteration 29:	0.5911149979 seconds	0.0000000000 seconds
Iteration 29:	0.5879948139 seconds	0.0000000000 seconds
Iteration 29:	0.5897970200 seconds	0.0000000000 seconds
Iteration 29:	0.5866639614 seconds	0.0000009537 seconds
Iteration 29:	0.5884740353 seconds	0.0000000000 seconds
Iteration 29:	0.5853228569 seconds	0.0000011921 seconds
Iteration 29:	0.5871150494 seconds	0.0000000000 seconds
Iteration 29:	0.5871222019 seconds	0.0000000000 seconds
Iteration 29:	0.5840079784 seconds	0.0000000000 seconds
Iteration 29:	0.5839819908 seconds	0.0000000000 seconds
Iteration 29:	0.5840129852 seconds	0.0000000000 seconds
Iteration 29:	0.5857689381 seconds	0.0000000000 seconds
Iteration 29:	0.5858120918 seconds	0.0000000000 seconds
Total computation time was: 18.845883		Average frame time was: 0.628182		Average Particle interations per second were: 1646443659.198499
Iteration 29:	0.5844421387 seconds	0.0000000000 seconds
Iteration 29:	0.5844750404 seconds	0.0000000000 seconds
Iteration 29:	0.5844740868 seconds	0.0000000000 seconds
