[ -1:000]                : Rank 1 is running on comet-11-60.sdsc.edu
[ -1:000]                : Rank 0 is running on comet-11-60.sdsc.edu
[  1:001] init_pprintf   : My dest: 0	My source: 0	My_num_part: 480
[  0:001] init_pprintf   : My dest: 1	My source: 1	My_num_part: 480
Initalizing particles linear on 0 to 480
Initalizing particles linear on 480 to 960
Iteration 0:	0.0019750595 seconds	0.0000000000 seconds
Iteration 0:	0.0020902157 seconds	0.0000000000 seconds
Iteration 1:	0.0015709400 seconds	0.0000000000 seconds
Iteration 1:	0.0015728474 seconds	0.0000000000 seconds
Iteration 2:	0.0016839504 seconds	0.0000000000 seconds
Iteration 2:	0.0016820431 seconds	0.0000009537 seconds
Iteration 3:	0.0015480518 seconds	0.0000000000 seconds
Iteration 3:	0.0015470982 seconds	0.0000000000 seconds
Iteration 4:	0.0016729832 seconds	0.0000000000 seconds
Iteration 4:	0.0016729832 seconds	0.0000000000 seconds
Iteration 5:	0.0015540123 seconds	0.0000000000 seconds
Iteration 5:	0.0015540123 seconds	0.0000000000 seconds
Iteration 6:	0.0016701221 seconds	0.0000000000 seconds
Iteration 6:	0.0016701221 seconds	0.0000000000 seconds
Iteration 7:	0.0015540123 seconds	0.0000000000 seconds
Iteration 7:	0.0015540123 seconds	0.0000000000 seconds
Iteration 8:	0.0016651154 seconds	0.0000000000 seconds
Iteration 8:	0.0016641617 seconds	0.0000000000 seconds
Iteration 9:	0.0015530586 seconds	0.0000000000 seconds
Iteration 9:	0.0015530586 seconds	0.0000000000 seconds
Iteration 10:	0.0016620159 seconds	0.0000000000 seconds
Iteration 10:	0.0016632080 seconds	0.0000000000 seconds
Iteration 11:	0.0015630722 seconds	0.0000000000 seconds
Iteration 11:	0.0015630722 seconds	0.0000000000 seconds
Iteration 12:	0.0016460419 seconds	0.0000000000 seconds
Iteration 12:	0.0016460419 seconds	0.0000000000 seconds
Iteration 13:	0.0015640259 seconds	0.0000000000 seconds
Iteration 13:	0.0015640259 seconds	0.0000000000 seconds
Iteration 14:	0.0016560555 seconds	0.0000000000 seconds
Iteration 14:	0.0016560555 seconds	0.0000000000 seconds
Iteration 15:	0.0015461445 seconds	0.0000000000 seconds
Iteration 15:	0.0015461445 seconds	0.0000000000 seconds
Iteration 16:	0.0016741753 seconds	0.0000000000 seconds
Iteration 16:	0.0016751289 seconds	0.0000000000 seconds
Iteration 17:	0.0015661716 seconds	0.0000000000 seconds
Iteration 17:	0.0015671253 seconds	0.0000000000 seconds
Iteration 18:	0.0016620159 seconds	0.0000000000 seconds
Iteration 18:	0.0016620159 seconds	0.0000000000 seconds
Iteration 19:	0.0015270710 seconds	0.0000000000 seconds
Iteration 19:	0.0015261173 seconds	0.0000000000 seconds
Iteration 20:	0.0016629696 seconds	0.0000000000 seconds
Iteration 20:	0.0016629696 seconds	0.0000000000 seconds
Iteration 21:	0.0015439987 seconds	0.0000000000 seconds
Iteration 21:	0.0015439987 seconds	0.0000000000 seconds
Iteration 22:	0.0016520023 seconds	0.0000000000 seconds
Iteration 22:	0.0016520023 seconds	0.0000000000 seconds
Iteration 23:	0.0015552044 seconds	0.0000000000 seconds
Iteration 23:	0.0015552044 seconds	0.0000000000 seconds
Iteration 24:	0.0016670227 seconds	0.0000000000 seconds
Iteration 24:	0.0016670227 seconds	0.0000000000 seconds
Iteration 25:	0.0015459061 seconds	0.0000000000 seconds
Iteration 25:	0.0015449524 seconds	0.0000000000 seconds
Iteration 26:	0.0016570091 seconds	0.0000000000 seconds
Iteration 26:	0.0016570091 seconds	0.0000000000 seconds
Iteration 27:	0.0015430450 seconds	0.0000000000 seconds
Iteration 27:	0.0015449524 seconds	0.0000000000 seconds
Iteration 28:	0.0016620159 seconds	0.0000000000 seconds
Iteration 28:	0.0016620159 seconds	0.0000000000 seconds
Iteration 29:	0.0015351772 seconds	0.0000000000 seconds
Iteration 29:	0.0015339851 seconds	0.0000000000 seconds
Iteration 30:	0.0016660690 seconds	0.0000000000 seconds
Iteration 30:	0.0016660690 seconds	0.0000000000 seconds
Iteration 31:	0.0015249252 seconds	0.0000000000 seconds
Iteration 31:	0.0015249252 seconds	0.0000000000 seconds
Iteration 32:	0.0016570091 seconds	0.0000000000 seconds
Iteration 32:	0.0016560555 seconds	0.0000000000 seconds
Iteration 33:	0.0015211105 seconds	0.0000000000 seconds
Iteration 33:	0.0015211105 seconds	0.0000000000 seconds
Iteration 34:	0.0016658306 seconds	0.0000000000 seconds
Iteration 34:	0.0016658306 seconds	0.0000000000 seconds
Iteration 35:	0.0015361309 seconds	0.0000000000 seconds
Iteration 35:	0.0015380383 seconds	0.0000000000 seconds
Iteration 36:	0.0016729832 seconds	0.0000000000 seconds
Iteration 36:	0.0016729832 seconds	0.0000000000 seconds
Iteration 37:	0.0015230179 seconds	0.0000000000 seconds
Iteration 37:	0.0015230179 seconds	0.0000000000 seconds
Iteration 38:	0.0016419888 seconds	0.0000000000 seconds
Iteration 38:	0.0016419888 seconds	0.0000000000 seconds
Iteration 39:	0.0015270710 seconds	0.0000000000 seconds
Iteration 39:	0.0015261173 seconds	0.0000000000 seconds
Iteration 40:	0.0016670227 seconds	0.0000000000 seconds
Iteration 40:	0.0016670227 seconds	0.0000000000 seconds
Iteration 41:	0.0015239716 seconds	0.0000000000 seconds
Iteration 41:	0.0015239716 seconds	0.0000000000 seconds
Iteration 42:	0.0016689301 seconds	0.0000000000 seconds
Iteration 42:	0.0016689301 seconds	0.0000000000 seconds
Iteration 43:	0.0015239716 seconds	0.0000000000 seconds
Iteration 43:	0.0015239716 seconds	0.0000000000 seconds
Iteration 44:	0.0016558170 seconds	0.0000000000 seconds
Iteration 44:	0.0016558170 seconds	0.0000000000 seconds
Iteration 45:	0.0015439987 seconds	0.0000000000 seconds
Iteration 45:	0.0015439987 seconds	0.0000000000 seconds
Iteration 46:	0.0016608238 seconds	0.0000000000 seconds
Iteration 46:	0.0016598701 seconds	0.0000009537 seconds
Iteration 47:	0.0015239716 seconds	0.0000000000 seconds
Iteration 47:	0.0015239716 seconds	0.0000000000 seconds
Iteration 48:	0.0016469955 seconds	0.0000000000 seconds
Iteration 48:	0.0016479492 seconds	0.0000000000 seconds
Iteration 49:	0.0015277863 seconds	0.0000000000 seconds
Iteration 49:	0.0015301704 seconds	0.0000000000 seconds
Iteration 50:	0.0016500950 seconds	0.0000000000 seconds
Iteration 50:	0.0016500950 seconds	0.0000000000 seconds
Iteration 51:	0.0015230179 seconds	0.0000000000 seconds
Iteration 51:	0.0015230179 seconds	0.0000000000 seconds
Iteration 52:	0.0016388893 seconds	0.0000000000 seconds
Iteration 52:	0.0016388893 seconds	0.0000000000 seconds
Iteration 53:	0.0015289783 seconds	0.0000000000 seconds
Iteration 53:	0.0015289783 seconds	0.0000000000 seconds
Iteration 54:	0.0016448498 seconds	0.0000000000 seconds
Iteration 54:	0.0016448498 seconds	0.0000000000 seconds
Iteration 55:	0.0015270710 seconds	0.0000000000 seconds
Iteration 55:	0.0015270710 seconds	0.0000009537 seconds
Iteration 56:	0.0016508102 seconds	0.0000000000 seconds
Iteration 56:	0.0016508102 seconds	0.0000000000 seconds
Iteration 57:	0.0015289783 seconds	0.0000000000 seconds
Iteration 57:	0.0015289783 seconds	0.0000000000 seconds
Iteration 58:	0.0016458035 seconds	0.0000000000 seconds
Iteration 58:	0.0016458035 seconds	0.0000000000 seconds
Iteration 59:	0.0015349388 seconds	0.0000000000 seconds
Iteration 59:	0.0015349388 seconds	0.0000000000 seconds
Total computation time was: 0.096625		Average frame time was: 0.001607		Average Particle interations per second were: 573609824.584313
