[ -1:000]                : Rank 0 is running on comet-11-60.sdsc.edu
[  0:001] init_pprintf   : My dest: 1	My source: 2	My_num_part: 10720
Initalizing particles linear on 0 to 10720
[ -1:000]                : Rank 1 is running on comet-11-64.sdsc.edu
[  1:001] init_pprintf   : My dest: 2	My source: 0	My_num_part: 10720
Initalizing particles linear on 10720 to 21440
[ -1:000]                : Rank 2 is running on comet-11-67.sdsc.edu
[  2:001] init_pprintf   : My dest: 0	My source: 1	My_num_part: 10720
Initalizing particles linear on 21440 to 32160
Iteration 0:	0.4777669907 seconds	0.0000000000 seconds
Iteration 0:	0.5163199902 seconds	0.0000000000 seconds
Iteration 0:	0.4754350185 seconds	0.0000000000 seconds
Iteration 1:	0.4173150063 seconds	0.0000000000 seconds
Iteration 1:	0.4172730446 seconds	0.0000000000 seconds
Iteration 1:	0.4172799587 seconds	0.0000000000 seconds
Iteration 2:	0.4616038799 seconds	0.0000000000 seconds
Iteration 2:	0.4615740776 seconds	0.0000000000 seconds
Iteration 2:	0.4615800381 seconds	0.0000000000 seconds
Iteration 3:	0.4171700478 seconds	0.0000000000 seconds
Iteration 3:	0.4171390533 seconds	0.0000000000 seconds
Iteration 3:	0.4171309471 seconds	0.0000000000 seconds
Iteration 4:	0.4642999172 seconds	0.0000000000 seconds
Iteration 4:	0.4642798901 seconds	0.0000000000 seconds
Iteration 4:	0.4642729759 seconds	0.0000000000 seconds
Iteration 5:	0.4202721119 seconds	0.0000000000 seconds
Iteration 5:	0.4202709198 seconds	0.0000009537 seconds
Iteration 5:	0.4202711582 seconds	0.0000009537 seconds
Iteration 6:	0.4617121220 seconds	0.0000000000 seconds
Iteration 6:	0.4616749287 seconds	0.0000000000 seconds
Iteration 6:	0.4616830349 seconds	0.0000000000 seconds
Iteration 7:	0.4173948765 seconds	0.0000000000 seconds
Iteration 7:	0.4173669815 seconds	0.0000000000 seconds
Iteration 7:	0.4173710346 seconds	0.0000000000 seconds
Iteration 8:	0.4616169930 seconds	0.0000000000 seconds
Iteration 8:	0.4615740776 seconds	0.0000000000 seconds
Iteration 8:	0.4615848064 seconds	0.0000000000 seconds
Iteration 9:	0.4175050259 seconds	0.0000000000 seconds
Iteration 9:	0.4174671173 seconds	0.0000000000 seconds
Iteration 9:	0.4174771309 seconds	0.0000000000 seconds
Iteration 10:	0.4637169838 seconds	0.0000000000 seconds
Iteration 10:	0.4637150764 seconds	0.0000000000 seconds
Iteration 10:	0.4637148380 seconds	0.0000000000 seconds
Iteration 11:	0.4173319340 seconds	0.0000000000 seconds
Iteration 11:	0.4173109531 seconds	0.0000000000 seconds
Iteration 11:	0.4173080921 seconds	0.0000009537 seconds
Iteration 12:	0.4616999626 seconds	0.0000000000 seconds
Iteration 12:	0.4616770744 seconds	0.0000000000 seconds
Iteration 12:	0.4616768360 seconds	0.0000000000 seconds
Iteration 13:	0.4173269272 seconds	0.0000000000 seconds
Iteration 13:	0.4172859192 seconds	0.0000000000 seconds
Iteration 13:	0.4172978401 seconds	0.0000000000 seconds
Iteration 14:	0.4689369202 seconds	0.0000000000 seconds
Iteration 14:	0.4689028263 seconds	0.0000000000 seconds
Iteration 14:	0.4688980579 seconds	0.0000000000 seconds
Iteration 15:	0.4181330204 seconds	0.0000000000 seconds
Iteration 15:	0.4181339741 seconds	0.0000000000 seconds
Iteration 15:	0.4181320667 seconds	0.0000000000 seconds
Iteration 16:	0.4617421627 seconds	0.0000000000 seconds
Iteration 16:	0.4617059231 seconds	0.0000000000 seconds
Iteration 16:	0.4617028236 seconds	0.0000000000 seconds
Iteration 17:	0.4173870087 seconds	0.0000000000 seconds
Iteration 17:	0.4174370766 seconds	0.0000000000 seconds
Iteration 17:	0.4174020290 seconds	0.0000000000 seconds
Iteration 18:	0.4616458416 seconds	0.0000011921 seconds
Iteration 18:	0.4616200924 seconds	0.0000000000 seconds
Iteration 18:	0.4616310596 seconds	0.0000000000 seconds
Iteration 19:	0.4193019867 seconds	0.0000000000 seconds
Iteration 19:	0.4192769527 seconds	0.0000000000 seconds
Iteration 19:	0.4192869663 seconds	0.0000000000 seconds
Iteration 20:	0.4685139656 seconds	0.0000000000 seconds
Iteration 20:	0.4685139656 seconds	0.0000000000 seconds
Iteration 20:	0.4685139656 seconds	0.0000000000 seconds
Iteration 21:	0.4170749187 seconds	0.0000000000 seconds
Iteration 21:	0.4170470238 seconds	0.0000000000 seconds
Iteration 21:	0.4170498848 seconds	0.0000000000 seconds
Iteration 22:	0.4617400169 seconds	0.0000000000 seconds
Iteration 22:	0.4617068768 seconds	0.0000000000 seconds
Iteration 22:	0.4617071152 seconds	0.0000000000 seconds
Iteration 23:	0.4173340797 seconds	0.0000000000 seconds
Iteration 23:	0.4172978401 seconds	0.0000000000 seconds
Iteration 23:	0.4172999859 seconds	0.0000000000 seconds
Iteration 24:	0.4641618729 seconds	0.0000000000 seconds
Iteration 24:	0.4641268253 seconds	0.0000000000 seconds
Iteration 24:	0.4641149044 seconds	0.0000009537 seconds
Iteration 25:	0.4165899754 seconds	0.0000000000 seconds
Iteration 25:	0.4165930748 seconds	0.0000009537 seconds
Iteration 25:	0.4165921211 seconds	0.0000000000 seconds
Iteration 26:	0.4614591599 seconds	0.0000000000 seconds
Iteration 26:	0.4614222050 seconds	0.0000000000 seconds
Iteration 26:	0.4614310265 seconds	0.0000000000 seconds
Iteration 27:	0.4172527790 seconds	0.0000000000 seconds
Iteration 27:	0.4172141552 seconds	0.0000000000 seconds
Iteration 27:	0.4172258377 seconds	0.0000009537 seconds
Iteration 28:	0.4624640942 seconds	0.0000009537 seconds
Iteration 28:	0.4624340534 seconds	0.0000000000 seconds
Iteration 28:	0.4624330997 seconds	0.0000000000 seconds
Iteration 29:	0.4178237915 seconds	0.0000000000 seconds
Total computation time was: 13.267238		Average frame time was: 0.442230		Average Particle interations per second were: 2338750875.283871
Iteration 29:	0.4177999496 seconds	0.0000000000 seconds
Iteration 29:	0.4177968502 seconds	0.0000000000 seconds
