[ -1:000]                : Rank 1 is running on comet-26-08.sdsc.edu
[  1:001] init_pprintf   : My dest: 0	My source: 0	My_num_part: 480
[ -1:000]                : Rank 0 is running on comet-26-08.sdsc.edu
[  0:001] init_pprintf   : My dest: 1	My source: 1	My_num_part: 480
Initalizing particles linear on 0 to 480
Initalizing particles linear on 480 to 960
Iteration 0:	0.0055229664 seconds	0.0000000000 seconds
Iteration 0:	0.0053880215 seconds	0.0000000000 seconds
Iteration 1:	0.0048301220 seconds	0.0000000000 seconds
Iteration 1:	0.0048301220 seconds	0.0000000000 seconds
Iteration 2:	0.0053379536 seconds	0.0000000000 seconds
Iteration 2:	0.0053389072 seconds	0.0000000000 seconds
Iteration 3:	0.0048229694 seconds	0.0000000000 seconds
Iteration 3:	0.0048229694 seconds	0.0000000000 seconds
Iteration 4:	0.0053441525 seconds	0.0000000000 seconds
Iteration 4:	0.0053441525 seconds	0.0000000000 seconds
Iteration 5:	0.0048210621 seconds	0.0000000000 seconds
Iteration 5:	0.0048210621 seconds	0.0000000000 seconds
Iteration 6:	0.0053219795 seconds	0.0000000000 seconds
Iteration 6:	0.0053219795 seconds	0.0000000000 seconds
Iteration 7:	0.0048060417 seconds	0.0000000000 seconds
Iteration 7:	0.0048060417 seconds	0.0000000000 seconds
Iteration 8:	0.0053238869 seconds	0.0000000000 seconds
Iteration 8:	0.0053229332 seconds	0.0000000000 seconds
Iteration 9:	0.0048060417 seconds	0.0000000000 seconds
Iteration 9:	0.0048050880 seconds	0.0000000000 seconds
Iteration 10:	0.0053272247 seconds	0.0000000000 seconds
Iteration 10:	0.0053272247 seconds	0.0000000000 seconds
Iteration 11:	0.0048041344 seconds	0.0000000000 seconds
Iteration 11:	0.0048050880 seconds	0.0000000000 seconds
Iteration 12:	0.0053529739 seconds	0.0000000000 seconds
Iteration 12:	0.0053539276 seconds	0.0000000000 seconds
Iteration 13:	0.0048038960 seconds	0.0000000000 seconds
Iteration 13:	0.0048029423 seconds	0.0000000000 seconds
Iteration 14:	0.0053250790 seconds	0.0000000000 seconds
Iteration 14:	0.0053260326 seconds	0.0000000000 seconds
Iteration 15:	0.0048050880 seconds	0.0000000000 seconds
Iteration 15:	0.0048050880 seconds	0.0000000000 seconds
Iteration 16:	0.0053260326 seconds	0.0000000000 seconds
Iteration 16:	0.0053260326 seconds	0.0000000000 seconds
Iteration 17:	0.0048139095 seconds	0.0000000000 seconds
Iteration 17:	0.0048151016 seconds	0.0000000000 seconds
Iteration 18:	0.0053269863 seconds	0.0000000000 seconds
Iteration 18:	0.0053269863 seconds	0.0000000000 seconds
Iteration 19:	0.0048089027 seconds	0.0000000000 seconds
Iteration 19:	0.0048079491 seconds	0.0000000000 seconds
Iteration 20:	0.0053279400 seconds	0.0000000000 seconds
Iteration 20:	0.0053279400 seconds	0.0000000000 seconds
Iteration 21:	0.0048110485 seconds	0.0000000000 seconds
Iteration 21:	0.0048120022 seconds	0.0000000000 seconds
Iteration 22:	0.0053250790 seconds	0.0000000000 seconds
Iteration 22:	0.0053250790 seconds	0.0000009537 seconds
Iteration 23:	0.0048110485 seconds	0.0000000000 seconds
Iteration 23:	0.0048110485 seconds	0.0000000000 seconds
Iteration 24:	0.0053269863 seconds	0.0000000000 seconds
Iteration 24:	0.0053260326 seconds	0.0000000000 seconds
Iteration 25:	0.0050008297 seconds	0.0000000000 seconds
Iteration 25:	0.0049998760 seconds	0.0000000000 seconds
Iteration 26:	0.0053229332 seconds	0.0000000000 seconds
Iteration 26:	0.0053229332 seconds	0.0000000000 seconds
Iteration 27:	0.0048100948 seconds	0.0000000000 seconds
Iteration 27:	0.0048110485 seconds	0.0000000000 seconds
Iteration 28:	0.0053241253 seconds	0.0000000000 seconds
Iteration 28:	0.0053250790 seconds	0.0000000000 seconds
Iteration 29:	0.0048120022 seconds	0.0000000000 seconds
Iteration 29:	0.0048120022 seconds	0.0000000000 seconds
Iteration 30:	0.0053269863 seconds	0.0000000000 seconds
Iteration 30:	0.0053260326 seconds	0.0000000000 seconds
Iteration 31:	0.0048069954 seconds	0.0000000000 seconds
Iteration 31:	0.0048069954 seconds	0.0000000000 seconds
Iteration 32:	0.0053210258 seconds	0.0000000000 seconds
Iteration 32:	0.0053210258 seconds	0.0000000000 seconds
Iteration 33:	0.0048091412 seconds	0.0000000000 seconds
Iteration 33:	0.0048091412 seconds	0.0000000000 seconds
Iteration 34:	0.0053229332 seconds	0.0000000000 seconds
Iteration 34:	0.0053238869 seconds	0.0000000000 seconds
Iteration 35:	0.0048110485 seconds	0.0000000000 seconds
Iteration 35:	0.0048100948 seconds	0.0000000000 seconds
Iteration 36:	0.0053231716 seconds	0.0000000000 seconds
Iteration 36:	0.0053219795 seconds	0.0000000000 seconds
Iteration 37:	0.0048151016 seconds	0.0000000000 seconds
Iteration 37:	0.0048139095 seconds	0.0000000000 seconds
Iteration 38:	0.0053229332 seconds	0.0000000000 seconds
Iteration 38:	0.0053238869 seconds	0.0000000000 seconds
Iteration 39:	0.0048439503 seconds	0.0000009537 seconds
Iteration 39:	0.0048451424 seconds	0.0000000000 seconds
Iteration 40:	0.0054299831 seconds	0.0000000000 seconds
Iteration 40:	0.0054309368 seconds	0.0000000000 seconds
Iteration 41:	0.0049149990 seconds	0.0000000000 seconds
Iteration 41:	0.0049159527 seconds	0.0000000000 seconds
Iteration 42:	0.0053579807 seconds	0.0000000000 seconds
Iteration 42:	0.0053589344 seconds	0.0000000000 seconds
Iteration 43:	0.0048110485 seconds	0.0000000000 seconds
Iteration 43:	0.0048120022 seconds	0.0000000000 seconds
Iteration 44:	0.0053281784 seconds	0.0000000000 seconds
Iteration 44:	0.0053281784 seconds	0.0000000000 seconds
Iteration 45:	0.0048069954 seconds	0.0000000000 seconds
Iteration 45:	0.0048069954 seconds	0.0000000000 seconds
Iteration 46:	0.0053291321 seconds	0.0000000000 seconds
Iteration 46:	0.0053281784 seconds	0.0000000000 seconds
Iteration 47:	0.0048038960 seconds	0.0000000000 seconds
Iteration 47:	0.0048038960 seconds	0.0000000000 seconds
Iteration 48:	0.0053238869 seconds	0.0000000000 seconds
Iteration 48:	0.0053248405 seconds	0.0000000000 seconds
Iteration 49:	0.0048079491 seconds	0.0000000000 seconds
Iteration 49:	0.0048079491 seconds	0.0000000000 seconds
Iteration 50:	0.0053219795 seconds	0.0000000000 seconds
Iteration 50:	0.0053219795 seconds	0.0000000000 seconds
Iteration 51:	0.0048091412 seconds	0.0000000000 seconds
Iteration 51:	0.0048100948 seconds	0.0000000000 seconds
Iteration 52:	0.0053238869 seconds	0.0000000000 seconds
Iteration 52:	0.0053238869 seconds	0.0000000000 seconds
Iteration 53:	0.0048089027 seconds	0.0000000000 seconds
Iteration 53:	0.0048089027 seconds	0.0000000000 seconds
Iteration 54:	0.0053260326 seconds	0.0000000000 seconds
Iteration 54:	0.0053250790 seconds	0.0000000000 seconds
Iteration 55:	0.0048069954 seconds	0.0000000000 seconds
Iteration 55:	0.0048089027 seconds	0.0000000000 seconds
Iteration 56:	0.0053210258 seconds	0.0000000000 seconds
Iteration 56:	0.0053210258 seconds	0.0000000000 seconds
Iteration 57:	0.0048048496 seconds	0.0000000000 seconds
Iteration 57:	0.0048058033 seconds	0.0000000000 seconds
Iteration 58:	0.0053219795 seconds	0.0000000000 seconds
Iteration 58:	0.0053210258 seconds	0.0000000000 seconds
Iteration 59:	0.0048129559 seconds	0.0000000000 seconds
Iteration 59:	0.0048139095 seconds	0.0000000000 seconds
Total computation time was: 0.305048		Average frame time was: 0.005080		Average Particle interations per second were: 181427520.732944
