[ -1:000]                : Rank 7 is running on comet-07-71.sdsc.edu
[ -1:000]                : Rank 9 is running on comet-07-71.sdsc.edu
[ -1:000]                : Rank 5 is running on comet-07-71.sdsc.edu
[  5:001] init_pprintf   : My dest: 6	My source: 4	My_num_part: 40
[  9:001] init_pprintf   : My dest: 10	My source: 8	My_num_part: 40
[  7:001] init_pprintf   : My dest: 8	My source: 6	My_num_part: 40
[ -1:000]                : Rank 3 is running on comet-07-71.sdsc.edu
[  3:001] init_pprintf   : My dest: 4	My source: 2	My_num_part: 40
[ -1:000]                : Rank 1 is running on comet-07-71.sdsc.edu
[ -1:000]                : Rank 11 is running on comet-07-71.sdsc.edu
[  1:001] init_pprintf   : My dest: 2	My source: 0	My_num_part: 40
[ 11:001] init_pprintf   : My dest: 0	My source: 10	My_num_part: 40
[ -1:000]                : Rank 10 is running on comet-07-71.sdsc.edu
[ -1:000]                : Rank 8 is running on comet-07-71.sdsc.edu
[ -1:000]                : Rank 2 is running on comet-07-71.sdsc.edu
[ -1:000]                : Rank 6 is running on comet-07-71.sdsc.edu
[ -1:000]                : Rank 0 is running on comet-07-71.sdsc.edu
[ 10:001] init_pprintf   : My dest: 11	My source: 9	My_num_part: 40
[  8:001] init_pprintf   : My dest: 9	My source: 7	My_num_part: 40
[  2:001] init_pprintf   : My dest: 3	My source: 1	My_num_part: 40
[  6:001] init_pprintf   : My dest: 7	My source: 5	My_num_part: 40
[ -1:000]                : Rank 4 is running on comet-07-71.sdsc.edu
[  0:001] init_pprintf   : My dest: 1	My source: 11	My_num_part: 40
[  4:001] init_pprintf   : My dest: 5	My source: 3	My_num_part: 40
Initalizing particles linear on 440 to 480
Initalizing particles linear on 280 to 320
Initalizing particles linear on 200 to 240
Initalizing particles linear on 360 to 400
Initalizing particles linear on 120 to 160
Initalizing particles linear on 40 to 80
Initalizing particles linear on 400 to 440
Initalizing particles linear on 320 to 360
Initalizing particles linear on 80 to 120
Initalizing particles linear on 160 to 200
Initalizing particles linear on 0 to 40
Initalizing particles linear on 240 to 280
Iteration 0:	0.0003910065 seconds	0.0000000000 seconds
Iteration 0:	0.0003859997 seconds	0.0000000000 seconds
Iteration 0:	0.0003390312 seconds	0.0000000000 seconds
Iteration 0:	0.0003321171 seconds	0.0000000000 seconds
Iteration 0:	0.0004000664 seconds	0.0000000000 seconds
Iteration 0:	0.0003499985 seconds	0.0000000000 seconds
Iteration 0:	0.0004079342 seconds	0.0000000000 seconds
Iteration 0:	0.0003519058 seconds	0.0000009537 seconds
Iteration 0:	0.0004179478 seconds	0.0000000000 seconds
Iteration 0:	0.0003659725 seconds	0.0000000000 seconds
Iteration 0:	0.0003690720 seconds	0.0000000000 seconds
Iteration 0:	0.0004251003 seconds	0.0000000000 seconds
Iteration 1:	0.0002851486 seconds	0.0000000000 seconds
Iteration 1:	0.0002839565 seconds	0.0000000000 seconds
Iteration 1:	0.0002930164 seconds	0.0000000000 seconds
Iteration 1:	0.0002908707 seconds	0.0000000000 seconds
Iteration 1:	0.0002939701 seconds	0.0000000000 seconds
Iteration 1:	0.0002927780 seconds	0.0000000000 seconds
Iteration 1:	0.0002930164 seconds	0.0000000000 seconds
Iteration 1:	0.0002920628 seconds	0.0000000000 seconds
Iteration 1:	0.0002899170 seconds	0.0000000000 seconds
Iteration 1:	0.0002880096 seconds	0.0000000000 seconds
Iteration 1:	0.0002858639 seconds	0.0000000000 seconds
Iteration 1:	0.0002849102 seconds	0.0000000000 seconds
Iteration 2:	0.0003130436 seconds	0.0000000000 seconds
Iteration 2:	0.0003139973 seconds	0.0000000000 seconds
Iteration 2:	0.0003159046 seconds	0.0000000000 seconds
Iteration 2:	0.0003168583 seconds	0.0000000000 seconds
Iteration 2:	0.0003170967 seconds	0.0000000000 seconds
Iteration 2:	0.0003199577 seconds	0.0000000000 seconds
Iteration 2:	0.0003199577 seconds	0.0000000000 seconds
Iteration 2:	0.0003221035 seconds	0.0000000000 seconds
Iteration 2:	0.0003228188 seconds	0.0000000000 seconds
Iteration 2:	0.0003240108 seconds	0.0000000000 seconds
Iteration 2:	0.0003249645 seconds	0.0000000000 seconds
Iteration 2:	0.0003249645 seconds	0.0000000000 seconds
Iteration 3:	0.0002951622 seconds	0.0000000000 seconds
Iteration 3:	0.0002989769 seconds	0.0000000000 seconds
Iteration 3:	0.0002958775 seconds	0.0000000000 seconds
Iteration 3:	0.0002930164 seconds	0.0000000000 seconds
Iteration 3:	0.0002918243 seconds	0.0000000000 seconds
Iteration 3:	0.0002899170 seconds	0.0000000000 seconds
Iteration 3:	0.0002889633 seconds	0.0000000000 seconds
Iteration 3:	0.0002889633 seconds	0.0000000000 seconds
Iteration 3:	0.0002880096 seconds	0.0000000000 seconds
Iteration 3:	0.0002849102 seconds	0.0000000000 seconds
Iteration 3:	0.0002839565 seconds	0.0000000000 seconds
Iteration 3:	0.0002830029 seconds	0.0000000000 seconds
Iteration 4:	0.0003049374 seconds	0.0000000000 seconds
Iteration 4:	0.0003101826 seconds	0.0000000000 seconds
Iteration 4:	0.0003130436 seconds	0.0000000000 seconds
Iteration 4:	0.0003139973 seconds	0.0000000000 seconds
Iteration 4:	0.0003149509 seconds	0.0000000000 seconds
Iteration 4:	0.0003159046 seconds	0.0000000000 seconds
Iteration 4:	0.0003190041 seconds	0.0000000000 seconds
Iteration 4:	0.0003190041 seconds	0.0000000000 seconds
Iteration 4:	0.0003199577 seconds	0.0000000000 seconds
Iteration 4:	0.0003228188 seconds	0.0000000000 seconds
Iteration 4:	0.0003240108 seconds	0.0000000000 seconds
Iteration 4:	0.0003230572 seconds	0.0000000000 seconds
Iteration 5:	0.0002980232 seconds	0.0000000000 seconds
Iteration 5:	0.0002970695 seconds	0.0000000000 seconds
Iteration 5:	0.0002970695 seconds	0.0000000000 seconds
Iteration 5:	0.0002949238 seconds	0.0000000000 seconds
Iteration 5:	0.0002968311 seconds	0.0000000000 seconds
Iteration 5:	0.0002939701 seconds	0.0000000000 seconds
Iteration 5:	0.0002920628 seconds	0.0000000000 seconds
Iteration 5:	0.0002920628 seconds	0.0000000000 seconds
Iteration 5:	0.0002908707 seconds	0.0000000000 seconds
Iteration 5:	0.0002889633 seconds	0.0000000000 seconds
Iteration 5:	0.0002858639 seconds	0.0000000000 seconds
Iteration 5:	0.0002868176 seconds	0.0000000000 seconds
Iteration 6:	0.0003089905 seconds	0.0000000000 seconds
Iteration 6:	0.0003089905 seconds	0.0000000000 seconds
Iteration 6:	0.0003130436 seconds	0.0000000000 seconds
Iteration 6:	0.0003149509 seconds	0.0000011921 seconds
Iteration 6:	0.0003108978 seconds	0.0000000000 seconds
Iteration 6:	0.0003139973 seconds	0.0000000000 seconds
Iteration 6:	0.0003159046 seconds	0.0000000000 seconds
Iteration 6:	0.0003170967 seconds	0.0000000000 seconds
Iteration 6:	0.0003180504 seconds	0.0000000000 seconds
Iteration 6:	0.0003201962 seconds	0.0000000000 seconds
Iteration 6:	0.0003190041 seconds	0.0000000000 seconds
Iteration 6:	0.0003199577 seconds	0.0000000000 seconds
Iteration 7:	0.0002908707 seconds	0.0000000000 seconds
Iteration 7:	0.0002899170 seconds	0.0000000000 seconds
Iteration 7:	0.0002889633 seconds	0.0000000000 seconds
Iteration 7:	0.0002870560 seconds	0.0000000000 seconds
Iteration 7:	0.0002889633 seconds	0.0000000000 seconds
Iteration 7:	0.0002858639 seconds	0.0000000000 seconds
Iteration 7:	0.0002851486 seconds	0.0000000000 seconds
Iteration 7:	0.0002839565 seconds	0.0000000000 seconds
Iteration 7:	0.0002830029 seconds	0.0000000000 seconds
Iteration 7:	0.0002810955 seconds	0.0000000000 seconds
Iteration 7:	0.0002789497 seconds	0.0000000000 seconds
Iteration 7:	0.0002789497 seconds	0.0000000000 seconds
Iteration 8:	0.0003030300 seconds	0.0000000000 seconds
Iteration 8:	0.0003070831 seconds	0.0000000000 seconds
Iteration 8:	0.0003070831 seconds	0.0000000000 seconds
Iteration 8:	0.0003080368 seconds	0.0000000000 seconds
Iteration 8:	0.0003080368 seconds	0.0000000000 seconds
Iteration 8:	0.0003108978 seconds	0.0000000000 seconds
Iteration 8:	0.0003120899 seconds	0.0000000000 seconds
Iteration 8:	0.0003130436 seconds	0.0000000000 seconds
Iteration 8:	0.0003139973 seconds	0.0000000000 seconds
Iteration 8:	0.0003149509 seconds	0.0000000000 seconds
Iteration 8:	0.0003218651 seconds	0.0000000000 seconds
Iteration 8:	0.0003228188 seconds	0.0000000000 seconds
Iteration 9:	0.0002970695 seconds	0.0000000000 seconds
Iteration 9:	0.0002939701 seconds	0.0000000000 seconds
Iteration 9:	0.0002949238 seconds	0.0000000000 seconds
Iteration 9:	0.0002930164 seconds	0.0000000000 seconds
Iteration 9:	0.0002930164 seconds	0.0000000000 seconds
Iteration 9:	0.0002889633 seconds	0.0000000000 seconds
Iteration 9:	0.0002901554 seconds	0.0000000000 seconds
Iteration 9:	0.0002911091 seconds	0.0000009537 seconds
Iteration 9:	0.0002880096 seconds	0.0000000000 seconds
Iteration 9:	0.0002868176 seconds	0.0000000000 seconds
Iteration 9:	0.0002770424 seconds	0.0000000000 seconds
Iteration 9:	0.0002779961 seconds	0.0000009537 seconds
Iteration 10:	0.0003039837 seconds	0.0000000000 seconds
Iteration 10:	0.0003061295 seconds	0.0000000000 seconds
Iteration 10:	0.0003068447 seconds	0.0000000000 seconds
Iteration 10:	0.0003099442 seconds	0.0000000000 seconds
Iteration 10:	0.0003108978 seconds	0.0000000000 seconds
Iteration 10:	0.0003120899 seconds	0.0000000000 seconds
Iteration 10:	0.0003139973 seconds	0.0000000000 seconds
Iteration 10:	0.0003120899 seconds	0.0000009537 seconds
Iteration 10:	0.0003151894 seconds	0.0000000000 seconds
Iteration 10:	0.0003178120 seconds	0.0000000000 seconds
Iteration 10:	0.0003180504 seconds	0.0000000000 seconds
Iteration 10:	0.0003180504 seconds	0.0000000000 seconds
Iteration 11:	0.0002930164 seconds	0.0000000000 seconds
Iteration 11:	0.0002911091 seconds	0.0000000000 seconds
Iteration 11:	0.0002899170 seconds	0.0000000000 seconds
Iteration 11:	0.0002880096 seconds	0.0000000000 seconds
Iteration 11:	0.0002849102 seconds	0.0000000000 seconds
Iteration 11:	0.0002849102 seconds	0.0000000000 seconds
Iteration 11:	0.0002830029 seconds	0.0000000000 seconds
Iteration 11:	0.0002820492 seconds	0.0000000000 seconds
Iteration 11:	0.0002810955 seconds	0.0000000000 seconds
Iteration 11:	0.0002789497 seconds	0.0000000000 seconds
Iteration 11:	0.0002768040 seconds	0.0000000000 seconds
Iteration 11:	0.0002770424 seconds	0.0000000000 seconds
Iteration 12:	0.0003049374 seconds	0.0000000000 seconds
Iteration 12:	0.0003070831 seconds	0.0000000000 seconds
Iteration 12:	0.0003080368 seconds	0.0000000000 seconds
Iteration 12:	0.0003089905 seconds	0.0000000000 seconds
Iteration 12:	0.0003118515 seconds	0.0000000000 seconds
Iteration 12:	0.0003120899 seconds	0.0000000000 seconds
Iteration 12:	0.0003149509 seconds	0.0000000000 seconds
Iteration 12:	0.0003151894 seconds	0.0000000000 seconds
Iteration 12:	0.0003168583 seconds	0.0000000000 seconds
Iteration 12:	0.0003180504 seconds	0.0000000000 seconds
Iteration 12:	0.0003190041 seconds	0.0000000000 seconds
Iteration 12:	0.0003180504 seconds	0.0000009537 seconds
Iteration 13:	0.0002911091 seconds	0.0000000000 seconds
Iteration 13:	0.0002899170 seconds	0.0000000000 seconds
Iteration 13:	0.0002870560 seconds	0.0000000000 seconds
Iteration 13:	0.0002870560 seconds	0.0000000000 seconds
Iteration 13:	0.0002858639 seconds	0.0000000000 seconds
Iteration 13:	0.0002851486 seconds	0.0000000000 seconds
Iteration 13:	0.0002830029 seconds	0.0000000000 seconds
Iteration 13:	0.0002830029 seconds	0.0000000000 seconds
Iteration 13:	0.0002808571 seconds	0.0000000000 seconds
Iteration 13:	0.0002799034 seconds	0.0000000000 seconds
Iteration 13:	0.0002791882 seconds	0.0000000000 seconds
Iteration 13:	0.0002779961 seconds	0.0000000000 seconds
Iteration 14:	0.0003039837 seconds	0.0000000000 seconds
Iteration 14:	0.0003049374 seconds	0.0000000000 seconds
Iteration 14:	0.0003058910 seconds	0.0000000000 seconds
Iteration 14:	0.0003080368 seconds	0.0000000000 seconds
Iteration 14:	0.0003099442 seconds	0.0000000000 seconds
Iteration 14:	0.0003120899 seconds	0.0000000000 seconds
Iteration 14:	0.0003118515 seconds	0.0000000000 seconds
Iteration 14:	0.0003139973 seconds	0.0000000000 seconds
Iteration 14:	0.0003149509 seconds	0.0000000000 seconds
Iteration 14:	0.0003161430 seconds	0.0000000000 seconds
Iteration 14:	0.0003170967 seconds	0.0000000000 seconds
Iteration 14:	0.0003170967 seconds	0.0000000000 seconds
Iteration 15:	0.0002908707 seconds	0.0000000000 seconds
Iteration 15:	0.0002899170 seconds	0.0000000000 seconds
Iteration 15:	0.0002892017 seconds	0.0000000000 seconds
Iteration 15:	0.0002870560 seconds	0.0000000000 seconds
Iteration 15:	0.0002870560 seconds	0.0000000000 seconds
Iteration 15:	0.0002851486 seconds	0.0000000000 seconds
Iteration 15:	0.0002849102 seconds	0.0000000000 seconds
Iteration 15:	0.0002830029 seconds	0.0000000000 seconds
Iteration 15:	0.0002820492 seconds	0.0000000000 seconds
Iteration 15:	0.0002810955 seconds	0.0000000000 seconds
Iteration 15:	0.0002789497 seconds	0.0000000000 seconds
Iteration 15:	0.0002799034 seconds	0.0000000000 seconds
Iteration 16:	0.0003080368 seconds	0.0000000000 seconds
Iteration 16:	0.0003080368 seconds	0.0000000000 seconds
Iteration 16:	0.0003099442 seconds	0.0000000000 seconds
Iteration 16:	0.0003118515 seconds	0.0000000000 seconds
Iteration 16:	0.0003120899 seconds	0.0000000000 seconds
Iteration 16:	0.0003139973 seconds	0.0000000000 seconds
Iteration 16:	0.0003151894 seconds	0.0000000000 seconds
Iteration 16:	0.0003159046 seconds	0.0000000000 seconds
Iteration 16:	0.0003168583 seconds	0.0000000000 seconds
Iteration 16:	0.0003180504 seconds	0.0000000000 seconds
Iteration 16:	0.0003170967 seconds	0.0000000000 seconds
Iteration 16:	0.0003180504 seconds	0.0000000000 seconds
Iteration 17:	0.0002880096 seconds	0.0000000000 seconds
Iteration 17:	0.0002861023 seconds	0.0000000000 seconds
Iteration 17:	0.0002849102 seconds	0.0000000000 seconds
Iteration 17:	0.0002849102 seconds	0.0000000000 seconds
Iteration 17:	0.0002841949 seconds	0.0000000000 seconds
Iteration 17:	0.0002820492 seconds	0.0000000000 seconds
Iteration 17:	0.0002810955 seconds	0.0000000000 seconds
Iteration 17:	0.0002789497 seconds	0.0000000000 seconds
Iteration 17:	0.0002779961 seconds	0.0000000000 seconds
Iteration 17:	0.0002770424 seconds	0.0000000000 seconds
Iteration 17:	0.0002751350 seconds	0.0000000000 seconds
Iteration 17:	0.0002751350 seconds	0.0000000000 seconds
Iteration 18:	0.0003030300 seconds	0.0000000000 seconds
Iteration 18:	0.0003030300 seconds	0.0000000000 seconds
Iteration 18:	0.0003049374 seconds	0.0000000000 seconds
Iteration 18:	0.0003049374 seconds	0.0000000000 seconds
Iteration 18:	0.0003070831 seconds	0.0000000000 seconds
Iteration 18:	0.0003080368 seconds	0.0000000000 seconds
Iteration 18:	0.0003099442 seconds	0.0000000000 seconds
Iteration 18:	0.0003120899 seconds	0.0000000000 seconds
Iteration 18:	0.0003130436 seconds	0.0000000000 seconds
Iteration 18:	0.0003139973 seconds	0.0000000000 seconds
Iteration 18:	0.0003170967 seconds	0.0000000000 seconds
Iteration 18:	0.0003161430 seconds	0.0000000000 seconds
Iteration 19:	0.0002901554 seconds	0.0000000000 seconds
Iteration 19:	0.0002930164 seconds	0.0000000000 seconds
Iteration 19:	0.0002880096 seconds	0.0000009537 seconds
Iteration 19:	0.0002880096 seconds	0.0000000000 seconds
Iteration 19:	0.0002880096 seconds	0.0000000000 seconds
Iteration 19:	0.0002858639 seconds	0.0000000000 seconds
Iteration 19:	0.0002849102 seconds	0.0000000000 seconds
Iteration 19:	0.0002851486 seconds	0.0000000000 seconds
Iteration 19:	0.0002830029 seconds	0.0000000000 seconds
Iteration 19:	0.0002810955 seconds	0.0000000000 seconds
Iteration 19:	0.0002770424 seconds	0.0000000000 seconds
Iteration 19:	0.0002779961 seconds	0.0000000000 seconds
Iteration 20:	0.0003030300 seconds	0.0000000000 seconds
Iteration 20:	0.0003030300 seconds	0.0000000000 seconds
Iteration 20:	0.0003061295 seconds	0.0000000000 seconds
Iteration 20:	0.0003068447 seconds	0.0000000000 seconds
Iteration 20:	0.0003080368 seconds	0.0000000000 seconds
Iteration 20:	0.0003099442 seconds	0.0000000000 seconds
Iteration 20:	0.0003080368 seconds	0.0000000000 seconds
Iteration 20:	0.0003099442 seconds	0.0000000000 seconds
Iteration 20:	0.0003118515 seconds	0.0000000000 seconds
Iteration 20:	0.0003149509 seconds	0.0000000000 seconds
Iteration 20:	0.0003149509 seconds	0.0000000000 seconds
Iteration 20:	0.0003159046 seconds	0.0000000000 seconds
Iteration 21:	0.0002880096 seconds	0.0000000000 seconds
Iteration 21:	0.0002870560 seconds	0.0000000000 seconds
Iteration 21:	0.0002851486 seconds	0.0000000000 seconds
Iteration 21:	0.0002849102 seconds	0.0000000000 seconds
Iteration 21:	0.0002839565 seconds	0.0000000000 seconds
Iteration 21:	0.0002830029 seconds	0.0000000000 seconds
Iteration 21:	0.0002810955 seconds	0.0000000000 seconds
Iteration 21:	0.0002789497 seconds	0.0000000000 seconds
Iteration 21:	0.0002789497 seconds	0.0000000000 seconds
Iteration 21:	0.0002768040 seconds	0.0000000000 seconds
Iteration 21:	0.0002770424 seconds	0.0000000000 seconds
Iteration 21:	0.0002760887 seconds	0.0000000000 seconds
Iteration 22:	0.0003001690 seconds	0.0000000000 seconds
Iteration 22:	0.0003030300 seconds	0.0000000000 seconds
Iteration 22:	0.0003070831 seconds	0.0000000000 seconds
Iteration 22:	0.0003089905 seconds	0.0000000000 seconds
Iteration 22:	0.0003089905 seconds	0.0000000000 seconds
Iteration 22:	0.0003108978 seconds	0.0000000000 seconds
Iteration 22:	0.0003120899 seconds	0.0000000000 seconds
Iteration 22:	0.0003139973 seconds	0.0000000000 seconds
Iteration 22:	0.0003149509 seconds	0.0000000000 seconds
Iteration 22:	0.0003159046 seconds	0.0000000000 seconds
Iteration 22:	0.0003170967 seconds	0.0000000000 seconds
Iteration 22:	0.0003170967 seconds	0.0000000000 seconds
Iteration 23:	0.0003070831 seconds	0.0000000000 seconds
Iteration 23:	0.0003049374 seconds	0.0000000000 seconds
Iteration 23:	0.0002970695 seconds	0.0000000000 seconds
Iteration 23:	0.0002889633 seconds	0.0000000000 seconds
Iteration 23:	0.0003020763 seconds	0.0000009537 seconds
Iteration 23:	0.0002949238 seconds	0.0000000000 seconds
Iteration 23:	0.0002830029 seconds	0.0000000000 seconds
Iteration 23:	0.0002880096 seconds	0.0000000000 seconds
Iteration 23:	0.0002779961 seconds	0.0000000000 seconds
Iteration 23:	0.0002789497 seconds	0.0000000000 seconds
Iteration 23:	0.0002760887 seconds	0.0000000000 seconds
Iteration 23:	0.0002748966 seconds	0.0000000000 seconds
Iteration 24:	0.0002851486 seconds	0.0000000000 seconds
Iteration 24:	0.0002861023 seconds	0.0000009537 seconds
Iteration 24:	0.0002901554 seconds	0.0000000000 seconds
Iteration 24:	0.0002949238 seconds	0.0000000000 seconds
Iteration 24:	0.0002958775 seconds	0.0000000000 seconds
Iteration 24:	0.0003020763 seconds	0.0000000000 seconds
Iteration 24:	0.0003030300 seconds	0.0000000000 seconds
Iteration 24:	0.0003077984 seconds	0.0000000000 seconds
Iteration 24:	0.0003099442 seconds	0.0000000000 seconds
Iteration 24:	0.0003139973 seconds	0.0000000000 seconds
Iteration 24:	0.0003149509 seconds	0.0000011921 seconds
Iteration 24:	0.0003149509 seconds	0.0000000000 seconds
Iteration 25:	0.0002911091 seconds	0.0000000000 seconds
Iteration 25:	0.0002880096 seconds	0.0000000000 seconds
Iteration 25:	0.0002870560 seconds	0.0000000000 seconds
Iteration 25:	0.0002870560 seconds	0.0000000000 seconds
Iteration 25:	0.0002868176 seconds	0.0000000000 seconds
Iteration 25:	0.0002861023 seconds	0.0000000000 seconds
Iteration 25:	0.0002830029 seconds	0.0000000000 seconds
Iteration 25:	0.0002839565 seconds	0.0000000000 seconds
Iteration 25:	0.0002818108 seconds	0.0000000000 seconds
Iteration 25:	0.0002810955 seconds	0.0000000000 seconds
Iteration 25:	0.0002779961 seconds	0.0000000000 seconds
Iteration 25:	0.0002779961 seconds	0.0000000000 seconds
Iteration 26:	0.0003051758 seconds	0.0000000000 seconds
Iteration 26:	0.0003058910 seconds	0.0000000000 seconds
Iteration 26:	0.0003089905 seconds	0.0000000000 seconds
Iteration 26:	0.0003099442 seconds	0.0000000000 seconds
Iteration 26:	0.0003080368 seconds	0.0000000000 seconds
Iteration 26:	0.0003089905 seconds	0.0000000000 seconds
Iteration 26:	0.0003108978 seconds	0.0000000000 seconds
Iteration 26:	0.0003111362 seconds	0.0000000000 seconds
Iteration 26:	0.0003130436 seconds	0.0000000000 seconds
Iteration 26:	0.0003139973 seconds	0.0000000000 seconds
Iteration 26:	0.0003149509 seconds	0.0000000000 seconds
Iteration 26:	0.0003149509 seconds	0.0000000000 seconds
Iteration 27:	0.0002880096 seconds	0.0000000000 seconds
Iteration 27:	0.0002870560 seconds	0.0000000000 seconds
Iteration 27:	0.0002839565 seconds	0.0000000000 seconds
Iteration 27:	0.0002830029 seconds	0.0000000000 seconds
Iteration 27:	0.0002839565 seconds	0.0000000000 seconds
Iteration 27:	0.0002808571 seconds	0.0000000000 seconds
Iteration 27:	0.0002810955 seconds	0.0000000000 seconds
Iteration 27:	0.0002801418 seconds	0.0000000000 seconds
Iteration 27:	0.0002789497 seconds	0.0000000000 seconds
Iteration 27:	0.0002779961 seconds	0.0000000000 seconds
Iteration 27:	0.0002758503 seconds	0.0000000000 seconds
Iteration 27:	0.0002748966 seconds	0.0000000000 seconds
Iteration 28:	0.0002999306 seconds	0.0000000000 seconds
Iteration 28:	0.0003030300 seconds	0.0000000000 seconds
Iteration 28:	0.0003051758 seconds	0.0000000000 seconds
Iteration 28:	0.0003058910 seconds	0.0000000000 seconds
Iteration 28:	0.0003080368 seconds	0.0000000000 seconds
Iteration 28:	0.0003089905 seconds	0.0000000000 seconds
Iteration 28:	0.0003111362 seconds	0.0000000000 seconds
Iteration 28:	0.0003120899 seconds	0.0000000000 seconds
Iteration 28:	0.0003130436 seconds	0.0000009537 seconds
Iteration 28:	0.0003159046 seconds	0.0000000000 seconds
Iteration 28:	0.0003190041 seconds	0.0000000000 seconds
Iteration 28:	0.0003199577 seconds	0.0000000000 seconds
Iteration 29:	0.0002951622 seconds	0.0000000000 seconds
Iteration 29:	0.0002939701 seconds	0.0000000000 seconds
Iteration 29:	0.0002920628 seconds	0.0000000000 seconds
Iteration 29:	0.0002918243 seconds	0.0000000000 seconds
Iteration 29:	0.0002889633 seconds	0.0000000000 seconds
Iteration 29:	0.0002858639 seconds	0.0000000000 seconds
Iteration 29:	0.0002870560 seconds	0.0000000000 seconds
Iteration 29:	0.0002861023 seconds	0.0000000000 seconds
Iteration 29:	0.0002849102 seconds	0.0000000000 seconds
Iteration 29:	0.0002820492 seconds	0.0000000000 seconds
Iteration 29:	0.0002760887 seconds	0.0000000000 seconds
Iteration 29:	0.0002770424 seconds	0.0000000000 seconds
Iteration 30:	0.0003020763 seconds	0.0000000000 seconds
Iteration 30:	0.0003030300 seconds	0.0000000000 seconds
Iteration 30:	0.0003039837 seconds	0.0000000000 seconds
Iteration 30:	0.0003049374 seconds	0.0000000000 seconds
Iteration 30:	0.0003080368 seconds	0.0000000000 seconds
Iteration 30:	0.0003089905 seconds	0.0000000000 seconds
Iteration 30:	0.0003101826 seconds	0.0000000000 seconds
Iteration 30:	0.0003099442 seconds	0.0000000000 seconds
Iteration 30:	0.0003108978 seconds	0.0000000000 seconds
Iteration 30:	0.0003139973 seconds	0.0000000000 seconds
Iteration 30:	0.0003149509 seconds	0.0000000000 seconds
Iteration 30:	0.0003149509 seconds	0.0000000000 seconds
Iteration 31:	0.0002892017 seconds	0.0000000000 seconds
Iteration 31:	0.0002870560 seconds	0.0000000000 seconds
Iteration 31:	0.0002861023 seconds	0.0000000000 seconds
Iteration 31:	0.0002858639 seconds	0.0000000000 seconds
Iteration 31:	0.0002830029 seconds	0.0000000000 seconds
Iteration 31:	0.0002830029 seconds	0.0000000000 seconds
Iteration 31:	0.0002810955 seconds	0.0000000000 seconds
Iteration 31:	0.0002799034 seconds	0.0000000000 seconds
Iteration 31:	0.0002789497 seconds	0.0000000000 seconds
Iteration 31:	0.0002770424 seconds	0.0000000000 seconds
Iteration 31:	0.0002760887 seconds	0.0000000000 seconds
Iteration 31:	0.0002760887 seconds	0.0000000000 seconds
Iteration 32:	0.0003030300 seconds	0.0000000000 seconds
Iteration 32:	0.0003049374 seconds	0.0000000000 seconds
Iteration 32:	0.0003049374 seconds	0.0000000000 seconds
Iteration 32:	0.0003070831 seconds	0.0000000000 seconds
Iteration 32:	0.0003089905 seconds	0.0000000000 seconds
Iteration 32:	0.0003099442 seconds	0.0000000000 seconds
Iteration 32:	0.0003120899 seconds	0.0000000000 seconds
Iteration 32:	0.0003139973 seconds	0.0000000000 seconds
Iteration 32:	0.0003139973 seconds	0.0000000000 seconds
Iteration 32:	0.0003159046 seconds	0.0000000000 seconds
Iteration 32:	0.0003170967 seconds	0.0000000000 seconds
Iteration 32:	0.0003170967 seconds	0.0000000000 seconds
Iteration 33:	0.0002892017 seconds	0.0000000000 seconds
Iteration 33:	0.0002880096 seconds	0.0000000000 seconds
Iteration 33:	0.0002870560 seconds	0.0000000000 seconds
Iteration 33:	0.0002858639 seconds	0.0000000000 seconds
Iteration 33:	0.0002851486 seconds	0.0000000000 seconds
Iteration 33:	0.0002820492 seconds	0.0000000000 seconds
Iteration 33:	0.0002820492 seconds	0.0000000000 seconds
Iteration 33:	0.0002799034 seconds	0.0000000000 seconds
Iteration 33:	0.0002799034 seconds	0.0000000000 seconds
Iteration 33:	0.0002779961 seconds	0.0000000000 seconds
Iteration 33:	0.0002760887 seconds	0.0000009537 seconds
Iteration 33:	0.0002770424 seconds	0.0000000000 seconds
Iteration 34:	0.0003030300 seconds	0.0000000000 seconds
Iteration 34:	0.0003039837 seconds	0.0000000000 seconds
Iteration 34:	0.0003049374 seconds	0.0000000000 seconds
Iteration 34:	0.0003058910 seconds	0.0000000000 seconds
Iteration 34:	0.0003070831 seconds	0.0000000000 seconds
Iteration 34:	0.0003089905 seconds	0.0000000000 seconds
Iteration 34:	0.0003099442 seconds	0.0000000000 seconds
Iteration 34:	0.0003108978 seconds	0.0000000000 seconds
Iteration 34:	0.0003130436 seconds	0.0000000000 seconds
Iteration 34:	0.0003139973 seconds	0.0000000000 seconds
Iteration 34:	0.0003149509 seconds	0.0000000000 seconds
Iteration 34:	0.0003149509 seconds	0.0000000000 seconds
Iteration 35:	0.0002892017 seconds	0.0000000000 seconds
Iteration 35:	0.0002880096 seconds	0.0000000000 seconds
Iteration 35:	0.0002861023 seconds	0.0000000000 seconds
Iteration 35:	0.0002858639 seconds	0.0000000000 seconds
Iteration 35:	0.0002861023 seconds	0.0000000000 seconds
Iteration 35:	0.0002849102 seconds	0.0000000000 seconds
Iteration 35:	0.0002880096 seconds	0.0000000000 seconds
Iteration 35:	0.0002839565 seconds	0.0000000000 seconds
Iteration 35:	0.0002808571 seconds	0.0000000000 seconds
Iteration 35:	0.0002791882 seconds	0.0000000000 seconds
Iteration 35:	0.0002779961 seconds	0.0000000000 seconds
Iteration 35:	0.0002779961 seconds	0.0000000000 seconds
Iteration 36:	0.0003049374 seconds	0.0000000000 seconds
Iteration 36:	0.0003068447 seconds	0.0000000000 seconds
Iteration 36:	0.0003070831 seconds	0.0000000000 seconds
Iteration 36:	0.0003101826 seconds	0.0000000000 seconds
Iteration 36:	0.0003099442 seconds	0.0000000000 seconds
Iteration 36:	0.0003080368 seconds	0.0000000000 seconds
Iteration 36:	0.0003061295 seconds	0.0000000000 seconds
Iteration 36:	0.0003099442 seconds	0.0000000000 seconds
Iteration 36:	0.0003128052 seconds	0.0000000000 seconds
Iteration 36:	0.0003149509 seconds	0.0000000000 seconds
Iteration 36:	0.0003159046 seconds	0.0000000000 seconds
Iteration 36:	0.0003159046 seconds	0.0000000000 seconds
Iteration 37:	0.0002870560 seconds	0.0000000000 seconds
Iteration 37:	0.0002858639 seconds	0.0000000000 seconds
Iteration 37:	0.0002851486 seconds	0.0000000000 seconds
Iteration 37:	0.0002830029 seconds	0.0000000000 seconds
Iteration 37:	0.0002830029 seconds	0.0000000000 seconds
Iteration 37:	0.0002820492 seconds	0.0000000000 seconds
Iteration 37:	0.0002810955 seconds	0.0000009537 seconds
Iteration 37:	0.0002808571 seconds	0.0000000000 seconds
Iteration 37:	0.0002779961 seconds	0.0000000000 seconds
Iteration 37:	0.0002768040 seconds	0.0000000000 seconds
Iteration 37:	0.0002760887 seconds	0.0000000000 seconds
Iteration 37:	0.0002760887 seconds	0.0000000000 seconds
Iteration 38:	0.0003011227 seconds	0.0000000000 seconds
Iteration 38:	0.0003049374 seconds	0.0000000000 seconds
Iteration 38:	0.0003049374 seconds	0.0000000000 seconds
Iteration 38:	0.0003049374 seconds	0.0000000000 seconds
Iteration 38:	0.0003061295 seconds	0.0000000000 seconds
Iteration 38:	0.0003089905 seconds	0.0000000000 seconds
Iteration 38:	0.0003099442 seconds	0.0000000000 seconds
Iteration 38:	0.0003108978 seconds	0.0000000000 seconds
Iteration 38:	0.0003130436 seconds	0.0000000000 seconds
Iteration 38:	0.0003139973 seconds	0.0000000000 seconds
Iteration 38:	0.0003151894 seconds	0.0000000000 seconds
Iteration 38:	0.0003151894 seconds	0.0000000000 seconds
Iteration 39:	0.0002901554 seconds	0.0000000000 seconds
Iteration 39:	0.0002870560 seconds	0.0000000000 seconds
Iteration 39:	0.0002889633 seconds	0.0000000000 seconds
Iteration 39:	0.0002880096 seconds	0.0000000000 seconds
Iteration 39:	0.0002861023 seconds	0.0000000000 seconds
Iteration 39:	0.0002839565 seconds	0.0000000000 seconds
Iteration 39:	0.0002830029 seconds	0.0000000000 seconds
Iteration 39:	0.0002818108 seconds	0.0000000000 seconds
Iteration 39:	0.0002830029 seconds	0.0000000000 seconds
Iteration 39:	0.0002789497 seconds	0.0000000000 seconds
Iteration 39:	0.0002779961 seconds	0.0000000000 seconds
Iteration 39:	0.0002779961 seconds	0.0000000000 seconds
Iteration 40:	0.0003011227 seconds	0.0000000000 seconds
Iteration 40:	0.0003018379 seconds	0.0000000000 seconds
Iteration 40:	0.0003039837 seconds	0.0000000000 seconds
Iteration 40:	0.0003049374 seconds	0.0000000000 seconds
Iteration 40:	0.0003070831 seconds	0.0000000000 seconds
Iteration 40:	0.0003089905 seconds	0.0000000000 seconds
Iteration 40:	0.0003099442 seconds	0.0000000000 seconds
Iteration 40:	0.0003108978 seconds	0.0000000000 seconds
Iteration 40:	0.0003108978 seconds	0.0000000000 seconds
Iteration 40:	0.0003130436 seconds	0.0000000000 seconds
Iteration 40:	0.0003151894 seconds	0.0000000000 seconds
Iteration 40:	0.0003151894 seconds	0.0000000000 seconds
Iteration 41:	0.0002899170 seconds	0.0000000000 seconds
Iteration 41:	0.0002870560 seconds	0.0000009537 seconds
Iteration 41:	0.0002858639 seconds	0.0000000000 seconds
Iteration 41:	0.0002861023 seconds	0.0000000000 seconds
Iteration 41:	0.0002839565 seconds	0.0000000000 seconds
Iteration 41:	0.0002830029 seconds	0.0000000000 seconds
Iteration 41:	0.0002820492 seconds	0.0000000000 seconds
Iteration 41:	0.0002808571 seconds	0.0000000000 seconds
Iteration 41:	0.0002801418 seconds	0.0000000000 seconds
Iteration 41:	0.0002779961 seconds	0.0000000000 seconds
Iteration 41:	0.0002770424 seconds	0.0000000000 seconds
Iteration 41:	0.0002760887 seconds	0.0000000000 seconds
Iteration 42:	0.0003020763 seconds	0.0000000000 seconds
Iteration 42:	0.0003030300 seconds	0.0000000000 seconds
Iteration 42:	0.0003058910 seconds	0.0000000000 seconds
Iteration 42:	0.0003080368 seconds	0.0000000000 seconds
Iteration 42:	0.0003089905 seconds	0.0000000000 seconds
Iteration 42:	0.0003101826 seconds	0.0000000000 seconds
Iteration 42:	0.0003108978 seconds	0.0000000000 seconds
Iteration 42:	0.0003118515 seconds	0.0000000000 seconds
Iteration 42:	0.0003130436 seconds	0.0000000000 seconds
Iteration 42:	0.0003149509 seconds	0.0000000000 seconds
Iteration 42:	0.0003170967 seconds	0.0000000000 seconds
Iteration 42:	0.0003161430 seconds	0.0000000000 seconds
Iteration 43:	0.0002901554 seconds	0.0000000000 seconds
Iteration 43:	0.0002889633 seconds	0.0000000000 seconds
Iteration 43:	0.0002858639 seconds	0.0000000000 seconds
Iteration 43:	0.0002849102 seconds	0.0000000000 seconds
Iteration 43:	0.0002839565 seconds	0.0000000000 seconds
Iteration 43:	0.0002820492 seconds	0.0000000000 seconds
Iteration 43:	0.0002808571 seconds	0.0000000000 seconds
Iteration 43:	0.0002808571 seconds	0.0000000000 seconds
Iteration 43:	0.0002801418 seconds	0.0000000000 seconds
Iteration 43:	0.0002779961 seconds	0.0000000000 seconds
Iteration 43:	0.0002770424 seconds	0.0000000000 seconds
Iteration 43:	0.0002760887 seconds	0.0000000000 seconds
Iteration 44:	0.0002989769 seconds	0.0000000000 seconds
Iteration 44:	0.0003018379 seconds	0.0000000000 seconds
Iteration 44:	0.0003039837 seconds	0.0000009537 seconds
Iteration 44:	0.0003051758 seconds	0.0000000000 seconds
Iteration 44:	0.0003070831 seconds	0.0000000000 seconds
Iteration 44:	0.0003080368 seconds	0.0000000000 seconds
Iteration 44:	0.0003099442 seconds	0.0000000000 seconds
Iteration 44:	0.0003111362 seconds	0.0000000000 seconds
Iteration 44:	0.0003111362 seconds	0.0000000000 seconds
Iteration 44:	0.0003118515 seconds	0.0000000000 seconds
Iteration 44:	0.0003139973 seconds	0.0000000000 seconds
Iteration 44:	0.0003139973 seconds	0.0000000000 seconds
Iteration 45:	0.0002889633 seconds	0.0000000000 seconds
Iteration 45:	0.0002870560 seconds	0.0000000000 seconds
Iteration 45:	0.0002858639 seconds	0.0000000000 seconds
Iteration 45:	0.0002849102 seconds	0.0000000000 seconds
Iteration 45:	0.0002830029 seconds	0.0000000000 seconds
Iteration 45:	0.0002818108 seconds	0.0000000000 seconds
Iteration 45:	0.0002830029 seconds	0.0000009537 seconds
Iteration 45:	0.0002810955 seconds	0.0000000000 seconds
Iteration 45:	0.0002799034 seconds	0.0000000000 seconds
Iteration 45:	0.0002789497 seconds	0.0000000000 seconds
Iteration 45:	0.0002768040 seconds	0.0000000000 seconds
Iteration 45:	0.0002770424 seconds	0.0000000000 seconds
Iteration 46:	0.0003018379 seconds	0.0000000000 seconds
Iteration 46:	0.0003049374 seconds	0.0000000000 seconds
Iteration 46:	0.0003070831 seconds	0.0000000000 seconds
Iteration 46:	0.0003080368 seconds	0.0000000000 seconds
Iteration 46:	0.0003111362 seconds	0.0000000000 seconds
Iteration 46:	0.0003099442 seconds	0.0000000000 seconds
Iteration 46:	0.0003099442 seconds	0.0000000000 seconds
Iteration 46:	0.0003111362 seconds	0.0000000000 seconds
Iteration 46:	0.0003118515 seconds	0.0000000000 seconds
Iteration 46:	0.0003139973 seconds	0.0000000000 seconds
Iteration 46:	0.0003149509 seconds	0.0000000000 seconds
Iteration 46:	0.0003149509 seconds	0.0000000000 seconds
Iteration 47:	0.0002880096 seconds	0.0000000000 seconds
Iteration 47:	0.0002858639 seconds	0.0000000000 seconds
Iteration 47:	0.0002849102 seconds	0.0000000000 seconds
Iteration 47:	0.0002839565 seconds	0.0000000000 seconds
Iteration 47:	0.0002820492 seconds	0.0000000000 seconds
Iteration 47:	0.0002818108 seconds	0.0000000000 seconds
Iteration 47:	0.0002810955 seconds	0.0000000000 seconds
Iteration 47:	0.0002801418 seconds	0.0000000000 seconds
Iteration 47:	0.0002779961 seconds	0.0000009537 seconds
Iteration 47:	0.0002770424 seconds	0.0000000000 seconds
Iteration 47:	0.0002758503 seconds	0.0000000000 seconds
Iteration 47:	0.0002758503 seconds	0.0000000000 seconds
Iteration 48:	0.0003018379 seconds	0.0000000000 seconds
Iteration 48:	0.0003051758 seconds	0.0000000000 seconds
Iteration 48:	0.0003030300 seconds	0.0000000000 seconds
Iteration 48:	0.0003049374 seconds	0.0000000000 seconds
Iteration 48:	0.0003070831 seconds	0.0000000000 seconds
Iteration 48:	0.0003080368 seconds	0.0000000000 seconds
Iteration 48:	0.0003089905 seconds	0.0000000000 seconds
Iteration 48:	0.0003099442 seconds	0.0000000000 seconds
Iteration 48:	0.0003099442 seconds	0.0000011921 seconds
Iteration 48:	0.0003130436 seconds	0.0000000000 seconds
Iteration 48:	0.0003139973 seconds	0.0000000000 seconds
Iteration 48:	0.0003139973 seconds	0.0000000000 seconds
Iteration 49:	0.0002880096 seconds	0.0000000000 seconds
Iteration 49:	0.0002880096 seconds	0.0000009537 seconds
Iteration 49:	0.0002889633 seconds	0.0000000000 seconds
Iteration 49:	0.0002858639 seconds	0.0000000000 seconds
Iteration 49:	0.0002861023 seconds	0.0000000000 seconds
Iteration 49:	0.0002839565 seconds	0.0000000000 seconds
Iteration 49:	0.0002839565 seconds	0.0000000000 seconds
Iteration 49:	0.0002818108 seconds	0.0000000000 seconds
Iteration 49:	0.0002820492 seconds	0.0000000000 seconds
Iteration 49:	0.0002779961 seconds	0.0000000000 seconds
Iteration 49:	0.0002830029 seconds	0.0000000000 seconds
Iteration 49:	0.0002789497 seconds	0.0000000000 seconds
Iteration 50:	0.0002980232 seconds	0.0000000000 seconds
Iteration 50:	0.0003030300 seconds	0.0000000000 seconds
Iteration 50:	0.0003051758 seconds	0.0000000000 seconds
Iteration 50:	0.0003068447 seconds	0.0000000000 seconds
Iteration 50:	0.0003080368 seconds	0.0000000000 seconds
Iteration 50:	0.0003099442 seconds	0.0000000000 seconds
Iteration 50:	0.0003111362 seconds	0.0000000000 seconds
Iteration 50:	0.0003108978 seconds	0.0000000000 seconds
Iteration 50:	0.0003118515 seconds	0.0000000000 seconds
Iteration 50:	0.0003099442 seconds	0.0000000000 seconds
Iteration 50:	0.0003149509 seconds	0.0000000000 seconds
Iteration 50:	0.0003130436 seconds	0.0000000000 seconds
Iteration 51:	0.0002880096 seconds	0.0000000000 seconds
Iteration 51:	0.0002870560 seconds	0.0000000000 seconds
Iteration 51:	0.0002870560 seconds	0.0000000000 seconds
Iteration 51:	0.0002849102 seconds	0.0000000000 seconds
Iteration 51:	0.0002818108 seconds	0.0000000000 seconds
Iteration 51:	0.0002820492 seconds	0.0000000000 seconds
Iteration 51:	0.0002810955 seconds	0.0000000000 seconds
Iteration 51:	0.0002799034 seconds	0.0000000000 seconds
Iteration 51:	0.0002789497 seconds	0.0000000000 seconds
Iteration 51:	0.0002779961 seconds	0.0000000000 seconds
Iteration 51:	0.0002760887 seconds	0.0000000000 seconds
Iteration 51:	0.0002760887 seconds	0.0000000000 seconds
Iteration 52:	0.0003011227 seconds	0.0000000000 seconds
Iteration 52:	0.0003027916 seconds	0.0000000000 seconds
Iteration 52:	0.0003039837 seconds	0.0000000000 seconds
Iteration 52:	0.0003070831 seconds	0.0000000000 seconds
Iteration 52:	0.0003099442 seconds	0.0000000000 seconds
Iteration 52:	0.0003111362 seconds	0.0000000000 seconds
Iteration 52:	0.0003120899 seconds	0.0000000000 seconds
Iteration 52:	0.0003128052 seconds	0.0000000000 seconds
Iteration 52:	0.0003139973 seconds	0.0000009537 seconds
Iteration 52:	0.0003159046 seconds	0.0000009537 seconds
Iteration 52:	0.0003180504 seconds	0.0000000000 seconds
Iteration 52:	0.0003180504 seconds	0.0000000000 seconds
Iteration 53:	0.0002930164 seconds	0.0000000000 seconds
Iteration 53:	0.0002920628 seconds	0.0000000000 seconds
Iteration 53:	0.0002899170 seconds	0.0000000000 seconds
Iteration 53:	0.0002868176 seconds	0.0000000000 seconds
Iteration 53:	0.0002858639 seconds	0.0000000000 seconds
Iteration 53:	0.0002851486 seconds	0.0000000000 seconds
Iteration 53:	0.0002839565 seconds	0.0000000000 seconds
Iteration 53:	0.0002820492 seconds	0.0000009537 seconds
Iteration 53:	0.0002799034 seconds	0.0000000000 seconds
Iteration 53:	0.0002789497 seconds	0.0000000000 seconds
Iteration 53:	0.0002768040 seconds	0.0000000000 seconds
Iteration 53:	0.0002768040 seconds	0.0000011921 seconds
Iteration 54:	0.0003008842 seconds	0.0000000000 seconds
Iteration 54:	0.0003020763 seconds	0.0000000000 seconds
Iteration 54:	0.0003042221 seconds	0.0000000000 seconds
Iteration 54:	0.0003058910 seconds	0.0000000000 seconds
Iteration 54:	0.0003070831 seconds	0.0000000000 seconds
Iteration 54:	0.0003070831 seconds	0.0000000000 seconds
Iteration 54:	0.0003099442 seconds	0.0000000000 seconds
Iteration 54:	0.0003099442 seconds	0.0000000000 seconds
Iteration 54:	0.0003118515 seconds	0.0000000000 seconds
Iteration 54:	0.0003118515 seconds	0.0000000000 seconds
Iteration 54:	0.0003139973 seconds	0.0000000000 seconds
Iteration 54:	0.0003139973 seconds	0.0000000000 seconds
Iteration 55:	0.0002880096 seconds	0.0000000000 seconds
Iteration 55:	0.0002870560 seconds	0.0000000000 seconds
Iteration 55:	0.0002861023 seconds	0.0000000000 seconds
Iteration 55:	0.0002839565 seconds	0.0000009537 seconds
Iteration 55:	0.0002827644 seconds	0.0000000000 seconds
Iteration 55:	0.0002820492 seconds	0.0000000000 seconds
Iteration 55:	0.0002810955 seconds	0.0000000000 seconds
Iteration 55:	0.0002799034 seconds	0.0000000000 seconds
Iteration 55:	0.0002789497 seconds	0.0000000000 seconds
Iteration 55:	0.0002779961 seconds	0.0000000000 seconds
Iteration 55:	0.0002770424 seconds	0.0000000000 seconds
Iteration 55:	0.0002779961 seconds	0.0000000000 seconds
Iteration 56:	0.0003030300 seconds	0.0000000000 seconds
Iteration 56:	0.0003039837 seconds	0.0000000000 seconds
Iteration 56:	0.0003070831 seconds	0.0000000000 seconds
Iteration 56:	0.0003089905 seconds	0.0000011921 seconds
Iteration 56:	0.0003120899 seconds	0.0000000000 seconds
Iteration 56:	0.0003128052 seconds	0.0000000000 seconds
Iteration 56:	0.0003139973 seconds	0.0000000000 seconds
Iteration 56:	0.0003149509 seconds	0.0000000000 seconds
Iteration 56:	0.0003139973 seconds	0.0000000000 seconds
Iteration 56:	0.0003170967 seconds	0.0000000000 seconds
Iteration 56:	0.0003159046 seconds	0.0000000000 seconds
Iteration 56:	0.0003159046 seconds	0.0000000000 seconds
Iteration 57:	0.0002899170 seconds	0.0000000000 seconds
Iteration 57:	0.0002892017 seconds	0.0000000000 seconds
Iteration 57:	0.0002870560 seconds	0.0000000000 seconds
Iteration 57:	0.0002839565 seconds	0.0000000000 seconds
Iteration 57:	0.0002839565 seconds	0.0000000000 seconds
Iteration 57:	0.0002820492 seconds	0.0000000000 seconds
Iteration 57:	0.0002820492 seconds	0.0000000000 seconds
Iteration 57:	0.0002801418 seconds	0.0000000000 seconds
Iteration 57:	0.0002789497 seconds	0.0000000000 seconds
Iteration 57:	0.0002770424 seconds	0.0000000000 seconds
Iteration 57:	0.0002768040 seconds	0.0000000000 seconds
Iteration 57:	0.0002758503 seconds	0.0000000000 seconds
Iteration 58:	0.0003008842 seconds	0.0000000000 seconds
Iteration 58:	0.0003030300 seconds	0.0000000000 seconds
Iteration 58:	0.0003051758 seconds	0.0000009537 seconds
Iteration 58:	0.0003058910 seconds	0.0000000000 seconds
Iteration 58:	0.0003068447 seconds	0.0000000000 seconds
Iteration 58:	0.0003080368 seconds	0.0000000000 seconds
Iteration 58:	0.0003099442 seconds	0.0000011921 seconds
Iteration 58:	0.0003111362 seconds	0.0000000000 seconds
Iteration 58:	0.0003128052 seconds	0.0000000000 seconds
Iteration 58:	0.0003139973 seconds	0.0000000000 seconds
Iteration 58:	0.0003149509 seconds	0.0000000000 seconds
Iteration 58:	0.0003149509 seconds	0.0000000000 seconds
Iteration 59:	0.0002908707 seconds	0.0000000000 seconds
Iteration 59:	0.0002901554 seconds	0.0000000000 seconds
Iteration 59:	0.0002880096 seconds	0.0000000000 seconds
Iteration 59:	0.0002880096 seconds	0.0000000000 seconds
Iteration 59:	0.0002858639 seconds	0.0000000000 seconds
Iteration 59:	0.0002861023 seconds	0.0000000000 seconds
Iteration 59:	0.0002839565 seconds	0.0000000000 seconds
Iteration 59:	0.0002820492 seconds	0.0000000000 seconds
Iteration 59:	0.0002808571 seconds	0.0000009537 seconds
Iteration 59:	0.0002789497 seconds	0.0000000000 seconds
Iteration 59:	0.0002779961 seconds	0.0000000000 seconds
Iteration 59:	0.0002791882 seconds	0.0000000000 seconds
Iteration 60:	0.0003008842 seconds	0.0000000000 seconds
Iteration 60:	0.0003030300 seconds	0.0000000000 seconds
Iteration 60:	0.0003051758 seconds	0.0000000000 seconds
Iteration 60:	0.0003061295 seconds	0.0000000000 seconds
Iteration 60:	0.0003080368 seconds	0.0000000000 seconds
Iteration 60:	0.0003080368 seconds	0.0000000000 seconds
Iteration 60:	0.0003099442 seconds	0.0000000000 seconds
Iteration 60:	0.0003120899 seconds	0.0000000000 seconds
Iteration 60:	0.0003130436 seconds	0.0000000000 seconds
Iteration 60:	0.0003139973 seconds	0.0000000000 seconds
Iteration 60:	0.0003159046 seconds	0.0000000000 seconds
Iteration 60:	0.0003149509 seconds	0.0000000000 seconds
Iteration 61:	0.0002899170 seconds	0.0000000000 seconds
Iteration 61:	0.0002901554 seconds	0.0000000000 seconds
Iteration 61:	0.0002880096 seconds	0.0000000000 seconds
Iteration 61:	0.0002870560 seconds	0.0000000000 seconds
Iteration 61:	0.0002849102 seconds	0.0000000000 seconds
Iteration 61:	0.0002851486 seconds	0.0000000000 seconds
Iteration 61:	0.0002839565 seconds	0.0000000000 seconds
Iteration 61:	0.0002810955 seconds	0.0000000000 seconds
Iteration 61:	0.0002799034 seconds	0.0000000000 seconds
Iteration 61:	0.0002789497 seconds	0.0000000000 seconds
Iteration 61:	0.0002758503 seconds	0.0000000000 seconds
Iteration 61:	0.0002748966 seconds	0.0000000000 seconds
Iteration 62:	0.0002999306 seconds	0.0000000000 seconds
Iteration 62:	0.0003049374 seconds	0.0000000000 seconds
Iteration 62:	0.0003049374 seconds	0.0000000000 seconds
Iteration 62:	0.0003080368 seconds	0.0000000000 seconds
Iteration 62:	0.0003089905 seconds	0.0000000000 seconds
Iteration 62:	0.0003111362 seconds	0.0000000000 seconds
Iteration 62:	0.0003108978 seconds	0.0000000000 seconds
Iteration 62:	0.0003130436 seconds	0.0000000000 seconds
Iteration 62:	0.0003149509 seconds	0.0000000000 seconds
Iteration 62:	0.0003161430 seconds	0.0000000000 seconds
Iteration 62:	0.0003159046 seconds	0.0000009537 seconds
Iteration 62:	0.0003170967 seconds	0.0000000000 seconds
Iteration 63:	0.0002930164 seconds	0.0000000000 seconds
Iteration 63:	0.0002899170 seconds	0.0000000000 seconds
Iteration 63:	0.0002889633 seconds	0.0000000000 seconds
Iteration 63:	0.0002861023 seconds	0.0000000000 seconds
Iteration 63:	0.0002849102 seconds	0.0000000000 seconds
Iteration 63:	0.0002830029 seconds	0.0000000000 seconds
Iteration 63:	0.0002830029 seconds	0.0000000000 seconds
Iteration 63:	0.0002808571 seconds	0.0000000000 seconds
Iteration 63:	0.0002801418 seconds	0.0000009537 seconds
Iteration 63:	0.0002779961 seconds	0.0000000000 seconds
Iteration 63:	0.0002770424 seconds	0.0000000000 seconds
Iteration 63:	0.0002770424 seconds	0.0000000000 seconds
Iteration 64:	0.0003011227 seconds	0.0000000000 seconds
Iteration 64:	0.0003030300 seconds	0.0000000000 seconds
Iteration 64:	0.0003049374 seconds	0.0000000000 seconds
Iteration 64:	0.0003070831 seconds	0.0000000000 seconds
Iteration 64:	0.0003080368 seconds	0.0000000000 seconds
Iteration 64:	0.0003089905 seconds	0.0000000000 seconds
Iteration 64:	0.0003099442 seconds	0.0000000000 seconds
Iteration 64:	0.0003108978 seconds	0.0000000000 seconds
Iteration 64:	0.0003130436 seconds	0.0000000000 seconds
Iteration 64:	0.0003139973 seconds	0.0000000000 seconds
Iteration 64:	0.0003139973 seconds	0.0000000000 seconds
Iteration 64:	0.0003139973 seconds	0.0000000000 seconds
Iteration 65:	0.0002880096 seconds	0.0000000000 seconds
Iteration 65:	0.0002870560 seconds	0.0000009537 seconds
Iteration 65:	0.0002868176 seconds	0.0000000000 seconds
Iteration 65:	0.0002861023 seconds	0.0000000000 seconds
Iteration 65:	0.0002849102 seconds	0.0000000000 seconds
Iteration 65:	0.0002839565 seconds	0.0000000000 seconds
Iteration 65:	0.0002830029 seconds	0.0000000000 seconds
Iteration 65:	0.0002820492 seconds	0.0000000000 seconds
Iteration 65:	0.0002820492 seconds	0.0000000000 seconds
Iteration 65:	0.0002801418 seconds	0.0000000000 seconds
Iteration 65:	0.0002799034 seconds	0.0000000000 seconds
Iteration 65:	0.0002789497 seconds	0.0000000000 seconds
Iteration 66:	0.0003049374 seconds	0.0000000000 seconds
Iteration 66:	0.0003051758 seconds	0.0000000000 seconds
Iteration 66:	0.0003080368 seconds	0.0000000000 seconds
Iteration 66:	0.0003101826 seconds	0.0000000000 seconds
Iteration 66:	0.0003108978 seconds	0.0000000000 seconds
Iteration 66:	0.0003120899 seconds	0.0000000000 seconds
Iteration 66:	0.0003130436 seconds	0.0000000000 seconds
Iteration 66:	0.0003118515 seconds	0.0000000000 seconds
Iteration 66:	0.0003130436 seconds	0.0000000000 seconds
Iteration 66:	0.0003139973 seconds	0.0000000000 seconds
Iteration 66:	0.0003149509 seconds	0.0000000000 seconds
Iteration 66:	0.0003149509 seconds	0.0000000000 seconds
Iteration 67:	0.0002880096 seconds	0.0000000000 seconds
Iteration 67:	0.0002889633 seconds	0.0000000000 seconds
Iteration 67:	0.0002880096 seconds	0.0000000000 seconds
Iteration 67:	0.0002849102 seconds	0.0000000000 seconds
Iteration 67:	0.0002830029 seconds	0.0000000000 seconds
Iteration 67:	0.0002820492 seconds	0.0000000000 seconds
Iteration 67:	0.0002810955 seconds	0.0000000000 seconds
Iteration 67:	0.0002818108 seconds	0.0000000000 seconds
Iteration 67:	0.0002799034 seconds	0.0000000000 seconds
Iteration 67:	0.0002791882 seconds	0.0000000000 seconds
Iteration 67:	0.0002770424 seconds	0.0000000000 seconds
Iteration 67:	0.0002770424 seconds	0.0000000000 seconds
Iteration 68:	0.0003030300 seconds	0.0000000000 seconds
Iteration 68:	0.0003030300 seconds	0.0000000000 seconds
Iteration 68:	0.0003039837 seconds	0.0000000000 seconds
Iteration 68:	0.0003049374 seconds	0.0000000000 seconds
Iteration 68:	0.0003080368 seconds	0.0000000000 seconds
Iteration 68:	0.0003089905 seconds	0.0000000000 seconds
Iteration 68:	0.0003099442 seconds	0.0000000000 seconds
Iteration 68:	0.0003118515 seconds	0.0000000000 seconds
Iteration 68:	0.0003130436 seconds	0.0000000000 seconds
Iteration 68:	0.0003139973 seconds	0.0000000000 seconds
Iteration 68:	0.0003161430 seconds	0.0000000000 seconds
Iteration 68:	0.0003149509 seconds	0.0000000000 seconds
Iteration 69:	0.0002911091 seconds	0.0000000000 seconds
Iteration 69:	0.0002908707 seconds	0.0000000000 seconds
Iteration 69:	0.0002889633 seconds	0.0000000000 seconds
Iteration 69:	0.0002889633 seconds	0.0000000000 seconds
Iteration 69:	0.0002870560 seconds	0.0000000000 seconds
Iteration 69:	0.0002861023 seconds	0.0000000000 seconds
Iteration 69:	0.0002839565 seconds	0.0000000000 seconds
Iteration 69:	0.0002820492 seconds	0.0000000000 seconds
Iteration 69:	0.0002820492 seconds	0.0000000000 seconds
Iteration 69:	0.0002801418 seconds	0.0000000000 seconds
Iteration 69:	0.0002779961 seconds	0.0000000000 seconds
Iteration 69:	0.0002779961 seconds	0.0000000000 seconds
Iteration 70:	0.0003011227 seconds	0.0000000000 seconds
Iteration 70:	0.0003030300 seconds	0.0000000000 seconds
Iteration 70:	0.0003051758 seconds	0.0000000000 seconds
Iteration 70:	0.0003058910 seconds	0.0000000000 seconds
Iteration 70:	0.0003080368 seconds	0.0000000000 seconds
Iteration 70:	0.0003080368 seconds	0.0000000000 seconds
Iteration 70:	0.0003111362 seconds	0.0000000000 seconds
Iteration 70:	0.0003120899 seconds	0.0000000000 seconds
Iteration 70:	0.0003128052 seconds	0.0000000000 seconds
Iteration 70:	0.0003139973 seconds	0.0000000000 seconds
Iteration 70:	0.0003149509 seconds	0.0000000000 seconds
Iteration 70:	0.0003149509 seconds	0.0000000000 seconds
Iteration 71:	0.0002889633 seconds	0.0000000000 seconds
Iteration 71:	0.0002880096 seconds	0.0000000000 seconds
Iteration 71:	0.0002880096 seconds	0.0000000000 seconds
Iteration 71:	0.0002839565 seconds	0.0000000000 seconds
Iteration 71:	0.0002839565 seconds	0.0000000000 seconds
Iteration 71:	0.0002839565 seconds	0.0000000000 seconds
Iteration 71:	0.0002810955 seconds	0.0000000000 seconds
Iteration 71:	0.0002799034 seconds	0.0000000000 seconds
Iteration 71:	0.0002789497 seconds	0.0000000000 seconds
Iteration 71:	0.0002779961 seconds	0.0000000000 seconds
Iteration 71:	0.0002770424 seconds	0.0000000000 seconds
Iteration 71:	0.0002758503 seconds	0.0000000000 seconds
Iteration 72:	0.0003020763 seconds	0.0000000000 seconds
Iteration 72:	0.0003061295 seconds	0.0000000000 seconds
Iteration 72:	0.0003070831 seconds	0.0000000000 seconds
Iteration 72:	0.0003092289 seconds	0.0000000000 seconds
Iteration 72:	0.0003089905 seconds	0.0000000000 seconds
Iteration 72:	0.0003108978 seconds	0.0000000000 seconds
Iteration 72:	0.0003130436 seconds	0.0000000000 seconds
Iteration 72:	0.0003130436 seconds	0.0000000000 seconds
Iteration 72:	0.0003139973 seconds	0.0000000000 seconds
Iteration 72:	0.0003149509 seconds	0.0000000000 seconds
Iteration 72:	0.0003159046 seconds	0.0000000000 seconds
Iteration 72:	0.0003159046 seconds	0.0000000000 seconds
Iteration 73:	0.0002920628 seconds	0.0000000000 seconds
Iteration 73:	0.0002901554 seconds	0.0000000000 seconds
Iteration 73:	0.0002880096 seconds	0.0000000000 seconds
Iteration 73:	0.0002858639 seconds	0.0000000000 seconds
Iteration 73:	0.0002849102 seconds	0.0000000000 seconds
Iteration 73:	0.0002818108 seconds	0.0000000000 seconds
Iteration 73:	0.0002810955 seconds	0.0000000000 seconds
Iteration 73:	0.0002810955 seconds	0.0000000000 seconds
Iteration 73:	0.0002799034 seconds	0.0000000000 seconds
Iteration 73:	0.0002779961 seconds	0.0000000000 seconds
Iteration 73:	0.0002770424 seconds	0.0000000000 seconds
Iteration 73:	0.0002758503 seconds	0.0000000000 seconds
Iteration 74:	0.0002989769 seconds	0.0000000000 seconds
Iteration 74:	0.0003011227 seconds	0.0000000000 seconds
Iteration 74:	0.0003018379 seconds	0.0000000000 seconds
Iteration 74:	0.0003058910 seconds	0.0000000000 seconds
Iteration 74:	0.0003061295 seconds	0.0000000000 seconds
Iteration 74:	0.0003089905 seconds	0.0000000000 seconds
Iteration 74:	0.0003101826 seconds	0.0000000000 seconds
Iteration 74:	0.0003108978 seconds	0.0000000000 seconds
Iteration 74:	0.0003118515 seconds	0.0000000000 seconds
Iteration 74:	0.0003139973 seconds	0.0000000000 seconds
Iteration 74:	0.0003149509 seconds	0.0000000000 seconds
Iteration 74:	0.0003149509 seconds	0.0000000000 seconds
Iteration 75:	0.0002911091 seconds	0.0000000000 seconds
Iteration 75:	0.0002880096 seconds	0.0000000000 seconds
Iteration 75:	0.0002880096 seconds	0.0000000000 seconds
Iteration 75:	0.0002849102 seconds	0.0000000000 seconds
Iteration 75:	0.0002839565 seconds	0.0000000000 seconds
Iteration 75:	0.0002820492 seconds	0.0000000000 seconds
Iteration 75:	0.0002820492 seconds	0.0000000000 seconds
Iteration 75:	0.0002808571 seconds	0.0000000000 seconds
Iteration 75:	0.0002799034 seconds	0.0000000000 seconds
Iteration 75:	0.0002779961 seconds	0.0000000000 seconds
Iteration 75:	0.0002789497 seconds	0.0000000000 seconds
Iteration 75:	0.0002791882 seconds	0.0000000000 seconds
Iteration 76:	0.0003030300 seconds	0.0000000000 seconds
Iteration 76:	0.0003049374 seconds	0.0000000000 seconds
Iteration 76:	0.0003070831 seconds	0.0000000000 seconds
Iteration 76:	0.0003111362 seconds	0.0000000000 seconds
Iteration 76:	0.0003139973 seconds	0.0000000000 seconds
Iteration 76:	0.0003139973 seconds	0.0000000000 seconds
Iteration 76:	0.0003159046 seconds	0.0000000000 seconds
Iteration 76:	0.0003139973 seconds	0.0000000000 seconds
Iteration 76:	0.0003151894 seconds	0.0000009537 seconds
Iteration 76:	0.0003149509 seconds	0.0000000000 seconds
Iteration 76:	0.0003149509 seconds	0.0000000000 seconds
Iteration 76:	0.0003149509 seconds	0.0000000000 seconds
Iteration 77:	0.0002880096 seconds	0.0000009537 seconds
Iteration 77:	0.0002877712 seconds	0.0000000000 seconds
Iteration 77:	0.0002861023 seconds	0.0000000000 seconds
Iteration 77:	0.0002839565 seconds	0.0000000000 seconds
Iteration 77:	0.0002820492 seconds	0.0000000000 seconds
Iteration 77:	0.0002820492 seconds	0.0000000000 seconds
Iteration 77:	0.0002799034 seconds	0.0000000000 seconds
Iteration 77:	0.0002810955 seconds	0.0000000000 seconds
Iteration 77:	0.0002799034 seconds	0.0000000000 seconds
Iteration 77:	0.0002779961 seconds	0.0000000000 seconds
Iteration 77:	0.0002758503 seconds	0.0000000000 seconds
Iteration 77:	0.0002758503 seconds	0.0000000000 seconds
Iteration 78:	0.0003030300 seconds	0.0000000000 seconds
Iteration 78:	0.0003030300 seconds	0.0000000000 seconds
Iteration 78:	0.0003061295 seconds	0.0000000000 seconds
Iteration 78:	0.0003058910 seconds	0.0000000000 seconds
Iteration 78:	0.0003080368 seconds	0.0000000000 seconds
Iteration 78:	0.0003089905 seconds	0.0000000000 seconds
Iteration 78:	0.0003099442 seconds	0.0000000000 seconds
Iteration 78:	0.0003120899 seconds	0.0000000000 seconds
Iteration 78:	0.0003130436 seconds	0.0000000000 seconds
Iteration 78:	0.0003139973 seconds	0.0000000000 seconds
Iteration 78:	0.0003149509 seconds	0.0000000000 seconds
Iteration 78:	0.0003139973 seconds	0.0000000000 seconds
Iteration 79:	0.0002889633 seconds	0.0000000000 seconds
Iteration 79:	0.0002889633 seconds	0.0000000000 seconds
Iteration 79:	0.0002870560 seconds	0.0000000000 seconds
Iteration 79:	0.0002868176 seconds	0.0000000000 seconds
Iteration 79:	0.0002849102 seconds	0.0000000000 seconds
Iteration 79:	0.0002841949 seconds	0.0000000000 seconds
Iteration 79:	0.0002830029 seconds	0.0000009537 seconds
Iteration 79:	0.0002820492 seconds	0.0000000000 seconds
Iteration 79:	0.0002799034 seconds	0.0000000000 seconds
Iteration 79:	0.0002789497 seconds	0.0000000000 seconds
Iteration 79:	0.0002770424 seconds	0.0000000000 seconds
Iteration 79:	0.0002779961 seconds	0.0000000000 seconds
Iteration 80:	0.0003020763 seconds	0.0000000000 seconds
Iteration 80:	0.0003020763 seconds	0.0000000000 seconds
Iteration 80:	0.0003051758 seconds	0.0000000000 seconds
Iteration 80:	0.0003061295 seconds	0.0000000000 seconds
Iteration 80:	0.0003080368 seconds	0.0000009537 seconds
Iteration 80:	0.0003080368 seconds	0.0000000000 seconds
Iteration 80:	0.0003108978 seconds	0.0000000000 seconds
Iteration 80:	0.0003120899 seconds	0.0000000000 seconds
Iteration 80:	0.0003130436 seconds	0.0000000000 seconds
Iteration 80:	0.0003149509 seconds	0.0000000000 seconds
Iteration 80:	0.0003159046 seconds	0.0000000000 seconds
Iteration 80:	0.0003159046 seconds	0.0000000000 seconds
Iteration 81:	0.0002889633 seconds	0.0000000000 seconds
Iteration 81:	0.0002899170 seconds	0.0000000000 seconds
Iteration 81:	0.0002870560 seconds	0.0000000000 seconds
Iteration 81:	0.0002858639 seconds	0.0000000000 seconds
Iteration 81:	0.0002849102 seconds	0.0000000000 seconds
Iteration 81:	0.0002830029 seconds	0.0000000000 seconds
Iteration 81:	0.0002810955 seconds	0.0000000000 seconds
Iteration 81:	0.0002791882 seconds	0.0000000000 seconds
Iteration 81:	0.0002789497 seconds	0.0000000000 seconds
Iteration 81:	0.0002770424 seconds	0.0000000000 seconds
Iteration 81:	0.0002758503 seconds	0.0000000000 seconds
Iteration 81:	0.0002758503 seconds	0.0000000000 seconds
Iteration 82:	0.0003011227 seconds	0.0000000000 seconds
Iteration 82:	0.0003020763 seconds	0.0000000000 seconds
Iteration 82:	0.0003061295 seconds	0.0000000000 seconds
Iteration 82:	0.0003070831 seconds	0.0000000000 seconds
Iteration 82:	0.0003080368 seconds	0.0000000000 seconds
Iteration 82:	0.0003108978 seconds	0.0000000000 seconds
Iteration 82:	0.0003130436 seconds	0.0000000000 seconds
Iteration 82:	0.0003130436 seconds	0.0000000000 seconds
Iteration 82:	0.0003161430 seconds	0.0000000000 seconds
Iteration 82:	0.0003159046 seconds	0.0000000000 seconds
Iteration 82:	0.0003168583 seconds	0.0000000000 seconds
Iteration 82:	0.0003178120 seconds	0.0000000000 seconds
Iteration 83:	0.0002930164 seconds	0.0000000000 seconds
Iteration 83:	0.0002920628 seconds	0.0000000000 seconds
Iteration 83:	0.0002889633 seconds	0.0000000000 seconds
Iteration 83:	0.0002870560 seconds	0.0000000000 seconds
Iteration 83:	0.0002849102 seconds	0.0000000000 seconds
Iteration 83:	0.0002830029 seconds	0.0000000000 seconds
Iteration 83:	0.0002808571 seconds	0.0000000000 seconds
Iteration 83:	0.0002810955 seconds	0.0000000000 seconds
Iteration 83:	0.0002789497 seconds	0.0000000000 seconds
Iteration 83:	0.0002770424 seconds	0.0000000000 seconds
Iteration 83:	0.0002768040 seconds	0.0000000000 seconds
Iteration 83:	0.0002758503 seconds	0.0000000000 seconds
Iteration 84:	0.0002999306 seconds	0.0000000000 seconds
Iteration 84:	0.0003020763 seconds	0.0000000000 seconds
Iteration 84:	0.0003039837 seconds	0.0000000000 seconds
Iteration 84:	0.0003061295 seconds	0.0000000000 seconds
Iteration 84:	0.0003080368 seconds	0.0000000000 seconds
Iteration 84:	0.0003089905 seconds	0.0000000000 seconds
Iteration 84:	0.0003108978 seconds	0.0000000000 seconds
Iteration 84:	0.0003120899 seconds	0.0000000000 seconds
Iteration 84:	0.0003130436 seconds	0.0000000000 seconds
Iteration 84:	0.0003161430 seconds	0.0000000000 seconds
Iteration 84:	0.0003159046 seconds	0.0000000000 seconds
Iteration 84:	0.0003159046 seconds	0.0000000000 seconds
Iteration 85:	0.0002918243 seconds	0.0000000000 seconds
Iteration 85:	0.0002877712 seconds	0.0000000000 seconds
Iteration 85:	0.0002870560 seconds	0.0000000000 seconds
Iteration 85:	0.0002870560 seconds	0.0000000000 seconds
Iteration 85:	0.0002858639 seconds	0.0000000000 seconds
Iteration 85:	0.0002841949 seconds	0.0000000000 seconds
Iteration 85:	0.0002830029 seconds	0.0000000000 seconds
Iteration 85:	0.0002810955 seconds	0.0000000000 seconds
Iteration 85:	0.0002789497 seconds	0.0000000000 seconds
Iteration 85:	0.0002770424 seconds	0.0000000000 seconds
Iteration 85:	0.0002779961 seconds	0.0000000000 seconds
Iteration 85:	0.0002770424 seconds	0.0000000000 seconds
Iteration 86:	0.0003020763 seconds	0.0000000000 seconds
Iteration 86:	0.0003051758 seconds	0.0000000000 seconds
Iteration 86:	0.0003070831 seconds	0.0000000000 seconds
Iteration 86:	0.0003080368 seconds	0.0000000000 seconds
Iteration 86:	0.0003099442 seconds	0.0000000000 seconds
Iteration 86:	0.0003130436 seconds	0.0000000000 seconds
Iteration 86:	0.0003149509 seconds	0.0000011921 seconds
Iteration 86:	0.0003149509 seconds	0.0000000000 seconds
Iteration 86:	0.0003168583 seconds	0.0000000000 seconds
Iteration 86:	0.0003180504 seconds	0.0000009537 seconds
Iteration 86:	0.0003151894 seconds	0.0000000000 seconds
Iteration 86:	0.0003151894 seconds	0.0000000000 seconds
Iteration 87:	0.0002889633 seconds	0.0000000000 seconds
Iteration 87:	0.0002880096 seconds	0.0000000000 seconds
Iteration 87:	0.0002877712 seconds	0.0000000000 seconds
Iteration 87:	0.0002851486 seconds	0.0000000000 seconds
Iteration 87:	0.0002839565 seconds	0.0000000000 seconds
Iteration 87:	0.0002820492 seconds	0.0000000000 seconds
Iteration 87:	0.0002810955 seconds	0.0000000000 seconds
Iteration 87:	0.0002789497 seconds	0.0000000000 seconds
Iteration 87:	0.0002789497 seconds	0.0000000000 seconds
Iteration 87:	0.0002770424 seconds	0.0000000000 seconds
Iteration 87:	0.0002760887 seconds	0.0000000000 seconds
Iteration 87:	0.0002760887 seconds	0.0000000000 seconds
Iteration 88:	0.0003020763 seconds	0.0000000000 seconds
Iteration 88:	0.0003030300 seconds	0.0000000000 seconds
Iteration 88:	0.0003039837 seconds	0.0000000000 seconds
Iteration 88:	0.0003070831 seconds	0.0000000000 seconds
Iteration 88:	0.0003080368 seconds	0.0000000000 seconds
Iteration 88:	0.0003089905 seconds	0.0000000000 seconds
Iteration 88:	0.0003099442 seconds	0.0000000000 seconds
Iteration 88:	0.0003118515 seconds	0.0000000000 seconds
Iteration 88:	0.0003130436 seconds	0.0000000000 seconds
Iteration 88:	0.0003149509 seconds	0.0000000000 seconds
Iteration 88:	0.0003161430 seconds	0.0000000000 seconds
Iteration 88:	0.0003151894 seconds	0.0000009537 seconds
Iteration 89:	0.0002908707 seconds	0.0000000000 seconds
Iteration 89:	0.0002899170 seconds	0.0000000000 seconds
Iteration 89:	0.0002901554 seconds	0.0000000000 seconds
Iteration 89:	0.0002870560 seconds	0.0000000000 seconds
Iteration 89:	0.0002861023 seconds	0.0000000000 seconds
Iteration 89:	0.0002849102 seconds	0.0000000000 seconds
Iteration 89:	0.0002839565 seconds	0.0000000000 seconds
Iteration 89:	0.0002818108 seconds	0.0000000000 seconds
Iteration 89:	0.0002810955 seconds	0.0000000000 seconds
Iteration 89:	0.0002801418 seconds	0.0000000000 seconds
Iteration 89:	0.0002789497 seconds	0.0000000000 seconds
Iteration 89:	0.0002779961 seconds	0.0000000000 seconds
Iteration 90:	0.0003020763 seconds	0.0000000000 seconds
Iteration 90:	0.0003020763 seconds	0.0000000000 seconds
Iteration 90:	0.0003049374 seconds	0.0000000000 seconds
Iteration 90:	0.0003068447 seconds	0.0000011921 seconds
Iteration 90:	0.0003089905 seconds	0.0000000000 seconds
Iteration 90:	0.0003099442 seconds	0.0000000000 seconds
Iteration 90:	0.0003120899 seconds	0.0000000000 seconds
Iteration 90:	0.0003130436 seconds	0.0000000000 seconds
Iteration 90:	0.0003139973 seconds	0.0000000000 seconds
Iteration 90:	0.0003139973 seconds	0.0000000000 seconds
Iteration 90:	0.0003149509 seconds	0.0000000000 seconds
Iteration 90:	0.0003159046 seconds	0.0000000000 seconds
Iteration 91:	0.0002920628 seconds	0.0000000000 seconds
Iteration 91:	0.0002899170 seconds	0.0000000000 seconds
Iteration 91:	0.0002880096 seconds	0.0000009537 seconds
Iteration 91:	0.0002868176 seconds	0.0000000000 seconds
Iteration 91:	0.0002861023 seconds	0.0000000000 seconds
Iteration 91:	0.0002851486 seconds	0.0000000000 seconds
Iteration 91:	0.0002830029 seconds	0.0000000000 seconds
Iteration 91:	0.0002820492 seconds	0.0000000000 seconds
Iteration 91:	0.0002799034 seconds	0.0000000000 seconds
Iteration 91:	0.0002779961 seconds	0.0000000000 seconds
Iteration 91:	0.0002748966 seconds	0.0000000000 seconds
Iteration 91:	0.0002760887 seconds	0.0000000000 seconds
Iteration 92:	0.0002999306 seconds	0.0000000000 seconds
Iteration 92:	0.0003011227 seconds	0.0000000000 seconds
Iteration 92:	0.0003061295 seconds	0.0000000000 seconds
Iteration 92:	0.0003068447 seconds	0.0000000000 seconds
Iteration 92:	0.0003080368 seconds	0.0000000000 seconds
Iteration 92:	0.0003089905 seconds	0.0000000000 seconds
Iteration 92:	0.0003108978 seconds	0.0000000000 seconds
Iteration 92:	0.0003130436 seconds	0.0000000000 seconds
Iteration 92:	0.0003139973 seconds	0.0000000000 seconds
Iteration 92:	0.0003159046 seconds	0.0000000000 seconds
Iteration 92:	0.0003168583 seconds	0.0000000000 seconds
Iteration 92:	0.0003159046 seconds	0.0000000000 seconds
Iteration 93:	0.0002927780 seconds	0.0000000000 seconds
Iteration 93:	0.0002911091 seconds	0.0000000000 seconds
Iteration 93:	0.0002880096 seconds	0.0000000000 seconds
Iteration 93:	0.0002880096 seconds	0.0000000000 seconds
Iteration 93:	0.0002839565 seconds	0.0000000000 seconds
Iteration 93:	0.0002841949 seconds	0.0000000000 seconds
Iteration 93:	0.0002820492 seconds	0.0000000000 seconds
Iteration 93:	0.0002801418 seconds	0.0000000000 seconds
Iteration 93:	0.0002808571 seconds	0.0000000000 seconds
Iteration 93:	0.0002779961 seconds	0.0000000000 seconds
Iteration 93:	0.0002770424 seconds	0.0000000000 seconds
Iteration 93:	0.0002758503 seconds	0.0000011921 seconds
Iteration 94:	0.0002980232 seconds	0.0000000000 seconds
Iteration 94:	0.0003020763 seconds	0.0000000000 seconds
Iteration 94:	0.0003039837 seconds	0.0000000000 seconds
Iteration 94:	0.0003049374 seconds	0.0000000000 seconds
Iteration 94:	0.0003080368 seconds	0.0000000000 seconds
Iteration 94:	0.0003089905 seconds	0.0000000000 seconds
Iteration 94:	0.0003120899 seconds	0.0000000000 seconds
Iteration 94:	0.0003130436 seconds	0.0000000000 seconds
Iteration 94:	0.0003130436 seconds	0.0000000000 seconds
Iteration 94:	0.0003149509 seconds	0.0000000000 seconds
Iteration 94:	0.0003149509 seconds	0.0000000000 seconds
Iteration 94:	0.0003149509 seconds	0.0000000000 seconds
Iteration 95:	0.0002868176 seconds	0.0000000000 seconds
Iteration 95:	0.0002861023 seconds	0.0000000000 seconds
Iteration 95:	0.0002870560 seconds	0.0000000000 seconds
Iteration 95:	0.0002849102 seconds	0.0000000000 seconds
Iteration 95:	0.0002849102 seconds	0.0000000000 seconds
Iteration 95:	0.0002830029 seconds	0.0000000000 seconds
Iteration 95:	0.0002820492 seconds	0.0000000000 seconds
Iteration 95:	0.0002789497 seconds	0.0000000000 seconds
Iteration 95:	0.0002779961 seconds	0.0000000000 seconds
Iteration 95:	0.0002770424 seconds	0.0000000000 seconds
Iteration 95:	0.0002770424 seconds	0.0000000000 seconds
Iteration 95:	0.0002760887 seconds	0.0000000000 seconds
Iteration 96:	0.0003049374 seconds	0.0000000000 seconds
Iteration 96:	0.0003070831 seconds	0.0000000000 seconds
Iteration 96:	0.0003061295 seconds	0.0000000000 seconds
Iteration 96:	0.0003089905 seconds	0.0000000000 seconds
Iteration 96:	0.0003101826 seconds	0.0000000000 seconds
Iteration 96:	0.0003111362 seconds	0.0000000000 seconds
Iteration 96:	0.0003139973 seconds	0.0000000000 seconds
Iteration 96:	0.0003159046 seconds	0.0000000000 seconds
Iteration 96:	0.0003170967 seconds	0.0000000000 seconds
Iteration 96:	0.0003170967 seconds	0.0000000000 seconds
Iteration 96:	0.0003159046 seconds	0.0000000000 seconds
Iteration 96:	0.0003159046 seconds	0.0000000000 seconds
Iteration 97:	0.0002899170 seconds	0.0000000000 seconds
Iteration 97:	0.0002892017 seconds	0.0000000000 seconds
Iteration 97:	0.0002880096 seconds	0.0000000000 seconds
Iteration 97:	0.0002861023 seconds	0.0000009537 seconds
Iteration 97:	0.0002839565 seconds	0.0000000000 seconds
Iteration 97:	0.0002820492 seconds	0.0000000000 seconds
Iteration 97:	0.0002808571 seconds	0.0000000000 seconds
Iteration 97:	0.0002799034 seconds	0.0000000000 seconds
Iteration 97:	0.0002791882 seconds	0.0000000000 seconds
Iteration 97:	0.0002770424 seconds	0.0000000000 seconds
Iteration 97:	0.0002770424 seconds	0.0000000000 seconds
Iteration 97:	0.0002760887 seconds	0.0000000000 seconds
Iteration 98:	0.0003018379 seconds	0.0000000000 seconds
Iteration 98:	0.0003039837 seconds	0.0000000000 seconds
Iteration 98:	0.0003049374 seconds	0.0000000000 seconds
Iteration 98:	0.0003061295 seconds	0.0000000000 seconds
Iteration 98:	0.0003077984 seconds	0.0000000000 seconds
Iteration 98:	0.0003089905 seconds	0.0000000000 seconds
Iteration 98:	0.0003099442 seconds	0.0000000000 seconds
Iteration 98:	0.0003111362 seconds	0.0000000000 seconds
Iteration 98:	0.0003130436 seconds	0.0000000000 seconds
Iteration 98:	0.0003139973 seconds	0.0000000000 seconds
Iteration 98:	0.0003149509 seconds	0.0000000000 seconds
Iteration 98:	0.0003149509 seconds	0.0000000000 seconds
Iteration 99:	0.0002899170 seconds	0.0000000000 seconds
Iteration 99:	0.0002901554 seconds	0.0000009537 seconds
Iteration 99:	0.0002901554 seconds	0.0000000000 seconds
Total computation time was: 0.029980		Average frame time was: 0.000297		Average Particle interations per second were: 775843703.364725
Iteration 99:	0.0002880096 seconds	0.0000000000 seconds
Iteration 99:	0.0002858639 seconds	0.0000000000 seconds
Iteration 99:	0.0002849102 seconds	0.0000000000 seconds
Iteration 99:	0.0002841949 seconds	0.0000000000 seconds
Iteration 99:	0.0002830029 seconds	0.0000000000 seconds
Iteration 99:	0.0002820492 seconds	0.0000000000 seconds
Iteration 99:	0.0002799034 seconds	0.0000000000 seconds
Iteration 99:	0.0002779961 seconds	0.0000000000 seconds
Iteration 99:	0.0002770424 seconds	0.0000000000 seconds
