[ -1:000]                : Rank 0 is running on comet-07-71.sdsc.edu
[  0:001] init_pprintf   : My dest: 1	My source: 4	My_num_part: 1632
Initalizing particles linear on 0 to 1632
[ -1:000]                : Rank 4 is running on comet-11-62.sdsc.edu
[  4:001] init_pprintf   : My dest: 0	My source: 3	My_num_part: 1632
Initalizing particles linear on 6528 to 8160
[ -1:000]                : Rank 1 is running on comet-11-39.sdsc.edu
[  1:001] init_pprintf   : My dest: 2	My source: 0	My_num_part: 1632
Initalizing particles linear on 1632 to 3264
[ -1:000]                : Rank 3 is running on comet-11-50.sdsc.edu
[  3:001] init_pprintf   : My dest: 4	My source: 2	My_num_part: 1632
Initalizing particles linear on 4896 to 6528
[ -1:000]                : Rank 2 is running on comet-11-48.sdsc.edu
[  2:001] init_pprintf   : My dest: 3	My source: 1	My_num_part: 1632
Initalizing particles linear on 3264 to 4896
Iteration 0:	0.1199491024 seconds	0.0000000000 seconds
Iteration 0:	0.1253678799 seconds	0.0000009537 seconds
Iteration 0:	0.1350409985 seconds	0.0000000000 seconds
Iteration 0:	0.1716110706 seconds	0.0000009537 seconds
Iteration 0:	0.1308929920 seconds	0.0000000000 seconds
Iteration 1:	0.0751049519 seconds	0.0000000000 seconds
Iteration 1:	0.0750598907 seconds	0.0000000000 seconds
Iteration 1:	0.0863070488 seconds	0.0000000000 seconds
Iteration 1:	0.0845620632 seconds	0.0000000000 seconds
Iteration 1:	0.0760030746 seconds	0.0000000000 seconds
Iteration 2:	0.0197482109 seconds	0.0000000000 seconds
Iteration 2:	0.0198469162 seconds	0.0000009537 seconds
Iteration 2:	0.0213770866 seconds	0.0000000000 seconds
Iteration 2:	0.0204939842 seconds	0.0000000000 seconds
Iteration 2:	0.0213561058 seconds	0.0000009537 seconds
Iteration 3:	0.0188360214 seconds	0.0000000000 seconds
Iteration 3:	0.0180878639 seconds	0.0000000000 seconds
Iteration 3:	0.0181899071 seconds	0.0000000000 seconds
Iteration 3:	0.0181498528 seconds	0.0000000000 seconds
Iteration 3:	0.0188329220 seconds	0.0000000000 seconds
Iteration 4:	0.0202589035 seconds	0.0000000000 seconds
Iteration 4:	0.0201761723 seconds	0.0000000000 seconds
Iteration 4:	0.0201859474 seconds	0.0000000000 seconds
Iteration 4:	0.0202159882 seconds	0.0000000000 seconds
Iteration 4:	0.0202178955 seconds	0.0000000000 seconds
Iteration 5:	0.0184831619 seconds	0.0000009537 seconds
Iteration 5:	0.0184800625 seconds	0.0000000000 seconds
Iteration 5:	0.0185289383 seconds	0.0000000000 seconds
Iteration 5:	0.0185608864 seconds	0.0000009537 seconds
Iteration 5:	0.0185201168 seconds	0.0000000000 seconds
Iteration 6:	0.0196630955 seconds	0.0000000000 seconds
Iteration 6:	0.0197620392 seconds	0.0000000000 seconds
Iteration 6:	0.0196750164 seconds	0.0000000000 seconds
Iteration 6:	0.0197570324 seconds	0.0000000000 seconds
Iteration 6:	0.0198090076 seconds	0.0000000000 seconds
Iteration 7:	0.0195219517 seconds	0.0000000000 seconds
Iteration 7:	0.0197598934 seconds	0.0000000000 seconds
Iteration 7:	0.0202720165 seconds	0.0000000000 seconds
Iteration 7:	0.0202760696 seconds	0.0000000000 seconds
Iteration 7:	0.0204410553 seconds	0.0000000000 seconds
Iteration 8:	0.0196530819 seconds	0.0000000000 seconds
Iteration 8:	0.0196540356 seconds	0.0000000000 seconds
Iteration 8:	0.0204420090 seconds	0.0000000000 seconds
Iteration 8:	0.0204510689 seconds	0.0000000000 seconds
Iteration 8:	0.0196759701 seconds	0.0000000000 seconds
Iteration 9:	0.0173439980 seconds	0.0000000000 seconds
Iteration 9:	0.0173749924 seconds	0.0000000000 seconds
Iteration 9:	0.0173461437 seconds	0.0000000000 seconds
Iteration 9:	0.0174019337 seconds	0.0000000000 seconds
Iteration 9:	0.0174100399 seconds	0.0000000000 seconds
Iteration 10:	0.0192079544 seconds	0.0000000000 seconds
Iteration 10:	0.0191509724 seconds	0.0000000000 seconds
Iteration 10:	0.0190520287 seconds	0.0000000000 seconds
Iteration 10:	0.0192098618 seconds	0.0000000000 seconds
Iteration 10:	0.0192258358 seconds	0.0000011921 seconds
Iteration 11:	0.0177969933 seconds	0.0000000000 seconds
Iteration 11:	0.0177409649 seconds	0.0000000000 seconds
Iteration 11:	0.0179309845 seconds	0.0000000000 seconds
Iteration 11:	0.0179321766 seconds	0.0000000000 seconds
Iteration 11:	0.0179269314 seconds	0.0000000000 seconds
Iteration 12:	0.0197980404 seconds	0.0000000000 seconds
Iteration 12:	0.0197720528 seconds	0.0000000000 seconds
Iteration 12:	0.0203499794 seconds	0.0000000000 seconds
Iteration 12:	0.0203139782 seconds	0.0000000000 seconds
Iteration 12:	0.0203359127 seconds	0.0000000000 seconds
Iteration 13:	0.0177700520 seconds	0.0000000000 seconds
Iteration 13:	0.0178599358 seconds	0.0000000000 seconds
Iteration 13:	0.0179300308 seconds	0.0000000000 seconds
Iteration 13:	0.0186650753 seconds	0.0000000000 seconds
Iteration 13:	0.0187861919 seconds	0.0000000000 seconds
Iteration 14:	0.0189177990 seconds	0.0000000000 seconds
Iteration 14:	0.0190379620 seconds	0.0000000000 seconds
Iteration 14:	0.0188779831 seconds	0.0000000000 seconds
Iteration 14:	0.0189769268 seconds	0.0000000000 seconds
Iteration 14:	0.0190370083 seconds	0.0000000000 seconds
Iteration 15:	0.0176608562 seconds	0.0000000000 seconds
Iteration 15:	0.0176959038 seconds	0.0000000000 seconds
Iteration 15:	0.0177769661 seconds	0.0000000000 seconds
Iteration 15:	0.0177431107 seconds	0.0000000000 seconds
Iteration 15:	0.0177159309 seconds	0.0000000000 seconds
Iteration 16:	0.0191540718 seconds	0.0000000000 seconds
Iteration 16:	0.0190100670 seconds	0.0000000000 seconds
Iteration 16:	0.0190160275 seconds	0.0000000000 seconds
Iteration 16:	0.0190598965 seconds	0.0000000000 seconds
Iteration 16:	0.0191149712 seconds	0.0000000000 seconds
Iteration 17:	0.0172371864 seconds	0.0000000000 seconds
Iteration 17:	0.0173158646 seconds	0.0000000000 seconds
Iteration 17:	0.0172879696 seconds	0.0000000000 seconds
Iteration 17:	0.0174350739 seconds	0.0000000000 seconds
Iteration 17:	0.0174431801 seconds	0.0000000000 seconds
Iteration 18:	0.0188641548 seconds	0.0000009537 seconds
Iteration 18:	0.0188560486 seconds	0.0000000000 seconds
Iteration 18:	0.0188808441 seconds	0.0000000000 seconds
Iteration 18:	0.0188250542 seconds	0.0000000000 seconds
Iteration 18:	0.0188150406 seconds	0.0000009537 seconds
Iteration 19:	0.0174851418 seconds	0.0000000000 seconds
Iteration 19:	0.0174829960 seconds	0.0000000000 seconds
Iteration 19:	0.0174429417 seconds	0.0000000000 seconds
Iteration 19:	0.0174229145 seconds	0.0000000000 seconds
Iteration 19:	0.0174839497 seconds	0.0000000000 seconds
Iteration 20:	0.0190379620 seconds	0.0000000000 seconds
Iteration 20:	0.0191328526 seconds	0.0000000000 seconds
Iteration 20:	0.0190799236 seconds	0.0000000000 seconds
Iteration 20:	0.0191679001 seconds	0.0000000000 seconds
Iteration 20:	0.0191199780 seconds	0.0000009537 seconds
Iteration 21:	0.0175871849 seconds	0.0000000000 seconds
Iteration 21:	0.0175781250 seconds	0.0000000000 seconds
Iteration 21:	0.0176441669 seconds	0.0000000000 seconds
Iteration 21:	0.0175769329 seconds	0.0000000000 seconds
Iteration 21:	0.0176069736 seconds	0.0000000000 seconds
Iteration 22:	0.0192928314 seconds	0.0000000000 seconds
Iteration 22:	0.0192580223 seconds	0.0000000000 seconds
Iteration 22:	0.0192959309 seconds	0.0000000000 seconds
Iteration 22:	0.0193240643 seconds	0.0000000000 seconds
Iteration 22:	0.0192918777 seconds	0.0000000000 seconds
Iteration 23:	0.0175051689 seconds	0.0000000000 seconds
Iteration 23:	0.0175778866 seconds	0.0000000000 seconds
Iteration 23:	0.0176379681 seconds	0.0000000000 seconds
Iteration 23:	0.0176649094 seconds	0.0000000000 seconds
Iteration 23:	0.0175750256 seconds	0.0000009537 seconds
Iteration 24:	0.0190351009 seconds	0.0000000000 seconds
Iteration 24:	0.0190179348 seconds	0.0000000000 seconds
Iteration 24:	0.0190010071 seconds	0.0000000000 seconds
Iteration 24:	0.0190131664 seconds	0.0000009537 seconds
Iteration 24:	0.0190110207 seconds	0.0000000000 seconds
Iteration 25:	0.0175080299 seconds	0.0000000000 seconds
Iteration 25:	0.0176150799 seconds	0.0000000000 seconds
Iteration 25:	0.0177268982 seconds	0.0000000000 seconds
Iteration 25:	0.0177040100 seconds	0.0000000000 seconds
Iteration 25:	0.0176949501 seconds	0.0000000000 seconds
Iteration 26:	0.0191960335 seconds	0.0000000000 seconds
Iteration 26:	0.0191810131 seconds	0.0000000000 seconds
Iteration 26:	0.0191769600 seconds	0.0000000000 seconds
Iteration 26:	0.0193479061 seconds	0.0000000000 seconds
Iteration 26:	0.0195140839 seconds	0.0000000000 seconds
Iteration 27:	0.0176718235 seconds	0.0000011921 seconds
Iteration 27:	0.0175800323 seconds	0.0000009537 seconds
Iteration 27:	0.0177228451 seconds	0.0000000000 seconds
Iteration 27:	0.0177619457 seconds	0.0000000000 seconds
Iteration 27:	0.0177590847 seconds	0.0000000000 seconds
Iteration 28:	0.0190248489 seconds	0.0000000000 seconds
Iteration 28:	0.0189838409 seconds	0.0000000000 seconds
Iteration 28:	0.0190920830 seconds	0.0000000000 seconds
Iteration 28:	0.0190079212 seconds	0.0000000000 seconds
Iteration 28:	0.0191750526 seconds	0.0000000000 seconds
Iteration 29:	0.0174150467 seconds	0.0000000000 seconds
Iteration 29:	0.0174329281 seconds	0.0000000000 seconds
Iteration 29:	0.0174300671 seconds	0.0000009537 seconds
Iteration 29:	0.0174460411 seconds	0.0000000000 seconds
Iteration 29:	0.0174069405 seconds	0.0000000000 seconds
Iteration 30:	0.0189990997 seconds	0.0000000000 seconds
Iteration 30:	0.0190210342 seconds	0.0000000000 seconds
Iteration 30:	0.0190069675 seconds	0.0000000000 seconds
Iteration 30:	0.0190479755 seconds	0.0000000000 seconds
Iteration 30:	0.0190498829 seconds	0.0000000000 seconds
Iteration 31:	0.0173370838 seconds	0.0000000000 seconds
Iteration 31:	0.0173799992 seconds	0.0000000000 seconds
Iteration 31:	0.0173480511 seconds	0.0000000000 seconds
Iteration 31:	0.0173618793 seconds	0.0000000000 seconds
Iteration 31:	0.0174310207 seconds	0.0000000000 seconds
Iteration 32:	0.0189919472 seconds	0.0000000000 seconds
Iteration 32:	0.0189960003 seconds	0.0000000000 seconds
Iteration 32:	0.0190279484 seconds	0.0000000000 seconds
Iteration 32:	0.0190279484 seconds	0.0000000000 seconds
Iteration 32:	0.0191059113 seconds	0.0000000000 seconds
Iteration 33:	0.0174231529 seconds	0.0000000000 seconds
Iteration 33:	0.0174331665 seconds	0.0000000000 seconds
Iteration 33:	0.0174391270 seconds	0.0000000000 seconds
Iteration 33:	0.0174968243 seconds	0.0000000000 seconds
Iteration 33:	0.0174970627 seconds	0.0000000000 seconds
Iteration 34:	0.0190010071 seconds	0.0000000000 seconds
Iteration 34:	0.0192079544 seconds	0.0000000000 seconds
Iteration 34:	0.0191321373 seconds	0.0000000000 seconds
Iteration 34:	0.0192000866 seconds	0.0000009537 seconds
Iteration 34:	0.0191860199 seconds	0.0000000000 seconds
Iteration 35:	0.0175540447 seconds	0.0000000000 seconds
Iteration 35:	0.0175499916 seconds	0.0000000000 seconds
Iteration 35:	0.0175349712 seconds	0.0000000000 seconds
Iteration 35:	0.0175640583 seconds	0.0000000000 seconds
Iteration 35:	0.0177409649 seconds	0.0000000000 seconds
Iteration 36:	0.0188970566 seconds	0.0000009537 seconds
Iteration 36:	0.0188388824 seconds	0.0000000000 seconds
Iteration 36:	0.0195069313 seconds	0.0000000000 seconds
Iteration 36:	0.0195319653 seconds	0.0000000000 seconds
Iteration 36:	0.0195460320 seconds	0.0000000000 seconds
Iteration 37:	0.0193619728 seconds	0.0000000000 seconds
Iteration 37:	0.0194318295 seconds	0.0000000000 seconds
Iteration 37:	0.0189130306 seconds	0.0000000000 seconds
Iteration 37:	0.0188791752 seconds	0.0000000000 seconds
Iteration 37:	0.0189149380 seconds	0.0000000000 seconds
Iteration 38:	0.0203189850 seconds	0.0000000000 seconds
Iteration 38:	0.0204319954 seconds	0.0000000000 seconds
Iteration 38:	0.0202710629 seconds	0.0000000000 seconds
Iteration 38:	0.0202500820 seconds	0.0000000000 seconds
Iteration 38:	0.0202450752 seconds	0.0000000000 seconds
Iteration 39:	0.0174319744 seconds	0.0000000000 seconds
Iteration 39:	0.0175778866 seconds	0.0000000000 seconds
Iteration 39:	0.0174839497 seconds	0.0000000000 seconds
Total computation time was: 0.959050		Average frame time was: 0.023908		Average Particle interations per second were: 2785041270.463536
Iteration 39:	0.0175609589 seconds	0.0000000000 seconds
Iteration 39:	0.0174930096 seconds	0.0000000000 seconds
