[ -1:000]                : Rank 3 is running on comet-23-59.sdsc.edu
[ -1:000]                : Rank 1 is running on comet-23-59.sdsc.edu
[  3:001] init_pprintf   : My dest: 4	My source: 2	My_num_part: 1020
[  1:001] init_pprintf   : My dest: 2	My source: 0	My_num_part: 1020
[ -1:000]                : Rank 7 is running on comet-23-59.sdsc.edu
[  7:001] init_pprintf   : My dest: 0	My source: 6	My_num_part: 1020
[ -1:000]                : Rank 5 is running on comet-23-59.sdsc.edu
[ -1:000]                : Rank 0 is running on comet-23-59.sdsc.edu
[ -1:000]                : Rank 4 is running on comet-23-59.sdsc.edu
[ -1:000]                : Rank 6 is running on comet-23-59.sdsc.edu
[  5:001] init_pprintf   : My dest: 6	My source: 4	My_num_part: 1020
[ -1:000]                : Rank 2 is running on comet-23-59.sdsc.edu
[  0:001] init_pprintf   : My dest: 1	My source: 7	My_num_part: 1020
[  4:001] init_pprintf   : My dest: 5	My source: 3	My_num_part: 1020
[  6:001] init_pprintf   : My dest: 7	My source: 5	My_num_part: 1020
[  2:001] init_pprintf   : My dest: 3	My source: 1	My_num_part: 1020
Initalizing particles linear on 7140 to 8160
Initalizing particles linear on 1020 to 2040
Initalizing particles linear on 3060 to 4080
Initalizing particles linear on 5100 to 6120
Initalizing particles linear on 0 to 1020
Initalizing particles linear on 2040 to 3060
Initalizing particles linear on 4080 to 5100
Initalizing particles linear on 6120 to 7140
Iteration 0:	0.1074209213 seconds	0.0000000000 seconds
Iteration 0:	0.1073908806 seconds	0.0000000000 seconds
Iteration 0:	0.1074669361 seconds	0.0000000000 seconds
Iteration 0:	0.1074519157 seconds	0.0000000000 seconds
Iteration 0:	0.1075289249 seconds	0.0000000000 seconds
Iteration 0:	0.1076049805 seconds	0.0000009537 seconds
Iteration 0:	0.1077859402 seconds	0.0000000000 seconds
Iteration 0:	0.1078188419 seconds	0.0000000000 seconds
Iteration 1:	0.0963311195 seconds	0.0000000000 seconds
Iteration 1:	0.0963299274 seconds	0.0000000000 seconds
Iteration 1:	0.0964519978 seconds	0.0000009537 seconds
Iteration 1:	0.0965030193 seconds	0.0000000000 seconds
Iteration 1:	0.0966250896 seconds	0.0000000000 seconds
Iteration 1:	0.0965790749 seconds	0.0000000000 seconds
Iteration 1:	0.0966022015 seconds	0.0000000000 seconds
Iteration 1:	0.0966000557 seconds	0.0000000000 seconds
Iteration 2:	0.1067922115 seconds	0.0000000000 seconds
Iteration 2:	0.1068170071 seconds	0.0000000000 seconds
Iteration 2:	0.1068840027 seconds	0.0000000000 seconds
Iteration 2:	0.1068511009 seconds	0.0000000000 seconds
Iteration 2:	0.1069438457 seconds	0.0000000000 seconds
Iteration 2:	0.1069030762 seconds	0.0000000000 seconds
Iteration 2:	0.1068959236 seconds	0.0000000000 seconds
Iteration 2:	0.1068959236 seconds	0.0000000000 seconds
Iteration 3:	0.0967631340 seconds	0.0000000000 seconds
Iteration 3:	0.0967879295 seconds	0.0000000000 seconds
Iteration 3:	0.0967099667 seconds	0.0000000000 seconds
Iteration 3:	0.0967018604 seconds	0.0000000000 seconds
Iteration 3:	0.0967619419 seconds	0.0000000000 seconds
Iteration 3:	0.0967991352 seconds	0.0000000000 seconds
Iteration 3:	0.0968978405 seconds	0.0000000000 seconds
Iteration 3:	0.0968968868 seconds	0.0000000000 seconds
Iteration 4:	0.1075398922 seconds	0.0000000000 seconds
Iteration 4:	0.1075730324 seconds	0.0000000000 seconds
Iteration 4:	0.1076719761 seconds	0.0000000000 seconds
Iteration 4:	0.1077079773 seconds	0.0000000000 seconds
Iteration 4:	0.1076600552 seconds	0.0000000000 seconds
Iteration 4:	0.1076350212 seconds	0.0000000000 seconds
Iteration 4:	0.1076560020 seconds	0.0000000000 seconds
Iteration 4:	0.1076560020 seconds	0.0000000000 seconds
Iteration 5:	0.0968921185 seconds	0.0000000000 seconds
Iteration 5:	0.0968620777 seconds	0.0000000000 seconds
Iteration 5:	0.0968251228 seconds	0.0000000000 seconds
Iteration 5:	0.0968389511 seconds	0.0000000000 seconds
Iteration 5:	0.0970499516 seconds	0.0000009537 seconds
Iteration 5:	0.0971159935 seconds	0.0000000000 seconds
Iteration 5:	0.0970640182 seconds	0.0000000000 seconds
Iteration 5:	0.0970640182 seconds	0.0000000000 seconds
Iteration 6:	0.1077148914 seconds	0.0000000000 seconds
Iteration 6:	0.1077148914 seconds	0.0000000000 seconds
Iteration 6:	0.1077139378 seconds	0.0000000000 seconds
Iteration 6:	0.1077730656 seconds	0.0000000000 seconds
Iteration 6:	0.1075041294 seconds	0.0000000000 seconds
Iteration 6:	0.1074180603 seconds	0.0000009537 seconds
Iteration 6:	0.1074590683 seconds	0.0000000000 seconds
Iteration 6:	0.1074609756 seconds	0.0000000000 seconds
Iteration 7:	0.0968270302 seconds	0.0000000000 seconds
Iteration 7:	0.0968270302 seconds	0.0000000000 seconds
Iteration 7:	0.0968229771 seconds	0.0000000000 seconds
Iteration 7:	0.0968220234 seconds	0.0000000000 seconds
Iteration 7:	0.0968620777 seconds	0.0000000000 seconds
Iteration 7:	0.0968608856 seconds	0.0000000000 seconds
Iteration 7:	0.0968098640 seconds	0.0000000000 seconds
Iteration 7:	0.0968110561 seconds	0.0000000000 seconds
Iteration 8:	0.1075239182 seconds	0.0000000000 seconds
Iteration 8:	0.1075239182 seconds	0.0000000000 seconds
Iteration 8:	0.1075260639 seconds	0.0000000000 seconds
Iteration 8:	0.1075251102 seconds	0.0000000000 seconds
Iteration 8:	0.1075010300 seconds	0.0000000000 seconds
Iteration 8:	0.1074988842 seconds	0.0000000000 seconds
Iteration 8:	0.1074998379 seconds	0.0000000000 seconds
Iteration 8:	0.1074988842 seconds	0.0000009537 seconds
Iteration 9:	0.0964651108 seconds	0.0000000000 seconds
Iteration 9:	0.0965330601 seconds	0.0000000000 seconds
Iteration 9:	0.0964508057 seconds	0.0000000000 seconds
Iteration 9:	0.0964729786 seconds	0.0000000000 seconds
Iteration 9:	0.0963799953 seconds	0.0000000000 seconds
Iteration 9:	0.0964097977 seconds	0.0000000000 seconds
Iteration 9:	0.0963890553 seconds	0.0000000000 seconds
Iteration 9:	0.0963881016 seconds	0.0000000000 seconds
Iteration 10:	0.1069278717 seconds	0.0000000000 seconds
Iteration 10:	0.1068899632 seconds	0.0000000000 seconds
Iteration 10:	0.1068789959 seconds	0.0000000000 seconds
Iteration 10:	0.1068739891 seconds	0.0000000000 seconds
Iteration 10:	0.1068592072 seconds	0.0000000000 seconds
Iteration 10:	0.1068341732 seconds	0.0000000000 seconds
Iteration 10:	0.1068038940 seconds	0.0000000000 seconds
Iteration 10:	0.1068038940 seconds	0.0000000000 seconds
Iteration 11:	0.0961201191 seconds	0.0000000000 seconds
Iteration 11:	0.0960979462 seconds	0.0000000000 seconds
Iteration 11:	0.0960779190 seconds	0.0000000000 seconds
Iteration 11:	0.0961060524 seconds	0.0000000000 seconds
Iteration 11:	0.0961170197 seconds	0.0000000000 seconds
Iteration 11:	0.0961470604 seconds	0.0000000000 seconds
Iteration 11:	0.0961358547 seconds	0.0000000000 seconds
Iteration 11:	0.0961349010 seconds	0.0000000000 seconds
Iteration 12:	0.1068439484 seconds	0.0000000000 seconds
Iteration 12:	0.1068899632 seconds	0.0000000000 seconds
Iteration 12:	0.1068768501 seconds	0.0000000000 seconds
Iteration 12:	0.1068501472 seconds	0.0000000000 seconds
Iteration 12:	0.1068251133 seconds	0.0000009537 seconds
Iteration 12:	0.1068370342 seconds	0.0000000000 seconds
Iteration 12:	0.1068389416 seconds	0.0000000000 seconds
Iteration 12:	0.1068391800 seconds	0.0000000000 seconds
Iteration 13:	0.0961928368 seconds	0.0000000000 seconds
Iteration 13:	0.0961418152 seconds	0.0000000000 seconds
Iteration 13:	0.0961120129 seconds	0.0000000000 seconds
Iteration 13:	0.0961680412 seconds	0.0000000000 seconds
Iteration 13:	0.0961740017 seconds	0.0000000000 seconds
Iteration 13:	0.0961821079 seconds	0.0000000000 seconds
Iteration 13:	0.0961620808 seconds	0.0000000000 seconds
Iteration 13:	0.0961599350 seconds	0.0000000000 seconds
Iteration 14:	0.1070020199 seconds	0.0000000000 seconds
Iteration 14:	0.1070008278 seconds	0.0000000000 seconds
Iteration 14:	0.1070439816 seconds	0.0000000000 seconds
Iteration 14:	0.1071109772 seconds	0.0000000000 seconds
Iteration 14:	0.1071250439 seconds	0.0000000000 seconds
Iteration 14:	0.1070709229 seconds	0.0000000000 seconds
Iteration 14:	0.1071159840 seconds	0.0000000000 seconds
Iteration 14:	0.1071159840 seconds	0.0000000000 seconds
Iteration 15:	0.0962140560 seconds	0.0000000000 seconds
Iteration 15:	0.0962150097 seconds	0.0000000000 seconds
Iteration 15:	0.0960988998 seconds	0.0000000000 seconds
Iteration 15:	0.0960979462 seconds	0.0000000000 seconds
Iteration 15:	0.0960419178 seconds	0.0000000000 seconds
Iteration 15:	0.0960428715 seconds	0.0000000000 seconds
Iteration 15:	0.0960350037 seconds	0.0000009537 seconds
Iteration 15:	0.0960369110 seconds	0.0000000000 seconds
Iteration 16:	0.1065700054 seconds	0.0000000000 seconds
Iteration 16:	0.1066088676 seconds	0.0000000000 seconds
Iteration 16:	0.1066200733 seconds	0.0000000000 seconds
Iteration 16:	0.1066539288 seconds	0.0000000000 seconds
Iteration 16:	0.1066250801 seconds	0.0000000000 seconds
Iteration 16:	0.1066689491 seconds	0.0000000000 seconds
Iteration 16:	0.1066160202 seconds	0.0000000000 seconds
Iteration 16:	0.1066150665 seconds	0.0000000000 seconds
Iteration 17:	0.0960218906 seconds	0.0000000000 seconds
Iteration 17:	0.0960071087 seconds	0.0000000000 seconds
Iteration 17:	0.0959949493 seconds	0.0000009537 seconds
Iteration 17:	0.0960130692 seconds	0.0000000000 seconds
Iteration 17:	0.0959649086 seconds	0.0000000000 seconds
Iteration 17:	0.0959851742 seconds	0.0000000000 seconds
Iteration 17:	0.0959801674 seconds	0.0000000000 seconds
Iteration 17:	0.0959801674 seconds	0.0000000000 seconds
Iteration 18:	0.1066670418 seconds	0.0000000000 seconds
Iteration 18:	0.1066520214 seconds	0.0000000000 seconds
Iteration 18:	0.1067049503 seconds	0.0000000000 seconds
Iteration 18:	0.1066529751 seconds	0.0000000000 seconds
Iteration 18:	0.1066799164 seconds	0.0000000000 seconds
Iteration 18:	0.1066150665 seconds	0.0000000000 seconds
Iteration 18:	0.1065881252 seconds	0.0000000000 seconds
Iteration 18:	0.1065869331 seconds	0.0000000000 seconds
Iteration 19:	0.0962300301 seconds	0.0000000000 seconds
Iteration 19:	0.0962259769 seconds	0.0000000000 seconds
Iteration 19:	0.0961449146 seconds	0.0000000000 seconds
Iteration 19:	0.0961968899 seconds	0.0000000000 seconds
Iteration 19:	0.0962178707 seconds	0.0000000000 seconds
Iteration 19:	0.0962889194 seconds	0.0000000000 seconds
Iteration 19:	0.0963349342 seconds	0.0000000000 seconds
Iteration 19:	0.0963349342 seconds	0.0000000000 seconds
Iteration 20:	0.1067540646 seconds	0.0000000000 seconds
Iteration 20:	0.1067540646 seconds	0.0000000000 seconds
Iteration 20:	0.1067950726 seconds	0.0000000000 seconds
Iteration 20:	0.1068480015 seconds	0.0000000000 seconds
Iteration 20:	0.1067361832 seconds	0.0000000000 seconds
Iteration 20:	0.1066641808 seconds	0.0000000000 seconds
Iteration 20:	0.1066980362 seconds	0.0000000000 seconds
Iteration 20:	0.1066970825 seconds	0.0000000000 seconds
Iteration 21:	0.0959839821 seconds	0.0000000000 seconds
Iteration 21:	0.0959839821 seconds	0.0000000000 seconds
Iteration 21:	0.0959539413 seconds	0.0000000000 seconds
Iteration 21:	0.0959539413 seconds	0.0000000000 seconds
Iteration 21:	0.0960049629 seconds	0.0000000000 seconds
Iteration 21:	0.0960061550 seconds	0.0000000000 seconds
Iteration 21:	0.0959980488 seconds	0.0000000000 seconds
Iteration 21:	0.0959978104 seconds	0.0000000000 seconds
Iteration 22:	0.1066029072 seconds	0.0000000000 seconds
Iteration 22:	0.1066019535 seconds	0.0000000000 seconds
Iteration 22:	0.1066110134 seconds	0.0000000000 seconds
Iteration 22:	0.1066110134 seconds	0.0000000000 seconds
Iteration 22:	0.1065959930 seconds	0.0000000000 seconds
Iteration 22:	0.1065959930 seconds	0.0000011921 seconds
Iteration 22:	0.1066460609 seconds	0.0000000000 seconds
Iteration 22:	0.1066460609 seconds	0.0000000000 seconds
Iteration 23:	0.0960838795 seconds	0.0000000000 seconds
Iteration 23:	0.0961978436 seconds	0.0000000000 seconds
Iteration 23:	0.0962557793 seconds	0.0000000000 seconds
Iteration 23:	0.0963151455 seconds	0.0000000000 seconds
Iteration 23:	0.0963058472 seconds	0.0000000000 seconds
Iteration 23:	0.0963709354 seconds	0.0000000000 seconds
Iteration 23:	0.0962419510 seconds	0.0000000000 seconds
Iteration 23:	0.0962409973 seconds	0.0000000000 seconds
Iteration 24:	0.1066470146 seconds	0.0000000000 seconds
Iteration 24:	0.1065990925 seconds	0.0000000000 seconds
Iteration 24:	0.1064841747 seconds	0.0000000000 seconds
Iteration 24:	0.1064720154 seconds	0.0000000000 seconds
Iteration 24:	0.1064620018 seconds	0.0000000000 seconds
Iteration 24:	0.1064519882 seconds	0.0000000000 seconds
Iteration 24:	0.1064388752 seconds	0.0000000000 seconds
Iteration 24:	0.1064400673 seconds	0.0000009537 seconds
Iteration 25:	0.0968029499 seconds	0.0000000000 seconds
Iteration 25:	0.0968630314 seconds	0.0000000000 seconds
Iteration 25:	0.0968449116 seconds	0.0000000000 seconds
Iteration 25:	0.0967988968 seconds	0.0000000000 seconds
Iteration 25:	0.0968708992 seconds	0.0000000000 seconds
Iteration 25:	0.0968148708 seconds	0.0000000000 seconds
Iteration 25:	0.0968811512 seconds	0.0000000000 seconds
Iteration 25:	0.0968799591 seconds	0.0000000000 seconds
Iteration 26:	0.1067330837 seconds	0.0000000000 seconds
Iteration 26:	0.1067979336 seconds	0.0000000000 seconds
Iteration 26:	0.1067869663 seconds	0.0000000000 seconds
Iteration 26:	0.1067860126 seconds	0.0000000000 seconds
Iteration 26:	0.1067130566 seconds	0.0000000000 seconds
Iteration 26:	0.1067121029 seconds	0.0000009537 seconds
Iteration 26:	0.1066250801 seconds	0.0000000000 seconds
Iteration 26:	0.1066269875 seconds	0.0000000000 seconds
Iteration 27:	0.0958712101 seconds	0.0000000000 seconds
Iteration 27:	0.0958061218 seconds	0.0000000000 seconds
Iteration 27:	0.0957319736 seconds	0.0000000000 seconds
Iteration 27:	0.0957391262 seconds	0.0000000000 seconds
Iteration 27:	0.0957918167 seconds	0.0000000000 seconds
Iteration 27:	0.0957927704 seconds	0.0000000000 seconds
Iteration 27:	0.0958859921 seconds	0.0000000000 seconds
Iteration 27:	0.0958890915 seconds	0.0000000000 seconds
Iteration 28:	0.1066191196 seconds	0.0000000000 seconds
Iteration 28:	0.1066200733 seconds	0.0000000000 seconds
Iteration 28:	0.1067450047 seconds	0.0000000000 seconds
Iteration 28:	0.1067390442 seconds	0.0000000000 seconds
Iteration 28:	0.1067399979 seconds	0.0000000000 seconds
Iteration 28:	0.1067399979 seconds	0.0000000000 seconds
Iteration 28:	0.1067459583 seconds	0.0000000000 seconds
Iteration 28:	0.1067469120 seconds	0.0000000000 seconds
Iteration 29:	0.0959708691 seconds	0.0000000000 seconds
Iteration 29:	0.0959699154 seconds	0.0000000000 seconds
Iteration 29:	0.0959498882 seconds	0.0000000000 seconds
Iteration 29:	0.0959489346 seconds	0.0000000000 seconds
Iteration 29:	0.0959498882 seconds	0.0000000000 seconds
Iteration 29:	0.0959980488 seconds	0.0000000000 seconds
Iteration 29:	0.0960009098 seconds	0.0000000000 seconds
Iteration 29:	0.0959990025 seconds	0.0000000000 seconds
Iteration 30:	0.1064560413 seconds	0.0000000000 seconds
Iteration 30:	0.1064789295 seconds	0.0000009537 seconds
Iteration 30:	0.1064710617 seconds	0.0000000000 seconds
Iteration 30:	0.1065211296 seconds	0.0000000000 seconds
Iteration 30:	0.1064629555 seconds	0.0000000000 seconds
Iteration 30:	0.1064469814 seconds	0.0000000000 seconds
Iteration 30:	0.1064298153 seconds	0.0000000000 seconds
Iteration 30:	0.1064279079 seconds	0.0000000000 seconds
Iteration 31:	0.0959148407 seconds	0.0000000000 seconds
Iteration 31:	0.0960171223 seconds	0.0000000000 seconds
Iteration 31:	0.0958750248 seconds	0.0000000000 seconds
Iteration 31:	0.0959608555 seconds	0.0000000000 seconds
Iteration 31:	0.0958800316 seconds	0.0000000000 seconds
Iteration 31:	0.0960581303 seconds	0.0000000000 seconds
Iteration 31:	0.0959129333 seconds	0.0000000000 seconds
Iteration 31:	0.0959141254 seconds	0.0000000000 seconds
Iteration 32:	0.1065490246 seconds	0.0000000000 seconds
Iteration 32:	0.1065599918 seconds	0.0000000000 seconds
Iteration 32:	0.1066830158 seconds	0.0000000000 seconds
Iteration 32:	0.1065869331 seconds	0.0000000000 seconds
Iteration 32:	0.1066780090 seconds	0.0000000000 seconds
Iteration 32:	0.1064879894 seconds	0.0000000000 seconds
Iteration 32:	0.1066529751 seconds	0.0000000000 seconds
Iteration 32:	0.1066548824 seconds	0.0000000000 seconds
Iteration 33:	0.0963459015 seconds	0.0000011921 seconds
Iteration 33:	0.0962398052 seconds	0.0000000000 seconds
Iteration 33:	0.0961949825 seconds	0.0000000000 seconds
Iteration 33:	0.0962829590 seconds	0.0000000000 seconds
Iteration 33:	0.0963108540 seconds	0.0000000000 seconds
Iteration 33:	0.0963461399 seconds	0.0000000000 seconds
Iteration 33:	0.0962381363 seconds	0.0000000000 seconds
Iteration 33:	0.0962400436 seconds	0.0000000000 seconds
Iteration 34:	0.1066510677 seconds	0.0000000000 seconds
Iteration 34:	0.1066219807 seconds	0.0000000000 seconds
Iteration 34:	0.1066980362 seconds	0.0000000000 seconds
Iteration 34:	0.1065680981 seconds	0.0000000000 seconds
Iteration 34:	0.1065158844 seconds	0.0000000000 seconds
Iteration 34:	0.1065001488 seconds	0.0000000000 seconds
Iteration 34:	0.1066069603 seconds	0.0000000000 seconds
Iteration 34:	0.1066069603 seconds	0.0000000000 seconds
Iteration 35:	0.0962789059 seconds	0.0000000000 seconds
Iteration 35:	0.0962798595 seconds	0.0000000000 seconds
Iteration 35:	0.0962429047 seconds	0.0000000000 seconds
Iteration 35:	0.0962440968 seconds	0.0000000000 seconds
Iteration 35:	0.0962619781 seconds	0.0000000000 seconds
Iteration 35:	0.0962328911 seconds	0.0000000000 seconds
Iteration 35:	0.0960469246 seconds	0.0000000000 seconds
Iteration 35:	0.0960469246 seconds	0.0000000000 seconds
Iteration 36:	0.1067061424 seconds	0.0000000000 seconds
Iteration 36:	0.1067399979 seconds	0.0000000000 seconds
Iteration 36:	0.1068179607 seconds	0.0000000000 seconds
Iteration 36:	0.1068599224 seconds	0.0000000000 seconds
Iteration 36:	0.1069281101 seconds	0.0000000000 seconds
Iteration 36:	0.1069660187 seconds	0.0000000000 seconds
Iteration 36:	0.1071400642 seconds	0.0000000000 seconds
Iteration 36:	0.1071288586 seconds	0.0000000000 seconds
Iteration 37:	0.0962629318 seconds	0.0000000000 seconds
Iteration 37:	0.0962748528 seconds	0.0000000000 seconds
Iteration 37:	0.0961408615 seconds	0.0000000000 seconds
Iteration 37:	0.0961940289 seconds	0.0000000000 seconds
Iteration 37:	0.0960547924 seconds	0.0000000000 seconds
Iteration 37:	0.0961480141 seconds	0.0000000000 seconds
Iteration 37:	0.0960879326 seconds	0.0000000000 seconds
Iteration 37:	0.0960869789 seconds	0.0000000000 seconds
Iteration 38:	0.1067719460 seconds	0.0000000000 seconds
Iteration 38:	0.1067309380 seconds	0.0000009537 seconds
Iteration 38:	0.1067428589 seconds	0.0000000000 seconds
Iteration 38:	0.1068379879 seconds	0.0000000000 seconds
Iteration 38:	0.1068351269 seconds	0.0000000000 seconds
Iteration 38:	0.1067030430 seconds	0.0000000000 seconds
Iteration 38:	0.1067638397 seconds	0.0000000000 seconds
Iteration 38:	0.1067640781 seconds	0.0000000000 seconds
Iteration 39:	0.0961639881 seconds	0.0000000000 seconds
Iteration 39:	0.0961630344 seconds	0.0000000000 seconds
Iteration 39:	0.0961070061 seconds	0.0000000000 seconds
Iteration 39:	0.0961070061 seconds	0.0000000000 seconds
Iteration 39:	0.0961520672 seconds	0.0000000000 seconds
Iteration 39:	0.0961549282 seconds	0.0000000000 seconds
Iteration 39:	0.0961930752 seconds	0.0000000000 seconds
Iteration 39:	0.0961940289 seconds	0.0000000000 seconds
Total computation time was: 4.064090		Average frame time was: 0.101598		Average Particle interations per second were: 655384860.612392
