[ -1:000]                : Rank 2 is running on comet-25-20.sdsc.edu
[ -1:000]                : Rank 1 is running on comet-25-20.sdsc.edu
[ -1:000]                : Rank 0 is running on comet-25-20.sdsc.edu
[ -1:000]                : Rank 3 is running on comet-25-20.sdsc.edu
[  2:001] init_pprintf   : My dest: 3	My source: 1	My_num_part: 2040
[  1:001] init_pprintf   : My dest: 2	My source: 0	My_num_part: 2040
[  0:001] init_pprintf   : My dest: 1	My source: 3	My_num_part: 2040
[  3:001] init_pprintf   : My dest: 0	My source: 2	My_num_part: 2040
Initalizing particles linear on 0 to 2040
Initalizing particles linear on 2040 to 4080
Initalizing particles linear on 6120 to 8160
Initalizing particles linear on 4080 to 6120
Iteration 0:	0.2291870117 seconds	0.0000000000 seconds
Iteration 0:	0.2292480469 seconds	0.0000000000 seconds
Iteration 0:	0.2292490005 seconds	0.0000000000 seconds
Iteration 0:	0.2294259071 seconds	0.0000000000 seconds
Iteration 1:	0.1989369392 seconds	0.0000000000 seconds
Iteration 1:	0.1992149353 seconds	0.0000000000 seconds
Iteration 1:	0.1992149353 seconds	0.0000000000 seconds
Iteration 1:	0.1992158890 seconds	0.0000000000 seconds
Iteration 2:	0.2282199860 seconds	0.0000000000 seconds
Iteration 2:	0.2287340164 seconds	0.0000000000 seconds
Iteration 2:	0.2287340164 seconds	0.0000000000 seconds
Iteration 2:	0.2287168503 seconds	0.0000000000 seconds
Iteration 3:	0.1983780861 seconds	0.0000000000 seconds
Iteration 3:	0.1986420155 seconds	0.0000000000 seconds
Iteration 3:	0.1986420155 seconds	0.0000000000 seconds
Iteration 3:	0.1986420155 seconds	0.0000000000 seconds
Iteration 4:	0.2284939289 seconds	0.0000009537 seconds
Iteration 4:	0.2288360596 seconds	0.0000000000 seconds
Iteration 4:	0.2288360596 seconds	0.0000000000 seconds
Iteration 4:	0.2288341522 seconds	0.0000000000 seconds
Iteration 5:	0.1984500885 seconds	0.0000000000 seconds
Iteration 5:	0.1987280846 seconds	0.0000000000 seconds
Iteration 5:	0.1987271309 seconds	0.0000000000 seconds
Iteration 5:	0.1987271309 seconds	0.0000000000 seconds
Iteration 6:	0.2283368111 seconds	0.0000000000 seconds
Iteration 6:	0.2287700176 seconds	0.0000000000 seconds
Iteration 6:	0.2287700176 seconds	0.0000000000 seconds
Iteration 6:	0.2287690639 seconds	0.0000000000 seconds
Iteration 7:	0.1983611584 seconds	0.0000000000 seconds
Iteration 7:	0.1986470222 seconds	0.0000000000 seconds
Iteration 7:	0.1986470222 seconds	0.0000000000 seconds
Iteration 7:	0.1986460686 seconds	0.0000000000 seconds
Iteration 8:	0.2283811569 seconds	0.0000000000 seconds
Iteration 8:	0.2287230492 seconds	0.0000000000 seconds
Iteration 8:	0.2287230492 seconds	0.0000000000 seconds
Iteration 8:	0.2287230492 seconds	0.0000000000 seconds
Iteration 9:	0.1984851360 seconds	0.0000000000 seconds
Iteration 9:	0.1987850666 seconds	0.0000000000 seconds
Iteration 9:	0.1987850666 seconds	0.0000000000 seconds
Iteration 9:	0.1987841129 seconds	0.0000009537 seconds
Iteration 10:	0.2288088799 seconds	0.0000000000 seconds
Iteration 10:	0.2293090820 seconds	0.0000000000 seconds
Iteration 10:	0.2293078899 seconds	0.0000000000 seconds
Iteration 10:	0.2293088436 seconds	0.0000000000 seconds
Iteration 11:	0.1983680725 seconds	0.0000000000 seconds
Iteration 11:	0.1986260414 seconds	0.0000000000 seconds
Iteration 11:	0.1986250877 seconds	0.0000000000 seconds
Iteration 11:	0.1986250877 seconds	0.0000000000 seconds
Iteration 12:	0.2281968594 seconds	0.0000000000 seconds
Iteration 12:	0.2284259796 seconds	0.0000000000 seconds
Iteration 12:	0.2284238338 seconds	0.0000000000 seconds
Iteration 12:	0.2284178734 seconds	0.0000000000 seconds
Iteration 13:	0.1987929344 seconds	0.0000000000 seconds
Iteration 13:	0.1990909576 seconds	0.0000000000 seconds
Iteration 13:	0.1990909576 seconds	0.0000000000 seconds
Iteration 13:	0.1990900040 seconds	0.0000000000 seconds
Iteration 14:	0.2285170555 seconds	0.0000009537 seconds
Iteration 14:	0.2290041447 seconds	0.0000000000 seconds
Iteration 14:	0.2290041447 seconds	0.0000000000 seconds
Iteration 14:	0.2290041447 seconds	0.0000000000 seconds
Iteration 15:	0.2096440792 seconds	0.0000000000 seconds
Iteration 15:	0.2086308002 seconds	0.0000000000 seconds
Iteration 15:	0.2086310387 seconds	0.0000000000 seconds
Iteration 15:	0.2086319923 seconds	0.0000000000 seconds
Iteration 16:	0.2286531925 seconds	0.0000000000 seconds
Iteration 16:	0.2290070057 seconds	0.0000000000 seconds
Iteration 16:	0.2290048599 seconds	0.0000000000 seconds
Iteration 16:	0.2290058136 seconds	0.0000000000 seconds
Iteration 17:	0.1987318993 seconds	0.0000000000 seconds
Iteration 17:	0.1990020275 seconds	0.0000000000 seconds
Iteration 17:	0.1990010738 seconds	0.0000000000 seconds
Iteration 17:	0.1990010738 seconds	0.0000000000 seconds
Iteration 18:	0.2389760017 seconds	0.0000000000 seconds
Iteration 18:	0.2393579483 seconds	0.0000000000 seconds
Iteration 18:	0.2393560410 seconds	0.0000000000 seconds
Iteration 18:	0.2393569946 seconds	0.0000000000 seconds
Iteration 19:	0.2009620667 seconds	0.0000000000 seconds
Iteration 19:	0.1990749836 seconds	0.0000000000 seconds
Iteration 19:	0.1990740299 seconds	0.0000000000 seconds
Iteration 19:	0.1990730762 seconds	0.0000000000 seconds
Iteration 20:	0.2287681103 seconds	0.0000000000 seconds
Iteration 20:	0.2291340828 seconds	0.0000000000 seconds
Iteration 20:	0.2291328907 seconds	0.0000000000 seconds
Iteration 20:	0.2291319370 seconds	0.0000000000 seconds
Iteration 21:	0.1984798908 seconds	0.0000000000 seconds
Iteration 21:	0.1987299919 seconds	0.0000000000 seconds
Iteration 21:	0.1987299919 seconds	0.0000000000 seconds
Iteration 21:	0.1987290382 seconds	0.0000000000 seconds
Iteration 22:	0.2284841537 seconds	0.0000000000 seconds
Iteration 22:	0.2289378643 seconds	0.0000000000 seconds
Iteration 22:	0.2289378643 seconds	0.0000000000 seconds
Iteration 22:	0.2289378643 seconds	0.0000000000 seconds
Iteration 23:	0.1984829903 seconds	0.0000000000 seconds
Iteration 23:	0.1987500191 seconds	0.0000000000 seconds
Iteration 23:	0.1987481117 seconds	0.0000000000 seconds
Iteration 23:	0.1987490654 seconds	0.0000000000 seconds
Iteration 24:	0.2284841537 seconds	0.0000000000 seconds
Iteration 24:	0.2287068367 seconds	0.0000000000 seconds
Iteration 24:	0.2287058830 seconds	0.0000000000 seconds
Iteration 24:	0.2287070751 seconds	0.0000000000 seconds
Iteration 25:	0.1983909607 seconds	0.0000000000 seconds
Iteration 25:	0.1986539364 seconds	0.0000000000 seconds
Iteration 25:	0.1986539364 seconds	0.0000000000 seconds
Iteration 25:	0.1986529827 seconds	0.0000000000 seconds
Iteration 26:	0.2281858921 seconds	0.0000000000 seconds
Iteration 26:	0.2285189629 seconds	0.0000000000 seconds
Iteration 26:	0.2285180092 seconds	0.0000000000 seconds
Iteration 26:	0.2285180092 seconds	0.0000000000 seconds
Iteration 27:	0.1988048553 seconds	0.0000000000 seconds
Iteration 27:	0.1990709305 seconds	0.0000000000 seconds
Iteration 27:	0.1990709305 seconds	0.0000000000 seconds
Iteration 27:	0.1990699768 seconds	0.0000000000 seconds
Iteration 28:	0.2283270359 seconds	0.0000000000 seconds
Iteration 28:	0.2286219597 seconds	0.0000000000 seconds
Iteration 28:	0.2286210060 seconds	0.0000000000 seconds
Iteration 28:	0.2286219597 seconds	0.0000000000 seconds
Iteration 29:	0.1995739937 seconds	0.0000000000 seconds
Iteration 29:	0.1991310120 seconds	0.0000000000 seconds
Iteration 29:	0.1991288662 seconds	0.0000000000 seconds
Iteration 29:	0.1991300583 seconds	0.0000000000 seconds
Iteration 30:	0.2282359600 seconds	0.0000000000 seconds
Iteration 30:	0.2284779549 seconds	0.0000000000 seconds
Iteration 30:	0.2284779549 seconds	0.0000000000 seconds
Iteration 30:	0.2284779549 seconds	0.0000000000 seconds
Iteration 31:	0.1986370087 seconds	0.0000000000 seconds
Iteration 31:	0.1989588737 seconds	0.0000000000 seconds
Iteration 31:	0.1989569664 seconds	0.0000000000 seconds
Iteration 31:	0.1989579201 seconds	0.0000000000 seconds
Iteration 32:	0.2284450531 seconds	0.0000000000 seconds
Iteration 32:	0.2287058830 seconds	0.0000000000 seconds
Iteration 32:	0.2287070751 seconds	0.0000000000 seconds
Iteration 32:	0.2287070751 seconds	0.0000000000 seconds
Iteration 33:	0.1990759373 seconds	0.0000000000 seconds
Iteration 33:	0.1987140179 seconds	0.0000000000 seconds
Iteration 33:	0.1987118721 seconds	0.0000000000 seconds
Iteration 33:	0.1987109184 seconds	0.0000000000 seconds
Iteration 34:	0.2283148766 seconds	0.0000000000 seconds
Iteration 34:	0.2285709381 seconds	0.0000000000 seconds
Iteration 34:	0.2285709381 seconds	0.0000000000 seconds
Iteration 34:	0.2285699844 seconds	0.0000000000 seconds
Iteration 35:	0.1992580891 seconds	0.0000000000 seconds
Iteration 35:	0.1990330219 seconds	0.0000000000 seconds
Iteration 35:	0.1990320683 seconds	0.0000000000 seconds
Iteration 35:	0.1990320683 seconds	0.0000000000 seconds
Iteration 36:	0.2285199165 seconds	0.0000000000 seconds
Iteration 36:	0.2287909985 seconds	0.0000000000 seconds
Iteration 36:	0.2287909985 seconds	0.0000000000 seconds
Iteration 36:	0.2287900448 seconds	0.0000000000 seconds
Iteration 37:	0.1989989281 seconds	0.0000000000 seconds
Iteration 37:	0.1988110542 seconds	0.0000000000 seconds
Iteration 37:	0.1988110542 seconds	0.0000000000 seconds
Iteration 37:	0.1988110542 seconds	0.0000000000 seconds
Iteration 38:	0.2290718555 seconds	0.0000009537 seconds
Iteration 38:	0.2293469906 seconds	0.0000000000 seconds
Iteration 38:	0.2293469906 seconds	0.0000000000 seconds
Iteration 38:	0.2293469906 seconds	0.0000000000 seconds
Iteration 39:	0.1991629601 seconds	0.0000000000 seconds
Iteration 39:	0.1990091801 seconds	0.0000000000 seconds
Iteration 39:	0.1990091801 seconds	0.0000009537 seconds
Iteration 39:	0.1990079880 seconds	0.0000011921 seconds
Total computation time was: 8.574885		Average frame time was: 0.214367		Average Particle interations per second were: 310615695.607344
