[ -1:000]                : Rank 17 is running on comet-11-20.sdsc.edu
[ -1:000]                : Rank 2 is running on comet-11-20.sdsc.edu
[ -1:000]                : Rank 16 is running on comet-11-20.sdsc.edu
[  2:001] init_pprintf   : My dest: 3	My source: 1	My_num_part: 680
[ 16:001] init_pprintf   : My dest: 17	My source: 15	My_num_part: 680
[ -1:000]                : Rank 12 is running on comet-11-20.sdsc.edu
[ 12:001] init_pprintf   : My dest: 13	My source: 11	My_num_part: 680
[ -1:000]                : Rank 7 is running on comet-11-20.sdsc.edu
[  7:001] init_pprintf   : My dest: 8	My source: 6	My_num_part: 680
[ -1:000]                : Rank 21 is running on comet-11-20.sdsc.edu
[ -1:000]                : Rank 10 is running on comet-11-20.sdsc.edu
[ 21:001] init_pprintf   : My dest: 22	My source: 20	My_num_part: 680
[ 10:001] init_pprintf   : My dest: 11	My source: 9	My_num_part: 680
[ -1:000]                : Rank 1 is running on comet-11-20.sdsc.edu
[ -1:000]                : Rank 19 is running on comet-11-20.sdsc.edu
[ 19:001] init_pprintf   : My dest: 20	My source: 18	My_num_part: 680
[ -1:000]                : Rank 13 is running on comet-11-20.sdsc.edu
[ 13:001] init_pprintf   : My dest: 14	My source: 12	My_num_part: 680
[ -1:000]                : Rank 23 is running on comet-11-20.sdsc.edu
[ -1:000]                : Rank 14 is running on comet-11-20.sdsc.edu
[ 23:001] init_pprintf   : My dest: 0	My source: 22	My_num_part: 680
[ 14:001] init_pprintf   : My dest: 15	My source: 13	My_num_part: 680
[ -1:000]                : Rank 3 is running on comet-11-20.sdsc.edu
[  3:001] init_pprintf   : My dest: 4	My source: 2	My_num_part: 680
[ -1:000]                : Rank 18 is running on comet-11-20.sdsc.edu
[ 18:001] init_pprintf   : My dest: 19	My source: 17	My_num_part: 680
[ -1:000]                : Rank 0 is running on comet-11-20.sdsc.edu
[ -1:000]                : Rank 20 is running on comet-11-20.sdsc.edu
[  0:001] init_pprintf   : My dest: 1	My source: 23	My_num_part: 680
[ -1:000]                : Rank 5 is running on comet-11-20.sdsc.edu
[ -1:000]                : Rank 9 is running on comet-11-20.sdsc.edu
[ -1:000]                : Rank 6 is running on comet-11-20.sdsc.edu
[ 20:001] init_pprintf   : My dest: 21	My source: 19	My_num_part: 680
[ -1:000]                : Rank 15 is running on comet-11-20.sdsc.edu
[ -1:000]                : Rank 22 is running on comet-11-20.sdsc.edu
[ -1:000]                : Rank 4 is running on comet-11-20.sdsc.edu
[ -1:000]                : Rank 11 is running on comet-11-20.sdsc.edu
[  5:001] init_pprintf   : My dest: 6	My source: 4	My_num_part: 680
[  9:001] init_pprintf   : My dest: 10	My source: 8	My_num_part: 680
[  6:001] init_pprintf   : My dest: 7	My source: 5	My_num_part: 680
[ 15:001] init_pprintf   : My dest: 16	My source: 14	My_num_part: 680
[ 22:001] init_pprintf   : My dest: 23	My source: 21	My_num_part: 680
[ -1:000]                : Rank 8 is running on comet-11-20.sdsc.edu
[ 11:001] init_pprintf   : My dest: 12	My source: 10	My_num_part: 680
[  4:001] init_pprintf   : My dest: 5	My source: 3	My_num_part: 680
[  8:001] init_pprintf   : My dest: 9	My source: 7	My_num_part: 680
[ 17:001] init_pprintf   : My dest: 18	My source: 16	My_num_part: 680
[  1:001] init_pprintf   : My dest: 2	My source: 0	My_num_part: 680
Initalizing particles linear on 10880 to 11560
Initalizing particles linear on 8160 to 8840
Initalizing particles linear on 1360 to 2040
Initalizing particles linear on 4760 to 5440
Initalizing particles linear on 14280 to 14960
Initalizing particles linear on 6800 to 7480
Initalizing particles linear on 12920 to 13600
Initalizing particles linear on 8840 to 9520
Initalizing particles linear on 9520 to 10200
Initalizing particles linear on 15640 to 16320
Initalizing particles linear on 12240 to 12920
Initalizing particles linear on 2040 to 2720
Initalizing particles linear on 0 to 680
Initalizing particles linear on 13600 to 14280
Initalizing particles linear on 3400 to 4080
Initalizing particles linear on 10200 to 10880
Initalizing particles linear on 14960 to 15640
Initalizing particles linear on 4080 to 4760
Initalizing particles linear on 2720 to 3400
Initalizing particles linear on 6120 to 6800
Initalizing particles linear on 7480 to 8160
Initalizing particles linear on 5440 to 6120
Initalizing particles linear on 11560 to 12240
Initalizing particles linear on 680 to 1360
Iteration 0:	0.1451511383 seconds	0.0000000000 seconds
Iteration 0:	0.1451640129 seconds	0.0000000000 seconds
Iteration 0:	0.1452851295 seconds	0.0000000000 seconds
Iteration 0:	0.1451961994 seconds	0.0000000000 seconds
Iteration 0:	0.1453151703 seconds	0.0000000000 seconds
Iteration 0:	0.1452310085 seconds	0.0000000000 seconds
Iteration 0:	0.1452062130 seconds	0.0000000000 seconds
Iteration 0:	0.1453530788 seconds	0.0000000000 seconds
Iteration 0:	0.1452109814 seconds	0.0000000000 seconds
Iteration 0:	0.1452109814 seconds	0.0000000000 seconds
Iteration 0:	0.1452560425 seconds	0.0000000000 seconds
Iteration 0:	0.1452279091 seconds	0.0000000000 seconds
Iteration 0:	0.1453318596 seconds	0.0000000000 seconds
Iteration 0:	0.1452159882 seconds	0.0000000000 seconds
Iteration 0:	0.1453390121 seconds	0.0000000000 seconds
Iteration 0:	0.1452260017 seconds	0.0000009537 seconds
Iteration 0:	0.1452589035 seconds	0.0000000000 seconds
Iteration 0:	0.1451499462 seconds	0.0000000000 seconds
Iteration 0:	0.1453690529 seconds	0.0000000000 seconds
Iteration 0:	0.1453928947 seconds	0.0000000000 seconds
Iteration 0:	0.1449549198 seconds	0.0000000000 seconds
Iteration 0:	0.1452820301 seconds	0.0000000000 seconds
Iteration 0:	0.1453120708 seconds	0.0000000000 seconds
Iteration 0:	0.1452419758 seconds	0.0000000000 seconds
Iteration 1:	0.1306340694 seconds	0.0000000000 seconds
Iteration 1:	0.1307339668 seconds	0.0000000000 seconds
Iteration 1:	0.1307041645 seconds	0.0000000000 seconds
Iteration 1:	0.1308789253 seconds	0.0000000000 seconds
Iteration 1:	0.1308188438 seconds	0.0000000000 seconds
Iteration 1:	0.1308169365 seconds	0.0000000000 seconds
Iteration 1:	0.1308228970 seconds	0.0000000000 seconds
Iteration 1:	0.1308538914 seconds	0.0000000000 seconds
Iteration 1:	0.1308639050 seconds	0.0000000000 seconds
Iteration 1:	0.1308660507 seconds	0.0000000000 seconds
Iteration 1:	0.1308989525 seconds	0.0000011921 seconds
Iteration 1:	0.1308839321 seconds	0.0000000000 seconds
Iteration 1:	0.1309049129 seconds	0.0000000000 seconds
Iteration 1:	0.1309299469 seconds	0.0000000000 seconds
Iteration 1:	0.1309280396 seconds	0.0000000000 seconds
Iteration 1:	0.1309340000 seconds	0.0000000000 seconds
Iteration 1:	0.1309790611 seconds	0.0000000000 seconds
Iteration 1:	0.1309659481 seconds	0.0000000000 seconds
Iteration 1:	0.1309621334 seconds	0.0000000000 seconds
Iteration 1:	0.1309690475 seconds	0.0000000000 seconds
Iteration 1:	0.1310338974 seconds	0.0000000000 seconds
Iteration 1:	0.1312091351 seconds	0.0000000000 seconds
Iteration 1:	0.1311981678 seconds	0.0000000000 seconds
Iteration 1:	0.1311349869 seconds	0.0000000000 seconds
Iteration 2:	0.1451649666 seconds	0.0000000000 seconds
Iteration 2:	0.1450600624 seconds	0.0000000000 seconds
Iteration 2:	0.1451280117 seconds	0.0000000000 seconds
Iteration 2:	0.1451249123 seconds	0.0000000000 seconds
Iteration 2:	0.1451299191 seconds	0.0000000000 seconds
Iteration 2:	0.1451201439 seconds	0.0000000000 seconds
Iteration 2:	0.1453549862 seconds	0.0000000000 seconds
Iteration 2:	0.1453609467 seconds	0.0000000000 seconds
Iteration 2:	0.1453709602 seconds	0.0000000000 seconds
Iteration 2:	0.1452798843 seconds	0.0000009537 seconds
Iteration 2:	0.1453969479 seconds	0.0000000000 seconds
Iteration 2:	0.1454119682 seconds	0.0000000000 seconds
Iteration 2:	0.1454179287 seconds	0.0000000000 seconds
Iteration 2:	0.1454720497 seconds	0.0000000000 seconds
Iteration 2:	0.1455748081 seconds	0.0000000000 seconds
Iteration 2:	0.1454050541 seconds	0.0000000000 seconds
Iteration 2:	0.1454520226 seconds	0.0000000000 seconds
Iteration 2:	0.1456649303 seconds	0.0000000000 seconds
Iteration 2:	0.1454069614 seconds	0.0000000000 seconds
Iteration 2:	0.1453630924 seconds	0.0000000000 seconds
Iteration 2:	0.1454050541 seconds	0.0000009537 seconds
Iteration 2:	0.1451079845 seconds	0.0000000000 seconds
Iteration 2:	0.1453099251 seconds	0.0000000000 seconds
Iteration 2:	0.1453089714 seconds	0.0000000000 seconds
Iteration 3:	0.1304559708 seconds	0.0000009537 seconds
Iteration 3:	0.1305539608 seconds	0.0000000000 seconds
Iteration 3:	0.1305530071 seconds	0.0000000000 seconds
Iteration 3:	0.1305468082 seconds	0.0000000000 seconds
Iteration 3:	0.1305458546 seconds	0.0000000000 seconds
Iteration 3:	0.1305608749 seconds	0.0000000000 seconds
Iteration 3:	0.1306278706 seconds	0.0000000000 seconds
Iteration 3:	0.1307342052 seconds	0.0000009537 seconds
Iteration 3:	0.1307189465 seconds	0.0000000000 seconds
Iteration 3:	0.1307120323 seconds	0.0000000000 seconds
Iteration 3:	0.1307199001 seconds	0.0000000000 seconds
Iteration 3:	0.1306710243 seconds	0.0000000000 seconds
Iteration 3:	0.1305680275 seconds	0.0000000000 seconds
Iteration 3:	0.1307270527 seconds	0.0000000000 seconds
Iteration 3:	0.1306869984 seconds	0.0000000000 seconds
Iteration 3:	0.1307139397 seconds	0.0000000000 seconds
Iteration 3:	0.1305980682 seconds	0.0000000000 seconds
Iteration 3:	0.1307039261 seconds	0.0000000000 seconds
Iteration 3:	0.1305880547 seconds	0.0000000000 seconds
Iteration 3:	0.1305580139 seconds	0.0000000000 seconds
Iteration 3:	0.1305530071 seconds	0.0000000000 seconds
Iteration 3:	0.1305439472 seconds	0.0000000000 seconds
Iteration 3:	0.1304111481 seconds	0.0000000000 seconds
Iteration 3:	0.1304490566 seconds	0.0000000000 seconds
Iteration 4:	0.1448421478 seconds	0.0000000000 seconds
Iteration 4:	0.1447961330 seconds	0.0000000000 seconds
Iteration 4:	0.1448910236 seconds	0.0000000000 seconds
Iteration 4:	0.1448547840 seconds	0.0000000000 seconds
Iteration 4:	0.1448559761 seconds	0.0000000000 seconds
Iteration 4:	0.1448659897 seconds	0.0000000000 seconds
Iteration 4:	0.1449060440 seconds	0.0000000000 seconds
Iteration 4:	0.1448788643 seconds	0.0000000000 seconds
Iteration 4:	0.1449179649 seconds	0.0000000000 seconds
Iteration 4:	0.1449270248 seconds	0.0000000000 seconds
Iteration 4:	0.1448879242 seconds	0.0000000000 seconds
Iteration 4:	0.1448960304 seconds	0.0000000000 seconds
Iteration 4:	0.1449370384 seconds	0.0000000000 seconds
Iteration 4:	0.1449079514 seconds	0.0000000000 seconds
Iteration 4:	0.1449439526 seconds	0.0000000000 seconds
Iteration 4:	0.1449170113 seconds	0.0000000000 seconds
Iteration 4:	0.1449100971 seconds	0.0000000000 seconds
Iteration 4:	0.1449561119 seconds	0.0000000000 seconds
Iteration 4:	0.1449170113 seconds	0.0000000000 seconds
Iteration 4:	0.1449680328 seconds	0.0000000000 seconds
Iteration 4:	0.1449699402 seconds	0.0000000000 seconds
Iteration 4:	0.1449780464 seconds	0.0000000000 seconds
Iteration 4:	0.1449239254 seconds	0.0000000000 seconds
Iteration 4:	0.1449491978 seconds	0.0000000000 seconds
Iteration 5:	0.1304991245 seconds	0.0000000000 seconds
Iteration 5:	0.1304960251 seconds	0.0000000000 seconds
Iteration 5:	0.1304841042 seconds	0.0000000000 seconds
Iteration 5:	0.1302690506 seconds	0.0000000000 seconds
Iteration 5:	0.1304709911 seconds	0.0000000000 seconds
Iteration 5:	0.1304638386 seconds	0.0000000000 seconds
Iteration 5:	0.1304099560 seconds	0.0000000000 seconds
Iteration 5:	0.1302959919 seconds	0.0000000000 seconds
Iteration 5:	0.1304550171 seconds	0.0000000000 seconds
Iteration 5:	0.1304438114 seconds	0.0000000000 seconds
Iteration 5:	0.1304321289 seconds	0.0000000000 seconds
Iteration 5:	0.1304321289 seconds	0.0000000000 seconds
Iteration 5:	0.1304321289 seconds	0.0000000000 seconds
Iteration 5:	0.1304180622 seconds	0.0000000000 seconds
Iteration 5:	0.1304090023 seconds	0.0000000000 seconds
Iteration 5:	0.1304171085 seconds	0.0000000000 seconds
Iteration 5:	0.1305229664 seconds	0.0000000000 seconds
Iteration 5:	0.1303920746 seconds	0.0000000000 seconds
Iteration 5:	0.1304740906 seconds	0.0000009537 seconds
Iteration 5:	0.1305232048 seconds	0.0000000000 seconds
Iteration 5:	0.1305150986 seconds	0.0000000000 seconds
Iteration 5:	0.1305079460 seconds	0.0000009537 seconds
Iteration 5:	0.1304988861 seconds	0.0000000000 seconds
Iteration 5:	0.1304900646 seconds	0.0000000000 seconds
Iteration 6:	0.1448290348 seconds	0.0000000000 seconds
Iteration 6:	0.1448450089 seconds	0.0000000000 seconds
Iteration 6:	0.1448571682 seconds	0.0000000000 seconds
Iteration 6:	0.1448268890 seconds	0.0000000000 seconds
Iteration 6:	0.1448650360 seconds	0.0000000000 seconds
Iteration 6:	0.1449079514 seconds	0.0000000000 seconds
Iteration 6:	0.1448729038 seconds	0.0000000000 seconds
Iteration 6:	0.1448760033 seconds	0.0000000000 seconds
Iteration 6:	0.1449179649 seconds	0.0000000000 seconds
Iteration 6:	0.1448819637 seconds	0.0000000000 seconds
Iteration 6:	0.1448969841 seconds	0.0000000000 seconds
Iteration 6:	0.1449270248 seconds	0.0000000000 seconds
Iteration 6:	0.1449320316 seconds	0.0000000000 seconds
Iteration 6:	0.1449301243 seconds	0.0000000000 seconds
Iteration 6:	0.1449398994 seconds	0.0000000000 seconds
Iteration 6:	0.1449391842 seconds	0.0000000000 seconds
Iteration 6:	0.1449551582 seconds	0.0000009537 seconds
Iteration 6:	0.1449530125 seconds	0.0000000000 seconds
Iteration 6:	0.1449651718 seconds	0.0000000000 seconds
Iteration 6:	0.1449820995 seconds	0.0000000000 seconds
Iteration 6:	0.1449799538 seconds	0.0000000000 seconds
Iteration 6:	0.1449880600 seconds	0.0000000000 seconds
Iteration 6:	0.1451020241 seconds	0.0000009537 seconds
Iteration 6:	0.1450991631 seconds	0.0000000000 seconds
Iteration 7:	0.1302909851 seconds	0.0000000000 seconds
Iteration 7:	0.1304879189 seconds	0.0000000000 seconds
Iteration 7:	0.1305611134 seconds	0.0000000000 seconds
Iteration 7:	0.1305220127 seconds	0.0000000000 seconds
Iteration 7:	0.1305508614 seconds	0.0000000000 seconds
Iteration 7:	0.1305391788 seconds	0.0000000000 seconds
Iteration 7:	0.1305301189 seconds	0.0000000000 seconds
Iteration 7:	0.1305279732 seconds	0.0000000000 seconds
Iteration 7:	0.1305189133 seconds	0.0000000000 seconds
Iteration 7:	0.1305041313 seconds	0.0000000000 seconds
Iteration 7:	0.1304419041 seconds	0.0000000000 seconds
Iteration 7:	0.1304907799 seconds	0.0000000000 seconds
Iteration 7:	0.1303689480 seconds	0.0000000000 seconds
Iteration 7:	0.1304991245 seconds	0.0000000000 seconds
Iteration 7:	0.1305668354 seconds	0.0000000000 seconds
Iteration 7:	0.1305589676 seconds	0.0000000000 seconds
Iteration 7:	0.1305110455 seconds	0.0000009537 seconds
Iteration 7:	0.1306369305 seconds	0.0000000000 seconds
Iteration 7:	0.1306121349 seconds	0.0000000000 seconds
Iteration 7:	0.1306221485 seconds	0.0000000000 seconds
Iteration 7:	0.1306078434 seconds	0.0000000000 seconds
Iteration 7:	0.1305880547 seconds	0.0000000000 seconds
Iteration 7:	0.1306059361 seconds	0.0000000000 seconds
Iteration 7:	0.1305990219 seconds	0.0000000000 seconds
Iteration 8:	0.1449100971 seconds	0.0000000000 seconds
Iteration 8:	0.1449179649 seconds	0.0000009537 seconds
Iteration 8:	0.1449291706 seconds	0.0000000000 seconds
Iteration 8:	0.1449401379 seconds	0.0000000000 seconds
Iteration 8:	0.1449499130 seconds	0.0000000000 seconds
Iteration 8:	0.1449429989 seconds	0.0000000000 seconds
Iteration 8:	0.1449530125 seconds	0.0000000000 seconds
Iteration 8:	0.1449689865 seconds	0.0000000000 seconds
Iteration 8:	0.1449818611 seconds	0.0000000000 seconds
Iteration 8:	0.1450390816 seconds	0.0000000000 seconds
Iteration 8:	0.1450459957 seconds	0.0000009537 seconds
Iteration 8:	0.1450719833 seconds	0.0000000000 seconds
Iteration 8:	0.1450808048 seconds	0.0000000000 seconds
Iteration 8:	0.1450810432 seconds	0.0000000000 seconds
Iteration 8:	0.1451039314 seconds	0.0000000000 seconds
Iteration 8:	0.1451220512 seconds	0.0000000000 seconds
Iteration 8:	0.1451299191 seconds	0.0000000000 seconds
Iteration 8:	0.1451349258 seconds	0.0000000000 seconds
Iteration 8:	0.1451561451 seconds	0.0000000000 seconds
Iteration 8:	0.1451730728 seconds	0.0000000000 seconds
Iteration 8:	0.1451790333 seconds	0.0000000000 seconds
Iteration 8:	0.1451680660 seconds	0.0000000000 seconds
Iteration 8:	0.1454279423 seconds	0.0000000000 seconds
Iteration 8:	0.1454889774 seconds	0.0000000000 seconds
Iteration 9:	0.1307539940 seconds	0.0000000000 seconds
Iteration 9:	0.1308350563 seconds	0.0000000000 seconds
Iteration 9:	0.1308250427 seconds	0.0000000000 seconds
Iteration 9:	0.1308140755 seconds	0.0000000000 seconds
Iteration 9:	0.1302618980 seconds	0.0000000000 seconds
Iteration 9:	0.1302850246 seconds	0.0000000000 seconds
Iteration 9:	0.1304731369 seconds	0.0000000000 seconds
Iteration 9:	0.1308128834 seconds	0.0000000000 seconds
Iteration 9:	0.1305320263 seconds	0.0000000000 seconds
Iteration 9:	0.1305401325 seconds	0.0000009537 seconds
Iteration 9:	0.1308059692 seconds	0.0000000000 seconds
Iteration 9:	0.1307930946 seconds	0.0000000000 seconds
Iteration 9:	0.1307389736 seconds	0.0000000000 seconds
Iteration 9:	0.1307649612 seconds	0.0000000000 seconds
Iteration 9:	0.1306900978 seconds	0.0000000000 seconds
Iteration 9:	0.1306271553 seconds	0.0000000000 seconds
Iteration 9:	0.1306500435 seconds	0.0000000000 seconds
Iteration 9:	0.1306490898 seconds	0.0000000000 seconds
Iteration 9:	0.1306700706 seconds	0.0000000000 seconds
Iteration 9:	0.1306099892 seconds	0.0000000000 seconds
Iteration 9:	0.1305751801 seconds	0.0000000000 seconds
Iteration 9:	0.1305410862 seconds	0.0000000000 seconds
Iteration 9:	0.1305999756 seconds	0.0000000000 seconds
Iteration 9:	0.1306049824 seconds	0.0000000000 seconds
Iteration 10:	0.1448149681 seconds	0.0000000000 seconds
Iteration 10:	0.1448309422 seconds	0.0000000000 seconds
Iteration 10:	0.1448419094 seconds	0.0000000000 seconds
Iteration 10:	0.1448481083 seconds	0.0000000000 seconds
Iteration 10:	0.1448130608 seconds	0.0000009537 seconds
Iteration 10:	0.1448509693 seconds	0.0000000000 seconds
Iteration 10:	0.1448919773 seconds	0.0000000000 seconds
Iteration 10:	0.1448540688 seconds	0.0000000000 seconds
Iteration 10:	0.1448631287 seconds	0.0000000000 seconds
Iteration 10:	0.1449029446 seconds	0.0000000000 seconds
Iteration 10:	0.1448819637 seconds	0.0000000000 seconds
Iteration 10:	0.1449189186 seconds	0.0000000000 seconds
Iteration 10:	0.1449189186 seconds	0.0000009537 seconds
Iteration 10:	0.1449201107 seconds	0.0000000000 seconds
Iteration 10:	0.1449291706 seconds	0.0000000000 seconds
Iteration 10:	0.1449310780 seconds	0.0000000000 seconds
Iteration 10:	0.1449379921 seconds	0.0000000000 seconds
Iteration 10:	0.1449589729 seconds	0.0000000000 seconds
Iteration 10:	0.1449491978 seconds	0.0000000000 seconds
Iteration 10:	0.1449642181 seconds	0.0000000000 seconds
Iteration 10:	0.1449618340 seconds	0.0000000000 seconds
Iteration 10:	0.1449711323 seconds	0.0000000000 seconds
Iteration 10:	0.1451139450 seconds	0.0000000000 seconds
Iteration 10:	0.1451139450 seconds	0.0000000000 seconds
Iteration 11:	0.1305160522 seconds	0.0000000000 seconds
Iteration 11:	0.1305079460 seconds	0.0000000000 seconds
Iteration 11:	0.1302587986 seconds	0.0000011921 seconds
Iteration 11:	0.1305038929 seconds	0.0000000000 seconds
Iteration 11:	0.1304459572 seconds	0.0000000000 seconds
Iteration 11:	0.1302900314 seconds	0.0000000000 seconds
Iteration 11:	0.1304709911 seconds	0.0000000000 seconds
Iteration 11:	0.1304810047 seconds	0.0000000000 seconds
Iteration 11:	0.1304910183 seconds	0.0000000000 seconds
Iteration 11:	0.1304869652 seconds	0.0000000000 seconds
Iteration 11:	0.1304790974 seconds	0.0000000000 seconds
Iteration 11:	0.1304709911 seconds	0.0000000000 seconds
Iteration 11:	0.1304571629 seconds	0.0000000000 seconds
Iteration 11:	0.1304440498 seconds	0.0000000000 seconds
Iteration 11:	0.1305139065 seconds	0.0000000000 seconds
Iteration 11:	0.1305508614 seconds	0.0000000000 seconds
Iteration 11:	0.1305439472 seconds	0.0000009537 seconds
Iteration 11:	0.1305701733 seconds	0.0000000000 seconds
Iteration 11:	0.1305599213 seconds	0.0000000000 seconds
Iteration 11:	0.1304390430 seconds	0.0000000000 seconds
Iteration 11:	0.1305329800 seconds	0.0000000000 seconds
Iteration 11:	0.1305408478 seconds	0.0000000000 seconds
Iteration 11:	0.1304419041 seconds	0.0000000000 seconds
Iteration 11:	0.1304190159 seconds	0.0000000000 seconds
Iteration 12:	0.1448030472 seconds	0.0000000000 seconds
Iteration 12:	0.1448149681 seconds	0.0000000000 seconds
Iteration 12:	0.1448202133 seconds	0.0000000000 seconds
Iteration 12:	0.1448309422 seconds	0.0000000000 seconds
Iteration 12:	0.1448440552 seconds	0.0000000000 seconds
Iteration 12:	0.1448121071 seconds	0.0000000000 seconds
Iteration 12:	0.1448519230 seconds	0.0000000000 seconds
Iteration 12:	0.1448900700 seconds	0.0000000000 seconds
Iteration 12:	0.1448669434 seconds	0.0000000000 seconds
Iteration 12:	0.1448938847 seconds	0.0000000000 seconds
Iteration 12:	0.1448829174 seconds	0.0000000000 seconds
Iteration 12:	0.1449031830 seconds	0.0000000000 seconds
Iteration 12:	0.1449108124 seconds	0.0000000000 seconds
Iteration 12:	0.1449141502 seconds	0.0000000000 seconds
Iteration 12:	0.1449170113 seconds	0.0000000000 seconds
Iteration 12:	0.1449260712 seconds	0.0000000000 seconds
Iteration 12:	0.1449279785 seconds	0.0000000000 seconds
Iteration 12:	0.1449530125 seconds	0.0000000000 seconds
Iteration 12:	0.1449401379 seconds	0.0000000000 seconds
Iteration 12:	0.1449530125 seconds	0.0000000000 seconds
Iteration 12:	0.1449549198 seconds	0.0000000000 seconds
Iteration 12:	0.1449592113 seconds	0.0000000000 seconds
Iteration 12:	0.1451089382 seconds	0.0000000000 seconds
Iteration 12:	0.1451010704 seconds	0.0000000000 seconds
Iteration 13:	0.1305141449 seconds	0.0000000000 seconds
Iteration 13:	0.1302618980 seconds	0.0000000000 seconds
Iteration 13:	0.1305081844 seconds	0.0000000000 seconds
Iteration 13:	0.1302850246 seconds	0.0000000000 seconds
Iteration 13:	0.1304371357 seconds	0.0000000000 seconds
Iteration 13:	0.1304850578 seconds	0.0000000000 seconds
Iteration 13:	0.1304979324 seconds	0.0000000000 seconds
Iteration 13:	0.1304781437 seconds	0.0000000000 seconds
Iteration 13:	0.1304662228 seconds	0.0000000000 seconds
Iteration 13:	0.1304929256 seconds	0.0000000000 seconds
Iteration 13:	0.1304869652 seconds	0.0000000000 seconds
Iteration 13:	0.1305129528 seconds	0.0000000000 seconds
Iteration 13:	0.1305539608 seconds	0.0000009537 seconds
Iteration 13:	0.1305298805 seconds	0.0000000000 seconds
Iteration 13:	0.1305449009 seconds	0.0000000000 seconds
Iteration 13:	0.1304850578 seconds	0.0000000000 seconds
Iteration 13:	0.1304690838 seconds	0.0000000000 seconds
Iteration 13:	0.1304550171 seconds	0.0000000000 seconds
Iteration 13:	0.1304471493 seconds	0.0000000000 seconds
Iteration 13:	0.1305820942 seconds	0.0000000000 seconds
Iteration 13:	0.1305990219 seconds	0.0000000000 seconds
Iteration 13:	0.1305921078 seconds	0.0000000000 seconds
Iteration 13:	0.1304550171 seconds	0.0000000000 seconds
Iteration 13:	0.1304349899 seconds	0.0000009537 seconds
Iteration 14:	0.1447780132 seconds	0.0000000000 seconds
Iteration 14:	0.1447920799 seconds	0.0000000000 seconds
Iteration 14:	0.1448061466 seconds	0.0000000000 seconds
Iteration 14:	0.1448240280 seconds	0.0000000000 seconds
Iteration 14:	0.1448481083 seconds	0.0000000000 seconds
Iteration 14:	0.1448171139 seconds	0.0000000000 seconds
Iteration 14:	0.1448619366 seconds	0.0000000000 seconds
Iteration 14:	0.1448688507 seconds	0.0000000000 seconds
Iteration 14:	0.1449050903 seconds	0.0000000000 seconds
Iteration 14:	0.1448881626 seconds	0.0000000000 seconds
Iteration 14:	0.1449120045 seconds	0.0000000000 seconds
Iteration 14:	0.1449270248 seconds	0.0000000000 seconds
Iteration 14:	0.1449289322 seconds	0.0000000000 seconds
Iteration 14:	0.1449239254 seconds	0.0000000000 seconds
Iteration 14:	0.1449379921 seconds	0.0000000000 seconds
Iteration 14:	0.1449329853 seconds	0.0000000000 seconds
Iteration 14:	0.1449320316 seconds	0.0000009537 seconds
Iteration 14:	0.1449480057 seconds	0.0000000000 seconds
Iteration 14:	0.1449618340 seconds	0.0000011921 seconds
Iteration 14:	0.1449630260 seconds	0.0000000000 seconds
Iteration 14:	0.1449711323 seconds	0.0000000000 seconds
Iteration 14:	0.1451508999 seconds	0.0000000000 seconds
Iteration 14:	0.1453449726 seconds	0.0000000000 seconds
Iteration 14:	0.1453428268 seconds	0.0000000000 seconds
Iteration 15:	0.1307020187 seconds	0.0000000000 seconds
Iteration 15:	0.1302771568 seconds	0.0000000000 seconds
Iteration 15:	0.1307640076 seconds	0.0000000000 seconds
Iteration 15:	0.1307551861 seconds	0.0000000000 seconds
Iteration 15:	0.1307299137 seconds	0.0000000000 seconds
Iteration 15:	0.1307570934 seconds	0.0000000000 seconds
Iteration 15:	0.1306719780 seconds	0.0000000000 seconds
Iteration 15:	0.1306738853 seconds	0.0000000000 seconds
Iteration 15:	0.1306531429 seconds	0.0000000000 seconds
Iteration 15:	0.1308498383 seconds	0.0000000000 seconds
Iteration 15:	0.1308360100 seconds	0.0000000000 seconds
Iteration 15:	0.1308228970 seconds	0.0000000000 seconds
Iteration 15:	0.1307480335 seconds	0.0000000000 seconds
Iteration 15:	0.1307752132 seconds	0.0000000000 seconds
Iteration 15:	0.1307599545 seconds	0.0000000000 seconds
Iteration 15:	0.1308150291 seconds	0.0000000000 seconds
Iteration 15:	0.1307411194 seconds	0.0000000000 seconds
Iteration 15:	0.1308028698 seconds	0.0000000000 seconds
Iteration 15:	0.1307959557 seconds	0.0000009537 seconds
Iteration 15:	0.1307318211 seconds	0.0000000000 seconds
Iteration 15:	0.1307029724 seconds	0.0000000000 seconds
Iteration 15:	0.1307179928 seconds	0.0000000000 seconds
Iteration 15:	0.1305971146 seconds	0.0000000000 seconds
Iteration 15:	0.1307561398 seconds	0.0000000000 seconds
Iteration 16:	0.1450109482 seconds	0.0000000000 seconds
Iteration 16:	0.1450190544 seconds	0.0000000000 seconds
Iteration 16:	0.1449999809 seconds	0.0000000000 seconds
Iteration 16:	0.1450150013 seconds	0.0000000000 seconds
Iteration 16:	0.1450231075 seconds	0.0000000000 seconds
Iteration 16:	0.1450309753 seconds	0.0000000000 seconds
Iteration 16:	0.1450281143 seconds	0.0000000000 seconds
Iteration 16:	0.1450400352 seconds	0.0000000000 seconds
Iteration 16:	0.1450479031 seconds	0.0000009537 seconds
Iteration 16:	0.1450390816 seconds	0.0000000000 seconds
Iteration 16:	0.1450638771 seconds	0.0000000000 seconds
Iteration 16:	0.1450541019 seconds	0.0000000000 seconds
Iteration 16:	0.1450688839 seconds	0.0000000000 seconds
Iteration 16:	0.1450681686 seconds	0.0000000000 seconds
Iteration 16:	0.1450810432 seconds	0.0000000000 seconds
Iteration 16:	0.1450970173 seconds	0.0000000000 seconds
Iteration 16:	0.1450970173 seconds	0.0000000000 seconds
Iteration 16:	0.1450908184 seconds	0.0000000000 seconds
Iteration 16:	0.1451258659 seconds	0.0000000000 seconds
Iteration 16:	0.1451489925 seconds	0.0000000000 seconds
Iteration 16:	0.1450920105 seconds	0.0000000000 seconds
Iteration 16:	0.1448819637 seconds	0.0000000000 seconds
Iteration 16:	0.1453421116 seconds	0.0000000000 seconds
Iteration 16:	0.1450059414 seconds	0.0000000000 seconds
Iteration 17:	0.1302561760 seconds	0.0000000000 seconds
Iteration 17:	0.1304259300 seconds	0.0000000000 seconds
Iteration 17:	0.1304428577 seconds	0.0000000000 seconds
Iteration 17:	0.1302819252 seconds	0.0000000000 seconds
Iteration 17:	0.1305630207 seconds	0.0000000000 seconds
Iteration 17:	0.1305980682 seconds	0.0000000000 seconds
Iteration 17:	0.1305718422 seconds	0.0000000000 seconds
Iteration 17:	0.1305859089 seconds	0.0000009537 seconds
Iteration 17:	0.1304690838 seconds	0.0000000000 seconds
Iteration 17:	0.1304609776 seconds	0.0000000000 seconds
Iteration 17:	0.1305561066 seconds	0.0000000000 seconds
Iteration 17:	0.1305470467 seconds	0.0000000000 seconds
Iteration 17:	0.1305329800 seconds	0.0000000000 seconds
Iteration 17:	0.1305210590 seconds	0.0000000000 seconds
Iteration 17:	0.1305129528 seconds	0.0000000000 seconds
Iteration 17:	0.1305179596 seconds	0.0000011921 seconds
Iteration 17:	0.1305830479 seconds	0.0000000000 seconds
Iteration 17:	0.1305739880 seconds	0.0000000000 seconds
Iteration 17:	0.1305639744 seconds	0.0000000000 seconds
Iteration 17:	0.1305480003 seconds	0.0000009537 seconds
Iteration 17:	0.1305420399 seconds	0.0000000000 seconds
Iteration 17:	0.1305088997 seconds	0.0000000000 seconds
Iteration 17:	0.1305310726 seconds	0.0000000000 seconds
Iteration 17:	0.1305220127 seconds	0.0000000000 seconds
Iteration 18:	0.1476709843 seconds	0.0000000000 seconds
Iteration 18:	0.1476750374 seconds	0.0000009537 seconds
Iteration 18:	0.1476860046 seconds	0.0000000000 seconds
Iteration 18:	0.1476900578 seconds	0.0000000000 seconds
Iteration 18:	0.1476960182 seconds	0.0000000000 seconds
Iteration 18:	0.1477038860 seconds	0.0000000000 seconds
Iteration 18:	0.1483900547 seconds	0.0000000000 seconds
Iteration 18:	0.1483969688 seconds	0.0000000000 seconds
Iteration 18:	0.1484260559 seconds	0.0000000000 seconds
Iteration 18:	0.1484839916 seconds	0.0000000000 seconds
Iteration 18:	0.1494398117 seconds	0.0000000000 seconds
Iteration 18:	0.1550700665 seconds	0.0000000000 seconds
Iteration 18:	0.1551129818 seconds	0.0000000000 seconds
Iteration 18:	0.1646299362 seconds	0.0000000000 seconds
Iteration 18:	0.1646370888 seconds	0.0000000000 seconds
Iteration 18:	0.1675219536 seconds	0.0000000000 seconds
Iteration 18:	0.1675338745 seconds	0.0000000000 seconds
Iteration 18:	0.1675407887 seconds	0.0000000000 seconds
Iteration 18:	0.1675209999 seconds	0.0000000000 seconds
Iteration 18:	0.1675498486 seconds	0.0000000000 seconds
Iteration 18:	0.1675670147 seconds	0.0000000000 seconds
Iteration 18:	0.1675789356 seconds	0.0000000000 seconds
Iteration 18:	0.1675801277 seconds	0.0000000000 seconds
Iteration 18:	0.1675851345 seconds	0.0000000000 seconds
Iteration 19:	0.1303679943 seconds	0.0000000000 seconds
Iteration 19:	0.1303620338 seconds	0.0000000000 seconds
Iteration 19:	0.1303539276 seconds	0.0000000000 seconds
Iteration 19:	0.1303470135 seconds	0.0000000000 seconds
Iteration 19:	0.1303350925 seconds	0.0000000000 seconds
Iteration 19:	0.1303300858 seconds	0.0000000000 seconds
Iteration 19:	0.1427910328 seconds	0.0000000000 seconds
Iteration 19:	0.1333019733 seconds	0.0000000000 seconds
Iteration 19:	0.1303188801 seconds	0.0000000000 seconds
Iteration 19:	0.1303420067 seconds	0.0000000000 seconds
Iteration 19:	0.1332709789 seconds	0.0000009537 seconds
Iteration 19:	0.1304008961 seconds	0.0000000000 seconds
Iteration 19:	0.1484580040 seconds	0.0000000000 seconds
Iteration 19:	0.1502559185 seconds	0.0000000000 seconds
Iteration 19:	0.1502020359 seconds	0.0000000000 seconds
Iteration 19:	0.1502509117 seconds	0.0000000000 seconds
Iteration 19:	0.1502499580 seconds	0.0000000000 seconds
Iteration 19:	0.1502490044 seconds	0.0000000000 seconds
Iteration 19:	0.1502468586 seconds	0.0000000000 seconds
Iteration 19:	0.1495559216 seconds	0.0000000000 seconds
Iteration 19:	0.1495890617 seconds	0.0000000000 seconds
Iteration 19:	0.1429030895 seconds	0.0000000000 seconds
Iteration 19:	0.1496000290 seconds	0.0000000000 seconds
Iteration 19:	0.1496200562 seconds	0.0000000000 seconds
Iteration 20:	0.1448459625 seconds	0.0000000000 seconds
Iteration 20:	0.1448450089 seconds	0.0000000000 seconds
Iteration 20:	0.1448538303 seconds	0.0000000000 seconds
Iteration 20:	0.1448647976 seconds	0.0000000000 seconds
Iteration 20:	0.1448650360 seconds	0.0000000000 seconds
Iteration 20:	0.1448640823 seconds	0.0000000000 seconds
Iteration 20:	0.1448631287 seconds	0.0000000000 seconds
Iteration 20:	0.1449000835 seconds	0.0000000000 seconds
Iteration 20:	0.1448698044 seconds	0.0000000000 seconds
Iteration 20:	0.1449050903 seconds	0.0000000000 seconds
Iteration 20:	0.1448750496 seconds	0.0000000000 seconds
Iteration 20:	0.1449208260 seconds	0.0000000000 seconds
Iteration 20:	0.1448831558 seconds	0.0000000000 seconds
Iteration 20:	0.1449320316 seconds	0.0000000000 seconds
Iteration 20:	0.1448600292 seconds	0.0000000000 seconds
Iteration 20:	0.1448907852 seconds	0.0000000000 seconds
Iteration 20:	0.1449902058 seconds	0.0000000000 seconds
Iteration 20:	0.1449990273 seconds	0.0000000000 seconds
Iteration 20:	0.1450018883 seconds	0.0000000000 seconds
Iteration 20:	0.1450161934 seconds	0.0000000000 seconds
Iteration 20:	0.1450068951 seconds	0.0000000000 seconds
Iteration 20:	0.1450209618 seconds	0.0000000000 seconds
Iteration 20:	0.1449110508 seconds	0.0000000000 seconds
Iteration 20:	0.1449329853 seconds	0.0000000000 seconds
Iteration 21:	0.1304829121 seconds	0.0000000000 seconds
Iteration 21:	0.1304781437 seconds	0.0000000000 seconds
Iteration 21:	0.1304659843 seconds	0.0000000000 seconds
Iteration 21:	0.1304550171 seconds	0.0000000000 seconds
Iteration 21:	0.1304528713 seconds	0.0000000000 seconds
Iteration 21:	0.1304459572 seconds	0.0000000000 seconds
Iteration 21:	0.1305019855 seconds	0.0000000000 seconds
Iteration 21:	0.1304950714 seconds	0.0000000000 seconds
Iteration 21:	0.1306409836 seconds	0.0000000000 seconds
Iteration 21:	0.1306390762 seconds	0.0000000000 seconds
Iteration 21:	0.1306319237 seconds	0.0000000000 seconds
Iteration 21:	0.1306281090 seconds	0.0000000000 seconds
Iteration 21:	0.1306278706 seconds	0.0000000000 seconds
Iteration 21:	0.1306250095 seconds	0.0000000000 seconds
Iteration 21:	0.1305339336 seconds	0.0000000000 seconds
Iteration 21:	0.1305270195 seconds	0.0000000000 seconds
Iteration 21:	0.1305351257 seconds	0.0000000000 seconds
Iteration 21:	0.1305119991 seconds	0.0000011921 seconds
Iteration 21:	0.1306140423 seconds	0.0000000000 seconds
Iteration 21:	0.1307199001 seconds	0.0000000000 seconds
Iteration 21:	0.1307139397 seconds	0.0000000000 seconds
Iteration 21:	0.1307051182 seconds	0.0000000000 seconds
Iteration 21:	0.1305830479 seconds	0.0000000000 seconds
Iteration 21:	0.1306061745 seconds	0.0000000000 seconds
Iteration 22:	0.1449060440 seconds	0.0000000000 seconds
Iteration 22:	0.1449208260 seconds	0.0000000000 seconds
Iteration 22:	0.1449310780 seconds	0.0000000000 seconds
Iteration 22:	0.1449570656 seconds	0.0000000000 seconds
Iteration 22:	0.1449167728 seconds	0.0000000000 seconds
Iteration 22:	0.1450390816 seconds	0.0000000000 seconds
Iteration 22:	0.1449449062 seconds	0.0000000000 seconds
Iteration 22:	0.1449449062 seconds	0.0000000000 seconds
Iteration 22:	0.1448040009 seconds	0.0000000000 seconds
Iteration 22:	0.1450831890 seconds	0.0000000000 seconds
Iteration 22:	0.1450839043 seconds	0.0000000000 seconds
Iteration 22:	0.1449041367 seconds	0.0000000000 seconds
Iteration 22:	0.1451158524 seconds	0.0000000000 seconds
Iteration 22:	0.1451108456 seconds	0.0000000000 seconds
Iteration 22:	0.1448750496 seconds	0.0000000000 seconds
Iteration 22:	0.1448760033 seconds	0.0000000000 seconds
Iteration 22:	0.1451110840 seconds	0.0000000000 seconds
Iteration 22:	0.1449489594 seconds	0.0000000000 seconds
Iteration 22:	0.1450560093 seconds	0.0000000000 seconds
Iteration 22:	0.1450190544 seconds	0.0000000000 seconds
Iteration 22:	0.1450171471 seconds	0.0000000000 seconds
Iteration 22:	0.1450250149 seconds	0.0000000000 seconds
Iteration 22:	0.1448910236 seconds	0.0000000000 seconds
Iteration 22:	0.1449129581 seconds	0.0000000000 seconds
Iteration 23:	0.1304731369 seconds	0.0000000000 seconds
Iteration 23:	0.1304731369 seconds	0.0000000000 seconds
Iteration 23:	0.1304738522 seconds	0.0000000000 seconds
Iteration 23:	0.1304409504 seconds	0.0000000000 seconds
Iteration 23:	0.1304440498 seconds	0.0000000000 seconds
Iteration 23:	0.1304421425 seconds	0.0000000000 seconds
Iteration 23:	0.1304359436 seconds	0.0000000000 seconds
Iteration 23:	0.1304259300 seconds	0.0000000000 seconds
Iteration 23:	0.1304099560 seconds	0.0000000000 seconds
Iteration 23:	0.1304039955 seconds	0.0000000000 seconds
Iteration 23:	0.1304099560 seconds	0.0000000000 seconds
Iteration 23:	0.1305410862 seconds	0.0000000000 seconds
Iteration 23:	0.1305160522 seconds	0.0000000000 seconds
Iteration 23:	0.1305091381 seconds	0.0000000000 seconds
Iteration 23:	0.1305339336 seconds	0.0000000000 seconds
Iteration 23:	0.1304831505 seconds	0.0000000000 seconds
Iteration 23:	0.1305270195 seconds	0.0000000000 seconds
Iteration 23:	0.1305329800 seconds	0.0000000000 seconds
Iteration 23:	0.1305389404 seconds	0.0000000000 seconds
Iteration 23:	0.1305108070 seconds	0.0000011921 seconds
Iteration 23:	0.1305170059 seconds	0.0000000000 seconds
Iteration 23:	0.1304650307 seconds	0.0000009537 seconds
Iteration 23:	0.1305010319 seconds	0.0000009537 seconds
Iteration 23:	0.1305220127 seconds	0.0000000000 seconds
Iteration 24:	0.1448628902 seconds	0.0000000000 seconds
Iteration 24:	0.1448788643 seconds	0.0000000000 seconds
Iteration 24:	0.1448869705 seconds	0.0000000000 seconds
Iteration 24:	0.1448221207 seconds	0.0000009537 seconds
Iteration 24:	0.1449429989 seconds	0.0000000000 seconds
Iteration 24:	0.1449160576 seconds	0.0000000000 seconds
Iteration 24:	0.1449489594 seconds	0.0000000000 seconds
Iteration 24:	0.1449220181 seconds	0.0000000000 seconds
Iteration 24:	0.1449630260 seconds	0.0000000000 seconds
Iteration 24:	0.1449639797 seconds	0.0000000000 seconds
Iteration 24:	0.1449239254 seconds	0.0000000000 seconds
Iteration 24:	0.1449759007 seconds	0.0000000000 seconds
Iteration 24:	0.1449279785 seconds	0.0000000000 seconds
Iteration 24:	0.1449320316 seconds	0.0000000000 seconds
Iteration 24:	0.1449849606 seconds	0.0000009537 seconds
Iteration 24:	0.1449339390 seconds	0.0000000000 seconds
Iteration 24:	0.1449978352 seconds	0.0000000000 seconds
Iteration 24:	0.1449389458 seconds	0.0000000000 seconds
Iteration 24:	0.1450130939 seconds	0.0000000000 seconds
Iteration 24:	0.1450109482 seconds	0.0000000000 seconds
Iteration 24:	0.1450178623 seconds	0.0000000000 seconds
Iteration 24:	0.1449129581 seconds	0.0000000000 seconds
Iteration 24:	0.1449680328 seconds	0.0000000000 seconds
Iteration 24:	0.1449890137 seconds	0.0000000000 seconds
Iteration 25:	0.1305480003 seconds	0.0000000000 seconds
Iteration 25:	0.1305370331 seconds	0.0000000000 seconds
Iteration 25:	0.1305298805 seconds	0.0000000000 seconds
Iteration 25:	0.1302630901 seconds	0.0000000000 seconds
Iteration 25:	0.1305160522 seconds	0.0000000000 seconds
Iteration 25:	0.1305119991 seconds	0.0000000000 seconds
Iteration 25:	0.1304399967 seconds	0.0000000000 seconds
Iteration 25:	0.1302881241 seconds	0.0000000000 seconds
Iteration 25:	0.1305038929 seconds	0.0000000000 seconds
Iteration 25:	0.1304688454 seconds	0.0000000000 seconds
Iteration 25:	0.1304788589 seconds	0.0000000000 seconds
Iteration 25:	0.1304969788 seconds	0.0000000000 seconds
Iteration 25:	0.1304838657 seconds	0.0000000000 seconds
Iteration 25:	0.1304681301 seconds	0.0000000000 seconds
Iteration 25:	0.1304631233 seconds	0.0000000000 seconds
Iteration 25:	0.1305990219 seconds	0.0000000000 seconds
Iteration 25:	0.1305639744 seconds	0.0000000000 seconds
Iteration 25:	0.1305899620 seconds	0.0000000000 seconds
Iteration 25:	0.1304700375 seconds	0.0000000000 seconds
Iteration 25:	0.1304390430 seconds	0.0000000000 seconds
Iteration 25:	0.1305189133 seconds	0.0000000000 seconds
Iteration 25:	0.1305530071 seconds	0.0000000000 seconds
Iteration 25:	0.1305449009 seconds	0.0000000000 seconds
Iteration 25:	0.1305329800 seconds	0.0000000000 seconds
Iteration 26:	0.1447870731 seconds	0.0000000000 seconds
Iteration 26:	0.1448020935 seconds	0.0000000000 seconds
Iteration 26:	0.1448152065 seconds	0.0000000000 seconds
Iteration 26:	0.1448271275 seconds	0.0000000000 seconds
Iteration 26:	0.1448359489 seconds	0.0000000000 seconds
Iteration 26:	0.1448080540 seconds	0.0000000000 seconds
Iteration 26:	0.1448841095 seconds	0.0000000000 seconds
Iteration 26:	0.1448488235 seconds	0.0000000000 seconds
Iteration 26:	0.1448960304 seconds	0.0000000000 seconds
Iteration 26:	0.1448609829 seconds	0.0000000000 seconds
Iteration 26:	0.1448760033 seconds	0.0000000000 seconds
Iteration 26:	0.1449151039 seconds	0.0000000000 seconds
Iteration 26:	0.1449160576 seconds	0.0000000000 seconds
Iteration 26:	0.1449151039 seconds	0.0000000000 seconds
Iteration 26:	0.1449239254 seconds	0.0000000000 seconds
Iteration 26:	0.1449260712 seconds	0.0000000000 seconds
Iteration 26:	0.1449329853 seconds	0.0000000000 seconds
Iteration 26:	0.1449451447 seconds	0.0000000000 seconds
Iteration 26:	0.1449489594 seconds	0.0000000000 seconds
Iteration 26:	0.1449620724 seconds	0.0000000000 seconds
Iteration 26:	0.1449568272 seconds	0.0000000000 seconds
Iteration 26:	0.1449661255 seconds	0.0000000000 seconds
Iteration 26:	0.1451208591 seconds	0.0000000000 seconds
Iteration 26:	0.1451168060 seconds	0.0000011921 seconds
Iteration 27:	0.1305279732 seconds	0.0000000000 seconds
Iteration 27:	0.1305279732 seconds	0.0000000000 seconds
Iteration 27:	0.1305160522 seconds	0.0000000000 seconds
Iteration 27:	0.1305029392 seconds	0.0000000000 seconds
Iteration 27:	0.1305041313 seconds	0.0000000000 seconds
Iteration 27:	0.1304919720 seconds	0.0000000000 seconds
Iteration 27:	0.1304788589 seconds	0.0000000000 seconds
Iteration 27:	0.1304631233 seconds	0.0000000000 seconds
Iteration 27:	0.1304490566 seconds	0.0000000000 seconds
Iteration 27:	0.1304450035 seconds	0.0000000000 seconds
Iteration 27:	0.1306061745 seconds	0.0000000000 seconds
Iteration 27:	0.1305921078 seconds	0.0000000000 seconds
Iteration 27:	0.1304290295 seconds	0.0000000000 seconds
Iteration 27:	0.1304500103 seconds	0.0000000000 seconds
Iteration 27:	0.1305840015 seconds	0.0000000000 seconds
Iteration 27:	0.1305720806 seconds	0.0000000000 seconds
Iteration 27:	0.1305341721 seconds	0.0000000000 seconds
Iteration 27:	0.1305510998 seconds	0.0000000000 seconds
Iteration 27:	0.1305639744 seconds	0.0000000000 seconds
Iteration 27:	0.1306149960 seconds	0.0000000000 seconds
Iteration 27:	0.1306149960 seconds	0.0000000000 seconds
Iteration 27:	0.1306061745 seconds	0.0000000000 seconds
Iteration 27:	0.1305029392 seconds	0.0000000000 seconds
Iteration 27:	0.1305248737 seconds	0.0000000000 seconds
Iteration 28:	0.1448950768 seconds	0.0000000000 seconds
Iteration 28:	0.1449091434 seconds	0.0000000000 seconds
Iteration 28:	0.1449208260 seconds	0.0000000000 seconds
Iteration 28:	0.1449329853 seconds	0.0000000000 seconds
Iteration 28:	0.1449007988 seconds	0.0000000000 seconds
Iteration 28:	0.1449439526 seconds	0.0000000000 seconds
Iteration 28:	0.1449761391 seconds	0.0000000000 seconds
Iteration 28:	0.1449861526 seconds	0.0000000000 seconds
Iteration 28:	0.1449551582 seconds	0.0000000000 seconds
Iteration 28:	0.1449639797 seconds	0.0000000000 seconds
Iteration 28:	0.1449949741 seconds	0.0000000000 seconds
Iteration 28:	0.1449739933 seconds	0.0000000000 seconds
Iteration 28:	0.1449999809 seconds	0.0000000000 seconds
Iteration 28:	0.1448409557 seconds	0.0000000000 seconds
Iteration 28:	0.1448810101 seconds	0.0000000000 seconds
Iteration 28:	0.1450099945 seconds	0.0000000000 seconds
Iteration 28:	0.1450209618 seconds	0.0000000000 seconds
Iteration 28:	0.1448941231 seconds	0.0000000000 seconds
Iteration 28:	0.1450350285 seconds	0.0000000000 seconds
Iteration 28:	0.1450469494 seconds	0.0000000000 seconds
Iteration 28:	0.1450459957 seconds	0.0000000000 seconds
Iteration 28:	0.1450538635 seconds	0.0000000000 seconds
Iteration 28:	0.1449298859 seconds	0.0000000000 seconds
Iteration 28:	0.1449511051 seconds	0.0000000000 seconds
Iteration 29:	0.1311798096 seconds	0.0000000000 seconds
Iteration 29:	0.1311860085 seconds	0.0000000000 seconds
Iteration 29:	0.1313209534 seconds	0.0000000000 seconds
Iteration 29:	0.1312808990 seconds	0.0000000000 seconds
Iteration 29:	0.1313149929 seconds	0.0000000000 seconds
Iteration 29:	0.1312580109 seconds	0.0000000000 seconds
Iteration 29:	0.1312429905 seconds	0.0000000000 seconds
Iteration 29:	0.1312282085 seconds	0.0000000000 seconds
Iteration 29:	0.1313071251 seconds	0.0000000000 seconds
Iteration 29:	0.1312899590 seconds	0.0000000000 seconds
Iteration 29:	0.1312689781 seconds	0.0000000000 seconds
Iteration 29:	0.1318299770 seconds	0.0000000000 seconds
Iteration 29:	0.1317400932 seconds	0.0000000000 seconds
Iteration 29:	0.1317169666 seconds	0.0000000000 seconds
Iteration 29:	0.1343789101 seconds	0.0000000000 seconds
Iteration 29:	0.1391460896 seconds	0.0000000000 seconds
Iteration 29:	0.1451139450 seconds	0.0000009537 seconds
Iteration 29:	0.1451110840 seconds	0.0000000000 seconds
Iteration 29:	0.1451270580 seconds	0.0000009537 seconds
Iteration 29:	0.1452960968 seconds	0.0000000000 seconds
Iteration 29:	0.1452879906 seconds	0.0000000000 seconds
Iteration 29:	0.1454010010 seconds	0.0000000000 seconds
Iteration 29:	0.1454148293 seconds	0.0000000000 seconds
Iteration 29:	0.1454288960 seconds	0.0000000000 seconds
Iteration 30:	0.1789338589 seconds	0.0000000000 seconds
Iteration 30:	0.1807451248 seconds	0.0000000000 seconds
Iteration 30:	0.1808240414 seconds	0.0000000000 seconds
Iteration 30:	0.1679060459 seconds	0.0000000000 seconds
Iteration 30:	0.1678769588 seconds	0.0000000000 seconds
Iteration 30:	0.1679618359 seconds	0.0000000000 seconds
Iteration 30:	0.1715610027 seconds	0.0000000000 seconds
Iteration 30:	0.1902968884 seconds	0.0000000000 seconds
Iteration 30:	0.1913080215 seconds	0.0000000000 seconds
Iteration 30:	0.1780130863 seconds	0.0000000000 seconds
Iteration 30:	0.1781718731 seconds	0.0000000000 seconds
Iteration 30:	0.1781589985 seconds	0.0000000000 seconds
Iteration 30:	0.1781821251 seconds	0.0000000000 seconds
Iteration 30:	0.1958930492 seconds	0.0000000000 seconds
Iteration 30:	0.2005169392 seconds	0.0000009537 seconds
Iteration 30:	0.2037642002 seconds	0.0000000000 seconds
Iteration 30:	0.2037708759 seconds	0.0000000000 seconds
Iteration 30:	0.2037730217 seconds	0.0000000000 seconds
Iteration 30:	0.2037768364 seconds	0.0000000000 seconds
Iteration 30:	0.2037899494 seconds	0.0000000000 seconds
Iteration 30:	0.2038071156 seconds	0.0000000000 seconds
Iteration 30:	0.2038199902 seconds	0.0000000000 seconds
Iteration 30:	0.2038609982 seconds	0.0000000000 seconds
Iteration 30:	0.2038009167 seconds	0.0000000000 seconds
Iteration 31:	0.1303410530 seconds	0.0000000000 seconds
Iteration 31:	0.1303451061 seconds	0.0000000000 seconds
Iteration 31:	0.1303489208 seconds	0.0000009537 seconds
Iteration 31:	0.1302728653 seconds	0.0000000000 seconds
Iteration 31:	0.1427941322 seconds	0.0000000000 seconds
Iteration 31:	0.1303410530 seconds	0.0000000000 seconds
Iteration 31:	0.1303360462 seconds	0.0000000000 seconds
Iteration 31:	0.1438260078 seconds	0.0000000000 seconds
Iteration 31:	0.1303238869 seconds	0.0000000000 seconds
Iteration 31:	0.1303260326 seconds	0.0000000000 seconds
Iteration 31:	0.1304039955 seconds	0.0000000000 seconds
Iteration 31:	0.1303319931 seconds	0.0000000000 seconds
Iteration 31:	0.1304278374 seconds	0.0000000000 seconds
Iteration 31:	0.1484880447 seconds	0.0000000000 seconds
Iteration 31:	0.1521489620 seconds	0.0000009537 seconds
Iteration 31:	0.1521930695 seconds	0.0000000000 seconds
Iteration 31:	0.1522021294 seconds	0.0000000000 seconds
Iteration 31:	0.1421449184 seconds	0.0000000000 seconds
Iteration 31:	0.1421980858 seconds	0.0000000000 seconds
Iteration 31:	0.1422049999 seconds	0.0000000000 seconds
Iteration 31:	0.1422109604 seconds	0.0000000000 seconds
Iteration 31:	0.1528129578 seconds	0.0000000000 seconds
Iteration 31:	0.1547708511 seconds	0.0000000000 seconds
Iteration 31:	0.1529078484 seconds	0.0000000000 seconds
Iteration 32:	0.1448991299 seconds	0.0000000000 seconds
Iteration 32:	0.1448941231 seconds	0.0000000000 seconds
Iteration 32:	0.1449229717 seconds	0.0000000000 seconds
Iteration 32:	0.1449260712 seconds	0.0000000000 seconds
Iteration 32:	0.1449210644 seconds	0.0000000000 seconds
Iteration 32:	0.1449120045 seconds	0.0000000000 seconds
Iteration 32:	0.1448910236 seconds	0.0000000000 seconds
Iteration 32:	0.1448979378 seconds	0.0000000000 seconds
Iteration 32:	0.1449759007 seconds	0.0000000000 seconds
Iteration 32:	0.1449000835 seconds	0.0000000000 seconds
Iteration 32:	0.1450009346 seconds	0.0000000000 seconds
Iteration 32:	0.1449000835 seconds	0.0000000000 seconds
Iteration 32:	0.1450140476 seconds	0.0000000000 seconds
Iteration 32:	0.1448850632 seconds	0.0000000000 seconds
Iteration 32:	0.1449091434 seconds	0.0000000000 seconds
Iteration 32:	0.1450490952 seconds	0.0000000000 seconds
Iteration 32:	0.1450538635 seconds	0.0000000000 seconds
Iteration 32:	0.1450588703 seconds	0.0000000000 seconds
Iteration 32:	0.1450679302 seconds	0.0000000000 seconds
Iteration 32:	0.1450810432 seconds	0.0000000000 seconds
Iteration 32:	0.1450779438 seconds	0.0000000000 seconds
Iteration 32:	0.1450700760 seconds	0.0000000000 seconds
Iteration 32:	0.1448781490 seconds	0.0000000000 seconds
Iteration 32:	0.1449060440 seconds	0.0000000000 seconds
Iteration 33:	0.1304578781 seconds	0.0000000000 seconds
Iteration 33:	0.1304500103 seconds	0.0000000000 seconds
Iteration 33:	0.1304409504 seconds	0.0000000000 seconds
Iteration 33:	0.1304249763 seconds	0.0000000000 seconds
Iteration 33:	0.1304218769 seconds	0.0000000000 seconds
Iteration 33:	0.1304180622 seconds	0.0000000000 seconds
Iteration 33:	0.1303381920 seconds	0.0000000000 seconds
Iteration 33:	0.1303930283 seconds	0.0000000000 seconds
Iteration 33:	0.1303801537 seconds	0.0000000000 seconds
Iteration 33:	0.1303749084 seconds	0.0000000000 seconds
Iteration 33:	0.1305060387 seconds	0.0000000000 seconds
Iteration 33:	0.1305260658 seconds	0.0000000000 seconds
Iteration 33:	0.1303808689 seconds	0.0000000000 seconds
Iteration 33:	0.1305239201 seconds	0.0000000000 seconds
Iteration 33:	0.1305270195 seconds	0.0000009537 seconds
Iteration 33:	0.1304931641 seconds	0.0000000000 seconds
Iteration 33:	0.1304299831 seconds	0.0000000000 seconds
Iteration 33:	0.1305239201 seconds	0.0000000000 seconds
Iteration 33:	0.1305270195 seconds	0.0000000000 seconds
Iteration 33:	0.1305339336 seconds	0.0000000000 seconds
Iteration 33:	0.1304881573 seconds	0.0000000000 seconds
Iteration 33:	0.1303870678 seconds	0.0000000000 seconds
Iteration 33:	0.1305539608 seconds	0.0000000000 seconds
Iteration 33:	0.1306920052 seconds	0.0000000000 seconds
Iteration 34:	0.1449320316 seconds	0.0000000000 seconds
Iteration 34:	0.1450140476 seconds	0.0000000000 seconds
Iteration 34:	0.1450271606 seconds	0.0000000000 seconds
Iteration 34:	0.1450030804 seconds	0.0000000000 seconds
Iteration 34:	0.1450421810 seconds	0.0000000000 seconds
Iteration 34:	0.1450378895 seconds	0.0000000000 seconds
Iteration 34:	0.1450188160 seconds	0.0000000000 seconds
Iteration 34:	0.1450481415 seconds	0.0000000000 seconds
Iteration 34:	0.1450250149 seconds	0.0000000000 seconds
Iteration 34:	0.1450560093 seconds	0.0000000000 seconds
Iteration 34:	0.1450400352 seconds	0.0000000000 seconds
Iteration 34:	0.1450541019 seconds	0.0000000000 seconds
Iteration 34:	0.1450719833 seconds	0.0000000000 seconds
Iteration 34:	0.1450619698 seconds	0.0000000000 seconds
Iteration 34:	0.1450850964 seconds	0.0000000000 seconds
Iteration 34:	0.1450760365 seconds	0.0000000000 seconds
Iteration 34:	0.1450829506 seconds	0.0000000000 seconds
Iteration 34:	0.1450910568 seconds	0.0000000000 seconds
Iteration 34:	0.1450932026 seconds	0.0000000000 seconds
Iteration 34:	0.1451029778 seconds	0.0000000000 seconds
Iteration 34:	0.1451001167 seconds	0.0000009537 seconds
Iteration 34:	0.1448810101 seconds	0.0000000000 seconds
Total computation time was: 4.911687		Average frame time was: 0.140318		Average Particle interations per second were: 1898136191.807746
Iteration 34:	0.1451671124 seconds	0.0000000000 seconds
Iteration 34:	0.1450059414 seconds	0.0000000000 seconds
