[ -1:000]                : Rank 0 is running on comet-23-57.sdsc.edu
[  0:001] init_pprintf   : My dest: 1	My source: 2	My_num_part: 42720
Initalizing particles linear on 0 to 42720
[ -1:000]                : Rank 1 is running on comet-23-61.sdsc.edu
[  1:001] init_pprintf   : My dest: 2	My source: 0	My_num_part: 42720
Initalizing particles linear on 42720 to 85440
[ -1:000]                : Rank 2 is running on comet-23-62.sdsc.edu
[  2:001] init_pprintf   : My dest: 0	My source: 1	My_num_part: 42720
Initalizing particles linear on 85440 to 128160
Iteration 0:	5.3711299896 seconds	0.0000000000 seconds
Iteration 0:	5.4082968235 seconds	0.0000000000 seconds
Iteration 0:	5.3701879978 seconds	0.0000000000 seconds
Iteration 1:	3.2135429382 seconds	0.0000000000 seconds
Iteration 1:	3.2135279179 seconds	0.0000000000 seconds
Iteration 1:	3.2135519981 seconds	0.0000000000 seconds
Iteration 2:	3.5702819824 seconds	0.0000000000 seconds
Iteration 2:	3.5703029633 seconds	0.0000000000 seconds
Iteration 2:	3.5702390671 seconds	0.0000000000 seconds
Iteration 3:	3.2133128643 seconds	0.0000000000 seconds
Iteration 3:	3.2133669853 seconds	0.0000000000 seconds
Iteration 3:	3.2134180069 seconds	0.0000000000 seconds
Iteration 4:	3.5694839954 seconds	0.0000000000 seconds
Iteration 4:	3.5695559978 seconds	0.0000000000 seconds
Iteration 4:	3.5695230961 seconds	0.0000000000 seconds
Iteration 5:	3.2129869461 seconds	0.0000000000 seconds
Iteration 5:	3.2129330635 seconds	0.0000000000 seconds
Iteration 5:	3.2129528522 seconds	0.0000000000 seconds
Iteration 6:	3.5698959827 seconds	0.0000000000 seconds
Iteration 6:	3.5699250698 seconds	0.0000000000 seconds
Iteration 6:	3.5698971748 seconds	0.0000000000 seconds
Iteration 7:	3.2228519917 seconds	0.0000000000 seconds
Iteration 7:	3.2228481770 seconds	0.0000000000 seconds
Iteration 7:	3.2228338718 seconds	0.0000000000 seconds
Iteration 8:	3.5699510574 seconds	0.0000000000 seconds
Iteration 8:	3.5699741840 seconds	0.0000000000 seconds
Iteration 8:	3.5699739456 seconds	0.0000000000 seconds
Iteration 9:	3.2133829594 seconds	0.0000000000 seconds
Iteration 9:	3.2134859562 seconds	0.0000000000 seconds
Iteration 9:	3.2134449482 seconds	0.0000000000 seconds
Iteration 10:	3.5696959496 seconds	0.0000000000 seconds
Iteration 10:	3.5697557926 seconds	0.0000000000 seconds
Iteration 10:	3.5697729588 seconds	0.0000009537 seconds
Iteration 11:	3.2143580914 seconds	0.0000000000 seconds
Iteration 11:	3.2143669128 seconds	0.0000000000 seconds
Iteration 11:	3.2144329548 seconds	0.0000000000 seconds
Iteration 12:	3.5697410107 seconds	0.0000000000 seconds
Iteration 12:	3.5697779655 seconds	0.0000000000 seconds
Iteration 12:	3.5697119236 seconds	0.0000000000 seconds
Iteration 13:	3.2131230831 seconds	0.0000000000 seconds
Iteration 13:	3.2131359577 seconds	0.0000009537 seconds
Iteration 13:	3.2131521702 seconds	0.0000000000 seconds
Iteration 14:	3.5698359013 seconds	0.0000000000 seconds
Iteration 14:	3.5698521137 seconds	0.0000000000 seconds
Iteration 14:	3.5698330402 seconds	0.0000000000 seconds
Iteration 15:	3.2127680779 seconds	0.0000000000 seconds
Iteration 15:	3.2127959728 seconds	0.0000000000 seconds
Iteration 15:	3.2128360271 seconds	0.0000000000 seconds
Iteration 16:	3.5698139668 seconds	0.0000000000 seconds
Iteration 16:	3.5698270798 seconds	0.0000000000 seconds
Iteration 16:	3.5698459148 seconds	0.0000000000 seconds
Iteration 17:	3.2137179375 seconds	0.0000000000 seconds
Iteration 17:	3.2136981487 seconds	0.0000000000 seconds
Iteration 17:	3.2137529850 seconds	0.0000000000 seconds
Iteration 18:	3.5698108673 seconds	0.0000000000 seconds
Iteration 18:	3.5698339939 seconds	0.0000000000 seconds
Iteration 18:	3.5698139668 seconds	0.0000000000 seconds
Iteration 19:	3.2134869099 seconds	0.0000009537 seconds
Iteration 19:	3.2135360241 seconds	0.0000000000 seconds
Total computation time was: 69.681487		Average frame time was: 3.484039		Average Particle interations per second were: -216669110.537488
Iteration 19:	3.2135839462 seconds	0.0000000000 seconds
