Initalizing particles linear on 0 to 480
Iteration 0:	0.0021910667 seconds	0.0000000000 seconds
Iteration 1:	0.0019450188 seconds	0.0000011921 seconds
Iteration 2:	0.0019330978 seconds	0.0000000000 seconds
Iteration 3:	0.0019240379 seconds	0.0000000000 seconds
Iteration 4:	0.0019259453 seconds	0.0000000000 seconds
Iteration 5:	0.0019240379 seconds	0.0000000000 seconds
Iteration 6:	0.0019378662 seconds	0.0000000000 seconds
Iteration 7:	0.0019228458 seconds	0.0000000000 seconds
Iteration 8:	0.0019228458 seconds	0.0000000000 seconds
Iteration 9:	0.0019237995 seconds	0.0000000000 seconds
Iteration 10:	0.0019259453 seconds	0.0000000000 seconds
Iteration 11:	0.0019400120 seconds	0.0000000000 seconds
Iteration 12:	0.0019240379 seconds	0.0000000000 seconds
Iteration 13:	0.0019230843 seconds	0.0000000000 seconds
Iteration 14:	0.0019249916 seconds	0.0000000000 seconds
Iteration 15:	0.0019259453 seconds	0.0000000000 seconds
Iteration 16:	0.0019390583 seconds	0.0000000000 seconds
Iteration 17:	0.0019240379 seconds	0.0000000000 seconds
Iteration 18:	0.0019228458 seconds	0.0000000000 seconds
Iteration 19:	0.0019240379 seconds	0.0000000000 seconds
Iteration 20:	0.0019230843 seconds	0.0000000000 seconds
Iteration 21:	0.0019381046 seconds	0.0000000000 seconds
Iteration 22:	0.0019221306 seconds	0.0000000000 seconds
Iteration 23:	0.0019249916 seconds	0.0000000000 seconds
Iteration 24:	0.0019240379 seconds	0.0000000000 seconds
Iteration 25:	0.0019230843 seconds	0.0000000000 seconds
Iteration 26:	0.0019390583 seconds	0.0000000000 seconds
Iteration 27:	0.0020461082 seconds	0.0000000000 seconds
Iteration 28:	0.0019249916 seconds	0.0000000000 seconds
Iteration 29:	0.0020499229 seconds	0.0000000000 seconds
Iteration 30:	0.0020098686 seconds	0.0000000000 seconds
Iteration 31:	0.0019240379 seconds	0.0000000000 seconds
Iteration 32:	0.0022108555 seconds	0.0000000000 seconds
Iteration 33:	0.0019578934 seconds	0.0000000000 seconds
Iteration 34:	0.0020959377 seconds	0.0000000000 seconds
Iteration 35:	0.0020108223 seconds	0.0000000000 seconds
Iteration 36:	0.0019719601 seconds	0.0000000000 seconds
Iteration 37:	0.0020279884 seconds	0.0000000000 seconds
Iteration 38:	0.0019600391 seconds	0.0000000000 seconds
Iteration 39:	0.0019550323 seconds	0.0000009537 seconds
Iteration 40:	0.0019609928 seconds	0.0000000000 seconds
Iteration 41:	0.0020968914 seconds	0.0000000000 seconds
Iteration 42:	0.0019240379 seconds	0.0000000000 seconds
Iteration 43:	0.0019910336 seconds	0.0000000000 seconds
Iteration 44:	0.0020098686 seconds	0.0000000000 seconds
Iteration 45:	0.0019450188 seconds	0.0000000000 seconds
Iteration 46:	0.0020899773 seconds	0.0000000000 seconds
Iteration 47:	0.0019440651 seconds	0.0000000000 seconds
Iteration 48:	0.0019590855 seconds	0.0000000000 seconds
Iteration 49:	0.0019631386 seconds	0.0000000000 seconds
Iteration 50:	0.0019888878 seconds	0.0000000000 seconds
Iteration 51:	0.0019719601 seconds	0.0000000000 seconds
Iteration 52:	0.0019419193 seconds	0.0000000000 seconds
Iteration 53:	0.0019228458 seconds	0.0000011921 seconds
Iteration 54:	0.0019359589 seconds	0.0000000000 seconds
Iteration 55:	0.0023701191 seconds	0.0000000000 seconds
Iteration 56:	0.0019679070 seconds	0.0000000000 seconds
Iteration 57:	0.0019228458 seconds	0.0000000000 seconds
Iteration 58:	0.0019240379 seconds	0.0000000000 seconds
Iteration 59:	0.0019230843 seconds	0.0000000000 seconds
Iteration 60:	0.0019259453 seconds	0.0000000000 seconds
Iteration 61:	0.0019228458 seconds	0.0000000000 seconds
Iteration 62:	0.0019228458 seconds	0.0000000000 seconds
Iteration 63:	0.0019228458 seconds	0.0000000000 seconds
Iteration 64:	0.0019240379 seconds	0.0000000000 seconds
Iteration 65:	0.0019218922 seconds	0.0000000000 seconds
Iteration 66:	0.0019228458 seconds	0.0000000000 seconds
Iteration 67:	0.0019209385 seconds	0.0000000000 seconds
Iteration 68:	0.0019218922 seconds	0.0000000000 seconds
Iteration 69:	0.0019190311 seconds	0.0000000000 seconds
Iteration 70:	0.0019240379 seconds	0.0000000000 seconds
Iteration 71:	0.0019230843 seconds	0.0000000000 seconds
Iteration 72:	0.0019230843 seconds	0.0000000000 seconds
Iteration 73:	0.0019230843 seconds	0.0000000000 seconds
Iteration 74:	0.0019228458 seconds	0.0000000000 seconds
Iteration 75:	0.0019237995 seconds	0.0000000000 seconds
Iteration 76:	0.0019228458 seconds	0.0000000000 seconds
Iteration 77:	0.0019228458 seconds	0.0000000000 seconds
Iteration 78:	0.0019230843 seconds	0.0000000000 seconds
Iteration 79:	0.0019230843 seconds	0.0000000000 seconds
Iteration 80:	0.0019230843 seconds	0.0000000000 seconds
Iteration 81:	0.0019218922 seconds	0.0000000000 seconds
Iteration 82:	0.0019218922 seconds	0.0000009537 seconds
Iteration 83:	0.0019228458 seconds	0.0000000000 seconds
Iteration 84:	0.0019230843 seconds	0.0000000000 seconds
Iteration 85:	0.0019230843 seconds	0.0000000000 seconds
Iteration 86:	0.0019240379 seconds	0.0000000000 seconds
Iteration 87:	0.0019221306 seconds	0.0000000000 seconds
Iteration 88:	0.0019230843 seconds	0.0000000000 seconds
Iteration 89:	0.0019230843 seconds	0.0000000000 seconds
Iteration 90:	0.0019240379 seconds	0.0000000000 seconds
Iteration 91:	0.0019221306 seconds	0.0000000000 seconds
Iteration 92:	0.0019230843 seconds	0.0000000000 seconds
Iteration 93:	0.0019240379 seconds	0.0000000000 seconds
Iteration 94:	0.0019240379 seconds	0.0000000000 seconds
Iteration 95:	0.0019209385 seconds	0.0000000000 seconds
Iteration 96:	0.0019240379 seconds	0.0000000000 seconds
Iteration 97:	0.0019218922 seconds	0.0000000000 seconds
Iteration 98:	0.0019237995 seconds	0.0000000000 seconds
Iteration 99:	0.0019218922 seconds	0.0000009537 seconds
Total computation time was: 0.195388		Average frame time was: 0.001951		Average Particle interations per second were: 118073187.496335
[comet-11-67.sdsc.edu:mpispawn_0][readline] Unexpected End-Of-File on file descriptor 5. MPI process died?
[comet-11-67.sdsc.edu:mpispawn_0][mtpmi_processops] Error while reading PMI socket. MPI process died?
