[ -1:000]                : Rank 0 is running on comet-23-59.sdsc.edu
[ -1:000]                : Rank 1 is running on comet-23-59.sdsc.edu
[  1:001] init_pprintf   : My dest: 0	My source: 0	My_num_part: 8160
[  0:001] init_pprintf   : My dest: 1	My source: 1	My_num_part: 8160
Initalizing particles linear on 0 to 8160
Initalizing particles linear on 8160 to 16320
Iteration 0:	0.4298779964 seconds	0.0000000000 seconds
Iteration 0:	0.4300608635 seconds	0.0000000000 seconds
Iteration 1:	0.3865830898 seconds	0.0000000000 seconds
Iteration 1:	0.3865840435 seconds	0.0000000000 seconds
Iteration 2:	0.4291360378 seconds	0.0000000000 seconds
Iteration 2:	0.4291369915 seconds	0.0000000000 seconds
Iteration 3:	0.3865308762 seconds	0.0000000000 seconds
Iteration 3:	0.3865280151 seconds	0.0000000000 seconds
Iteration 4:	0.4291160107 seconds	0.0000009537 seconds
Iteration 4:	0.4291150570 seconds	0.0000000000 seconds
Iteration 5:	0.3866450787 seconds	0.0000000000 seconds
Iteration 5:	0.3866450787 seconds	0.0000000000 seconds
Iteration 6:	0.4291100502 seconds	0.0000000000 seconds
Iteration 6:	0.4291100502 seconds	0.0000000000 seconds
Iteration 7:	0.3865799904 seconds	0.0000000000 seconds
Iteration 7:	0.3865809441 seconds	0.0000009537 seconds
Iteration 8:	0.4289519787 seconds	0.0000000000 seconds
Iteration 8:	0.4289538860 seconds	0.0000000000 seconds
Iteration 9:	0.3867480755 seconds	0.0000000000 seconds
Iteration 9:	0.3867471218 seconds	0.0000000000 seconds
Iteration 10:	0.4291238785 seconds	0.0000000000 seconds
Iteration 10:	0.4291238785 seconds	0.0000000000 seconds
Iteration 11:	0.3868100643 seconds	0.0000000000 seconds
Iteration 11:	0.3868100643 seconds	0.0000000000 seconds
Iteration 12:	0.4289641380 seconds	0.0000000000 seconds
Iteration 12:	0.4289641380 seconds	0.0000000000 seconds
Iteration 13:	0.3867828846 seconds	0.0000000000 seconds
Iteration 13:	0.3867828846 seconds	0.0000000000 seconds
Iteration 14:	0.4289691448 seconds	0.0000000000 seconds
Iteration 14:	0.4289700985 seconds	0.0000000000 seconds
Iteration 15:	0.3868181705 seconds	0.0000000000 seconds
Iteration 15:	0.3868191242 seconds	0.0000000000 seconds
Iteration 16:	0.4289360046 seconds	0.0000000000 seconds
Iteration 16:	0.4289360046 seconds	0.0000000000 seconds
Iteration 17:	0.3867161274 seconds	0.0000000000 seconds
Iteration 17:	0.3867151737 seconds	0.0000000000 seconds
Iteration 18:	0.4289789200 seconds	0.0000000000 seconds
Iteration 18:	0.4289770126 seconds	0.0000000000 seconds
Iteration 19:	0.3865420818 seconds	0.0000000000 seconds
Iteration 19:	0.3865420818 seconds	0.0000009537 seconds
Iteration 20:	0.4292001724 seconds	0.0000000000 seconds
Iteration 20:	0.4291970730 seconds	0.0000000000 seconds
Iteration 21:	0.3865501881 seconds	0.0000000000 seconds
Iteration 21:	0.3865501881 seconds	0.0000000000 seconds
Iteration 22:	0.4291539192 seconds	0.0000000000 seconds
Iteration 22:	0.4291539192 seconds	0.0000000000 seconds
Iteration 23:	0.3865661621 seconds	0.0000000000 seconds
Iteration 23:	0.3865649700 seconds	0.0000000000 seconds
Iteration 24:	0.4291491508 seconds	0.0000000000 seconds
Iteration 24:	0.4291450977 seconds	0.0000000000 seconds
Iteration 25:	0.3865871429 seconds	0.0000000000 seconds
Iteration 25:	0.3865871429 seconds	0.0000000000 seconds
Iteration 26:	0.4291441441 seconds	0.0000000000 seconds
Iteration 26:	0.4291441441 seconds	0.0000000000 seconds
Iteration 27:	0.3866059780 seconds	0.0000000000 seconds
Iteration 27:	0.3866059780 seconds	0.0000000000 seconds
Iteration 28:	0.4291291237 seconds	0.0000000000 seconds
Iteration 28:	0.4291291237 seconds	0.0000000000 seconds
Iteration 29:	0.3865821362 seconds	0.0000000000 seconds
Iteration 29:	0.3865821362 seconds	0.0000000000 seconds
Iteration 30:	0.4289820194 seconds	0.0000000000 seconds
Iteration 30:	0.4289829731 seconds	0.0000000000 seconds
Iteration 31:	0.3867909908 seconds	0.0000000000 seconds
Iteration 31:	0.3867900372 seconds	0.0000000000 seconds
Iteration 32:	0.4289579391 seconds	0.0000000000 seconds
Iteration 32:	0.4289591312 seconds	0.0000000000 seconds
Iteration 33:	0.3867630959 seconds	0.0000000000 seconds
Iteration 33:	0.3867640495 seconds	0.0000000000 seconds
Iteration 34:	0.4289429188 seconds	0.0000000000 seconds
Iteration 34:	0.4289429188 seconds	0.0000000000 seconds
Total computation time was: 14.297365		Average frame time was: 0.408491		Average Particle interations per second were: 652014596.593526
