[ -1:000]                : Rank 0 is running on comet-11-67.sdsc.edu
[ -1:000]                : Rank 2 is running on comet-11-67.sdsc.edu
[ -1:000]                : Rank 3 is running on comet-11-67.sdsc.edu
[ -1:000]                : Rank 1 is running on comet-11-67.sdsc.edu
[  2:001] init_pprintf   : My dest: 3	My source: 1	My_num_part: 240
[  0:001] init_pprintf   : My dest: 1	My source: 3	My_num_part: 240
[  3:001] init_pprintf   : My dest: 0	My source: 2	My_num_part: 240
[  1:001] init_pprintf   : My dest: 2	My source: 0	My_num_part: 240
Initalizing particles linear on 0 to 240
Initalizing particles linear on 720 to 960
Initalizing particles linear on 240 to 480
Initalizing particles linear on 480 to 720
Iteration 0:	0.0030288696 seconds	0.0000000000 seconds
Iteration 0:	0.0031390190 seconds	0.0000009537 seconds
Iteration 0:	0.0030241013 seconds	0.0000000000 seconds
Iteration 0:	0.0030200481 seconds	0.0000000000 seconds
Iteration 1:	0.0025770664 seconds	0.0000000000 seconds
Iteration 1:	0.0025839806 seconds	0.0000000000 seconds
Iteration 1:	0.0025780201 seconds	0.0000000000 seconds
Iteration 1:	0.0025768280 seconds	0.0000000000 seconds
Iteration 2:	0.0027799606 seconds	0.0000000000 seconds
Iteration 2:	0.0027849674 seconds	0.0000000000 seconds
Iteration 2:	0.0027849674 seconds	0.0000000000 seconds
Iteration 2:	0.0027899742 seconds	0.0000000000 seconds
Iteration 3:	0.0024831295 seconds	0.0000000000 seconds
Iteration 3:	0.0024940968 seconds	0.0000009537 seconds
Iteration 3:	0.0025060177 seconds	0.0000000000 seconds
Iteration 3:	0.0024991035 seconds	0.0000000000 seconds
Iteration 4:	0.0027530193 seconds	0.0000000000 seconds
Iteration 4:	0.0027670860 seconds	0.0000000000 seconds
Iteration 4:	0.0027630329 seconds	0.0000000000 seconds
Iteration 4:	0.0027780533 seconds	0.0000000000 seconds
Iteration 5:	0.0024969578 seconds	0.0000000000 seconds
Iteration 5:	0.0025000572 seconds	0.0000000000 seconds
Iteration 5:	0.0025200844 seconds	0.0000000000 seconds
Iteration 5:	0.0025041103 seconds	0.0000000000 seconds
Iteration 6:	0.0027890205 seconds	0.0000000000 seconds
Iteration 6:	0.0027909279 seconds	0.0000000000 seconds
Iteration 6:	0.0028178692 seconds	0.0000000000 seconds
Iteration 6:	0.0028140545 seconds	0.0000000000 seconds
Iteration 7:	0.0024859905 seconds	0.0000000000 seconds
Iteration 7:	0.0024859905 seconds	0.0000000000 seconds
Iteration 7:	0.0025129318 seconds	0.0000000000 seconds
Iteration 7:	0.0025129318 seconds	0.0000000000 seconds
Iteration 8:	0.0027968884 seconds	0.0000000000 seconds
Iteration 8:	0.0028038025 seconds	0.0000000000 seconds
Iteration 8:	0.0028071404 seconds	0.0000000000 seconds
Iteration 8:	0.0028030872 seconds	0.0000000000 seconds
Iteration 9:	0.0024940968 seconds	0.0000000000 seconds
Iteration 9:	0.0024821758 seconds	0.0000000000 seconds
Iteration 9:	0.0024859905 seconds	0.0000000000 seconds
Iteration 9:	0.0025050640 seconds	0.0000000000 seconds
Iteration 10:	0.0028128624 seconds	0.0000000000 seconds
Iteration 10:	0.0028111935 seconds	0.0000000000 seconds
Iteration 10:	0.0028131008 seconds	0.0000000000 seconds
Iteration 10:	0.0028159618 seconds	0.0000000000 seconds
Iteration 11:	0.0025329590 seconds	0.0000000000 seconds
Iteration 11:	0.0025320053 seconds	0.0000000000 seconds
Iteration 11:	0.0025351048 seconds	0.0000000000 seconds
Iteration 11:	0.0025351048 seconds	0.0000000000 seconds
Iteration 12:	0.0027728081 seconds	0.0000000000 seconds
Iteration 12:	0.0027709007 seconds	0.0000000000 seconds
Iteration 12:	0.0027740002 seconds	0.0000000000 seconds
Iteration 12:	0.0027730465 seconds	0.0000000000 seconds
Iteration 13:	0.0024609566 seconds	0.0000000000 seconds
Iteration 13:	0.0024650097 seconds	0.0000000000 seconds
Iteration 13:	0.0024669170 seconds	0.0000000000 seconds
Iteration 13:	0.0024638176 seconds	0.0000000000 seconds
Iteration 14:	0.0027980804 seconds	0.0000000000 seconds
Iteration 14:	0.0027990341 seconds	0.0000000000 seconds
Iteration 14:	0.0028061867 seconds	0.0000000000 seconds
Iteration 14:	0.0028030872 seconds	0.0000000000 seconds
Iteration 15:	0.0024979115 seconds	0.0000000000 seconds
Iteration 15:	0.0025007725 seconds	0.0000000000 seconds
Iteration 15:	0.0025019646 seconds	0.0000000000 seconds
Iteration 15:	0.0024981499 seconds	0.0000000000 seconds
Iteration 16:	0.0027592182 seconds	0.0000000000 seconds
Iteration 16:	0.0027620792 seconds	0.0000000000 seconds
Iteration 16:	0.0027630329 seconds	0.0000000000 seconds
Iteration 16:	0.0027608871 seconds	0.0000000000 seconds
Iteration 17:	0.0025198460 seconds	0.0000000000 seconds
Iteration 17:	0.0025248528 seconds	0.0000000000 seconds
Iteration 17:	0.0025291443 seconds	0.0000000000 seconds
Iteration 17:	0.0025272369 seconds	0.0000000000 seconds
Iteration 18:	0.0028040409 seconds	0.0000000000 seconds
Iteration 18:	0.0027921200 seconds	0.0000000000 seconds
Iteration 18:	0.0028190613 seconds	0.0000000000 seconds
Iteration 18:	0.0028011799 seconds	0.0000000000 seconds
Iteration 19:	0.0025072098 seconds	0.0000000000 seconds
Iteration 19:	0.0025191307 seconds	0.0000000000 seconds
Iteration 19:	0.0025289059 seconds	0.0000000000 seconds
Iteration 19:	0.0025289059 seconds	0.0000009537 seconds
Iteration 20:	0.0028131008 seconds	0.0000000000 seconds
Iteration 20:	0.0028090477 seconds	0.0000000000 seconds
Iteration 20:	0.0028140545 seconds	0.0000000000 seconds
Iteration 20:	0.0028100014 seconds	0.0000000000 seconds
Iteration 21:	0.0025019646 seconds	0.0000000000 seconds
Iteration 21:	0.0025010109 seconds	0.0000000000 seconds
Iteration 21:	0.0025029182 seconds	0.0000000000 seconds
Iteration 21:	0.0025029182 seconds	0.0000000000 seconds
Iteration 22:	0.0027940273 seconds	0.0000000000 seconds
Iteration 22:	0.0027949810 seconds	0.0000000000 seconds
Iteration 22:	0.0027978420 seconds	0.0000000000 seconds
Iteration 22:	0.0027968884 seconds	0.0000000000 seconds
Iteration 23:	0.0025341511 seconds	0.0000009537 seconds
Iteration 23:	0.0025398731 seconds	0.0000000000 seconds
Iteration 23:	0.0025398731 seconds	0.0000000000 seconds
Iteration 23:	0.0025370121 seconds	0.0000000000 seconds
Iteration 24:	0.0027608871 seconds	0.0000000000 seconds
Iteration 24:	0.0027639866 seconds	0.0000000000 seconds
Iteration 24:	0.0027611256 seconds	0.0000000000 seconds
Iteration 24:	0.0027620792 seconds	0.0000000000 seconds
Iteration 25:	0.0024831295 seconds	0.0000000000 seconds
Iteration 25:	0.0024840832 seconds	0.0000000000 seconds
Iteration 25:	0.0024859905 seconds	0.0000000000 seconds
Iteration 25:	0.0024850368 seconds	0.0000000000 seconds
Iteration 26:	0.0027949810 seconds	0.0000000000 seconds
Iteration 26:	0.0028009415 seconds	0.0000000000 seconds
Iteration 26:	0.0028009415 seconds	0.0000000000 seconds
Iteration 26:	0.0028009415 seconds	0.0000009537 seconds
Iteration 27:	0.0024859905 seconds	0.0000000000 seconds
Iteration 27:	0.0024981499 seconds	0.0000009537 seconds
Iteration 27:	0.0025029182 seconds	0.0000000000 seconds
Iteration 27:	0.0024979115 seconds	0.0000000000 seconds
Iteration 28:	0.0027720928 seconds	0.0000000000 seconds
Iteration 28:	0.0027759075 seconds	0.0000000000 seconds
Iteration 28:	0.0027749538 seconds	0.0000000000 seconds
Iteration 28:	0.0027768612 seconds	0.0000000000 seconds
Iteration 29:	0.0025429726 seconds	0.0000000000 seconds
Iteration 29:	0.0025448799 seconds	0.0000000000 seconds
Iteration 29:	0.0025460720 seconds	0.0000000000 seconds
Iteration 29:	0.0025501251 seconds	0.0000000000 seconds
Iteration 30:	0.0027909279 seconds	0.0000000000 seconds
Iteration 30:	0.0027899742 seconds	0.0000000000 seconds
Iteration 30:	0.0027980804 seconds	0.0000000000 seconds
Iteration 30:	0.0027999878 seconds	0.0000000000 seconds
Iteration 31:	0.0025138855 seconds	0.0000000000 seconds
Iteration 31:	0.0025188923 seconds	0.0000000000 seconds
Iteration 31:	0.0025179386 seconds	0.0000009537 seconds
Iteration 31:	0.0025029182 seconds	0.0000000000 seconds
Iteration 32:	0.0027899742 seconds	0.0000000000 seconds
Iteration 32:	0.0027899742 seconds	0.0000000000 seconds
Iteration 32:	0.0027968884 seconds	0.0000000000 seconds
Iteration 32:	0.0027949810 seconds	0.0000000000 seconds
Iteration 33:	0.0025129318 seconds	0.0000000000 seconds
Iteration 33:	0.0025138855 seconds	0.0000000000 seconds
Iteration 33:	0.0025110245 seconds	0.0000000000 seconds
Iteration 33:	0.0024991035 seconds	0.0000009537 seconds
Iteration 34:	0.0027639866 seconds	0.0000000000 seconds
Iteration 34:	0.0027618408 seconds	0.0000000000 seconds
Iteration 34:	0.0027668476 seconds	0.0000000000 seconds
Iteration 34:	0.0027680397 seconds	0.0000000000 seconds
Iteration 35:	0.0025188923 seconds	0.0000000000 seconds
Iteration 35:	0.0025219917 seconds	0.0000000000 seconds
Iteration 35:	0.0025198460 seconds	0.0000000000 seconds
Iteration 35:	0.0025250912 seconds	0.0000000000 seconds
Iteration 36:	0.0027570724 seconds	0.0000000000 seconds
Iteration 36:	0.0027570724 seconds	0.0000000000 seconds
Iteration 36:	0.0027618408 seconds	0.0000000000 seconds
Iteration 36:	0.0027618408 seconds	0.0000000000 seconds
Iteration 37:	0.0025088787 seconds	0.0000000000 seconds
Iteration 37:	0.0025110245 seconds	0.0000000000 seconds
Iteration 37:	0.0025129318 seconds	0.0000000000 seconds
Iteration 37:	0.0025100708 seconds	0.0000000000 seconds
Iteration 38:	0.0027918816 seconds	0.0000000000 seconds
Iteration 38:	0.0027940273 seconds	0.0000000000 seconds
Iteration 38:	0.0027978420 seconds	0.0000000000 seconds
Iteration 38:	0.0028018951 seconds	0.0000000000 seconds
Iteration 39:	0.0025329590 seconds	0.0000000000 seconds
Iteration 39:	0.0025329590 seconds	0.0000000000 seconds
Iteration 39:	0.0025451183 seconds	0.0000000000 seconds
Iteration 39:	0.0025370121 seconds	0.0000000000 seconds
Iteration 40:	0.0027999878 seconds	0.0000000000 seconds
Iteration 40:	0.0028059483 seconds	0.0000000000 seconds
Iteration 40:	0.0028028488 seconds	0.0000000000 seconds
Iteration 40:	0.0028059483 seconds	0.0000000000 seconds
Iteration 41:	0.0025382042 seconds	0.0000000000 seconds
Iteration 41:	0.0025479794 seconds	0.0000000000 seconds
Iteration 41:	0.0025269985 seconds	0.0000000000 seconds
Iteration 41:	0.0025298595 seconds	0.0000000000 seconds
Iteration 42:	0.0028049946 seconds	0.0000000000 seconds
Iteration 42:	0.0027999878 seconds	0.0000000000 seconds
Iteration 42:	0.0027899742 seconds	0.0000000000 seconds
Iteration 42:	0.0028018951 seconds	0.0000000000 seconds
Iteration 43:	0.0025069714 seconds	0.0000000000 seconds
Iteration 43:	0.0025100708 seconds	0.0000000000 seconds
Iteration 43:	0.0025069714 seconds	0.0000000000 seconds
Iteration 43:	0.0025110245 seconds	0.0000000000 seconds
Iteration 44:	0.0028030872 seconds	0.0000000000 seconds
Iteration 44:	0.0028049946 seconds	0.0000000000 seconds
Iteration 44:	0.0028090477 seconds	0.0000000000 seconds
Iteration 44:	0.0028100014 seconds	0.0000000000 seconds
Iteration 45:	0.0025200844 seconds	0.0000109673 seconds
Iteration 45:	0.0025410652 seconds	0.0000000000 seconds
Iteration 45:	0.0025370121 seconds	0.0000000000 seconds
Iteration 45:	0.0025420189 seconds	0.0000000000 seconds
Iteration 46:	0.0027408600 seconds	0.0000000000 seconds
Iteration 46:	0.0027539730 seconds	0.0000000000 seconds
Iteration 46:	0.0027549267 seconds	0.0000000000 seconds
Iteration 46:	0.0027599335 seconds	0.0000000000 seconds
Iteration 47:	0.0025331974 seconds	0.0000000000 seconds
Iteration 47:	0.0025351048 seconds	0.0000000000 seconds
Iteration 47:	0.0025339127 seconds	0.0000000000 seconds
Iteration 47:	0.0025360584 seconds	0.0000000000 seconds
Iteration 48:	0.0027601719 seconds	0.0000000000 seconds
Iteration 48:	0.0027589798 seconds	0.0000000000 seconds
Iteration 48:	0.0027580261 seconds	0.0000000000 seconds
Iteration 48:	0.0027601719 seconds	0.0000000000 seconds
Iteration 49:	0.0024809837 seconds	0.0000000000 seconds
Iteration 49:	0.0024809837 seconds	0.0000000000 seconds
Iteration 49:	0.0024819374 seconds	0.0000000000 seconds
Iteration 49:	0.0024809837 seconds	0.0000000000 seconds
Iteration 50:	0.0027921200 seconds	0.0000000000 seconds
Iteration 50:	0.0027930737 seconds	0.0000000000 seconds
Iteration 50:	0.0027968884 seconds	0.0000000000 seconds
Iteration 50:	0.0027968884 seconds	0.0000000000 seconds
Iteration 51:	0.0024790764 seconds	0.0000000000 seconds
Iteration 51:	0.0024781227 seconds	0.0000000000 seconds
Iteration 51:	0.0024838448 seconds	0.0000000000 seconds
Iteration 51:	0.0024850368 seconds	0.0000000000 seconds
Iteration 52:	0.0027899742 seconds	0.0000000000 seconds
Iteration 52:	0.0027928352 seconds	0.0000009537 seconds
Iteration 52:	0.0027959347 seconds	0.0000000000 seconds
Iteration 52:	0.0027940273 seconds	0.0000000000 seconds
Iteration 53:	0.0025358200 seconds	0.0000000000 seconds
Iteration 53:	0.0025308132 seconds	0.0000000000 seconds
Iteration 53:	0.0025320053 seconds	0.0000000000 seconds
Iteration 53:	0.0025339127 seconds	0.0000000000 seconds
Iteration 54:	0.0027959347 seconds	0.0000000000 seconds
Iteration 54:	0.0027949810 seconds	0.0000009537 seconds
Iteration 54:	0.0027961731 seconds	0.0000000000 seconds
Iteration 54:	0.0027971268 seconds	0.0000000000 seconds
Iteration 55:	0.0024888515 seconds	0.0000000000 seconds
Iteration 55:	0.0024869442 seconds	0.0000000000 seconds
Iteration 55:	0.0024890900 seconds	0.0000000000 seconds
Iteration 55:	0.0024878979 seconds	0.0000000000 seconds
Iteration 56:	0.0027918816 seconds	0.0000000000 seconds
Iteration 56:	0.0027949810 seconds	0.0000000000 seconds
Iteration 56:	0.0027940273 seconds	0.0000000000 seconds
Iteration 56:	0.0027952194 seconds	0.0000000000 seconds
Iteration 57:	0.0024771690 seconds	0.0000000000 seconds
Iteration 57:	0.0024781227 seconds	0.0000009537 seconds
Iteration 57:	0.0024771690 seconds	0.0000000000 seconds
Iteration 57:	0.0024781227 seconds	0.0000000000 seconds
Iteration 58:	0.0027699471 seconds	0.0000000000 seconds
Iteration 58:	0.0027709007 seconds	0.0000000000 seconds
Iteration 58:	0.0027720928 seconds	0.0000000000 seconds
Iteration 58:	0.0027720928 seconds	0.0000000000 seconds
Iteration 59:	0.0025358200 seconds	0.0000000000 seconds
Iteration 59:	0.0025348663 seconds	0.0000000000 seconds
Iteration 59:	0.0025360584 seconds	0.0000000000 seconds
Iteration 59:	0.0025370121 seconds	0.0000000000 seconds
Total computation time was: 0.159650		Average frame time was: 0.002656		Average Particle interations per second were: 346951764.741785
