[ -1:000]                : Rank 0 is running on comet-11-64.sdsc.edu
[  0:001] init_pprintf   : My dest: 1	My source: 1	My_num_part: 8160
[ -1:000]                : Rank 1 is running on comet-11-64.sdsc.edu
[  1:001] init_pprintf   : My dest: 0	My source: 0	My_num_part: 8160
Initalizing particles linear on 0 to 8160
Initalizing particles linear on 8160 to 16320
Iteration 0:	1.5270490646 seconds	0.0000000000 seconds
Iteration 0:	1.5273191929 seconds	0.0000000000 seconds
Iteration 1:	1.3750181198 seconds	0.0000000000 seconds
Iteration 1:	1.3750171661 seconds	0.0000000000 seconds
Iteration 2:	1.5361459255 seconds	0.0000000000 seconds
Iteration 2:	1.5361449718 seconds	0.0000000000 seconds
Iteration 3:	1.3736619949 seconds	0.0000000000 seconds
Iteration 3:	1.3736598492 seconds	0.0000000000 seconds
Iteration 4:	1.5267810822 seconds	0.0000000000 seconds
Iteration 4:	1.5267798901 seconds	0.0000011921 seconds
Iteration 5:	1.3742320538 seconds	0.0000000000 seconds
Iteration 5:	1.3742311001 seconds	0.0000000000 seconds
Iteration 6:	1.5333361626 seconds	0.0000000000 seconds
Iteration 6:	1.5333349705 seconds	0.0000000000 seconds
Iteration 7:	1.3741409779 seconds	0.0000000000 seconds
Iteration 7:	1.3741400242 seconds	0.0000000000 seconds
Iteration 8:	1.5275199413 seconds	0.0000000000 seconds
Iteration 8:	1.5275220871 seconds	0.0000000000 seconds
Iteration 9:	1.3744900227 seconds	0.0000000000 seconds
Iteration 9:	1.3744909763 seconds	0.0000000000 seconds
Iteration 10:	1.5272569656 seconds	0.0000000000 seconds
Iteration 10:	1.5272560120 seconds	0.0000000000 seconds
Iteration 11:	1.3738019466 seconds	0.0000000000 seconds
Iteration 11:	1.3738019466 seconds	0.0000000000 seconds
Iteration 12:	1.5276319981 seconds	0.0000000000 seconds
Iteration 12:	1.5276319981 seconds	0.0000000000 seconds
Iteration 13:	1.3738307953 seconds	0.0000000000 seconds
Iteration 13:	1.3738319874 seconds	0.0000000000 seconds
Iteration 14:	1.5280668736 seconds	0.0000000000 seconds
Iteration 14:	1.5280680656 seconds	0.0000000000 seconds
Iteration 15:	1.3739221096 seconds	0.0000000000 seconds
Iteration 15:	1.3739240170 seconds	0.0000000000 seconds
Iteration 16:	1.5275928974 seconds	0.0000000000 seconds
Iteration 16:	1.5275938511 seconds	0.0000000000 seconds
Iteration 17:	1.3741331100 seconds	0.0000000000 seconds
Iteration 17:	1.3741321564 seconds	0.0000000000 seconds
Iteration 18:	1.5275900364 seconds	0.0000000000 seconds
Iteration 18:	1.5275888443 seconds	0.0000000000 seconds
Iteration 19:	1.3855259418 seconds	0.0000000000 seconds
Iteration 19:	1.3855259418 seconds	0.0000000000 seconds
Iteration 20:	1.5271780491 seconds	0.0000000000 seconds
Iteration 20:	1.5271770954 seconds	0.0000000000 seconds
Iteration 21:	1.3739161491 seconds	0.0000000000 seconds
Iteration 21:	1.3739149570 seconds	0.0000000000 seconds
Iteration 22:	1.5275180340 seconds	0.0000000000 seconds
Iteration 22:	1.5275168419 seconds	0.0000000000 seconds
Iteration 23:	1.3741819859 seconds	0.0000000000 seconds
Iteration 23:	1.3741810322 seconds	0.0000000000 seconds
Iteration 24:	1.5273480415 seconds	0.0000000000 seconds
Iteration 24:	1.5273470879 seconds	0.0000000000 seconds
Iteration 25:	1.3737831116 seconds	0.0000000000 seconds
Iteration 25:	1.3737819195 seconds	0.0000000000 seconds
Iteration 26:	1.5324258804 seconds	0.0000009537 seconds
Iteration 26:	1.5324258804 seconds	0.0000000000 seconds
Iteration 27:	1.3740739822 seconds	0.0000000000 seconds
Iteration 27:	1.3740730286 seconds	0.0000000000 seconds
Iteration 28:	1.5273818970 seconds	0.0000000000 seconds
Iteration 28:	1.5273818970 seconds	0.0000000000 seconds
Iteration 29:	1.3770139217 seconds	0.0000000000 seconds
Iteration 29:	1.3770129681 seconds	0.0000000000 seconds
Iteration 30:	1.5279111862 seconds	0.0000000000 seconds
Iteration 30:	1.5279111862 seconds	0.0000000000 seconds
Iteration 31:	1.3740999699 seconds	0.0000000000 seconds
Iteration 31:	1.3740987778 seconds	0.0000000000 seconds
Iteration 32:	1.5271191597 seconds	0.0000000000 seconds
Iteration 32:	1.5271182060 seconds	0.0000000000 seconds
Iteration 33:	1.3740549088 seconds	0.0000000000 seconds
Iteration 33:	1.3740549088 seconds	0.0000000000 seconds
Iteration 34:	1.5271370411 seconds	0.0000000000 seconds
Iteration 34:	1.5271360874 seconds	0.0000000000 seconds
Total computation time was: 50.887301		Average frame time was: 1.453918		Average Particle interations per second were: 183189453.298168
