[ -1:000]                : Rank 1 is running on comet-23-57.sdsc.edu
[ -1:000]                : Rank 0 is running on comet-23-57.sdsc.edu
[  1:001] init_pprintf   : My dest: 0	My source: 0	My_num_part: 4080
[  0:001] init_pprintf   : My dest: 1	My source: 1	My_num_part: 4080
Initalizing particles linear on 0 to 4080
Initalizing particles linear on 4080 to 8160
Iteration 0:	0.1285858154 seconds	0.0000000000 seconds
Iteration 0:	0.1287209988 seconds	0.0000009537 seconds
Iteration 1:	0.1131730080 seconds	0.0000000000 seconds
Iteration 1:	0.1131730080 seconds	0.0000000000 seconds
Iteration 2:	0.1283249855 seconds	0.0000000000 seconds
Iteration 2:	0.1283259392 seconds	0.0000000000 seconds
Iteration 3:	0.1131482124 seconds	0.0000000000 seconds
Iteration 3:	0.1131491661 seconds	0.0000000000 seconds
Iteration 4:	0.1282398701 seconds	0.0000000000 seconds
Iteration 4:	0.1282398701 seconds	0.0000000000 seconds
Iteration 5:	0.1131548882 seconds	0.0000000000 seconds
Iteration 5:	0.1131579876 seconds	0.0000000000 seconds
Iteration 6:	0.1282310486 seconds	0.0000000000 seconds
Iteration 6:	0.1282329559 seconds	0.0000000000 seconds
Iteration 7:	0.1131510735 seconds	0.0000000000 seconds
Iteration 7:	0.1131510735 seconds	0.0000000000 seconds
Iteration 8:	0.1282260418 seconds	0.0000000000 seconds
Iteration 8:	0.1282279491 seconds	0.0000000000 seconds
Iteration 9:	0.1131420135 seconds	0.0000000000 seconds
Iteration 9:	0.1131420135 seconds	0.0000000000 seconds
Iteration 10:	0.1282451153 seconds	0.0000000000 seconds
Iteration 10:	0.1282429695 seconds	0.0000000000 seconds
Iteration 11:	0.1131770611 seconds	0.0000000000 seconds
Iteration 11:	0.1131770611 seconds	0.0000000000 seconds
Iteration 12:	0.1282250881 seconds	0.0000000000 seconds
Iteration 12:	0.1282238960 seconds	0.0000000000 seconds
Iteration 13:	0.1131570339 seconds	0.0000000000 seconds
Iteration 13:	0.1131560802 seconds	0.0000000000 seconds
Iteration 14:	0.1282451153 seconds	0.0000000000 seconds
Iteration 14:	0.1282429695 seconds	0.0000000000 seconds
Iteration 15:	0.1131539345 seconds	0.0000000000 seconds
Iteration 15:	0.1131539345 seconds	0.0000000000 seconds
Iteration 16:	0.1282539368 seconds	0.0000000000 seconds
Iteration 16:	0.1282539368 seconds	0.0000000000 seconds
Iteration 17:	0.1131730080 seconds	0.0000000000 seconds
Iteration 17:	0.1131720543 seconds	0.0000000000 seconds
Iteration 18:	0.1283090115 seconds	0.0000000000 seconds
Iteration 18:	0.1283118725 seconds	0.0000000000 seconds
Iteration 19:	0.1131610870 seconds	0.0000000000 seconds
Iteration 19:	0.1131610870 seconds	0.0000000000 seconds
Iteration 20:	0.1282329559 seconds	0.0000000000 seconds
Iteration 20:	0.1282351017 seconds	0.0000000000 seconds
Iteration 21:	0.1131680012 seconds	0.0000000000 seconds
Iteration 21:	0.1131660938 seconds	0.0000000000 seconds
Iteration 22:	0.1282219887 seconds	0.0000000000 seconds
Iteration 22:	0.1282238960 seconds	0.0000000000 seconds
Iteration 23:	0.1131742001 seconds	0.0000000000 seconds
Iteration 23:	0.1131761074 seconds	0.0000000000 seconds
Iteration 24:	0.1282258034 seconds	0.0000000000 seconds
Iteration 24:	0.1282238960 seconds	0.0000000000 seconds
Iteration 25:	0.1131579876 seconds	0.0000000000 seconds
Iteration 25:	0.1131558418 seconds	0.0000000000 seconds
Iteration 26:	0.1282351017 seconds	0.0000000000 seconds
Iteration 26:	0.1282360554 seconds	0.0000000000 seconds
Iteration 27:	0.1131558418 seconds	0.0000000000 seconds
Iteration 27:	0.1131539345 seconds	0.0000000000 seconds
Iteration 28:	0.1282451153 seconds	0.0000000000 seconds
Iteration 28:	0.1282451153 seconds	0.0000000000 seconds
Iteration 29:	0.1131529808 seconds	0.0000000000 seconds
Iteration 29:	0.1131560802 seconds	0.0000000000 seconds
Iteration 30:	0.1282548904 seconds	0.0000000000 seconds
Iteration 30:	0.1282548904 seconds	0.0000000000 seconds
Iteration 31:	0.1131730080 seconds	0.0000000000 seconds
Iteration 31:	0.1131730080 seconds	0.0000000000 seconds
Iteration 32:	0.1282379627 seconds	0.0000000000 seconds
Iteration 32:	0.1282379627 seconds	0.0000000000 seconds
Iteration 33:	0.1131420135 seconds	0.0000000000 seconds
Iteration 33:	0.1131429672 seconds	0.0000009537 seconds
Iteration 34:	0.1282360554 seconds	0.0000000000 seconds
Iteration 34:	0.1282360554 seconds	0.0000000000 seconds
Iteration 35:	0.1131949425 seconds	0.0000000000 seconds
Iteration 35:	0.1131980419 seconds	0.0000000000 seconds
Iteration 36:	0.1282529831 seconds	0.0000000000 seconds
Iteration 36:	0.1282529831 seconds	0.0000000000 seconds
Iteration 37:	0.1131639481 seconds	0.0000000000 seconds
Iteration 37:	0.1131639481 seconds	0.0000000000 seconds
Iteration 38:	0.1282310486 seconds	0.0000000000 seconds
Iteration 38:	0.1282300949 seconds	0.0000000000 seconds
Iteration 39:	0.1131629944 seconds	0.0000000000 seconds
Iteration 39:	0.1131651402 seconds	0.0000000000 seconds
Total computation time was: 4.828844		Average frame time was: 0.120716		Average Particle interations per second were: 551588718.812802
