[ -1:000]                : Rank 1 is running on comet-26-35.sdsc.edu
[ -1:000]                : Rank 0 is running on comet-26-35.sdsc.edu
[  1:001] init_pprintf   : My dest: 0	My source: 0	My_num_part: 32160
[  0:001] init_pprintf   : My dest: 1	My source: 1	My_num_part: 32160
Initalizing particles linear on 0 to 32160
Initalizing particles linear on 32160 to 64320
Iteration 0:	6.6401770115 seconds	0.0000000000 seconds
Iteration 0:	6.6400828362 seconds	0.0000000000 seconds
Iteration 1:	5.9733650684 seconds	0.0000000000 seconds
Iteration 1:	5.9733650684 seconds	0.0000000000 seconds
Iteration 2:	6.6389770508 seconds	0.0000000000 seconds
Iteration 2:	6.6389770508 seconds	0.0000000000 seconds
Iteration 3:	5.9722478390 seconds	0.0000000000 seconds
Iteration 3:	5.9722487926 seconds	0.0000000000 seconds
Iteration 4:	6.6361889839 seconds	0.0000000000 seconds
Iteration 4:	6.6361901760 seconds	0.0000000000 seconds
Iteration 5:	5.9736528397 seconds	0.0000000000 seconds
Iteration 5:	5.9736549854 seconds	0.0000000000 seconds
Iteration 6:	6.6356701851 seconds	0.0000000000 seconds
Iteration 6:	6.6356680393 seconds	0.0000000000 seconds
Iteration 7:	5.9706509113 seconds	0.0000000000 seconds
Iteration 7:	5.9706509113 seconds	0.0000000000 seconds
Iteration 8:	6.6381568909 seconds	0.0000000000 seconds
Iteration 8:	6.6381609440 seconds	0.0000009537 seconds
Iteration 9:	5.9753119946 seconds	0.0000000000 seconds
Iteration 9:	5.9753119946 seconds	0.0000000000 seconds
Iteration 10:	6.6385128498 seconds	0.0000000000 seconds
Iteration 10:	6.6385140419 seconds	0.0000000000 seconds
Iteration 11:	5.9718840122 seconds	0.0000000000 seconds
Iteration 11:	5.9718871117 seconds	0.0000000000 seconds
Iteration 12:	6.6355378628 seconds	0.0000000000 seconds
Iteration 12:	6.6355388165 seconds	0.0000000000 seconds
Iteration 13:	5.9733560085 seconds	0.0000000000 seconds
Iteration 13:	5.9733550549 seconds	0.0000009537 seconds
Iteration 14:	6.6394181252 seconds	0.0000000000 seconds
Iteration 14:	6.6394171715 seconds	0.0000009537 seconds
Iteration 15:	5.9743270874 seconds	0.0000000000 seconds
Iteration 15:	5.9743270874 seconds	0.0000009537 seconds
Iteration 16:	6.6379380226 seconds	0.0000000000 seconds
Iteration 16:	6.6379389763 seconds	0.0000000000 seconds
Iteration 17:	5.9714350700 seconds	0.0000000000 seconds
Iteration 17:	5.9714331627 seconds	0.0000000000 seconds
Iteration 18:	6.6354498863 seconds	0.0000000000 seconds
Iteration 18:	6.6354498863 seconds	0.0000000000 seconds
Iteration 19:	5.9706621170 seconds	0.0000000000 seconds
Iteration 19:	5.9706649780 seconds	0.0000000000 seconds
Iteration 20:	6.6375701427 seconds	0.0000000000 seconds
Iteration 20:	6.6375710964 seconds	0.0000000000 seconds
Iteration 21:	5.9715378284 seconds	0.0000000000 seconds
Iteration 21:	5.9715378284 seconds	0.0000000000 seconds
Iteration 22:	6.6354589462 seconds	0.0000000000 seconds
Iteration 22:	6.6354589462 seconds	0.0000000000 seconds
Iteration 23:	5.9704320431 seconds	0.0000000000 seconds
Iteration 23:	5.9704320431 seconds	0.0000000000 seconds
Iteration 24:	6.6362450123 seconds	0.0000000000 seconds
Iteration 24:	6.6362440586 seconds	0.0000000000 seconds
Total computation time was: 157.954317		Average frame time was: 6.318167		Average Particle interations per second were: -24992202.012868
