[ -1:000]                : Rank 5 is running on comet-14-58.sdsc.edu
[  5:001] init_pprintf   : My dest: 6	My source: 4	My_num_part: 2680
[ -1:000]                : Rank 9 is running on comet-14-58.sdsc.edu
[  9:001] init_pprintf   : My dest: 10	My source: 8	My_num_part: 2680
[ -1:000]                : Rank 1 is running on comet-14-58.sdsc.edu
[  1:001] init_pprintf   : My dest: 2	My source: 0	My_num_part: 2680
[ -1:000]                : Rank 3 is running on comet-14-58.sdsc.edu
[  3:001] init_pprintf   : My dest: 4	My source: 2	My_num_part: 2680
[ -1:000]                : Rank 7 is running on comet-14-58.sdsc.edu
[  7:001] init_pprintf   : My dest: 8	My source: 6	My_num_part: 2680
[ -1:000]                : Rank 2 is running on comet-14-58.sdsc.edu
[ -1:000]                : Rank 0 is running on comet-14-58.sdsc.edu
[ -1:000]                : Rank 11 is running on comet-14-58.sdsc.edu
[ -1:000]                : Rank 8 is running on comet-14-58.sdsc.edu
[ -1:000]                : Rank 4 is running on comet-14-58.sdsc.edu
[  2:001] init_pprintf   : My dest: 3	My source: 1	My_num_part: 2680
[  0:001] init_pprintf   : My dest: 1	My source: 11	My_num_part: 2680
[ -1:000]                : Rank 6 is running on comet-14-58.sdsc.edu
[ 11:001] init_pprintf   : My dest: 0	My source: 10	My_num_part: 2680
[  8:001] init_pprintf   : My dest: 9	My source: 7	My_num_part: 2680
[ -1:000]                : Rank 10 is running on comet-14-58.sdsc.edu
[  4:001] init_pprintf   : My dest: 5	My source: 3	My_num_part: 2680
[  6:001] init_pprintf   : My dest: 7	My source: 5	My_num_part: 2680
[ 10:001] init_pprintf   : My dest: 11	My source: 9	My_num_part: 2680
Initalizing particles linear on 13400 to 16080
Initalizing particles linear on 24120 to 26800
Initalizing particles linear on 2680 to 5360
Initalizing particles linear on 8040 to 10720
Initalizing particles linear on 18760 to 21440
Initalizing particles linear on 29480 to 32160
Initalizing particles linear on 16080 to 18760
Initalizing particles linear on 5360 to 8040
Initalizing particles linear on 26800 to 29480
Initalizing particles linear on 0 to 2680
Initalizing particles linear on 21440 to 24120
Initalizing particles linear on 10720 to 13400
Iteration 0:	1.1238579750 seconds	0.0000000000 seconds
Iteration 0:	1.1239609718 seconds	0.0000000000 seconds
Iteration 0:	1.1239631176 seconds	0.0000000000 seconds
Iteration 0:	1.1240041256 seconds	0.0000000000 seconds
Iteration 0:	1.1241250038 seconds	0.0000000000 seconds
Iteration 0:	1.1242280006 seconds	0.0000000000 seconds
Iteration 0:	1.1243081093 seconds	0.0000000000 seconds
Iteration 0:	1.1244959831 seconds	0.0000000000 seconds
Iteration 0:	1.1244978905 seconds	0.0000000000 seconds
Iteration 0:	1.1246929169 seconds	0.0000000000 seconds
Iteration 0:	1.1246588230 seconds	0.0000000000 seconds
Iteration 0:	1.1246750355 seconds	0.0000000000 seconds
Iteration 1:	1.0127379894 seconds	0.0000000000 seconds
Iteration 1:	1.0128159523 seconds	0.0000000000 seconds
Iteration 1:	1.0127830505 seconds	0.0000000000 seconds
Iteration 1:	1.0129339695 seconds	0.0000000000 seconds
Iteration 1:	1.0128271580 seconds	0.0000000000 seconds
Iteration 1:	1.0130891800 seconds	0.0000009537 seconds
Iteration 1:	1.0130589008 seconds	0.0000000000 seconds
Iteration 1:	1.0129699707 seconds	0.0000000000 seconds
Iteration 1:	1.0129759312 seconds	0.0000000000 seconds
Iteration 1:	1.0129780769 seconds	0.0000000000 seconds
Iteration 1:	1.0129790306 seconds	0.0000000000 seconds
Iteration 1:	1.0129790306 seconds	0.0000000000 seconds
Iteration 2:	1.1243731976 seconds	0.0000000000 seconds
Iteration 2:	1.1244490147 seconds	0.0000000000 seconds
Iteration 2:	1.1245119572 seconds	0.0000000000 seconds
Iteration 2:	1.1244029999 seconds	0.0000000000 seconds
Iteration 2:	1.1244537830 seconds	0.0000000000 seconds
Iteration 2:	1.1241309643 seconds	0.0000000000 seconds
Iteration 2:	1.1242270470 seconds	0.0000000000 seconds
Iteration 2:	1.1241168976 seconds	0.0000000000 seconds
Iteration 2:	1.1241290569 seconds	0.0000000000 seconds
Iteration 2:	1.1240949631 seconds	0.0000000000 seconds
Iteration 2:	1.1240940094 seconds	0.0000000000 seconds
Iteration 2:	1.1240930557 seconds	0.0000000000 seconds
Iteration 3:	1.0124418736 seconds	0.0000000000 seconds
Iteration 3:	1.0123751163 seconds	0.0000000000 seconds
Iteration 3:	1.0123319626 seconds	0.0000000000 seconds
Iteration 3:	1.0124149323 seconds	0.0000000000 seconds
Iteration 3:	1.0123691559 seconds	0.0000000000 seconds
Iteration 3:	1.0124750137 seconds	0.0000000000 seconds
Iteration 3:	1.0123729706 seconds	0.0000000000 seconds
Iteration 3:	1.0125300884 seconds	0.0000000000 seconds
Iteration 3:	1.0125188828 seconds	0.0000000000 seconds
Iteration 3:	1.0125479698 seconds	0.0000000000 seconds
Iteration 3:	1.0125470161 seconds	0.0000000000 seconds
Iteration 3:	1.0125460625 seconds	0.0000000000 seconds
Iteration 4:	1.1244308949 seconds	0.0000000000 seconds
Iteration 4:	1.1243529320 seconds	0.0000000000 seconds
Iteration 4:	1.1243529320 seconds	0.0000000000 seconds
Iteration 4:	1.1242351532 seconds	0.0000000000 seconds
Iteration 4:	1.1243150234 seconds	0.0000000000 seconds
Iteration 4:	1.1242201328 seconds	0.0000000000 seconds
Iteration 4:	1.1243171692 seconds	0.0000000000 seconds
Iteration 4:	1.1241450310 seconds	0.0000000000 seconds
Iteration 4:	1.1241528988 seconds	0.0000000000 seconds
Iteration 4:	1.1241109371 seconds	0.0000000000 seconds
Iteration 4:	1.1241109371 seconds	0.0000000000 seconds
Iteration 4:	1.1241099834 seconds	0.0000000000 seconds
Iteration 5:	1.0120761395 seconds	0.0000000000 seconds
Iteration 5:	1.0121328831 seconds	0.0000000000 seconds
Iteration 5:	1.0121500492 seconds	0.0000000000 seconds
Iteration 5:	1.0122470856 seconds	0.0000009537 seconds
Iteration 5:	1.0121550560 seconds	0.0000000000 seconds
Iteration 5:	1.0122969151 seconds	0.0000000000 seconds
Iteration 5:	1.0121848583 seconds	0.0000000000 seconds
Iteration 5:	1.0123238564 seconds	0.0000000000 seconds
Iteration 5:	1.0123281479 seconds	0.0000000000 seconds
Iteration 5:	1.0125470161 seconds	0.0000000000 seconds
Iteration 5:	1.0125460625 seconds	0.0000000000 seconds
Iteration 5:	1.0125460625 seconds	0.0000000000 seconds
Iteration 6:	1.1243751049 seconds	0.0000000000 seconds
Iteration 6:	1.1242859364 seconds	0.0000000000 seconds
Iteration 6:	1.1243081093 seconds	0.0000000000 seconds
Iteration 6:	1.1242070198 seconds	0.0000000000 seconds
Iteration 6:	1.1243190765 seconds	0.0000000000 seconds
Iteration 6:	1.1243259907 seconds	0.0000000000 seconds
Iteration 6:	1.1244411469 seconds	0.0000000000 seconds
Iteration 6:	1.1242990494 seconds	0.0000000000 seconds
Iteration 6:	1.1243071556 seconds	0.0000000000 seconds
Iteration 6:	1.1240859032 seconds	0.0000000000 seconds
Iteration 6:	1.1240859032 seconds	0.0000000000 seconds
Iteration 6:	1.1240859032 seconds	0.0000000000 seconds
Iteration 7:	1.0120859146 seconds	0.0000000000 seconds
Iteration 7:	1.0123438835 seconds	0.0000000000 seconds
Iteration 7:	1.0123090744 seconds	0.0000000000 seconds
Iteration 7:	1.0124430656 seconds	0.0000009537 seconds
Iteration 7:	1.0123429298 seconds	0.0000000000 seconds
Iteration 7:	1.0122828484 seconds	0.0000000000 seconds
Iteration 7:	1.0121970177 seconds	0.0000000000 seconds
Iteration 7:	1.0123400688 seconds	0.0000009537 seconds
Iteration 7:	1.0123560429 seconds	0.0000000000 seconds
Iteration 7:	1.0123970509 seconds	0.0000000000 seconds
Iteration 7:	1.0123960972 seconds	0.0000000000 seconds
Iteration 7:	1.0123939514 seconds	0.0000000000 seconds
Iteration 8:	1.1243569851 seconds	0.0000000000 seconds
Iteration 8:	1.1246259212 seconds	0.0000000000 seconds
Iteration 8:	1.1242649555 seconds	0.0000000000 seconds
Iteration 8:	1.1244041920 seconds	0.0000000000 seconds
Iteration 8:	1.1242449284 seconds	0.0000000000 seconds
Iteration 8:	1.1243600845 seconds	0.0000000000 seconds
Iteration 8:	1.1243290901 seconds	0.0000000000 seconds
Iteration 8:	1.1241850853 seconds	0.0000000000 seconds
Iteration 8:	1.1241879463 seconds	0.0000000000 seconds
Iteration 8:	1.1241309643 seconds	0.0000000000 seconds
Iteration 8:	1.1241309643 seconds	0.0000000000 seconds
Iteration 8:	1.1241300106 seconds	0.0000000000 seconds
Iteration 9:	1.0125970840 seconds	0.0000000000 seconds
Iteration 9:	1.0127599239 seconds	0.0000000000 seconds
Iteration 9:	1.0126531124 seconds	0.0000000000 seconds
Iteration 9:	1.0128059387 seconds	0.0000000000 seconds
Iteration 9:	1.0127301216 seconds	0.0000000000 seconds
Iteration 9:	1.0128860474 seconds	0.0000000000 seconds
Iteration 9:	1.0127689838 seconds	0.0000000000 seconds
Iteration 9:	1.0129752159 seconds	0.0000000000 seconds
Iteration 9:	1.0129740238 seconds	0.0000000000 seconds
Iteration 9:	1.0130288601 seconds	0.0000000000 seconds
Iteration 9:	1.0130298138 seconds	0.0000000000 seconds
Iteration 9:	1.0130290985 seconds	0.0000000000 seconds
Iteration 10:	1.1246180534 seconds	0.0000000000 seconds
Iteration 10:	1.1244931221 seconds	0.0000000000 seconds
Iteration 10:	1.1243867874 seconds	0.0000000000 seconds
Iteration 10:	1.1245758533 seconds	0.0000000000 seconds
Iteration 10:	1.1244750023 seconds	0.0000000000 seconds
Iteration 10:	1.1243610382 seconds	0.0000000000 seconds
Iteration 10:	1.1244859695 seconds	0.0000000000 seconds
Iteration 10:	1.1242778301 seconds	0.0000000000 seconds
Iteration 10:	1.1242849827 seconds	0.0000000000 seconds
Iteration 10:	1.1242370605 seconds	0.0000000000 seconds
Iteration 10:	1.1242380142 seconds	0.0000000000 seconds
Iteration 10:	1.1242361069 seconds	0.0000000000 seconds
Iteration 11:	1.0122289658 seconds	0.0000000000 seconds
Iteration 11:	1.0123250484 seconds	0.0000000000 seconds
Iteration 11:	1.0123009682 seconds	0.0000000000 seconds
Iteration 11:	1.0124559402 seconds	0.0000000000 seconds
Iteration 11:	1.0123620033 seconds	0.0000000000 seconds
Iteration 11:	1.0124537945 seconds	0.0000000000 seconds
Iteration 11:	1.0123429298 seconds	0.0000000000 seconds
Iteration 11:	1.0126719475 seconds	0.0000000000 seconds
Iteration 11:	1.0126791000 seconds	0.0000000000 seconds
Iteration 11:	1.0127069950 seconds	0.0000000000 seconds
Iteration 11:	1.0127091408 seconds	0.0000000000 seconds
Iteration 11:	1.0127060413 seconds	0.0000009537 seconds
Iteration 12:	1.1242990494 seconds	0.0000000000 seconds
Iteration 12:	1.1244440079 seconds	0.0000000000 seconds
Iteration 12:	1.1243529320 seconds	0.0000000000 seconds
Iteration 12:	1.1244130135 seconds	0.0000009537 seconds
Iteration 12:	1.1244940758 seconds	0.0000000000 seconds
Iteration 12:	1.1243929863 seconds	0.0000000000 seconds
Iteration 12:	1.1244900227 seconds	0.0000000000 seconds
Iteration 12:	1.1241438389 seconds	0.0000000000 seconds
Iteration 12:	1.1241559982 seconds	0.0000000000 seconds
Iteration 12:	1.1241388321 seconds	0.0000000000 seconds
Iteration 12:	1.1241378784 seconds	0.0000009537 seconds
Iteration 12:	1.1241378784 seconds	0.0000009537 seconds
Iteration 13:	1.0123980045 seconds	0.0000000000 seconds
Iteration 13:	1.0125370026 seconds	0.0000000000 seconds
Iteration 13:	1.0124809742 seconds	0.0000000000 seconds
Iteration 13:	1.0124521255 seconds	0.0000000000 seconds
Iteration 13:	1.0123720169 seconds	0.0000000000 seconds
Iteration 13:	1.0124680996 seconds	0.0000000000 seconds
Iteration 13:	1.0123779774 seconds	0.0000000000 seconds
Iteration 13:	1.0125129223 seconds	0.0000000000 seconds
Iteration 13:	1.0125110149 seconds	0.0000000000 seconds
Iteration 13:	1.0125539303 seconds	0.0000000000 seconds
Iteration 13:	1.0125539303 seconds	0.0000000000 seconds
Iteration 13:	1.0125529766 seconds	0.0000000000 seconds
Iteration 14:	1.1245210171 seconds	0.0000000000 seconds
Iteration 14:	1.1244211197 seconds	0.0000000000 seconds
Iteration 14:	1.1244521141 seconds	0.0000000000 seconds
Iteration 14:	1.1243050098 seconds	0.0000000000 seconds
Iteration 14:	1.1243879795 seconds	0.0000000000 seconds
Iteration 14:	1.1242799759 seconds	0.0000000000 seconds
Iteration 14:	1.1243951321 seconds	0.0000000000 seconds
Iteration 14:	1.1242690086 seconds	0.0000000000 seconds
Iteration 14:	1.1242690086 seconds	0.0000000000 seconds
Iteration 14:	1.1242132187 seconds	0.0000000000 seconds
Iteration 14:	1.1242132187 seconds	0.0000009537 seconds
Iteration 14:	1.1242129803 seconds	0.0000011921 seconds
Iteration 15:	1.0122570992 seconds	0.0000000000 seconds
Iteration 15:	1.0123751163 seconds	0.0000000000 seconds
Iteration 15:	1.0123348236 seconds	0.0000011921 seconds
Iteration 15:	1.0124540329 seconds	0.0000000000 seconds
Iteration 15:	1.0123679638 seconds	0.0000000000 seconds
Iteration 15:	1.0124650002 seconds	0.0000000000 seconds
Iteration 15:	1.0123519897 seconds	0.0000000000 seconds
Iteration 15:	1.0125021935 seconds	0.0000000000 seconds
Iteration 15:	1.0125539303 seconds	0.0000000000 seconds
Iteration 15:	1.0125188828 seconds	0.0000000000 seconds
Iteration 15:	1.0125198364 seconds	0.0000000000 seconds
Iteration 15:	1.0125179291 seconds	0.0000000000 seconds
Iteration 16:	1.1244499683 seconds	0.0000000000 seconds
Iteration 16:	1.1243269444 seconds	0.0000000000 seconds
Iteration 16:	1.1243519783 seconds	0.0000000000 seconds
Iteration 16:	1.1242380142 seconds	0.0000000000 seconds
Iteration 16:	1.1243410110 seconds	0.0000000000 seconds
Iteration 16:	1.1242420673 seconds	0.0000000000 seconds
Iteration 16:	1.1243379116 seconds	0.0000000000 seconds
Iteration 16:	1.1243610382 seconds	0.0000000000 seconds
Iteration 16:	1.1243209839 seconds	0.0000000000 seconds
Iteration 16:	1.1243369579 seconds	0.0000000000 seconds
Iteration 16:	1.1243369579 seconds	0.0000000000 seconds
Iteration 16:	1.1243360043 seconds	0.0000000000 seconds
Iteration 17:	1.0121989250 seconds	0.0000000000 seconds
Iteration 17:	1.0123131275 seconds	0.0000000000 seconds
Iteration 17:	1.0122780800 seconds	0.0000000000 seconds
Iteration 17:	1.0124328136 seconds	0.0000000000 seconds
Iteration 17:	1.0122978687 seconds	0.0000000000 seconds
Iteration 17:	1.0125989914 seconds	0.0000000000 seconds
Iteration 17:	1.0125000477 seconds	0.0000000000 seconds
Iteration 17:	1.0124521255 seconds	0.0000000000 seconds
Iteration 17:	1.0124449730 seconds	0.0000000000 seconds
Iteration 17:	1.0124819279 seconds	0.0000000000 seconds
Iteration 17:	1.0124788284 seconds	0.0000000000 seconds
Iteration 17:	1.0124819279 seconds	0.0000000000 seconds
Iteration 18:	1.1243958473 seconds	0.0000000000 seconds
Iteration 18:	1.1244719028 seconds	0.0000000000 seconds
Iteration 18:	1.1245098114 seconds	0.0000000000 seconds
Iteration 18:	1.1243541241 seconds	0.0000000000 seconds
Iteration 18:	1.1244878769 seconds	0.0000000000 seconds
Iteration 18:	1.1241900921 seconds	0.0000000000 seconds
Iteration 18:	1.1242887974 seconds	0.0000000000 seconds
Iteration 18:	1.1241528988 seconds	0.0000000000 seconds
Iteration 18:	1.1241581440 seconds	0.0000000000 seconds
Iteration 18:	1.1241300106 seconds	0.0000000000 seconds
Iteration 18:	1.1241309643 seconds	0.0000000000 seconds
Iteration 18:	1.1241300106 seconds	0.0000000000 seconds
Iteration 19:	1.0124070644 seconds	0.0000000000 seconds
Iteration 19:	1.0123260021 seconds	0.0000000000 seconds
Iteration 19:	1.0122959614 seconds	0.0000000000 seconds
Iteration 19:	1.0124077797 seconds	0.0000000000 seconds
Iteration 19:	1.0123250484 seconds	0.0000000000 seconds
Iteration 19:	1.0124280453 seconds	0.0000000000 seconds
Iteration 19:	1.0123419762 seconds	0.0000000000 seconds
Iteration 19:	1.0124659538 seconds	0.0000000000 seconds
Iteration 19:	1.0124669075 seconds	0.0000000000 seconds
Iteration 19:	1.0125019550 seconds	0.0000000000 seconds
Iteration 19:	1.0125029087 seconds	0.0000000000 seconds
Iteration 19:	1.0125021935 seconds	0.0000000000 seconds
Iteration 20:	1.1244390011 seconds	0.0000000000 seconds
Iteration 20:	1.1243338585 seconds	0.0000000000 seconds
Iteration 20:	1.1243760586 seconds	0.0000000000 seconds
Iteration 20:	1.1242730618 seconds	0.0000000000 seconds
Iteration 20:	1.1243388653 seconds	0.0000000000 seconds
Iteration 20:	1.1242518425 seconds	0.0000000000 seconds
Iteration 20:	1.1243450642 seconds	0.0000000000 seconds
Iteration 20:	1.1242458820 seconds	0.0000000000 seconds
Iteration 20:	1.1242539883 seconds	0.0000000000 seconds
Iteration 20:	1.1242229939 seconds	0.0000000000 seconds
Iteration 20:	1.1242210865 seconds	0.0000000000 seconds
Iteration 20:	1.1242220402 seconds	0.0000000000 seconds
Iteration 21:	1.0123488903 seconds	0.0000000000 seconds
Iteration 21:	1.0124599934 seconds	0.0000000000 seconds
Iteration 21:	1.0124218464 seconds	0.0000000000 seconds
Iteration 21:	1.0125279427 seconds	0.0000000000 seconds
Iteration 21:	1.0124549866 seconds	0.0000000000 seconds
Iteration 21:	1.0125269890 seconds	0.0000000000 seconds
Iteration 21:	1.0124328136 seconds	0.0000011921 seconds
Iteration 21:	1.0125489235 seconds	0.0000000000 seconds
Iteration 21:	1.0125479698 seconds	0.0000000000 seconds
Iteration 21:	1.0125770569 seconds	0.0000000000 seconds
Iteration 21:	1.0125761032 seconds	0.0000000000 seconds
Iteration 21:	1.0125751495 seconds	0.0000000000 seconds
Iteration 22:	1.1244411469 seconds	0.0000000000 seconds
Iteration 22:	1.1243379116 seconds	0.0000000000 seconds
Iteration 22:	1.1242380142 seconds	0.0000000000 seconds
Iteration 22:	1.1243791580 seconds	0.0000000000 seconds
Iteration 22:	1.1243150234 seconds	0.0000000000 seconds
Iteration 22:	1.1244449615 seconds	0.0000000000 seconds
Iteration 22:	1.1245338917 seconds	0.0000000000 seconds
Iteration 22:	1.1243741512 seconds	0.0000000000 seconds
Iteration 22:	1.1243801117 seconds	0.0000000000 seconds
Iteration 22:	1.1243360043 seconds	0.0000000000 seconds
Iteration 22:	1.1243348122 seconds	0.0000000000 seconds
Iteration 22:	1.1243350506 seconds	0.0000000000 seconds
Iteration 23:	1.0121679306 seconds	0.0000000000 seconds
Iteration 23:	1.0123009682 seconds	0.0000000000 seconds
Iteration 23:	1.0122420788 seconds	0.0000000000 seconds
Iteration 23:	1.0125510693 seconds	0.0000000000 seconds
Iteration 23:	1.0124800205 seconds	0.0000000000 seconds
Iteration 23:	1.0123689175 seconds	0.0000000000 seconds
Iteration 23:	1.0122580528 seconds	0.0000000000 seconds
Iteration 23:	1.0124051571 seconds	0.0000000000 seconds
Iteration 23:	1.0124151707 seconds	0.0000000000 seconds
Iteration 23:	1.0124239922 seconds	0.0000000000 seconds
Iteration 23:	1.0124230385 seconds	0.0000000000 seconds
Iteration 23:	1.0124218464 seconds	0.0000000000 seconds
Iteration 24:	1.1245470047 seconds	0.0000000000 seconds
Iteration 24:	1.1244060993 seconds	0.0000000000 seconds
Iteration 24:	1.1244580746 seconds	0.0000000000 seconds
Iteration 24:	1.1241829395 seconds	0.0000009537 seconds
Iteration 24:	1.1242589951 seconds	0.0000000000 seconds
Iteration 24:	1.1241540909 seconds	0.0000000000 seconds
Iteration 24:	1.1242749691 seconds	0.0000000000 seconds
Iteration 24:	1.1241190434 seconds	0.0000000000 seconds
Iteration 24:	1.1241269112 seconds	0.0000000000 seconds
Iteration 24:	1.1241090298 seconds	0.0000000000 seconds
Iteration 24:	1.1241090298 seconds	0.0000000000 seconds
Iteration 24:	1.1241090298 seconds	0.0000000000 seconds
Iteration 25:	1.0122091770 seconds	0.0000000000 seconds
Iteration 25:	1.0123190880 seconds	0.0000000000 seconds
Iteration 25:	1.0123000145 seconds	0.0000000000 seconds
Iteration 25:	1.0123760700 seconds	0.0000000000 seconds
Iteration 25:	1.0122890472 seconds	0.0000000000 seconds
Iteration 25:	1.0124101639 seconds	0.0000000000 seconds
Iteration 25:	1.0122950077 seconds	0.0000000000 seconds
Iteration 25:	1.0124340057 seconds	0.0000000000 seconds
Iteration 25:	1.0124409199 seconds	0.0000000000 seconds
Iteration 25:	1.0124759674 seconds	0.0000000000 seconds
Iteration 25:	1.0124759674 seconds	0.0000000000 seconds
Iteration 25:	1.0124740601 seconds	0.0000000000 seconds
Iteration 26:	1.1246039867 seconds	0.0000000000 seconds
Iteration 26:	1.1244978905 seconds	0.0000000000 seconds
Iteration 26:	1.1244230270 seconds	0.0000000000 seconds
Iteration 26:	1.1245191097 seconds	0.0000000000 seconds
Iteration 26:	1.1245160103 seconds	0.0000000000 seconds
Iteration 26:	1.1243870258 seconds	0.0000000000 seconds
Iteration 26:	1.1244940758 seconds	0.0000000000 seconds
Iteration 26:	1.1243619919 seconds	0.0000000000 seconds
Iteration 26:	1.1243700981 seconds	0.0000000000 seconds
Iteration 26:	1.1243348122 seconds	0.0000000000 seconds
Iteration 26:	1.1243338585 seconds	0.0000000000 seconds
Iteration 26:	1.1243329048 seconds	0.0000000000 seconds
Iteration 27:	1.0121707916 seconds	0.0000000000 seconds
Iteration 27:	1.0122539997 seconds	0.0000000000 seconds
Iteration 27:	1.0122449398 seconds	0.0000000000 seconds
Iteration 27:	1.0123641491 seconds	0.0000000000 seconds
Iteration 27:	1.0122900009 seconds	0.0000000000 seconds
Iteration 27:	1.0123939514 seconds	0.0000000000 seconds
Iteration 27:	1.0122869015 seconds	0.0000000000 seconds
Iteration 27:	1.0126039982 seconds	0.0000000000 seconds
Iteration 27:	1.0126130581 seconds	0.0000000000 seconds
Iteration 27:	1.0126459599 seconds	0.0000000000 seconds
Iteration 27:	1.0126459599 seconds	0.0000000000 seconds
Iteration 27:	1.0126438141 seconds	0.0000000000 seconds
Iteration 28:	1.1243140697 seconds	0.0000000000 seconds
Iteration 28:	1.1244251728 seconds	0.0000000000 seconds
Iteration 28:	1.1243557930 seconds	0.0000000000 seconds
Iteration 28:	1.1243970394 seconds	0.0000011921 seconds
Iteration 28:	1.1244690418 seconds	0.0000000000 seconds
Iteration 28:	1.1243779659 seconds	0.0000000000 seconds
Iteration 28:	1.1244909763 seconds	0.0000000000 seconds
Iteration 28:	1.1241638660 seconds	0.0000000000 seconds
Iteration 28:	1.1242079735 seconds	0.0000000000 seconds
Iteration 28:	1.1241071224 seconds	0.0000000000 seconds
Iteration 28:	1.1241071224 seconds	0.0000000000 seconds
Iteration 28:	1.1241061687 seconds	0.0000000000 seconds
Iteration 29:	1.0123569965 seconds	0.0000000000 seconds
Iteration 29:	1.0124959946 seconds	0.0000000000 seconds
Iteration 29:	1.0124299526 seconds	0.0000000000 seconds
Iteration 29:	1.0123701096 seconds	0.0000000000 seconds
Iteration 29:	1.0122940540 seconds	0.0000000000 seconds
Iteration 29:	1.0123798847 seconds	0.0000000000 seconds
Iteration 29:	1.0122621059 seconds	0.0000000000 seconds
Iteration 29:	1.0124089718 seconds	0.0000000000 seconds
Iteration 29:	1.0123729706 seconds	0.0000000000 seconds
Iteration 29:	1.0124478340 seconds	0.0000000000 seconds
Iteration 29:	1.0124468803 seconds	0.0000000000 seconds
Iteration 29:	1.0124499798 seconds	0.0000000000 seconds
Total computation time was: 32.052236		Average frame time was: 1.068402		Average Particle interations per second were: 968049223.682451
