[ -1:000]                : Rank 0 is running on comet-04-25.sdsc.edu
[  0:001] init_pprintf   : My dest: 1	My source: 2	My_num_part: 682720
Initalizing particles linear on 0 to 682720
[ -1:000]                : Rank 2 is running on comet-27-18.sdsc.edu
[  2:001] init_pprintf   : My dest: 0	My source: 1	My_num_part: 682720
[ -1:000]                : Rank 1 is running on comet-11-62.sdsc.edu
[  1:001] init_pprintf   : My dest: 2	My source: 0	My_num_part: 682720
Initalizing particles linear on 1365440 to 2048160
Initalizing particles linear on 682720 to 1365440
Iteration 0:	1018.4578068256 seconds	0.0000000000 seconds
Iteration 0:	1018.4556000233 seconds	0.0000009537 seconds
Iteration 0:	1018.4940690994 seconds	0.0000000000 seconds
Iteration 1:	829.6463210583 seconds	0.0000009537 seconds
Iteration 1:	829.6481308937 seconds	0.0000000000 seconds
Iteration 1:	829.6478240490 seconds	0.0000000000 seconds
Iteration 2:	911.3549621105 seconds	0.0000000000 seconds
Iteration 2:	911.3551468849 seconds	0.0000011921 seconds
Iteration 2:	911.3565270901 seconds	0.0000000000 seconds
Iteration 3:	829.8733880520 seconds	0.0000000000 seconds
Iteration 3:	829.8751308918 seconds	0.0000000000 seconds
Iteration 3:	829.8749070168 seconds	0.0000000000 seconds
Iteration 4:	911.5109519958 seconds	0.0000000000 seconds
Iteration 4:	911.5111930370 seconds	0.0000000000 seconds
Iteration 4:	911.5124979019 seconds	0.0000000000 seconds
Total computation time was: 4500.883459		Average frame time was: 900.176561		Average Particle interations per second were: -1359358.425340
