[ -1:000]                : Rank 0 is running on comet-11-60.sdsc.edu
[  0:001] init_pprintf   : My dest: 1	My source: 4	My_num_part: 96
Initalizing particles linear on 0 to 96
[ -1:000]                : Rank 1 is running on comet-11-64.sdsc.edu
[  1:001] init_pprintf   : My dest: 2	My source: 0	My_num_part: 96
Initalizing particles linear on 96 to 192
[ -1:000]                : Rank 4 is running on comet-18-19.sdsc.edu
[  4:001] init_pprintf   : My dest: 0	My source: 3	My_num_part: 96
Initalizing particles linear on 384 to 480
[ -1:000]                : Rank 3 is running on comet-15-28.sdsc.edu
[  3:001] init_pprintf   : My dest: 4	My source: 2	My_num_part: 96
Initalizing particles linear on 288 to 384
[ -1:000]                : Rank 2 is running on comet-11-67.sdsc.edu
[  2:001] init_pprintf   : My dest: 3	My source: 1	My_num_part: 96
Initalizing particles linear on 192 to 288
Iteration 0:	0.0791809559 seconds	0.0000000000 seconds
Iteration 0:	0.1410181522 seconds	0.0000000000 seconds
Iteration 0:	0.1181678772 seconds	0.0000000000 seconds
Iteration 0:	0.1302471161 seconds	0.0000000000 seconds
Iteration 0:	0.1310410500 seconds	0.0000000000 seconds
Iteration 1:	0.1016681194 seconds	0.0000000000 seconds
Iteration 1:	0.0969519615 seconds	0.0000011921 seconds
Iteration 1:	0.0834710598 seconds	0.0000009537 seconds
Iteration 1:	0.0708730221 seconds	0.0000000000 seconds
Iteration 1:	0.0708658695 seconds	0.0000009537 seconds
Iteration 2:	0.0049259663 seconds	0.0000000000 seconds
Iteration 2:	0.0014660358 seconds	0.0000009537 seconds
Iteration 2:	0.0249600410 seconds	0.0000000000 seconds
Iteration 2:	0.0009608269 seconds	0.0000000000 seconds
Iteration 2:	0.0008788109 seconds	0.0000000000 seconds
Iteration 3:	0.0008578300 seconds	0.0000000000 seconds
Iteration 3:	0.0008120537 seconds	0.0000000000 seconds
Iteration 3:	0.0008108616 seconds	0.0000000000 seconds
Iteration 3:	0.0008308887 seconds	0.0000000000 seconds
Iteration 3:	0.0008809566 seconds	0.0000000000 seconds
Iteration 4:	0.0009670258 seconds	0.0000000000 seconds
Iteration 4:	0.0010149479 seconds	0.0000000000 seconds
Iteration 4:	0.0011160374 seconds	0.0000000000 seconds
Iteration 4:	0.0011029243 seconds	0.0000000000 seconds
Iteration 4:	0.0010409355 seconds	0.0000000000 seconds
Iteration 5:	0.0010268688 seconds	0.0000000000 seconds
Iteration 5:	0.0008718967 seconds	0.0000000000 seconds
Iteration 5:	0.0008199215 seconds	0.0000000000 seconds
Iteration 5:	0.0008940697 seconds	0.0000000000 seconds
Iteration 5:	0.0008230209 seconds	0.0000000000 seconds
Iteration 6:	0.0009191036 seconds	0.0000000000 seconds
Iteration 6:	0.0009810925 seconds	0.0000000000 seconds
Iteration 6:	0.0009210110 seconds	0.0000000000 seconds
Iteration 6:	0.0009758472 seconds	0.0000000000 seconds
Iteration 6:	0.0009639263 seconds	0.0000000000 seconds
Iteration 7:	0.0007009506 seconds	0.0000000000 seconds
Iteration 7:	0.0007250309 seconds	0.0000000000 seconds
Iteration 7:	0.0007901192 seconds	0.0000000000 seconds
Iteration 7:	0.0008208752 seconds	0.0000000000 seconds
Iteration 7:	0.0008318424 seconds	0.0000000000 seconds
Iteration 8:	0.0009200573 seconds	0.0000000000 seconds
Iteration 8:	0.0009510517 seconds	0.0000000000 seconds
Iteration 8:	0.0011119843 seconds	0.0000000000 seconds
Iteration 8:	0.0010869503 seconds	0.0000000000 seconds
Iteration 8:	0.0010941029 seconds	0.0000000000 seconds
Iteration 9:	0.0010149479 seconds	0.0000009537 seconds
Iteration 9:	0.0009438992 seconds	0.0000009537 seconds
Iteration 9:	0.0009269714 seconds	0.0000000000 seconds
Iteration 9:	0.0009510517 seconds	0.0000000000 seconds
Iteration 9:	0.0009779930 seconds	0.0000000000 seconds
Iteration 10:	0.0010278225 seconds	0.0000000000 seconds
Iteration 10:	0.0009560585 seconds	0.0000000000 seconds
Iteration 10:	0.0010020733 seconds	0.0000000000 seconds
Iteration 10:	0.0010490417 seconds	0.0000000000 seconds
Iteration 10:	0.0010540485 seconds	0.0000000000 seconds
Iteration 11:	0.0008301735 seconds	0.0000000000 seconds
Iteration 11:	0.0008609295 seconds	0.0000000000 seconds
Iteration 11:	0.0007979870 seconds	0.0000000000 seconds
Iteration 11:	0.0008690357 seconds	0.0000000000 seconds
Iteration 11:	0.0009031296 seconds	0.0000009537 seconds
Iteration 12:	0.0010240078 seconds	0.0000009537 seconds
Iteration 12:	0.0009870529 seconds	0.0000000000 seconds
Iteration 12:	0.0010569096 seconds	0.0000000000 seconds
Iteration 12:	0.0011608601 seconds	0.0000000000 seconds
Iteration 12:	0.0011150837 seconds	0.0000000000 seconds
Iteration 13:	0.0007898808 seconds	0.0000000000 seconds
Iteration 13:	0.0008599758 seconds	0.0000000000 seconds
Iteration 13:	0.0010159016 seconds	0.0000000000 seconds
Iteration 13:	0.0010440350 seconds	0.0000000000 seconds
Iteration 13:	0.0009679794 seconds	0.0000000000 seconds
Iteration 14:	0.0008919239 seconds	0.0000000000 seconds
Iteration 14:	0.0009329319 seconds	0.0000000000 seconds
Iteration 14:	0.0009610653 seconds	0.0000000000 seconds
Iteration 14:	0.0011460781 seconds	0.0000000000 seconds
Iteration 14:	0.0010600090 seconds	0.0000000000 seconds
Iteration 15:	0.0009648800 seconds	0.0000000000 seconds
Iteration 15:	0.0009341240 seconds	0.0000000000 seconds
Iteration 15:	0.0009260178 seconds	0.0000009537 seconds
Iteration 15:	0.0009179115 seconds	0.0000000000 seconds
Iteration 15:	0.0009500980 seconds	0.0000009537 seconds
Iteration 16:	0.0009009838 seconds	0.0000000000 seconds
Iteration 16:	0.0010511875 seconds	0.0000000000 seconds
Iteration 16:	0.0010900497 seconds	0.0000000000 seconds
Iteration 16:	0.0011391640 seconds	0.0000000000 seconds
Iteration 16:	0.0011169910 seconds	0.0000000000 seconds
Iteration 17:	0.0010139942 seconds	0.0000000000 seconds
Iteration 17:	0.0007519722 seconds	0.0000000000 seconds
Iteration 17:	0.0008959770 seconds	0.0000000000 seconds
Iteration 17:	0.0009751320 seconds	0.0000000000 seconds
Iteration 17:	0.0009779930 seconds	0.0000000000 seconds
Iteration 18:	0.0010809898 seconds	0.0000000000 seconds
Iteration 18:	0.0010411739 seconds	0.0000000000 seconds
Iteration 18:	0.0009407997 seconds	0.0000000000 seconds
Iteration 18:	0.0008950233 seconds	0.0000000000 seconds
Iteration 18:	0.0009100437 seconds	0.0000000000 seconds
Iteration 19:	0.0008850098 seconds	0.0000000000 seconds
Iteration 19:	0.0008389950 seconds	0.0000000000 seconds
Iteration 19:	0.0008378029 seconds	0.0000000000 seconds
Iteration 19:	0.0008461475 seconds	0.0000000000 seconds
Iteration 19:	0.0008141994 seconds	0.0000000000 seconds
Iteration 20:	0.0009479523 seconds	0.0000000000 seconds
Iteration 20:	0.0009179115 seconds	0.0000000000 seconds
Iteration 20:	0.0009918213 seconds	0.0000000000 seconds
Iteration 20:	0.0010859966 seconds	0.0000000000 seconds
Iteration 20:	0.0010831356 seconds	0.0000000000 seconds
Iteration 21:	0.0008070469 seconds	0.0000000000 seconds
Iteration 21:	0.0010170937 seconds	0.0000000000 seconds
Iteration 21:	0.0009200573 seconds	0.0000009537 seconds
Iteration 21:	0.0009031296 seconds	0.0000000000 seconds
Iteration 21:	0.0009632111 seconds	0.0000000000 seconds
Iteration 22:	0.0008091927 seconds	0.0000000000 seconds
Iteration 22:	0.0010309219 seconds	0.0000009537 seconds
Iteration 22:	0.0009479523 seconds	0.0000000000 seconds
Iteration 22:	0.0009441376 seconds	0.0000000000 seconds
Iteration 22:	0.0009529591 seconds	0.0000000000 seconds
Iteration 23:	0.0008218288 seconds	0.0000000000 seconds
Iteration 23:	0.0008258820 seconds	0.0000000000 seconds
Iteration 23:	0.0010380745 seconds	0.0000000000 seconds
Iteration 23:	0.0008831024 seconds	0.0000000000 seconds
Iteration 23:	0.0009121895 seconds	0.0000000000 seconds
Iteration 24:	0.0008919239 seconds	0.0000000000 seconds
Iteration 24:	0.0008790493 seconds	0.0000000000 seconds
Iteration 24:	0.0011298656 seconds	0.0000000000 seconds
Iteration 24:	0.0010290146 seconds	0.0000000000 seconds
Iteration 24:	0.0010190010 seconds	0.0000000000 seconds
Iteration 25:	0.0009589195 seconds	0.0000000000 seconds
Iteration 25:	0.0007510185 seconds	0.0000000000 seconds
Iteration 25:	0.0007989407 seconds	0.0000000000 seconds
Iteration 25:	0.0009109974 seconds	0.0000000000 seconds
Iteration 25:	0.0007798672 seconds	0.0000000000 seconds
Iteration 26:	0.0009660721 seconds	0.0000000000 seconds
Iteration 26:	0.0008988380 seconds	0.0000000000 seconds
Iteration 26:	0.0009610653 seconds	0.0000000000 seconds
Iteration 26:	0.0010731220 seconds	0.0000000000 seconds
Iteration 26:	0.0010838509 seconds	0.0000000000 seconds
Iteration 27:	0.0008780956 seconds	0.0000000000 seconds
Iteration 27:	0.0007860661 seconds	0.0000000000 seconds
Iteration 27:	0.0008971691 seconds	0.0000000000 seconds
Iteration 27:	0.0008280277 seconds	0.0000000000 seconds
Iteration 27:	0.0009319782 seconds	0.0000000000 seconds
Iteration 28:	0.0008909702 seconds	0.0000000000 seconds
Iteration 28:	0.0008528233 seconds	0.0000000000 seconds
Iteration 28:	0.0009591579 seconds	0.0000000000 seconds
Iteration 28:	0.0009181499 seconds	0.0000000000 seconds
Iteration 28:	0.0010039806 seconds	0.0000000000 seconds
Iteration 29:	0.0008780956 seconds	0.0000000000 seconds
Iteration 29:	0.0009438992 seconds	0.0000000000 seconds
Iteration 29:	0.0009090900 seconds	0.0000000000 seconds
Iteration 29:	0.0008950233 seconds	0.0000000000 seconds
Iteration 29:	0.0008628368 seconds	0.0000000000 seconds
Iteration 30:	0.0007340908 seconds	0.0000000000 seconds
Iteration 30:	0.0008080006 seconds	0.0000000000 seconds
Iteration 30:	0.0009930134 seconds	0.0000000000 seconds
Iteration 30:	0.0009779930 seconds	0.0000000000 seconds
Iteration 30:	0.0009980202 seconds	0.0000000000 seconds
Iteration 31:	0.0007820129 seconds	0.0000000000 seconds
Iteration 31:	0.0007979870 seconds	0.0000000000 seconds
Iteration 31:	0.0008180141 seconds	0.0000000000 seconds
Iteration 31:	0.0010561943 seconds	0.0000000000 seconds
Iteration 31:	0.0011169910 seconds	0.0000000000 seconds
Iteration 32:	0.0008969307 seconds	0.0000000000 seconds
Iteration 32:	0.0008180141 seconds	0.0000000000 seconds
Iteration 32:	0.0009679794 seconds	0.0000000000 seconds
Iteration 32:	0.0008649826 seconds	0.0000000000 seconds
Iteration 32:	0.0009760857 seconds	0.0000000000 seconds
Iteration 33:	0.0007321835 seconds	0.0000000000 seconds
Iteration 33:	0.0007548332 seconds	0.0000000000 seconds
Iteration 33:	0.0007588863 seconds	0.0000000000 seconds
Iteration 33:	0.0008049011 seconds	0.0000000000 seconds
Iteration 33:	0.0007901192 seconds	0.0000000000 seconds
Iteration 34:	0.0008308887 seconds	0.0000000000 seconds
Iteration 34:	0.0009100437 seconds	0.0000009537 seconds
Iteration 34:	0.0008618832 seconds	0.0000000000 seconds
Iteration 34:	0.0009570122 seconds	0.0000000000 seconds
Iteration 34:	0.0009059906 seconds	0.0000000000 seconds
Iteration 35:	0.0008080006 seconds	0.0000000000 seconds
Iteration 35:	0.0008029938 seconds	0.0000000000 seconds
Iteration 35:	0.0008320808 seconds	0.0000000000 seconds
Iteration 35:	0.0008409023 seconds	0.0000000000 seconds
Iteration 35:	0.0008871555 seconds	0.0000000000 seconds
Iteration 36:	0.0009350777 seconds	0.0000000000 seconds
Iteration 36:	0.0009601116 seconds	0.0000009537 seconds
Iteration 36:	0.0009729862 seconds	0.0000000000 seconds
Iteration 36:	0.0011110306 seconds	0.0000000000 seconds
Iteration 36:	0.0011138916 seconds	0.0000000000 seconds
Iteration 37:	0.0008831024 seconds	0.0000000000 seconds
Iteration 37:	0.0010340214 seconds	0.0000009537 seconds
Iteration 37:	0.0008270741 seconds	0.0000000000 seconds
Iteration 37:	0.0009357929 seconds	0.0000000000 seconds
Iteration 37:	0.0010259151 seconds	0.0000000000 seconds
Iteration 38:	0.0008649826 seconds	0.0000000000 seconds
Iteration 38:	0.0008161068 seconds	0.0000000000 seconds
Iteration 38:	0.0009469986 seconds	0.0000000000 seconds
Iteration 38:	0.0008561611 seconds	0.0000000000 seconds
Iteration 38:	0.0009729862 seconds	0.0000009537 seconds
Iteration 39:	0.0006980896 seconds	0.0000000000 seconds
Iteration 39:	0.0008921623 seconds	0.0000000000 seconds
Iteration 39:	0.0008671284 seconds	0.0000000000 seconds
Iteration 39:	0.0007829666 seconds	0.0000000000 seconds
Iteration 39:	0.0008292198 seconds	0.0000000000 seconds
Iteration 40:	0.0009081364 seconds	0.0000000000 seconds
Iteration 40:	0.0008599758 seconds	0.0000000000 seconds
Iteration 40:	0.0008280277 seconds	0.0000000000 seconds
Iteration 40:	0.0008578300 seconds	0.0000000000 seconds
Iteration 40:	0.0007908344 seconds	0.0000000000 seconds
Iteration 41:	0.0008711815 seconds	0.0000009537 seconds
Iteration 41:	0.0008521080 seconds	0.0000000000 seconds
Iteration 41:	0.0009160042 seconds	0.0000000000 seconds
Iteration 41:	0.0008389950 seconds	0.0000000000 seconds
Iteration 41:	0.0009310246 seconds	0.0000011921 seconds
Iteration 42:	0.0008158684 seconds	0.0000000000 seconds
Iteration 42:	0.0009679794 seconds	0.0000000000 seconds
Iteration 42:	0.0009829998 seconds	0.0000000000 seconds
Iteration 42:	0.0009090900 seconds	0.0000000000 seconds
Iteration 42:	0.0009350777 seconds	0.0000000000 seconds
Iteration 43:	0.0007770061 seconds	0.0000000000 seconds
Iteration 43:	0.0008230209 seconds	0.0000000000 seconds
Iteration 43:	0.0009260178 seconds	0.0000000000 seconds
Iteration 43:	0.0008709431 seconds	0.0000000000 seconds
Iteration 43:	0.0008518696 seconds	0.0000000000 seconds
Iteration 44:	0.0008599758 seconds	0.0000000000 seconds
Iteration 44:	0.0008959770 seconds	0.0000000000 seconds
Iteration 44:	0.0009560585 seconds	0.0000000000 seconds
Iteration 44:	0.0008699894 seconds	0.0000000000 seconds
Iteration 44:	0.0009391308 seconds	0.0000000000 seconds
Iteration 45:	0.0008130074 seconds	0.0000000000 seconds
Iteration 45:	0.0008270741 seconds	0.0000000000 seconds
Iteration 45:	0.0008921623 seconds	0.0000000000 seconds
Iteration 45:	0.0009169579 seconds	0.0000000000 seconds
Iteration 45:	0.0009508133 seconds	0.0000000000 seconds
Iteration 46:	0.0010559559 seconds	0.0000000000 seconds
Iteration 46:	0.0009498596 seconds	0.0000011921 seconds
Iteration 46:	0.0011141300 seconds	0.0000000000 seconds
Iteration 46:	0.0010688305 seconds	0.0000000000 seconds
Iteration 46:	0.0009858608 seconds	0.0000000000 seconds
Iteration 47:	0.0007679462 seconds	0.0000000000 seconds
Iteration 47:	0.0007848740 seconds	0.0000000000 seconds
Iteration 47:	0.0007951260 seconds	0.0000009537 seconds
Iteration 47:	0.0008370876 seconds	0.0000000000 seconds
Iteration 47:	0.0009329319 seconds	0.0000000000 seconds
Iteration 48:	0.0007400513 seconds	0.0000000000 seconds
Iteration 48:	0.0009210110 seconds	0.0000000000 seconds
Iteration 48:	0.0008420944 seconds	0.0000000000 seconds
Iteration 48:	0.0009729862 seconds	0.0000000000 seconds
Iteration 48:	0.0010039806 seconds	0.0000000000 seconds
Iteration 49:	0.0008859634 seconds	0.0000000000 seconds
Iteration 49:	0.0008568764 seconds	0.0000000000 seconds
Iteration 49:	0.0007791519 seconds	0.0000000000 seconds
Iteration 49:	0.0008330345 seconds	0.0000000000 seconds
Iteration 49:	0.0008120537 seconds	0.0000000000 seconds
Iteration 50:	0.0008559227 seconds	0.0000000000 seconds
Iteration 50:	0.0008451939 seconds	0.0000000000 seconds
Iteration 50:	0.0009098053 seconds	0.0000000000 seconds
Iteration 50:	0.0010039806 seconds	0.0000000000 seconds
Iteration 50:	0.0009989738 seconds	0.0000000000 seconds
Iteration 51:	0.0011351109 seconds	0.0000000000 seconds
Iteration 51:	0.0009059906 seconds	0.0000000000 seconds
Iteration 51:	0.0008990765 seconds	0.0000000000 seconds
Iteration 51:	0.0009860992 seconds	0.0000000000 seconds
Iteration 51:	0.0009808540 seconds	0.0000000000 seconds
Iteration 52:	0.0008041859 seconds	0.0000000000 seconds
Iteration 52:	0.0008978844 seconds	0.0000000000 seconds
Iteration 52:	0.0010578632 seconds	0.0000000000 seconds
Iteration 52:	0.0011410713 seconds	0.0000000000 seconds
Iteration 52:	0.0011630058 seconds	0.0000000000 seconds
Iteration 53:	0.0010409355 seconds	0.0000000000 seconds
Iteration 53:	0.0010089874 seconds	0.0000000000 seconds
Iteration 53:	0.0008840561 seconds	0.0000000000 seconds
Iteration 53:	0.0008139610 seconds	0.0000000000 seconds
Iteration 53:	0.0008180141 seconds	0.0000009537 seconds
Iteration 54:	0.0008449554 seconds	0.0000000000 seconds
Iteration 54:	0.0008060932 seconds	0.0000000000 seconds
Iteration 54:	0.0008640289 seconds	0.0000000000 seconds
Iteration 54:	0.0008738041 seconds	0.0000000000 seconds
Iteration 54:	0.0008871555 seconds	0.0000000000 seconds
Iteration 55:	0.0009100437 seconds	0.0000000000 seconds
Iteration 55:	0.0008490086 seconds	0.0000009537 seconds
Iteration 55:	0.0008499622 seconds	0.0000000000 seconds
Iteration 55:	0.0009450912 seconds	0.0000000000 seconds
Iteration 55:	0.0009989738 seconds	0.0000000000 seconds
Iteration 56:	0.0009839535 seconds	0.0000000000 seconds
Iteration 56:	0.0008471012 seconds	0.0000000000 seconds
Iteration 56:	0.0008721352 seconds	0.0000009537 seconds
Iteration 56:	0.0010550022 seconds	0.0000000000 seconds
Iteration 56:	0.0010910034 seconds	0.0000000000 seconds
Iteration 57:	0.0007510185 seconds	0.0000000000 seconds
Iteration 57:	0.0007739067 seconds	0.0000000000 seconds
Iteration 57:	0.0009400845 seconds	0.0000000000 seconds
Iteration 57:	0.0009610653 seconds	0.0000000000 seconds
Iteration 57:	0.0009570122 seconds	0.0000000000 seconds
Iteration 58:	0.0008559227 seconds	0.0000000000 seconds
Iteration 58:	0.0008380413 seconds	0.0000000000 seconds
Iteration 58:	0.0010330677 seconds	0.0000000000 seconds
Iteration 58:	0.0010011196 seconds	0.0000009537 seconds
Iteration 58:	0.0008919239 seconds	0.0000000000 seconds
Iteration 59:	0.0008559227 seconds	0.0000000000 seconds
Iteration 59:	0.0008349419 seconds	0.0000000000 seconds
Iteration 59:	0.0008819103 seconds	0.0000000000 seconds
Iteration 59:	0.0009210110 seconds	0.0000000000 seconds
Iteration 59:	0.0009100437 seconds	0.0000000000 seconds
Iteration 60:	0.0010130405 seconds	0.0000000000 seconds
Iteration 60:	0.0010650158 seconds	0.0000000000 seconds
Iteration 60:	0.0010650158 seconds	0.0000000000 seconds
Iteration 60:	0.0010960102 seconds	0.0000000000 seconds
Iteration 60:	0.0011010170 seconds	0.0000000000 seconds
Iteration 61:	0.0008301735 seconds	0.0000000000 seconds
Iteration 61:	0.0010759830 seconds	0.0000000000 seconds
Iteration 61:	0.0008959770 seconds	0.0000000000 seconds
Iteration 61:	0.0008821487 seconds	0.0000000000 seconds
Iteration 61:	0.0008561611 seconds	0.0000000000 seconds
Iteration 62:	0.0007779598 seconds	0.0000011921 seconds
Iteration 62:	0.0008978844 seconds	0.0000000000 seconds
Iteration 62:	0.0010750294 seconds	0.0000000000 seconds
Iteration 62:	0.0011720657 seconds	0.0000000000 seconds
Iteration 62:	0.0011470318 seconds	0.0000000000 seconds
Iteration 63:	0.0007750988 seconds	0.0000000000 seconds
Iteration 63:	0.0010640621 seconds	0.0000000000 seconds
Iteration 63:	0.0010280609 seconds	0.0000000000 seconds
Iteration 63:	0.0008800030 seconds	0.0000000000 seconds
Iteration 63:	0.0008349419 seconds	0.0000000000 seconds
Iteration 64:	0.0010280609 seconds	0.0000000000 seconds
Iteration 64:	0.0010249615 seconds	0.0000000000 seconds
Iteration 64:	0.0010528564 seconds	0.0000000000 seconds
Iteration 64:	0.0010888577 seconds	0.0000000000 seconds
Iteration 64:	0.0010559559 seconds	0.0000000000 seconds
Iteration 65:	0.0007889271 seconds	0.0000000000 seconds
Iteration 65:	0.0007429123 seconds	0.0000000000 seconds
Iteration 65:	0.0007658005 seconds	0.0000000000 seconds
Iteration 65:	0.0008130074 seconds	0.0000000000 seconds
Iteration 65:	0.0008699894 seconds	0.0000000000 seconds
Iteration 66:	0.0010628700 seconds	0.0000000000 seconds
Iteration 66:	0.0010108948 seconds	0.0000000000 seconds
Iteration 66:	0.0009419918 seconds	0.0000000000 seconds
Iteration 66:	0.0009951591 seconds	0.0000000000 seconds
Iteration 66:	0.0009870529 seconds	0.0000000000 seconds
Iteration 67:	0.0007159710 seconds	0.0000000000 seconds
Iteration 67:	0.0007979870 seconds	0.0000000000 seconds
Iteration 67:	0.0007369518 seconds	0.0000000000 seconds
Iteration 67:	0.0008177757 seconds	0.0000000000 seconds
Iteration 67:	0.0007941723 seconds	0.0000000000 seconds
Iteration 68:	0.0009372234 seconds	0.0000000000 seconds
Iteration 68:	0.0009920597 seconds	0.0000000000 seconds
Iteration 68:	0.0009491444 seconds	0.0000000000 seconds
Iteration 68:	0.0009119511 seconds	0.0000000000 seconds
Iteration 68:	0.0009160042 seconds	0.0000000000 seconds
Iteration 69:	0.0008189678 seconds	0.0000011921 seconds
Iteration 69:	0.0007979870 seconds	0.0000000000 seconds
Iteration 69:	0.0008940697 seconds	0.0000000000 seconds
Iteration 69:	0.0008480549 seconds	0.0000000000 seconds
Iteration 69:	0.0008659363 seconds	0.0000000000 seconds
Iteration 70:	0.0009739399 seconds	0.0000000000 seconds
Iteration 70:	0.0010089874 seconds	0.0000000000 seconds
Iteration 70:	0.0009980202 seconds	0.0000000000 seconds
Iteration 70:	0.0009939671 seconds	0.0000000000 seconds
Iteration 70:	0.0009698868 seconds	0.0000000000 seconds
Iteration 71:	0.0007860661 seconds	0.0000000000 seconds
Iteration 71:	0.0008459091 seconds	0.0000000000 seconds
Iteration 71:	0.0008420944 seconds	0.0000000000 seconds
Iteration 71:	0.0008730888 seconds	0.0000000000 seconds
Iteration 71:	0.0008339882 seconds	0.0000000000 seconds
Iteration 72:	0.0008561611 seconds	0.0000000000 seconds
Iteration 72:	0.0009090900 seconds	0.0000000000 seconds
Iteration 72:	0.0011041164 seconds	0.0000000000 seconds
Iteration 72:	0.0011529922 seconds	0.0000000000 seconds
Iteration 72:	0.0011909008 seconds	0.0000000000 seconds
Iteration 73:	0.0007519722 seconds	0.0000000000 seconds
Iteration 73:	0.0007989407 seconds	0.0000000000 seconds
Iteration 73:	0.0010337830 seconds	0.0000000000 seconds
Iteration 73:	0.0009520054 seconds	0.0000000000 seconds
Iteration 73:	0.0010690689 seconds	0.0000000000 seconds
Iteration 74:	0.0008530617 seconds	0.0000000000 seconds
Iteration 74:	0.0008809566 seconds	0.0000000000 seconds
Iteration 74:	0.0009348392 seconds	0.0000000000 seconds
Iteration 74:	0.0010690689 seconds	0.0000000000 seconds
Iteration 74:	0.0010480881 seconds	0.0000000000 seconds
Iteration 75:	0.0006859303 seconds	0.0000000000 seconds
Iteration 75:	0.0009651184 seconds	0.0000000000 seconds
Iteration 75:	0.0008120537 seconds	0.0000000000 seconds
Iteration 75:	0.0009620190 seconds	0.0000000000 seconds
Iteration 75:	0.0009570122 seconds	0.0000011921 seconds
Iteration 76:	0.0009338856 seconds	0.0000000000 seconds
Iteration 76:	0.0009410381 seconds	0.0000000000 seconds
Iteration 76:	0.0010840893 seconds	0.0000000000 seconds
Iteration 76:	0.0011899471 seconds	0.0000000000 seconds
Iteration 76:	0.0010688305 seconds	0.0000000000 seconds
Iteration 77:	0.0008227825 seconds	0.0000000000 seconds
Iteration 77:	0.0008268356 seconds	0.0000000000 seconds
Iteration 77:	0.0008687973 seconds	0.0000000000 seconds
Iteration 77:	0.0009241104 seconds	0.0000000000 seconds
Iteration 77:	0.0008718967 seconds	0.0000000000 seconds
Iteration 78:	0.0008180141 seconds	0.0000000000 seconds
Iteration 78:	0.0007781982 seconds	0.0000000000 seconds
Iteration 78:	0.0009441376 seconds	0.0000000000 seconds
Iteration 78:	0.0009970665 seconds	0.0000000000 seconds
Iteration 78:	0.0009849072 seconds	0.0000000000 seconds
Iteration 79:	0.0008962154 seconds	0.0000000000 seconds
Iteration 79:	0.0009539127 seconds	0.0000000000 seconds
Iteration 79:	0.0008339882 seconds	0.0000000000 seconds
Iteration 79:	0.0007998943 seconds	0.0000000000 seconds
Iteration 79:	0.0008349419 seconds	0.0000000000 seconds
Iteration 80:	0.0009398460 seconds	0.0000000000 seconds
Iteration 80:	0.0010108948 seconds	0.0000000000 seconds
Iteration 80:	0.0010409355 seconds	0.0000000000 seconds
Iteration 80:	0.0009748936 seconds	0.0000000000 seconds
Iteration 80:	0.0009949207 seconds	0.0000000000 seconds
Iteration 81:	0.0007381439 seconds	0.0000000000 seconds
Iteration 81:	0.0008890629 seconds	0.0000000000 seconds
Iteration 81:	0.0008070469 seconds	0.0000000000 seconds
Iteration 81:	0.0008502007 seconds	0.0000000000 seconds
Iteration 81:	0.0008568764 seconds	0.0000000000 seconds
Iteration 82:	0.0010259151 seconds	0.0000000000 seconds
Iteration 82:	0.0009739399 seconds	0.0000000000 seconds
Iteration 82:	0.0009200573 seconds	0.0000000000 seconds
Iteration 82:	0.0011079311 seconds	0.0000000000 seconds
Iteration 82:	0.0010218620 seconds	0.0000000000 seconds
Iteration 83:	0.0008130074 seconds	0.0000000000 seconds
Iteration 83:	0.0007481575 seconds	0.0000000000 seconds
Iteration 83:	0.0008099079 seconds	0.0000000000 seconds
Iteration 83:	0.0008649826 seconds	0.0000000000 seconds
Iteration 83:	0.0008389950 seconds	0.0000000000 seconds
Iteration 84:	0.0008831024 seconds	0.0000000000 seconds
Iteration 84:	0.0009078979 seconds	0.0000000000 seconds
Iteration 84:	0.0009779930 seconds	0.0000000000 seconds
Iteration 84:	0.0009820461 seconds	0.0000000000 seconds
Iteration 84:	0.0009551048 seconds	0.0000000000 seconds
Iteration 85:	0.0007801056 seconds	0.0000000000 seconds
Iteration 85:	0.0007071495 seconds	0.0000000000 seconds
Iteration 85:	0.0007438660 seconds	0.0000000000 seconds
Iteration 85:	0.0008718967 seconds	0.0000000000 seconds
Iteration 85:	0.0008230209 seconds	0.0000000000 seconds
Iteration 86:	0.0009570122 seconds	0.0000000000 seconds
Iteration 86:	0.0008759499 seconds	0.0000009537 seconds
Iteration 86:	0.0008530617 seconds	0.0000000000 seconds
Iteration 86:	0.0009989738 seconds	0.0000000000 seconds
Iteration 86:	0.0010120869 seconds	0.0000000000 seconds
Iteration 87:	0.0009710789 seconds	0.0000009537 seconds
Iteration 87:	0.0009329319 seconds	0.0000000000 seconds
Iteration 87:	0.0009019375 seconds	0.0000000000 seconds
Iteration 87:	0.0009741783 seconds	0.0000000000 seconds
Iteration 87:	0.0009119511 seconds	0.0000000000 seconds
Iteration 88:	0.0009379387 seconds	0.0000000000 seconds
Iteration 88:	0.0009660721 seconds	0.0000000000 seconds
Iteration 88:	0.0009601116 seconds	0.0000009537 seconds
Iteration 88:	0.0009732246 seconds	0.0000009537 seconds
Iteration 88:	0.0009720325 seconds	0.0000000000 seconds
Iteration 89:	0.0008261204 seconds	0.0000000000 seconds
Iteration 89:	0.0007998943 seconds	0.0000000000 seconds
Iteration 89:	0.0007729530 seconds	0.0000000000 seconds
Iteration 89:	0.0008258820 seconds	0.0000000000 seconds
Iteration 89:	0.0008099079 seconds	0.0000000000 seconds
Iteration 90:	0.0009920597 seconds	0.0000009537 seconds
Iteration 90:	0.0009739399 seconds	0.0000000000 seconds
Iteration 90:	0.0010190010 seconds	0.0000000000 seconds
Iteration 90:	0.0011010170 seconds	0.0000000000 seconds
Iteration 90:	0.0011279583 seconds	0.0000000000 seconds
Iteration 91:	0.0006871223 seconds	0.0000000000 seconds
Iteration 91:	0.0007038116 seconds	0.0000000000 seconds
Iteration 91:	0.0009138584 seconds	0.0000000000 seconds
Iteration 91:	0.0009438992 seconds	0.0000000000 seconds
Iteration 91:	0.0008420944 seconds	0.0000000000 seconds
Iteration 92:	0.0008120537 seconds	0.0000000000 seconds
Iteration 92:	0.0008821487 seconds	0.0000000000 seconds
Iteration 92:	0.0010259151 seconds	0.0000000000 seconds
Iteration 92:	0.0009500980 seconds	0.0000000000 seconds
Iteration 92:	0.0010271072 seconds	0.0000000000 seconds
Iteration 93:	0.0008280277 seconds	0.0000000000 seconds
Iteration 93:	0.0007550716 seconds	0.0000000000 seconds
Iteration 93:	0.0008299351 seconds	0.0000000000 seconds
Iteration 93:	0.0008580685 seconds	0.0000000000 seconds
Iteration 93:	0.0008180141 seconds	0.0000000000 seconds
Iteration 94:	0.0009531975 seconds	0.0000000000 seconds
Iteration 94:	0.0009381771 seconds	0.0000000000 seconds
Iteration 94:	0.0009341240 seconds	0.0000000000 seconds
Iteration 94:	0.0009369850 seconds	0.0000009537 seconds
Iteration 94:	0.0009660721 seconds	0.0000000000 seconds
Iteration 95:	0.0008199215 seconds	0.0000000000 seconds
Iteration 95:	0.0008947849 seconds	0.0000011921 seconds
Iteration 95:	0.0010080338 seconds	0.0000000000 seconds
Iteration 95:	0.0008680820 seconds	0.0000000000 seconds
Iteration 95:	0.0009031296 seconds	0.0000000000 seconds
Iteration 96:	0.0009200573 seconds	0.0000009537 seconds
Iteration 96:	0.0009448528 seconds	0.0000000000 seconds
Iteration 96:	0.0009810925 seconds	0.0000000000 seconds
Iteration 96:	0.0010640621 seconds	0.0000000000 seconds
Iteration 96:	0.0011718273 seconds	0.0000000000 seconds
Iteration 97:	0.0008490086 seconds	0.0000000000 seconds
Iteration 97:	0.0009150505 seconds	0.0000000000 seconds
Iteration 97:	0.0009109974 seconds	0.0000000000 seconds
Iteration 97:	0.0009059906 seconds	0.0000000000 seconds
Iteration 97:	0.0009350777 seconds	0.0000000000 seconds
Iteration 98:	0.0010039806 seconds	0.0000000000 seconds
Iteration 98:	0.0011878014 seconds	0.0000000000 seconds
Iteration 98:	0.0011339188 seconds	0.0000000000 seconds
Iteration 98:	0.0011448860 seconds	0.0000000000 seconds
Iteration 98:	0.0011680126 seconds	0.0000000000 seconds
Iteration 99:	0.0009431839 seconds	0.0000009537 seconds
Iteration 99:	0.0008518696 seconds	0.0000000000 seconds
Iteration 99:	0.0008449554 seconds	0.0000000000 seconds
Iteration 99:	0.0010309219 seconds	0.0000000000 seconds
Iteration 99:	0.0008668900 seconds	0.0000000000 seconds
Total computation time was: 0.338587		Average frame time was: 0.003334		Average Particle interations per second were: 69115419.004802
