[ -1:000]                : Rank 0 is running on comet-11-60.sdsc.edu
[  0:001] init_pprintf   : My dest: 1	My source: 4	My_num_part: 192
Initalizing particles linear on 0 to 192
[ -1:000]                : Rank 4 is running on comet-18-19.sdsc.edu
[  4:001] init_pprintf   : My dest: 0	My source: 3	My_num_part: 192
Initalizing particles linear on 768 to 960
[ -1:000]                : Rank 1 is running on comet-11-64.sdsc.edu
[  1:001] init_pprintf   : My dest: 2	My source: 0	My_num_part: 192
Initalizing particles linear on 192 to 384
[ -1:000]                : Rank 3 is running on comet-15-28.sdsc.edu
[  3:001] init_pprintf   : My dest: 4	My source: 2	My_num_part: 192
Initalizing particles linear on 576 to 768
[ -1:000]                : Rank 2 is running on comet-11-67.sdsc.edu
[  2:001] init_pprintf   : My dest: 3	My source: 1	My_num_part: 192
Initalizing particles linear on 384 to 576
Iteration 0:	0.0963728428 seconds	0.0000000000 seconds
Iteration 0:	0.1051759720 seconds	0.0000000000 seconds
Iteration 0:	0.1532309055 seconds	0.0000000000 seconds
Iteration 0:	0.1334469318 seconds	0.0000000000 seconds
Iteration 0:	0.1299669743 seconds	0.0000000000 seconds
Iteration 1:	0.0837929249 seconds	0.0000009537 seconds
Iteration 1:	0.0837669373 seconds	0.0000000000 seconds
Iteration 1:	0.0850360394 seconds	0.0000000000 seconds
Iteration 1:	0.0680439472 seconds	0.0000000000 seconds
Iteration 1:	0.0679018497 seconds	0.0000000000 seconds
Iteration 2:	0.0151700974 seconds	0.0000000000 seconds
Iteration 2:	0.0058159828 seconds	0.0000000000 seconds
Iteration 2:	0.0215361118 seconds	0.0000000000 seconds
Iteration 2:	0.0047619343 seconds	0.0000000000 seconds
Iteration 2:	0.0048100948 seconds	0.0000000000 seconds
Iteration 3:	0.0015521049 seconds	0.0000009537 seconds
Iteration 3:	0.0015170574 seconds	0.0000000000 seconds
Iteration 3:	0.0015208721 seconds	0.0000011921 seconds
Iteration 3:	0.0017960072 seconds	0.0000000000 seconds
Iteration 3:	0.0014917850 seconds	0.0000000000 seconds
Iteration 4:	0.0014090538 seconds	0.0000000000 seconds
Iteration 4:	0.0014381409 seconds	0.0000000000 seconds
Iteration 4:	0.0014281273 seconds	0.0000000000 seconds
Iteration 4:	0.0015189648 seconds	0.0000000000 seconds
Iteration 4:	0.0015208721 seconds	0.0000000000 seconds
Iteration 5:	0.0015699863 seconds	0.0000000000 seconds
Iteration 5:	0.0017669201 seconds	0.0000000000 seconds
Iteration 5:	0.0016651154 seconds	0.0000000000 seconds
Iteration 5:	0.0017259121 seconds	0.0000000000 seconds
Iteration 5:	0.0018229485 seconds	0.0000000000 seconds
Iteration 6:	0.0013961792 seconds	0.0000000000 seconds
Iteration 6:	0.0015361309 seconds	0.0000000000 seconds
Iteration 6:	0.0016949177 seconds	0.0000000000 seconds
Iteration 6:	0.0018019676 seconds	0.0000000000 seconds
Iteration 6:	0.0016171932 seconds	0.0000000000 seconds
Iteration 7:	0.0015881062 seconds	0.0000000000 seconds
Iteration 7:	0.0015261173 seconds	0.0000000000 seconds
Iteration 7:	0.0015399456 seconds	0.0000000000 seconds
Iteration 7:	0.0016911030 seconds	0.0000000000 seconds
Iteration 7:	0.0015819073 seconds	0.0000000000 seconds
Iteration 8:	0.0014481544 seconds	0.0000000000 seconds
Iteration 8:	0.0014588833 seconds	0.0000000000 seconds
Iteration 8:	0.0014331341 seconds	0.0000000000 seconds
Iteration 8:	0.0014090538 seconds	0.0000009537 seconds
Iteration 8:	0.0014820099 seconds	0.0000000000 seconds
Iteration 9:	0.0015208721 seconds	0.0000000000 seconds
Iteration 9:	0.0015790462 seconds	0.0000011921 seconds
Iteration 9:	0.0015242100 seconds	0.0000000000 seconds
Iteration 9:	0.0016038418 seconds	0.0000000000 seconds
Iteration 9:	0.0015530586 seconds	0.0000000000 seconds
Iteration 10:	0.0014820099 seconds	0.0000000000 seconds
Iteration 10:	0.0014050007 seconds	0.0000000000 seconds
Iteration 10:	0.0014750957 seconds	0.0000000000 seconds
Iteration 10:	0.0015110970 seconds	0.0000000000 seconds
Iteration 10:	0.0015060902 seconds	0.0000000000 seconds
Iteration 11:	0.0016298294 seconds	0.0000011921 seconds
Iteration 11:	0.0016219616 seconds	0.0000000000 seconds
Iteration 11:	0.0016930103 seconds	0.0000000000 seconds
Iteration 11:	0.0018119812 seconds	0.0000000000 seconds
Iteration 11:	0.0019159317 seconds	0.0000000000 seconds
Iteration 12:	0.0018022060 seconds	0.0000000000 seconds
Iteration 12:	0.0015380383 seconds	0.0000000000 seconds
Iteration 12:	0.0014691353 seconds	0.0000000000 seconds
Iteration 12:	0.0017449856 seconds	0.0000000000 seconds
Iteration 12:	0.0014750957 seconds	0.0000000000 seconds
Iteration 13:	0.0015790462 seconds	0.0000000000 seconds
Iteration 13:	0.0015568733 seconds	0.0000000000 seconds
Iteration 13:	0.0016138554 seconds	0.0000000000 seconds
Iteration 13:	0.0015299320 seconds	0.0000000000 seconds
Iteration 13:	0.0015940666 seconds	0.0000000000 seconds
Iteration 14:	0.0015270710 seconds	0.0000000000 seconds
Iteration 14:	0.0014870167 seconds	0.0000000000 seconds
Iteration 14:	0.0014660358 seconds	0.0000000000 seconds
Iteration 14:	0.0014820099 seconds	0.0000000000 seconds
Iteration 14:	0.0014860630 seconds	0.0000000000 seconds
Iteration 15:	0.0015630722 seconds	0.0000009537 seconds
Iteration 15:	0.0014879704 seconds	0.0000000000 seconds
Iteration 15:	0.0015521049 seconds	0.0000000000 seconds
Iteration 15:	0.0015640259 seconds	0.0000000000 seconds
Iteration 15:	0.0015900135 seconds	0.0000000000 seconds
Iteration 16:	0.0014898777 seconds	0.0000000000 seconds
Iteration 16:	0.0014729500 seconds	0.0000000000 seconds
Iteration 16:	0.0016949177 seconds	0.0000000000 seconds
Iteration 16:	0.0016510487 seconds	0.0000000000 seconds
Iteration 16:	0.0017051697 seconds	0.0000000000 seconds
Iteration 17:	0.0017929077 seconds	0.0000000000 seconds
Iteration 17:	0.0017671585 seconds	0.0000000000 seconds
Iteration 17:	0.0018100739 seconds	0.0000000000 seconds
Iteration 17:	0.0017080307 seconds	0.0000000000 seconds
Iteration 17:	0.0017220974 seconds	0.0000000000 seconds
Iteration 18:	0.0014419556 seconds	0.0000009537 seconds
Iteration 18:	0.0014209747 seconds	0.0000000000 seconds
Iteration 18:	0.0014729500 seconds	0.0000000000 seconds
Iteration 18:	0.0015351772 seconds	0.0000000000 seconds
Iteration 18:	0.0015611649 seconds	0.0000000000 seconds
Iteration 19:	0.0016670227 seconds	0.0000000000 seconds
Iteration 19:	0.0017161369 seconds	0.0000000000 seconds
Iteration 19:	0.0017359257 seconds	0.0000000000 seconds
Iteration 19:	0.0016920567 seconds	0.0000000000 seconds
Iteration 19:	0.0016841888 seconds	0.0000000000 seconds
Iteration 20:	0.0016119480 seconds	0.0000000000 seconds
Iteration 20:	0.0014848709 seconds	0.0000000000 seconds
Iteration 20:	0.0014119148 seconds	0.0000000000 seconds
Iteration 20:	0.0013668537 seconds	0.0000000000 seconds
Iteration 20:	0.0014491081 seconds	0.0000000000 seconds
Iteration 21:	0.0015220642 seconds	0.0000000000 seconds
Iteration 21:	0.0016889572 seconds	0.0000009537 seconds
Iteration 21:	0.0016529560 seconds	0.0000000000 seconds
Iteration 21:	0.0017459393 seconds	0.0000000000 seconds
Iteration 21:	0.0016751289 seconds	0.0000000000 seconds
Iteration 22:	0.0015239716 seconds	0.0000000000 seconds
Iteration 22:	0.0014657974 seconds	0.0000000000 seconds
Iteration 22:	0.0016911030 seconds	0.0000000000 seconds
Iteration 22:	0.0015680790 seconds	0.0000000000 seconds
Iteration 22:	0.0015139580 seconds	0.0000000000 seconds
Iteration 23:	0.0016241074 seconds	0.0000000000 seconds
Iteration 23:	0.0016739368 seconds	0.0000000000 seconds
Iteration 23:	0.0018200874 seconds	0.0000000000 seconds
Iteration 23:	0.0017979145 seconds	0.0000000000 seconds
Iteration 23:	0.0017428398 seconds	0.0000000000 seconds
Iteration 24:	0.0014421940 seconds	0.0000000000 seconds
Iteration 24:	0.0014710426 seconds	0.0000000000 seconds
Iteration 24:	0.0016479492 seconds	0.0000000000 seconds
Iteration 24:	0.0016520023 seconds	0.0000000000 seconds
Iteration 24:	0.0016999245 seconds	0.0000000000 seconds
Iteration 25:	0.0017828941 seconds	0.0000000000 seconds
Iteration 25:	0.0016741753 seconds	0.0000000000 seconds
Iteration 25:	0.0018541813 seconds	0.0000000000 seconds
Iteration 25:	0.0017039776 seconds	0.0000000000 seconds
Iteration 25:	0.0016639233 seconds	0.0000000000 seconds
Iteration 26:	0.0014660358 seconds	0.0000000000 seconds
Iteration 26:	0.0017170906 seconds	0.0000000000 seconds
Iteration 26:	0.0014941692 seconds	0.0000000000 seconds
Iteration 26:	0.0015969276 seconds	0.0000000000 seconds
Iteration 26:	0.0015327930 seconds	0.0000000000 seconds
Iteration 27:	0.0016520023 seconds	0.0000009537 seconds
Iteration 27:	0.0016231537 seconds	0.0000000000 seconds
Iteration 27:	0.0016179085 seconds	0.0000000000 seconds
Iteration 27:	0.0016608238 seconds	0.0000000000 seconds
Iteration 27:	0.0015809536 seconds	0.0000000000 seconds
Iteration 28:	0.0015780926 seconds	0.0000000000 seconds
Iteration 28:	0.0015659332 seconds	0.0000000000 seconds
Iteration 28:	0.0015618801 seconds	0.0000000000 seconds
Iteration 28:	0.0016150475 seconds	0.0000009537 seconds
Iteration 28:	0.0017011166 seconds	0.0000000000 seconds
Iteration 29:	0.0016667843 seconds	0.0000000000 seconds
Iteration 29:	0.0017759800 seconds	0.0000000000 seconds
Iteration 29:	0.0016691685 seconds	0.0000000000 seconds
Iteration 29:	0.0016620159 seconds	0.0000000000 seconds
Iteration 29:	0.0016942024 seconds	0.0000000000 seconds
Iteration 30:	0.0014600754 seconds	0.0000009537 seconds
Iteration 30:	0.0015139580 seconds	0.0000000000 seconds
Iteration 30:	0.0017759800 seconds	0.0000000000 seconds
Iteration 30:	0.0016829967 seconds	0.0000000000 seconds
Iteration 30:	0.0017099380 seconds	0.0000000000 seconds
Iteration 31:	0.0016968250 seconds	0.0000000000 seconds
Iteration 31:	0.0017251968 seconds	0.0000000000 seconds
Iteration 31:	0.0021090508 seconds	0.0000000000 seconds
Iteration 31:	0.0020971298 seconds	0.0000000000 seconds
Iteration 31:	0.0022511482 seconds	0.0000000000 seconds
Iteration 32:	0.0019009113 seconds	0.0000000000 seconds
Iteration 32:	0.0017149448 seconds	0.0000000000 seconds
Iteration 32:	0.0013899803 seconds	0.0000000000 seconds
Iteration 32:	0.0014708042 seconds	0.0000000000 seconds
Iteration 32:	0.0014550686 seconds	0.0000000000 seconds
Iteration 33:	0.0015261173 seconds	0.0000000000 seconds
Iteration 33:	0.0016980171 seconds	0.0000000000 seconds
Iteration 33:	0.0017430782 seconds	0.0000000000 seconds
Iteration 33:	0.0019240379 seconds	0.0000000000 seconds
Iteration 33:	0.0018899441 seconds	0.0000000000 seconds
Iteration 34:	0.0014278889 seconds	0.0000000000 seconds
Iteration 34:	0.0018501282 seconds	0.0000000000 seconds
Iteration 34:	0.0015280247 seconds	0.0000000000 seconds
Iteration 34:	0.0017619133 seconds	0.0000000000 seconds
Iteration 34:	0.0017149448 seconds	0.0000000000 seconds
Iteration 35:	0.0017158985 seconds	0.0000000000 seconds
Iteration 35:	0.0017931461 seconds	0.0000000000 seconds
Iteration 35:	0.0018219948 seconds	0.0000000000 seconds
Iteration 35:	0.0015959740 seconds	0.0000000000 seconds
Iteration 35:	0.0016558170 seconds	0.0000000000 seconds
Iteration 36:	0.0014460087 seconds	0.0000000000 seconds
Iteration 36:	0.0015299320 seconds	0.0000000000 seconds
Iteration 36:	0.0015459061 seconds	0.0000000000 seconds
Iteration 36:	0.0015609264 seconds	0.0000000000 seconds
Iteration 36:	0.0015079975 seconds	0.0000000000 seconds
Iteration 37:	0.0016269684 seconds	0.0000000000 seconds
Iteration 37:	0.0016229153 seconds	0.0000000000 seconds
Iteration 37:	0.0016250610 seconds	0.0000000000 seconds
Iteration 37:	0.0017569065 seconds	0.0000009537 seconds
Iteration 37:	0.0017759800 seconds	0.0000000000 seconds
Iteration 38:	0.0017459393 seconds	0.0000000000 seconds
Iteration 38:	0.0016989708 seconds	0.0000000000 seconds
Iteration 38:	0.0016748905 seconds	0.0000000000 seconds
Iteration 38:	0.0015799999 seconds	0.0000000000 seconds
Iteration 38:	0.0015687943 seconds	0.0000000000 seconds
Iteration 39:	0.0018558502 seconds	0.0000000000 seconds
Iteration 39:	0.0018529892 seconds	0.0000000000 seconds
Iteration 39:	0.0018751621 seconds	0.0000000000 seconds
Iteration 39:	0.0018079281 seconds	0.0000000000 seconds
Iteration 39:	0.0017969608 seconds	0.0000000000 seconds
Iteration 40:	0.0015540123 seconds	0.0000000000 seconds
Iteration 40:	0.0015840530 seconds	0.0000009537 seconds
Iteration 40:	0.0016009808 seconds	0.0000000000 seconds
Iteration 40:	0.0015890598 seconds	0.0000000000 seconds
Iteration 40:	0.0015859604 seconds	0.0000000000 seconds
Iteration 41:	0.0017321110 seconds	0.0000000000 seconds
Iteration 41:	0.0016751289 seconds	0.0000000000 seconds
Iteration 41:	0.0017688274 seconds	0.0000000000 seconds
Iteration 41:	0.0018029213 seconds	0.0000000000 seconds
Iteration 41:	0.0018942356 seconds	0.0000000000 seconds
Iteration 42:	0.0016498566 seconds	0.0000000000 seconds
Iteration 42:	0.0015509129 seconds	0.0000000000 seconds
Iteration 42:	0.0018970966 seconds	0.0000000000 seconds
Iteration 42:	0.0017540455 seconds	0.0000000000 seconds
Iteration 42:	0.0016360283 seconds	0.0000000000 seconds
Iteration 43:	0.0016050339 seconds	0.0000000000 seconds
Iteration 43:	0.0016310215 seconds	0.0000000000 seconds
Iteration 43:	0.0017180443 seconds	0.0000000000 seconds
Iteration 43:	0.0019128323 seconds	0.0000000000 seconds
Iteration 43:	0.0018510818 seconds	0.0000000000 seconds
Iteration 44:	0.0015480518 seconds	0.0000000000 seconds
Iteration 44:	0.0014131069 seconds	0.0000000000 seconds
Iteration 44:	0.0014350414 seconds	0.0000000000 seconds
Iteration 44:	0.0016300678 seconds	0.0000000000 seconds
Iteration 44:	0.0015580654 seconds	0.0000000000 seconds
Iteration 45:	0.0016629696 seconds	0.0000000000 seconds
Iteration 45:	0.0016651154 seconds	0.0000009537 seconds
Iteration 45:	0.0018429756 seconds	0.0000000000 seconds
Iteration 45:	0.0017669201 seconds	0.0000009537 seconds
Iteration 45:	0.0017418861 seconds	0.0000000000 seconds
Iteration 46:	0.0015799999 seconds	0.0000000000 seconds
Iteration 46:	0.0015809536 seconds	0.0000000000 seconds
Iteration 46:	0.0016579628 seconds	0.0000000000 seconds
Iteration 46:	0.0016429424 seconds	0.0000000000 seconds
Iteration 46:	0.0016188622 seconds	0.0000011921 seconds
Iteration 47:	0.0015978813 seconds	0.0000000000 seconds
Iteration 47:	0.0018548965 seconds	0.0000000000 seconds
Iteration 47:	0.0017812252 seconds	0.0000000000 seconds
Iteration 47:	0.0019659996 seconds	0.0000000000 seconds
Iteration 47:	0.0017991066 seconds	0.0000000000 seconds
Iteration 48:	0.0014719963 seconds	0.0000000000 seconds
Iteration 48:	0.0018308163 seconds	0.0000000000 seconds
Iteration 48:	0.0015048981 seconds	0.0000000000 seconds
Iteration 48:	0.0015828609 seconds	0.0000000000 seconds
Iteration 48:	0.0014688969 seconds	0.0000011921 seconds
Iteration 49:	0.0014951229 seconds	0.0000000000 seconds
Iteration 49:	0.0015571117 seconds	0.0000000000 seconds
Iteration 49:	0.0016000271 seconds	0.0000009537 seconds
Iteration 49:	0.0016858578 seconds	0.0000000000 seconds
Iteration 49:	0.0016620159 seconds	0.0000000000 seconds
Iteration 50:	0.0014638901 seconds	0.0000000000 seconds
Iteration 50:	0.0015759468 seconds	0.0000000000 seconds
Iteration 50:	0.0017180443 seconds	0.0000000000 seconds
Iteration 50:	0.0017461777 seconds	0.0000000000 seconds
Iteration 50:	0.0017800331 seconds	0.0000000000 seconds
Iteration 51:	0.0016150475 seconds	0.0000000000 seconds
Iteration 51:	0.0018827915 seconds	0.0000000000 seconds
Iteration 51:	0.0016739368 seconds	0.0000000000 seconds
Iteration 51:	0.0019769669 seconds	0.0000000000 seconds
Iteration 51:	0.0018868446 seconds	0.0000009537 seconds
Iteration 52:	0.0016341209 seconds	0.0000000000 seconds
Iteration 52:	0.0015919209 seconds	0.0000000000 seconds
Iteration 52:	0.0016272068 seconds	0.0000000000 seconds
Iteration 52:	0.0015799999 seconds	0.0000000000 seconds
Iteration 52:	0.0015780926 seconds	0.0000000000 seconds
Iteration 53:	0.0016350746 seconds	0.0000000000 seconds
Iteration 53:	0.0016791821 seconds	0.0000000000 seconds
Iteration 53:	0.0017309189 seconds	0.0000000000 seconds
Iteration 53:	0.0016651154 seconds	0.0000000000 seconds
Iteration 53:	0.0016908646 seconds	0.0000000000 seconds
Iteration 54:	0.0014829636 seconds	0.0000000000 seconds
Iteration 54:	0.0016689301 seconds	0.0000000000 seconds
Iteration 54:	0.0015940666 seconds	0.0000000000 seconds
Iteration 54:	0.0016541481 seconds	0.0000000000 seconds
Iteration 54:	0.0016720295 seconds	0.0000000000 seconds
Iteration 55:	0.0016670227 seconds	0.0000000000 seconds
Iteration 55:	0.0016181469 seconds	0.0000000000 seconds
Iteration 55:	0.0016009808 seconds	0.0000000000 seconds
Iteration 55:	0.0017900467 seconds	0.0000000000 seconds
Iteration 55:	0.0018699169 seconds	0.0000000000 seconds
Iteration 56:	0.0016820431 seconds	0.0000000000 seconds
Iteration 56:	0.0016381741 seconds	0.0000000000 seconds
Iteration 56:	0.0015480518 seconds	0.0000000000 seconds
Iteration 56:	0.0016410351 seconds	0.0000000000 seconds
Iteration 56:	0.0015389919 seconds	0.0000000000 seconds
Iteration 57:	0.0016829967 seconds	0.0000000000 seconds
Iteration 57:	0.0015270710 seconds	0.0000000000 seconds
Iteration 57:	0.0016548634 seconds	0.0000000000 seconds
Iteration 57:	0.0016191006 seconds	0.0000000000 seconds
Iteration 57:	0.0016598701 seconds	0.0000000000 seconds
Iteration 58:	0.0015809536 seconds	0.0000000000 seconds
Iteration 58:	0.0016040802 seconds	0.0000000000 seconds
Iteration 58:	0.0015959740 seconds	0.0000000000 seconds
Iteration 58:	0.0016441345 seconds	0.0000000000 seconds
Iteration 58:	0.0016481876 seconds	0.0000000000 seconds
Iteration 59:	0.0016999245 seconds	0.0000000000 seconds
Iteration 59:	0.0017330647 seconds	0.0000000000 seconds
Iteration 59:	0.0019011497 seconds	0.0000000000 seconds
Total computation time was: 0.340531		Average frame time was: 0.005651		Average Particle interations per second were: 163089701.765711
Iteration 59:	0.0017240047 seconds	0.0000000000 seconds
Iteration 59:	0.0017509460 seconds	0.0000000000 seconds
