[ -1:000]                : Rank 0 is running on comet-11-67.sdsc.edu
[ -1:000]                : Rank 1 is running on comet-11-67.sdsc.edu
[  1:001] init_pprintf   : My dest: 0	My source: 0	My_num_part: 480
[  0:001] init_pprintf   : My dest: 1	My source: 1	My_num_part: 480
Initalizing particles linear on 0 to 480
Initalizing particles linear on 480 to 960
Iteration 0:	0.0065491199 seconds	0.0000000000 seconds
Iteration 0:	0.0066621304 seconds	0.0000000000 seconds
Iteration 1:	0.0011520386 seconds	0.0000000000 seconds
Iteration 1:	0.0011188984 seconds	0.0000000000 seconds
Iteration 2:	0.0012369156 seconds	0.0000000000 seconds
Iteration 2:	0.0012037754 seconds	0.0000000000 seconds
Iteration 3:	0.0011231899 seconds	0.0000000000 seconds
Iteration 3:	0.0010991096 seconds	0.0000000000 seconds
Iteration 4:	0.0012209415 seconds	0.0000000000 seconds
Iteration 4:	0.0011970997 seconds	0.0000000000 seconds
Iteration 5:	0.0011239052 seconds	0.0000000000 seconds
Iteration 5:	0.0011019707 seconds	0.0000000000 seconds
Iteration 6:	0.0012209415 seconds	0.0000000000 seconds
Iteration 6:	0.0011959076 seconds	0.0000000000 seconds
Iteration 7:	0.0011270046 seconds	0.0000000000 seconds
Iteration 7:	0.0011050701 seconds	0.0000000000 seconds
Iteration 8:	0.0012040138 seconds	0.0000000000 seconds
Iteration 8:	0.0011830330 seconds	0.0000000000 seconds
Iteration 9:	0.0011188984 seconds	0.0000000000 seconds
Iteration 9:	0.0010969639 seconds	0.0000000000 seconds
Iteration 10:	0.0012090206 seconds	0.0000000000 seconds
Iteration 10:	0.0011889935 seconds	0.0000000000 seconds
Iteration 11:	0.0011508465 seconds	0.0000000000 seconds
Iteration 11:	0.0011289120 seconds	0.0000000000 seconds
Iteration 12:	0.0012011528 seconds	0.0000000000 seconds
Iteration 12:	0.0011770725 seconds	0.0000000000 seconds
Iteration 13:	0.0011281967 seconds	0.0000000000 seconds
Iteration 13:	0.0011060238 seconds	0.0000000000 seconds
Iteration 14:	0.0012090206 seconds	0.0000000000 seconds
Iteration 14:	0.0011868477 seconds	0.0000000000 seconds
Iteration 15:	0.0011329651 seconds	0.0000000000 seconds
Iteration 15:	0.0011098385 seconds	0.0000011921 seconds
Iteration 16:	0.0011970997 seconds	0.0000000000 seconds
Iteration 16:	0.0011761189 seconds	0.0000000000 seconds
Iteration 17:	0.0011298656 seconds	0.0000000000 seconds
Iteration 17:	0.0011079311 seconds	0.0000000000 seconds
Iteration 18:	0.0012071133 seconds	0.0000000000 seconds
Iteration 18:	0.0011830330 seconds	0.0000000000 seconds
Iteration 19:	0.0011379719 seconds	0.0000000000 seconds
Iteration 19:	0.0011157990 seconds	0.0000000000 seconds
Iteration 20:	0.0012149811 seconds	0.0000000000 seconds
Iteration 20:	0.0011940002 seconds	0.0000000000 seconds
Iteration 21:	0.0011320114 seconds	0.0000000000 seconds
Iteration 21:	0.0011079311 seconds	0.0000000000 seconds
Iteration 22:	0.0011940002 seconds	0.0000009537 seconds
Iteration 22:	0.0012171268 seconds	0.0000000000 seconds
Iteration 23:	0.0011281967 seconds	0.0000000000 seconds
Iteration 23:	0.0011060238 seconds	0.0000000000 seconds
Iteration 24:	0.0012180805 seconds	0.0000000000 seconds
Iteration 24:	0.0011949539 seconds	0.0000000000 seconds
Iteration 25:	0.0011260509 seconds	0.0000000000 seconds
Iteration 25:	0.0011031628 seconds	0.0000000000 seconds
Iteration 26:	0.0012118816 seconds	0.0000000000 seconds
Iteration 26:	0.0011889935 seconds	0.0000000000 seconds
Iteration 27:	0.0011260509 seconds	0.0000000000 seconds
Iteration 27:	0.0011050701 seconds	0.0000000000 seconds
Iteration 28:	0.0012128353 seconds	0.0000000000 seconds
Iteration 28:	0.0011909008 seconds	0.0000000000 seconds
Iteration 29:	0.0011310577 seconds	0.0000000000 seconds
Iteration 29:	0.0011079311 seconds	0.0000000000 seconds
Iteration 30:	0.0012009144 seconds	0.0000000000 seconds
Iteration 30:	0.0011770725 seconds	0.0000000000 seconds
Iteration 31:	0.0011401176 seconds	0.0000000000 seconds
Iteration 31:	0.0011191368 seconds	0.0000000000 seconds
Iteration 32:	0.0012118816 seconds	0.0000000000 seconds
Iteration 32:	0.0011889935 seconds	0.0000000000 seconds
Iteration 33:	0.0011389256 seconds	0.0000000000 seconds
Iteration 33:	0.0011148453 seconds	0.0000000000 seconds
Iteration 34:	0.0012068748 seconds	0.0000000000 seconds
Iteration 34:	0.0011827946 seconds	0.0000000000 seconds
Iteration 35:	0.0011310577 seconds	0.0000000000 seconds
Iteration 35:	0.0011069775 seconds	0.0000000000 seconds
Iteration 36:	0.0012071133 seconds	0.0000000000 seconds
Iteration 36:	0.0011842251 seconds	0.0000000000 seconds
Iteration 37:	0.0011200905 seconds	0.0000009537 seconds
Iteration 37:	0.0011000633 seconds	0.0000000000 seconds
Iteration 38:	0.0012171268 seconds	0.0000000000 seconds
Iteration 38:	0.0011940002 seconds	0.0000000000 seconds
Iteration 39:	0.0011417866 seconds	0.0000000000 seconds
Iteration 39:	0.0011188984 seconds	0.0000000000 seconds
Iteration 40:	0.0012011528 seconds	0.0000000000 seconds
Iteration 40:	0.0011792183 seconds	0.0000000000 seconds
Iteration 41:	0.0011317730 seconds	0.0000000000 seconds
Iteration 41:	0.0011107922 seconds	0.0000000000 seconds
Iteration 42:	0.0012061596 seconds	0.0000000000 seconds
Iteration 42:	0.0011839867 seconds	0.0000000000 seconds
Iteration 43:	0.0011410713 seconds	0.0000000000 seconds
Iteration 43:	0.0011188984 seconds	0.0000000000 seconds
Iteration 44:	0.0012369156 seconds	0.0000009537 seconds
Iteration 44:	0.0012149811 seconds	0.0000000000 seconds
Iteration 45:	0.0011341572 seconds	0.0000000000 seconds
Iteration 45:	0.0011131763 seconds	0.0000000000 seconds
Iteration 46:	0.0011851788 seconds	0.0000000000 seconds
Iteration 46:	0.0011620522 seconds	0.0000000000 seconds
Iteration 47:	0.0011379719 seconds	0.0000000000 seconds
Iteration 47:	0.0011160374 seconds	0.0000000000 seconds
Iteration 48:	0.0012140274 seconds	0.0000000000 seconds
Iteration 48:	0.0011880398 seconds	0.0000000000 seconds
Iteration 49:	0.0011351109 seconds	0.0000000000 seconds
Iteration 49:	0.0011150837 seconds	0.0000000000 seconds
Iteration 50:	0.0012140274 seconds	0.0000000000 seconds
Iteration 50:	0.0011911392 seconds	0.0000000000 seconds
Iteration 51:	0.0011460781 seconds	0.0000000000 seconds
Iteration 51:	0.0011248589 seconds	0.0000000000 seconds
Iteration 52:	0.0011990070 seconds	0.0000000000 seconds
Iteration 52:	0.0011770725 seconds	0.0000000000 seconds
Iteration 53:	0.0011370182 seconds	0.0000000000 seconds
Iteration 53:	0.0011131763 seconds	0.0000000000 seconds
Iteration 54:	0.0012028217 seconds	0.0000000000 seconds
Iteration 54:	0.0011818409 seconds	0.0000000000 seconds
Iteration 55:	0.0011129379 seconds	0.0000000000 seconds
Iteration 55:	0.0010907650 seconds	0.0000000000 seconds
Iteration 56:	0.0012011528 seconds	0.0000000000 seconds
Iteration 56:	0.0011789799 seconds	0.0000000000 seconds
Iteration 57:	0.0011219978 seconds	0.0000000000 seconds
Iteration 57:	0.0011010170 seconds	0.0000000000 seconds
Iteration 58:	0.0012059212 seconds	0.0000000000 seconds
Iteration 58:	0.0011839867 seconds	0.0000000000 seconds
Iteration 59:	0.0011308193 seconds	0.0000000000 seconds
Iteration 59:	0.0011098385 seconds	0.0000000000 seconds
Total computation time was: 0.076006		Average frame time was: 0.001251		Average Particle interations per second were: 736811079.679642
