[ -1:000]                : Rank 15 is running on comet-11-60.sdsc.edu
[ 15:001] init_pprintf   : My dest: 16	My source: 14	My_num_part: 40
[ -1:000]                : Rank 22 is running on comet-11-60.sdsc.edu
[ 22:001] init_pprintf   : My dest: 23	My source: 21	My_num_part: 40
[ -1:000]                : Rank 14 is running on comet-11-60.sdsc.edu
[ -1:000]                : Rank 16 is running on comet-11-60.sdsc.edu
[ 16:001] init_pprintf   : My dest: 17	My source: 15	My_num_part: 40
[ -1:000]                : Rank 8 is running on comet-11-60.sdsc.edu
[ -1:000]                : Rank 4 is running on comet-11-60.sdsc.edu
[ -1:000]                : Rank 6 is running on comet-11-60.sdsc.edu
[ -1:000]                : Rank 1 is running on comet-11-60.sdsc.edu
[ -1:000]                : Rank 0 is running on comet-11-60.sdsc.edu
[ -1:000]                : Rank 19 is running on comet-11-60.sdsc.edu
[  8:001] init_pprintf   : My dest: 9	My source: 7	My_num_part: 40
[  4:001] init_pprintf   : My dest: 5	My source: 3	My_num_part: 40
[ -1:000]                : Rank 21 is running on comet-11-60.sdsc.edu
[  6:001] init_pprintf   : My dest: 7	My source: 5	My_num_part: 40
[  1:001] init_pprintf   : My dest: 2	My source: 0	My_num_part: 40
[ -1:000]                : Rank 20 is running on comet-11-60.sdsc.edu
[ -1:000]                : Rank 17 is running on comet-11-60.sdsc.edu
[  0:001] init_pprintf   : My dest: 1	My source: 23	My_num_part: 40
[ 19:001] init_pprintf   : My dest: 20	My source: 18	My_num_part: 40
[ 21:001] init_pprintf   : My dest: 22	My source: 20	My_num_part: 40
[ 20:001] init_pprintf   : My dest: 21	My source: 19	My_num_part: 40
[ 17:001] init_pprintf   : My dest: 18	My source: 16	My_num_part: 40
[ -1:000]                : Rank 10 is running on comet-11-60.sdsc.edu
[ 10:001] init_pprintf   : My dest: 11	My source: 9	My_num_part: 40
[ -1:000]                : Rank 23 is running on comet-11-60.sdsc.edu
[ -1:000]                : Rank 12 is running on comet-11-60.sdsc.edu
[ -1:000]                : Rank 11 is running on comet-11-60.sdsc.edu
[ 23:001] init_pprintf   : My dest: 0	My source: 22	My_num_part: 40
[ -1:000]                : Rank 3 is running on comet-11-60.sdsc.edu
[ -1:000]                : Rank 7 is running on comet-11-60.sdsc.edu
[ 12:001] init_pprintf   : My dest: 13	My source: 11	My_num_part: 40
[ 11:001] init_pprintf   : My dest: 12	My source: 10	My_num_part: 40
[ -1:000]                : Rank 2 is running on comet-11-60.sdsc.edu
[ -1:000]                : Rank 5 is running on comet-11-60.sdsc.edu
[  7:001] init_pprintf   : My dest: 8	My source: 6	My_num_part: 40
[  3:001] init_pprintf   : My dest: 4	My source: 2	My_num_part: 40
[ -1:000]                : Rank 18 is running on comet-11-60.sdsc.edu
[  2:001] init_pprintf   : My dest: 3	My source: 1	My_num_part: 40
[  5:001] init_pprintf   : My dest: 6	My source: 4	My_num_part: 40
[ -1:000]                : Rank 9 is running on comet-11-60.sdsc.edu
[ 18:001] init_pprintf   : My dest: 19	My source: 17	My_num_part: 40
[  9:001] init_pprintf   : My dest: 10	My source: 8	My_num_part: 40
[ 14:001] init_pprintf   : My dest: 15	My source: 13	My_num_part: 40
Initalizing particles linear on 880 to 920
Initalizing particles linear on 600 to 640
[ -1:000]                : Rank 13 is running on comet-11-60.sdsc.edu
[ 13:001] init_pprintf   : My dest: 14	My source: 12	My_num_part: 40
Initalizing particles linear on 640 to 680
Initalizing particles linear on 240 to 280
Initalizing particles linear on 800 to 840
Initalizing particles linear on 0 to 40
Initalizing particles linear on 680 to 720
Initalizing particles linear on 40 to 80
Initalizing particles linear on 160 to 200
Initalizing particles linear on 760 to 800
Initalizing particles linear on 840 to 880
Initalizing particles linear on 120 to 160
Initalizing particles linear on 280 to 320
Initalizing particles linear on 400 to 440
Initalizing particles linear on 440 to 480
Initalizing particles linear on 480 to 520
Initalizing particles linear on 200 to 240
Initalizing particles linear on 360 to 400
Initalizing particles linear on 320 to 360
Initalizing particles linear on 720 to 760
Initalizing particles linear on 920 to 960
Initalizing particles linear on 80 to 120
Initalizing particles linear on 560 to 600
Initalizing particles linear on 520 to 560
Iteration 0:	0.0008687973 seconds	0.0000000000 seconds
Iteration 0:	0.0008730888 seconds	0.0000000000 seconds
Iteration 0:	0.0007901192 seconds	0.0000009537 seconds
Iteration 0:	0.0009589195 seconds	0.0000009537 seconds
Iteration 0:	0.0008637905 seconds	0.0000000000 seconds
Iteration 0:	0.0008680820 seconds	0.0000000000 seconds
Iteration 0:	0.0005810261 seconds	0.0000000000 seconds
Iteration 0:	0.0008440018 seconds	0.0000000000 seconds
Iteration 0:	0.0008618832 seconds	0.0000000000 seconds
Iteration 0:	0.0008680820 seconds	0.0000000000 seconds
Iteration 0:	0.0009121895 seconds	0.0000000000 seconds
Iteration 0:	0.0008478165 seconds	0.0000000000 seconds
Iteration 0:	0.0008711815 seconds	0.0000000000 seconds
Iteration 0:	0.0008740425 seconds	0.0000000000 seconds
Iteration 0:	0.0008680820 seconds	0.0000009537 seconds
Iteration 0:	0.0008690357 seconds	0.0000000000 seconds
Iteration 0:	0.0008730888 seconds	0.0000000000 seconds
Iteration 0:	0.0008010864 seconds	0.0000000000 seconds
Iteration 0:	0.0008900166 seconds	0.0000000000 seconds
Iteration 0:	0.0008840561 seconds	0.0000000000 seconds
Iteration 0:	0.0009009838 seconds	0.0000000000 seconds
Iteration 0:	0.0009050369 seconds	0.0000000000 seconds
Iteration 0:	0.0009090900 seconds	0.0000000000 seconds
Iteration 0:	0.0008780956 seconds	0.0000000000 seconds
Iteration 1:	0.0005631447 seconds	0.0000000000 seconds
Iteration 1:	0.0005700588 seconds	0.0000000000 seconds
Iteration 1:	0.0005691051 seconds	0.0000000000 seconds
Iteration 1:	0.0005619526 seconds	0.0000009537 seconds
Iteration 1:	0.0005040169 seconds	0.0000000000 seconds
Iteration 1:	0.0005629063 seconds	0.0000000000 seconds
Iteration 1:	0.0005688667 seconds	0.0000000000 seconds
Iteration 1:	0.0005698204 seconds	0.0000000000 seconds
Iteration 1:	0.0005648136 seconds	0.0000000000 seconds
Iteration 1:	0.0005722046 seconds	0.0000000000 seconds
Iteration 1:	0.0005750656 seconds	0.0000000000 seconds
Iteration 1:	0.0005748272 seconds	0.0000000000 seconds
Iteration 1:	0.0005760193 seconds	0.0000000000 seconds
Iteration 1:	0.0005741119 seconds	0.0000000000 seconds
Iteration 1:	0.0005779266 seconds	0.0000000000 seconds
Iteration 1:	0.0005769730 seconds	0.0000000000 seconds
Iteration 1:	0.0005748272 seconds	0.0000009537 seconds
Iteration 1:	0.0005719662 seconds	0.0000000000 seconds
Iteration 1:	0.0005719662 seconds	0.0000000000 seconds
Iteration 1:	0.0005731583 seconds	0.0000000000 seconds
Iteration 1:	0.0005710125 seconds	0.0000000000 seconds
Iteration 1:	0.0005700588 seconds	0.0000000000 seconds
Iteration 1:	0.0005688667 seconds	0.0000000000 seconds
Iteration 1:	0.0005679131 seconds	0.0000000000 seconds
Iteration 2:	0.0005519390 seconds	0.0000000000 seconds
Iteration 2:	0.0006279945 seconds	0.0000000000 seconds
Iteration 2:	0.0006310940 seconds	0.0000000000 seconds
Iteration 2:	0.0006370544 seconds	0.0000000000 seconds
Iteration 2:	0.0006418228 seconds	0.0000000000 seconds
Iteration 2:	0.0006480217 seconds	0.0000000000 seconds
Iteration 2:	0.0006508827 seconds	0.0000000000 seconds
Iteration 2:	0.0006558895 seconds	0.0000000000 seconds
Iteration 2:	0.0006630421 seconds	0.0000000000 seconds
Iteration 2:	0.0006620884 seconds	0.0000000000 seconds
Iteration 2:	0.0006721020 seconds	0.0000000000 seconds
Iteration 2:	0.0006711483 seconds	0.0000009537 seconds
Iteration 2:	0.0006749630 seconds	0.0000000000 seconds
Iteration 2:	0.0006811619 seconds	0.0000000000 seconds
Iteration 2:	0.0006799698 seconds	0.0000000000 seconds
Iteration 2:	0.0006809235 seconds	0.0000000000 seconds
Iteration 2:	0.0006809235 seconds	0.0000000000 seconds
Iteration 2:	0.0006818771 seconds	0.0000000000 seconds
Iteration 2:	0.0006828308 seconds	0.0000000000 seconds
Iteration 2:	0.0006840229 seconds	0.0000000000 seconds
Iteration 2:	0.0006849766 seconds	0.0000000000 seconds
Iteration 2:	0.0006859303 seconds	0.0000000000 seconds
Iteration 2:	0.0007691383 seconds	0.0000000000 seconds
Iteration 2:	0.0007700920 seconds	0.0000009537 seconds
Iteration 3:	0.0006389618 seconds	0.0000000000 seconds
Iteration 3:	0.0006430149 seconds	0.0000000000 seconds
Iteration 3:	0.0006299019 seconds	0.0000000000 seconds
Iteration 3:	0.0006220341 seconds	0.0000000000 seconds
Iteration 3:	0.0006361008 seconds	0.0000000000 seconds
Iteration 3:	0.0006270409 seconds	0.0000000000 seconds
Iteration 3:	0.0006480217 seconds	0.0000000000 seconds
Iteration 3:	0.0006551743 seconds	0.0000000000 seconds
Iteration 3:	0.0006630421 seconds	0.0000000000 seconds
Iteration 3:	0.0005519390 seconds	0.0000000000 seconds
Iteration 3:	0.0004911423 seconds	0.0000000000 seconds
Iteration 3:	0.0005199909 seconds	0.0000000000 seconds
Iteration 3:	0.0006241798 seconds	0.0000000000 seconds
Iteration 3:	0.0006210804 seconds	0.0000000000 seconds
Iteration 3:	0.0006201267 seconds	0.0000000000 seconds
Iteration 3:	0.0006129742 seconds	0.0000000000 seconds
Iteration 3:	0.0006148815 seconds	0.0000000000 seconds
Iteration 3:	0.0006141663 seconds	0.0000000000 seconds
Iteration 3:	0.0006132126 seconds	0.0000000000 seconds
Iteration 3:	0.0006139278 seconds	0.0000000000 seconds
Iteration 3:	0.0006129742 seconds	0.0000000000 seconds
Iteration 3:	0.0006108284 seconds	0.0000011921 seconds
Iteration 3:	0.0006101131 seconds	0.0000000000 seconds
Iteration 3:	0.0006101131 seconds	0.0000000000 seconds
Iteration 4:	0.0005960464 seconds	0.0000000000 seconds
Iteration 4:	0.0005970001 seconds	0.0000000000 seconds
Iteration 4:	0.0006010532 seconds	0.0000000000 seconds
Iteration 4:	0.0005998611 seconds	0.0000000000 seconds
Iteration 4:	0.0005989075 seconds	0.0000000000 seconds
Iteration 4:	0.0006210804 seconds	0.0000000000 seconds
Iteration 4:	0.0006201267 seconds	0.0000000000 seconds
Iteration 4:	0.0006210804 seconds	0.0000000000 seconds
Iteration 4:	0.0005550385 seconds	0.0000000000 seconds
Iteration 4:	0.0006270409 seconds	0.0000000000 seconds
Iteration 4:	0.0006299019 seconds	0.0000000000 seconds
Iteration 4:	0.0006320477 seconds	0.0000000000 seconds
Iteration 4:	0.0006330013 seconds	0.0000000000 seconds
Iteration 4:	0.0006330013 seconds	0.0000000000 seconds
Iteration 4:	0.0006351471 seconds	0.0000000000 seconds
Iteration 4:	0.0006308556 seconds	0.0000000000 seconds
Iteration 4:	0.0006361008 seconds	0.0000000000 seconds
Iteration 4:	0.0006361008 seconds	0.0000000000 seconds
Iteration 4:	0.0006330013 seconds	0.0000000000 seconds
Iteration 4:	0.0006339550 seconds	0.0000000000 seconds
Iteration 4:	0.0006361008 seconds	0.0000000000 seconds
Iteration 4:	0.0006361008 seconds	0.0000000000 seconds
Iteration 4:	0.0007069111 seconds	0.0000000000 seconds
Iteration 4:	0.0007050037 seconds	0.0000000000 seconds
Iteration 5:	0.0005929470 seconds	0.0000000000 seconds
Iteration 5:	0.0006139278 seconds	0.0000000000 seconds
Iteration 5:	0.0005879402 seconds	0.0000000000 seconds
Iteration 5:	0.0006132126 seconds	0.0000000000 seconds
Iteration 5:	0.0005919933 seconds	0.0000000000 seconds
Iteration 5:	0.0005929470 seconds	0.0000000000 seconds
Iteration 5:	0.0005919933 seconds	0.0000000000 seconds
Iteration 5:	0.0006139278 seconds	0.0000000000 seconds
Iteration 5:	0.0005128384 seconds	0.0000000000 seconds
Iteration 5:	0.0004830360 seconds	0.0000000000 seconds
Iteration 5:	0.0006158352 seconds	0.0000000000 seconds
Iteration 5:	0.0005071163 seconds	0.0000000000 seconds
Iteration 5:	0.0005838871 seconds	0.0000000000 seconds
Iteration 5:	0.0005829334 seconds	0.0000000000 seconds
Iteration 5:	0.0005822182 seconds	0.0000000000 seconds
Iteration 5:	0.0005800724 seconds	0.0000009537 seconds
Iteration 5:	0.0005791187 seconds	0.0000000000 seconds
Iteration 5:	0.0005779266 seconds	0.0000000000 seconds
Iteration 5:	0.0005779266 seconds	0.0000000000 seconds
Iteration 5:	0.0005819798 seconds	0.0000000000 seconds
Iteration 5:	0.0005807877 seconds	0.0000000000 seconds
Iteration 5:	0.0005788803 seconds	0.0000000000 seconds
Iteration 5:	0.0005810261 seconds	0.0000000000 seconds
Iteration 5:	0.0005800724 seconds	0.0000000000 seconds
Iteration 6:	0.0006031990 seconds	0.0000000000 seconds
Iteration 6:	0.0006010532 seconds	0.0000000000 seconds
Iteration 6:	0.0006010532 seconds	0.0000000000 seconds
Iteration 6:	0.0006029606 seconds	0.0000000000 seconds
Iteration 6:	0.0005400181 seconds	0.0000000000 seconds
Iteration 6:	0.0006089211 seconds	0.0000000000 seconds
Iteration 6:	0.0006051064 seconds	0.0000000000 seconds
Iteration 6:	0.0006098747 seconds	0.0000000000 seconds
Iteration 6:	0.0006148815 seconds	0.0000000000 seconds
Iteration 6:	0.0006198883 seconds	0.0000000000 seconds
Iteration 6:	0.0006210804 seconds	0.0000000000 seconds
Iteration 6:	0.0006251335 seconds	0.0000000000 seconds
Iteration 6:	0.0006270409 seconds	0.0000000000 seconds
Iteration 6:	0.0006289482 seconds	0.0000000000 seconds
Iteration 6:	0.0006289482 seconds	0.0000009537 seconds
Iteration 6:	0.0006310940 seconds	0.0000000000 seconds
Iteration 6:	0.0006320477 seconds	0.0000000000 seconds
Iteration 6:	0.0006339550 seconds	0.0000000000 seconds
Iteration 6:	0.0006310940 seconds	0.0000000000 seconds
Iteration 6:	0.0006339550 seconds	0.0000000000 seconds
Iteration 6:	0.0006320477 seconds	0.0000000000 seconds
Iteration 6:	0.0006341934 seconds	0.0000000000 seconds
Iteration 6:	0.0006308556 seconds	0.0000000000 seconds
Iteration 6:	0.0006318092 seconds	0.0000000000 seconds
Iteration 7:	0.0005648136 seconds	0.0000000000 seconds
Iteration 7:	0.0005657673 seconds	0.0000000000 seconds
Iteration 7:	0.0005691051 seconds	0.0000000000 seconds
Iteration 7:	0.0004851818 seconds	0.0000000000 seconds
Iteration 7:	0.0005650520 seconds	0.0000000000 seconds
Iteration 7:	0.0005650520 seconds	0.0000000000 seconds
Iteration 7:	0.0005669594 seconds	0.0000000000 seconds
Iteration 7:	0.0005679131 seconds	0.0000000000 seconds
Iteration 7:	0.0005660057 seconds	0.0000000000 seconds
Iteration 7:	0.0005650520 seconds	0.0000000000 seconds
Iteration 7:	0.0005631447 seconds	0.0000000000 seconds
Iteration 7:	0.0005609989 seconds	0.0000000000 seconds
Iteration 7:	0.0005609989 seconds	0.0000000000 seconds
Iteration 7:	0.0005671978 seconds	0.0000000000 seconds
Iteration 7:	0.0005719662 seconds	0.0000000000 seconds
Iteration 7:	0.0005760193 seconds	0.0000000000 seconds
Iteration 7:	0.0005590916 seconds	0.0000000000 seconds
Iteration 7:	0.0005640984 seconds	0.0000009537 seconds
Iteration 7:	0.0005578995 seconds	0.0000000000 seconds
Iteration 7:	0.0005631447 seconds	0.0000000000 seconds
Iteration 7:	0.0005640984 seconds	0.0000000000 seconds
Iteration 7:	0.0005559921 seconds	0.0000000000 seconds
Iteration 7:	0.0005550385 seconds	0.0000000000 seconds
Iteration 7:	0.0005550385 seconds	0.0000000000 seconds
Iteration 8:	0.0005359650 seconds	0.0000000000 seconds
Iteration 8:	0.0006129742 seconds	0.0000000000 seconds
Iteration 8:	0.0006120205 seconds	0.0000000000 seconds
Iteration 8:	0.0006151199 seconds	0.0000000000 seconds
Iteration 8:	0.0006179810 seconds	0.0000000000 seconds
Iteration 8:	0.0006241798 seconds	0.0000000000 seconds
Iteration 8:	0.0006248951 seconds	0.0000000000 seconds
Iteration 8:	0.0006279945 seconds	0.0000000000 seconds
Iteration 8:	0.0006289482 seconds	0.0000000000 seconds
Iteration 8:	0.0006308556 seconds	0.0000000000 seconds
Iteration 8:	0.0006341934 seconds	0.0000000000 seconds
Iteration 8:	0.0006170273 seconds	0.0000009537 seconds
Iteration 8:	0.0006229877 seconds	0.0000000000 seconds
Iteration 8:	0.0006270409 seconds	0.0000000000 seconds
Iteration 8:	0.0006279945 seconds	0.0000000000 seconds
Iteration 8:	0.0006289482 seconds	0.0000000000 seconds
Iteration 8:	0.0006289482 seconds	0.0000000000 seconds
Iteration 8:	0.0006380081 seconds	0.0000000000 seconds
Iteration 8:	0.0006389618 seconds	0.0000000000 seconds
Iteration 8:	0.0006401539 seconds	0.0000000000 seconds
Iteration 8:	0.0006411076 seconds	0.0000000000 seconds
Iteration 8:	0.0006401539 seconds	0.0000000000 seconds
Iteration 8:	0.0007200241 seconds	0.0000000000 seconds
Iteration 8:	0.0007169247 seconds	0.0000000000 seconds
Iteration 9:	0.0005199909 seconds	0.0000009537 seconds
Iteration 9:	0.0005929470 seconds	0.0000000000 seconds
Iteration 9:	0.0006201267 seconds	0.0000000000 seconds
Iteration 9:	0.0006198883 seconds	0.0000011921 seconds
Iteration 9:	0.0005998611 seconds	0.0000000000 seconds
Iteration 9:	0.0006048679 seconds	0.0000009537 seconds
Iteration 9:	0.0006110668 seconds	0.0000000000 seconds
Iteration 9:	0.0004820824 seconds	0.0000000000 seconds
Iteration 9:	0.0006170273 seconds	0.0000000000 seconds
Iteration 9:	0.0006258488 seconds	0.0000000000 seconds
Iteration 9:	0.0006220341 seconds	0.0000000000 seconds
Iteration 9:	0.0005049706 seconds	0.0000000000 seconds
Iteration 9:	0.0005900860 seconds	0.0000000000 seconds
Iteration 9:	0.0005888939 seconds	0.0000000000 seconds
Iteration 9:	0.0005881786 seconds	0.0000000000 seconds
Iteration 9:	0.0005869865 seconds	0.0000000000 seconds
Iteration 9:	0.0005860329 seconds	0.0000000000 seconds
Iteration 9:	0.0005848408 seconds	0.0000000000 seconds
Iteration 9:	0.0005848408 seconds	0.0000000000 seconds
Iteration 9:	0.0005829334 seconds	0.0000000000 seconds
Iteration 9:	0.0005831718 seconds	0.0000000000 seconds
Iteration 9:	0.0005819798 seconds	0.0000000000 seconds
Iteration 9:	0.0005791187 seconds	0.0000000000 seconds
Iteration 9:	0.0005791187 seconds	0.0000000000 seconds
Iteration 10:	0.0005958080 seconds	0.0000000000 seconds
Iteration 10:	0.0005970001 seconds	0.0000000000 seconds
Iteration 10:	0.0005369186 seconds	0.0000000000 seconds
Iteration 10:	0.0005979538 seconds	0.0000000000 seconds
Iteration 10:	0.0006020069 seconds	0.0000000000 seconds
Iteration 10:	0.0006082058 seconds	0.0000000000 seconds
Iteration 10:	0.0006148815 seconds	0.0000000000 seconds
Iteration 10:	0.0006179810 seconds	0.0000000000 seconds
Iteration 10:	0.0006229877 seconds	0.0000000000 seconds
Iteration 10:	0.0006289482 seconds	0.0000000000 seconds
Iteration 10:	0.0006339550 seconds	0.0000000000 seconds
Iteration 10:	0.0006349087 seconds	0.0000000000 seconds
Iteration 10:	0.0006351471 seconds	0.0000009537 seconds
Iteration 10:	0.0006380081 seconds	0.0000000000 seconds
Iteration 10:	0.0006380081 seconds	0.0000000000 seconds
Iteration 10:	0.0006389618 seconds	0.0000000000 seconds
Iteration 10:	0.0006399155 seconds	0.0000000000 seconds
Iteration 10:	0.0006470680 seconds	0.0000000000 seconds
Iteration 10:	0.0006430149 seconds	0.0000000000 seconds
Iteration 10:	0.0006439686 seconds	0.0000000000 seconds
Iteration 10:	0.0006451607 seconds	0.0000000000 seconds
Iteration 10:	0.0006451607 seconds	0.0000009537 seconds
Iteration 10:	0.0007131100 seconds	0.0000000000 seconds
Iteration 10:	0.0007100105 seconds	0.0000000000 seconds
Iteration 11:	0.0005860329 seconds	0.0000000000 seconds
Iteration 11:	0.0005941391 seconds	0.0000000000 seconds
Iteration 11:	0.0005991459 seconds	0.0000000000 seconds
Iteration 11:	0.0006029606 seconds	0.0000000000 seconds
Iteration 11:	0.0004808903 seconds	0.0000000000 seconds
Iteration 11:	0.0006098747 seconds	0.0000000000 seconds
Iteration 11:	0.0006151199 seconds	0.0000000000 seconds
Iteration 11:	0.0005040169 seconds	0.0000000000 seconds
Iteration 11:	0.0006201267 seconds	0.0000000000 seconds
Iteration 11:	0.0005848408 seconds	0.0000000000 seconds
Iteration 11:	0.0005831718 seconds	0.0000000000 seconds
Iteration 11:	0.0006251335 seconds	0.0000009537 seconds
Iteration 11:	0.0005810261 seconds	0.0000000000 seconds
Iteration 11:	0.0006341934 seconds	0.0000000000 seconds
Iteration 11:	0.0005800724 seconds	0.0000000000 seconds
Iteration 11:	0.0005271435 seconds	0.0000000000 seconds
Iteration 11:	0.0005800724 seconds	0.0000000000 seconds
Iteration 11:	0.0005788803 seconds	0.0000000000 seconds
Iteration 11:	0.0005788803 seconds	0.0000011921 seconds
Iteration 11:	0.0005722046 seconds	0.0000000000 seconds
Iteration 11:	0.0005750656 seconds	0.0000000000 seconds
Iteration 11:	0.0005741119 seconds	0.0000000000 seconds
Iteration 11:	0.0005719662 seconds	0.0000000000 seconds
Iteration 11:	0.0005719662 seconds	0.0000000000 seconds
Iteration 12:	0.0005900860 seconds	0.0000000000 seconds
Iteration 12:	0.0005841255 seconds	0.0000000000 seconds
Iteration 12:	0.0005881786 seconds	0.0000000000 seconds
Iteration 12:	0.0005948544 seconds	0.0000000000 seconds
Iteration 12:	0.0005819798 seconds	0.0000000000 seconds
Iteration 12:	0.0005838871 seconds	0.0000000000 seconds
Iteration 12:	0.0006020069 seconds	0.0000000000 seconds
Iteration 12:	0.0006070137 seconds	0.0000000000 seconds
Iteration 12:	0.0006110668 seconds	0.0000000000 seconds
Iteration 12:	0.0005471706 seconds	0.0000000000 seconds
Iteration 12:	0.0006158352 seconds	0.0000000000 seconds
Iteration 12:	0.0006217957 seconds	0.0000000000 seconds
Iteration 12:	0.0006229877 seconds	0.0000000000 seconds
Iteration 12:	0.0006239414 seconds	0.0000000000 seconds
Iteration 12:	0.0006241798 seconds	0.0000009537 seconds
Iteration 12:	0.0006248951 seconds	0.0000000000 seconds
Iteration 12:	0.0006229877 seconds	0.0000000000 seconds
Iteration 12:	0.0006248951 seconds	0.0000000000 seconds
Iteration 12:	0.0006258488 seconds	0.0000000000 seconds
Iteration 12:	0.0006232262 seconds	0.0000000000 seconds
Iteration 12:	0.0006248951 seconds	0.0000000000 seconds
Iteration 12:	0.0006258488 seconds	0.0000000000 seconds
Iteration 12:	0.0006258488 seconds	0.0000000000 seconds
Iteration 12:	0.0006880760 seconds	0.0000009537 seconds
Iteration 13:	0.0005879402 seconds	0.0000000000 seconds
Iteration 13:	0.0005960464 seconds	0.0000000000 seconds
Iteration 13:	0.0006000996 seconds	0.0000000000 seconds
Iteration 13:	0.0006110668 seconds	0.0000000000 seconds
Iteration 13:	0.0005900860 seconds	0.0000000000 seconds
Iteration 13:	0.0006048679 seconds	0.0000000000 seconds
Iteration 13:	0.0006089211 seconds	0.0000000000 seconds
Iteration 13:	0.0006098747 seconds	0.0000000000 seconds
Iteration 13:	0.0005278587 seconds	0.0000000000 seconds
Iteration 13:	0.0006139278 seconds	0.0000000000 seconds
Iteration 13:	0.0006129742 seconds	0.0000000000 seconds
Iteration 13:	0.0004839897 seconds	0.0000000000 seconds
Iteration 13:	0.0005888939 seconds	0.0000000000 seconds
Iteration 13:	0.0005881786 seconds	0.0000000000 seconds
Iteration 13:	0.0005869865 seconds	0.0000000000 seconds
Iteration 13:	0.0005860329 seconds	0.0000000000 seconds
Iteration 13:	0.0005838871 seconds	0.0000000000 seconds
Iteration 13:	0.0005829334 seconds	0.0000000000 seconds
Iteration 13:	0.0005829334 seconds	0.0000000000 seconds
Iteration 13:	0.0005869865 seconds	0.0000009537 seconds
Iteration 13:	0.0005860329 seconds	0.0000000000 seconds
Iteration 13:	0.0005850792 seconds	0.0000000000 seconds
Iteration 13:	0.0005829334 seconds	0.0000000000 seconds
Iteration 13:	0.0005829334 seconds	0.0000000000 seconds
Iteration 14:	0.0005888939 seconds	0.0000000000 seconds
Iteration 14:	0.0005888939 seconds	0.0000000000 seconds
Iteration 14:	0.0005960464 seconds	0.0000000000 seconds
Iteration 14:	0.0005979538 seconds	0.0000000000 seconds
Iteration 14:	0.0005991459 seconds	0.0000000000 seconds
Iteration 14:	0.0006010532 seconds	0.0000000000 seconds
Iteration 14:	0.0006039143 seconds	0.0000009537 seconds
Iteration 14:	0.0006089211 seconds	0.0000000000 seconds
Iteration 14:	0.0006139278 seconds	0.0000000000 seconds
Iteration 14:	0.0006160736 seconds	0.0000000000 seconds
Iteration 14:	0.0006198883 seconds	0.0000000000 seconds
Iteration 14:	0.0006220341 seconds	0.0000000000 seconds
Iteration 14:	0.0006229877 seconds	0.0000000000 seconds
Iteration 14:	0.0006239414 seconds	0.0000000000 seconds
Iteration 14:	0.0006248951 seconds	0.0000000000 seconds
Iteration 14:	0.0006208420 seconds	0.0000000000 seconds
Iteration 14:	0.0006260872 seconds	0.0000000000 seconds
Iteration 14:	0.0006260872 seconds	0.0000009537 seconds
Iteration 14:	0.0006220341 seconds	0.0000000000 seconds
Iteration 14:	0.0006239414 seconds	0.0000000000 seconds
Iteration 14:	0.0006251335 seconds	0.0000000000 seconds
Iteration 14:	0.0006239414 seconds	0.0000000000 seconds
Iteration 14:	0.0006339550 seconds	0.0000000000 seconds
Iteration 14:	0.0006902218 seconds	0.0000000000 seconds
Iteration 15:	0.0005791187 seconds	0.0000000000 seconds
Iteration 15:	0.0005831718 seconds	0.0000000000 seconds
Iteration 15:	0.0005950928 seconds	0.0000000000 seconds
Iteration 15:	0.0005872250 seconds	0.0000000000 seconds
Iteration 15:	0.0005900860 seconds	0.0000000000 seconds
Iteration 15:	0.0005991459 seconds	0.0000000000 seconds
Iteration 15:	0.0005960464 seconds	0.0000000000 seconds
Iteration 15:	0.0005970001 seconds	0.0000000000 seconds
Iteration 15:	0.0005168915 seconds	0.0000000000 seconds
Iteration 15:	0.0006060600 seconds	0.0000000000 seconds
Iteration 15:	0.0004830360 seconds	0.0000000000 seconds
Iteration 15:	0.0005049706 seconds	0.0000000000 seconds
Iteration 15:	0.0005798340 seconds	0.0000000000 seconds
Iteration 15:	0.0005791187 seconds	0.0000000000 seconds
Iteration 15:	0.0005779266 seconds	0.0000000000 seconds
Iteration 15:	0.0005769730 seconds	0.0000000000 seconds
Iteration 15:	0.0005748272 seconds	0.0000000000 seconds
Iteration 15:	0.0005729198 seconds	0.0000000000 seconds
Iteration 15:	0.0005738735 seconds	0.0000011921 seconds
Iteration 15:	0.0005860329 seconds	0.0000000000 seconds
Iteration 15:	0.0005807877 seconds	0.0000000000 seconds
Iteration 15:	0.0005791187 seconds	0.0000000000 seconds
Iteration 15:	0.0005779266 seconds	0.0000000000 seconds
Iteration 15:	0.0005769730 seconds	0.0000000000 seconds
Iteration 16:	0.0005981922 seconds	0.0000000000 seconds
Iteration 16:	0.0005970001 seconds	0.0000009537 seconds
Iteration 16:	0.0005970001 seconds	0.0000000000 seconds
Iteration 16:	0.0005979538 seconds	0.0000000000 seconds
Iteration 16:	0.0006020069 seconds	0.0000000000 seconds
Iteration 16:	0.0006058216 seconds	0.0000000000 seconds
Iteration 16:	0.0006098747 seconds	0.0000000000 seconds
Iteration 16:	0.0006151199 seconds	0.0000000000 seconds
Iteration 16:	0.0006201267 seconds	0.0000000000 seconds
Iteration 16:	0.0005619526 seconds	0.0000000000 seconds
Iteration 16:	0.0006248951 seconds	0.0000000000 seconds
Iteration 16:	0.0006260872 seconds	0.0000000000 seconds
Iteration 16:	0.0006270409 seconds	0.0000000000 seconds
Iteration 16:	0.0006279945 seconds	0.0000000000 seconds
Iteration 16:	0.0006151199 seconds	0.0000009537 seconds
Iteration 16:	0.0006299019 seconds	0.0000000000 seconds
Iteration 16:	0.0006189346 seconds	0.0000000000 seconds
Iteration 16:	0.0006310940 seconds	0.0000000000 seconds
Iteration 16:	0.0006308556 seconds	0.0000000000 seconds
Iteration 16:	0.0006220341 seconds	0.0000000000 seconds
Iteration 16:	0.0006239414 seconds	0.0000000000 seconds
Iteration 16:	0.0006239414 seconds	0.0000000000 seconds
Iteration 16:	0.0006959438 seconds	0.0000000000 seconds
Iteration 16:	0.0006940365 seconds	0.0000000000 seconds
Iteration 17:	0.0005741119 seconds	0.0000000000 seconds
Iteration 17:	0.0005841255 seconds	0.0000000000 seconds
Iteration 17:	0.0005960464 seconds	0.0000000000 seconds
Iteration 17:	0.0005989075 seconds	0.0000000000 seconds
Iteration 17:	0.0005140305 seconds	0.0000000000 seconds
Iteration 17:	0.0005791187 seconds	0.0000009537 seconds
Iteration 17:	0.0005919933 seconds	0.0000000000 seconds
Iteration 17:	0.0005869865 seconds	0.0000009537 seconds
Iteration 17:	0.0006000996 seconds	0.0000000000 seconds
Iteration 17:	0.0006010532 seconds	0.0000000000 seconds
Iteration 17:	0.0005860329 seconds	0.0000000000 seconds
Iteration 17:	0.0005900860 seconds	0.0000000000 seconds
Iteration 17:	0.0005838871 seconds	0.0000000000 seconds
Iteration 17:	0.0005829334 seconds	0.0000000000 seconds
Iteration 17:	0.0005829334 seconds	0.0000000000 seconds
Iteration 17:	0.0005819798 seconds	0.0000000000 seconds
Iteration 17:	0.0005810261 seconds	0.0000000000 seconds
Iteration 17:	0.0005810261 seconds	0.0000000000 seconds
Iteration 17:	0.0005798340 seconds	0.0000000000 seconds
Iteration 17:	0.0005788803 seconds	0.0000000000 seconds
Iteration 17:	0.0005791187 seconds	0.0000000000 seconds
Iteration 17:	0.0005791187 seconds	0.0000000000 seconds
Iteration 17:	0.0005569458 seconds	0.0000000000 seconds
Iteration 17:	0.0005769730 seconds	0.0000000000 seconds
Iteration 18:	0.0006258488 seconds	0.0000000000 seconds
Iteration 18:	0.0006289482 seconds	0.0000000000 seconds
Iteration 18:	0.0006270409 seconds	0.0000000000 seconds
Iteration 18:	0.0006270409 seconds	0.0000000000 seconds
Iteration 18:	0.0005600452 seconds	0.0000009537 seconds
Iteration 18:	0.0006299019 seconds	0.0000000000 seconds
Iteration 18:	0.0006289482 seconds	0.0000000000 seconds
Iteration 18:	0.0006289482 seconds	0.0000009537 seconds
Iteration 18:	0.0006339550 seconds	0.0000000000 seconds
Iteration 18:	0.0006330013 seconds	0.0000000000 seconds
Iteration 18:	0.0005359650 seconds	0.0000000000 seconds
Iteration 18:	0.0005600452 seconds	0.0000000000 seconds
Iteration 18:	0.0006220341 seconds	0.0000000000 seconds
Iteration 18:	0.0006260872 seconds	0.0000000000 seconds
Iteration 18:	0.0006279945 seconds	0.0000000000 seconds
Iteration 18:	0.0006301403 seconds	0.0000000000 seconds
Iteration 18:	0.0006310940 seconds	0.0000000000 seconds
Iteration 18:	0.0006318092 seconds	0.0000000000 seconds
Iteration 18:	0.0006318092 seconds	0.0000000000 seconds
Iteration 18:	0.0006408691 seconds	0.0000000000 seconds
Iteration 18:	0.0006420612 seconds	0.0000000000 seconds
Iteration 18:	0.0006430149 seconds	0.0000000000 seconds
Iteration 18:	0.0006442070 seconds	0.0000000000 seconds
Iteration 18:	0.0006451607 seconds	0.0000000000 seconds
Iteration 19:	0.0005478859 seconds	0.0000000000 seconds
Iteration 19:	0.0005671978 seconds	0.0000000000 seconds
Iteration 19:	0.0005669594 seconds	0.0000000000 seconds
Iteration 19:	0.0005700588 seconds	0.0000000000 seconds
Iteration 19:	0.0004940033 seconds	0.0000000000 seconds
Iteration 19:	0.0005710125 seconds	0.0000000000 seconds
Iteration 19:	0.0005710125 seconds	0.0000000000 seconds
Iteration 19:	0.0005719662 seconds	0.0000000000 seconds
Iteration 19:	0.0005650520 seconds	0.0000000000 seconds
Iteration 19:	0.0005710125 seconds	0.0000000000 seconds
Iteration 19:	0.0005760193 seconds	0.0000000000 seconds
Iteration 19:	0.0005629063 seconds	0.0000000000 seconds
Iteration 19:	0.0005609989 seconds	0.0000000000 seconds
Iteration 19:	0.0005609989 seconds	0.0000000000 seconds
Iteration 19:	0.0005581379 seconds	0.0000000000 seconds
Iteration 19:	0.0005469322 seconds	0.0000000000 seconds
Iteration 19:	0.0005569458 seconds	0.0000000000 seconds
Iteration 19:	0.0005447865 seconds	0.0000000000 seconds
Iteration 19:	0.0005559921 seconds	0.0000000000 seconds
Iteration 19:	0.0005559921 seconds	0.0000000000 seconds
Iteration 19:	0.0005450249 seconds	0.0000000000 seconds
Iteration 19:	0.0005419254 seconds	0.0000000000 seconds
Iteration 19:	0.0005431175 seconds	0.0000000000 seconds
Iteration 19:	0.0005631447 seconds	0.0000009537 seconds
Iteration 20:	0.0006010532 seconds	0.0000000000 seconds
Iteration 20:	0.0005400181 seconds	0.0000000000 seconds
Iteration 20:	0.0006039143 seconds	0.0000000000 seconds
Iteration 20:	0.0006120205 seconds	0.0000000000 seconds
Iteration 20:	0.0006179810 seconds	0.0000000000 seconds
Iteration 20:	0.0006229877 seconds	0.0000009537 seconds
Iteration 20:	0.0006301403 seconds	0.0000000000 seconds
Iteration 20:	0.0006361008 seconds	0.0000000000 seconds
Iteration 20:	0.0006358624 seconds	0.0000000000 seconds
Iteration 20:	0.0006399155 seconds	0.0000000000 seconds
Iteration 20:	0.0006442070 seconds	0.0000000000 seconds
Iteration 20:	0.0006439686 seconds	0.0000009537 seconds
Iteration 20:	0.0006449223 seconds	0.0000000000 seconds
Iteration 20:	0.0006470680 seconds	0.0000000000 seconds
Iteration 20:	0.0006489754 seconds	0.0000000000 seconds
Iteration 20:	0.0006599426 seconds	0.0000000000 seconds
Iteration 20:	0.0006580353 seconds	0.0000000000 seconds
Iteration 20:	0.0006580353 seconds	0.0000000000 seconds
Iteration 20:	0.0006608963 seconds	0.0000000000 seconds
Iteration 20:	0.0006620884 seconds	0.0000000000 seconds
Iteration 20:	0.0006630421 seconds	0.0000000000 seconds
Iteration 20:	0.0006639957 seconds	0.0000000000 seconds
Iteration 20:	0.0007288456 seconds	0.0000000000 seconds
Iteration 20:	0.0006577969 seconds	0.0000000000 seconds
Iteration 21:	0.0005922318 seconds	0.0000000000 seconds
Iteration 21:	0.0005989075 seconds	0.0000000000 seconds
Iteration 21:	0.0006039143 seconds	0.0000000000 seconds
Iteration 21:	0.0006079674 seconds	0.0000000000 seconds
Iteration 21:	0.0006151199 seconds	0.0000000000 seconds
Iteration 21:	0.0006191730 seconds	0.0000000000 seconds
Iteration 21:	0.0004820824 seconds	0.0000000000 seconds
Iteration 21:	0.0006239414 seconds	0.0000000000 seconds
Iteration 21:	0.0005040169 seconds	0.0000000000 seconds
Iteration 21:	0.0006308556 seconds	0.0000000000 seconds
Iteration 21:	0.0005919933 seconds	0.0000000000 seconds
Iteration 21:	0.0006370544 seconds	0.0000000000 seconds
Iteration 21:	0.0005362034 seconds	0.0000000000 seconds
Iteration 21:	0.0005939007 seconds	0.0000000000 seconds
Iteration 21:	0.0005941391 seconds	0.0000000000 seconds
Iteration 21:	0.0005919933 seconds	0.0000000000 seconds
Iteration 21:	0.0005910397 seconds	0.0000000000 seconds
Iteration 21:	0.0005822182 seconds	0.0000000000 seconds
Iteration 21:	0.0005822182 seconds	0.0000000000 seconds
Iteration 21:	0.0005869865 seconds	0.0000000000 seconds
Iteration 21:	0.0005841255 seconds	0.0000000000 seconds
Iteration 21:	0.0005850792 seconds	0.0000000000 seconds
Iteration 21:	0.0005841255 seconds	0.0000000000 seconds
Iteration 21:	0.0005831718 seconds	0.0000009537 seconds
Iteration 22:	0.0005869865 seconds	0.0000000000 seconds
Iteration 22:	0.0005891323 seconds	0.0000000000 seconds
Iteration 22:	0.0005941391 seconds	0.0000000000 seconds
Iteration 22:	0.0005850792 seconds	0.0000000000 seconds
Iteration 22:	0.0005860329 seconds	0.0000000000 seconds
Iteration 22:	0.0006000996 seconds	0.0000000000 seconds
Iteration 22:	0.0006058216 seconds	0.0000000000 seconds
Iteration 22:	0.0006110668 seconds	0.0000000000 seconds
Iteration 22:	0.0006270409 seconds	0.0000000000 seconds
Iteration 22:	0.0005578995 seconds	0.0000000000 seconds
Iteration 22:	0.0006239414 seconds	0.0000000000 seconds
Iteration 22:	0.0006208420 seconds	0.0000000000 seconds
Iteration 22:	0.0006220341 seconds	0.0000000000 seconds
Iteration 22:	0.0006229877 seconds	0.0000000000 seconds
Iteration 22:	0.0006241798 seconds	0.0000000000 seconds
Iteration 22:	0.0006220341 seconds	0.0000000000 seconds
Iteration 22:	0.0006248951 seconds	0.0000000000 seconds
Iteration 22:	0.0006248951 seconds	0.0000000000 seconds
Iteration 22:	0.0006229877 seconds	0.0000000000 seconds
Iteration 22:	0.0006241798 seconds	0.0000000000 seconds
Iteration 22:	0.0006251335 seconds	0.0000000000 seconds
Iteration 22:	0.0006251335 seconds	0.0000000000 seconds
Iteration 22:	0.0007071495 seconds	0.0000000000 seconds
Iteration 22:	0.0007050037 seconds	0.0000000000 seconds
Iteration 23:	0.0005800724 seconds	0.0000000000 seconds
Iteration 23:	0.0005970001 seconds	0.0000000000 seconds
Iteration 23:	0.0005810261 seconds	0.0000000000 seconds
Iteration 23:	0.0006010532 seconds	0.0000000000 seconds
Iteration 23:	0.0006060600 seconds	0.0000000000 seconds
Iteration 23:	0.0006110668 seconds	0.0000000000 seconds
Iteration 23:	0.0006120205 seconds	0.0000000000 seconds
Iteration 23:	0.0005171299 seconds	0.0000000000 seconds
Iteration 23:	0.0006141663 seconds	0.0000000000 seconds
Iteration 23:	0.0006132126 seconds	0.0000000000 seconds
Iteration 23:	0.0004820824 seconds	0.0000000000 seconds
Iteration 23:	0.0005040169 seconds	0.0000000000 seconds
Iteration 23:	0.0005879402 seconds	0.0000000000 seconds
Iteration 23:	0.0005860329 seconds	0.0000000000 seconds
Iteration 23:	0.0005860329 seconds	0.0000000000 seconds
Iteration 23:	0.0005841255 seconds	0.0000000000 seconds
Iteration 23:	0.0005829334 seconds	0.0000000000 seconds
Iteration 23:	0.0005819798 seconds	0.0000000000 seconds
Iteration 23:	0.0005810261 seconds	0.0000000000 seconds
Iteration 23:	0.0005857944 seconds	0.0000000000 seconds
Iteration 23:	0.0005841255 seconds	0.0000000000 seconds
Iteration 23:	0.0005829334 seconds	0.0000000000 seconds
Iteration 23:	0.0005800724 seconds	0.0000000000 seconds
Iteration 23:	0.0005810261 seconds	0.0000000000 seconds
Iteration 24:	0.0005910397 seconds	0.0000000000 seconds
Iteration 24:	0.0005919933 seconds	0.0000000000 seconds
Iteration 24:	0.0005919933 seconds	0.0000000000 seconds
Iteration 24:	0.0005919933 seconds	0.0000000000 seconds
Iteration 24:	0.0005970001 seconds	0.0000000000 seconds
Iteration 24:	0.0006008148 seconds	0.0000000000 seconds
Iteration 24:	0.0006060600 seconds	0.0000000000 seconds
Iteration 24:	0.0006110668 seconds	0.0000000000 seconds
Iteration 24:	0.0006151199 seconds	0.0000000000 seconds
Iteration 24:	0.0005588531 seconds	0.0000000000 seconds
Iteration 24:	0.0006148815 seconds	0.0000000000 seconds
Iteration 24:	0.0006170273 seconds	0.0000000000 seconds
Iteration 24:	0.0006198883 seconds	0.0000000000 seconds
Iteration 24:	0.0006210804 seconds	0.0000000000 seconds
Iteration 24:	0.0006208420 seconds	0.0000000000 seconds
Iteration 24:	0.0006229877 seconds	0.0000000000 seconds
Iteration 24:	0.0006239414 seconds	0.0000000000 seconds
Iteration 24:	0.0006229877 seconds	0.0000000000 seconds
Iteration 24:	0.0006251335 seconds	0.0000000000 seconds
Iteration 24:	0.0006260872 seconds	0.0000000000 seconds
Iteration 24:	0.0006229877 seconds	0.0000000000 seconds
Iteration 24:	0.0006239414 seconds	0.0000000000 seconds
Iteration 24:	0.0006251335 seconds	0.0000000000 seconds
Iteration 24:	0.0006251335 seconds	0.0000000000 seconds
Iteration 25:	0.0005750656 seconds	0.0000000000 seconds
Iteration 25:	0.0005729198 seconds	0.0000000000 seconds
Iteration 25:	0.0005698204 seconds	0.0000000000 seconds
Iteration 25:	0.0005748272 seconds	0.0000000000 seconds
Iteration 25:	0.0004868507 seconds	0.0000000000 seconds
Iteration 25:	0.0005760193 seconds	0.0000000000 seconds
Iteration 25:	0.0005688667 seconds	0.0000000000 seconds
Iteration 25:	0.0005681515 seconds	0.0000000000 seconds
Iteration 25:	0.0005669594 seconds	0.0000000000 seconds
Iteration 25:	0.0005650520 seconds	0.0000000000 seconds
Iteration 25:	0.0005638599 seconds	0.0000000000 seconds
Iteration 25:	0.0004930496 seconds	0.0000000000 seconds
Iteration 25:	0.0005609989 seconds	0.0000000000 seconds
Iteration 25:	0.0005600452 seconds	0.0000000000 seconds
Iteration 25:	0.0005578995 seconds	0.0000000000 seconds
Iteration 25:	0.0005578995 seconds	0.0000000000 seconds
Iteration 25:	0.0005562305 seconds	0.0000000000 seconds
Iteration 25:	0.0005600452 seconds	0.0000000000 seconds
Iteration 25:	0.0005598068 seconds	0.0000000000 seconds
Iteration 25:	0.0005631447 seconds	0.0000000000 seconds
Iteration 25:	0.0005631447 seconds	0.0000000000 seconds
Iteration 25:	0.0005590916 seconds	0.0000000000 seconds
Iteration 25:	0.0005559921 seconds	0.0000000000 seconds
Iteration 25:	0.0005559921 seconds	0.0000000000 seconds
Iteration 26:	0.0006089211 seconds	0.0000000000 seconds
Iteration 26:	0.0006079674 seconds	0.0000000000 seconds
Iteration 26:	0.0005359650 seconds	0.0000000000 seconds
Iteration 26:	0.0006120205 seconds	0.0000000000 seconds
Iteration 26:	0.0006179810 seconds	0.0000000000 seconds
Iteration 26:	0.0006201267 seconds	0.0000000000 seconds
Iteration 26:	0.0006232262 seconds	0.0000000000 seconds
Iteration 26:	0.0006239414 seconds	0.0000000000 seconds
Iteration 26:	0.0006248951 seconds	0.0000000000 seconds
Iteration 26:	0.0006260872 seconds	0.0000000000 seconds
Iteration 26:	0.0006308556 seconds	0.0000000000 seconds
Iteration 26:	0.0006330013 seconds	0.0000000000 seconds
Iteration 26:	0.0006339550 seconds	0.0000000000 seconds
Iteration 26:	0.0006351471 seconds	0.0000000000 seconds
Iteration 26:	0.0006358624 seconds	0.0000000000 seconds
Iteration 26:	0.0006289482 seconds	0.0000000000 seconds
Iteration 26:	0.0006289482 seconds	0.0000000000 seconds
Iteration 26:	0.0006370544 seconds	0.0000000000 seconds
Iteration 26:	0.0006380081 seconds	0.0000000000 seconds
Iteration 26:	0.0006392002 seconds	0.0000000000 seconds
Iteration 26:	0.0006399155 seconds	0.0000000000 seconds
Iteration 26:	0.0006408691 seconds	0.0000000000 seconds
Iteration 26:	0.0007100105 seconds	0.0000000000 seconds
Iteration 26:	0.0007071495 seconds	0.0000000000 seconds
Iteration 27:	0.0005910397 seconds	0.0000000000 seconds
Iteration 27:	0.0005950928 seconds	0.0000000000 seconds
Iteration 27:	0.0006031990 seconds	0.0000000000 seconds
Iteration 27:	0.0005991459 seconds	0.0000000000 seconds
Iteration 27:	0.0006060600 seconds	0.0000000000 seconds
Iteration 27:	0.0006070137 seconds	0.0000000000 seconds
Iteration 27:	0.0006108284 seconds	0.0000000000 seconds
Iteration 27:	0.0005178452 seconds	0.0000000000 seconds
Iteration 27:	0.0004820824 seconds	0.0000000000 seconds
Iteration 27:	0.0005919933 seconds	0.0000000000 seconds
Iteration 27:	0.0005981922 seconds	0.0000000000 seconds
Iteration 27:	0.0005037785 seconds	0.0000000000 seconds
Iteration 27:	0.0005829334 seconds	0.0000000000 seconds
Iteration 27:	0.0005807877 seconds	0.0000000000 seconds
Iteration 27:	0.0005810261 seconds	0.0000000000 seconds
Iteration 27:	0.0005791187 seconds	0.0000000000 seconds
Iteration 27:	0.0005779266 seconds	0.0000000000 seconds
Iteration 27:	0.0005769730 seconds	0.0000000000 seconds
Iteration 27:	0.0005769730 seconds	0.0000000000 seconds
Iteration 27:	0.0005760193 seconds	0.0000000000 seconds
Iteration 27:	0.0005750656 seconds	0.0000000000 seconds
Iteration 27:	0.0005729198 seconds	0.0000000000 seconds
Iteration 27:	0.0005719662 seconds	0.0000000000 seconds
Iteration 27:	0.0005719662 seconds	0.0000000000 seconds
Iteration 28:	0.0005879402 seconds	0.0000000000 seconds
Iteration 28:	0.0005900860 seconds	0.0000000000 seconds
Iteration 28:	0.0005919933 seconds	0.0000000000 seconds
Iteration 28:	0.0005929470 seconds	0.0000000000 seconds
Iteration 28:	0.0005950928 seconds	0.0000000000 seconds
Iteration 28:	0.0005991459 seconds	0.0000000000 seconds
Iteration 28:	0.0006031990 seconds	0.0000000000 seconds
Iteration 28:	0.0005447865 seconds	0.0000000000 seconds
Iteration 28:	0.0006039143 seconds	0.0000009537 seconds
Iteration 28:	0.0006098747 seconds	0.0000000000 seconds
Iteration 28:	0.0006182194 seconds	0.0000000000 seconds
Iteration 28:	0.0006208420 seconds	0.0000000000 seconds
Iteration 28:	0.0006208420 seconds	0.0000000000 seconds
Iteration 28:	0.0006229877 seconds	0.0000000000 seconds
Iteration 28:	0.0006239414 seconds	0.0000000000 seconds
Iteration 28:	0.0006208420 seconds	0.0000000000 seconds
Iteration 28:	0.0006251335 seconds	0.0000000000 seconds
Iteration 28:	0.0006251335 seconds	0.0000000000 seconds
Iteration 28:	0.0006220341 seconds	0.0000000000 seconds
Iteration 28:	0.0006239414 seconds	0.0000000000 seconds
Iteration 28:	0.0006241798 seconds	0.0000000000 seconds
Iteration 28:	0.0006241798 seconds	0.0000000000 seconds
Iteration 28:	0.0006959438 seconds	0.0000000000 seconds
Iteration 28:	0.0006949902 seconds	0.0000000000 seconds
Iteration 29:	0.0005838871 seconds	0.0000000000 seconds
Iteration 29:	0.0005910397 seconds	0.0000000000 seconds
Iteration 29:	0.0005960464 seconds	0.0000000000 seconds
Iteration 29:	0.0006020069 seconds	0.0000000000 seconds
Iteration 29:	0.0006079674 seconds	0.0000000000 seconds
Iteration 29:	0.0004818439 seconds	0.0000000000 seconds
Iteration 29:	0.0006120205 seconds	0.0000000000 seconds
Iteration 29:	0.0006189346 seconds	0.0000000000 seconds
Iteration 29:	0.0005040169 seconds	0.0000000000 seconds
Iteration 29:	0.0005838871 seconds	0.0000000000 seconds
Iteration 29:	0.0005290508 seconds	0.0000000000 seconds
Iteration 29:	0.0005829334 seconds	0.0000000000 seconds
Iteration 29:	0.0006210804 seconds	0.0000000000 seconds
Iteration 29:	0.0006210804 seconds	0.0000000000 seconds
Iteration 29:	0.0005810261 seconds	0.0000000000 seconds
Iteration 29:	0.0005791187 seconds	0.0000000000 seconds
Iteration 29:	0.0005781651 seconds	0.0000000000 seconds
Iteration 29:	0.0005760193 seconds	0.0000000000 seconds
Iteration 29:	0.0005760193 seconds	0.0000000000 seconds
Iteration 29:	0.0005798340 seconds	0.0000000000 seconds
Iteration 29:	0.0005788803 seconds	0.0000000000 seconds
Iteration 29:	0.0005791187 seconds	0.0000000000 seconds
Iteration 29:	0.0005769730 seconds	0.0000000000 seconds
Iteration 29:	0.0005769730 seconds	0.0000000000 seconds
Iteration 30:	0.0005791187 seconds	0.0000000000 seconds
Iteration 30:	0.0005841255 seconds	0.0000000000 seconds
Iteration 30:	0.0005888939 seconds	0.0000000000 seconds
Iteration 30:	0.0005810261 seconds	0.0000000000 seconds
Iteration 30:	0.0005819798 seconds	0.0000000000 seconds
Iteration 30:	0.0005939007 seconds	0.0000000000 seconds
Iteration 30:	0.0006000996 seconds	0.0000000000 seconds
Iteration 30:	0.0006051064 seconds	0.0000000000 seconds
Iteration 30:	0.0006101131 seconds	0.0000000000 seconds
Iteration 30:	0.0005512238 seconds	0.0000000000 seconds
Iteration 30:	0.0006179810 seconds	0.0000000000 seconds
Iteration 30:	0.0006191730 seconds	0.0000000000 seconds
Iteration 30:	0.0006198883 seconds	0.0000000000 seconds
Iteration 30:	0.0006260872 seconds	0.0000000000 seconds
Iteration 30:	0.0006248951 seconds	0.0000000000 seconds
Iteration 30:	0.0006220341 seconds	0.0000000000 seconds
Iteration 30:	0.0006260872 seconds	0.0000000000 seconds
Iteration 30:	0.0006260872 seconds	0.0000000000 seconds
Iteration 30:	0.0006241798 seconds	0.0000000000 seconds
Iteration 30:	0.0006248951 seconds	0.0000000000 seconds
Iteration 30:	0.0006258488 seconds	0.0000000000 seconds
Iteration 30:	0.0006258488 seconds	0.0000000000 seconds
Iteration 30:	0.0006940365 seconds	0.0000000000 seconds
Iteration 30:	0.0006918907 seconds	0.0000000000 seconds
Iteration 31:	0.0005810261 seconds	0.0000000000 seconds
Iteration 31:	0.0005900860 seconds	0.0000000000 seconds
Iteration 31:	0.0005950928 seconds	0.0000000000 seconds
Iteration 31:	0.0006000996 seconds	0.0000000000 seconds
Iteration 31:	0.0004820824 seconds	0.0000000000 seconds
Iteration 31:	0.0006058216 seconds	0.0000000000 seconds
Iteration 31:	0.0006110668 seconds	0.0000000000 seconds
Iteration 31:	0.0006120205 seconds	0.0000000000 seconds
Iteration 31:	0.0005300045 seconds	0.0000000000 seconds
Iteration 31:	0.0006210804 seconds	0.0000000000 seconds
Iteration 31:	0.0006210804 seconds	0.0000000000 seconds
Iteration 31:	0.0005970001 seconds	0.0000000000 seconds
Iteration 31:	0.0005950928 seconds	0.0000000000 seconds
Iteration 31:	0.0005939007 seconds	0.0000000000 seconds
Iteration 31:	0.0005891323 seconds	0.0000000000 seconds
Iteration 31:	0.0005898476 seconds	0.0000000000 seconds
Iteration 31:	0.0005881786 seconds	0.0000000000 seconds
Iteration 31:	0.0005881786 seconds	0.0000000000 seconds
Iteration 31:	0.0005929470 seconds	0.0000000000 seconds
Iteration 31:	0.0005910397 seconds	0.0000000000 seconds
Iteration 31:	0.0005898476 seconds	0.0000000000 seconds
Iteration 31:	0.0005879402 seconds	0.0000000000 seconds
Iteration 31:	0.0005879402 seconds	0.0000000000 seconds
Iteration 31:	0.0005769730 seconds	0.0000000000 seconds
Iteration 32:	0.0006349087 seconds	0.0000000000 seconds
Iteration 32:	0.0006349087 seconds	0.0000000000 seconds
Iteration 32:	0.0006330013 seconds	0.0000000000 seconds
Iteration 32:	0.0006399155 seconds	0.0000009537 seconds
Iteration 32:	0.0006399155 seconds	0.0000000000 seconds
Iteration 32:	0.0005719662 seconds	0.0000000000 seconds
Iteration 32:	0.0006389618 seconds	0.0000000000 seconds
Iteration 32:	0.0006370544 seconds	0.0000000000 seconds
Iteration 32:	0.0006279945 seconds	0.0000000000 seconds
Iteration 32:	0.0006279945 seconds	0.0000000000 seconds
Iteration 32:	0.0006289482 seconds	0.0000000000 seconds
Iteration 32:	0.0005369186 seconds	0.0000000000 seconds
Iteration 32:	0.0006299019 seconds	0.0000000000 seconds
Iteration 32:	0.0006310940 seconds	0.0000000000 seconds
Iteration 32:	0.0006330013 seconds	0.0000000000 seconds
Iteration 32:	0.0006339550 seconds	0.0000000000 seconds
Iteration 32:	0.0006349087 seconds	0.0000009537 seconds
Iteration 32:	0.0006370544 seconds	0.0000000000 seconds
Iteration 32:	0.0006361008 seconds	0.0000000000 seconds
Iteration 32:	0.0006380081 seconds	0.0000000000 seconds
Iteration 32:	0.0006389618 seconds	0.0000000000 seconds
Iteration 32:	0.0006418228 seconds	0.0000000000 seconds
Iteration 32:	0.0006420612 seconds	0.0000000000 seconds
Iteration 32:	0.0006420612 seconds	0.0000000000 seconds
Iteration 33:	0.0005350113 seconds	0.0000000000 seconds
Iteration 33:	0.0005440712 seconds	0.0000000000 seconds
Iteration 33:	0.0005440712 seconds	0.0000000000 seconds
Iteration 33:	0.0005450249 seconds	0.0000000000 seconds
Iteration 33:	0.0005409718 seconds	0.0000000000 seconds
Iteration 33:	0.0005409718 seconds	0.0000000000 seconds
Iteration 33:	0.0005481243 seconds	0.0000000000 seconds
Iteration 33:	0.0005500317 seconds	0.0000000000 seconds
Iteration 33:	0.0005531311 seconds	0.0000000000 seconds
Iteration 33:	0.0005550385 seconds	0.0000000000 seconds
Iteration 33:	0.0004911423 seconds	0.0000000000 seconds
Iteration 33:	0.0005538464 seconds	0.0000000000 seconds
Iteration 33:	0.0005540848 seconds	0.0000000000 seconds
Iteration 33:	0.0005528927 seconds	0.0000000000 seconds
Iteration 33:	0.0005509853 seconds	0.0000000000 seconds
Iteration 33:	0.0005488396 seconds	0.0000000000 seconds
Iteration 33:	0.0005488396 seconds	0.0000000000 seconds
Iteration 33:	0.0005471706 seconds	0.0000000000 seconds
Iteration 33:	0.0005481243 seconds	0.0000000000 seconds
Iteration 33:	0.0005459785 seconds	0.0000000000 seconds
Iteration 33:	0.0005440712 seconds	0.0000009537 seconds
Iteration 33:	0.0005438328 seconds	0.0000000000 seconds
Iteration 33:	0.0005419254 seconds	0.0000000000 seconds
Iteration 33:	0.0005419254 seconds	0.0000000000 seconds
Iteration 34:	0.0005989075 seconds	0.0000000000 seconds
Iteration 34:	0.0005989075 seconds	0.0000000000 seconds
Iteration 34:	0.0005369186 seconds	0.0000000000 seconds
Iteration 34:	0.0006029606 seconds	0.0000000000 seconds
Iteration 34:	0.0006070137 seconds	0.0000000000 seconds
Iteration 34:	0.0006098747 seconds	0.0000000000 seconds
Iteration 34:	0.0006120205 seconds	0.0000000000 seconds
Iteration 34:	0.0006139278 seconds	0.0000000000 seconds
Iteration 34:	0.0006170273 seconds	0.0000000000 seconds
Iteration 34:	0.0006179810 seconds	0.0000000000 seconds
Iteration 34:	0.0006210804 seconds	0.0000000000 seconds
Iteration 34:	0.0006229877 seconds	0.0000000000 seconds
Iteration 34:	0.0006241798 seconds	0.0000000000 seconds
Iteration 34:	0.0006258488 seconds	0.0000000000 seconds
Iteration 34:	0.0006258488 seconds	0.0000000000 seconds
Iteration 34:	0.0006270409 seconds	0.0000009537 seconds
Iteration 34:	0.0006279945 seconds	0.0000000000 seconds
Iteration 34:	0.0006289482 seconds	0.0000000000 seconds
Iteration 34:	0.0006301403 seconds	0.0000000000 seconds
Iteration 34:	0.0006320477 seconds	0.0000000000 seconds
Iteration 34:	0.0006320477 seconds	0.0000000000 seconds
Iteration 34:	0.0006330013 seconds	0.0000000000 seconds
Iteration 34:	0.0006980896 seconds	0.0000000000 seconds
Iteration 34:	0.0006959438 seconds	0.0000000000 seconds
Iteration 35:	0.0005800724 seconds	0.0000000000 seconds
Iteration 35:	0.0005891323 seconds	0.0000000000 seconds
Iteration 35:	0.0005841255 seconds	0.0000000000 seconds
Iteration 35:	0.0005941391 seconds	0.0000000000 seconds
Iteration 35:	0.0006020069 seconds	0.0000000000 seconds
Iteration 35:	0.0006039143 seconds	0.0000000000 seconds
Iteration 35:	0.0005970001 seconds	0.0000000000 seconds
Iteration 35:	0.0006039143 seconds	0.0000000000 seconds
Iteration 35:	0.0006082058 seconds	0.0000000000 seconds
Iteration 35:	0.0005161762 seconds	0.0000000000 seconds
Iteration 35:	0.0004830360 seconds	0.0000000000 seconds
Iteration 35:	0.0005049706 seconds	0.0000000000 seconds
Iteration 35:	0.0005819798 seconds	0.0000000000 seconds
Iteration 35:	0.0005810261 seconds	0.0000000000 seconds
Iteration 35:	0.0005800724 seconds	0.0000000000 seconds
Iteration 35:	0.0005760193 seconds	0.0000000000 seconds
Iteration 35:	0.0005848408 seconds	0.0000000000 seconds
Iteration 35:	0.0005888939 seconds	0.0000009537 seconds
Iteration 35:	0.0005741119 seconds	0.0000000000 seconds
Iteration 35:	0.0005829334 seconds	0.0000000000 seconds
Iteration 35:	0.0005829334 seconds	0.0000011921 seconds
Iteration 35:	0.0005729198 seconds	0.0000000000 seconds
Iteration 35:	0.0005719662 seconds	0.0000000000 seconds
Iteration 35:	0.0005719662 seconds	0.0000011921 seconds
Iteration 36:	0.0005979538 seconds	0.0000000000 seconds
Iteration 36:	0.0005991459 seconds	0.0000000000 seconds
Iteration 36:	0.0006010532 seconds	0.0000000000 seconds
Iteration 36:	0.0006010532 seconds	0.0000000000 seconds
Iteration 36:	0.0006039143 seconds	0.0000000000 seconds
Iteration 36:	0.0006070137 seconds	0.0000000000 seconds
Iteration 36:	0.0006120205 seconds	0.0000000000 seconds
Iteration 36:	0.0006170273 seconds	0.0000000000 seconds
Iteration 36:	0.0006220341 seconds	0.0000000000 seconds
Iteration 36:	0.0005598068 seconds	0.0000000000 seconds
Iteration 36:	0.0006260872 seconds	0.0000009537 seconds
Iteration 36:	0.0006291866 seconds	0.0000000000 seconds
Iteration 36:	0.0006289482 seconds	0.0000009537 seconds
Iteration 36:	0.0006201267 seconds	0.0000000000 seconds
Iteration 36:	0.0006189346 seconds	0.0000000000 seconds
Iteration 36:	0.0006220341 seconds	0.0000000000 seconds
Iteration 36:	0.0006229877 seconds	0.0000000000 seconds
Iteration 36:	0.0006220341 seconds	0.0000000000 seconds
Iteration 36:	0.0006251335 seconds	0.0000000000 seconds
Iteration 36:	0.0006241798 seconds	0.0000000000 seconds
Iteration 36:	0.0006239414 seconds	0.0000000000 seconds
Iteration 36:	0.0006239414 seconds	0.0000000000 seconds
Iteration 36:	0.0006949902 seconds	0.0000000000 seconds
Iteration 36:	0.0006918907 seconds	0.0000000000 seconds
Iteration 37:	0.0005850792 seconds	0.0000000000 seconds
Iteration 37:	0.0005888939 seconds	0.0000000000 seconds
Iteration 37:	0.0005929470 seconds	0.0000000000 seconds
Iteration 37:	0.0005970001 seconds	0.0000000000 seconds
Iteration 37:	0.0005149841 seconds	0.0000000000 seconds
Iteration 37:	0.0005948544 seconds	0.0000000000 seconds
Iteration 37:	0.0005950928 seconds	0.0000000000 seconds
Iteration 37:	0.0005750656 seconds	0.0000000000 seconds
Iteration 37:	0.0005810261 seconds	0.0000009537 seconds
Iteration 37:	0.0005860329 seconds	0.0000000000 seconds
Iteration 37:	0.0004808903 seconds	0.0000000000 seconds
Iteration 37:	0.0005040169 seconds	0.0000000000 seconds
Iteration 37:	0.0005722046 seconds	0.0000009537 seconds
Iteration 37:	0.0005700588 seconds	0.0000000000 seconds
Iteration 37:	0.0005698204 seconds	0.0000000000 seconds
Iteration 37:	0.0005679131 seconds	0.0000000000 seconds
Iteration 37:	0.0005681515 seconds	0.0000000000 seconds
Iteration 37:	0.0005669594 seconds	0.0000000000 seconds
Iteration 37:	0.0005660057 seconds	0.0000009537 seconds
Iteration 37:	0.0005781651 seconds	0.0000000000 seconds
Iteration 37:	0.0005760193 seconds	0.0000000000 seconds
Iteration 37:	0.0005750656 seconds	0.0000000000 seconds
Iteration 37:	0.0005738735 seconds	0.0000009537 seconds
Iteration 37:	0.0005738735 seconds	0.0000000000 seconds
Iteration 38:	0.0005908012 seconds	0.0000000000 seconds
Iteration 38:	0.0005919933 seconds	0.0000000000 seconds
Iteration 38:	0.0005950928 seconds	0.0000000000 seconds
Iteration 38:	0.0005970001 seconds	0.0000000000 seconds
Iteration 38:	0.0005991459 seconds	0.0000000000 seconds
Iteration 38:	0.0005970001 seconds	0.0000000000 seconds
Iteration 38:	0.0005381107 seconds	0.0000000000 seconds
Iteration 38:	0.0006048679 seconds	0.0000000000 seconds
Iteration 38:	0.0006089211 seconds	0.0000000000 seconds
Iteration 38:	0.0006139278 seconds	0.0000000000 seconds
Iteration 38:	0.0006198883 seconds	0.0000000000 seconds
Iteration 38:	0.0006220341 seconds	0.0000000000 seconds
Iteration 38:	0.0006229877 seconds	0.0000000000 seconds
Iteration 38:	0.0006241798 seconds	0.0000000000 seconds
Iteration 38:	0.0006248951 seconds	0.0000000000 seconds
Iteration 38:	0.0006229877 seconds	0.0000000000 seconds
Iteration 38:	0.0006248951 seconds	0.0000000000 seconds
Iteration 38:	0.0006260872 seconds	0.0000000000 seconds
Iteration 38:	0.0006270409 seconds	0.0000000000 seconds
Iteration 38:	0.0006289482 seconds	0.0000000000 seconds
Iteration 38:	0.0006299019 seconds	0.0000000000 seconds
Iteration 38:	0.0006299019 seconds	0.0000000000 seconds
Iteration 38:	0.0006980896 seconds	0.0000000000 seconds
Iteration 38:	0.0006949902 seconds	0.0000000000 seconds
Iteration 39:	0.0005841255 seconds	0.0000000000 seconds
Iteration 39:	0.0005898476 seconds	0.0000000000 seconds
Iteration 39:	0.0005948544 seconds	0.0000000000 seconds
Iteration 39:	0.0006000996 seconds	0.0000000000 seconds
Iteration 39:	0.0004820824 seconds	0.0000000000 seconds
Iteration 39:	0.0005040169 seconds	0.0000000000 seconds
Iteration 39:	0.0006091595 seconds	0.0000000000 seconds
Iteration 39:	0.0006139278 seconds	0.0000000000 seconds
Iteration 39:	0.0005819798 seconds	0.0000000000 seconds
Iteration 39:	0.0006170273 seconds	0.0000000000 seconds
Iteration 39:	0.0005807877 seconds	0.0000000000 seconds
Iteration 39:	0.0005280972 seconds	0.0000000000 seconds
Iteration 39:	0.0005800724 seconds	0.0000000000 seconds
Iteration 39:	0.0006179810 seconds	0.0000000000 seconds
Iteration 39:	0.0006189346 seconds	0.0000000000 seconds
Iteration 39:	0.0005791187 seconds	0.0000000000 seconds
Iteration 39:	0.0005760193 seconds	0.0000000000 seconds
Iteration 39:	0.0005750656 seconds	0.0000000000 seconds
Iteration 39:	0.0005750656 seconds	0.0000000000 seconds
Iteration 39:	0.0005760193 seconds	0.0000000000 seconds
Iteration 39:	0.0005741119 seconds	0.0000000000 seconds
Iteration 39:	0.0005729198 seconds	0.0000000000 seconds
Iteration 39:	0.0005710125 seconds	0.0000000000 seconds
Iteration 39:	0.0005710125 seconds	0.0000009537 seconds
Iteration 40:	0.0005750656 seconds	0.0000000000 seconds
Iteration 40:	0.0005788803 seconds	0.0000000000 seconds
Iteration 40:	0.0005769730 seconds	0.0000000000 seconds
Iteration 40:	0.0005769730 seconds	0.0000000000 seconds
Iteration 40:	0.0005850792 seconds	0.0000000000 seconds
Iteration 40:	0.0005888939 seconds	0.0000000000 seconds
Iteration 40:	0.0005979538 seconds	0.0000000000 seconds
Iteration 40:	0.0006039143 seconds	0.0000000000 seconds
Iteration 40:	0.0006089211 seconds	0.0000000000 seconds
Iteration 40:	0.0005528927 seconds	0.0000000000 seconds
Iteration 40:	0.0006182194 seconds	0.0000009537 seconds
Iteration 40:	0.0006179810 seconds	0.0000000000 seconds
Iteration 40:	0.0006251335 seconds	0.0000000000 seconds
Iteration 40:	0.0006220341 seconds	0.0000009537 seconds
Iteration 40:	0.0006239414 seconds	0.0000000000 seconds
Iteration 40:	0.0006229877 seconds	0.0000000000 seconds
Iteration 40:	0.0006260872 seconds	0.0000000000 seconds
Iteration 40:	0.0006260872 seconds	0.0000000000 seconds
Iteration 40:	0.0006239414 seconds	0.0000000000 seconds
Iteration 40:	0.0006248951 seconds	0.0000000000 seconds
Iteration 40:	0.0006251335 seconds	0.0000000000 seconds
Iteration 40:	0.0006270409 seconds	0.0000000000 seconds
Iteration 40:	0.0006890297 seconds	0.0000000000 seconds
Iteration 40:	0.0006859303 seconds	0.0000000000 seconds
Iteration 41:	0.0005757809 seconds	0.0000000000 seconds
Iteration 41:	0.0005841255 seconds	0.0000000000 seconds
Iteration 41:	0.0005888939 seconds	0.0000000000 seconds
Iteration 41:	0.0005939007 seconds	0.0000000000 seconds
Iteration 41:	0.0006020069 seconds	0.0000000000 seconds
Iteration 41:	0.0006051064 seconds	0.0000000000 seconds
Iteration 41:	0.0006108284 seconds	0.0000000000 seconds
Iteration 41:	0.0005249977 seconds	0.0000000000 seconds
Iteration 41:	0.0006189346 seconds	0.0000000000 seconds
Iteration 41:	0.0006170273 seconds	0.0000000000 seconds
Iteration 41:	0.0005939007 seconds	0.0000000000 seconds
Iteration 41:	0.0005931854 seconds	0.0000000000 seconds
Iteration 41:	0.0005860329 seconds	0.0000000000 seconds
Iteration 41:	0.0005891323 seconds	0.0000000000 seconds
Iteration 41:	0.0005869865 seconds	0.0000000000 seconds
Iteration 41:	0.0005860329 seconds	0.0000000000 seconds
Iteration 41:	0.0005860329 seconds	0.0000000000 seconds
Iteration 41:	0.0005898476 seconds	0.0000000000 seconds
Iteration 41:	0.0005869865 seconds	0.0000000000 seconds
Iteration 41:	0.0005869865 seconds	0.0000000000 seconds
Iteration 41:	0.0005850792 seconds	0.0000000000 seconds
Iteration 41:	0.0005860329 seconds	0.0000000000 seconds
Iteration 41:	0.0005660057 seconds	0.0000000000 seconds
Iteration 41:	0.0005860329 seconds	0.0000000000 seconds
Iteration 42:	0.0006301403 seconds	0.0000000000 seconds
Iteration 42:	0.0006248951 seconds	0.0000000000 seconds
Iteration 42:	0.0006279945 seconds	0.0000000000 seconds
Iteration 42:	0.0006370544 seconds	0.0000000000 seconds
Iteration 42:	0.0005640984 seconds	0.0000000000 seconds
Iteration 42:	0.0006208420 seconds	0.0000000000 seconds
Iteration 42:	0.0006220341 seconds	0.0000000000 seconds
Iteration 42:	0.0006392002 seconds	0.0000000000 seconds
Iteration 42:	0.0006389618 seconds	0.0000000000 seconds
Iteration 42:	0.0006361008 seconds	0.0000000000 seconds
Iteration 42:	0.0005359650 seconds	0.0000000000 seconds
Iteration 42:	0.0005600452 seconds	0.0000000000 seconds
Iteration 42:	0.0006270409 seconds	0.0000000000 seconds
Iteration 42:	0.0006289482 seconds	0.0000000000 seconds
Iteration 42:	0.0006299019 seconds	0.0000000000 seconds
Iteration 42:	0.0006301403 seconds	0.0000000000 seconds
Iteration 42:	0.0006320477 seconds	0.0000009537 seconds
Iteration 42:	0.0006339550 seconds	0.0000000000 seconds
Iteration 42:	0.0006339550 seconds	0.0000000000 seconds
Iteration 42:	0.0006358624 seconds	0.0000000000 seconds
Iteration 42:	0.0006370544 seconds	0.0000000000 seconds
Iteration 42:	0.0006380081 seconds	0.0000000000 seconds
Iteration 42:	0.0006392002 seconds	0.0000000000 seconds
Iteration 42:	0.0006392002 seconds	0.0000000000 seconds
Iteration 43:	0.0005509853 seconds	0.0000000000 seconds
Iteration 43:	0.0005519390 seconds	0.0000000000 seconds
Iteration 43:	0.0005550385 seconds	0.0000000000 seconds
Iteration 43:	0.0005540848 seconds	0.0000000000 seconds
Iteration 43:	0.0004820824 seconds	0.0000000000 seconds
Iteration 43:	0.0005588531 seconds	0.0000000000 seconds
Iteration 43:	0.0005619526 seconds	0.0000000000 seconds
Iteration 43:	0.0005648136 seconds	0.0000000000 seconds
Iteration 43:	0.0005710125 seconds	0.0000000000 seconds
Iteration 43:	0.0005729198 seconds	0.0000000000 seconds
Iteration 43:	0.0005669594 seconds	0.0000000000 seconds
Iteration 43:	0.0005669594 seconds	0.0000000000 seconds
Iteration 43:	0.0005640984 seconds	0.0000000000 seconds
Iteration 43:	0.0005631447 seconds	0.0000009537 seconds
Iteration 43:	0.0005619526 seconds	0.0000000000 seconds
Iteration 43:	0.0005609989 seconds	0.0000000000 seconds
Iteration 43:	0.0005609989 seconds	0.0000000000 seconds
Iteration 43:	0.0005598068 seconds	0.0000000000 seconds
Iteration 43:	0.0005581379 seconds	0.0000000000 seconds
Iteration 43:	0.0005569458 seconds	0.0000000000 seconds
Iteration 43:	0.0005550385 seconds	0.0000000000 seconds
Iteration 43:	0.0005550385 seconds	0.0000000000 seconds
Iteration 43:	0.0006361008 seconds	0.0000000000 seconds
Iteration 43:	0.0006310940 seconds	0.0000000000 seconds
Iteration 44:	0.0006170273 seconds	0.0000000000 seconds
Iteration 44:	0.0006210804 seconds	0.0000000000 seconds
Iteration 44:	0.0006339550 seconds	0.0000000000 seconds
Iteration 44:	0.0006279945 seconds	0.0000000000 seconds
Iteration 44:	0.0006310940 seconds	0.0000000000 seconds
Iteration 44:	0.0006361008 seconds	0.0000000000 seconds
Iteration 44:	0.0006439686 seconds	0.0000000000 seconds
Iteration 44:	0.0005679131 seconds	0.0000000000 seconds
Iteration 44:	0.0006442070 seconds	0.0000000000 seconds
Iteration 44:	0.0006430149 seconds	0.0000000000 seconds
Iteration 44:	0.0005350113 seconds	0.0000000000 seconds
Iteration 44:	0.0005600452 seconds	0.0000000000 seconds
Iteration 44:	0.0006270409 seconds	0.0000000000 seconds
Iteration 44:	0.0006270409 seconds	0.0000000000 seconds
Iteration 44:	0.0006301403 seconds	0.0000000000 seconds
Iteration 44:	0.0006301403 seconds	0.0000000000 seconds
Iteration 44:	0.0006318092 seconds	0.0000000000 seconds
Iteration 44:	0.0006330013 seconds	0.0000000000 seconds
Iteration 44:	0.0006330013 seconds	0.0000000000 seconds
Iteration 44:	0.0006349087 seconds	0.0000000000 seconds
Iteration 44:	0.0006361008 seconds	0.0000000000 seconds
Iteration 44:	0.0006370544 seconds	0.0000000000 seconds
Iteration 44:	0.0006380081 seconds	0.0000000000 seconds
Iteration 44:	0.0006380081 seconds	0.0000000000 seconds
Iteration 45:	0.0005428791 seconds	0.0000000000 seconds
Iteration 45:	0.0005419254 seconds	0.0000000000 seconds
Iteration 45:	0.0005428791 seconds	0.0000000000 seconds
Iteration 45:	0.0005459785 seconds	0.0000000000 seconds
Iteration 45:	0.0005428791 seconds	0.0000000000 seconds
Iteration 45:	0.0005431175 seconds	0.0000000000 seconds
Iteration 45:	0.0005469322 seconds	0.0000000000 seconds
Iteration 45:	0.0005509853 seconds	0.0000000000 seconds
Iteration 45:	0.0005569458 seconds	0.0000000000 seconds
Iteration 45:	0.0004878044 seconds	0.0000000000 seconds
Iteration 45:	0.0005550385 seconds	0.0000000000 seconds
Iteration 45:	0.0005531311 seconds	0.0000000000 seconds
Iteration 45:	0.0005528927 seconds	0.0000000000 seconds
Iteration 45:	0.0005521774 seconds	0.0000000000 seconds
Iteration 45:	0.0005509853 seconds	0.0000000000 seconds
Iteration 45:	0.0005471706 seconds	0.0000000000 seconds
Iteration 45:	0.0005590916 seconds	0.0000000000 seconds
Iteration 45:	0.0005559921 seconds	0.0000000000 seconds
Iteration 45:	0.0005440712 seconds	0.0000000000 seconds
Iteration 45:	0.0005538464 seconds	0.0000000000 seconds
Iteration 45:	0.0005528927 seconds	0.0000000000 seconds
Iteration 45:	0.0005440712 seconds	0.0000000000 seconds
Iteration 45:	0.0005428791 seconds	0.0000000000 seconds
Iteration 45:	0.0005428791 seconds	0.0000000000 seconds
Iteration 46:	0.0006139278 seconds	0.0000000000 seconds
Iteration 46:	0.0006170273 seconds	0.0000000000 seconds
Iteration 46:	0.0006198883 seconds	0.0000000000 seconds
Iteration 46:	0.0006189346 seconds	0.0000000000 seconds
Iteration 46:	0.0005478859 seconds	0.0000000000 seconds
Iteration 46:	0.0006210804 seconds	0.0000000000 seconds
Iteration 46:	0.0006220341 seconds	0.0000000000 seconds
Iteration 46:	0.0006189346 seconds	0.0000000000 seconds
Iteration 46:	0.0006201267 seconds	0.0000000000 seconds
Iteration 46:	0.0006210804 seconds	0.0000000000 seconds
Iteration 46:	0.0006229877 seconds	0.0000000000 seconds
Iteration 46:	0.0006258488 seconds	0.0000000000 seconds
Iteration 46:	0.0006270409 seconds	0.0000009537 seconds
Iteration 46:	0.0006279945 seconds	0.0000000000 seconds
Iteration 46:	0.0006201267 seconds	0.0000000000 seconds
Iteration 46:	0.0006229877 seconds	0.0000009537 seconds
Iteration 46:	0.0006279945 seconds	0.0000000000 seconds
Iteration 46:	0.0006239414 seconds	0.0000009537 seconds
Iteration 46:	0.0006248951 seconds	0.0000000000 seconds
Iteration 46:	0.0006310940 seconds	0.0000000000 seconds
Iteration 46:	0.0006320477 seconds	0.0000000000 seconds
Iteration 46:	0.0006308556 seconds	0.0000000000 seconds
Iteration 46:	0.0006320477 seconds	0.0000000000 seconds
Iteration 46:	0.0006930828 seconds	0.0000000000 seconds
Iteration 47:	0.0005989075 seconds	0.0000000000 seconds
Iteration 47:	0.0005970001 seconds	0.0000009537 seconds
Iteration 47:	0.0005989075 seconds	0.0000000000 seconds
Iteration 47:	0.0005240440 seconds	0.0000000000 seconds
Iteration 47:	0.0005838871 seconds	0.0000000000 seconds
Iteration 47:	0.0005900860 seconds	0.0000000000 seconds
Iteration 47:	0.0005991459 seconds	0.0000000000 seconds
Iteration 47:	0.0005991459 seconds	0.0000009537 seconds
Iteration 47:	0.0005960464 seconds	0.0000000000 seconds
Iteration 47:	0.0006010532 seconds	0.0000000000 seconds
Iteration 47:	0.0006058216 seconds	0.0000000000 seconds
Iteration 47:	0.0004820824 seconds	0.0000000000 seconds
Iteration 47:	0.0005838871 seconds	0.0000011921 seconds
Iteration 47:	0.0005831718 seconds	0.0000000000 seconds
Iteration 47:	0.0005819798 seconds	0.0000000000 seconds
Iteration 47:	0.0005800724 seconds	0.0000000000 seconds
Iteration 47:	0.0005798340 seconds	0.0000000000 seconds
Iteration 47:	0.0005779266 seconds	0.0000011921 seconds
Iteration 47:	0.0005779266 seconds	0.0000000000 seconds
Iteration 47:	0.0005810261 seconds	0.0000000000 seconds
Iteration 47:	0.0005781651 seconds	0.0000000000 seconds
Iteration 47:	0.0005769730 seconds	0.0000000000 seconds
Iteration 47:	0.0005769730 seconds	0.0000000000 seconds
Iteration 47:	0.0005760193 seconds	0.0000000000 seconds
Iteration 48:	0.0005891323 seconds	0.0000000000 seconds
Iteration 48:	0.0005879402 seconds	0.0000000000 seconds
Iteration 48:	0.0005359650 seconds	0.0000000000 seconds
Iteration 48:	0.0005950928 seconds	0.0000000000 seconds
Iteration 48:	0.0006000996 seconds	0.0000000000 seconds
Iteration 48:	0.0006029606 seconds	0.0000000000 seconds
Iteration 48:	0.0006039143 seconds	0.0000000000 seconds
Iteration 48:	0.0006089211 seconds	0.0000000000 seconds
Iteration 48:	0.0006129742 seconds	0.0000000000 seconds
Iteration 48:	0.0006191730 seconds	0.0000000000 seconds
Iteration 48:	0.0006239414 seconds	0.0000000000 seconds
Iteration 48:	0.0006260872 seconds	0.0000000000 seconds
Iteration 48:	0.0006279945 seconds	0.0000000000 seconds
Iteration 48:	0.0006289482 seconds	0.0000000000 seconds
Iteration 48:	0.0006299019 seconds	0.0000000000 seconds
Iteration 48:	0.0006310940 seconds	0.0000000000 seconds
Iteration 48:	0.0006310940 seconds	0.0000000000 seconds
Iteration 48:	0.0006320477 seconds	0.0000000000 seconds
Iteration 48:	0.0006339550 seconds	0.0000000000 seconds
Iteration 48:	0.0006358624 seconds	0.0000000000 seconds
Iteration 48:	0.0006389618 seconds	0.0000000000 seconds
Iteration 48:	0.0006389618 seconds	0.0000000000 seconds
Iteration 48:	0.0007171631 seconds	0.0000000000 seconds
Iteration 48:	0.0007121563 seconds	0.0000000000 seconds
Iteration 49:	0.0005970001 seconds	0.0000000000 seconds
Iteration 49:	0.0006029606 seconds	0.0000000000 seconds
Iteration 49:	0.0006082058 seconds	0.0000000000 seconds
Iteration 49:	0.0006129742 seconds	0.0000000000 seconds
Iteration 49:	0.0004820824 seconds	0.0000000000 seconds
Iteration 49:	0.0006208420 seconds	0.0000000000 seconds
Iteration 49:	0.0006248951 seconds	0.0000009537 seconds
Iteration 49:	0.0005049706 seconds	0.0000000000 seconds
Iteration 49:	0.0006310940 seconds	0.0000000000 seconds
Iteration 49:	0.0005960464 seconds	0.0000000000 seconds
Iteration 49:	0.0006330013 seconds	0.0000000000 seconds
Iteration 49:	0.0005929470 seconds	0.0000000000 seconds
Iteration 49:	0.0005919933 seconds	0.0000000000 seconds
Iteration 49:	0.0006389618 seconds	0.0000000000 seconds
Iteration 49:	0.0005400181 seconds	0.0000000000 seconds
Iteration 49:	0.0005910397 seconds	0.0000000000 seconds
Iteration 49:	0.0005898476 seconds	0.0000000000 seconds
Iteration 49:	0.0005881786 seconds	0.0000000000 seconds
Iteration 49:	0.0005891323 seconds	0.0000000000 seconds
Iteration 49:	0.0005869865 seconds	0.0000000000 seconds
Iteration 49:	0.0005850792 seconds	0.0000000000 seconds
Iteration 49:	0.0005848408 seconds	0.0000000000 seconds
Iteration 49:	0.0005819798 seconds	0.0000000000 seconds
Iteration 49:	0.0005819798 seconds	0.0000000000 seconds
Iteration 50:	0.0005829334 seconds	0.0000000000 seconds
Iteration 50:	0.0005850792 seconds	0.0000000000 seconds
Iteration 50:	0.0005860329 seconds	0.0000009537 seconds
Iteration 50:	0.0005910397 seconds	0.0000000000 seconds
Iteration 50:	0.0005800724 seconds	0.0000000000 seconds
Iteration 50:	0.0005829334 seconds	0.0000000000 seconds
Iteration 50:	0.0005989075 seconds	0.0000000000 seconds
Iteration 50:	0.0006039143 seconds	0.0000000000 seconds
Iteration 50:	0.0006089211 seconds	0.0000000000 seconds
Iteration 50:	0.0005469322 seconds	0.0000000000 seconds
Iteration 50:	0.0006170273 seconds	0.0000000000 seconds
Iteration 50:	0.0006239414 seconds	0.0000000000 seconds
Iteration 50:	0.0006208420 seconds	0.0000000000 seconds
Iteration 50:	0.0006239414 seconds	0.0000000000 seconds
Iteration 50:	0.0006248951 seconds	0.0000000000 seconds
Iteration 50:	0.0006217957 seconds	0.0000000000 seconds
Iteration 50:	0.0006260872 seconds	0.0000000000 seconds
Iteration 50:	0.0006260872 seconds	0.0000000000 seconds
Iteration 50:	0.0006229877 seconds	0.0000000000 seconds
Iteration 50:	0.0006239414 seconds	0.0000000000 seconds
Iteration 50:	0.0006251335 seconds	0.0000000000 seconds
Iteration 50:	0.0006251335 seconds	0.0000000000 seconds
Iteration 50:	0.0006961823 seconds	0.0000000000 seconds
Iteration 50:	0.0006940365 seconds	0.0000000000 seconds
Iteration 51:	0.0005807877 seconds	0.0000011921 seconds
Iteration 51:	0.0005908012 seconds	0.0000000000 seconds
Iteration 51:	0.0005857944 seconds	0.0000011921 seconds
Iteration 51:	0.0005948544 seconds	0.0000000000 seconds
Iteration 51:	0.0006010532 seconds	0.0000009537 seconds
Iteration 51:	0.0006020069 seconds	0.0000000000 seconds
Iteration 51:	0.0005991459 seconds	0.0000009537 seconds
Iteration 51:	0.0005149841 seconds	0.0000000000 seconds
Iteration 51:	0.0006029606 seconds	0.0000000000 seconds
Iteration 51:	0.0006020069 seconds	0.0000000000 seconds
Iteration 51:	0.0004827976 seconds	0.0000011921 seconds
Iteration 51:	0.0005049706 seconds	0.0000000000 seconds
Iteration 51:	0.0005848408 seconds	0.0000000000 seconds
Iteration 51:	0.0005769730 seconds	0.0000000000 seconds
Iteration 51:	0.0005788803 seconds	0.0000000000 seconds
Iteration 51:	0.0005779266 seconds	0.0000000000 seconds
Iteration 51:	0.0005772114 seconds	0.0000000000 seconds
Iteration 51:	0.0005760193 seconds	0.0000000000 seconds
Iteration 51:	0.0005750656 seconds	0.0000000000 seconds
Iteration 51:	0.0005798340 seconds	0.0000000000 seconds
Iteration 51:	0.0005788803 seconds	0.0000000000 seconds
Iteration 51:	0.0005781651 seconds	0.0000000000 seconds
Iteration 51:	0.0005760193 seconds	0.0000000000 seconds
Iteration 51:	0.0005750656 seconds	0.0000000000 seconds
Iteration 52:	0.0005898476 seconds	0.0000000000 seconds
Iteration 52:	0.0005919933 seconds	0.0000000000 seconds
Iteration 52:	0.0005948544 seconds	0.0000000000 seconds
Iteration 52:	0.0005960464 seconds	0.0000000000 seconds
Iteration 52:	0.0005998611 seconds	0.0000000000 seconds
Iteration 52:	0.0006048679 seconds	0.0000000000 seconds
Iteration 52:	0.0006070137 seconds	0.0000000000 seconds
Iteration 52:	0.0006120205 seconds	0.0000000000 seconds
Iteration 52:	0.0006160736 seconds	0.0000000000 seconds
Iteration 52:	0.0005531311 seconds	0.0000000000 seconds
Iteration 52:	0.0006198883 seconds	0.0000000000 seconds
Iteration 52:	0.0006220341 seconds	0.0000000000 seconds
Iteration 52:	0.0006229877 seconds	0.0000000000 seconds
Iteration 52:	0.0006229877 seconds	0.0000000000 seconds
Iteration 52:	0.0006248951 seconds	0.0000000000 seconds
Iteration 52:	0.0006220341 seconds	0.0000000000 seconds
Iteration 52:	0.0006260872 seconds	0.0000000000 seconds
Iteration 52:	0.0006260872 seconds	0.0000000000 seconds
Iteration 52:	0.0006232262 seconds	0.0000000000 seconds
Iteration 52:	0.0006239414 seconds	0.0000000000 seconds
Iteration 52:	0.0006248951 seconds	0.0000000000 seconds
Iteration 52:	0.0006258488 seconds	0.0000000000 seconds
Iteration 52:	0.0006940365 seconds	0.0000000000 seconds
Iteration 52:	0.0006930828 seconds	0.0000000000 seconds
Iteration 53:	0.0005781651 seconds	0.0000000000 seconds
Iteration 53:	0.0005819798 seconds	0.0000000000 seconds
Iteration 53:	0.0005879402 seconds	0.0000000000 seconds
Iteration 53:	0.0005919933 seconds	0.0000000000 seconds
Iteration 53:	0.0006041527 seconds	0.0000000000 seconds
Iteration 53:	0.0005979538 seconds	0.0000011921 seconds
Iteration 53:	0.0005919933 seconds	0.0000009537 seconds
Iteration 53:	0.0005171299 seconds	0.0000000000 seconds
Iteration 53:	0.0006048679 seconds	0.0000000000 seconds
Iteration 53:	0.0006060600 seconds	0.0000000000 seconds
Iteration 53:	0.0004818439 seconds	0.0000000000 seconds
Iteration 53:	0.0005049706 seconds	0.0000000000 seconds
Iteration 53:	0.0005798340 seconds	0.0000000000 seconds
Iteration 53:	0.0005800724 seconds	0.0000000000 seconds
Iteration 53:	0.0005779266 seconds	0.0000009537 seconds
Iteration 53:	0.0005769730 seconds	0.0000000000 seconds
Iteration 53:	0.0005760193 seconds	0.0000000000 seconds
Iteration 53:	0.0005748272 seconds	0.0000000000 seconds
Iteration 53:	0.0005748272 seconds	0.0000000000 seconds
Iteration 53:	0.0005791187 seconds	0.0000000000 seconds
Iteration 53:	0.0005779266 seconds	0.0000000000 seconds
Iteration 53:	0.0005769730 seconds	0.0000000000 seconds
Iteration 53:	0.0005772114 seconds	0.0000000000 seconds
Iteration 53:	0.0005769730 seconds	0.0000000000 seconds
Iteration 54:	0.0005929470 seconds	0.0000000000 seconds
Iteration 54:	0.0005929470 seconds	0.0000000000 seconds
Iteration 54:	0.0005960464 seconds	0.0000000000 seconds
Iteration 54:	0.0005960464 seconds	0.0000000000 seconds
Iteration 54:	0.0005941391 seconds	0.0000000000 seconds
Iteration 54:	0.0006010532 seconds	0.0000000000 seconds
Iteration 54:	0.0006058216 seconds	0.0000000000 seconds
Iteration 54:	0.0006110668 seconds	0.0000000000 seconds
Iteration 54:	0.0006151199 seconds	0.0000000000 seconds
Iteration 54:	0.0005550385 seconds	0.0000009537 seconds
Iteration 54:	0.0006198883 seconds	0.0000000000 seconds
Iteration 54:	0.0006201267 seconds	0.0000000000 seconds
Iteration 54:	0.0006210804 seconds	0.0000000000 seconds
Iteration 54:	0.0006232262 seconds	0.0000000000 seconds
Iteration 54:	0.0006239414 seconds	0.0000000000 seconds
Iteration 54:	0.0006220341 seconds	0.0000000000 seconds
Iteration 54:	0.0006248951 seconds	0.0000000000 seconds
Iteration 54:	0.0006248951 seconds	0.0000000000 seconds
Iteration 54:	0.0006217957 seconds	0.0000000000 seconds
Iteration 54:	0.0006229877 seconds	0.0000000000 seconds
Iteration 54:	0.0006229877 seconds	0.0000000000 seconds
Iteration 54:	0.0006220341 seconds	0.0000000000 seconds
Iteration 54:	0.0006980896 seconds	0.0000000000 seconds
Iteration 54:	0.0006971359 seconds	0.0000000000 seconds
Iteration 55:	0.0005810261 seconds	0.0000000000 seconds
Iteration 55:	0.0005948544 seconds	0.0000000000 seconds
Iteration 55:	0.0006000996 seconds	0.0000000000 seconds
Iteration 55:	0.0005869865 seconds	0.0000000000 seconds
Iteration 55:	0.0005910397 seconds	0.0000000000 seconds
Iteration 55:	0.0006051064 seconds	0.0000000000 seconds
Iteration 55:	0.0006060600 seconds	0.0000000000 seconds
Iteration 55:	0.0005161762 seconds	0.0000000000 seconds
Iteration 55:	0.0006070137 seconds	0.0000000000 seconds
Iteration 55:	0.0006060600 seconds	0.0000000000 seconds
Iteration 55:	0.0004820824 seconds	0.0000000000 seconds
Iteration 55:	0.0005040169 seconds	0.0000000000 seconds
Iteration 55:	0.0005900860 seconds	0.0000000000 seconds
Iteration 55:	0.0005941391 seconds	0.0000000000 seconds
Iteration 55:	0.0005979538 seconds	0.0000000000 seconds
Iteration 55:	0.0005879402 seconds	0.0000000000 seconds
Iteration 55:	0.0005829334 seconds	0.0000000000 seconds
Iteration 55:	0.0005860329 seconds	0.0000000000 seconds
Iteration 55:	0.0005829334 seconds	0.0000000000 seconds
Iteration 55:	0.0005838871 seconds	0.0000000000 seconds
Iteration 55:	0.0005829334 seconds	0.0000000000 seconds
Iteration 55:	0.0005810261 seconds	0.0000000000 seconds
Iteration 55:	0.0005788803 seconds	0.0000000000 seconds
Iteration 55:	0.0005788803 seconds	0.0000000000 seconds
Iteration 56:	0.0005970001 seconds	0.0000000000 seconds
Iteration 56:	0.0005981922 seconds	0.0000000000 seconds
Iteration 56:	0.0005998611 seconds	0.0000000000 seconds
Iteration 56:	0.0005998611 seconds	0.0000000000 seconds
Iteration 56:	0.0006020069 seconds	0.0000000000 seconds
Iteration 56:	0.0006079674 seconds	0.0000009537 seconds
Iteration 56:	0.0006129742 seconds	0.0000000000 seconds
Iteration 56:	0.0006160736 seconds	0.0000000000 seconds
Iteration 56:	0.0006201267 seconds	0.0000000000 seconds
Iteration 56:	0.0005621910 seconds	0.0000000000 seconds
Iteration 56:	0.0006101131 seconds	0.0000000000 seconds
Iteration 56:	0.0006141663 seconds	0.0000000000 seconds
Iteration 56:	0.0006198883 seconds	0.0000000000 seconds
Iteration 56:	0.0006208420 seconds	0.0000000000 seconds
Iteration 56:	0.0006208420 seconds	0.0000000000 seconds
Iteration 56:	0.0006229877 seconds	0.0000000000 seconds
Iteration 56:	0.0006208420 seconds	0.0000000000 seconds
Iteration 56:	0.0006239414 seconds	0.0000000000 seconds
Iteration 56:	0.0006229877 seconds	0.0000000000 seconds
Iteration 56:	0.0006229877 seconds	0.0000000000 seconds
Iteration 56:	0.0006241798 seconds	0.0000000000 seconds
Iteration 56:	0.0006251335 seconds	0.0000000000 seconds
Iteration 56:	0.0006990433 seconds	0.0000009537 seconds
Iteration 56:	0.0006959438 seconds	0.0000000000 seconds
Iteration 57:	0.0005128384 seconds	0.0000000000 seconds
Iteration 57:	0.0005791187 seconds	0.0000000000 seconds
Iteration 57:	0.0006039143 seconds	0.0000000000 seconds
Iteration 57:	0.0005860329 seconds	0.0000000000 seconds
Iteration 57:	0.0006029606 seconds	0.0000000000 seconds
Iteration 57:	0.0005910397 seconds	0.0000000000 seconds
Iteration 57:	0.0005958080 seconds	0.0000000000 seconds
Iteration 57:	0.0004808903 seconds	0.0000000000 seconds
Iteration 57:	0.0006029606 seconds	0.0000000000 seconds
Iteration 57:	0.0005049706 seconds	0.0000000000 seconds
Iteration 57:	0.0005772114 seconds	0.0000000000 seconds
Iteration 57:	0.0006120205 seconds	0.0000000000 seconds
Iteration 57:	0.0006151199 seconds	0.0000000000 seconds
Iteration 57:	0.0005769730 seconds	0.0000000000 seconds
Iteration 57:	0.0005760193 seconds	0.0000000000 seconds
Iteration 57:	0.0005748272 seconds	0.0000000000 seconds
Iteration 57:	0.0005741119 seconds	0.0000000000 seconds
Iteration 57:	0.0005719662 seconds	0.0000000000 seconds
Iteration 57:	0.0005719662 seconds	0.0000000000 seconds
Iteration 57:	0.0005810261 seconds	0.0000000000 seconds
Iteration 57:	0.0005807877 seconds	0.0000000000 seconds
Iteration 57:	0.0005791187 seconds	0.0000000000 seconds
Iteration 57:	0.0005779266 seconds	0.0000000000 seconds
Iteration 57:	0.0005769730 seconds	0.0000000000 seconds
Iteration 58:	0.0005970001 seconds	0.0000000000 seconds
Iteration 58:	0.0005981922 seconds	0.0000000000 seconds
Iteration 58:	0.0005369186 seconds	0.0000000000 seconds
Iteration 58:	0.0005919933 seconds	0.0000000000 seconds
Iteration 58:	0.0005979538 seconds	0.0000000000 seconds
Iteration 58:	0.0006070137 seconds	0.0000000000 seconds
Iteration 58:	0.0006129742 seconds	0.0000000000 seconds
Iteration 58:	0.0006189346 seconds	0.0000000000 seconds
Iteration 58:	0.0006251335 seconds	0.0000000000 seconds
Iteration 58:	0.0006301403 seconds	0.0000000000 seconds
Iteration 58:	0.0006330013 seconds	0.0000000000 seconds
Iteration 58:	0.0006339550 seconds	0.0000000000 seconds
Iteration 58:	0.0006341934 seconds	0.0000000000 seconds
Iteration 58:	0.0006368160 seconds	0.0000000000 seconds
Iteration 58:	0.0006380081 seconds	0.0000000000 seconds
Iteration 58:	0.0006399155 seconds	0.0000000000 seconds
Iteration 58:	0.0006389618 seconds	0.0000000000 seconds
Iteration 58:	0.0006461143 seconds	0.0000000000 seconds
Iteration 58:	0.0006430149 seconds	0.0000000000 seconds
Iteration 58:	0.0006442070 seconds	0.0000000000 seconds
Iteration 58:	0.0006458759 seconds	0.0000000000 seconds
Iteration 58:	0.0006449223 seconds	0.0000000000 seconds
Iteration 58:	0.0007181168 seconds	0.0000000000 seconds
Iteration 58:	0.0007159710 seconds	0.0000000000 seconds
Iteration 59:	0.0005910397 seconds	0.0000000000 seconds
Iteration 59:	0.0005970001 seconds	0.0000000000 seconds
Iteration 59:	0.0006029606 seconds	0.0000000000 seconds
Iteration 59:	0.0006091595 seconds	0.0000000000 seconds
Iteration 59:	0.0004820824 seconds	0.0000000000 seconds
Iteration 59:	0.0006158352 seconds	0.0000000000 seconds
Iteration 59:	0.0006208420 seconds	0.0000000000 seconds
Iteration 59:	0.0006248951 seconds	0.0000000000 seconds
Iteration 59:	0.0005040169 seconds	0.0000000000 seconds
Iteration 59:	0.0006289482 seconds	0.0000000000 seconds
Iteration 59:	0.0005888939 seconds	0.0000000000 seconds
Iteration 59:	0.0005869865 seconds	0.0000000000 seconds
Iteration 59:	0.0006361008 seconds	0.0000000000 seconds
Iteration 59:	0.0005350113 seconds	0.0000000000 seconds
Iteration 59:	0.0005879402 seconds	0.0000000000 seconds
Total computation time was: 0.036634		Average frame time was: 0.000603		Average Particle interations per second were: 1529587107.816498
Iteration 59:	0.0005850792 seconds	0.0000000000 seconds
Iteration 59:	0.0005838871 seconds	0.0000000000 seconds
Iteration 59:	0.0005831718 seconds	0.0000000000 seconds
Iteration 59:	0.0005831718 seconds	0.0000000000 seconds
Iteration 59:	0.0005760193 seconds	0.0000000000 seconds
Iteration 59:	0.0005791187 seconds	0.0000000000 seconds
Iteration 59:	0.0005779266 seconds	0.0000000000 seconds
Iteration 59:	0.0005769730 seconds	0.0000000000 seconds
Iteration 59:	0.0005769730 seconds	0.0000000000 seconds
