[ -1:000]                : Rank 14 is running on comet-15-28.sdsc.edu
[ -1:000]                : Rank 20 is running on comet-15-28.sdsc.edu
[ -1:000]                : Rank 15 is running on comet-15-28.sdsc.edu
[ 20:001] init_pprintf   : My dest: 21	My source: 19	My_num_part: 340
[ 15:001] init_pprintf   : My dest: 16	My source: 14	My_num_part: 340
[ -1:000]                : Rank 3 is running on comet-15-28.sdsc.edu
[ -1:000]                : Rank 5 is running on comet-15-28.sdsc.edu
[ -1:000]                : Rank 8 is running on comet-15-28.sdsc.edu
[  5:001] init_pprintf   : My dest: 6	My source: 4	My_num_part: 340
[  3:001] init_pprintf   : My dest: 4	My source: 2	My_num_part: 340
[  8:001] init_pprintf   : My dest: 9	My source: 7	My_num_part: 340
[ -1:000]                : Rank 17 is running on comet-15-28.sdsc.edu
[ 17:001] init_pprintf   : My dest: 18	My source: 16	My_num_part: 340
[ -1:000]                : Rank 16 is running on comet-15-28.sdsc.edu
[ 16:001] init_pprintf   : My dest: 17	My source: 15	My_num_part: 340
[ -1:000]                : Rank 4 is running on comet-15-28.sdsc.edu
[ -1:000]                : Rank 19 is running on comet-15-28.sdsc.edu
[  4:001] init_pprintf   : My dest: 5	My source: 3	My_num_part: 340
[ 19:001] init_pprintf   : My dest: 20	My source: 18	My_num_part: 340
[ -1:000]                : Rank 9 is running on comet-15-28.sdsc.edu
[ -1:000]                : Rank 6 is running on comet-15-28.sdsc.edu
[ -1:000]                : Rank 11 is running on comet-15-28.sdsc.edu
[  9:001] init_pprintf   : My dest: 10	My source: 8	My_num_part: 340
[  6:001] init_pprintf   : My dest: 7	My source: 5	My_num_part: 340
[ 11:001] init_pprintf   : My dest: 12	My source: 10	My_num_part: 340
[ -1:000]                : Rank 13 is running on comet-15-28.sdsc.edu
[ -1:000]                : Rank 23 is running on comet-15-28.sdsc.edu
[ -1:000]                : Rank 12 is running on comet-15-28.sdsc.edu
[ 13:001] init_pprintf   : My dest: 14	My source: 12	My_num_part: 340
[ 23:001] init_pprintf   : My dest: 0	My source: 22	My_num_part: 340
[ 12:001] init_pprintf   : My dest: 13	My source: 11	My_num_part: 340
[ -1:000]                : Rank 7 is running on comet-15-28.sdsc.edu
[ -1:000]                : Rank 2 is running on comet-15-28.sdsc.edu
[ -1:000]                : Rank 21 is running on comet-15-28.sdsc.edu
[ -1:000]                : Rank 22 is running on comet-15-28.sdsc.edu
[  7:001] init_pprintf   : My dest: 8	My source: 6	My_num_part: 340
[  2:001] init_pprintf   : My dest: 3	My source: 1	My_num_part: 340
[ -1:000]                : Rank 10 is running on comet-15-28.sdsc.edu
[ -1:000]                : Rank 18 is running on comet-15-28.sdsc.edu
[ 21:001] init_pprintf   : My dest: 22	My source: 20	My_num_part: 340
[ 22:001] init_pprintf   : My dest: 23	My source: 21	My_num_part: 340
[ -1:000]                : Rank 0 is running on comet-15-28.sdsc.edu
[ 10:001] init_pprintf   : My dest: 11	My source: 9	My_num_part: 340
[ 18:001] init_pprintf   : My dest: 19	My source: 17	My_num_part: 340
[  0:001] init_pprintf   : My dest: 1	My source: 23	My_num_part: 340
[ 14:001] init_pprintf   : My dest: 15	My source: 13	My_num_part: 340
Initalizing particles linear on 5100 to 5440
Initalizing particles linear on 1020 to 1360
Initalizing particles linear on 1700 to 2040
Initalizing particles linear on 2720 to 3060
Initalizing particles linear on 6800 to 7140
[ -1:000]                : Rank 1 is running on comet-15-28.sdsc.edu
[  1:001] init_pprintf   : My dest: 2	My source: 0	My_num_part: 340
Initalizing particles linear on 5780 to 6120
Initalizing particles linear on 5440 to 5780
Initalizing particles linear on 1360 to 1700
Initalizing particles linear on 6460 to 6800
Initalizing particles linear on 2040 to 2380
Initalizing particles linear on 3060 to 3400
Initalizing particles linear on 4420 to 4760
Initalizing particles linear on 680 to 1020
Initalizing particles linear on 3740 to 4080
Initalizing particles linear on 2380 to 2720
Initalizing particles linear on 7820 to 8160
Initalizing particles linear on 3400 to 3740
Initalizing particles linear on 7140 to 7480
Initalizing particles linear on 4080 to 4420
Initalizing particles linear on 0 to 340
Initalizing particles linear on 7480 to 7820
Initalizing particles linear on 6120 to 6460
Initalizing particles linear on 4760 to 5100
Initalizing particles linear on 340 to 680
Iteration 0:	0.0362498760 seconds	0.0000000000 seconds
Iteration 0:	0.0365490913 seconds	0.0000000000 seconds
Iteration 0:	0.0366458893 seconds	0.0000000000 seconds
Iteration 0:	0.0366470814 seconds	0.0000000000 seconds
Iteration 0:	0.0365469456 seconds	0.0000000000 seconds
Iteration 0:	0.0365478992 seconds	0.0000000000 seconds
Iteration 0:	0.0366511345 seconds	0.0000000000 seconds
Iteration 0:	0.0366411209 seconds	0.0000000000 seconds
Iteration 0:	0.0365300179 seconds	0.0000000000 seconds
Iteration 0:	0.0365550518 seconds	0.0000000000 seconds
Iteration 0:	0.0365839005 seconds	0.0000000000 seconds
Iteration 0:	0.0365560055 seconds	0.0000000000 seconds
Iteration 0:	0.0365798473 seconds	0.0000000000 seconds
Iteration 0:	0.0365869999 seconds	0.0000000000 seconds
Iteration 0:	0.0366001129 seconds	0.0000000000 seconds
Iteration 0:	0.0364658833 seconds	0.0000000000 seconds
Iteration 0:	0.0365650654 seconds	0.0000000000 seconds
Iteration 0:	0.0366530418 seconds	0.0000000000 seconds
Iteration 0:	0.0365819931 seconds	0.0000000000 seconds
Iteration 0:	0.0366239548 seconds	0.0000000000 seconds
Iteration 0:	0.0365779400 seconds	0.0000000000 seconds
Iteration 0:	0.0365619659 seconds	0.0000000000 seconds
Iteration 0:	0.0365629196 seconds	0.0000000000 seconds
Iteration 0:	0.0365729332 seconds	0.0000000000 seconds
Iteration 1:	0.0327110291 seconds	0.0000009537 seconds
Iteration 1:	0.0326340199 seconds	0.0000000000 seconds
Iteration 1:	0.0326669216 seconds	0.0000000000 seconds
Iteration 1:	0.0327091217 seconds	0.0000009537 seconds
Iteration 1:	0.0326948166 seconds	0.0000000000 seconds
Iteration 1:	0.0327200890 seconds	0.0000000000 seconds
Iteration 1:	0.0327119827 seconds	0.0000000000 seconds
Iteration 1:	0.0326948166 seconds	0.0000000000 seconds
Iteration 1:	0.0327148438 seconds	0.0000000000 seconds
Iteration 1:	0.0325810909 seconds	0.0000000000 seconds
Iteration 1:	0.0326828957 seconds	0.0000000000 seconds
Iteration 1:	0.0327110291 seconds	0.0000000000 seconds
Iteration 1:	0.0326941013 seconds	0.0000000000 seconds
Iteration 1:	0.0326881409 seconds	0.0000000000 seconds
Iteration 1:	0.0326950550 seconds	0.0000000000 seconds
Iteration 1:	0.0326950550 seconds	0.0000000000 seconds
Iteration 1:	0.0326929092 seconds	0.0000000000 seconds
Iteration 1:	0.0327141285 seconds	0.0000000000 seconds
Iteration 1:	0.0327169895 seconds	0.0000000000 seconds
Iteration 1:	0.0327460766 seconds	0.0000000000 seconds
Iteration 1:	0.0327029228 seconds	0.0000009537 seconds
Iteration 1:	0.0327270031 seconds	0.0000000000 seconds
Iteration 1:	0.0327460766 seconds	0.0000000000 seconds
Iteration 1:	0.0327260494 seconds	0.0000000000 seconds
Iteration 2:	0.0362551212 seconds	0.0000000000 seconds
Iteration 2:	0.0362548828 seconds	0.0000000000 seconds
Iteration 2:	0.0362529755 seconds	0.0000000000 seconds
Iteration 2:	0.0362498760 seconds	0.0000009537 seconds
Iteration 2:	0.0362529755 seconds	0.0000000000 seconds
Iteration 2:	0.0362589359 seconds	0.0000000000 seconds
Iteration 2:	0.0362610817 seconds	0.0000000000 seconds
Iteration 2:	0.0362598896 seconds	0.0000000000 seconds
Iteration 2:	0.0362629890 seconds	0.0000000000 seconds
Iteration 2:	0.0362651348 seconds	0.0000000000 seconds
Iteration 2:	0.0362691879 seconds	0.0000000000 seconds
Iteration 2:	0.0362670422 seconds	0.0000000000 seconds
Iteration 2:	0.0362670422 seconds	0.0000000000 seconds
Iteration 2:	0.0362670422 seconds	0.0000000000 seconds
Iteration 2:	0.0362648964 seconds	0.0000000000 seconds
Iteration 2:	0.0362679958 seconds	0.0000000000 seconds
Iteration 2:	0.0362670422 seconds	0.0000000000 seconds
Iteration 2:	0.0362689495 seconds	0.0000000000 seconds
Iteration 2:	0.0362689495 seconds	0.0000000000 seconds
Iteration 2:	0.0362720490 seconds	0.0000000000 seconds
Iteration 2:	0.0363259315 seconds	0.0000000000 seconds
Iteration 2:	0.0362548828 seconds	0.0000000000 seconds
Iteration 2:	0.0363578796 seconds	0.0000009537 seconds
Iteration 2:	0.0363721848 seconds	0.0000000000 seconds
Iteration 3:	0.0326030254 seconds	0.0000000000 seconds
Iteration 3:	0.0326681137 seconds	0.0000000000 seconds
Iteration 3:	0.0326690674 seconds	0.0000000000 seconds
Iteration 3:	0.0326471329 seconds	0.0000000000 seconds
Iteration 3:	0.0327420235 seconds	0.0000000000 seconds
Iteration 3:	0.0327310562 seconds	0.0000000000 seconds
Iteration 3:	0.0327429771 seconds	0.0000000000 seconds
Iteration 3:	0.0327441692 seconds	0.0000000000 seconds
Iteration 3:	0.0327310562 seconds	0.0000009537 seconds
Iteration 3:	0.0327398777 seconds	0.0000000000 seconds
Iteration 3:	0.0327298641 seconds	0.0000000000 seconds
Iteration 3:	0.0327448845 seconds	0.0000000000 seconds
Iteration 3:	0.0327267647 seconds	0.0000000000 seconds
Iteration 3:	0.0325880051 seconds	0.0000000000 seconds
Iteration 3:	0.0327270031 seconds	0.0000000000 seconds
Iteration 3:	0.0327258110 seconds	0.0000000000 seconds
Iteration 3:	0.0327241421 seconds	0.0000000000 seconds
Iteration 3:	0.0327260494 seconds	0.0000000000 seconds
Iteration 3:	0.0327260494 seconds	0.0000000000 seconds
Iteration 3:	0.0327229500 seconds	0.0000000000 seconds
Iteration 3:	0.0327260494 seconds	0.0000000000 seconds
Iteration 3:	0.0327231884 seconds	0.0000000000 seconds
Iteration 3:	0.0327198505 seconds	0.0000000000 seconds
Iteration 3:	0.0327239037 seconds	0.0000000000 seconds
Iteration 4:	0.0362408161 seconds	0.0000000000 seconds
Iteration 4:	0.0362379551 seconds	0.0000000000 seconds
Iteration 4:	0.0362448692 seconds	0.0000000000 seconds
Iteration 4:	0.0362350941 seconds	0.0000000000 seconds
Iteration 4:	0.0362360477 seconds	0.0000000000 seconds
Iteration 4:	0.0362491608 seconds	0.0000000000 seconds
Iteration 4:	0.0362610817 seconds	0.0000000000 seconds
Iteration 4:	0.0362529755 seconds	0.0000000000 seconds
Iteration 4:	0.0362658501 seconds	0.0000000000 seconds
Iteration 4:	0.0362691879 seconds	0.0000000000 seconds
Iteration 4:	0.0362710953 seconds	0.0000000000 seconds
Iteration 4:	0.0362739563 seconds	0.0000000000 seconds
Iteration 4:	0.0361850262 seconds	0.0000000000 seconds
Iteration 4:	0.0362730026 seconds	0.0000000000 seconds
Iteration 4:	0.0362868309 seconds	0.0000000000 seconds
Iteration 4:	0.0362718105 seconds	0.0000000000 seconds
Iteration 4:	0.0362789631 seconds	0.0000000000 seconds
Iteration 4:	0.0362789631 seconds	0.0000000000 seconds
Iteration 4:	0.0362830162 seconds	0.0000000000 seconds
Iteration 4:	0.0362720490 seconds	0.0000000000 seconds
Iteration 4:	0.0362679958 seconds	0.0000000000 seconds
Iteration 4:	0.0362699032 seconds	0.0000000000 seconds
Iteration 4:	0.0362699032 seconds	0.0000000000 seconds
Iteration 4:	0.0362858772 seconds	0.0000000000 seconds
Iteration 5:	0.0326261520 seconds	0.0000000000 seconds
Iteration 5:	0.0326249599 seconds	0.0000000000 seconds
Iteration 5:	0.0326220989 seconds	0.0000000000 seconds
Iteration 5:	0.0326199532 seconds	0.0000000000 seconds
Iteration 5:	0.0326199532 seconds	0.0000000000 seconds
Iteration 5:	0.0326309204 seconds	0.0000000000 seconds
Iteration 5:	0.0326240063 seconds	0.0000000000 seconds
Iteration 5:	0.0326220989 seconds	0.0000000000 seconds
Iteration 5:	0.0326230526 seconds	0.0000000000 seconds
Iteration 5:	0.0326349735 seconds	0.0000000000 seconds
Iteration 5:	0.0326311588 seconds	0.0000000000 seconds
Iteration 5:	0.0326299667 seconds	0.0000000000 seconds
Iteration 5:	0.0326230526 seconds	0.0000000000 seconds
Iteration 5:	0.0326199532 seconds	0.0000000000 seconds
Iteration 5:	0.0326359272 seconds	0.0000000000 seconds
Iteration 5:	0.0326280594 seconds	0.0000000000 seconds
Iteration 5:	0.0325808525 seconds	0.0000009537 seconds
Iteration 5:	0.0326399803 seconds	0.0000000000 seconds
Iteration 5:	0.0326380730 seconds	0.0000000000 seconds
Iteration 5:	0.0326399803 seconds	0.0000000000 seconds
Iteration 5:	0.0326411724 seconds	0.0000000000 seconds
Iteration 5:	0.0326480865 seconds	0.0000000000 seconds
Iteration 5:	0.0326499939 seconds	0.0000000000 seconds
Iteration 5:	0.0326499939 seconds	0.0000000000 seconds
Iteration 6:	0.0365061760 seconds	0.0000000000 seconds
Iteration 6:	0.0365090370 seconds	0.0000000000 seconds
Iteration 6:	0.0365071297 seconds	0.0000000000 seconds
Iteration 6:	0.0365049839 seconds	0.0000009537 seconds
Iteration 6:	0.0365040302 seconds	0.0000000000 seconds
Iteration 6:	0.0365049839 seconds	0.0000000000 seconds
Iteration 6:	0.0365190506 seconds	0.0000000000 seconds
Iteration 6:	0.0365221500 seconds	0.0000000000 seconds
Iteration 6:	0.0365180969 seconds	0.0000000000 seconds
Iteration 6:	0.0365180969 seconds	0.0000000000 seconds
Iteration 6:	0.0365169048 seconds	0.0000000000 seconds
Iteration 6:	0.0365138054 seconds	0.0000000000 seconds
Iteration 6:	0.0365238190 seconds	0.0000000000 seconds
Iteration 6:	0.0365128517 seconds	0.0000000000 seconds
Iteration 6:	0.0365188122 seconds	0.0000000000 seconds
Iteration 6:	0.0365169048 seconds	0.0000000000 seconds
Iteration 6:	0.0364658833 seconds	0.0000000000 seconds
Iteration 6:	0.0365350246 seconds	0.0000000000 seconds
Iteration 6:	0.0365159512 seconds	0.0000000000 seconds
Iteration 6:	0.0365359783 seconds	0.0000000000 seconds
Iteration 6:	0.0365378857 seconds	0.0000000000 seconds
Iteration 6:	0.0365390778 seconds	0.0000000000 seconds
Iteration 6:	0.0365369320 seconds	0.0000000000 seconds
Iteration 6:	0.0365378857 seconds	0.0000000000 seconds
Iteration 7:	0.0326108932 seconds	0.0000000000 seconds
Iteration 7:	0.0326199532 seconds	0.0000000000 seconds
Iteration 7:	0.0326220989 seconds	0.0000000000 seconds
Iteration 7:	0.0326230526 seconds	0.0000000000 seconds
Iteration 7:	0.0326349735 seconds	0.0000000000 seconds
Iteration 7:	0.0326189995 seconds	0.0000000000 seconds
Iteration 7:	0.0326390266 seconds	0.0000000000 seconds
Iteration 7:	0.0326230526 seconds	0.0000000000 seconds
Iteration 7:	0.0326220989 seconds	0.0000000000 seconds
Iteration 7:	0.0326399803 seconds	0.0000000000 seconds
Iteration 7:	0.0325729847 seconds	0.0000009537 seconds
Iteration 7:	0.0326399803 seconds	0.0000000000 seconds
Iteration 7:	0.0326390266 seconds	0.0000000000 seconds
Iteration 7:	0.0326380730 seconds	0.0000000000 seconds
Iteration 7:	0.0326390266 seconds	0.0000000000 seconds
Iteration 7:	0.0326459408 seconds	0.0000000000 seconds
Iteration 7:	0.0326468945 seconds	0.0000000000 seconds
Iteration 7:	0.0326387882 seconds	0.0000000000 seconds
Iteration 7:	0.0326380730 seconds	0.0000000000 seconds
Iteration 7:	0.0326499939 seconds	0.0000000000 seconds
Iteration 7:	0.0326499939 seconds	0.0000000000 seconds
Iteration 7:	0.0326480865 seconds	0.0000000000 seconds
Iteration 7:	0.0326499939 seconds	0.0000000000 seconds
Iteration 7:	0.0326468945 seconds	0.0000000000 seconds
Iteration 8:	0.0362429619 seconds	0.0000000000 seconds
Iteration 8:	0.0362432003 seconds	0.0000000000 seconds
Iteration 8:	0.0362441540 seconds	0.0000000000 seconds
Iteration 8:	0.0362448692 seconds	0.0000000000 seconds
Iteration 8:	0.0362479687 seconds	0.0000000000 seconds
Iteration 8:	0.0362398624 seconds	0.0000000000 seconds
Iteration 8:	0.0362389088 seconds	0.0000000000 seconds
Iteration 8:	0.0362460613 seconds	0.0000000000 seconds
Iteration 8:	0.0362479687 seconds	0.0000000000 seconds
Iteration 8:	0.0362031460 seconds	0.0000000000 seconds
Iteration 8:	0.0362579823 seconds	0.0000000000 seconds
Iteration 8:	0.0362668037 seconds	0.0000000000 seconds
Iteration 8:	0.0362668037 seconds	0.0000000000 seconds
Iteration 8:	0.0362601280 seconds	0.0000000000 seconds
Iteration 8:	0.0362501144 seconds	0.0000000000 seconds
Iteration 8:	0.0362679958 seconds	0.0000000000 seconds
Iteration 8:	0.0362620354 seconds	0.0000000000 seconds
Iteration 8:	0.0362620354 seconds	0.0000009537 seconds
Iteration 8:	0.0362689495 seconds	0.0000000000 seconds
Iteration 8:	0.0362608433 seconds	0.0000000000 seconds
Iteration 8:	0.0362658501 seconds	0.0000000000 seconds
Iteration 8:	0.0362567902 seconds	0.0000000000 seconds
Iteration 8:	0.0362598896 seconds	0.0000000000 seconds
Iteration 8:	0.0362668037 seconds	0.0000011921 seconds
Iteration 9:	0.0326268673 seconds	0.0000000000 seconds
Iteration 9:	0.0326309204 seconds	0.0000000000 seconds
Iteration 9:	0.0326311588 seconds	0.0000000000 seconds
Iteration 9:	0.0326378345 seconds	0.0000000000 seconds
Iteration 9:	0.0326311588 seconds	0.0000000000 seconds
Iteration 9:	0.0326330662 seconds	0.0000000000 seconds
Iteration 9:	0.0326330662 seconds	0.0000000000 seconds
Iteration 9:	0.0326368809 seconds	0.0000000000 seconds
Iteration 9:	0.0326380730 seconds	0.0000000000 seconds
Iteration 9:	0.0326340199 seconds	0.0000000000 seconds
Iteration 9:	0.0326359272 seconds	0.0000000000 seconds
Iteration 9:	0.0326352119 seconds	0.0000000000 seconds
Iteration 9:	0.0326459408 seconds	0.0000011921 seconds
Iteration 9:	0.0326390266 seconds	0.0000000000 seconds
Iteration 9:	0.0325880051 seconds	0.0000000000 seconds
Iteration 9:	0.0326681137 seconds	0.0000000000 seconds
Iteration 9:	0.0326461792 seconds	0.0000000000 seconds
Iteration 9:	0.0326569080 seconds	0.0000000000 seconds
Iteration 9:	0.0326650143 seconds	0.0000000000 seconds
Iteration 9:	0.0326588154 seconds	0.0000000000 seconds
Iteration 9:	0.0326678753 seconds	0.0000000000 seconds
Iteration 9:	0.0326671600 seconds	0.0000000000 seconds
Iteration 9:	0.0326640606 seconds	0.0000000000 seconds
Iteration 9:	0.0326669216 seconds	0.0000000000 seconds
Iteration 10:	0.0362260342 seconds	0.0000000000 seconds
Iteration 10:	0.0362269878 seconds	0.0000009537 seconds
Iteration 10:	0.0362288952 seconds	0.0000000000 seconds
Iteration 10:	0.0361948013 seconds	0.0000000000 seconds
Iteration 10:	0.0362520218 seconds	0.0000000000 seconds
Iteration 10:	0.0362501144 seconds	0.0000000000 seconds
Iteration 10:	0.0362460613 seconds	0.0000000000 seconds
Iteration 10:	0.0362458229 seconds	0.0000000000 seconds
Iteration 10:	0.0362458229 seconds	0.0000000000 seconds
Iteration 10:	0.0362417698 seconds	0.0000000000 seconds
Iteration 10:	0.0362410545 seconds	0.0000000000 seconds
Iteration 10:	0.0362429619 seconds	0.0000000000 seconds
Iteration 10:	0.0362439156 seconds	0.0000000000 seconds
Iteration 10:	0.0362401009 seconds	0.0000000000 seconds
Iteration 10:	0.0362410545 seconds	0.0000000000 seconds
Iteration 10:	0.0362389088 seconds	0.0000009537 seconds
Iteration 10:	0.0362439156 seconds	0.0000000000 seconds
Iteration 10:	0.0362699032 seconds	0.0000000000 seconds
Iteration 10:	0.0362679958 seconds	0.0000000000 seconds
Iteration 10:	0.0362629890 seconds	0.0000000000 seconds
Iteration 10:	0.0362679958 seconds	0.0000000000 seconds
Iteration 10:	0.0362689495 seconds	0.0000000000 seconds
Iteration 10:	0.0362708569 seconds	0.0000000000 seconds
Iteration 10:	0.0362708569 seconds	0.0000009537 seconds
Iteration 11:	0.0326199532 seconds	0.0000000000 seconds
Iteration 11:	0.0326199532 seconds	0.0000000000 seconds
Iteration 11:	0.0326230526 seconds	0.0000000000 seconds
Iteration 11:	0.0325789452 seconds	0.0000000000 seconds
Iteration 11:	0.0326240063 seconds	0.0000000000 seconds
Iteration 11:	0.0326569080 seconds	0.0000011921 seconds
Iteration 11:	0.0326070786 seconds	0.0000000000 seconds
Iteration 11:	0.0326230526 seconds	0.0000000000 seconds
Iteration 11:	0.0326318741 seconds	0.0000000000 seconds
Iteration 11:	0.0326569080 seconds	0.0000000000 seconds
Iteration 11:	0.0326569080 seconds	0.0000000000 seconds
Iteration 11:	0.0326600075 seconds	0.0000000000 seconds
Iteration 11:	0.0326640606 seconds	0.0000000000 seconds
Iteration 11:	0.0326631069 seconds	0.0000000000 seconds
Iteration 11:	0.0326659679 seconds	0.0000009537 seconds
Iteration 11:	0.0326659679 seconds	0.0000000000 seconds
Iteration 11:	0.0326659679 seconds	0.0000000000 seconds
Iteration 11:	0.0326681137 seconds	0.0000009537 seconds
Iteration 11:	0.0326709747 seconds	0.0000000000 seconds
Iteration 11:	0.0326721668 seconds	0.0000000000 seconds
Iteration 11:	0.0326728821 seconds	0.0000000000 seconds
Iteration 11:	0.0326719284 seconds	0.0000000000 seconds
Iteration 11:	0.0326700211 seconds	0.0000000000 seconds
Iteration 11:	0.0326738358 seconds	0.0000000000 seconds
Iteration 12:	0.0362570286 seconds	0.0000000000 seconds
Iteration 12:	0.0362558365 seconds	0.0000000000 seconds
Iteration 12:	0.0362632275 seconds	0.0000000000 seconds
Iteration 12:	0.0362608433 seconds	0.0000011921 seconds
Iteration 12:	0.0362560749 seconds	0.0000000000 seconds
Iteration 12:	0.0362560749 seconds	0.0000000000 seconds
Iteration 12:	0.0362548828 seconds	0.0000000000 seconds
Iteration 12:	0.0362610817 seconds	0.0000000000 seconds
Iteration 12:	0.0362579823 seconds	0.0000000000 seconds
Iteration 12:	0.0361981392 seconds	0.0000000000 seconds
Iteration 12:	0.0362548828 seconds	0.0000000000 seconds
Iteration 12:	0.0362560749 seconds	0.0000000000 seconds
Iteration 12:	0.0362579823 seconds	0.0000000000 seconds
Iteration 12:	0.0362520218 seconds	0.0000000000 seconds
Iteration 12:	0.0362570286 seconds	0.0000000000 seconds
Iteration 12:	0.0362510681 seconds	0.0000000000 seconds
Iteration 12:	0.0362510681 seconds	0.0000000000 seconds
Iteration 12:	0.0362520218 seconds	0.0000000000 seconds
Iteration 12:	0.0362510681 seconds	0.0000000000 seconds
Iteration 12:	0.0362539291 seconds	0.0000000000 seconds
Iteration 12:	0.0362980366 seconds	0.0000000000 seconds
Iteration 12:	0.0362989902 seconds	0.0000000000 seconds
Iteration 12:	0.0363450050 seconds	0.0000000000 seconds
Iteration 12:	0.0363450050 seconds	0.0000000000 seconds
Iteration 13:	0.0325820446 seconds	0.0000000000 seconds
Iteration 13:	0.0326361656 seconds	0.0000009537 seconds
Iteration 13:	0.0326371193 seconds	0.0000000000 seconds
Iteration 13:	0.0326669216 seconds	0.0000000000 seconds
Iteration 13:	0.0326819420 seconds	0.0000000000 seconds
Iteration 13:	0.0326840878 seconds	0.0000000000 seconds
Iteration 13:	0.0326178074 seconds	0.0000000000 seconds
Iteration 13:	0.0326900482 seconds	0.0000000000 seconds
Iteration 13:	0.0326890945 seconds	0.0000000000 seconds
Iteration 13:	0.0326910019 seconds	0.0000000000 seconds
Iteration 13:	0.0326859951 seconds	0.0000000000 seconds
Iteration 13:	0.0325818062 seconds	0.0000000000 seconds
Iteration 13:	0.0326938629 seconds	0.0000000000 seconds
Iteration 13:	0.0326910019 seconds	0.0000000000 seconds
Iteration 13:	0.0326888561 seconds	0.0000000000 seconds
Iteration 13:	0.0326890945 seconds	0.0000000000 seconds
Iteration 13:	0.0326900482 seconds	0.0000000000 seconds
Iteration 13:	0.0326879025 seconds	0.0000000000 seconds
Iteration 13:	0.0326929092 seconds	0.0000000000 seconds
Iteration 13:	0.0326941013 seconds	0.0000000000 seconds
Iteration 13:	0.0326938629 seconds	0.0000000000 seconds
Iteration 13:	0.0326931477 seconds	0.0000000000 seconds
Iteration 13:	0.0326888561 seconds	0.0000000000 seconds
Iteration 13:	0.0326919556 seconds	0.0000000000 seconds
Iteration 14:	0.0362420082 seconds	0.0000000000 seconds
Iteration 14:	0.0362360477 seconds	0.0000000000 seconds
Iteration 14:	0.0362389088 seconds	0.0000000000 seconds
Iteration 14:	0.0362339020 seconds	0.0000000000 seconds
Iteration 14:	0.0362329483 seconds	0.0000000000 seconds
Iteration 14:	0.0362329483 seconds	0.0000000000 seconds
Iteration 14:	0.0362339020 seconds	0.0000000000 seconds
Iteration 14:	0.0362570286 seconds	0.0000000000 seconds
Iteration 14:	0.0361850262 seconds	0.0000000000 seconds
Iteration 14:	0.0362789631 seconds	0.0000000000 seconds
Iteration 14:	0.0362811089 seconds	0.0000000000 seconds
Iteration 14:	0.0362720490 seconds	0.0000000000 seconds
Iteration 14:	0.0362811089 seconds	0.0000000000 seconds
Iteration 14:	0.0362701416 seconds	0.0000000000 seconds
Iteration 14:	0.0362749100 seconds	0.0000000000 seconds
Iteration 14:	0.0362789631 seconds	0.0000000000 seconds
Iteration 14:	0.0362718105 seconds	0.0000000000 seconds
Iteration 14:	0.0362727642 seconds	0.0000000000 seconds
Iteration 14:	0.0362708569 seconds	0.0000000000 seconds
Iteration 14:	0.0362629890 seconds	0.0000000000 seconds
Iteration 14:	0.0362629890 seconds	0.0000000000 seconds
Iteration 14:	0.0362639427 seconds	0.0000000000 seconds
Iteration 14:	0.0362608433 seconds	0.0000000000 seconds
Iteration 14:	0.0362629890 seconds	0.0000000000 seconds
Iteration 15:	0.0326011181 seconds	0.0000000000 seconds
Iteration 15:	0.0326051712 seconds	0.0000000000 seconds
Iteration 15:	0.0326039791 seconds	0.0000000000 seconds
Iteration 15:	0.0326049328 seconds	0.0000000000 seconds
Iteration 15:	0.0326218605 seconds	0.0000000000 seconds
Iteration 15:	0.0326089859 seconds	0.0000000000 seconds
Iteration 15:	0.0326080322 seconds	0.0000000000 seconds
Iteration 15:	0.0326199532 seconds	0.0000000000 seconds
Iteration 15:	0.0326111317 seconds	0.0000000000 seconds
Iteration 15:	0.0326228142 seconds	0.0000000000 seconds
Iteration 15:	0.0326228142 seconds	0.0000000000 seconds
Iteration 15:	0.0326199532 seconds	0.0000000000 seconds
Iteration 15:	0.0325808525 seconds	0.0000000000 seconds
Iteration 15:	0.0326211452 seconds	0.0000000000 seconds
Iteration 15:	0.0326340199 seconds	0.0000000000 seconds
Iteration 15:	0.0326240063 seconds	0.0000000000 seconds
Iteration 15:	0.0326368809 seconds	0.0000009537 seconds
Iteration 15:	0.0326290131 seconds	0.0000000000 seconds
Iteration 15:	0.0326390266 seconds	0.0000000000 seconds
Iteration 15:	0.0326399803 seconds	0.0000000000 seconds
Iteration 15:	0.0326268673 seconds	0.0000009537 seconds
Iteration 15:	0.0326278210 seconds	0.0000000000 seconds
Iteration 15:	0.0326430798 seconds	0.0000000000 seconds
Iteration 15:	0.0326430798 seconds	0.0000000000 seconds
Iteration 16:	0.0362079144 seconds	0.0000000000 seconds
Iteration 16:	0.0362539291 seconds	0.0000000000 seconds
Iteration 16:	0.0362579823 seconds	0.0000000000 seconds
Iteration 16:	0.0362701416 seconds	0.0000000000 seconds
Iteration 16:	0.0362939835 seconds	0.0000000000 seconds
Iteration 16:	0.0362989902 seconds	0.0000000000 seconds
Iteration 16:	0.0363008976 seconds	0.0000000000 seconds
Iteration 16:	0.0363011360 seconds	0.0000000000 seconds
Iteration 16:	0.0362961292 seconds	0.0000000000 seconds
Iteration 16:	0.0362958908 seconds	0.0000000000 seconds
Iteration 16:	0.0362961292 seconds	0.0000000000 seconds
Iteration 16:	0.0362989902 seconds	0.0000000000 seconds
Iteration 16:	0.0362989902 seconds	0.0000000000 seconds
Iteration 16:	0.0362989902 seconds	0.0000000000 seconds
Iteration 16:	0.0363008976 seconds	0.0000000000 seconds
Iteration 16:	0.0363180637 seconds	0.0000000000 seconds
Iteration 16:	0.0363221169 seconds	0.0000000000 seconds
Iteration 16:	0.0363211632 seconds	0.0000000000 seconds
Iteration 16:	0.0363171101 seconds	0.0000000000 seconds
Iteration 16:	0.0363199711 seconds	0.0000000000 seconds
Iteration 16:	0.0363340378 seconds	0.0000000000 seconds
Iteration 16:	0.0363340378 seconds	0.0000000000 seconds
Iteration 16:	0.0364038944 seconds	0.0000000000 seconds
Iteration 16:	0.0364019871 seconds	0.0000000000 seconds
Iteration 17:	0.0326159000 seconds	0.0000000000 seconds
Iteration 17:	0.0326859951 seconds	0.0000000000 seconds
Iteration 17:	0.0327630043 seconds	0.0000000000 seconds
Iteration 17:	0.0327219963 seconds	0.0000000000 seconds
Iteration 17:	0.0327169895 seconds	0.0000000000 seconds
Iteration 17:	0.0327179432 seconds	0.0000000000 seconds
Iteration 17:	0.0327229500 seconds	0.0000000000 seconds
Iteration 17:	0.0327570438 seconds	0.0000000000 seconds
Iteration 17:	0.0327591896 seconds	0.0000000000 seconds
Iteration 17:	0.0327229500 seconds	0.0000000000 seconds
Iteration 17:	0.0327270031 seconds	0.0000000000 seconds
Iteration 17:	0.0327761173 seconds	0.0000000000 seconds
Iteration 17:	0.0327889919 seconds	0.0000000000 seconds
Iteration 17:	0.0327858925 seconds	0.0000000000 seconds
Iteration 17:	0.0327370167 seconds	0.0000009537 seconds
Iteration 17:	0.0326571465 seconds	0.0000000000 seconds
Iteration 17:	0.0327630043 seconds	0.0000009537 seconds
Iteration 17:	0.0327651501 seconds	0.0000000000 seconds
Iteration 17:	0.0327658653 seconds	0.0000000000 seconds
Iteration 17:	0.0327639580 seconds	0.0000000000 seconds
Iteration 17:	0.0327639580 seconds	0.0000000000 seconds
Iteration 17:	0.0327651501 seconds	0.0000000000 seconds
Iteration 17:	0.0327630043 seconds	0.0000000000 seconds
Iteration 17:	0.0327649117 seconds	0.0000000000 seconds
Iteration 18:	0.0362181664 seconds	0.0000000000 seconds
Iteration 18:	0.0362169743 seconds	0.0000000000 seconds
Iteration 18:	0.0362288952 seconds	0.0000000000 seconds
Iteration 18:	0.0362298489 seconds	0.0000000000 seconds
Iteration 18:	0.0362408161 seconds	0.0000000000 seconds
Iteration 18:	0.0362319946 seconds	0.0000000000 seconds
Iteration 18:	0.0362420082 seconds	0.0000000000 seconds
Iteration 18:	0.0362391472 seconds	0.0000000000 seconds
Iteration 18:	0.0362210274 seconds	0.0000000000 seconds
Iteration 18:	0.0362420082 seconds	0.0000000000 seconds
Iteration 18:	0.0362439156 seconds	0.0000000000 seconds
Iteration 18:	0.0362439156 seconds	0.0000000000 seconds
Iteration 18:	0.0362398624 seconds	0.0000000000 seconds
Iteration 18:	0.0362288952 seconds	0.0000000000 seconds
Iteration 18:	0.0362417698 seconds	0.0000000000 seconds
Iteration 18:	0.0362439156 seconds	0.0000009537 seconds
Iteration 18:	0.0362229347 seconds	0.0000000000 seconds
Iteration 18:	0.0362279415 seconds	0.0000000000 seconds
Iteration 18:	0.0362260342 seconds	0.0000000000 seconds
Iteration 18:	0.0362288952 seconds	0.0000000000 seconds
Iteration 18:	0.0362040997 seconds	0.0000000000 seconds
Iteration 18:	0.0362529755 seconds	0.0000000000 seconds
Iteration 18:	0.0362541676 seconds	0.0000000000 seconds
Iteration 18:	0.0362670422 seconds	0.0000000000 seconds
Iteration 19:	0.0326189995 seconds	0.0000000000 seconds
Iteration 19:	0.0326058865 seconds	0.0000000000 seconds
Iteration 19:	0.0326251984 seconds	0.0000000000 seconds
Iteration 19:	0.0326061249 seconds	0.0000000000 seconds
Iteration 19:	0.0326271057 seconds	0.0000000000 seconds
Iteration 19:	0.0326061249 seconds	0.0000000000 seconds
Iteration 19:	0.0326330662 seconds	0.0000000000 seconds
Iteration 19:	0.0326340199 seconds	0.0000000000 seconds
Iteration 19:	0.0326371193 seconds	0.0000000000 seconds
Iteration 19:	0.0326371193 seconds	0.0000000000 seconds
Iteration 19:	0.0326149464 seconds	0.0000000000 seconds
Iteration 19:	0.0326380730 seconds	0.0000000000 seconds
Iteration 19:	0.0326421261 seconds	0.0000000000 seconds
Iteration 19:	0.0326430798 seconds	0.0000000000 seconds
Iteration 19:	0.0326440334 seconds	0.0000000000 seconds
Iteration 19:	0.0326459408 seconds	0.0000000000 seconds
Iteration 19:	0.0326440334 seconds	0.0000009537 seconds
Iteration 19:	0.0326011181 seconds	0.0000009537 seconds
Iteration 19:	0.0326578617 seconds	0.0000000000 seconds
Iteration 19:	0.0326569080 seconds	0.0000000000 seconds
Iteration 19:	0.0326540470 seconds	0.0000000000 seconds
Iteration 19:	0.0326509476 seconds	0.0000000000 seconds
Iteration 19:	0.0326490402 seconds	0.0000000000 seconds
Iteration 19:	0.0326521397 seconds	0.0000000000 seconds
Iteration 20:	0.0362489223 seconds	0.0000000000 seconds
Iteration 20:	0.0362532139 seconds	0.0000000000 seconds
Iteration 20:	0.0362541676 seconds	0.0000000000 seconds
Iteration 20:	0.0362501144 seconds	0.0000000000 seconds
Iteration 20:	0.0362539291 seconds	0.0000000000 seconds
Iteration 20:	0.0362598896 seconds	0.0000000000 seconds
Iteration 20:	0.0362567902 seconds	0.0000000000 seconds
Iteration 20:	0.0362551212 seconds	0.0000000000 seconds
Iteration 20:	0.0362529755 seconds	0.0000000000 seconds
Iteration 20:	0.0361988544 seconds	0.0000000000 seconds
Iteration 20:	0.0362551212 seconds	0.0000000000 seconds
Iteration 20:	0.0362570286 seconds	0.0000000000 seconds
Iteration 20:	0.0362548828 seconds	0.0000000000 seconds
Iteration 20:	0.0362551212 seconds	0.0000000000 seconds
Iteration 20:	0.0362560749 seconds	0.0000000000 seconds
Iteration 20:	0.0362548828 seconds	0.0000000000 seconds
Iteration 20:	0.0362570286 seconds	0.0000000000 seconds
Iteration 20:	0.0362570286 seconds	0.0000000000 seconds
Iteration 20:	0.0362579823 seconds	0.0000000000 seconds
Iteration 20:	0.0362589359 seconds	0.0000000000 seconds
Iteration 20:	0.0363039970 seconds	0.0000000000 seconds
Iteration 20:	0.0363030434 seconds	0.0000000000 seconds
Iteration 20:	0.0363521576 seconds	0.0000000000 seconds
Iteration 20:	0.0363581181 seconds	0.0000000000 seconds
Iteration 21:	0.0326740742 seconds	0.0000000000 seconds
Iteration 21:	0.0325829983 seconds	0.0000000000 seconds
Iteration 21:	0.0326418877 seconds	0.0000000000 seconds
Iteration 21:	0.0326418877 seconds	0.0000000000 seconds
Iteration 21:	0.0326931477 seconds	0.0000000000 seconds
Iteration 21:	0.0326960087 seconds	0.0000000000 seconds
Iteration 21:	0.0326921940 seconds	0.0000000000 seconds
Iteration 21:	0.0326299667 seconds	0.0000000000 seconds
Iteration 21:	0.0326979160 seconds	0.0000000000 seconds
Iteration 21:	0.0327010155 seconds	0.0000009537 seconds
Iteration 21:	0.0326941013 seconds	0.0000000000 seconds
Iteration 21:	0.0326960087 seconds	0.0000000000 seconds
Iteration 21:	0.0325789452 seconds	0.0000000000 seconds
Iteration 21:	0.0326960087 seconds	0.0000000000 seconds
Iteration 21:	0.0326941013 seconds	0.0000000000 seconds
Iteration 21:	0.0326948166 seconds	0.0000000000 seconds
Iteration 21:	0.0326941013 seconds	0.0000000000 seconds
Iteration 21:	0.0326948166 seconds	0.0000000000 seconds
Iteration 21:	0.0326941013 seconds	0.0000000000 seconds
Iteration 21:	0.0326948166 seconds	0.0000000000 seconds
Iteration 21:	0.0326931477 seconds	0.0000000000 seconds
Iteration 21:	0.0326938629 seconds	0.0000000000 seconds
Iteration 21:	0.0326919556 seconds	0.0000000000 seconds
Iteration 21:	0.0326938629 seconds	0.0000000000 seconds
Iteration 22:	0.0362439156 seconds	0.0000000000 seconds
Iteration 22:	0.0362520218 seconds	0.0000000000 seconds
Iteration 22:	0.0362532139 seconds	0.0000000000 seconds
Iteration 22:	0.0361990929 seconds	0.0000000000 seconds
Iteration 22:	0.0362579823 seconds	0.0000000000 seconds
Iteration 22:	0.0362589359 seconds	0.0000000000 seconds
Iteration 22:	0.0362620354 seconds	0.0000000000 seconds
Iteration 22:	0.0362579823 seconds	0.0000000000 seconds
Iteration 22:	0.0362560749 seconds	0.0000000000 seconds
Iteration 22:	0.0362560749 seconds	0.0000000000 seconds
Iteration 22:	0.0362558365 seconds	0.0000000000 seconds
Iteration 22:	0.0362589359 seconds	0.0000000000 seconds
Iteration 22:	0.0362579823 seconds	0.0000000000 seconds
Iteration 22:	0.0362558365 seconds	0.0000000000 seconds
Iteration 22:	0.0362589359 seconds	0.0000000000 seconds
Iteration 22:	0.0362548828 seconds	0.0000000000 seconds
Iteration 22:	0.0362560749 seconds	0.0000000000 seconds
Iteration 22:	0.0362548828 seconds	0.0000000000 seconds
Iteration 22:	0.0362520218 seconds	0.0000000000 seconds
Iteration 22:	0.0362539291 seconds	0.0000000000 seconds
Iteration 22:	0.0362961292 seconds	0.0000000000 seconds
Iteration 22:	0.0362961292 seconds	0.0000000000 seconds
Iteration 22:	0.0363378525 seconds	0.0000000000 seconds
Iteration 22:	0.0363519192 seconds	0.0000000000 seconds
Iteration 23:	0.0325880051 seconds	0.0000000000 seconds
Iteration 23:	0.0326800346 seconds	0.0000000000 seconds
Iteration 23:	0.0326490402 seconds	0.0000000000 seconds
Iteration 23:	0.0326490402 seconds	0.0000000000 seconds
Iteration 23:	0.0326931477 seconds	0.0000000000 seconds
Iteration 23:	0.0326969624 seconds	0.0000000000 seconds
Iteration 23:	0.0326249599 seconds	0.0000000000 seconds
Iteration 23:	0.0326869488 seconds	0.0000000000 seconds
Iteration 23:	0.0325779915 seconds	0.0000000000 seconds
Iteration 23:	0.0326900482 seconds	0.0000000000 seconds
Iteration 23:	0.0326888561 seconds	0.0000000000 seconds
Iteration 23:	0.0326888561 seconds	0.0000000000 seconds
Iteration 23:	0.0326838493 seconds	0.0000000000 seconds
Iteration 23:	0.0326900482 seconds	0.0000000000 seconds
Iteration 23:	0.0326898098 seconds	0.0000011921 seconds
Iteration 23:	0.0326881409 seconds	0.0000000000 seconds
Iteration 23:	0.0326910019 seconds	0.0000000000 seconds
Iteration 23:	0.0326910019 seconds	0.0000000000 seconds
Iteration 23:	0.0326898098 seconds	0.0000000000 seconds
Iteration 23:	0.0326910019 seconds	0.0000000000 seconds
Iteration 23:	0.0326931477 seconds	0.0000000000 seconds
Iteration 23:	0.0326929092 seconds	0.0000000000 seconds
Iteration 23:	0.0326929092 seconds	0.0000000000 seconds
Iteration 23:	0.0326941013 seconds	0.0000000000 seconds
Iteration 24:	0.0362291336 seconds	0.0000009537 seconds
Iteration 24:	0.0362281799 seconds	0.0000000000 seconds
Iteration 24:	0.0362250805 seconds	0.0000000000 seconds
Iteration 24:	0.0362350941 seconds	0.0000000000 seconds
Iteration 24:	0.0362260342 seconds	0.0000000000 seconds
Iteration 24:	0.0362558365 seconds	0.0000000000 seconds
Iteration 24:	0.0362389088 seconds	0.0000000000 seconds
Iteration 24:	0.0362570286 seconds	0.0000000000 seconds
Iteration 24:	0.0362410545 seconds	0.0000000000 seconds
Iteration 24:	0.0362570286 seconds	0.0000000000 seconds
Iteration 24:	0.0362570286 seconds	0.0000000000 seconds
Iteration 24:	0.0361790657 seconds	0.0000000000 seconds
Iteration 24:	0.0362560749 seconds	0.0000000000 seconds
Iteration 24:	0.0362589359 seconds	0.0000000000 seconds
Iteration 24:	0.0362570286 seconds	0.0000000000 seconds
Iteration 24:	0.0362558365 seconds	0.0000000000 seconds
Iteration 24:	0.0362548828 seconds	0.0000000000 seconds
Iteration 24:	0.0362489223 seconds	0.0000000000 seconds
Iteration 24:	0.0362551212 seconds	0.0000000000 seconds
Iteration 24:	0.0362730026 seconds	0.0000000000 seconds
Iteration 24:	0.0362689495 seconds	0.0000000000 seconds
Iteration 24:	0.0362720490 seconds	0.0000000000 seconds
Iteration 24:	0.0362730026 seconds	0.0000000000 seconds
Iteration 24:	0.0362730026 seconds	0.0000000000 seconds
Iteration 25:	0.0326099396 seconds	0.0000000000 seconds
Iteration 25:	0.0326151848 seconds	0.0000000000 seconds
Iteration 25:	0.0326159000 seconds	0.0000000000 seconds
Iteration 25:	0.0326159000 seconds	0.0000000000 seconds
Iteration 25:	0.0326101780 seconds	0.0000000000 seconds
Iteration 25:	0.0326101780 seconds	0.0000000000 seconds
Iteration 25:	0.0326230526 seconds	0.0000000000 seconds
Iteration 25:	0.0326159000 seconds	0.0000000000 seconds
Iteration 25:	0.0326168537 seconds	0.0000000000 seconds
Iteration 25:	0.0326170921 seconds	0.0000000000 seconds
Iteration 25:	0.0326159000 seconds	0.0000000000 seconds
Iteration 25:	0.0326149464 seconds	0.0000000000 seconds
Iteration 25:	0.0326170921 seconds	0.0000000000 seconds
Iteration 25:	0.0326280594 seconds	0.0000000000 seconds
Iteration 25:	0.0326299667 seconds	0.0000009537 seconds
Iteration 25:	0.0326340199 seconds	0.0000000000 seconds
Iteration 25:	0.0326330662 seconds	0.0000000000 seconds
Iteration 25:	0.0326230526 seconds	0.0000000000 seconds
Iteration 25:	0.0326290131 seconds	0.0000000000 seconds
Iteration 25:	0.0326340199 seconds	0.0000000000 seconds
Iteration 25:	0.0325839520 seconds	0.0000009537 seconds
Iteration 25:	0.0326409340 seconds	0.0000000000 seconds
Iteration 25:	0.0326418877 seconds	0.0000000000 seconds
Iteration 25:	0.0326428413 seconds	0.0000000000 seconds
Iteration 26:	0.0362792015 seconds	0.0000000000 seconds
Iteration 26:	0.0362789631 seconds	0.0000000000 seconds
Iteration 26:	0.0363860130 seconds	0.0000000000 seconds
Iteration 26:	0.0363860130 seconds	0.0000000000 seconds
Iteration 26:	0.0363850594 seconds	0.0000000000 seconds
Iteration 26:	0.0363888741 seconds	0.0000000000 seconds
Iteration 26:	0.0363450050 seconds	0.0000000000 seconds
Iteration 26:	0.0364100933 seconds	0.0000000000 seconds
Iteration 26:	0.0364110470 seconds	0.0000000000 seconds
Iteration 26:	0.0364079475 seconds	0.0000000000 seconds
Iteration 26:	0.0364081860 seconds	0.0000000000 seconds
Iteration 26:	0.0364069939 seconds	0.0000000000 seconds
Iteration 26:	0.0364079475 seconds	0.0000000000 seconds
Iteration 26:	0.0364129543 seconds	0.0000000000 seconds
Iteration 26:	0.0364060402 seconds	0.0000000000 seconds
Iteration 26:	0.0364120007 seconds	0.0000000000 seconds
Iteration 26:	0.0364041328 seconds	0.0000000000 seconds
Iteration 26:	0.0364060402 seconds	0.0000000000 seconds
Iteration 26:	0.0364029408 seconds	0.0000000000 seconds
Iteration 26:	0.0364048481 seconds	0.0000000000 seconds
Iteration 26:	0.0364320278 seconds	0.0000000000 seconds
Iteration 26:	0.0364301205 seconds	0.0000000000 seconds
Iteration 26:	0.0364940166 seconds	0.0000000000 seconds
Iteration 26:	0.0364999771 seconds	0.0000000000 seconds
Iteration 27:	0.0325798988 seconds	0.0000009537 seconds
Iteration 27:	0.0327730179 seconds	0.0000000000 seconds
Iteration 27:	0.0326559544 seconds	0.0000000000 seconds
Iteration 27:	0.0328018665 seconds	0.0000000000 seconds
Iteration 27:	0.0326559544 seconds	0.0000000000 seconds
Iteration 27:	0.0326919556 seconds	0.0000000000 seconds
Iteration 27:	0.0326271057 seconds	0.0000000000 seconds
Iteration 27:	0.0326929092 seconds	0.0000000000 seconds
Iteration 27:	0.0326957703 seconds	0.0000000000 seconds
Iteration 27:	0.0326972008 seconds	0.0000000000 seconds
Iteration 27:	0.0326991081 seconds	0.0000000000 seconds
Iteration 27:	0.0326969624 seconds	0.0000000000 seconds
Iteration 27:	0.0325839520 seconds	0.0000000000 seconds
Iteration 27:	0.0326938629 seconds	0.0000000000 seconds
Iteration 27:	0.0326929092 seconds	0.0000000000 seconds
Iteration 27:	0.0326890945 seconds	0.0000000000 seconds
Iteration 27:	0.0326919556 seconds	0.0000000000 seconds
Iteration 27:	0.0326938629 seconds	0.0000000000 seconds
Iteration 27:	0.0326979160 seconds	0.0000000000 seconds
Iteration 27:	0.0326991081 seconds	0.0000000000 seconds
Iteration 27:	0.0327010155 seconds	0.0000000000 seconds
Iteration 27:	0.0327031612 seconds	0.0000000000 seconds
Iteration 27:	0.0327019691 seconds	0.0000000000 seconds
Iteration 27:	0.0327038765 seconds	0.0000000000 seconds
Iteration 28:	0.0362410545 seconds	0.0000000000 seconds
Iteration 28:	0.0362391472 seconds	0.0000000000 seconds
Iteration 28:	0.0362370014 seconds	0.0000000000 seconds
Iteration 28:	0.0362379551 seconds	0.0000000000 seconds
Iteration 28:	0.0362460613 seconds	0.0000000000 seconds
Iteration 28:	0.0362560749 seconds	0.0000000000 seconds
Iteration 28:	0.0362498760 seconds	0.0000000000 seconds
Iteration 28:	0.0361819267 seconds	0.0000000000 seconds
Iteration 28:	0.0362548828 seconds	0.0000000000 seconds
Iteration 28:	0.0362730026 seconds	0.0000000000 seconds
Iteration 28:	0.0362708569 seconds	0.0000000000 seconds
Iteration 28:	0.0362651348 seconds	0.0000000000 seconds
Iteration 28:	0.0362639427 seconds	0.0000000000 seconds
Iteration 28:	0.0362820625 seconds	0.0000000000 seconds
Iteration 28:	0.0362651348 seconds	0.0000000000 seconds
Iteration 28:	0.0362720490 seconds	0.0000000000 seconds
Iteration 28:	0.0362799168 seconds	0.0000000000 seconds
Iteration 28:	0.0362830162 seconds	0.0000000000 seconds
Iteration 28:	0.0362780094 seconds	0.0000000000 seconds
Iteration 28:	0.0362799168 seconds	0.0000000000 seconds
Iteration 28:	0.0362660885 seconds	0.0000000000 seconds
Iteration 28:	0.0362648964 seconds	0.0000000000 seconds
Iteration 28:	0.0362641811 seconds	0.0000000000 seconds
Iteration 28:	0.0362629890 seconds	0.0000000000 seconds
Iteration 29:	0.0326068401 seconds	0.0000000000 seconds
Iteration 29:	0.0326111317 seconds	0.0000000000 seconds
Iteration 29:	0.0326178074 seconds	0.0000000000 seconds
Iteration 29:	0.0326151848 seconds	0.0000000000 seconds
Iteration 29:	0.0326180458 seconds	0.0000000000 seconds
Iteration 29:	0.0326120853 seconds	0.0000000000 seconds
Iteration 29:	0.0326159000 seconds	0.0000000000 seconds
Iteration 29:	0.0326049328 seconds	0.0000000000 seconds
Iteration 29:	0.0326149464 seconds	0.0000000000 seconds
Iteration 29:	0.0326170921 seconds	0.0000000000 seconds
Iteration 29:	0.0326161385 seconds	0.0000000000 seconds
Iteration 29:	0.0326128006 seconds	0.0000000000 seconds
Iteration 29:	0.0326240063 seconds	0.0000000000 seconds
Iteration 29:	0.0326139927 seconds	0.0000000000 seconds
Iteration 29:	0.0326159000 seconds	0.0000000000 seconds
Iteration 29:	0.0326218605 seconds	0.0000000000 seconds
Iteration 29:	0.0326249599 seconds	0.0000000000 seconds
Iteration 29:	0.0326290131 seconds	0.0000000000 seconds
Iteration 29:	0.0326328278 seconds	0.0000000000 seconds
Iteration 29:	0.0326371193 seconds	0.0000000000 seconds
Iteration 29:	0.0325901508 seconds	0.0000000000 seconds
Iteration 29:	0.0326440334 seconds	0.0000009537 seconds
Iteration 29:	0.0326461792 seconds	0.0000000000 seconds
Iteration 29:	0.0326471329 seconds	0.0000000000 seconds
Iteration 30:	0.0362279415 seconds	0.0000000000 seconds
Iteration 30:	0.0362288952 seconds	0.0000000000 seconds
Iteration 30:	0.0361809731 seconds	0.0000000000 seconds
Iteration 30:	0.0362460613 seconds	0.0000000000 seconds
Iteration 30:	0.0362391472 seconds	0.0000000000 seconds
Iteration 30:	0.0362479687 seconds	0.0000000000 seconds
Iteration 30:	0.0362460613 seconds	0.0000000000 seconds
Iteration 30:	0.0362491608 seconds	0.0000000000 seconds
Iteration 30:	0.0362479687 seconds	0.0000000000 seconds
Iteration 30:	0.0362498760 seconds	0.0000000000 seconds
Iteration 30:	0.0362482071 seconds	0.0000000000 seconds
Iteration 30:	0.0362479687 seconds	0.0000000000 seconds
Iteration 30:	0.0362489223 seconds	0.0000000000 seconds
Iteration 30:	0.0362501144 seconds	0.0000000000 seconds
Iteration 30:	0.0362498760 seconds	0.0000000000 seconds
Iteration 30:	0.0362501144 seconds	0.0000000000 seconds
Iteration 30:	0.0362510681 seconds	0.0000000000 seconds
Iteration 30:	0.0362770557 seconds	0.0000000000 seconds
Iteration 30:	0.0362780094 seconds	0.0000000000 seconds
Iteration 30:	0.0362808704 seconds	0.0000000000 seconds
Iteration 30:	0.0362839699 seconds	0.0000000000 seconds
Iteration 30:	0.0362820625 seconds	0.0000000000 seconds
Iteration 30:	0.0363450050 seconds	0.0000000000 seconds
Iteration 30:	0.0363419056 seconds	0.0000000000 seconds
Iteration 31:	0.0325829983 seconds	0.0000000000 seconds
Iteration 31:	0.0326437950 seconds	0.0000000000 seconds
Iteration 31:	0.0326459408 seconds	0.0000000000 seconds
Iteration 31:	0.0326519012 seconds	0.0000000000 seconds
Iteration 31:	0.0326530933 seconds	0.0000000000 seconds
Iteration 31:	0.0326559544 seconds	0.0000000000 seconds
Iteration 31:	0.0326981544 seconds	0.0000009537 seconds
Iteration 31:	0.0327029228 seconds	0.0000000000 seconds
Iteration 31:	0.0327069759 seconds	0.0000000000 seconds
Iteration 31:	0.0326259136 seconds	0.0000000000 seconds
Iteration 31:	0.0327060223 seconds	0.0000000000 seconds
Iteration 31:	0.0327038765 seconds	0.0000000000 seconds
Iteration 31:	0.0327029228 seconds	0.0000000000 seconds
Iteration 31:	0.0325839520 seconds	0.0000000000 seconds
Iteration 31:	0.0326979160 seconds	0.0000000000 seconds
Iteration 31:	0.0326991081 seconds	0.0000000000 seconds
Iteration 31:	0.0327019691 seconds	0.0000000000 seconds
Iteration 31:	0.0327019691 seconds	0.0000000000 seconds
Iteration 31:	0.0326988697 seconds	0.0000000000 seconds
Iteration 31:	0.0327000618 seconds	0.0000000000 seconds
Iteration 31:	0.0326979160 seconds	0.0000000000 seconds
Iteration 31:	0.0326981544 seconds	0.0000000000 seconds
Iteration 31:	0.0326969624 seconds	0.0000000000 seconds
Iteration 31:	0.0326948166 seconds	0.0000011921 seconds
Iteration 32:	0.0362389088 seconds	0.0000000000 seconds
Iteration 32:	0.0362329483 seconds	0.0000000000 seconds
Iteration 32:	0.0362410545 seconds	0.0000000000 seconds
Iteration 32:	0.0362439156 seconds	0.0000000000 seconds
Iteration 32:	0.0362329483 seconds	0.0000000000 seconds
Iteration 32:	0.0362520218 seconds	0.0000000000 seconds
Iteration 32:	0.0362470150 seconds	0.0000000000 seconds
Iteration 32:	0.0362360477 seconds	0.0000000000 seconds
Iteration 32:	0.0362679958 seconds	0.0000000000 seconds
Iteration 32:	0.0362639427 seconds	0.0000000000 seconds
Iteration 32:	0.0362660885 seconds	0.0000000000 seconds
Iteration 32:	0.0362710953 seconds	0.0000000000 seconds
Iteration 32:	0.0362699032 seconds	0.0000000000 seconds
Iteration 32:	0.0361871719 seconds	0.0000000000 seconds
Iteration 32:	0.0362629890 seconds	0.0000000000 seconds
Iteration 32:	0.0362601280 seconds	0.0000000000 seconds
Iteration 32:	0.0362880230 seconds	0.0000000000 seconds
Iteration 32:	0.0362699032 seconds	0.0000000000 seconds
Iteration 32:	0.0362830162 seconds	0.0000000000 seconds
Iteration 32:	0.0362780094 seconds	0.0000000000 seconds
Iteration 32:	0.0362811089 seconds	0.0000000000 seconds
Iteration 32:	0.0362861156 seconds	0.0000000000 seconds
Iteration 32:	0.0362651348 seconds	0.0000000000 seconds
Iteration 32:	0.0362639427 seconds	0.0000000000 seconds
Iteration 33:	0.0326070786 seconds	0.0000000000 seconds
Iteration 33:	0.0326070786 seconds	0.0000000000 seconds
Iteration 33:	0.0326061249 seconds	0.0000009537 seconds
Iteration 33:	0.0326101780 seconds	0.0000000000 seconds
Iteration 33:	0.0326151848 seconds	0.0000000000 seconds
Iteration 33:	0.0326180458 seconds	0.0000000000 seconds
Iteration 33:	0.0326111317 seconds	0.0000000000 seconds
Iteration 33:	0.0326199532 seconds	0.0000000000 seconds
Iteration 33:	0.0326189995 seconds	0.0000000000 seconds
Iteration 33:	0.0326130390 seconds	0.0000000000 seconds
Iteration 33:	0.0326161385 seconds	0.0000000000 seconds
Iteration 33:	0.0326280594 seconds	0.0000000000 seconds
Iteration 33:	0.0326209068 seconds	0.0000000000 seconds
Iteration 33:	0.0326218605 seconds	0.0000000000 seconds
Iteration 33:	0.0326118469 seconds	0.0000000000 seconds
Iteration 33:	0.0326189995 seconds	0.0000000000 seconds
Iteration 33:	0.0326349735 seconds	0.0000000000 seconds
Iteration 33:	0.0326378345 seconds	0.0000000000 seconds
Iteration 33:	0.0326189995 seconds	0.0000000000 seconds
Iteration 33:	0.0326421261 seconds	0.0000000000 seconds
Iteration 33:	0.0325930119 seconds	0.0000000000 seconds
Iteration 33:	0.0326428413 seconds	0.0000000000 seconds
Iteration 33:	0.0326499939 seconds	0.0000000000 seconds
Iteration 33:	0.0326490402 seconds	0.0000009537 seconds
Iteration 34:	0.0362370014 seconds	0.0000000000 seconds
Iteration 34:	0.0362389088 seconds	0.0000000000 seconds
Iteration 34:	0.0362288952 seconds	0.0000009537 seconds
Iteration 34:	0.0362398624 seconds	0.0000000000 seconds
Iteration 34:	0.0362348557 seconds	0.0000000000 seconds
Iteration 34:	0.0362510681 seconds	0.0000000000 seconds
Iteration 34:	0.0362379551 seconds	0.0000000000 seconds
Iteration 34:	0.0362470150 seconds	0.0000000000 seconds
Iteration 34:	0.0362479687 seconds	0.0000000000 seconds
Iteration 34:	0.0362458229 seconds	0.0000000000 seconds
Iteration 34:	0.0362000465 seconds	0.0000000000 seconds
Iteration 34:	0.0362460613 seconds	0.0000000000 seconds
Iteration 34:	0.0362491608 seconds	0.0000000000 seconds
Iteration 34:	0.0362501144 seconds	0.0000000000 seconds
Iteration 34:	0.0362470150 seconds	0.0000000000 seconds
Iteration 34:	0.0362548828 seconds	0.0000011921 seconds
Iteration 34:	0.0362460613 seconds	0.0000000000 seconds
Iteration 34:	0.0362498760 seconds	0.0000000000 seconds
Iteration 34:	0.0362498760 seconds	0.0000000000 seconds
Iteration 34:	0.0362529755 seconds	0.0000000000 seconds
Iteration 34:	0.0362839699 seconds	0.0000000000 seconds
Iteration 34:	0.0362780094 seconds	0.0000009537 seconds
Iteration 34:	0.0363349915 seconds	0.0000000000 seconds
Iteration 34:	0.0363430977 seconds	0.0000000000 seconds
Iteration 35:	0.0325820446 seconds	0.0000000000 seconds
Iteration 35:	0.0326418877 seconds	0.0000000000 seconds
Iteration 35:	0.0326430798 seconds	0.0000000000 seconds
Iteration 35:	0.0326731205 seconds	0.0000000000 seconds
Iteration 35:	0.0326960087 seconds	0.0000000000 seconds
Iteration 35:	0.0326991081 seconds	0.0000000000 seconds
Iteration 35:	0.0326919556 seconds	0.0000000000 seconds
Iteration 35:	0.0326268673 seconds	0.0000000000 seconds
Iteration 35:	0.0327010155 seconds	0.0000000000 seconds
Iteration 35:	0.0327031612 seconds	0.0000000000 seconds
Iteration 35:	0.0326929092 seconds	0.0000000000 seconds
Iteration 35:	0.0326941013 seconds	0.0000000000 seconds
Iteration 35:	0.0325820446 seconds	0.0000000000 seconds
Iteration 35:	0.0326948166 seconds	0.0000000000 seconds
Iteration 35:	0.0326919556 seconds	0.0000000000 seconds
Iteration 35:	0.0326900482 seconds	0.0000000000 seconds
Iteration 35:	0.0326948166 seconds	0.0000000000 seconds
Iteration 35:	0.0326988697 seconds	0.0000000000 seconds
Iteration 35:	0.0327000618 seconds	0.0000000000 seconds
Iteration 35:	0.0326988697 seconds	0.0000000000 seconds
Iteration 35:	0.0327000618 seconds	0.0000000000 seconds
Iteration 35:	0.0326979160 seconds	0.0000000000 seconds
Iteration 35:	0.0326960087 seconds	0.0000000000 seconds
Iteration 35:	0.0326969624 seconds	0.0000000000 seconds
Iteration 36:	0.0362269878 seconds	0.0000000000 seconds
Iteration 36:	0.0362308025 seconds	0.0000000000 seconds
Iteration 36:	0.0362260342 seconds	0.0000000000 seconds
Iteration 36:	0.0362231731 seconds	0.0000000000 seconds
Iteration 36:	0.0362451077 seconds	0.0000000000 seconds
Iteration 36:	0.0362241268 seconds	0.0000000000 seconds
Iteration 36:	0.0362360477 seconds	0.0000000000 seconds
Iteration 36:	0.0362398624 seconds	0.0000000000 seconds
Iteration 36:	0.0362620354 seconds	0.0000000000 seconds
Iteration 36:	0.0362610817 seconds	0.0000000000 seconds
Iteration 36:	0.0361840725 seconds	0.0000000000 seconds
Iteration 36:	0.0362679958 seconds	0.0000000000 seconds
Iteration 36:	0.0362648964 seconds	0.0000000000 seconds
Iteration 36:	0.0362639427 seconds	0.0000000000 seconds
Iteration 36:	0.0362739563 seconds	0.0000000000 seconds
Iteration 36:	0.0362708569 seconds	0.0000000000 seconds
Iteration 36:	0.0362617970 seconds	0.0000000000 seconds
Iteration 36:	0.0362758636 seconds	0.0000000000 seconds
Iteration 36:	0.0362770557 seconds	0.0000000000 seconds
Iteration 36:	0.0362648964 seconds	0.0000000000 seconds
Iteration 36:	0.0362570286 seconds	0.0000000000 seconds
Iteration 36:	0.0362610817 seconds	0.0000000000 seconds
Iteration 36:	0.0362620354 seconds	0.0000000000 seconds
Iteration 36:	0.0362610817 seconds	0.0000000000 seconds
Iteration 37:	0.0326058865 seconds	0.0000000000 seconds
Iteration 37:	0.0326089859 seconds	0.0000000000 seconds
Iteration 37:	0.0326120853 seconds	0.0000000000 seconds
Iteration 37:	0.0326149464 seconds	0.0000000000 seconds
Iteration 37:	0.0326130390 seconds	0.0000000000 seconds
Iteration 37:	0.0326189995 seconds	0.0000000000 seconds
Iteration 37:	0.0326240063 seconds	0.0000000000 seconds
Iteration 37:	0.0326259136 seconds	0.0000000000 seconds
Iteration 37:	0.0326249599 seconds	0.0000000000 seconds
Iteration 37:	0.0326271057 seconds	0.0000000000 seconds
Iteration 37:	0.0326271057 seconds	0.0000000000 seconds
Iteration 37:	0.0326421261 seconds	0.0000000000 seconds
Iteration 37:	0.0326349735 seconds	0.0000000000 seconds
Iteration 37:	0.0326340199 seconds	0.0000000000 seconds
Iteration 37:	0.0326519012 seconds	0.0000000000 seconds
Iteration 37:	0.0326349735 seconds	0.0000000000 seconds
Iteration 37:	0.0326361656 seconds	0.0000000000 seconds
Iteration 37:	0.0326361656 seconds	0.0000000000 seconds
Iteration 37:	0.0326559544 seconds	0.0000000000 seconds
Iteration 37:	0.0326600075 seconds	0.0000000000 seconds
Iteration 37:	0.0326070786 seconds	0.0000000000 seconds
Iteration 37:	0.0326650143 seconds	0.0000000000 seconds
Iteration 37:	0.0326681137 seconds	0.0000000000 seconds
Iteration 37:	0.0326669216 seconds	0.0000000000 seconds
Iteration 38:	0.0361988544 seconds	0.0000000000 seconds
Iteration 38:	0.0361988544 seconds	0.0000000000 seconds
Iteration 38:	0.0362019539 seconds	0.0000000000 seconds
Iteration 38:	0.0362029076 seconds	0.0000000000 seconds
Iteration 38:	0.0361969471 seconds	0.0000000000 seconds
Iteration 38:	0.0362000465 seconds	0.0000000000 seconds
Iteration 38:	0.0362119675 seconds	0.0000000000 seconds
Iteration 38:	0.0362269878 seconds	0.0000000000 seconds
Iteration 38:	0.0362482071 seconds	0.0000000000 seconds
Iteration 38:	0.0362420082 seconds	0.0000000000 seconds
Iteration 38:	0.0362448692 seconds	0.0000000000 seconds
Iteration 38:	0.0362401009 seconds	0.0000000000 seconds
Iteration 38:	0.0362451077 seconds	0.0000009537 seconds
Iteration 38:	0.0362401009 seconds	0.0000000000 seconds
Iteration 38:	0.0362510681 seconds	0.0000000000 seconds
Iteration 38:	0.0361850262 seconds	0.0000000000 seconds
Iteration 38:	0.0362389088 seconds	0.0000000000 seconds
Iteration 38:	0.0362370014 seconds	0.0000000000 seconds
Iteration 38:	0.0362279415 seconds	0.0000011921 seconds
Iteration 38:	0.0362379551 seconds	0.0000000000 seconds
Iteration 38:	0.0362238884 seconds	0.0000000000 seconds
Iteration 38:	0.0362269878 seconds	0.0000000000 seconds
Iteration 38:	0.0362339020 seconds	0.0000000000 seconds
Iteration 38:	0.0362300873 seconds	0.0000000000 seconds
Iteration 39:	0.0326139927 seconds	0.0000000000 seconds
Iteration 39:	0.0326180458 seconds	0.0000000000 seconds
Iteration 39:	0.0326139927 seconds	0.0000000000 seconds
Iteration 39:	0.0326130390 seconds	0.0000000000 seconds
Iteration 39:	0.0326139927 seconds	0.0000000000 seconds
Iteration 39:	0.0326201916 seconds	0.0000000000 seconds
Iteration 39:	0.0326151848 seconds	0.0000000000 seconds
Iteration 39:	0.0326189995 seconds	0.0000000000 seconds
Iteration 39:	0.0326168537 seconds	0.0000000000 seconds
Iteration 39:	0.0326189995 seconds	0.0000000000 seconds
Iteration 39:	0.0326209068 seconds	0.0000000000 seconds
Iteration 39:	0.0326321125 seconds	0.0000000000 seconds
Iteration 39:	0.0326189995 seconds	0.0000000000 seconds
Total computation time was: 1.379305		Average frame time was: 0.034476		Average Particle interations per second were: 1931341576.328916
Iteration 39:	0.0326189995 seconds	0.0000000000 seconds
Iteration 39:	0.0326201916 seconds	0.0000000000 seconds
Iteration 39:	0.0326199532 seconds	0.0000000000 seconds
Iteration 39:	0.0326218605 seconds	0.0000000000 seconds
Iteration 39:	0.0326449871 seconds	0.0000000000 seconds
Iteration 39:	0.0326490402 seconds	0.0000000000 seconds
Iteration 39:	0.0326521397 seconds	0.0000000000 seconds
Iteration 39:	0.0325968266 seconds	0.0000011921 seconds
Iteration 39:	0.0326581001 seconds	0.0000000000 seconds
Iteration 39:	0.0326590538 seconds	0.0000000000 seconds
Iteration 39:	0.0326609612 seconds	0.0000000000 seconds
