[ -1:000]                : Rank 3 is running on comet-26-35.sdsc.edu
[ -1:000]                : Rank 7 is running on comet-26-35.sdsc.edu
[ -1:000]                : Rank 1 is running on comet-26-35.sdsc.edu
[  7:001] init_pprintf   : My dest: 0	My source: 6	My_num_part: 4020
[  1:001] init_pprintf   : My dest: 2	My source: 0	My_num_part: 4020
[  3:001] init_pprintf   : My dest: 4	My source: 2	My_num_part: 4020
[ -1:000]                : Rank 5 is running on comet-26-35.sdsc.edu
[  5:001] init_pprintf   : My dest: 6	My source: 4	My_num_part: 4020
[ -1:000]                : Rank 6 is running on comet-26-35.sdsc.edu
[ -1:000]                : Rank 0 is running on comet-26-35.sdsc.edu
[ -1:000]                : Rank 2 is running on comet-26-35.sdsc.edu
[  6:001] init_pprintf   : My dest: 7	My source: 5	My_num_part: 4020
[ -1:000]                : Rank 4 is running on comet-26-35.sdsc.edu
[  0:001] init_pprintf   : My dest: 1	My source: 7	My_num_part: 4020
[  2:001] init_pprintf   : My dest: 3	My source: 1	My_num_part: 4020
[  4:001] init_pprintf   : My dest: 5	My source: 3	My_num_part: 4020
Initalizing particles linear on 28140 to 32160
Initalizing particles linear on 4020 to 8040
Initalizing particles linear on 12060 to 16080
Initalizing particles linear on 24120 to 28140
Initalizing particles linear on 20100 to 24120
Initalizing particles linear on 16080 to 20100
Initalizing particles linear on 0 to 4020
Initalizing particles linear on 8040 to 12060
Iteration 0:	1.6379699707 seconds	0.0000000000 seconds
Iteration 0:	1.6381177902 seconds	0.0000000000 seconds
Iteration 0:	1.6381421089 seconds	0.0000000000 seconds
Iteration 0:	1.6387059689 seconds	0.0000000000 seconds
Iteration 0:	1.6387140751 seconds	0.0000000000 seconds
Iteration 0:	1.6389908791 seconds	0.0000000000 seconds
Iteration 0:	1.6389510632 seconds	0.0000000000 seconds
Iteration 0:	1.6389548779 seconds	0.0000009537 seconds
Iteration 1:	1.4813358784 seconds	0.0000000000 seconds
Iteration 1:	1.4815411568 seconds	0.0000000000 seconds
Iteration 1:	1.4808290005 seconds	0.0000000000 seconds
Iteration 1:	1.4819829464 seconds	0.0000000000 seconds
Iteration 1:	1.4812500477 seconds	0.0000000000 seconds
Iteration 1:	1.4818658829 seconds	0.0000000000 seconds
Iteration 1:	1.4815769196 seconds	0.0000000000 seconds
Iteration 1:	1.4815800190 seconds	0.0000000000 seconds
Iteration 2:	1.6569550037 seconds	0.0000000000 seconds
Iteration 2:	1.6572470665 seconds	0.0000000000 seconds
Iteration 2:	1.6568791866 seconds	0.0000000000 seconds
Iteration 2:	1.6578488350 seconds	0.0000000000 seconds
Iteration 2:	1.6569771767 seconds	0.0000000000 seconds
Iteration 2:	1.6579520702 seconds	0.0000000000 seconds
Iteration 2:	1.6576228142 seconds	0.0000000000 seconds
Iteration 2:	1.6576240063 seconds	0.0000000000 seconds
Iteration 3:	1.4841339588 seconds	0.0000000000 seconds
Iteration 3:	1.4850790501 seconds	0.0000000000 seconds
Iteration 3:	1.4847989082 seconds	0.0000000000 seconds
Iteration 3:	1.4844820499 seconds	0.0000000000 seconds
Iteration 3:	1.4843158722 seconds	0.0000000000 seconds
Iteration 3:	1.4852480888 seconds	0.0000000000 seconds
Iteration 3:	1.4852449894 seconds	0.0000000000 seconds
Iteration 3:	1.4852468967 seconds	0.0000000000 seconds
Iteration 4:	1.6446380615 seconds	0.0000000000 seconds
Iteration 4:	1.6456449032 seconds	0.0000000000 seconds
Iteration 4:	1.6456458569 seconds	0.0000009537 seconds
Iteration 4:	1.6459000111 seconds	0.0000000000 seconds
Iteration 4:	1.6459000111 seconds	0.0000000000 seconds
Iteration 4:	1.6444659233 seconds	0.0000000000 seconds
Iteration 4:	1.6444659233 seconds	0.0000000000 seconds
Iteration 4:	1.6444659233 seconds	0.0000000000 seconds
Iteration 5:	1.4791669846 seconds	0.0000000000 seconds
Iteration 5:	1.4773709774 seconds	0.0000000000 seconds
Iteration 5:	1.4773709774 seconds	0.0000000000 seconds
Iteration 5:	1.4778370857 seconds	0.0000000000 seconds
Iteration 5:	1.4778370857 seconds	0.0000000000 seconds
Iteration 5:	1.4780979156 seconds	0.0000000000 seconds
Iteration 5:	1.4780979156 seconds	0.0000000000 seconds
Iteration 5:	1.4780969620 seconds	0.0000000000 seconds
Iteration 6:	1.6393520832 seconds	0.0000000000 seconds
Iteration 6:	1.6410582066 seconds	0.0000000000 seconds
Iteration 6:	1.6403579712 seconds	0.0000000000 seconds
Iteration 6:	1.6407518387 seconds	0.0000000000 seconds
Iteration 6:	1.6400480270 seconds	0.0000000000 seconds
Iteration 6:	1.6413810253 seconds	0.0000000000 seconds
Iteration 6:	1.6405110359 seconds	0.0000000000 seconds
Iteration 6:	1.6405110359 seconds	0.0000000000 seconds
Iteration 7:	1.4826421738 seconds	0.0000000000 seconds
Iteration 7:	1.4844329357 seconds	0.0000000000 seconds
Iteration 7:	1.4834299088 seconds	0.0000000000 seconds
Iteration 7:	1.4839320183 seconds	0.0000000000 seconds
Iteration 7:	1.4833009243 seconds	0.0000000000 seconds
Iteration 7:	1.4842748642 seconds	0.0000000000 seconds
Iteration 7:	1.4838109016 seconds	0.0000000000 seconds
Iteration 7:	1.4838111401 seconds	0.0000000000 seconds
Iteration 8:	1.6364698410 seconds	0.0000000000 seconds
Iteration 8:	1.6382210255 seconds	0.0000000000 seconds
Iteration 8:	1.6365258694 seconds	0.0000000000 seconds
Iteration 8:	1.6373479366 seconds	0.0000000000 seconds
Iteration 8:	1.6360859871 seconds	0.0000000000 seconds
Iteration 8:	1.6380739212 seconds	0.0000000000 seconds
Iteration 8:	1.6375620365 seconds	0.0000000000 seconds
Iteration 8:	1.6375617981 seconds	0.0000000000 seconds
Iteration 9:	1.4819970131 seconds	0.0000000000 seconds
Iteration 9:	1.4834868908 seconds	0.0000000000 seconds
Iteration 9:	1.4826099873 seconds	0.0000000000 seconds
Iteration 9:	1.4839329720 seconds	0.0000000000 seconds
Iteration 9:	1.4823870659 seconds	0.0000000000 seconds
Iteration 9:	1.4845778942 seconds	0.0000000000 seconds
Iteration 9:	1.4831020832 seconds	0.0000000000 seconds
Iteration 9:	1.4831020832 seconds	0.0000000000 seconds
Iteration 10:	1.6459839344 seconds	0.0000011921 seconds
Iteration 10:	1.6461281776 seconds	0.0000000000 seconds
Iteration 10:	1.6461830139 seconds	0.0000000000 seconds
Iteration 10:	1.6456599236 seconds	0.0000000000 seconds
Iteration 10:	1.6456599236 seconds	0.0000000000 seconds
Iteration 10:	1.6464619637 seconds	0.0000000000 seconds
Iteration 10:	1.6464970112 seconds	0.0000000000 seconds
Iteration 10:	1.6464970112 seconds	0.0000000000 seconds
Iteration 11:	1.4820170403 seconds	0.0000000000 seconds
Iteration 11:	1.4830889702 seconds	0.0000000000 seconds
Iteration 11:	1.4831509590 seconds	0.0000000000 seconds
Iteration 11:	1.4824230671 seconds	0.0000000000 seconds
Iteration 11:	1.4825561047 seconds	0.0000000000 seconds
Iteration 11:	1.4828360081 seconds	0.0000000000 seconds
Iteration 11:	1.4828350544 seconds	0.0000000000 seconds
Iteration 11:	1.4828660488 seconds	0.0000009537 seconds
Iteration 12:	1.6480150223 seconds	0.0000000000 seconds
Iteration 12:	1.6479151249 seconds	0.0000000000 seconds
Iteration 12:	1.6478009224 seconds	0.0000000000 seconds
Iteration 12:	1.6482179165 seconds	0.0000000000 seconds
Iteration 12:	1.6480860710 seconds	0.0000000000 seconds
Iteration 12:	1.6481218338 seconds	0.0000000000 seconds
Iteration 12:	1.6481208801 seconds	0.0000000000 seconds
Iteration 12:	1.6481208801 seconds	0.0000000000 seconds
Iteration 13:	1.4829311371 seconds	0.0000000000 seconds
Iteration 13:	1.4833228588 seconds	0.0000000000 seconds
Iteration 13:	1.4833238125 seconds	0.0000000000 seconds
Iteration 13:	1.4829709530 seconds	0.0000000000 seconds
Iteration 13:	1.4832139015 seconds	0.0000000000 seconds
Iteration 13:	1.4830830097 seconds	0.0000000000 seconds
Iteration 13:	1.4830830097 seconds	0.0000000000 seconds
Iteration 13:	1.4830820560 seconds	0.0000000000 seconds
Iteration 14:	1.6398060322 seconds	0.0000000000 seconds
Iteration 14:	1.6426570415 seconds	0.0000000000 seconds
Iteration 14:	1.6405181885 seconds	0.0000000000 seconds
Iteration 14:	1.6405980587 seconds	0.0000000000 seconds
Iteration 14:	1.6386981010 seconds	0.0000000000 seconds
Iteration 14:	1.6408629417 seconds	0.0000000000 seconds
Iteration 14:	1.6391248703 seconds	0.0000000000 seconds
Iteration 14:	1.6391251087 seconds	0.0000000000 seconds
Iteration 15:	1.4754619598 seconds	0.0000000000 seconds
Iteration 15:	1.4766719341 seconds	0.0000000000 seconds
Iteration 15:	1.4760799408 seconds	0.0000000000 seconds
Iteration 15:	1.4760959148 seconds	0.0000000000 seconds
Iteration 15:	1.4756240845 seconds	0.0000000000 seconds
Iteration 15:	1.4766540527 seconds	0.0000000000 seconds
Iteration 15:	1.4762248993 seconds	0.0000000000 seconds
Iteration 15:	1.4762248993 seconds	0.0000000000 seconds
Iteration 16:	1.6426498890 seconds	0.0000000000 seconds
Iteration 16:	1.6425321102 seconds	0.0000000000 seconds
Iteration 16:	1.6423380375 seconds	0.0000000000 seconds
Iteration 16:	1.6426479816 seconds	0.0000000000 seconds
Iteration 16:	1.6425459385 seconds	0.0000000000 seconds
Iteration 16:	1.6432080269 seconds	0.0000000000 seconds
Iteration 16:	1.6432070732 seconds	0.0000000000 seconds
Iteration 16:	1.6432070732 seconds	0.0000009537 seconds
Iteration 17:	1.4777700901 seconds	0.0000000000 seconds
Iteration 17:	1.4786818027 seconds	0.0000000000 seconds
Iteration 17:	1.4786629677 seconds	0.0000000000 seconds
Iteration 17:	1.4783911705 seconds	0.0000000000 seconds
Iteration 17:	1.4786450863 seconds	0.0000000000 seconds
Iteration 17:	1.4783718586 seconds	0.0000000000 seconds
Iteration 17:	1.4783720970 seconds	0.0000000000 seconds
Iteration 17:	1.4783730507 seconds	0.0000000000 seconds
Iteration 18:	1.6436960697 seconds	0.0000009537 seconds
Iteration 18:	1.6434161663 seconds	0.0000000000 seconds
Iteration 18:	1.6434130669 seconds	0.0000000000 seconds
Iteration 18:	1.6438879967 seconds	0.0000000000 seconds
Iteration 18:	1.6436171532 seconds	0.0000000000 seconds
Iteration 18:	1.6439130306 seconds	0.0000000000 seconds
Iteration 18:	1.6439130306 seconds	0.0000000000 seconds
Iteration 18:	1.6439118385 seconds	0.0000000000 seconds
Iteration 19:	1.4808549881 seconds	0.0000000000 seconds
Iteration 19:	1.4811899662 seconds	0.0000000000 seconds
Iteration 19:	1.4812560081 seconds	0.0000000000 seconds
Iteration 19:	1.4807920456 seconds	0.0000000000 seconds
Iteration 19:	1.4808790684 seconds	0.0000000000 seconds
Iteration 19:	1.4808030128 seconds	0.0000000000 seconds
Iteration 19:	1.4808020592 seconds	0.0000000000 seconds
Iteration 19:	1.4808020592 seconds	0.0000000000 seconds
Iteration 20:	1.6419179440 seconds	0.0000000000 seconds
Iteration 20:	1.6417119503 seconds	0.0000000000 seconds
Iteration 20:	1.6416480541 seconds	0.0000000000 seconds
Iteration 20:	1.6421267986 seconds	0.0000000000 seconds
Iteration 20:	1.6420378685 seconds	0.0000000000 seconds
Iteration 20:	1.6419370174 seconds	0.0000000000 seconds
Iteration 20:	1.6419389248 seconds	0.0000000000 seconds
Iteration 20:	1.6419401169 seconds	0.0000000000 seconds
Iteration 21:	1.4827978611 seconds	0.0000000000 seconds
Iteration 21:	1.4833388329 seconds	0.0000009537 seconds
Iteration 21:	1.4833400249 seconds	0.0000000000 seconds
Iteration 21:	1.4828999043 seconds	0.0000000000 seconds
Iteration 21:	1.4829001427 seconds	0.0000000000 seconds
Iteration 21:	1.4825079441 seconds	0.0000000000 seconds
Iteration 21:	1.4825038910 seconds	0.0000000000 seconds
Iteration 21:	1.4825069904 seconds	0.0000000000 seconds
Iteration 22:	1.6465620995 seconds	0.0000000000 seconds
Iteration 22:	1.6458551884 seconds	0.0000000000 seconds
Iteration 22:	1.6458570957 seconds	0.0000000000 seconds
Iteration 22:	1.6464371681 seconds	0.0000000000 seconds
Iteration 22:	1.6464369297 seconds	0.0000000000 seconds
Iteration 22:	1.6459550858 seconds	0.0000009537 seconds
Iteration 22:	1.6459560394 seconds	0.0000000000 seconds
Iteration 22:	1.6459550858 seconds	0.0000000000 seconds
Iteration 23:	1.4802830219 seconds	0.0000000000 seconds
Iteration 23:	1.4806818962 seconds	0.0000000000 seconds
Iteration 23:	1.4806828499 seconds	0.0000000000 seconds
Iteration 23:	1.4804129601 seconds	0.0000000000 seconds
Iteration 23:	1.4804148674 seconds	0.0000000000 seconds
Iteration 23:	1.4812939167 seconds	0.0000000000 seconds
Iteration 23:	1.4812998772 seconds	0.0000000000 seconds
Iteration 23:	1.4812989235 seconds	0.0000000000 seconds
Iteration 24:	1.6447029114 seconds	0.0000000000 seconds
Iteration 24:	1.6444940567 seconds	0.0000000000 seconds
Iteration 24:	1.6447031498 seconds	0.0000000000 seconds
Iteration 24:	1.6444799900 seconds	0.0000000000 seconds
Iteration 24:	1.6448738575 seconds	0.0000000000 seconds
Iteration 24:	1.6451818943 seconds	0.0000000000 seconds
Iteration 24:	1.6451809406 seconds	0.0000000000 seconds
Iteration 24:	1.6451859474 seconds	0.0000000000 seconds
Iteration 25:	1.4826920033 seconds	0.0000000000 seconds
Iteration 25:	1.4832088947 seconds	0.0000009537 seconds
Iteration 25:	1.4830679893 seconds	0.0000000000 seconds
Iteration 25:	1.4829361439 seconds	0.0000000000 seconds
Iteration 25:	1.4826591015 seconds	0.0000000000 seconds
Iteration 25:	1.4828770161 seconds	0.0000000000 seconds
Iteration 25:	1.4828770161 seconds	0.0000000000 seconds
Iteration 25:	1.4828779697 seconds	0.0000000000 seconds
Iteration 26:	1.6464591026 seconds	0.0000000000 seconds
Iteration 26:	1.6459319592 seconds	0.0000000000 seconds
Iteration 26:	1.6458661556 seconds	0.0000000000 seconds
Iteration 26:	1.6462609768 seconds	0.0000000000 seconds
Iteration 26:	1.6461529732 seconds	0.0000000000 seconds
Iteration 26:	1.6458530426 seconds	0.0000000000 seconds
Iteration 26:	1.6458530426 seconds	0.0000000000 seconds
Iteration 26:	1.6458530426 seconds	0.0000009537 seconds
Iteration 27:	1.4830989838 seconds	0.0000000000 seconds
Iteration 27:	1.4837090969 seconds	0.0000000000 seconds
Iteration 27:	1.4837100506 seconds	0.0000000000 seconds
Iteration 27:	1.4833009243 seconds	0.0000000000 seconds
Iteration 27:	1.4833030701 seconds	0.0000000000 seconds
Iteration 27:	1.4832179546 seconds	0.0000000000 seconds
Iteration 27:	1.4832179546 seconds	0.0000000000 seconds
Iteration 27:	1.4832170010 seconds	0.0000000000 seconds
Iteration 28:	1.6511890888 seconds	0.0000000000 seconds
Iteration 28:	1.6508009434 seconds	0.0000000000 seconds
Iteration 28:	1.6508018970 seconds	0.0000000000 seconds
Iteration 28:	1.6511628628 seconds	0.0000000000 seconds
Iteration 28:	1.6511631012 seconds	0.0000000000 seconds
Iteration 28:	1.6506428719 seconds	0.0000000000 seconds
Iteration 28:	1.6506440639 seconds	0.0000000000 seconds
Iteration 28:	1.6506440639 seconds	0.0000000000 seconds
Iteration 29:	1.4814009666 seconds	0.0000000000 seconds
Iteration 29:	1.4814679623 seconds	0.0000000000 seconds
Iteration 29:	1.4812030792 seconds	0.0000000000 seconds
Iteration 29:	1.4817988873 seconds	0.0000000000 seconds
Iteration 29:	1.4815759659 seconds	0.0000000000 seconds
Iteration 29:	1.4821929932 seconds	0.0000000000 seconds
Total computation time was: 46.894959		Average frame time was: 1.563160		Average Particle interations per second were: 661650648.213032
Iteration 29:	1.4822390079 seconds	0.0000000000 seconds
Iteration 29:	1.4822371006 seconds	0.0000000000 seconds
