[ -1:000]                : Rank 1 is running on comet-25-59.sdsc.edu
[ -1:000]                : Rank 0 is running on comet-25-59.sdsc.edu
[  1:001] init_pprintf   : My dest: 0	My source: 0	My_num_part: 240
[  0:001] init_pprintf   : My dest: 1	My source: 1	My_num_part: 240
Initalizing particles linear on 0 to 240
Initalizing particles linear on 240 to 480
Iteration 0:	0.0009469986 seconds	0.0000000000 seconds
Iteration 0:	0.0010430813 seconds	0.0000000000 seconds
Iteration 1:	0.0007429123 seconds	0.0000000000 seconds
Iteration 1:	0.0007429123 seconds	0.0000000000 seconds
Iteration 2:	0.0008089542 seconds	0.0000000000 seconds
Iteration 2:	0.0008080006 seconds	0.0000000000 seconds
Iteration 3:	0.0007560253 seconds	0.0000000000 seconds
Iteration 3:	0.0007560253 seconds	0.0000000000 seconds
Iteration 4:	0.0008070469 seconds	0.0000000000 seconds
Iteration 4:	0.0008070469 seconds	0.0000000000 seconds
Iteration 5:	0.0007390976 seconds	0.0000000000 seconds
Iteration 5:	0.0007390976 seconds	0.0000000000 seconds
Iteration 6:	0.0008018017 seconds	0.0000000000 seconds
Iteration 6:	0.0008029938 seconds	0.0000000000 seconds
Iteration 7:	0.0007379055 seconds	0.0000000000 seconds
Iteration 7:	0.0007379055 seconds	0.0000000000 seconds
Iteration 8:	0.0007998943 seconds	0.0000000000 seconds
Iteration 8:	0.0007998943 seconds	0.0000000000 seconds
Iteration 9:	0.0007350445 seconds	0.0000000000 seconds
Iteration 9:	0.0007350445 seconds	0.0000000000 seconds
Iteration 10:	0.0008051395 seconds	0.0000000000 seconds
Iteration 10:	0.0008060932 seconds	0.0000000000 seconds
Iteration 11:	0.0007421970 seconds	0.0000000000 seconds
Iteration 11:	0.0007410049 seconds	0.0000000000 seconds
Iteration 12:	0.0008060932 seconds	0.0000000000 seconds
Iteration 12:	0.0008051395 seconds	0.0000009537 seconds
Iteration 13:	0.0007359982 seconds	0.0000000000 seconds
Iteration 13:	0.0007359982 seconds	0.0000000000 seconds
Iteration 14:	0.0008020401 seconds	0.0000000000 seconds
Iteration 14:	0.0008020401 seconds	0.0000000000 seconds
Iteration 15:	0.0007338524 seconds	0.0000000000 seconds
Iteration 15:	0.0007338524 seconds	0.0000000000 seconds
Iteration 16:	0.0008020401 seconds	0.0000000000 seconds
Iteration 16:	0.0008020401 seconds	0.0000000000 seconds
Iteration 17:	0.0007460117 seconds	0.0000000000 seconds
Iteration 17:	0.0007450581 seconds	0.0000000000 seconds
Iteration 18:	0.0008068085 seconds	0.0000000000 seconds
Iteration 18:	0.0008068085 seconds	0.0000000000 seconds
Iteration 19:	0.0007328987 seconds	0.0000000000 seconds
Iteration 19:	0.0007328987 seconds	0.0000000000 seconds
Iteration 20:	0.0008039474 seconds	0.0000000000 seconds
Iteration 20:	0.0008039474 seconds	0.0000000000 seconds
Iteration 21:	0.0007679462 seconds	0.0000000000 seconds
Iteration 21:	0.0007679462 seconds	0.0000000000 seconds
Iteration 22:	0.0008039474 seconds	0.0000000000 seconds
Iteration 22:	0.0008029938 seconds	0.0000000000 seconds
Iteration 23:	0.0007350445 seconds	0.0000000000 seconds
Iteration 23:	0.0007359982 seconds	0.0000000000 seconds
Iteration 24:	0.0008010864 seconds	0.0000000000 seconds
Iteration 24:	0.0008010864 seconds	0.0000000000 seconds
Iteration 25:	0.0007359982 seconds	0.0000000000 seconds
Iteration 25:	0.0007359982 seconds	0.0000000000 seconds
Iteration 26:	0.0008039474 seconds	0.0000000000 seconds
Iteration 26:	0.0008039474 seconds	0.0000000000 seconds
Iteration 27:	0.0007328987 seconds	0.0000000000 seconds
Iteration 27:	0.0007328987 seconds	0.0000000000 seconds
Iteration 28:	0.0008089542 seconds	0.0000000000 seconds
Iteration 28:	0.0008099079 seconds	0.0000000000 seconds
Iteration 29:	0.0007381439 seconds	0.0000000000 seconds
Iteration 29:	0.0007381439 seconds	0.0000000000 seconds
Iteration 30:	0.0008010864 seconds	0.0000000000 seconds
Iteration 30:	0.0008010864 seconds	0.0000000000 seconds
Iteration 31:	0.0007359982 seconds	0.0000000000 seconds
Iteration 31:	0.0007359982 seconds	0.0000000000 seconds
Iteration 32:	0.0008029938 seconds	0.0000000000 seconds
Iteration 32:	0.0008029938 seconds	0.0000000000 seconds
Iteration 33:	0.0007379055 seconds	0.0000000000 seconds
Iteration 33:	0.0007388592 seconds	0.0000000000 seconds
Iteration 34:	0.0008039474 seconds	0.0000000000 seconds
Iteration 34:	0.0008039474 seconds	0.0000000000 seconds
Iteration 35:	0.0007448196 seconds	0.0000000000 seconds
Iteration 35:	0.0007448196 seconds	0.0000000000 seconds
Iteration 36:	0.0008029938 seconds	0.0000000000 seconds
Iteration 36:	0.0008039474 seconds	0.0000000000 seconds
Iteration 37:	0.0007338524 seconds	0.0000000000 seconds
Iteration 37:	0.0007350445 seconds	0.0000000000 seconds
Iteration 38:	0.0007998943 seconds	0.0000000000 seconds
Iteration 38:	0.0007989407 seconds	0.0000000000 seconds
Iteration 39:	0.0007359982 seconds	0.0000000000 seconds
Iteration 39:	0.0007359982 seconds	0.0000000000 seconds
Iteration 40:	0.0008080006 seconds	0.0000000000 seconds
Iteration 40:	0.0008080006 seconds	0.0000000000 seconds
Iteration 41:	0.0007340908 seconds	0.0000000000 seconds
Iteration 41:	0.0007340908 seconds	0.0000000000 seconds
Iteration 42:	0.0008001328 seconds	0.0000000000 seconds
Iteration 42:	0.0008001328 seconds	0.0000000000 seconds
Iteration 43:	0.0007338524 seconds	0.0000000000 seconds
Iteration 43:	0.0007328987 seconds	0.0000000000 seconds
Iteration 44:	0.0008080006 seconds	0.0000000000 seconds
Iteration 44:	0.0008080006 seconds	0.0000000000 seconds
Iteration 45:	0.0007340908 seconds	0.0000000000 seconds
Iteration 45:	0.0007340908 seconds	0.0000000000 seconds
Iteration 46:	0.0008029938 seconds	0.0000000000 seconds
Iteration 46:	0.0008041859 seconds	0.0000000000 seconds
Iteration 47:	0.0007400513 seconds	0.0000000000 seconds
Iteration 47:	0.0007400513 seconds	0.0000000000 seconds
Iteration 48:	0.0008058548 seconds	0.0000000000 seconds
Iteration 48:	0.0008068085 seconds	0.0000000000 seconds
Iteration 49:	0.0007379055 seconds	0.0000000000 seconds
Iteration 49:	0.0007369518 seconds	0.0000009537 seconds
Iteration 50:	0.0008010864 seconds	0.0000000000 seconds
Iteration 50:	0.0008020401 seconds	0.0000000000 seconds
Iteration 51:	0.0007350445 seconds	0.0000000000 seconds
Iteration 51:	0.0007340908 seconds	0.0000000000 seconds
Iteration 52:	0.0008070469 seconds	0.0000000000 seconds
Iteration 52:	0.0008070469 seconds	0.0000000000 seconds
Iteration 53:	0.0007379055 seconds	0.0000000000 seconds
Iteration 53:	0.0007379055 seconds	0.0000000000 seconds
Iteration 54:	0.0007989407 seconds	0.0000000000 seconds
Iteration 54:	0.0007998943 seconds	0.0000000000 seconds
Iteration 55:	0.0007359982 seconds	0.0000000000 seconds
Iteration 55:	0.0007359982 seconds	0.0000000000 seconds
Iteration 56:	0.0008020401 seconds	0.0000000000 seconds
Iteration 56:	0.0008039474 seconds	0.0000000000 seconds
Iteration 57:	0.0007379055 seconds	0.0000000000 seconds
Iteration 57:	0.0007379055 seconds	0.0000000000 seconds
Iteration 58:	0.0008080006 seconds	0.0000000000 seconds
Iteration 58:	0.0008080006 seconds	0.0000000000 seconds
Iteration 59:	0.0007359982 seconds	0.0000000000 seconds
Iteration 59:	0.0007359982 seconds	0.0000000000 seconds
Iteration 60:	0.0008039474 seconds	0.0000000000 seconds
Iteration 60:	0.0008039474 seconds	0.0000000000 seconds
Iteration 61:	0.0007350445 seconds	0.0000000000 seconds
Iteration 61:	0.0007350445 seconds	0.0000000000 seconds
Iteration 62:	0.0008029938 seconds	0.0000000000 seconds
Iteration 62:	0.0008029938 seconds	0.0000000000 seconds
Iteration 63:	0.0007350445 seconds	0.0000000000 seconds
Iteration 63:	0.0007340908 seconds	0.0000000000 seconds
Iteration 64:	0.0008029938 seconds	0.0000000000 seconds
Iteration 64:	0.0008029938 seconds	0.0000000000 seconds
Iteration 65:	0.0007338524 seconds	0.0000000000 seconds
Iteration 65:	0.0007338524 seconds	0.0000000000 seconds
Iteration 66:	0.0008039474 seconds	0.0000000000 seconds
Iteration 66:	0.0008039474 seconds	0.0000000000 seconds
Iteration 67:	0.0007328987 seconds	0.0000000000 seconds
Iteration 67:	0.0007338524 seconds	0.0000000000 seconds
Iteration 68:	0.0008070469 seconds	0.0000000000 seconds
Iteration 68:	0.0008070469 seconds	0.0000000000 seconds
Iteration 69:	0.0007359982 seconds	0.0000000000 seconds
Iteration 69:	0.0007359982 seconds	0.0000000000 seconds
Iteration 70:	0.0008060932 seconds	0.0000000000 seconds
Iteration 70:	0.0008070469 seconds	0.0000000000 seconds
Iteration 71:	0.0007371902 seconds	0.0000000000 seconds
Iteration 71:	0.0007359982 seconds	0.0000000000 seconds
Iteration 72:	0.0008049011 seconds	0.0000000000 seconds
Iteration 72:	0.0008029938 seconds	0.0000000000 seconds
Iteration 73:	0.0007350445 seconds	0.0000000000 seconds
Iteration 73:	0.0007350445 seconds	0.0000000000 seconds
Iteration 74:	0.0008049011 seconds	0.0000000000 seconds
Iteration 74:	0.0008049011 seconds	0.0000000000 seconds
Iteration 75:	0.0007400513 seconds	0.0000000000 seconds
Iteration 75:	0.0007400513 seconds	0.0000000000 seconds
Iteration 76:	0.0008039474 seconds	0.0000000000 seconds
Iteration 76:	0.0008039474 seconds	0.0000000000 seconds
Iteration 77:	0.0007369518 seconds	0.0000000000 seconds
Iteration 77:	0.0007359982 seconds	0.0000000000 seconds
Iteration 78:	0.0008032322 seconds	0.0000000000 seconds
Iteration 78:	0.0008032322 seconds	0.0000000000 seconds
Iteration 79:	0.0007410049 seconds	0.0000000000 seconds
Iteration 79:	0.0007400513 seconds	0.0000000000 seconds
Iteration 80:	0.0008118153 seconds	0.0000000000 seconds
Iteration 80:	0.0008108616 seconds	0.0000009537 seconds
Iteration 81:	0.0007340908 seconds	0.0000000000 seconds
Iteration 81:	0.0007350445 seconds	0.0000000000 seconds
Iteration 82:	0.0008020401 seconds	0.0000000000 seconds
Iteration 82:	0.0008020401 seconds	0.0000000000 seconds
Iteration 83:	0.0007359982 seconds	0.0000000000 seconds
Iteration 83:	0.0007359982 seconds	0.0000000000 seconds
Iteration 84:	0.0008039474 seconds	0.0000000000 seconds
Iteration 84:	0.0008039474 seconds	0.0000000000 seconds
Iteration 85:	0.0007321835 seconds	0.0000000000 seconds
Iteration 85:	0.0007321835 seconds	0.0000000000 seconds
Iteration 86:	0.0008010864 seconds	0.0000000000 seconds
Iteration 86:	0.0008010864 seconds	0.0000000000 seconds
Iteration 87:	0.0007359982 seconds	0.0000000000 seconds
Iteration 87:	0.0007359982 seconds	0.0000000000 seconds
Iteration 88:	0.0008080006 seconds	0.0000000000 seconds
Iteration 88:	0.0008080006 seconds	0.0000000000 seconds
Iteration 89:	0.0007338524 seconds	0.0000000000 seconds
Iteration 89:	0.0007338524 seconds	0.0000000000 seconds
Iteration 90:	0.0008039474 seconds	0.0000000000 seconds
Iteration 90:	0.0008039474 seconds	0.0000000000 seconds
Iteration 91:	0.0007359982 seconds	0.0000000000 seconds
Iteration 91:	0.0007359982 seconds	0.0000000000 seconds
Iteration 92:	0.0008029938 seconds	0.0000000000 seconds
Iteration 92:	0.0008029938 seconds	0.0000000000 seconds
Iteration 93:	0.0007359982 seconds	0.0000000000 seconds
Iteration 93:	0.0007359982 seconds	0.0000000000 seconds
Iteration 94:	0.0008120537 seconds	0.0000000000 seconds
Iteration 94:	0.0008120537 seconds	0.0000000000 seconds
Iteration 95:	0.0007359982 seconds	0.0000000000 seconds
Iteration 95:	0.0007359982 seconds	0.0000000000 seconds
Iteration 96:	0.0008051395 seconds	0.0000000000 seconds
Iteration 96:	0.0008051395 seconds	0.0000000000 seconds
Iteration 97:	0.0007348061 seconds	0.0000000000 seconds
Iteration 97:	0.0007359982 seconds	0.0000000000 seconds
Iteration 98:	0.0008020401 seconds	0.0000000000 seconds
Iteration 98:	0.0008020401 seconds	0.0000000000 seconds
Iteration 99:	0.0007340908 seconds	0.0000000000 seconds
Iteration 99:	0.0007340908 seconds	0.0000000000 seconds
Total computation time was: 0.077653		Average frame time was: 0.000773		Average Particle interations per second were: 297957223.207156
