[ -1:000]                : Rank 0 is running on comet-02-38.sdsc.edu
[  0:001] init_pprintf   : My dest: 1	My source: 1	My_num_part: 480
Initalizing particles linear on 0 to 480
[ -1:000]                : Rank 1 is running on comet-23-57.sdsc.edu
[  1:001] init_pprintf   : My dest: 0	My source: 0	My_num_part: 480
Initalizing particles linear on 480 to 960
Iteration 0:	0.0279419422 seconds	0.0000000000 seconds
Iteration 0:	0.0703759193 seconds	0.0000009537 seconds
Iteration 1:	0.0166270733 seconds	0.0000000000 seconds
Iteration 1:	0.0168209076 seconds	0.0000000000 seconds
Iteration 2:	0.0199730396 seconds	0.0000000000 seconds
Iteration 2:	0.0199999809 seconds	0.0000000000 seconds
Iteration 3:	0.0250000954 seconds	0.0000000000 seconds
Iteration 3:	0.0250239372 seconds	0.0000000000 seconds
Iteration 4:	0.0239911079 seconds	0.0000000000 seconds
Iteration 4:	0.0240149498 seconds	0.0000009537 seconds
Iteration 5:	0.0199599266 seconds	0.0000000000 seconds
Iteration 5:	0.0199820995 seconds	0.0000000000 seconds
Iteration 6:	0.0199940205 seconds	0.0000000000 seconds
Iteration 6:	0.0200150013 seconds	0.0000000000 seconds
Iteration 7:	0.0327551365 seconds	0.0000000000 seconds
Iteration 7:	0.0327770710 seconds	0.0000000000 seconds
Iteration 8:	0.0150001049 seconds	0.0000000000 seconds
Iteration 8:	0.0150649548 seconds	0.0000000000 seconds
Iteration 9:	0.0012857914 seconds	0.0000000000 seconds
Iteration 9:	0.0012650490 seconds	0.0000000000 seconds
Iteration 10:	0.0012390614 seconds	0.0000000000 seconds
Iteration 10:	0.0012171268 seconds	0.0000009537 seconds
Iteration 11:	0.0011718273 seconds	0.0000000000 seconds
Iteration 11:	0.0012640953 seconds	0.0000000000 seconds
Iteration 12:	0.0011940002 seconds	0.0000009537 seconds
Iteration 12:	0.0012419224 seconds	0.0000011921 seconds
Iteration 13:	0.0011739731 seconds	0.0000000000 seconds
Iteration 13:	0.0011649132 seconds	0.0000009537 seconds
Iteration 14:	0.0011591911 seconds	0.0000000000 seconds
Iteration 14:	0.0011360645 seconds	0.0000000000 seconds
Iteration 15:	0.0011279583 seconds	0.0000009537 seconds
Iteration 15:	0.0011231899 seconds	0.0000000000 seconds
Iteration 16:	0.0012428761 seconds	0.0000000000 seconds
Iteration 16:	0.0012381077 seconds	0.0000000000 seconds
Iteration 17:	0.0011820793 seconds	0.0000000000 seconds
Iteration 17:	0.0011661053 seconds	0.0000000000 seconds
Iteration 18:	0.0011920929 seconds	0.0000000000 seconds
Iteration 18:	0.0011830330 seconds	0.0000000000 seconds
Iteration 19:	0.0018219948 seconds	0.0000000000 seconds
Iteration 19:	0.0017950535 seconds	0.0000000000 seconds
Iteration 20:	0.0015900135 seconds	0.0000000000 seconds
Iteration 20:	0.0015749931 seconds	0.0000000000 seconds
Iteration 21:	0.0016369820 seconds	0.0000000000 seconds
Iteration 21:	0.0016438961 seconds	0.0000000000 seconds
Iteration 22:	0.0014650822 seconds	0.0000009537 seconds
Iteration 22:	0.0014638901 seconds	0.0000000000 seconds
Iteration 23:	0.0016639233 seconds	0.0000000000 seconds
Iteration 23:	0.0016760826 seconds	0.0000000000 seconds
Iteration 24:	0.0014789104 seconds	0.0000000000 seconds
Iteration 24:	0.0014870167 seconds	0.0000000000 seconds
Iteration 25:	0.0016670227 seconds	0.0000000000 seconds
Iteration 25:	0.0016510487 seconds	0.0000000000 seconds
Iteration 26:	0.0015039444 seconds	0.0000000000 seconds
Iteration 26:	0.0014870167 seconds	0.0000000000 seconds
Iteration 27:	0.0017039776 seconds	0.0000000000 seconds
Iteration 27:	0.0017230511 seconds	0.0000000000 seconds
Iteration 28:	0.0015261173 seconds	0.0000000000 seconds
Iteration 28:	0.0015161037 seconds	0.0000000000 seconds
Iteration 29:	0.0017352104 seconds	0.0000000000 seconds
Iteration 29:	0.0017371178 seconds	0.0000000000 seconds
Iteration 30:	0.0015640259 seconds	0.0000000000 seconds
Iteration 30:	0.0015637875 seconds	0.0000000000 seconds
Iteration 31:	0.0016689301 seconds	0.0000000000 seconds
Iteration 31:	0.0016570091 seconds	0.0000000000 seconds
Iteration 32:	0.0014650822 seconds	0.0000000000 seconds
Iteration 32:	0.0014538765 seconds	0.0000000000 seconds
Iteration 33:	0.0046589375 seconds	0.0000000000 seconds
Iteration 33:	0.0046920776 seconds	0.0000000000 seconds
Iteration 34:	0.0015468597 seconds	0.0000011921 seconds
Iteration 34:	0.0014970303 seconds	0.0000000000 seconds
Iteration 35:	0.0016419888 seconds	0.0000000000 seconds
Iteration 35:	0.0016460419 seconds	0.0000000000 seconds
Iteration 36:	0.0014910698 seconds	0.0000000000 seconds
Iteration 36:	0.0014951229 seconds	0.0000009537 seconds
Iteration 37:	0.0016868114 seconds	0.0000000000 seconds
Iteration 37:	0.0016729832 seconds	0.0000000000 seconds
Iteration 38:	0.0015299320 seconds	0.0000000000 seconds
Iteration 38:	0.0015189648 seconds	0.0000000000 seconds
Iteration 39:	0.0016500950 seconds	0.0000000000 seconds
Iteration 39:	0.0016529560 seconds	0.0000000000 seconds
Iteration 40:	0.0015518665 seconds	0.0000000000 seconds
Iteration 40:	0.0015377998 seconds	0.0000000000 seconds
Iteration 41:	0.0018019676 seconds	0.0000000000 seconds
Iteration 41:	0.0017969608 seconds	0.0000000000 seconds
Iteration 42:	0.0015170574 seconds	0.0000000000 seconds
Iteration 42:	0.0014851093 seconds	0.0000000000 seconds
Iteration 43:	0.0017590523 seconds	0.0000000000 seconds
Iteration 43:	0.0017490387 seconds	0.0000000000 seconds
Iteration 44:	0.0014591217 seconds	0.0000009537 seconds
Iteration 44:	0.0014650822 seconds	0.0000000000 seconds
Iteration 45:	0.0016739368 seconds	0.0000000000 seconds
Iteration 45:	0.0016629696 seconds	0.0000000000 seconds
Iteration 46:	0.0015590191 seconds	0.0000000000 seconds
Iteration 46:	0.0015330315 seconds	0.0000000000 seconds
Iteration 47:	0.0017120838 seconds	0.0000000000 seconds
Iteration 47:	0.0017130375 seconds	0.0000009537 seconds
Iteration 48:	0.0015349388 seconds	0.0000000000 seconds
Iteration 48:	0.0015120506 seconds	0.0000000000 seconds
Iteration 49:	0.0016798973 seconds	0.0000000000 seconds
Iteration 49:	0.0016810894 seconds	0.0000000000 seconds
Iteration 50:	0.0015370846 seconds	0.0000000000 seconds
Iteration 50:	0.0015420914 seconds	0.0000000000 seconds
Iteration 51:	0.0016849041 seconds	0.0000000000 seconds
Iteration 51:	0.0016770363 seconds	0.0000000000 seconds
Iteration 52:	0.0015199184 seconds	0.0000000000 seconds
Iteration 52:	0.0014929771 seconds	0.0000000000 seconds
Iteration 53:	0.0017049313 seconds	0.0000000000 seconds
Iteration 53:	0.0017061234 seconds	0.0000000000 seconds
Iteration 54:	0.0015261173 seconds	0.0000000000 seconds
Iteration 54:	0.0015091896 seconds	0.0000000000 seconds
Iteration 55:	0.0016441345 seconds	0.0000000000 seconds
Iteration 55:	0.0016200542 seconds	0.0000000000 seconds
Iteration 56:	0.0015609264 seconds	0.0000000000 seconds
Iteration 56:	0.0015399456 seconds	0.0000000000 seconds
Iteration 57:	0.0018179417 seconds	0.0000009537 seconds
Iteration 57:	0.0018110275 seconds	0.0000000000 seconds
Iteration 58:	0.0016129017 seconds	0.0000009537 seconds
Iteration 58:	0.0015940666 seconds	0.0000000000 seconds
Iteration 59:	0.0016610622 seconds	0.0000000000 seconds
Total computation time was: 0.327913		Average frame time was: 0.005417		Average Particle interations per second were: 170136021.813492
Iteration 59:	0.0016460419 seconds	0.0000000000 seconds
