[ -1:000]                : Rank 9 is running on comet-26-09.sdsc.edu
[  9:001] init_pprintf   : My dest: 10	My source: 8	My_num_part: 2136
[ -1:000]                : Rank 13 is running on comet-26-09.sdsc.edu
[ -1:000]                : Rank 14 is running on comet-26-09.sdsc.edu
[ -1:000]                : Rank 18 is running on comet-26-09.sdsc.edu
[ -1:000]                : Rank 16 is running on comet-26-09.sdsc.edu
[ 13:001] init_pprintf   : My dest: 14	My source: 12	My_num_part: 2136
[ -1:000]                : Rank 1 is running on comet-26-09.sdsc.edu
[ -1:000]                : Rank 11 is running on comet-26-09.sdsc.edu
[ 16:001] init_pprintf   : My dest: 17	My source: 15	My_num_part: 2136
[ 18:001] init_pprintf   : My dest: 19	My source: 17	My_num_part: 2136
[ 14:001] init_pprintf   : My dest: 15	My source: 13	My_num_part: 2136
[  1:001] init_pprintf   : My dest: 2	My source: 0	My_num_part: 2136
[ 11:001] init_pprintf   : My dest: 12	My source: 10	My_num_part: 2136
[ -1:000]                : Rank 19 is running on comet-26-09.sdsc.edu
[ -1:000]                : Rank 17 is running on comet-26-09.sdsc.edu
[ -1:000]                : Rank 3 is running on comet-26-09.sdsc.edu
[ -1:000]                : Rank 7 is running on comet-26-09.sdsc.edu
[ 19:001] init_pprintf   : My dest: 20	My source: 18	My_num_part: 2136
[ 17:001] init_pprintf   : My dest: 18	My source: 16	My_num_part: 2136
[  3:001] init_pprintf   : My dest: 4	My source: 2	My_num_part: 2136
[  7:001] init_pprintf   : My dest: 8	My source: 6	My_num_part: 2136
[ -1:000]                : Rank 10 is running on comet-26-09.sdsc.edu
[ -1:000]                : Rank 8 is running on comet-26-09.sdsc.edu
[ -1:000]                : Rank 15 is running on comet-26-09.sdsc.edu
[ 10:001] init_pprintf   : My dest: 11	My source: 9	My_num_part: 2136
[ -1:000]                : Rank 5 is running on comet-26-09.sdsc.edu
[  8:001] init_pprintf   : My dest: 9	My source: 7	My_num_part: 2136
[ -1:000]                : Rank 0 is running on comet-26-09.sdsc.edu
[ -1:000]                : Rank 6 is running on comet-26-09.sdsc.edu
[  5:001] init_pprintf   : My dest: 6	My source: 4	My_num_part: 2136
[ 15:001] init_pprintf   : My dest: 16	My source: 14	My_num_part: 2136
[  0:001] init_pprintf   : My dest: 1	My source: 59	My_num_part: 2136
[ -1:000]                : Rank 4 is running on comet-26-09.sdsc.edu
[  6:001] init_pprintf   : My dest: 7	My source: 5	My_num_part: 2136
[ -1:000]                : Rank 2 is running on comet-26-09.sdsc.edu
[  4:001] init_pprintf   : My dest: 5	My source: 3	My_num_part: 2136
[ -1:000]                : Rank 12 is running on comet-26-09.sdsc.edu
[  2:001] init_pprintf   : My dest: 3	My source: 1	My_num_part: 2136
[ 12:001] init_pprintf   : My dest: 13	My source: 11	My_num_part: 2136
Initalizing particles linear on 19224 to 21360
Initalizing particles linear on 27768 to 29904
Initalizing particles linear on 23496 to 25632
Initalizing particles linear on 6408 to 8544
Initalizing particles linear on 2136 to 4272
Initalizing particles linear on 14952 to 17088
Initalizing particles linear on 34176 to 36312
Initalizing particles linear on 29904 to 32040
Initalizing particles linear on 17088 to 19224
Initalizing particles linear on 21360 to 23496
Initalizing particles linear on 36312 to 38448
Initalizing particles linear on 38448 to 40584
Initalizing particles linear on 8544 to 10680
Initalizing particles linear on 40584 to 42720
Initalizing particles linear on 0 to 2136
Initalizing particles linear on 25632 to 27768
Initalizing particles linear on 4272 to 6408
Initalizing particles linear on 10680 to 12816
Initalizing particles linear on 12816 to 14952
Initalizing particles linear on 32040 to 34176
[ -1:000]                : Rank 29 is running on comet-26-10.sdsc.edu
[ -1:000]                : Rank 31 is running on comet-26-10.sdsc.edu
[ -1:000]                : Rank 27 is running on comet-26-10.sdsc.edu
[ -1:000]                : Rank 25 is running on comet-26-10.sdsc.edu
[ -1:000]                : Rank 21 is running on comet-26-10.sdsc.edu
[ 27:001] init_pprintf   : My dest: 28	My source: 26	My_num_part: 2136
[ 29:001] init_pprintf   : My dest: 30	My source: 28	My_num_part: 2136
[ 31:001] init_pprintf   : My dest: 32	My source: 30	My_num_part: 2136
[ 25:001] init_pprintf   : My dest: 26	My source: 24	My_num_part: 2136
[ 21:001] init_pprintf   : My dest: 22	My source: 20	My_num_part: 2136
[ -1:000]                : Rank 35 is running on comet-26-10.sdsc.edu
[ -1:000]                : Rank 33 is running on comet-26-10.sdsc.edu
[ 35:001] init_pprintf   : My dest: 36	My source: 34	My_num_part: 2136
[ 33:001] init_pprintf   : My dest: 34	My source: 32	My_num_part: 2136
[ -1:000]                : Rank 37 is running on comet-26-10.sdsc.edu
[ -1:000]                : Rank 39 is running on comet-26-10.sdsc.edu
[ -1:000]                : Rank 23 is running on comet-26-10.sdsc.edu
[ 37:001] init_pprintf   : My dest: 38	My source: 36	My_num_part: 2136
[ 39:001] init_pprintf   : My dest: 40	My source: 38	My_num_part: 2136
[ 23:001] init_pprintf   : My dest: 24	My source: 22	My_num_part: 2136
[ -1:000]                : Rank 22 is running on comet-26-10.sdsc.edu
[ -1:000]                : Rank 38 is running on comet-26-10.sdsc.edu
[ -1:000]                : Rank 24 is running on comet-26-10.sdsc.edu
[ -1:000]                : Rank 34 is running on comet-26-10.sdsc.edu
[ -1:000]                : Rank 28 is running on comet-26-10.sdsc.edu
[ -1:000]                : Rank 36 is running on comet-26-10.sdsc.edu
[ -1:000]                : Rank 20 is running on comet-26-10.sdsc.edu
[ -1:000]                : Rank 32 is running on comet-26-10.sdsc.edu
[ 22:001] init_pprintf   : My dest: 23	My source: 21	My_num_part: 2136
[ 38:001] init_pprintf   : My dest: 39	My source: 37	My_num_part: 2136
[ 24:001] init_pprintf   : My dest: 25	My source: 23	My_num_part: 2136
[ 34:001] init_pprintf   : My dest: 35	My source: 33	My_num_part: 2136
[ -1:000]                : Rank 30 is running on comet-26-10.sdsc.edu
[ 28:001] init_pprintf   : My dest: 29	My source: 27	My_num_part: 2136
[ 36:001] init_pprintf   : My dest: 37	My source: 35	My_num_part: 2136
[ 32:001] init_pprintf   : My dest: 33	My source: 31	My_num_part: 2136
[ 20:001] init_pprintf   : My dest: 21	My source: 19	My_num_part: 2136
[ -1:000]                : Rank 26 is running on comet-26-10.sdsc.edu
[ 30:001] init_pprintf   : My dest: 31	My source: 29	My_num_part: 2136
[ 26:001] init_pprintf   : My dest: 27	My source: 25	My_num_part: 2136
Initalizing particles linear on 53400 to 55536
Initalizing particles linear on 83304 to 85440
Initalizing particles linear on 79032 to 81168
Initalizing particles linear on 66216 to 68352
Initalizing particles linear on 57672 to 59808
Initalizing particles linear on 70488 to 72624
Initalizing particles linear on 61944 to 64080
Initalizing particles linear on 74760 to 76896
Initalizing particles linear on 49128 to 51264
Initalizing particles linear on 44856 to 46992
Initalizing particles linear on 68352 to 70488
Initalizing particles linear on 42720 to 44856
Initalizing particles linear on 59808 to 61944
Initalizing particles linear on 64080 to 66216
Initalizing particles linear on 51264 to 53400
Initalizing particles linear on 72624 to 74760
Initalizing particles linear on 55536 to 57672
Initalizing particles linear on 81168 to 83304
Initalizing particles linear on 46992 to 49128
Initalizing particles linear on 76896 to 79032
[ -1:000]                : Rank 57 is running on comet-26-11.sdsc.edu
[ -1:000]                : Rank 59 is running on comet-26-11.sdsc.edu
[ -1:000]                : Rank 43 is running on comet-26-11.sdsc.edu
[ 59:001] init_pprintf   : My dest: 0	My source: 58	My_num_part: 2136
[ 57:001] init_pprintf   : My dest: 58	My source: 56	My_num_part: 2136
[ 43:001] init_pprintf   : My dest: 44	My source: 42	My_num_part: 2136
[ -1:000]                : Rank 47 is running on comet-26-11.sdsc.edu
[ 47:001] init_pprintf   : My dest: 48	My source: 46	My_num_part: 2136
[ -1:000]                : Rank 49 is running on comet-26-11.sdsc.edu
[ -1:000]                : Rank 53 is running on comet-26-11.sdsc.edu
[ 49:001] init_pprintf   : My dest: 50	My source: 48	My_num_part: 2136
[ -1:000]                : Rank 55 is running on comet-26-11.sdsc.edu
[ 53:001] init_pprintf   : My dest: 54	My source: 52	My_num_part: 2136
[ 55:001] init_pprintf   : My dest: 56	My source: 54	My_num_part: 2136
[ -1:000]                : Rank 45 is running on comet-26-11.sdsc.edu
[ -1:000]                : Rank 51 is running on comet-26-11.sdsc.edu
[ 45:001] init_pprintf   : My dest: 46	My source: 44	My_num_part: 2136
[ 51:001] init_pprintf   : My dest: 52	My source: 50	My_num_part: 2136
[ -1:000]                : Rank 40 is running on comet-26-11.sdsc.edu
[ -1:000]                : Rank 46 is running on comet-26-11.sdsc.edu
[ -1:000]                : Rank 56 is running on comet-26-11.sdsc.edu
[ -1:000]                : Rank 58 is running on comet-26-11.sdsc.edu
[ -1:000]                : Rank 54 is running on comet-26-11.sdsc.edu
[ -1:000]                : Rank 41 is running on comet-26-11.sdsc.edu
[ -1:000]                : Rank 44 is running on comet-26-11.sdsc.edu
[ -1:000]                : Rank 50 is running on comet-26-11.sdsc.edu
[ 56:001] init_pprintf   : My dest: 57	My source: 55	My_num_part: 2136
[ -1:000]                : Rank 48 is running on comet-26-11.sdsc.edu
[ 40:001] init_pprintf   : My dest: 41	My source: 39	My_num_part: 2136
[ 46:001] init_pprintf   : My dest: 47	My source: 45	My_num_part: 2136
[ 58:001] init_pprintf   : My dest: 59	My source: 57	My_num_part: 2136
[ 54:001] init_pprintf   : My dest: 55	My source: 53	My_num_part: 2136
[ -1:000]                : Rank 52 is running on comet-26-11.sdsc.edu
[ 41:001] init_pprintf   : My dest: 42	My source: 40	My_num_part: 2136
[ 44:001] init_pprintf   : My dest: 45	My source: 43	My_num_part: 2136
[ 50:001] init_pprintf   : My dest: 51	My source: 49	My_num_part: 2136
[ -1:000]                : Rank 42 is running on comet-26-11.sdsc.edu
[ 48:001] init_pprintf   : My dest: 49	My source: 47	My_num_part: 2136
[ 52:001] init_pprintf   : My dest: 53	My source: 51	My_num_part: 2136
[ 42:001] init_pprintf   : My dest: 43	My source: 41	My_num_part: 2136
Initalizing particles linear on 126024 to 128160
Initalizing particles linear on 91848 to 93984
Initalizing particles linear on 121752 to 123888
Initalizing particles linear on 100392 to 102528
Initalizing particles linear on 113208 to 115344
Initalizing particles linear on 104664 to 106800
Initalizing particles linear on 117480 to 119616
Initalizing particles linear on 108936 to 111072
Initalizing particles linear on 96120 to 98256
Initalizing particles linear on 102528 to 104664
Initalizing particles linear on 98256 to 100392
Initalizing particles linear on 115344 to 117480
Initalizing particles linear on 93984 to 96120
Initalizing particles linear on 119616 to 121752
Initalizing particles linear on 123888 to 126024
Initalizing particles linear on 111072 to 113208
Initalizing particles linear on 85440 to 87576
Initalizing particles linear on 106800 to 108936
Initalizing particles linear on 89712 to 91848
Initalizing particles linear on 87576 to 89712
Iteration 0:	3.5845139027 seconds	0.0000000000 seconds
Iteration 0:	3.5845110416 seconds	0.0000000000 seconds
Iteration 0:	3.5845618248 seconds	0.0000000000 seconds
Iteration 0:	3.5846030712 seconds	0.0000009537 seconds
Iteration 0:	3.5846490860 seconds	0.0000000000 seconds
Iteration 0:	3.5847270489 seconds	0.0000000000 seconds
Iteration 0:	3.5847480297 seconds	0.0000000000 seconds
Iteration 0:	3.5849449635 seconds	0.0000000000 seconds
Iteration 0:	3.5849938393 seconds	0.0000000000 seconds
Iteration 0:	3.5850439072 seconds	0.0000000000 seconds
Iteration 0:	3.5850870609 seconds	0.0000000000 seconds
Iteration 0:	3.5692989826 seconds	0.0000000000 seconds
Iteration 0:	3.5693728924 seconds	0.0000000000 seconds
Iteration 0:	3.5693309307 seconds	0.0000000000 seconds
Iteration 0:	3.5851478577 seconds	0.0000000000 seconds
Iteration 0:	3.5852451324 seconds	0.0000000000 seconds
Iteration 0:	3.5853459835 seconds	0.0000000000 seconds
Iteration 0:	3.5696530342 seconds	0.0000000000 seconds
Iteration 0:	3.5854361057 seconds	0.0000000000 seconds
Iteration 0:	3.5697450638 seconds	0.0000000000 seconds
Iteration 0:	3.5697891712 seconds	0.0000000000 seconds
Iteration 0:	3.5855259895 seconds	0.0000000000 seconds
Iteration 0:	3.6304841042 seconds	0.0000009537 seconds
Iteration 0:	3.5698421001 seconds	0.0000000000 seconds
Iteration 0:	3.5856318474 seconds	0.0000000000 seconds
Iteration 0:	3.6305670738 seconds	0.0000000000 seconds
Iteration 0:	3.6305909157 seconds	0.0000000000 seconds
Iteration 0:	3.6306498051 seconds	0.0000000000 seconds
Iteration 0:	3.6306500435 seconds	0.0000000000 seconds
Iteration 0:	3.5700471401 seconds	0.0000000000 seconds
Iteration 0:	3.5700860023 seconds	0.0000009537 seconds
Iteration 0:	3.6307508945 seconds	0.0000000000 seconds
Iteration 0:	3.5857708454 seconds	0.0000000000 seconds
Iteration 0:	3.5857820511 seconds	0.0000000000 seconds
Iteration 0:	3.5857751369 seconds	0.0000000000 seconds
Iteration 0:	3.5702059269 seconds	0.0000000000 seconds
Iteration 0:	3.6308870316 seconds	0.0000009537 seconds
Iteration 0:	3.5702569485 seconds	0.0000000000 seconds
Iteration 0:	3.6309218407 seconds	0.0000000000 seconds
Iteration 0:	3.5703549385 seconds	0.0000000000 seconds
Iteration 0:	3.6310219765 seconds	0.0000000000 seconds
Iteration 0:	3.5704059601 seconds	0.0000000000 seconds
Iteration 0:	3.6310682297 seconds	0.0000000000 seconds
Iteration 0:	3.5705609322 seconds	0.0000000000 seconds
Iteration 0:	3.6313159466 seconds	0.0000009537 seconds
Iteration 0:	3.5706219673 seconds	0.0000000000 seconds
Iteration 0:	3.6313052177 seconds	0.0000000000 seconds
Iteration 0:	3.5707409382 seconds	0.0000000000 seconds
Iteration 0:	3.6314051151 seconds	0.0000000000 seconds
Iteration 0:	3.5707948208 seconds	0.0000009537 seconds
Iteration 0:	3.6314449310 seconds	0.0000000000 seconds
Iteration 0:	3.5708930492 seconds	0.0000000000 seconds
Iteration 0:	3.6315009594 seconds	0.0000000000 seconds
Iteration 0:	3.5709631443 seconds	0.0000009537 seconds
Iteration 0:	3.6316149235 seconds	0.0000000000 seconds
Iteration 0:	3.6316909790 seconds	0.0000000000 seconds
Iteration 0:	3.5712912083 seconds	0.0000000000 seconds
Iteration 0:	3.6319150925 seconds	0.0000000000 seconds
Iteration 0:	3.6319189072 seconds	0.0000000000 seconds
Iteration 0:	3.6319401264 seconds	0.0000000000 seconds
Iteration 1:	3.2130389214 seconds	0.0000000000 seconds
Iteration 1:	3.2132930756 seconds	0.0000000000 seconds
Iteration 1:	3.2133648396 seconds	0.0000000000 seconds
Iteration 1:	3.2130548954 seconds	0.0000000000 seconds
Iteration 1:	3.2129848003 seconds	0.0000000000 seconds
Iteration 1:	3.2135429382 seconds	0.0000000000 seconds
Iteration 1:	3.2137041092 seconds	0.0000000000 seconds
Iteration 1:	3.2131359577 seconds	0.0000000000 seconds
Iteration 1:	3.2130749226 seconds	0.0000000000 seconds
Iteration 1:	3.2140610218 seconds	0.0000000000 seconds
Iteration 1:	3.2140698433 seconds	0.0000000000 seconds
Iteration 1:	3.2130551338 seconds	0.0000000000 seconds
Iteration 1:	3.2129759789 seconds	0.0000000000 seconds
Iteration 1:	3.2129640579 seconds	0.0000000000 seconds
Iteration 1:	3.2129330635 seconds	0.0000000000 seconds
Iteration 1:	3.2129230499 seconds	0.0000000000 seconds
Iteration 1:	3.2129299641 seconds	0.0000000000 seconds
Iteration 1:	3.2145221233 seconds	0.0000000000 seconds
Iteration 1:	3.2128849030 seconds	0.0000000000 seconds
Iteration 1:	3.2145349979 seconds	0.0000000000 seconds
Iteration 1:	3.2126789093 seconds	0.0000000000 seconds
Iteration 1:	3.2129848003 seconds	0.0000000000 seconds
Iteration 1:	3.2147061825 seconds	0.0000000000 seconds
Iteration 1:	3.2150340080 seconds	0.0000000000 seconds
Iteration 1:	3.2127680779 seconds	0.0000000000 seconds
Iteration 1:	3.2127680779 seconds	0.0000000000 seconds
Iteration 1:	3.2127668858 seconds	0.0000000000 seconds
Iteration 1:	3.2131948471 seconds	0.0000000000 seconds
Iteration 1:	3.2152550220 seconds	0.0000000000 seconds
Iteration 1:	3.2133519650 seconds	0.0000000000 seconds
Iteration 1:	3.2154080868 seconds	0.0000000000 seconds
Iteration 1:	3.2135570049 seconds	0.0000000000 seconds
Iteration 1:	3.2136960030 seconds	0.0000000000 seconds
Iteration 1:	3.2156858444 seconds	0.0000000000 seconds
Iteration 1:	3.2157578468 seconds	0.0000000000 seconds
Iteration 1:	3.2139630318 seconds	0.0000009537 seconds
Iteration 1:	3.2158229351 seconds	0.0000000000 seconds
Iteration 1:	3.2141270638 seconds	0.0000000000 seconds
Iteration 1:	3.2157359123 seconds	0.0000000000 seconds
Iteration 1:	3.2143909931 seconds	0.0000000000 seconds
Iteration 1:	3.2156541348 seconds	0.0000000000 seconds
Iteration 1:	3.2155699730 seconds	0.0000000000 seconds
Iteration 1:	3.2145619392 seconds	0.0000000000 seconds
Iteration 1:	3.2155859470 seconds	0.0000000000 seconds
Iteration 1:	3.2147538662 seconds	0.0000000000 seconds
Iteration 1:	3.2149281502 seconds	0.0000000000 seconds
Iteration 1:	3.2156279087 seconds	0.0000000000 seconds
Iteration 1:	3.2156109810 seconds	0.0000000000 seconds
Iteration 1:	3.2151389122 seconds	0.0000011921 seconds
Iteration 1:	3.2152540684 seconds	0.0000000000 seconds
Iteration 1:	3.2156460285 seconds	0.0000000000 seconds
Iteration 1:	3.2156691551 seconds	0.0000000000 seconds
Iteration 1:	3.2158420086 seconds	0.0000000000 seconds
Iteration 1:	3.2158510685 seconds	0.0000000000 seconds
Iteration 1:	3.2158210278 seconds	0.0000000000 seconds
Iteration 1:	3.2158699036 seconds	0.0000000000 seconds
Iteration 1:	3.2159020901 seconds	0.0000000000 seconds
Iteration 1:	3.2158699036 seconds	0.0000000000 seconds
Iteration 1:	3.2158720493 seconds	0.0000009537 seconds
Iteration 1:	3.2158730030 seconds	0.0000000000 seconds
Iteration 2:	3.5719201565 seconds	0.0000000000 seconds
Iteration 2:	3.5720639229 seconds	0.0000000000 seconds
Iteration 2:	3.5719969273 seconds	0.0000000000 seconds
Iteration 2:	3.5720019341 seconds	0.0000000000 seconds
Iteration 2:	3.5718648434 seconds	0.0000000000 seconds
Iteration 2:	3.5721559525 seconds	0.0000000000 seconds
Iteration 2:	3.5720760822 seconds	0.0000000000 seconds
Iteration 2:	3.5721178055 seconds	0.0000000000 seconds
Iteration 2:	3.5721108913 seconds	0.0000000000 seconds
Iteration 2:	3.5721170902 seconds	0.0000000000 seconds
Iteration 2:	3.5720870495 seconds	0.0000000000 seconds
Iteration 2:	3.5722320080 seconds	0.0000000000 seconds
Iteration 2:	3.5718460083 seconds	0.0000000000 seconds
Iteration 2:	3.5722200871 seconds	0.0000000000 seconds
Iteration 2:	3.5721349716 seconds	0.0000000000 seconds
Iteration 2:	3.5718660355 seconds	0.0000000000 seconds
Iteration 2:	3.5721299648 seconds	0.0000000000 seconds
Iteration 2:	3.5721700191 seconds	0.0000009537 seconds
Iteration 2:	3.5721998215 seconds	0.0000000000 seconds
Iteration 2:	3.5721950531 seconds	0.0000000000 seconds
Iteration 2:	3.5720460415 seconds	0.0000000000 seconds
Iteration 2:	3.5720241070 seconds	0.0000009537 seconds
Iteration 2:	3.5721030235 seconds	0.0000000000 seconds
Iteration 2:	3.5719652176 seconds	0.0000000000 seconds
Iteration 2:	3.5719490051 seconds	0.0000000000 seconds
Iteration 2:	3.5722229481 seconds	0.0000000000 seconds
Iteration 2:	3.5719761848 seconds	0.0000000000 seconds
Iteration 2:	3.5719780922 seconds	0.0000000000 seconds
Iteration 2:	3.5719029903 seconds	0.0000000000 seconds
Iteration 2:	3.5718810558 seconds	0.0000000000 seconds
Iteration 2:	3.5723350048 seconds	0.0000000000 seconds
Iteration 2:	3.5719380379 seconds	0.0000000000 seconds
Iteration 2:	3.5723431110 seconds	0.0000000000 seconds
Iteration 2:	3.5723431110 seconds	0.0000000000 seconds
Iteration 2:	3.5718979836 seconds	0.0000000000 seconds
Iteration 2:	3.5718491077 seconds	0.0000000000 seconds
Iteration 2:	3.5718400478 seconds	0.0000000000 seconds
Iteration 2:	3.5718669891 seconds	0.0000000000 seconds
Iteration 2:	3.5718679428 seconds	0.0000000000 seconds
Iteration 2:	3.5718660355 seconds	0.0000000000 seconds
Iteration 2:	3.5718419552 seconds	0.0000000000 seconds
Iteration 2:	3.5718400478 seconds	0.0000000000 seconds
Iteration 2:	3.5718500614 seconds	0.0000000000 seconds
Iteration 2:	3.5718200207 seconds	0.0000000000 seconds
Iteration 2:	3.5718669891 seconds	0.0000000000 seconds
Iteration 2:	3.5717928410 seconds	0.0000000000 seconds
Iteration 2:	3.5718319416 seconds	0.0000000000 seconds
Iteration 2:	3.5717999935 seconds	0.0000000000 seconds
Iteration 2:	3.5718469620 seconds	0.0000000000 seconds
Iteration 2:	3.5718328953 seconds	0.0000000000 seconds
Iteration 2:	3.5718290806 seconds	0.0000000000 seconds
Iteration 2:	3.5716300011 seconds	0.0000000000 seconds
Iteration 2:	3.5716211796 seconds	0.0000000000 seconds
Iteration 2:	3.5717968941 seconds	0.0000000000 seconds
Iteration 2:	3.5718159676 seconds	0.0000000000 seconds
Iteration 2:	3.5717921257 seconds	0.0000000000 seconds
Iteration 2:	3.5717630386 seconds	0.0000000000 seconds
Iteration 2:	3.5718059540 seconds	0.0000000000 seconds
Iteration 2:	3.5718080997 seconds	0.0000000000 seconds
Iteration 2:	3.5718061924 seconds	0.0000000000 seconds
Iteration 3:	3.2157080173 seconds	0.0000000000 seconds
Iteration 3:	3.2155940533 seconds	0.0000000000 seconds
Iteration 3:	3.2156190872 seconds	0.0000000000 seconds
Iteration 3:	3.2157621384 seconds	0.0000000000 seconds
Iteration 3:	3.2161910534 seconds	0.0000000000 seconds
Iteration 3:	3.2163360119 seconds	0.0000000000 seconds
Iteration 3:	3.2157330513 seconds	0.0000000000 seconds
Iteration 3:	3.2163491249 seconds	0.0000000000 seconds
Iteration 3:	3.2164411545 seconds	0.0000000000 seconds
Iteration 3:	3.2157940865 seconds	0.0000000000 seconds
Iteration 3:	3.2162868977 seconds	0.0000000000 seconds
Iteration 3:	3.2158041000 seconds	0.0000000000 seconds
Iteration 3:	3.2165400982 seconds	0.0000000000 seconds
Iteration 3:	3.2165219784 seconds	0.0000000000 seconds
Iteration 3:	3.2163050175 seconds	0.0000000000 seconds
Iteration 3:	3.2163059711 seconds	0.0000000000 seconds
Iteration 3:	3.2160291672 seconds	0.0000000000 seconds
Iteration 3:	3.2159810066 seconds	0.0000000000 seconds
Iteration 3:	3.2163879871 seconds	0.0000000000 seconds
Iteration 3:	3.2159597874 seconds	0.0000000000 seconds
Iteration 3:	3.2164349556 seconds	0.0000000000 seconds
Iteration 3:	3.2162268162 seconds	0.0000000000 seconds
Iteration 3:	3.2159020901 seconds	0.0000000000 seconds
Iteration 3:	3.2158930302 seconds	0.0000000000 seconds
Iteration 3:	3.2158920765 seconds	0.0000000000 seconds
Iteration 3:	3.2161831856 seconds	0.0000000000 seconds
Iteration 3:	3.2162909508 seconds	0.0000000000 seconds
Iteration 3:	3.2162761688 seconds	0.0000000000 seconds
Iteration 3:	3.2163369656 seconds	0.0000000000 seconds
Iteration 3:	3.2163090706 seconds	0.0000000000 seconds
Iteration 3:	3.2163379192 seconds	0.0000000000 seconds
Iteration 3:	3.2163558006 seconds	0.0000000000 seconds
Iteration 3:	3.2163560390 seconds	0.0000000000 seconds
Iteration 3:	3.2163791656 seconds	0.0000000000 seconds
Iteration 3:	3.2164390087 seconds	0.0000000000 seconds
Iteration 3:	3.2165989876 seconds	0.0000000000 seconds
Iteration 3:	3.2166318893 seconds	0.0000000000 seconds
Iteration 3:	3.2165908813 seconds	0.0000000000 seconds
Iteration 3:	3.2166061401 seconds	0.0000000000 seconds
Iteration 3:	3.2165901661 seconds	0.0000000000 seconds
Iteration 3:	3.2166221142 seconds	0.0000000000 seconds
Iteration 3:	3.2166128159 seconds	0.0000000000 seconds
Iteration 3:	3.2166039944 seconds	0.0000000000 seconds
Iteration 3:	3.2165939808 seconds	0.0000000000 seconds
Iteration 3:	3.2166390419 seconds	0.0000000000 seconds
Iteration 3:	3.2166368961 seconds	0.0000000000 seconds
Iteration 3:	3.2166860104 seconds	0.0000000000 seconds
Iteration 3:	3.2166318893 seconds	0.0000000000 seconds
Iteration 3:	3.2166199684 seconds	0.0000000000 seconds
Iteration 3:	3.2166240215 seconds	0.0000000000 seconds
Iteration 3:	3.2166340351 seconds	0.0000000000 seconds
Iteration 3:	3.2166202068 seconds	0.0000000000 seconds
Iteration 3:	3.2166497707 seconds	0.0000000000 seconds
Iteration 3:	3.2164781094 seconds	0.0000000000 seconds
Iteration 3:	3.2164528370 seconds	0.0000000000 seconds
Iteration 3:	3.2164709568 seconds	0.0000000000 seconds
Iteration 3:	3.2164978981 seconds	0.0000000000 seconds
Iteration 3:	3.2164828777 seconds	0.0000000000 seconds
Iteration 3:	3.2164828777 seconds	0.0000000000 seconds
Iteration 3:	3.2164819241 seconds	0.0000000000 seconds
Iteration 4:	3.5716488361 seconds	0.0000000000 seconds
Iteration 4:	3.5720789433 seconds	0.0000000000 seconds
Iteration 4:	3.5716750622 seconds	0.0000000000 seconds
Iteration 4:	3.5720160007 seconds	0.0000000000 seconds
Iteration 4:	3.5720229149 seconds	0.0000000000 seconds
Iteration 4:	3.5717630386 seconds	0.0000000000 seconds
Iteration 4:	3.5719459057 seconds	0.0000000000 seconds
Iteration 4:	3.5719511509 seconds	0.0000000000 seconds
Iteration 4:	3.5721259117 seconds	0.0000000000 seconds
Iteration 4:	3.5720229149 seconds	0.0000000000 seconds
Iteration 4:	3.5717577934 seconds	0.0000000000 seconds
Iteration 4:	3.5720889568 seconds	0.0000000000 seconds
Iteration 4:	3.5721120834 seconds	0.0000000000 seconds
Iteration 4:	3.5720610619 seconds	0.0000000000 seconds
Iteration 4:	3.5720469952 seconds	0.0000000000 seconds
Iteration 4:	3.5720739365 seconds	0.0000000000 seconds
Iteration 4:	3.5720698833 seconds	0.0000000000 seconds
Iteration 4:	3.5720438957 seconds	0.0000000000 seconds
Iteration 4:	3.5720150471 seconds	0.0000000000 seconds
Iteration 4:	3.5720469952 seconds	0.0000000000 seconds
Iteration 4:	3.5720980167 seconds	0.0000000000 seconds
Iteration 4:	3.5720801353 seconds	0.0000000000 seconds
Iteration 4:	3.5720510483 seconds	0.0000000000 seconds
Iteration 4:	3.5720520020 seconds	0.0000000000 seconds
Iteration 4:	3.5720510483 seconds	0.0000000000 seconds
Iteration 4:	3.5721461773 seconds	0.0000000000 seconds
Iteration 4:	3.5721478462 seconds	0.0000000000 seconds
Iteration 4:	3.5721039772 seconds	0.0000000000 seconds
Iteration 4:	3.5721170902 seconds	0.0000000000 seconds
Iteration 4:	3.5720989704 seconds	0.0000000000 seconds
Iteration 4:	3.5721588135 seconds	0.0000000000 seconds
Iteration 4:	3.5721030235 seconds	0.0000000000 seconds
Iteration 4:	3.5721161366 seconds	0.0000000000 seconds
Iteration 4:	3.5721039772 seconds	0.0000000000 seconds
Iteration 4:	3.5720670223 seconds	0.0000009537 seconds
Iteration 4:	3.5718681812 seconds	0.0000000000 seconds
Iteration 4:	3.5719180107 seconds	0.0000000000 seconds
Iteration 4:	3.5721151829 seconds	0.0000000000 seconds
Iteration 4:	3.5721049309 seconds	0.0000000000 seconds
Iteration 4:	3.5720520020 seconds	0.0000000000 seconds
Iteration 4:	3.5720958710 seconds	0.0000000000 seconds
Iteration 4:	3.5720789433 seconds	0.0000000000 seconds
Iteration 4:	3.5721061230 seconds	0.0000000000 seconds
Iteration 4:	3.5720429420 seconds	0.0000000000 seconds
Iteration 4:	3.5721249580 seconds	0.0000000000 seconds
Iteration 4:	3.5720260143 seconds	0.0000000000 seconds
Iteration 4:	3.5720560551 seconds	0.0000000000 seconds
Iteration 4:	3.5720369816 seconds	0.0000000000 seconds
Iteration 4:	3.5720891953 seconds	0.0000000000 seconds
Iteration 4:	3.5720400810 seconds	0.0000000000 seconds
Iteration 4:	3.5720431805 seconds	0.0000000000 seconds
Iteration 4:	3.5720529556 seconds	0.0000000000 seconds
Iteration 4:	3.5720260143 seconds	0.0000000000 seconds
Iteration 4:	3.5720841885 seconds	0.0000000000 seconds
Iteration 4:	3.5720431805 seconds	0.0000000000 seconds
Iteration 4:	3.5720350742 seconds	0.0000000000 seconds
Iteration 4:	3.5720000267 seconds	0.0000000000 seconds
Iteration 4:	3.5720179081 seconds	0.0000000000 seconds
Iteration 4:	3.5720188618 seconds	0.0000000000 seconds
Iteration 4:	3.5720179081 seconds	0.0000009537 seconds
Iteration 5:	3.2154541016 seconds	0.0000000000 seconds
Iteration 5:	3.2156009674 seconds	0.0000000000 seconds
Iteration 5:	3.2154479027 seconds	0.0000000000 seconds
Iteration 5:	3.2156929970 seconds	0.0000000000 seconds
Iteration 5:	3.2154381275 seconds	0.0000000000 seconds
Iteration 5:	3.2156951427 seconds	0.0000000000 seconds
Iteration 5:	3.2153210640 seconds	0.0000000000 seconds
Iteration 5:	3.2156980038 seconds	0.0000000000 seconds
Iteration 5:	3.2153391838 seconds	0.0000000000 seconds
Iteration 5:	3.2154808044 seconds	0.0000000000 seconds
Iteration 5:	3.2154300213 seconds	0.0000009537 seconds
Iteration 5:	3.2154841423 seconds	0.0000000000 seconds
Iteration 5:	3.2151930332 seconds	0.0000000000 seconds
Iteration 5:	3.2153489590 seconds	0.0000000000 seconds
Iteration 5:	3.2157230377 seconds	0.0000000000 seconds
Iteration 5:	3.2155468464 seconds	0.0000000000 seconds
Iteration 5:	3.2155671120 seconds	0.0000000000 seconds
Iteration 5:	3.2156350613 seconds	0.0000000000 seconds
Iteration 5:	3.2155261040 seconds	0.0000000000 seconds
Iteration 5:	3.2158060074 seconds	0.0000000000 seconds
Iteration 5:	3.2155978680 seconds	0.0000000000 seconds
Iteration 5:	3.2155339718 seconds	0.0000000000 seconds
Iteration 5:	3.2155408859 seconds	0.0000000000 seconds
Iteration 5:	3.2157161236 seconds	0.0000000000 seconds
Iteration 5:	3.2160181999 seconds	0.0000000000 seconds
Iteration 5:	3.2155179977 seconds	0.0000000000 seconds
Iteration 5:	3.2157430649 seconds	0.0000009537 seconds
Iteration 5:	3.2156460285 seconds	0.0000009537 seconds
Iteration 5:	3.2160098553 seconds	0.0000000000 seconds
Iteration 5:	3.2160091400 seconds	0.0000000000 seconds
Iteration 5:	3.2160110474 seconds	0.0000000000 seconds
Iteration 5:	3.2155587673 seconds	0.0000000000 seconds
Iteration 5:	3.2155370712 seconds	0.0000009537 seconds
Iteration 5:	3.2155919075 seconds	0.0000000000 seconds
Iteration 5:	3.2153649330 seconds	0.0000000000 seconds
Iteration 5:	3.2154078484 seconds	0.0000000000 seconds
Iteration 5:	3.2153759003 seconds	0.0000000000 seconds
Iteration 5:	3.2153670788 seconds	0.0000009537 seconds
Iteration 5:	3.2162389755 seconds	0.0000000000 seconds
Iteration 5:	3.2161269188 seconds	0.0000000000 seconds
Iteration 5:	3.2157387733 seconds	0.0000000000 seconds
Iteration 5:	3.2155768871 seconds	0.0000000000 seconds
Iteration 5:	3.2160468102 seconds	0.0000000000 seconds
Iteration 5:	3.2156529427 seconds	0.0000000000 seconds
Iteration 5:	3.2154150009 seconds	0.0000000000 seconds
Iteration 5:	3.2154088020 seconds	0.0000011921 seconds
Iteration 5:	3.2154421806 seconds	0.0000000000 seconds
Iteration 5:	3.2159140110 seconds	0.0000000000 seconds
Iteration 5:	3.2158658504 seconds	0.0000000000 seconds
Iteration 5:	3.2158288956 seconds	0.0000000000 seconds
Iteration 5:	3.2155878544 seconds	0.0000000000 seconds
Iteration 5:	3.2159647942 seconds	0.0000000000 seconds
Iteration 5:	3.2158589363 seconds	0.0000000000 seconds
Iteration 5:	3.2158510685 seconds	0.0000000000 seconds
Iteration 5:	3.2158670425 seconds	0.0000000000 seconds
Iteration 5:	3.2158639431 seconds	0.0000000000 seconds
Iteration 5:	3.2158939838 seconds	0.0000000000 seconds
Iteration 5:	3.2158751488 seconds	0.0000000000 seconds
Iteration 5:	3.2158780098 seconds	0.0000000000 seconds
Iteration 5:	3.2158780098 seconds	0.0000000000 seconds
Iteration 6:	3.5722558498 seconds	0.0000000000 seconds
Iteration 6:	3.5723519325 seconds	0.0000000000 seconds
Iteration 6:	3.5724349022 seconds	0.0000000000 seconds
Iteration 6:	3.5722019672 seconds	0.0000000000 seconds
Iteration 6:	3.5725808144 seconds	0.0000000000 seconds
Iteration 6:	3.5721991062 seconds	0.0000000000 seconds
Iteration 6:	3.5725619793 seconds	0.0000000000 seconds
Iteration 6:	3.5722658634 seconds	0.0000000000 seconds
Iteration 6:	3.5725820065 seconds	0.0000000000 seconds
Iteration 6:	3.5722589493 seconds	0.0000000000 seconds
Iteration 6:	3.5725359917 seconds	0.0000000000 seconds
Iteration 6:	3.5725071430 seconds	0.0000000000 seconds
Iteration 6:	3.5723168850 seconds	0.0000000000 seconds
Iteration 6:	3.5720949173 seconds	0.0000000000 seconds
Iteration 6:	3.5722508430 seconds	0.0000000000 seconds
Iteration 6:	3.5720379353 seconds	0.0000000000 seconds
Iteration 6:	3.5721020699 seconds	0.0000000000 seconds
Iteration 6:	3.5720140934 seconds	0.0000000000 seconds
Iteration 6:	3.5719158649 seconds	0.0000000000 seconds
Iteration 6:	3.5721039772 seconds	0.0000000000 seconds
Iteration 6:	3.5717267990 seconds	0.0000000000 seconds
Iteration 6:	3.5717370510 seconds	0.0000000000 seconds
Iteration 6:	3.5717360973 seconds	0.0000000000 seconds
Iteration 6:	3.5717530251 seconds	0.0000000000 seconds
Iteration 6:	3.5720191002 seconds	0.0000009537 seconds
Iteration 6:	3.5719769001 seconds	0.0000000000 seconds
Iteration 6:	3.5722961426 seconds	0.0000000000 seconds
Iteration 6:	3.5722191334 seconds	0.0000000000 seconds
Iteration 6:	3.5721800327 seconds	0.0000000000 seconds
Iteration 6:	3.5720551014 seconds	0.0000000000 seconds
Iteration 6:	3.5714278221 seconds	0.0000000000 seconds
Iteration 6:	3.5722169876 seconds	0.0000000000 seconds
Iteration 6:	3.5721380711 seconds	0.0000009537 seconds
Iteration 6:	3.5715599060 seconds	0.0000000000 seconds
Iteration 6:	3.5721218586 seconds	0.0000011921 seconds
Iteration 6:	3.5716249943 seconds	0.0000000000 seconds
Iteration 6:	3.5720739365 seconds	0.0000000000 seconds
Iteration 6:	3.5717201233 seconds	0.0000000000 seconds
Iteration 6:	3.5721070766 seconds	0.0000000000 seconds
Iteration 6:	3.5718338490 seconds	0.0000000000 seconds
Iteration 6:	3.5720710754 seconds	0.0000000000 seconds
Iteration 6:	3.5718982220 seconds	0.0000000000 seconds
Iteration 6:	3.5721068382 seconds	0.0000000000 seconds
Iteration 6:	3.5715610981 seconds	0.0000009537 seconds
Iteration 6:	3.5721008778 seconds	0.0000000000 seconds
Iteration 6:	3.5715878010 seconds	0.0000000000 seconds
Iteration 6:	3.5720498562 seconds	0.0000000000 seconds
Iteration 6:	3.5716340542 seconds	0.0000000000 seconds
Iteration 6:	3.5720541477 seconds	0.0000000000 seconds
Iteration 6:	3.5715401173 seconds	0.0000000000 seconds
Iteration 6:	3.5720520020 seconds	0.0000000000 seconds
Iteration 6:	3.5716099739 seconds	0.0000000000 seconds
Iteration 6:	3.5718629360 seconds	0.0000000000 seconds
Iteration 6:	3.5718071461 seconds	0.0000000000 seconds
Iteration 6:	3.5718140602 seconds	0.0000000000 seconds
Iteration 6:	3.5717871189 seconds	0.0000000000 seconds
Iteration 6:	3.5717599392 seconds	0.0000009537 seconds
Iteration 6:	3.5717830658 seconds	0.0000000000 seconds
Iteration 6:	3.5717830658 seconds	0.0000000000 seconds
Iteration 6:	3.5717821121 seconds	0.0000009537 seconds
Iteration 7:	3.2152149677 seconds	0.0000000000 seconds
Iteration 7:	3.2153310776 seconds	0.0000000000 seconds
Iteration 7:	3.2152230740 seconds	0.0000000000 seconds
Iteration 7:	3.2154631615 seconds	0.0000009537 seconds
Iteration 7:	3.2152690887 seconds	0.0000000000 seconds
Iteration 7:	3.2155687809 seconds	0.0000000000 seconds
Iteration 7:	3.2155988216 seconds	0.0000000000 seconds
Iteration 7:	3.2155909538 seconds	0.0000000000 seconds
Iteration 7:	3.2154421806 seconds	0.0000000000 seconds
Iteration 7:	3.2153780460 seconds	0.0000009537 seconds
Iteration 7:	3.2153379917 seconds	0.0000000000 seconds
Iteration 7:	3.2157030106 seconds	0.0000000000 seconds
Iteration 7:	3.2153308392 seconds	0.0000000000 seconds
Iteration 7:	3.2156310081 seconds	0.0000009537 seconds
Iteration 7:	3.2155489922 seconds	0.0000000000 seconds
Iteration 7:	3.2153229713 seconds	0.0000000000 seconds
Iteration 7:	3.2155110836 seconds	0.0000000000 seconds
Iteration 7:	3.2155590057 seconds	0.0000000000 seconds
Iteration 7:	3.2153441906 seconds	0.0000000000 seconds
Iteration 7:	3.2155530453 seconds	0.0000000000 seconds
Iteration 7:	3.2154800892 seconds	0.0000009537 seconds
Iteration 7:	3.2152578831 seconds	0.0000000000 seconds
Iteration 7:	3.2153780460 seconds	0.0000000000 seconds
Iteration 7:	3.2153780460 seconds	0.0000000000 seconds
Iteration 7:	3.2153789997 seconds	0.0000000000 seconds
Iteration 7:	3.2152910233 seconds	0.0000000000 seconds
Iteration 7:	3.2153699398 seconds	0.0000000000 seconds
Iteration 7:	3.2153990269 seconds	0.0000000000 seconds
Iteration 7:	3.2154300213 seconds	0.0000000000 seconds
Iteration 7:	3.2154200077 seconds	0.0000000000 seconds
Iteration 7:	3.2153241634 seconds	0.0000000000 seconds
Iteration 7:	3.2154600620 seconds	0.0000000000 seconds
Iteration 7:	3.2153789997 seconds	0.0000000000 seconds
Iteration 7:	3.2155599594 seconds	0.0000000000 seconds
Iteration 7:	3.2156291008 seconds	0.0000000000 seconds
Iteration 7:	3.2156240940 seconds	0.0000000000 seconds
Iteration 7:	3.2156281471 seconds	0.0000000000 seconds
Iteration 7:	3.2156229019 seconds	0.0000000000 seconds
Iteration 7:	3.2156250477 seconds	0.0000000000 seconds
Iteration 7:	3.2155890465 seconds	0.0000000000 seconds
Iteration 7:	3.2156379223 seconds	0.0000000000 seconds
Iteration 7:	3.2156109810 seconds	0.0000000000 seconds
Iteration 7:	3.2156510353 seconds	0.0000000000 seconds
Iteration 7:	3.2155969143 seconds	0.0000000000 seconds
Iteration 7:	3.2156560421 seconds	0.0000000000 seconds
Iteration 7:	3.2156782150 seconds	0.0000000000 seconds
Iteration 7:	3.2156701088 seconds	0.0000000000 seconds
Iteration 7:	3.2156870365 seconds	0.0000000000 seconds
Iteration 7:	3.2156419754 seconds	0.0000000000 seconds
Iteration 7:	3.2156360149 seconds	0.0000000000 seconds
Iteration 7:	3.2157089710 seconds	0.0000000000 seconds
Iteration 7:	3.2156710625 seconds	0.0000009537 seconds
Iteration 7:	3.2156341076 seconds	0.0000000000 seconds
Iteration 7:	3.2154929638 seconds	0.0000000000 seconds
Iteration 7:	3.2154719830 seconds	0.0000000000 seconds
Iteration 7:	3.2154929638 seconds	0.0000000000 seconds
Iteration 7:	3.2155239582 seconds	0.0000000000 seconds
Iteration 7:	3.2155058384 seconds	0.0000000000 seconds
Iteration 7:	3.2155048847 seconds	0.0000000000 seconds
Iteration 7:	3.2155039310 seconds	0.0000000000 seconds
Iteration 8:	3.5715789795 seconds	0.0000000000 seconds
Iteration 8:	3.5717689991 seconds	0.0000000000 seconds
Iteration 8:	3.5716130733 seconds	0.0000000000 seconds
Iteration 8:	3.5715451241 seconds	0.0000000000 seconds
Iteration 8:	3.5719079971 seconds	0.0000000000 seconds
Iteration 8:	3.5719089508 seconds	0.0000000000 seconds
Iteration 8:	3.5718488693 seconds	0.0000000000 seconds
Iteration 8:	3.5717780590 seconds	0.0000000000 seconds
Iteration 8:	3.5717670918 seconds	0.0000000000 seconds
Iteration 8:	3.5718181133 seconds	0.0000000000 seconds
Iteration 8:	3.5718159676 seconds	0.0000000000 seconds
Iteration 8:	3.5718190670 seconds	0.0000000000 seconds
Iteration 8:	3.5720229149 seconds	0.0000000000 seconds
Iteration 8:	3.5719850063 seconds	0.0000000000 seconds
Iteration 8:	3.5718250275 seconds	0.0000000000 seconds
Iteration 8:	3.5719790459 seconds	0.0000000000 seconds
Iteration 8:	3.5717890263 seconds	0.0000000000 seconds
Iteration 8:	3.5717937946 seconds	0.0000000000 seconds
Iteration 8:	3.5719790459 seconds	0.0000000000 seconds
Iteration 8:	3.5718350410 seconds	0.0000000000 seconds
Iteration 8:	3.5719511509 seconds	0.0000000000 seconds
Iteration 8:	3.5718040466 seconds	0.0000000000 seconds
Iteration 8:	3.5717911720 seconds	0.0000000000 seconds
Iteration 8:	3.5718450546 seconds	0.0000000000 seconds
Iteration 8:	3.5719091892 seconds	0.0000000000 seconds
Iteration 8:	3.5719220638 seconds	0.0000000000 seconds
Iteration 8:	3.5719201565 seconds	0.0000000000 seconds
Iteration 8:	3.5717599392 seconds	0.0000000000 seconds
Iteration 8:	3.5717949867 seconds	0.0000000000 seconds
Iteration 8:	3.5717728138 seconds	0.0000000000 seconds
Iteration 8:	3.5718750954 seconds	0.0000000000 seconds
Iteration 8:	3.5718419552 seconds	0.0000000000 seconds
Iteration 8:	3.5718960762 seconds	0.0000000000 seconds
Iteration 8:	3.5716900826 seconds	0.0000000000 seconds
Iteration 8:	3.5716698170 seconds	0.0000000000 seconds
Iteration 8:	3.5716660023 seconds	0.0000000000 seconds
Iteration 8:	3.5716719627 seconds	0.0000000000 seconds
Iteration 8:	3.5718908310 seconds	0.0000000000 seconds
Iteration 8:	3.5719048977 seconds	0.0000000000 seconds
Iteration 8:	3.5718941689 seconds	0.0000000000 seconds
Iteration 8:	3.5719242096 seconds	0.0000000000 seconds
Iteration 8:	3.5718970299 seconds	0.0000000000 seconds
Iteration 8:	3.5719330311 seconds	0.0000000000 seconds
Iteration 8:	3.5718951225 seconds	0.0000000000 seconds
Iteration 8:	3.5719759464 seconds	0.0000000000 seconds
Iteration 8:	3.5718979836 seconds	0.0000000000 seconds
Iteration 8:	3.5719110966 seconds	0.0000000000 seconds
Iteration 8:	3.5719099045 seconds	0.0000000000 seconds
Iteration 8:	3.5719490051 seconds	0.0000000000 seconds
Iteration 8:	3.5719389915 seconds	0.0000000000 seconds
Iteration 8:	3.5718779564 seconds	0.0000000000 seconds
Iteration 8:	3.5719449520 seconds	0.0000000000 seconds
Iteration 8:	3.5719580650 seconds	0.0000000000 seconds
Iteration 8:	3.5719468594 seconds	0.0000000000 seconds
Iteration 8:	3.5719521046 seconds	0.0000000000 seconds
Iteration 8:	3.5719561577 seconds	0.0000000000 seconds
Iteration 8:	3.5719351768 seconds	0.0000000000 seconds
Iteration 8:	3.5719490051 seconds	0.0000000000 seconds
Iteration 8:	3.5719478130 seconds	0.0000011921 seconds
Iteration 8:	3.5719490051 seconds	0.0000000000 seconds
Iteration 9:	3.2154779434 seconds	0.0000009537 seconds
Iteration 9:	3.2156171799 seconds	0.0000000000 seconds
Iteration 9:	3.2155120373 seconds	0.0000000000 seconds
Iteration 9:	3.2158529758 seconds	0.0000000000 seconds
Iteration 9:	3.2155489922 seconds	0.0000000000 seconds
Iteration 9:	3.2157890797 seconds	0.0000000000 seconds
Iteration 9:	3.2158451080 seconds	0.0000000000 seconds
Iteration 9:	3.2154760361 seconds	0.0000000000 seconds
Iteration 9:	3.2152998447 seconds	0.0000000000 seconds
Iteration 9:	3.2156670094 seconds	0.0000000000 seconds
Iteration 9:	3.2154839039 seconds	0.0000000000 seconds
Iteration 9:	3.2153661251 seconds	0.0000000000 seconds
Iteration 9:	3.2155411243 seconds	0.0000000000 seconds
Iteration 9:	3.2154488564 seconds	0.0000000000 seconds
Iteration 9:	3.2155919075 seconds	0.0000000000 seconds
Iteration 9:	3.2156388760 seconds	0.0000000000 seconds
Iteration 9:	3.2158851624 seconds	0.0000000000 seconds
Iteration 9:	3.2158639431 seconds	0.0000000000 seconds
Iteration 9:	3.2157008648 seconds	0.0000000000 seconds
Iteration 9:	3.2158489227 seconds	0.0000000000 seconds
Iteration 9:	3.2158730030 seconds	0.0000000000 seconds
Iteration 9:	3.2158370018 seconds	0.0000000000 seconds
Iteration 9:	3.2156980038 seconds	0.0000000000 seconds
Iteration 9:	3.2156980038 seconds	0.0000000000 seconds
Iteration 9:	3.2157130241 seconds	0.0000000000 seconds
Iteration 9:	3.2158331871 seconds	0.0000000000 seconds
Iteration 9:	3.2158520222 seconds	0.0000000000 seconds
Iteration 9:	3.2158780098 seconds	0.0000000000 seconds
Iteration 9:	3.2158460617 seconds	0.0000000000 seconds
Iteration 9:	3.2158710957 seconds	0.0000000000 seconds
Iteration 9:	3.2158160210 seconds	0.0000000000 seconds
Iteration 9:	3.2158138752 seconds	0.0000000000 seconds
Iteration 9:	3.2157909870 seconds	0.0000000000 seconds
Iteration 9:	3.2158269882 seconds	0.0000000000 seconds
Iteration 9:	3.2158131599 seconds	0.0000000000 seconds
Iteration 9:	3.2158439159 seconds	0.0000000000 seconds
Iteration 9:	3.2158470154 seconds	0.0000000000 seconds
Iteration 9:	3.2155928612 seconds	0.0000000000 seconds
Iteration 9:	3.2156250477 seconds	0.0000000000 seconds
Iteration 9:	3.2155938148 seconds	0.0000000000 seconds
Iteration 9:	3.2156448364 seconds	0.0000000000 seconds
Iteration 9:	3.2155890465 seconds	0.0000000000 seconds
Iteration 9:	3.2156209946 seconds	0.0000000000 seconds
Iteration 9:	3.2155301571 seconds	0.0000000000 seconds
Iteration 9:	3.2156229019 seconds	0.0000000000 seconds
Iteration 9:	3.2156050205 seconds	0.0000000000 seconds
Iteration 9:	3.2156457901 seconds	0.0000000000 seconds
Iteration 9:	3.2156221867 seconds	0.0000000000 seconds
Iteration 9:	3.2155590057 seconds	0.0000000000 seconds
Iteration 9:	3.2157919407 seconds	0.0000000000 seconds
Iteration 9:	3.2157790661 seconds	0.0000000000 seconds
Iteration 9:	3.2157649994 seconds	0.0000009537 seconds
Iteration 9:	3.2157740593 seconds	0.0000000000 seconds
Iteration 9:	3.2157671452 seconds	0.0000009537 seconds
Iteration 9:	3.2157778740 seconds	0.0000000000 seconds
Iteration 9:	3.2157680988 seconds	0.0000009537 seconds
Iteration 9:	3.2157878876 seconds	0.0000000000 seconds
Iteration 9:	3.2157661915 seconds	0.0000000000 seconds
Iteration 9:	3.2157680988 seconds	0.0000000000 seconds
Iteration 9:	3.2157659531 seconds	0.0000000000 seconds
Iteration 10:	3.5718688965 seconds	0.0000000000 seconds
Iteration 10:	3.5720739365 seconds	0.0000000000 seconds
Iteration 10:	3.5719017982 seconds	0.0000000000 seconds
Iteration 10:	3.5721988678 seconds	0.0000000000 seconds
Iteration 10:	3.5721778870 seconds	0.0000000000 seconds
Iteration 10:	3.5719439983 seconds	0.0000000000 seconds
Iteration 10:	3.5718739033 seconds	0.0000000000 seconds
Iteration 10:	3.5721619129 seconds	0.0000000000 seconds
Iteration 10:	3.5718989372 seconds	0.0000000000 seconds
Iteration 10:	3.5721290112 seconds	0.0000000000 seconds
Iteration 10:	3.5720999241 seconds	0.0000000000 seconds
Iteration 10:	3.5719449520 seconds	0.0000000000 seconds
Iteration 10:	3.5720911026 seconds	0.0000009537 seconds
Iteration 10:	3.5719339848 seconds	0.0000000000 seconds
Iteration 10:	3.5720100403 seconds	0.0000000000 seconds
Iteration 10:	3.5716729164 seconds	0.0000000000 seconds
Iteration 10:	3.5716819763 seconds	0.0000000000 seconds
Iteration 10:	3.5718400478 seconds	0.0000000000 seconds
Iteration 10:	3.5716998577 seconds	0.0000000000 seconds
Iteration 10:	3.5718040466 seconds	0.0000000000 seconds
Iteration 10:	3.5717799664 seconds	0.0000000000 seconds
Iteration 10:	3.5718159676 seconds	0.0000000000 seconds
Iteration 10:	3.5719029903 seconds	0.0000000000 seconds
Iteration 10:	3.5719029903 seconds	0.0000000000 seconds
Iteration 10:	3.5719320774 seconds	0.0000000000 seconds
Iteration 10:	3.5718979836 seconds	0.0000000000 seconds
Iteration 10:	3.5719177723 seconds	0.0000000000 seconds
Iteration 10:	3.5718710423 seconds	0.0000000000 seconds
Iteration 10:	3.5718729496 seconds	0.0000000000 seconds
Iteration 10:	3.5718369484 seconds	0.0000000000 seconds
Iteration 10:	3.5717899799 seconds	0.0000000000 seconds
Iteration 10:	3.5718789101 seconds	0.0000009537 seconds
Iteration 10:	3.5718469620 seconds	0.0000000000 seconds
Iteration 10:	3.5717990398 seconds	0.0000000000 seconds
Iteration 10:	3.5718111992 seconds	0.0000000000 seconds
Iteration 10:	3.5717451572 seconds	0.0000000000 seconds
Iteration 10:	3.5717439651 seconds	0.0000000000 seconds
Iteration 10:	3.5717849731 seconds	0.0000000000 seconds
Iteration 10:	3.5717568398 seconds	0.0000000000 seconds
Iteration 10:	3.5717921257 seconds	0.0000000000 seconds
Iteration 10:	3.5717401505 seconds	0.0000000000 seconds
Iteration 10:	3.5717720985 seconds	0.0000000000 seconds
Iteration 10:	3.5717709064 seconds	0.0000011921 seconds
Iteration 10:	3.5717370510 seconds	0.0000000000 seconds
Iteration 10:	3.5718109608 seconds	0.0000000000 seconds
Iteration 10:	3.5717279911 seconds	0.0000000000 seconds
Iteration 10:	3.5717029572 seconds	0.0000000000 seconds
Iteration 10:	3.5716898441 seconds	0.0000000000 seconds
Iteration 10:	3.5717420578 seconds	0.0000000000 seconds
Iteration 10:	3.5715348721 seconds	0.0000000000 seconds
Iteration 10:	3.5715501308 seconds	0.0000000000 seconds
Iteration 10:	3.5716979504 seconds	0.0000000000 seconds
Iteration 10:	3.5716860294 seconds	0.0000000000 seconds
Iteration 10:	3.5717270374 seconds	0.0000000000 seconds
Iteration 10:	3.5716810226 seconds	0.0000000000 seconds
Iteration 10:	3.5716760159 seconds	0.0000000000 seconds
Iteration 10:	3.5716450214 seconds	0.0000000000 seconds
Iteration 10:	3.5716750622 seconds	0.0000000000 seconds
Iteration 10:	3.5716750622 seconds	0.0000000000 seconds
Iteration 10:	3.5716750622 seconds	0.0000000000 seconds
Iteration 11:	3.2150781155 seconds	0.0000000000 seconds
Iteration 11:	3.2152090073 seconds	0.0000000000 seconds
Iteration 11:	3.2154209614 seconds	0.0000000000 seconds
Iteration 11:	3.2153880596 seconds	0.0000000000 seconds
Iteration 11:	3.2152299881 seconds	0.0000000000 seconds
Iteration 11:	3.2151629925 seconds	0.0000000000 seconds
Iteration 11:	3.2151169777 seconds	0.0000000000 seconds
Iteration 11:	3.2151501179 seconds	0.0000000000 seconds
Iteration 11:	3.2154629230 seconds	0.0000000000 seconds
Iteration 11:	3.2151539326 seconds	0.0000000000 seconds
Iteration 11:	3.2154800892 seconds	0.0000000000 seconds
Iteration 11:	3.2153930664 seconds	0.0000000000 seconds
Iteration 11:	3.2152619362 seconds	0.0000000000 seconds
Iteration 11:	3.2151808739 seconds	0.0000000000 seconds
Iteration 11:	3.2152981758 seconds	0.0000000000 seconds
Iteration 11:	3.2152030468 seconds	0.0000000000 seconds
Iteration 11:	3.2152709961 seconds	0.0000009537 seconds
Iteration 11:	3.2153589725 seconds	0.0000000000 seconds
Iteration 11:	3.2152180672 seconds	0.0000000000 seconds
Iteration 11:	3.2153480053 seconds	0.0000000000 seconds
Iteration 11:	3.2151279449 seconds	0.0000000000 seconds
Iteration 11:	3.2150981426 seconds	0.0000000000 seconds
Iteration 11:	3.2151961327 seconds	0.0000000000 seconds
Iteration 11:	3.2152309418 seconds	0.0000009537 seconds
Iteration 11:	3.2151300907 seconds	0.0000000000 seconds
Iteration 11:	3.2151770592 seconds	0.0000000000 seconds
Iteration 11:	3.2151701450 seconds	0.0000000000 seconds
Iteration 11:	3.2151708603 seconds	0.0000000000 seconds
Iteration 11:	3.2151958942 seconds	0.0000000000 seconds
Iteration 11:	3.2152550220 seconds	0.0000000000 seconds
Iteration 11:	3.2151789665 seconds	0.0000000000 seconds
Iteration 11:	3.2154710293 seconds	0.0000000000 seconds
Iteration 11:	3.2154529095 seconds	0.0000000000 seconds
Iteration 11:	3.2154738903 seconds	0.0000000000 seconds
Iteration 11:	3.2154982090 seconds	0.0000000000 seconds
Iteration 11:	3.2155289650 seconds	0.0000000000 seconds
Iteration 11:	3.2155299187 seconds	0.0000000000 seconds
Iteration 11:	3.2155129910 seconds	0.0000000000 seconds
Iteration 11:	3.2155370712 seconds	0.0000000000 seconds
Iteration 11:	3.2155358791 seconds	0.0000000000 seconds
Iteration 11:	3.2155270576 seconds	0.0000000000 seconds
Iteration 11:	3.2155518532 seconds	0.0000000000 seconds
Iteration 11:	3.2156012058 seconds	0.0000000000 seconds
Iteration 11:	3.2155890465 seconds	0.0000009537 seconds
Iteration 11:	3.2155649662 seconds	0.0000000000 seconds
Iteration 11:	3.2156219482 seconds	0.0000000000 seconds
Iteration 11:	3.2156360149 seconds	0.0000000000 seconds
Iteration 11:	3.2156360149 seconds	0.0000000000 seconds
Iteration 11:	3.2156400681 seconds	0.0000000000 seconds
Iteration 11:	3.2156181335 seconds	0.0000000000 seconds
Iteration 11:	3.2156159878 seconds	0.0000000000 seconds
Iteration 11:	3.2154510021 seconds	0.0000000000 seconds
Iteration 11:	3.2154350281 seconds	0.0000000000 seconds
Iteration 11:	3.2154729366 seconds	0.0000000000 seconds
Iteration 11:	3.2154710293 seconds	0.0000000000 seconds
Iteration 11:	3.2154629230 seconds	0.0000000000 seconds
Iteration 11:	3.2154951096 seconds	0.0000000000 seconds
Iteration 11:	3.2154808044 seconds	0.0000000000 seconds
Iteration 11:	3.2154788971 seconds	0.0000000000 seconds
Iteration 11:	3.2154779434 seconds	0.0000000000 seconds
Iteration 12:	3.5715439320 seconds	0.0000000000 seconds
Iteration 12:	3.5717339516 seconds	0.0000000000 seconds
Iteration 12:	3.5716199875 seconds	0.0000000000 seconds
Iteration 12:	3.5718839169 seconds	0.0000000000 seconds
Iteration 12:	3.5718851089 seconds	0.0000000000 seconds
Iteration 12:	3.5716779232 seconds	0.0000000000 seconds
Iteration 12:	3.5718841553 seconds	0.0000000000 seconds
Iteration 12:	3.5718958378 seconds	0.0000000000 seconds
Iteration 12:	3.5722107887 seconds	0.0000011921 seconds
Iteration 12:	3.5719389915 seconds	0.0000000000 seconds
Iteration 12:	3.5722019672 seconds	0.0000009537 seconds
Iteration 12:	3.5718641281 seconds	0.0000000000 seconds
Iteration 12:	3.5721871853 seconds	0.0000000000 seconds
Iteration 12:	3.5718500614 seconds	0.0000000000 seconds
Iteration 12:	3.5721621513 seconds	0.0000009537 seconds
Iteration 12:	3.5718460083 seconds	0.0000000000 seconds
Iteration 12:	3.5721459389 seconds	0.0000000000 seconds
Iteration 12:	3.5718278885 seconds	0.0000000000 seconds
Iteration 12:	3.5721409321 seconds	0.0000000000 seconds
Iteration 12:	3.5718600750 seconds	0.0000000000 seconds
Iteration 12:	3.5720698833 seconds	0.0000000000 seconds
Iteration 12:	3.5718648434 seconds	0.0000000000 seconds
Iteration 12:	3.5718209743 seconds	0.0000000000 seconds
Iteration 12:	3.5720188618 seconds	0.0000000000 seconds
Iteration 12:	3.5720191002 seconds	0.0000000000 seconds
Iteration 12:	3.5720181465 seconds	0.0000000000 seconds
Iteration 12:	3.5718319416 seconds	0.0000000000 seconds
Iteration 12:	3.5718011856 seconds	0.0000009537 seconds
Iteration 12:	3.5718879700 seconds	0.0000000000 seconds
Iteration 12:	3.5717780590 seconds	0.0000000000 seconds
Iteration 12:	3.5717949867 seconds	0.0000000000 seconds
Iteration 12:	3.5715339184 seconds	0.0000000000 seconds
Iteration 12:	3.5715379715 seconds	0.0000000000 seconds
Iteration 12:	3.5715520382 seconds	0.0000000000 seconds
Iteration 12:	3.5715091228 seconds	0.0000000000 seconds
Iteration 12:	3.5716860294 seconds	0.0000000000 seconds
Iteration 12:	3.5716760159 seconds	0.0000000000 seconds
Iteration 12:	3.5716559887 seconds	0.0000000000 seconds
Iteration 12:	3.5716769695 seconds	0.0000000000 seconds
Iteration 12:	3.5716249943 seconds	0.0000000000 seconds
Iteration 12:	3.5716061592 seconds	0.0000000000 seconds
Iteration 12:	3.5715589523 seconds	0.0000000000 seconds
Iteration 12:	3.5716390610 seconds	0.0000000000 seconds
Iteration 12:	3.5715730190 seconds	0.0000000000 seconds
Iteration 12:	3.5715999603 seconds	0.0000000000 seconds
Iteration 12:	3.5715291500 seconds	0.0000000000 seconds
Iteration 12:	3.5715818405 seconds	0.0000000000 seconds
Iteration 12:	3.5715489388 seconds	0.0000000000 seconds
Iteration 12:	3.5715348721 seconds	0.0000000000 seconds
Iteration 12:	3.5715520382 seconds	0.0000000000 seconds
Iteration 12:	3.5715529919 seconds	0.0000000000 seconds
Iteration 12:	3.5715420246 seconds	0.0000000000 seconds
Iteration 12:	3.5715661049 seconds	0.0000000000 seconds
Iteration 12:	3.5715420246 seconds	0.0000000000 seconds
Iteration 12:	3.5715370178 seconds	0.0000000000 seconds
Iteration 12:	3.5715479851 seconds	0.0000000000 seconds
Iteration 12:	3.5715219975 seconds	0.0000000000 seconds
Iteration 12:	3.5715348721 seconds	0.0000011921 seconds
Iteration 12:	3.5715348721 seconds	0.0000000000 seconds
Iteration 12:	3.5715358257 seconds	0.0000000000 seconds
Iteration 13:	3.2153379917 seconds	0.0000000000 seconds
Iteration 13:	3.2157311440 seconds	0.0000000000 seconds
Iteration 13:	3.2160389423 seconds	0.0000000000 seconds
Iteration 13:	3.2154321671 seconds	0.0000000000 seconds
Iteration 13:	3.2161881924 seconds	0.0000000000 seconds
Iteration 13:	3.2162830830 seconds	0.0000000000 seconds
Iteration 13:	3.2154688835 seconds	0.0000000000 seconds
Iteration 13:	3.2162280083 seconds	0.0000000000 seconds
Iteration 13:	3.2159528732 seconds	0.0000000000 seconds
Iteration 13:	3.2157390118 seconds	0.0000000000 seconds
Iteration 13:	3.2157511711 seconds	0.0000000000 seconds
Iteration 13:	3.2155158520 seconds	0.0000011921 seconds
Iteration 13:	3.2157530785 seconds	0.0000000000 seconds
Iteration 13:	3.2157800198 seconds	0.0000000000 seconds
Iteration 13:	3.2160210609 seconds	0.0000000000 seconds
Iteration 13:	3.2160139084 seconds	0.0000000000 seconds
Iteration 13:	3.2158060074 seconds	0.0000009537 seconds
Iteration 13:	3.2159681320 seconds	0.0000000000 seconds
Iteration 13:	3.2160091400 seconds	0.0000000000 seconds
Iteration 13:	3.2159478664 seconds	0.0000000000 seconds
Iteration 13:	3.2159879208 seconds	0.0000000000 seconds
Iteration 13:	3.2158350945 seconds	0.0000000000 seconds
Iteration 13:	3.2158350945 seconds	0.0000000000 seconds
Iteration 13:	3.2158429623 seconds	0.0000000000 seconds
Iteration 13:	3.2159640789 seconds	0.0000000000 seconds
Iteration 13:	3.2159559727 seconds	0.0000000000 seconds
Iteration 13:	3.2159559727 seconds	0.0000000000 seconds
Iteration 13:	3.2159020901 seconds	0.0000000000 seconds
Iteration 13:	3.2159998417 seconds	0.0000000000 seconds
Iteration 13:	3.2159750462 seconds	0.0000000000 seconds
Iteration 13:	3.2160041332 seconds	0.0000000000 seconds
Iteration 13:	3.2160530090 seconds	0.0000000000 seconds
Iteration 13:	3.2160360813 seconds	0.0000000000 seconds
Iteration 13:	3.2160060406 seconds	0.0000000000 seconds
Iteration 13:	3.2160289288 seconds	0.0000000000 seconds
Iteration 13:	3.2158420086 seconds	0.0000000000 seconds
Iteration 13:	3.2158780098 seconds	0.0000000000 seconds
Iteration 13:	3.2158620358 seconds	0.0000000000 seconds
Iteration 13:	3.2159209251 seconds	0.0000000000 seconds
Iteration 13:	3.2158501148 seconds	0.0000000000 seconds
Iteration 13:	3.2159278393 seconds	0.0000000000 seconds
Iteration 13:	3.2158749104 seconds	0.0000000000 seconds
Iteration 13:	3.2159349918 seconds	0.0000000000 seconds
Iteration 13:	3.2158639431 seconds	0.0000000000 seconds
Iteration 13:	3.2159099579 seconds	0.0000000000 seconds
Iteration 13:	3.2159049511 seconds	0.0000000000 seconds
Iteration 13:	3.2159471512 seconds	0.0000000000 seconds
Iteration 13:	3.2161052227 seconds	0.0000000000 seconds
Iteration 13:	3.2161071301 seconds	0.0000000000 seconds
Iteration 13:	3.2160899639 seconds	0.0000000000 seconds
Iteration 13:	3.2161171436 seconds	0.0000000000 seconds
Iteration 13:	3.2161080837 seconds	0.0000000000 seconds
Iteration 13:	3.2160971165 seconds	0.0000000000 seconds
Iteration 13:	3.2161109447 seconds	0.0000000000 seconds
Iteration 13:	3.2161059380 seconds	0.0000000000 seconds
Iteration 13:	3.2161121368 seconds	0.0000000000 seconds
Iteration 13:	3.2161979675 seconds	0.0000000000 seconds
Iteration 13:	3.2161631584 seconds	0.0000000000 seconds
Iteration 13:	3.2161610126 seconds	0.0000000000 seconds
Iteration 13:	3.2161631584 seconds	0.0000000000 seconds
Iteration 14:	3.5713989735 seconds	0.0000000000 seconds
Iteration 14:	3.5715091228 seconds	0.0000000000 seconds
Iteration 14:	3.5714581013 seconds	0.0000000000 seconds
Iteration 14:	3.5716409683 seconds	0.0000000000 seconds
Iteration 14:	3.5717689991 seconds	0.0000000000 seconds
Iteration 14:	3.5715270042 seconds	0.0000000000 seconds
Iteration 14:	3.5719020367 seconds	0.0000000000 seconds
Iteration 14:	3.5715639591 seconds	0.0000000000 seconds
Iteration 14:	3.5718610287 seconds	0.0000000000 seconds
Iteration 14:	3.5716278553 seconds	0.0000000000 seconds
Iteration 14:	3.5718259811 seconds	0.0000000000 seconds
Iteration 14:	3.5716760159 seconds	0.0000000000 seconds
Iteration 14:	3.5717990398 seconds	0.0000000000 seconds
Iteration 14:	3.5714669228 seconds	0.0000000000 seconds
Iteration 14:	3.5715680122 seconds	0.0000009537 seconds
Iteration 14:	3.5715360641 seconds	0.0000000000 seconds
Iteration 14:	3.5714881420 seconds	0.0000000000 seconds
Iteration 14:	3.5715260506 seconds	0.0000000000 seconds
Iteration 14:	3.5716938972 seconds	0.0000000000 seconds
Iteration 14:	3.5715541840 seconds	0.0000000000 seconds
Iteration 14:	3.5716998577 seconds	0.0000011921 seconds
Iteration 14:	3.5716779232 seconds	0.0000000000 seconds
Iteration 14:	3.5717310905 seconds	0.0000000000 seconds
Iteration 14:	3.5717399120 seconds	0.0000000000 seconds
Iteration 14:	3.5717380047 seconds	0.0000000000 seconds
Iteration 14:	3.5716969967 seconds	0.0000000000 seconds
Iteration 14:	3.5716900826 seconds	0.0000000000 seconds
Iteration 14:	3.5717020035 seconds	0.0000000000 seconds
Iteration 14:	3.5716531277 seconds	0.0000000000 seconds
Iteration 14:	3.5716850758 seconds	0.0000000000 seconds
Iteration 14:	3.5716578960 seconds	0.0000011921 seconds
Iteration 14:	3.5715961456 seconds	0.0000000000 seconds
Iteration 14:	3.5716209412 seconds	0.0000000000 seconds
Iteration 14:	3.5716290474 seconds	0.0000009537 seconds
Iteration 14:	3.5716228485 seconds	0.0000000000 seconds
Iteration 14:	3.5716090202 seconds	0.0000000000 seconds
Iteration 14:	3.5715880394 seconds	0.0000000000 seconds
Iteration 14:	3.5715408325 seconds	0.0000000000 seconds
Iteration 14:	3.5716269016 seconds	0.0000000000 seconds
Iteration 14:	3.5716161728 seconds	0.0000000000 seconds
Iteration 14:	3.5715451241 seconds	0.0000009537 seconds
Iteration 14:	3.5715410709 seconds	0.0000000000 seconds
Iteration 14:	3.5715801716 seconds	0.0000000000 seconds
Iteration 14:	3.5715539455 seconds	0.0000000000 seconds
Iteration 14:	3.5716130733 seconds	0.0000000000 seconds
Iteration 14:	3.5715160370 seconds	0.0000000000 seconds
Iteration 14:	3.5715641975 seconds	0.0000000000 seconds
Iteration 14:	3.5713720322 seconds	0.0000000000 seconds
Iteration 14:	3.5713829994 seconds	0.0000000000 seconds
Iteration 14:	3.5715558529 seconds	0.0000000000 seconds
Iteration 14:	3.5715661049 seconds	0.0000000000 seconds
Iteration 14:	3.5715398788 seconds	0.0000000000 seconds
Iteration 14:	3.5715498924 seconds	0.0000000000 seconds
Iteration 14:	3.5715320110 seconds	0.0000000000 seconds
Iteration 14:	3.5716030598 seconds	0.0000000000 seconds
Iteration 14:	3.5715279579 seconds	0.0000000000 seconds
Iteration 14:	3.5714468956 seconds	0.0000000000 seconds
Iteration 14:	3.5714859962 seconds	0.0000000000 seconds
Iteration 14:	3.5714840889 seconds	0.0000000000 seconds
Iteration 14:	3.5714840889 seconds	0.0000009537 seconds
Iteration 15:	3.2154870033 seconds	0.0000000000 seconds
Iteration 15:	3.2154469490 seconds	0.0000000000 seconds
Iteration 15:	3.2154188156 seconds	0.0000000000 seconds
Iteration 15:	3.2154309750 seconds	0.0000000000 seconds
Iteration 15:	3.2153849602 seconds	0.0000000000 seconds
Iteration 15:	3.2158520222 seconds	0.0000000000 seconds
Iteration 15:	3.2154419422 seconds	0.0000000000 seconds
Iteration 15:	3.2158029079 seconds	0.0000000000 seconds
Iteration 15:	3.2157380581 seconds	0.0000000000 seconds
Iteration 15:	3.2154138088 seconds	0.0000000000 seconds
Iteration 15:	3.2156939507 seconds	0.0000000000 seconds
Iteration 15:	3.2156329155 seconds	0.0000000000 seconds
Iteration 15:	3.2155549526 seconds	0.0000000000 seconds
Iteration 15:	3.2154190540 seconds	0.0000009537 seconds
Iteration 15:	3.2155859470 seconds	0.0000000000 seconds
Iteration 15:	3.2154960632 seconds	0.0000000000 seconds
Iteration 15:	3.2155649662 seconds	0.0000000000 seconds
Iteration 15:	3.2156019211 seconds	0.0000000000 seconds
Iteration 15:	3.2153670788 seconds	0.0000000000 seconds
Iteration 15:	3.2153820992 seconds	0.0000000000 seconds
Iteration 15:	3.2153811455 seconds	0.0000000000 seconds
Iteration 15:	3.2153749466 seconds	0.0000000000 seconds
Iteration 15:	3.2153899670 seconds	0.0000000000 seconds
Iteration 15:	3.2153878212 seconds	0.0000000000 seconds
Iteration 15:	3.2153890133 seconds	0.0000000000 seconds
Iteration 15:	3.2153940201 seconds	0.0000000000 seconds
Iteration 15:	3.2154312134 seconds	0.0000000000 seconds
Iteration 15:	3.2153761387 seconds	0.0000009537 seconds
Iteration 15:	3.2154140472 seconds	0.0000000000 seconds
Iteration 15:	3.2155988216 seconds	0.0000000000 seconds
Iteration 15:	3.2156140804 seconds	0.0000000000 seconds
Iteration 15:	3.2156620026 seconds	0.0000000000 seconds
Iteration 15:	3.2156031132 seconds	0.0000000000 seconds
Iteration 15:	3.2156529427 seconds	0.0000000000 seconds
Iteration 15:	3.2156670094 seconds	0.0000000000 seconds
Iteration 15:	3.2156720161 seconds	0.0000000000 seconds
Iteration 15:	3.2156791687 seconds	0.0000000000 seconds
Iteration 15:	3.2156720161 seconds	0.0000000000 seconds
Iteration 15:	3.2157101631 seconds	0.0000000000 seconds
Iteration 15:	3.2156968117 seconds	0.0000000000 seconds
Iteration 15:	3.2157120705 seconds	0.0000000000 seconds
Iteration 15:	3.2157199383 seconds	0.0000000000 seconds
Iteration 15:	3.2157099247 seconds	0.0000000000 seconds
Iteration 15:	3.2156739235 seconds	0.0000000000 seconds
Iteration 15:	3.2157299519 seconds	0.0000000000 seconds
Iteration 15:	3.2156920433 seconds	0.0000000000 seconds
Iteration 15:	3.2157590389 seconds	0.0000000000 seconds
Iteration 15:	3.2157118320 seconds	0.0000000000 seconds
Iteration 15:	3.2156918049 seconds	0.0000000000 seconds
Iteration 15:	3.2155480385 seconds	0.0000009537 seconds
Iteration 15:	3.2155029774 seconds	0.0000000000 seconds
Iteration 15:	3.2155270576 seconds	0.0000000000 seconds
Iteration 15:	3.2155370712 seconds	0.0000000000 seconds
Iteration 15:	3.2155668736 seconds	0.0000000000 seconds
Iteration 15:	3.2154860497 seconds	0.0000000000 seconds
Iteration 15:	3.2155470848 seconds	0.0000000000 seconds
Iteration 15:	3.2155649662 seconds	0.0000000000 seconds
Iteration 15:	3.2155518532 seconds	0.0000000000 seconds
Iteration 15:	3.2155518532 seconds	0.0000000000 seconds
Iteration 15:	3.2155518532 seconds	0.0000009537 seconds
Iteration 16:	3.5714190006 seconds	0.0000009537 seconds
Iteration 16:	3.5711331367 seconds	0.0000000000 seconds
Iteration 16:	3.5716538429 seconds	0.0000000000 seconds
Iteration 16:	3.5713629723 seconds	0.0000000000 seconds
Iteration 16:	3.5717639923 seconds	0.0000000000 seconds
Iteration 16:	3.5717878342 seconds	0.0000000000 seconds
Iteration 16:	3.5718090534 seconds	0.0000000000 seconds
Iteration 16:	3.5716450214 seconds	0.0000000000 seconds
Iteration 16:	3.5715789795 seconds	0.0000000000 seconds
Iteration 16:	3.5716140270 seconds	0.0000000000 seconds
Iteration 16:	3.5717611313 seconds	0.0000000000 seconds
Iteration 16:	3.5716559887 seconds	0.0000000000 seconds
Iteration 16:	3.5715899467 seconds	0.0000000000 seconds
Iteration 16:	3.5717852116 seconds	0.0000000000 seconds
Iteration 16:	3.5717358589 seconds	0.0000000000 seconds
Iteration 16:	3.5716369152 seconds	0.0000000000 seconds
Iteration 16:	3.5716340542 seconds	0.0000000000 seconds
Iteration 16:	3.5716018677 seconds	0.0000000000 seconds
Iteration 16:	3.5715680122 seconds	0.0000000000 seconds
Iteration 16:	3.5715868473 seconds	0.0000000000 seconds
Iteration 16:	3.5715889931 seconds	0.0000000000 seconds
Iteration 16:	3.5716049671 seconds	0.0000000000 seconds
Iteration 16:	3.5715730190 seconds	0.0000000000 seconds
Iteration 16:	3.5715730190 seconds	0.0000000000 seconds
Iteration 16:	3.5715718269 seconds	0.0000000000 seconds
Iteration 16:	3.5715451241 seconds	0.0000000000 seconds
Iteration 16:	3.5716111660 seconds	0.0000009537 seconds
Iteration 16:	3.5715730190 seconds	0.0000000000 seconds
Iteration 16:	3.5713400841 seconds	0.0000000000 seconds
Iteration 16:	3.5716288090 seconds	0.0000000000 seconds
Iteration 16:	3.5713641644 seconds	0.0000000000 seconds
Iteration 16:	3.5713450909 seconds	0.0000000000 seconds
Iteration 16:	3.5713849068 seconds	0.0000000000 seconds
Iteration 16:	3.5714380741 seconds	0.0000000000 seconds
Iteration 16:	3.5714359283 seconds	0.0000000000 seconds
Iteration 16:	3.5714910030 seconds	0.0000000000 seconds
Iteration 16:	3.5714960098 seconds	0.0000000000 seconds
Iteration 16:	3.5714609623 seconds	0.0000000000 seconds
Iteration 16:	3.5714881420 seconds	0.0000000000 seconds
Iteration 16:	3.5714538097 seconds	0.0000011921 seconds
Iteration 16:	3.5714509487 seconds	0.0000000000 seconds
Iteration 16:	3.5714380741 seconds	0.0000000000 seconds
Iteration 16:	3.5714550018 seconds	0.0000000000 seconds
Iteration 16:	3.5714571476 seconds	0.0000000000 seconds
Iteration 16:	3.5715029240 seconds	0.0000000000 seconds
Iteration 16:	3.5714159012 seconds	0.0000000000 seconds
Iteration 16:	3.5714778900 seconds	0.0000000000 seconds
Iteration 16:	3.5714371204 seconds	0.0000000000 seconds
Iteration 16:	3.5714690685 seconds	0.0000000000 seconds
Iteration 16:	3.5714371204 seconds	0.0000000000 seconds
Iteration 16:	3.5714449883 seconds	0.0000000000 seconds
Iteration 16:	3.5714581013 seconds	0.0000000000 seconds
Iteration 16:	3.5714409351 seconds	0.0000000000 seconds
Iteration 16:	3.5713961124 seconds	0.0000000000 seconds
Iteration 16:	3.5714328289 seconds	0.0000000000 seconds
Iteration 16:	3.5714168549 seconds	0.0000000000 seconds
Iteration 16:	3.5713951588 seconds	0.0000000000 seconds
Iteration 16:	3.5714299679 seconds	0.0000009537 seconds
Iteration 16:	3.5714287758 seconds	0.0000000000 seconds
Iteration 16:	3.5714299679 seconds	0.0000000000 seconds
Iteration 17:	3.2149710655 seconds	0.0000000000 seconds
Iteration 17:	3.2148940563 seconds	0.0000000000 seconds
Iteration 17:	3.2149131298 seconds	0.0000000000 seconds
Iteration 17:	3.2155330181 seconds	0.0000000000 seconds
Iteration 17:	3.2149589062 seconds	0.0000000000 seconds
Iteration 17:	3.2156450748 seconds	0.0000000000 seconds
Iteration 17:	3.2149529457 seconds	0.0000000000 seconds
Iteration 17:	3.2153928280 seconds	0.0000000000 seconds
Iteration 17:	3.2151219845 seconds	0.0000000000 seconds
Iteration 17:	3.2149751186 seconds	0.0000000000 seconds
Iteration 17:	3.2151980400 seconds	0.0000000000 seconds
Iteration 17:	3.2151608467 seconds	0.0000000000 seconds
Iteration 17:	3.2150890827 seconds	0.0000009537 seconds
Iteration 17:	3.2153110504 seconds	0.0000000000 seconds
Iteration 17:	3.2152590752 seconds	0.0000000000 seconds
Iteration 17:	3.2154181004 seconds	0.0000000000 seconds
Iteration 17:	3.2153661251 seconds	0.0000000000 seconds
Iteration 17:	3.2153310776 seconds	0.0000000000 seconds
Iteration 17:	3.2154538631 seconds	0.0000000000 seconds
Iteration 17:	3.2154099941 seconds	0.0000000000 seconds
Iteration 17:	3.2153120041 seconds	0.0000000000 seconds
Iteration 17:	3.2152988911 seconds	0.0000009537 seconds
Iteration 17:	3.2152910233 seconds	0.0000000000 seconds
Iteration 17:	3.2152907848 seconds	0.0000000000 seconds
Iteration 17:	3.2153069973 seconds	0.0000000000 seconds
Iteration 17:	3.2152919769 seconds	0.0000009537 seconds
Iteration 17:	3.2153389454 seconds	0.0000000000 seconds
Iteration 17:	3.2153649330 seconds	0.0000000000 seconds
Iteration 17:	3.2152829170 seconds	0.0000000000 seconds
Iteration 17:	3.2153720856 seconds	0.0000000000 seconds
Iteration 17:	3.2153561115 seconds	0.0000000000 seconds
Iteration 17:	3.2153809071 seconds	0.0000000000 seconds
Iteration 17:	3.2153549194 seconds	0.0000000000 seconds
Iteration 17:	3.2152919769 seconds	0.0000000000 seconds
Iteration 17:	3.2152838707 seconds	0.0000000000 seconds
Iteration 17:	3.2152318954 seconds	0.0000000000 seconds
Iteration 17:	3.2152359486 seconds	0.0000000000 seconds
Iteration 17:	3.2152538300 seconds	0.0000000000 seconds
Iteration 17:	3.2152209282 seconds	0.0000000000 seconds
Iteration 17:	3.2152369022 seconds	0.0000000000 seconds
Iteration 17:	3.2152600288 seconds	0.0000000000 seconds
Iteration 17:	3.2152421474 seconds	0.0000000000 seconds
Iteration 17:	3.2152769566 seconds	0.0000000000 seconds
Iteration 17:	3.2152001858 seconds	0.0000000000 seconds
Iteration 17:	3.2152647972 seconds	0.0000000000 seconds
Iteration 17:	3.2154700756 seconds	0.0000000000 seconds
Iteration 17:	3.2154409885 seconds	0.0000000000 seconds
Iteration 17:	3.2154481411 seconds	0.0000000000 seconds
Iteration 17:	3.2154810429 seconds	0.0000000000 seconds
Iteration 17:	3.2154371738 seconds	0.0000000000 seconds
Iteration 17:	3.2154581547 seconds	0.0000000000 seconds
Iteration 17:	3.2154359818 seconds	0.0000000000 seconds
Iteration 17:	3.2154431343 seconds	0.0000000000 seconds
Iteration 17:	3.2154819965 seconds	0.0000000000 seconds
Iteration 17:	3.2155170441 seconds	0.0000009537 seconds
Iteration 17:	3.2154800892 seconds	0.0000000000 seconds
Iteration 17:	3.2155139446 seconds	0.0000000000 seconds
Iteration 17:	3.2154781818 seconds	0.0000000000 seconds
Iteration 17:	3.2154769897 seconds	0.0000000000 seconds
Iteration 17:	3.2154769897 seconds	0.0000000000 seconds
Iteration 18:	3.5713160038 seconds	0.0000000000 seconds
Iteration 18:	3.5714850426 seconds	0.0000000000 seconds
Iteration 18:	3.5713491440 seconds	0.0000000000 seconds
Iteration 18:	3.5718288422 seconds	0.0000000000 seconds
Iteration 18:	3.5718479156 seconds	0.0000000000 seconds
Iteration 18:	3.5717911720 seconds	0.0000000000 seconds
Iteration 18:	3.5715131760 seconds	0.0000000000 seconds
Iteration 18:	3.5714550018 seconds	0.0000000000 seconds
Iteration 18:	3.5715100765 seconds	0.0000000000 seconds
Iteration 18:	3.5717780590 seconds	0.0000000000 seconds
Iteration 18:	3.5717768669 seconds	0.0000000000 seconds
Iteration 18:	3.5716328621 seconds	0.0000000000 seconds
Iteration 18:	3.5717649460 seconds	0.0000000000 seconds
Iteration 18:	3.5714519024 seconds	0.0000000000 seconds
Iteration 18:	3.5714380741 seconds	0.0000000000 seconds
Iteration 18:	3.5715351105 seconds	0.0000000000 seconds
Iteration 18:	3.5715231895 seconds	0.0000000000 seconds
Iteration 18:	3.5715339184 seconds	0.0000011921 seconds
Iteration 18:	3.5714688301 seconds	0.0000000000 seconds
Iteration 18:	3.5715599060 seconds	0.0000000000 seconds
Iteration 18:	3.5716531277 seconds	0.0000000000 seconds
Iteration 18:	3.5716199875 seconds	0.0000000000 seconds
Iteration 18:	3.5716199875 seconds	0.0000000000 seconds
Iteration 18:	3.5716259480 seconds	0.0000000000 seconds
Iteration 18:	3.5716750622 seconds	0.0000000000 seconds
Iteration 18:	3.5716400146 seconds	0.0000000000 seconds
Iteration 18:	3.5716619492 seconds	0.0000000000 seconds
Iteration 18:	3.5715949535 seconds	0.0000000000 seconds
Iteration 18:	3.5716290474 seconds	0.0000000000 seconds
Iteration 18:	3.5716190338 seconds	0.0000000000 seconds
Iteration 18:	3.5716710091 seconds	0.0000000000 seconds
Iteration 18:	3.5715961456 seconds	0.0000000000 seconds
Iteration 18:	3.5716409683 seconds	0.0000000000 seconds
Iteration 18:	3.5716118813 seconds	0.0000000000 seconds
Iteration 18:	3.5716249943 seconds	0.0000000000 seconds
Iteration 18:	3.5716109276 seconds	0.0000000000 seconds
Iteration 18:	3.5716569424 seconds	0.0000000000 seconds
Iteration 18:	3.5716779232 seconds	0.0000000000 seconds
Iteration 18:	3.5716791153 seconds	0.0000000000 seconds
Iteration 18:	3.5716810226 seconds	0.0000000000 seconds
Iteration 18:	3.5717070103 seconds	0.0000000000 seconds
Iteration 18:	3.5716969967 seconds	0.0000000000 seconds
Iteration 18:	3.5717279911 seconds	0.0000000000 seconds
Iteration 18:	3.5716881752 seconds	0.0000000000 seconds
Iteration 18:	3.5717589855 seconds	0.0000000000 seconds
Iteration 18:	3.5715191364 seconds	0.0000000000 seconds
Iteration 18:	3.5715529919 seconds	0.0000000000 seconds
Iteration 18:	3.5715398788 seconds	0.0000000000 seconds
Iteration 18:	3.5715677738 seconds	0.0000000000 seconds
Iteration 18:	3.5717701912 seconds	0.0000000000 seconds
Iteration 18:	3.5717699528 seconds	0.0000000000 seconds
Iteration 18:	3.5717949867 seconds	0.0000000000 seconds
Iteration 18:	3.5717458725 seconds	0.0000000000 seconds
Iteration 18:	3.5717840195 seconds	0.0000000000 seconds
Iteration 18:	3.5717129707 seconds	0.0000000000 seconds
Iteration 18:	3.5717380047 seconds	0.0000000000 seconds
Iteration 18:	3.5717010498 seconds	0.0000000000 seconds
Iteration 18:	3.5717298985 seconds	0.0000000000 seconds
Iteration 18:	3.5717279911 seconds	0.0000000000 seconds
Iteration 18:	3.5717298985 seconds	0.0000000000 seconds
Iteration 19:	3.2153830528 seconds	0.0000000000 seconds
Iteration 19:	3.2153570652 seconds	0.0000000000 seconds
Iteration 19:	3.2155921459 seconds	0.0000000000 seconds
Iteration 19:	3.2153549194 seconds	0.0000000000 seconds
Iteration 19:	3.2156839371 seconds	0.0000000000 seconds
Iteration 19:	3.2153220177 seconds	0.0000000000 seconds
Iteration 19:	3.2156460285 seconds	0.0000000000 seconds
Iteration 19:	3.2154889107 seconds	0.0000000000 seconds
Iteration 19:	3.2153401375 seconds	0.0000000000 seconds
Iteration 19:	3.2155461311 seconds	0.0000000000 seconds
Iteration 19:	3.2154998779 seconds	0.0000000000 seconds
Iteration 19:	3.2153868675 seconds	0.0000000000 seconds
Iteration 19:	3.2155029774 seconds	0.0000000000 seconds
Iteration 19:	3.2154698372 seconds	0.0000000000 seconds
Iteration 19:	3.2152340412 seconds	0.0000000000 seconds
Iteration 19:	3.2153201103 seconds	0.0000000000 seconds
Iteration 19:	3.2155249119 seconds	0.0000000000 seconds
Iteration 19:	3.2153000832 seconds	0.0000000000 seconds
Iteration 19:	3.2152898312 seconds	0.0000000000 seconds
Iteration 19:	3.2154078484 seconds	0.0000000000 seconds
Iteration 19:	3.2152628899 seconds	0.0000000000 seconds
Iteration 19:	3.2153160572 seconds	0.0000000000 seconds
Iteration 19:	3.2152929306 seconds	0.0000000000 seconds
Iteration 19:	3.2153501511 seconds	0.0000000000 seconds
Iteration 19:	3.2153670788 seconds	0.0000009537 seconds
Iteration 19:	3.2153670788 seconds	0.0000000000 seconds
Total computation time was: 67.931691		Average frame time was: 3.396578		Average Particle interations per second were: -222248280.667342
Iteration 19:	3.2152938843 seconds	0.0000000000 seconds
Iteration 19:	3.2153551579 seconds	0.0000000000 seconds
Iteration 19:	3.2152979374 seconds	0.0000000000 seconds
Iteration 19:	3.2154400349 seconds	0.0000000000 seconds
Iteration 19:	3.2155761719 seconds	0.0000000000 seconds
Iteration 19:	3.2155508995 seconds	0.0000000000 seconds
Iteration 19:	3.2154951096 seconds	0.0000000000 seconds
Iteration 19:	3.2154729366 seconds	0.0000000000 seconds
Iteration 19:	3.2155430317 seconds	0.0000000000 seconds
Iteration 19:	3.2155439854 seconds	0.0000000000 seconds
Iteration 19:	3.2154769897 seconds	0.0000000000 seconds
Iteration 19:	3.2154610157 seconds	0.0000000000 seconds
Iteration 19:	3.2155039310 seconds	0.0000000000 seconds
Iteration 19:	3.2154481411 seconds	0.0000000000 seconds
Iteration 19:	3.2154479027 seconds	0.0000000000 seconds
Iteration 19:	3.2154209614 seconds	0.0000000000 seconds
Iteration 19:	3.2154681683 seconds	0.0000000000 seconds
Iteration 19:	3.2153899670 seconds	0.0000000000 seconds
Iteration 19:	3.2154581547 seconds	0.0000000000 seconds
Iteration 19:	3.2154049873 seconds	0.0000000000 seconds
Iteration 19:	3.2154428959 seconds	0.0000000000 seconds
Iteration 19:	3.2153751850 seconds	0.0000000000 seconds
Iteration 19:	3.2154409885 seconds	0.0000000000 seconds
Iteration 19:	3.2152101994 seconds	0.0000000000 seconds
Iteration 19:	3.2151839733 seconds	0.0000000000 seconds
Iteration 19:	3.2151870728 seconds	0.0000000000 seconds
Iteration 19:	3.2151908875 seconds	0.0000000000 seconds
Iteration 19:	3.2151949406 seconds	0.0000000000 seconds
Iteration 19:	3.2152380943 seconds	0.0000000000 seconds
Iteration 19:	3.2152180672 seconds	0.0000000000 seconds
Iteration 19:	3.2152428627 seconds	0.0000000000 seconds
Iteration 19:	3.2152409554 seconds	0.0000000000 seconds
Iteration 19:	3.2152569294 seconds	0.0000000000 seconds
Iteration 19:	3.2152538300 seconds	0.0000011921 seconds
