[ -1:000]                : Rank 7 is running on comet-25-62.sdsc.edu
[ -1:000]                : Rank 1 is running on comet-25-62.sdsc.edu
[ -1:000]                : Rank 5 is running on comet-25-62.sdsc.edu
[  7:001] init_pprintf   : My dest: 0	My source: 6	My_num_part: 2040
[  1:001] init_pprintf   : My dest: 2	My source: 0	My_num_part: 2040
[  5:001] init_pprintf   : My dest: 6	My source: 4	My_num_part: 2040
[ -1:000]                : Rank 3 is running on comet-25-62.sdsc.edu
[  3:001] init_pprintf   : My dest: 4	My source: 2	My_num_part: 2040
[ -1:000]                : Rank 2 is running on comet-25-62.sdsc.edu
[ -1:000]                : Rank 4 is running on comet-25-62.sdsc.edu
[ -1:000]                : Rank 0 is running on comet-25-62.sdsc.edu
[ -1:000]                : Rank 6 is running on comet-25-62.sdsc.edu
[  2:001] init_pprintf   : My dest: 3	My source: 1	My_num_part: 2040
[  0:001] init_pprintf   : My dest: 1	My source: 7	My_num_part: 2040
[  4:001] init_pprintf   : My dest: 5	My source: 3	My_num_part: 2040
[  6:001] init_pprintf   : My dest: 7	My source: 5	My_num_part: 2040
Initalizing particles linear on 14280 to 16320
Initalizing particles linear on 10200 to 12240
Initalizing particles linear on 2040 to 4080
Initalizing particles linear on 6120 to 8160
Initalizing particles linear on 4080 to 6120
Initalizing particles linear on 0 to 2040
Initalizing particles linear on 8160 to 10200
Initalizing particles linear on 12240 to 14280
Iteration 0:	0.4208121300 seconds	0.0000000000 seconds
Iteration 0:	0.4208090305 seconds	0.0000009537 seconds
Iteration 0:	0.4209458828 seconds	0.0000000000 seconds
Iteration 0:	0.4213278294 seconds	0.0000000000 seconds
Iteration 0:	0.4213609695 seconds	0.0000000000 seconds
Iteration 0:	0.4214591980 seconds	0.0000000000 seconds
Iteration 0:	0.4214601517 seconds	0.0000000000 seconds
Iteration 0:	0.4214830399 seconds	0.0000000000 seconds
Iteration 1:	0.3876550198 seconds	0.0000000000 seconds
Iteration 1:	0.3877558708 seconds	0.0000000000 seconds
Iteration 1:	0.3876497746 seconds	0.0000000000 seconds
Iteration 1:	0.3874478340 seconds	0.0000000000 seconds
Iteration 1:	0.3874468803 seconds	0.0000009537 seconds
Iteration 1:	0.3875610828 seconds	0.0000000000 seconds
Iteration 1:	0.3875620365 seconds	0.0000000000 seconds
Iteration 1:	0.3875601292 seconds	0.0000000000 seconds
Iteration 2:	0.4178421497 seconds	0.0000000000 seconds
Iteration 2:	0.4179439545 seconds	0.0000000000 seconds
Iteration 2:	0.4179441929 seconds	0.0000000000 seconds
Iteration 2:	0.4181320667 seconds	0.0000000000 seconds
Iteration 2:	0.4181308746 seconds	0.0000000000 seconds
Iteration 2:	0.4180619717 seconds	0.0000000000 seconds
Iteration 2:	0.4180610180 seconds	0.0000000000 seconds
Iteration 2:	0.4180600643 seconds	0.0000000000 seconds
Iteration 3:	0.3872840405 seconds	0.0000000000 seconds
Iteration 3:	0.3872010708 seconds	0.0000000000 seconds
Iteration 3:	0.3872268200 seconds	0.0000000000 seconds
Iteration 3:	0.3870000839 seconds	0.0000000000 seconds
Iteration 3:	0.3870000839 seconds	0.0000000000 seconds
Iteration 3:	0.3870308399 seconds	0.0000000000 seconds
Iteration 3:	0.3870310783 seconds	0.0000009537 seconds
Iteration 3:	0.3870301247 seconds	0.0000000000 seconds
Iteration 4:	0.4175920486 seconds	0.0000000000 seconds
Iteration 4:	0.4174489975 seconds	0.0000000000 seconds
Iteration 4:	0.4174840450 seconds	0.0000000000 seconds
Iteration 4:	0.4177331924 seconds	0.0000000000 seconds
Iteration 4:	0.4177331924 seconds	0.0000000000 seconds
Iteration 4:	0.4175801277 seconds	0.0000000000 seconds
Iteration 4:	0.4175798893 seconds	0.0000000000 seconds
Iteration 4:	0.4175810814 seconds	0.0000009537 seconds
Iteration 5:	0.3874120712 seconds	0.0000000000 seconds
Iteration 5:	0.3875429630 seconds	0.0000000000 seconds
Iteration 5:	0.3874828815 seconds	0.0000000000 seconds
Iteration 5:	0.3872418404 seconds	0.0000000000 seconds
Iteration 5:	0.3872427940 seconds	0.0000000000 seconds
Iteration 5:	0.3873610497 seconds	0.0000000000 seconds
Iteration 5:	0.3873629570 seconds	0.0000000000 seconds
Iteration 5:	0.3873629570 seconds	0.0000000000 seconds
Iteration 6:	0.4174928665 seconds	0.0000000000 seconds
Iteration 6:	0.4176778793 seconds	0.0000000000 seconds
Iteration 6:	0.4176249504 seconds	0.0000000000 seconds
Iteration 6:	0.4177610874 seconds	0.0000000000 seconds
Iteration 6:	0.4177620411 seconds	0.0000000000 seconds
Iteration 6:	0.4176650047 seconds	0.0000000000 seconds
Iteration 6:	0.4176659584 seconds	0.0000000000 seconds
Iteration 6:	0.4176650047 seconds	0.0000000000 seconds
Iteration 7:	0.3896410465 seconds	0.0000000000 seconds
Iteration 7:	0.3895099163 seconds	0.0000000000 seconds
Iteration 7:	0.3895919323 seconds	0.0000009537 seconds
Iteration 7:	0.3895289898 seconds	0.0000000000 seconds
Iteration 7:	0.3894720078 seconds	0.0000000000 seconds
Iteration 7:	0.3895590305 seconds	0.0000000000 seconds
Iteration 7:	0.3896288872 seconds	0.0000000000 seconds
Iteration 7:	0.3895618916 seconds	0.0000000000 seconds
Iteration 8:	0.4175951481 seconds	0.0000000000 seconds
Iteration 8:	0.4176740646 seconds	0.0000000000 seconds
Iteration 8:	0.4177260399 seconds	0.0000000000 seconds
Iteration 8:	0.4177880287 seconds	0.0000009537 seconds
Iteration 8:	0.4176990986 seconds	0.0000000000 seconds
Iteration 8:	0.4178640842 seconds	0.0000000000 seconds
Iteration 8:	0.4177610874 seconds	0.0000000000 seconds
Iteration 8:	0.4177629948 seconds	0.0000000000 seconds
Iteration 9:	0.3872759342 seconds	0.0000000000 seconds
Iteration 9:	0.3873779774 seconds	0.0000000000 seconds
Iteration 9:	0.3872468472 seconds	0.0000000000 seconds
Iteration 9:	0.3871159554 seconds	0.0000000000 seconds
Iteration 9:	0.3871169090 seconds	0.0000000000 seconds
Iteration 9:	0.3870790005 seconds	0.0000000000 seconds
Iteration 9:	0.3870809078 seconds	0.0000000000 seconds
Iteration 9:	0.3870809078 seconds	0.0000000000 seconds
Iteration 10:	0.4175250530 seconds	0.0000000000 seconds
Iteration 10:	0.4175271988 seconds	0.0000000000 seconds
Iteration 10:	0.4175388813 seconds	0.0000000000 seconds
Iteration 10:	0.4178020954 seconds	0.0000000000 seconds
Iteration 10:	0.4178020954 seconds	0.0000000000 seconds
Iteration 10:	0.4178268909 seconds	0.0000000000 seconds
Iteration 10:	0.4178259373 seconds	0.0000000000 seconds
Iteration 10:	0.4178259373 seconds	0.0000000000 seconds
Iteration 11:	0.3874690533 seconds	0.0000000000 seconds
Iteration 11:	0.3874650002 seconds	0.0000000000 seconds
Iteration 11:	0.3874762058 seconds	0.0000000000 seconds
Iteration 11:	0.3871648312 seconds	0.0000000000 seconds
Iteration 11:	0.3871638775 seconds	0.0000000000 seconds
Iteration 11:	0.3871860504 seconds	0.0000000000 seconds
Iteration 11:	0.3872368336 seconds	0.0000000000 seconds
Iteration 11:	0.3872380257 seconds	0.0000000000 seconds
Iteration 12:	0.4173607826 seconds	0.0000000000 seconds
Iteration 12:	0.4173760414 seconds	0.0000000000 seconds
Iteration 12:	0.4173769951 seconds	0.0000009537 seconds
Iteration 12:	0.4172289371 seconds	0.0000000000 seconds
Iteration 12:	0.4172639847 seconds	0.0000000000 seconds
Iteration 12:	0.4173030853 seconds	0.0000000000 seconds
Iteration 12:	0.4172780514 seconds	0.0000000000 seconds
Iteration 12:	0.4172770977 seconds	0.0000000000 seconds
Iteration 13:	0.3912088871 seconds	0.0000000000 seconds
Iteration 13:	0.3913080692 seconds	0.0000000000 seconds
Iteration 13:	0.3913531303 seconds	0.0000000000 seconds
Iteration 13:	0.3912870884 seconds	0.0000000000 seconds
Iteration 13:	0.3912589550 seconds	0.0000000000 seconds
Iteration 13:	0.3913521767 seconds	0.0000000000 seconds
Iteration 13:	0.3913021088 seconds	0.0000000000 seconds
Iteration 13:	0.3913030624 seconds	0.0000000000 seconds
Iteration 14:	0.4211020470 seconds	0.0000000000 seconds
Iteration 14:	0.4210970402 seconds	0.0000000000 seconds
Iteration 14:	0.4210979939 seconds	0.0000000000 seconds
Iteration 14:	0.4216201305 seconds	0.0000000000 seconds
Iteration 14:	0.4216189384 seconds	0.0000000000 seconds
Iteration 14:	0.4217000008 seconds	0.0000000000 seconds
Iteration 14:	0.4216990471 seconds	0.0000000000 seconds
Iteration 14:	0.4216530323 seconds	0.0000000000 seconds
Iteration 15:	0.3906579018 seconds	0.0000000000 seconds
Iteration 15:	0.3906400204 seconds	0.0000000000 seconds
Iteration 15:	0.3906400204 seconds	0.0000000000 seconds
Iteration 15:	0.3906109333 seconds	0.0000000000 seconds
Iteration 15:	0.3906111717 seconds	0.0000000000 seconds
Iteration 15:	0.3907051086 seconds	0.0000000000 seconds
Iteration 15:	0.3907399178 seconds	0.0000000000 seconds
Iteration 15:	0.3907399178 seconds	0.0000000000 seconds
Iteration 16:	0.4210150242 seconds	0.0000000000 seconds
Iteration 16:	0.4211158752 seconds	0.0000000000 seconds
Iteration 16:	0.4212219715 seconds	0.0000000000 seconds
Iteration 16:	0.4211330414 seconds	0.0000000000 seconds
Iteration 16:	0.4211249352 seconds	0.0000000000 seconds
Iteration 16:	0.4212729931 seconds	0.0000000000 seconds
Iteration 16:	0.4212720394 seconds	0.0000000000 seconds
Iteration 16:	0.4211759567 seconds	0.0000000000 seconds
Iteration 17:	0.3909449577 seconds	0.0000000000 seconds
Iteration 17:	0.3909208775 seconds	0.0000000000 seconds
Iteration 17:	0.3910479546 seconds	0.0000000000 seconds
Iteration 17:	0.3908898830 seconds	0.0000000000 seconds
Iteration 17:	0.3908889294 seconds	0.0000000000 seconds
Iteration 17:	0.3909840584 seconds	0.0000000000 seconds
Iteration 17:	0.3909831047 seconds	0.0000000000 seconds
Iteration 17:	0.3909420967 seconds	0.0000000000 seconds
Iteration 18:	0.4216461182 seconds	0.0000000000 seconds
Iteration 18:	0.4217739105 seconds	0.0000000000 seconds
Iteration 18:	0.4218959808 seconds	0.0000009537 seconds
Iteration 18:	0.4217150211 seconds	0.0000000000 seconds
Iteration 18:	0.4217150211 seconds	0.0000000000 seconds
Iteration 18:	0.4217681885 seconds	0.0000000000 seconds
Iteration 18:	0.4217669964 seconds	0.0000000000 seconds
Iteration 18:	0.4217681885 seconds	0.0000000000 seconds
Iteration 19:	0.3866271973 seconds	0.0000000000 seconds
Iteration 19:	0.3865189552 seconds	0.0000000000 seconds
Iteration 19:	0.3866460323 seconds	0.0000000000 seconds
Iteration 19:	0.3859989643 seconds	0.0000000000 seconds
Iteration 19:	0.3859221935 seconds	0.0000000000 seconds
Iteration 19:	0.3860969543 seconds	0.0000000000 seconds
Iteration 19:	0.3861000538 seconds	0.0000000000 seconds
Iteration 19:	0.3862049580 seconds	0.0000000000 seconds
Iteration 20:	0.4167690277 seconds	0.0000000000 seconds
Iteration 20:	0.4166848660 seconds	0.0000000000 seconds
Iteration 20:	0.4166929722 seconds	0.0000000000 seconds
Iteration 20:	0.4166579247 seconds	0.0000000000 seconds
Iteration 20:	0.4166350365 seconds	0.0000000000 seconds
Iteration 20:	0.4164998531 seconds	0.0000000000 seconds
Iteration 20:	0.4164988995 seconds	0.0000000000 seconds
Iteration 20:	0.4165000916 seconds	0.0000009537 seconds
Iteration 21:	0.3862330914 seconds	0.0000000000 seconds
Iteration 21:	0.3863658905 seconds	0.0000000000 seconds
Iteration 21:	0.3862578869 seconds	0.0000000000 seconds
Iteration 21:	0.3863849640 seconds	0.0000000000 seconds
Iteration 21:	0.3862760067 seconds	0.0000000000 seconds
Iteration 21:	0.3863852024 seconds	0.0000000000 seconds
Iteration 21:	0.3863868713 seconds	0.0000000000 seconds
Iteration 21:	0.3863868713 seconds	0.0000000000 seconds
Iteration 22:	0.4152588844 seconds	0.0000000000 seconds
Iteration 22:	0.4154570103 seconds	0.0000000000 seconds
Iteration 22:	0.4154570103 seconds	0.0000000000 seconds
Iteration 22:	0.4154610634 seconds	0.0000000000 seconds
Iteration 22:	0.4154589176 seconds	0.0000000000 seconds
Iteration 22:	0.4153900146 seconds	0.0000000000 seconds
Iteration 22:	0.4153881073 seconds	0.0000000000 seconds
Iteration 22:	0.4153881073 seconds	0.0000000000 seconds
Iteration 23:	0.3850190639 seconds	0.0000000000 seconds
Iteration 23:	0.3850390911 seconds	0.0000000000 seconds
Iteration 23:	0.3850390911 seconds	0.0000000000 seconds
Iteration 23:	0.3850200176 seconds	0.0000000000 seconds
Iteration 23:	0.3850200176 seconds	0.0000000000 seconds
Iteration 23:	0.3852331638 seconds	0.0000000000 seconds
Iteration 23:	0.3852341175 seconds	0.0000000000 seconds
Iteration 23:	0.3852310181 seconds	0.0000000000 seconds
Iteration 24:	0.4155468941 seconds	0.0000000000 seconds
Iteration 24:	0.4159989357 seconds	0.0000000000 seconds
Iteration 24:	0.4155831337 seconds	0.0000000000 seconds
Iteration 24:	0.4158430099 seconds	0.0000000000 seconds
Iteration 24:	0.4155409336 seconds	0.0000000000 seconds
Iteration 24:	0.4158802032 seconds	0.0000000000 seconds
Iteration 24:	0.4155790806 seconds	0.0000000000 seconds
Iteration 24:	0.4155800343 seconds	0.0000009537 seconds
Iteration 25:	0.3869149685 seconds	0.0000000000 seconds
Iteration 25:	0.3870639801 seconds	0.0000000000 seconds
Iteration 25:	0.3870639801 seconds	0.0000000000 seconds
Iteration 25:	0.3869438171 seconds	0.0000000000 seconds
Iteration 25:	0.3869531155 seconds	0.0000000000 seconds
Iteration 25:	0.3871200085 seconds	0.0000000000 seconds
Iteration 25:	0.3870801926 seconds	0.0000000000 seconds
Iteration 25:	0.3870790005 seconds	0.0000000000 seconds
Iteration 26:	0.4156389236 seconds	0.0000000000 seconds
Iteration 26:	0.4154548645 seconds	0.0000000000 seconds
Iteration 26:	0.4154558182 seconds	0.0000000000 seconds
Iteration 26:	0.4156389236 seconds	0.0000000000 seconds
Iteration 26:	0.4155120850 seconds	0.0000000000 seconds
Iteration 26:	0.4157280922 seconds	0.0000000000 seconds
Iteration 26:	0.4155519009 seconds	0.0000000000 seconds
Iteration 26:	0.4155499935 seconds	0.0000000000 seconds
Iteration 27:	0.3884088993 seconds	0.0000000000 seconds
Iteration 27:	0.3884589672 seconds	0.0000000000 seconds
Iteration 27:	0.3884589672 seconds	0.0000000000 seconds
Iteration 27:	0.3883769512 seconds	0.0000000000 seconds
Iteration 27:	0.3883790970 seconds	0.0000000000 seconds
Iteration 27:	0.3885250092 seconds	0.0000000000 seconds
Iteration 27:	0.3885231018 seconds	0.0000000000 seconds
Iteration 27:	0.3884840012 seconds	0.0000000000 seconds
Iteration 28:	0.4165899754 seconds	0.0000000000 seconds
Iteration 28:	0.4168190956 seconds	0.0000000000 seconds
Iteration 28:	0.4168980122 seconds	0.0000000000 seconds
Iteration 28:	0.4165339470 seconds	0.0000000000 seconds
Iteration 28:	0.4165329933 seconds	0.0000000000 seconds
Iteration 28:	0.4166738987 seconds	0.0000000000 seconds
Iteration 28:	0.4166789055 seconds	0.0000000000 seconds
Iteration 28:	0.4165661335 seconds	0.0000009537 seconds
Iteration 29:	0.3885750771 seconds	0.0000000000 seconds
Iteration 29:	0.3889348507 seconds	0.0000000000 seconds
Iteration 29:	0.3887062073 seconds	0.0000000000 seconds
Iteration 29:	0.3886530399 seconds	0.0000000000 seconds
Iteration 29:	0.3886489868 seconds	0.0000000000 seconds
Iteration 29:	0.3887939453 seconds	0.0000000000 seconds
Iteration 29:	0.3887939453 seconds	0.0000000000 seconds
Iteration 29:	0.3887608051 seconds	0.0000000000 seconds
Iteration 30:	0.4173781872 seconds	0.0000000000 seconds
Iteration 30:	0.4173219204 seconds	0.0000000000 seconds
Iteration 30:	0.4173619747 seconds	0.0000000000 seconds
Iteration 30:	0.4176821709 seconds	0.0000000000 seconds
Iteration 30:	0.4176821709 seconds	0.0000000000 seconds
Iteration 30:	0.4176390171 seconds	0.0000000000 seconds
Iteration 30:	0.4176390171 seconds	0.0000000000 seconds
Iteration 30:	0.4176399708 seconds	0.0000000000 seconds
Iteration 31:	0.3868691921 seconds	0.0000000000 seconds
Iteration 31:	0.3869729042 seconds	0.0000000000 seconds
Iteration 31:	0.3869330883 seconds	0.0000000000 seconds
Iteration 31:	0.3866691589 seconds	0.0000000000 seconds
Iteration 31:	0.3866679668 seconds	0.0000000000 seconds
Iteration 31:	0.3866739273 seconds	0.0000000000 seconds
Iteration 31:	0.3866720200 seconds	0.0000000000 seconds
Iteration 31:	0.3866739273 seconds	0.0000000000 seconds
Iteration 32:	0.4179270267 seconds	0.0000000000 seconds
Iteration 32:	0.4178199768 seconds	0.0000000000 seconds
Iteration 32:	0.4178199768 seconds	0.0000000000 seconds
Iteration 32:	0.4180970192 seconds	0.0000000000 seconds
Iteration 32:	0.4181749821 seconds	0.0000000000 seconds
Iteration 32:	0.4180982113 seconds	0.0000009537 seconds
Iteration 32:	0.4181201458 seconds	0.0000000000 seconds
Iteration 32:	0.4181978703 seconds	0.0000000000 seconds
Iteration 33:	0.3872680664 seconds	0.0000000000 seconds
Iteration 33:	0.3872900009 seconds	0.0000000000 seconds
Iteration 33:	0.3872909546 seconds	0.0000000000 seconds
Iteration 33:	0.3871240616 seconds	0.0000000000 seconds
Iteration 33:	0.3871030807 seconds	0.0000000000 seconds
Iteration 33:	0.3871619701 seconds	0.0000000000 seconds
Iteration 33:	0.3871600628 seconds	0.0000000000 seconds
Iteration 33:	0.3871369362 seconds	0.0000000000 seconds
Iteration 34:	0.4148459435 seconds	0.0000000000 seconds
Iteration 34:	0.4150390625 seconds	0.0000000000 seconds
Iteration 34:	0.4149692059 seconds	0.0000000000 seconds
Iteration 34:	0.4146199226 seconds	0.0000000000 seconds
Iteration 34:	0.4146618843 seconds	0.0000000000 seconds
Iteration 34:	0.4147949219 seconds	0.0000000000 seconds
Iteration 34:	0.4147598743 seconds	0.0000000000 seconds
Iteration 34:	0.4147608280 seconds	0.0000000000 seconds
Total computation time was: 14.117100		Average frame time was: 0.403341		Average Particle interations per second were: 660341308.207941
