[ -1:000]                : Rank 0 is running on comet-04-54.sdsc.edu
[ -1:000]                : Rank 1 is running on comet-04-54.sdsc.edu
[  1:001] init_pprintf   : My dest: 0	My source: 0	My_num_part: 8160
[  0:001] init_pprintf   : My dest: 1	My source: 1	My_num_part: 8160
Initalizing particles linear on 0 to 8160
Initalizing particles linear on 8160 to 16320
Iteration 0:	0.4352970123 seconds	0.0000000000 seconds
Iteration 0:	0.4354121685 seconds	0.0000000000 seconds
Iteration 1:	0.1627449989 seconds	0.0000000000 seconds
Iteration 1:	0.1627440453 seconds	0.0000009537 seconds
Iteration 2:	0.1627528667 seconds	0.0000000000 seconds
Iteration 2:	0.1627497673 seconds	0.0000000000 seconds
Iteration 3:	0.1630039215 seconds	0.0000000000 seconds
Iteration 3:	0.1630039215 seconds	0.0000000000 seconds
Iteration 4:	0.1627309322 seconds	0.0000000000 seconds
Iteration 4:	0.1627318859 seconds	0.0000000000 seconds
Iteration 5:	0.1627080441 seconds	0.0000000000 seconds
Iteration 5:	0.1627058983 seconds	0.0000000000 seconds
Iteration 6:	0.1627099514 seconds	0.0000000000 seconds
Iteration 6:	0.1627080441 seconds	0.0000000000 seconds
Iteration 7:	0.1628708839 seconds	0.0000000000 seconds
Iteration 7:	0.1628699303 seconds	0.0000000000 seconds
Iteration 8:	0.1628460884 seconds	0.0000000000 seconds
Iteration 8:	0.1628460884 seconds	0.0000000000 seconds
Iteration 9:	0.1630270481 seconds	0.0000000000 seconds
Iteration 9:	0.1630251408 seconds	0.0000000000 seconds
Iteration 10:	0.1628420353 seconds	0.0000000000 seconds
Iteration 10:	0.1628439426 seconds	0.0000000000 seconds
Iteration 11:	0.1627750397 seconds	0.0000000000 seconds
Iteration 11:	0.1627731323 seconds	0.0000000000 seconds
Iteration 12:	0.1627650261 seconds	0.0000000000 seconds
Iteration 12:	0.1627650261 seconds	0.0000000000 seconds
Iteration 13:	0.1631710529 seconds	0.0000000000 seconds
Iteration 13:	0.1631710529 seconds	0.0000000000 seconds
Iteration 14:	0.1635189056 seconds	0.0000000000 seconds
Iteration 14:	0.1635160446 seconds	0.0000000000 seconds
Iteration 15:	0.1627731323 seconds	0.0000000000 seconds
Iteration 15:	0.1627740860 seconds	0.0000000000 seconds
Iteration 16:	0.1628098488 seconds	0.0000000000 seconds
Iteration 16:	0.1628119946 seconds	0.0000000000 seconds
Iteration 17:	0.1627550125 seconds	0.0000000000 seconds
Iteration 17:	0.1627550125 seconds	0.0000000000 seconds
Iteration 18:	0.1627540588 seconds	0.0000000000 seconds
Iteration 18:	0.1627519131 seconds	0.0000000000 seconds
Iteration 19:	0.1627469063 seconds	0.0000000000 seconds
Iteration 19:	0.1627459526 seconds	0.0000000000 seconds
Iteration 20:	0.1629469395 seconds	0.0000000000 seconds
Iteration 20:	0.1629459858 seconds	0.0000000000 seconds
Iteration 21:	0.1627600193 seconds	0.0000000000 seconds
Iteration 21:	0.1627559662 seconds	0.0000000000 seconds
Iteration 22:	0.1627688408 seconds	0.0000000000 seconds
Iteration 22:	0.1627700329 seconds	0.0000000000 seconds
Iteration 23:	0.1627511978 seconds	0.0000000000 seconds
Iteration 23:	0.1627480984 seconds	0.0000000000 seconds
Iteration 24:	0.1627490520 seconds	0.0000000000 seconds
Iteration 24:	0.1627478600 seconds	0.0000000000 seconds
Iteration 25:	0.1629631519 seconds	0.0000000000 seconds
Iteration 25:	0.1629631519 seconds	0.0000000000 seconds
Iteration 26:	0.1627531052 seconds	0.0000000000 seconds
Iteration 26:	0.1627531052 seconds	0.0000000000 seconds
Iteration 27:	0.1627609730 seconds	0.0000000000 seconds
Iteration 27:	0.1627609730 seconds	0.0000000000 seconds
Iteration 28:	0.1628968716 seconds	0.0000000000 seconds
Iteration 28:	0.1628949642 seconds	0.0000000000 seconds
Iteration 29:	0.1627278328 seconds	0.0000000000 seconds
Iteration 29:	0.1627278328 seconds	0.0000000000 seconds
Iteration 30:	0.1627280712 seconds	0.0000000000 seconds
Iteration 30:	0.1627259254 seconds	0.0000000000 seconds
Iteration 31:	0.1628990173 seconds	0.0000000000 seconds
Iteration 31:	0.1628990173 seconds	0.0000000000 seconds
Iteration 32:	0.1627249718 seconds	0.0000000000 seconds
Iteration 32:	0.1627271175 seconds	0.0000000000 seconds
Iteration 33:	0.1627140045 seconds	0.0000000000 seconds
Iteration 33:	0.1627130508 seconds	0.0000009537 seconds
Iteration 34:	0.1627230644 seconds	0.0000000000 seconds
Iteration 34:	0.1627230644 seconds	0.0000000000 seconds
Total computation time was: 5.971769		Average frame time was: 0.170616		Average Particle interations per second were: 1561063627.329529
