[ -1:000]                : Rank 23 is running on comet-29-34.sdsc.edu
[ -1:000]                : Rank 15 is running on comet-29-34.sdsc.edu
[ -1:000]                : Rank 22 is running on comet-29-34.sdsc.edu
[ 22:001] init_pprintf   : My dest: 23	My source: 21	My_num_part: 1340
[ 15:001] init_pprintf   : My dest: 16	My source: 14	My_num_part: 1340
[ -1:000]                : Rank 12 is running on comet-29-34.sdsc.edu
[ -1:000]                : Rank 19 is running on comet-29-34.sdsc.edu
[ 12:001] init_pprintf   : My dest: 13	My source: 11	My_num_part: 1340
[ 19:001] init_pprintf   : My dest: 20	My source: 18	My_num_part: 1340
[ -1:000]                : Rank 18 is running on comet-29-34.sdsc.edu
[ -1:000]                : Rank 17 is running on comet-29-34.sdsc.edu
[ 23:001] init_pprintf   : My dest: 0	My source: 22	My_num_part: 1340
[ 17:001] init_pprintf   : My dest: 18	My source: 16	My_num_part: 1340
[ -1:000]                : Rank 16 is running on comet-29-34.sdsc.edu
[ -1:000]                : Rank 14 is running on comet-29-34.sdsc.edu
[ 16:001] init_pprintf   : My dest: 17	My source: 15	My_num_part: 1340
[ 14:001] init_pprintf   : My dest: 15	My source: 13	My_num_part: 1340
[ -1:000]                : Rank 13 is running on comet-29-34.sdsc.edu
[ -1:000]                : Rank 20 is running on comet-29-34.sdsc.edu
[ 13:001] init_pprintf   : My dest: 14	My source: 12	My_num_part: 1340
[ 20:001] init_pprintf   : My dest: 21	My source: 19	My_num_part: 1340
[ -1:000]                : Rank 21 is running on comet-29-34.sdsc.edu
[ -1:000]                : Rank 0 is running on comet-29-34.sdsc.edu
[ -1:000]                : Rank 6 is running on comet-29-34.sdsc.edu
[ -1:000]                : Rank 7 is running on comet-29-34.sdsc.edu
[ 21:001] init_pprintf   : My dest: 22	My source: 20	My_num_part: 1340
[ -1:000]                : Rank 2 is running on comet-29-34.sdsc.edu
[  0:001] init_pprintf   : My dest: 1	My source: 23	My_num_part: 1340
[ -1:000]                : Rank 11 is running on comet-29-34.sdsc.edu
[  7:001] init_pprintf   : My dest: 8	My source: 6	My_num_part: 1340
[  6:001] init_pprintf   : My dest: 7	My source: 5	My_num_part: 1340
[ -1:000]                : Rank 9 is running on comet-29-34.sdsc.edu
[ -1:000]                : Rank 5 is running on comet-29-34.sdsc.edu
[ -1:000]                : Rank 8 is running on comet-29-34.sdsc.edu
[  2:001] init_pprintf   : My dest: 3	My source: 1	My_num_part: 1340
[ 11:001] init_pprintf   : My dest: 12	My source: 10	My_num_part: 1340
[ -1:000]                : Rank 10 is running on comet-29-34.sdsc.edu
[ -1:000]                : Rank 3 is running on comet-29-34.sdsc.edu
[  9:001] init_pprintf   : My dest: 10	My source: 8	My_num_part: 1340
[  5:001] init_pprintf   : My dest: 6	My source: 4	My_num_part: 1340
[ -1:000]                : Rank 4 is running on comet-29-34.sdsc.edu
[ 10:001] init_pprintf   : My dest: 11	My source: 9	My_num_part: 1340
[  8:001] init_pprintf   : My dest: 9	My source: 7	My_num_part: 1340
[  3:001] init_pprintf   : My dest: 4	My source: 2	My_num_part: 1340
[  4:001] init_pprintf   : My dest: 5	My source: 3	My_num_part: 1340
[ 18:001] init_pprintf   : My dest: 19	My source: 17	My_num_part: 1340
[ -1:000]                : Rank 1 is running on comet-29-34.sdsc.edu
Initalizing particles linear on 20100 to 21440
Initalizing particles linear on 25460 to 26800
Initalizing particles linear on 16080 to 17420
Initalizing particles linear on 29480 to 30820
[  1:001] init_pprintf   : My dest: 2	My source: 0	My_num_part: 1340
Initalizing particles linear on 30820 to 32160
Initalizing particles linear on 22780 to 24120
Initalizing particles linear on 21440 to 22780
Initalizing particles linear on 18760 to 20100
Initalizing particles linear on 17420 to 18760
Initalizing particles linear on 26800 to 28140
Initalizing particles linear on 12060 to 13400
Initalizing particles linear on 13400 to 14740
Initalizing particles linear on 28140 to 29480
Initalizing particles linear on 10720 to 12060
Initalizing particles linear on 8040 to 9380
Initalizing particles linear on 9380 to 10720
Initalizing particles linear on 2680 to 4020
Initalizing particles linear on 6700 to 8040
Initalizing particles linear on 0 to 1340
Initalizing particles linear on 4020 to 5360
Initalizing particles linear on 5360 to 6700
Initalizing particles linear on 14740 to 16080
Initalizing particles linear on 24120 to 25460
Initalizing particles linear on 1340 to 2680
Iteration 0:	0.5545690060 seconds	0.0000000000 seconds
Iteration 0:	0.5545790195 seconds	0.0000000000 seconds
Iteration 0:	0.5545408726 seconds	0.0000000000 seconds
Iteration 0:	0.5546290874 seconds	0.0000000000 seconds
Iteration 0:	0.5546200275 seconds	0.0000000000 seconds
Iteration 0:	0.5547130108 seconds	0.0000000000 seconds
Iteration 0:	0.5547101498 seconds	0.0000000000 seconds
Iteration 0:	0.5546131134 seconds	0.0000000000 seconds
Iteration 0:	0.5546569824 seconds	0.0000000000 seconds
Iteration 0:	0.5546882153 seconds	0.0000009537 seconds
Iteration 0:	0.5546410084 seconds	0.0000000000 seconds
Iteration 0:	0.5545589924 seconds	0.0000000000 seconds
Iteration 0:	0.5546607971 seconds	0.0000000000 seconds
Iteration 0:	0.5547828674 seconds	0.0000000000 seconds
Iteration 0:	0.5547039509 seconds	0.0000009537 seconds
Iteration 0:	0.5547070503 seconds	0.0000000000 seconds
Iteration 0:	0.5547168255 seconds	0.0000000000 seconds
Iteration 0:	0.5547230244 seconds	0.0000000000 seconds
Iteration 0:	0.5547449589 seconds	0.0000000000 seconds
Iteration 0:	0.5548770428 seconds	0.0000000000 seconds
Iteration 0:	0.5548319817 seconds	0.0000000000 seconds
Iteration 0:	0.5548841953 seconds	0.0000000000 seconds
Iteration 0:	0.5548789501 seconds	0.0000000000 seconds
Iteration 0:	0.5545611382 seconds	0.0000000000 seconds
Iteration 1:	0.5146889687 seconds	0.0000000000 seconds
Iteration 1:	0.5147061348 seconds	0.0000000000 seconds
Iteration 1:	0.5147249699 seconds	0.0000000000 seconds
Iteration 1:	0.5147531033 seconds	0.0000000000 seconds
Iteration 1:	0.5147819519 seconds	0.0000000000 seconds
Iteration 1:	0.5147278309 seconds	0.0000000000 seconds
Iteration 1:	0.5148591995 seconds	0.0000000000 seconds
Iteration 1:	0.5148921013 seconds	0.0000000000 seconds
Iteration 1:	0.5148680210 seconds	0.0000000000 seconds
Iteration 1:	0.5149080753 seconds	0.0000000000 seconds
Iteration 1:	0.5148789883 seconds	0.0000000000 seconds
Iteration 1:	0.5148880482 seconds	0.0000000000 seconds
Iteration 1:	0.5148849487 seconds	0.0000000000 seconds
Iteration 1:	0.5149059296 seconds	0.0000000000 seconds
Iteration 1:	0.5148930550 seconds	0.0000000000 seconds
Iteration 1:	0.5149309635 seconds	0.0000000000 seconds
Iteration 1:	0.5148580074 seconds	0.0000000000 seconds
Iteration 1:	0.5149350166 seconds	0.0000000000 seconds
Iteration 1:	0.5149180889 seconds	0.0000000000 seconds
Iteration 1:	0.5149130821 seconds	0.0000000000 seconds
Iteration 1:	0.5148549080 seconds	0.0000000000 seconds
Iteration 1:	0.5149948597 seconds	0.0000000000 seconds
Iteration 1:	0.5150279999 seconds	0.0000000000 seconds
Iteration 1:	0.5150279999 seconds	0.0000000000 seconds
Iteration 2:	0.5545089245 seconds	0.0000000000 seconds
Iteration 2:	0.5545370579 seconds	0.0000000000 seconds
Iteration 2:	0.5546278954 seconds	0.0000000000 seconds
Iteration 2:	0.5545639992 seconds	0.0000000000 seconds
Iteration 2:	0.5546689034 seconds	0.0000000000 seconds
Iteration 2:	0.5545289516 seconds	0.0000000000 seconds
Iteration 2:	0.5547461510 seconds	0.0000000000 seconds
Iteration 2:	0.5547261238 seconds	0.0000000000 seconds
Iteration 2:	0.5547001362 seconds	0.0000009537 seconds
Iteration 2:	0.5545430183 seconds	0.0000000000 seconds
Iteration 2:	0.5545070171 seconds	0.0000000000 seconds
Iteration 2:	0.5545530319 seconds	0.0000000000 seconds
Iteration 2:	0.5545520782 seconds	0.0000000000 seconds
Iteration 2:	0.5544500351 seconds	0.0000000000 seconds
Iteration 2:	0.5545201302 seconds	0.0000000000 seconds
Iteration 2:	0.5545079708 seconds	0.0000009537 seconds
Iteration 2:	0.5545060635 seconds	0.0000000000 seconds
Iteration 2:	0.5544338226 seconds	0.0000000000 seconds
Iteration 2:	0.5544950962 seconds	0.0000000000 seconds
Iteration 2:	0.5544919968 seconds	0.0000000000 seconds
Iteration 2:	0.5545141697 seconds	0.0000000000 seconds
Iteration 2:	0.5543878078 seconds	0.0000000000 seconds
Iteration 2:	0.5544140339 seconds	0.0000000000 seconds
Iteration 2:	0.5544140339 seconds	0.0000000000 seconds
Iteration 3:	0.5147199631 seconds	0.0000011921 seconds
Iteration 3:	0.5147221088 seconds	0.0000000000 seconds
Iteration 3:	0.5147240162 seconds	0.0000000000 seconds
Iteration 3:	0.5147719383 seconds	0.0000000000 seconds
Iteration 3:	0.5147781372 seconds	0.0000000000 seconds
Iteration 3:	0.5147399902 seconds	0.0000000000 seconds
Iteration 3:	0.5148069859 seconds	0.0000000000 seconds
Iteration 3:	0.5148479939 seconds	0.0000000000 seconds
Iteration 3:	0.5148079395 seconds	0.0000000000 seconds
Iteration 3:	0.5148589611 seconds	0.0000000000 seconds
Iteration 3:	0.5148439407 seconds	0.0000000000 seconds
Iteration 3:	0.5147781372 seconds	0.0000000000 seconds
Iteration 3:	0.5148360729 seconds	0.0000000000 seconds
Iteration 3:	0.5148520470 seconds	0.0000000000 seconds
Iteration 3:	0.5148670673 seconds	0.0000000000 seconds
Iteration 3:	0.5148830414 seconds	0.0000000000 seconds
Iteration 3:	0.5149071217 seconds	0.0000000000 seconds
Iteration 3:	0.5148749352 seconds	0.0000009537 seconds
Iteration 3:	0.5149350166 seconds	0.0000000000 seconds
Iteration 3:	0.5149350166 seconds	0.0000000000 seconds
Iteration 3:	0.5148930550 seconds	0.0000000000 seconds
Iteration 3:	0.5149471760 seconds	0.0000000000 seconds
Iteration 3:	0.5149719715 seconds	0.0000000000 seconds
Iteration 3:	0.5149710178 seconds	0.0000000000 seconds
Iteration 4:	0.5545690060 seconds	0.0000000000 seconds
Iteration 4:	0.5545530319 seconds	0.0000000000 seconds
Iteration 4:	0.5545279980 seconds	0.0000000000 seconds
Iteration 4:	0.5546188354 seconds	0.0000000000 seconds
Iteration 4:	0.5546169281 seconds	0.0000000000 seconds
Iteration 4:	0.5545911789 seconds	0.0000000000 seconds
Iteration 4:	0.5544939041 seconds	0.0000000000 seconds
Iteration 4:	0.5545771122 seconds	0.0000000000 seconds
Iteration 4:	0.5544421673 seconds	0.0000000000 seconds
Iteration 4:	0.5545599461 seconds	0.0000000000 seconds
Iteration 4:	0.5545361042 seconds	0.0000000000 seconds
Iteration 4:	0.5545339584 seconds	0.0000000000 seconds
Iteration 4:	0.5545461178 seconds	0.0000000000 seconds
Iteration 4:	0.5544838905 seconds	0.0000000000 seconds
Iteration 4:	0.5545241833 seconds	0.0000000000 seconds
Iteration 4:	0.5546488762 seconds	0.0000000000 seconds
Iteration 4:	0.5546200275 seconds	0.0000009537 seconds
Iteration 4:	0.5545921326 seconds	0.0000000000 seconds
Iteration 4:	0.5545589924 seconds	0.0000000000 seconds
Iteration 4:	0.5546030998 seconds	0.0000000000 seconds
Iteration 4:	0.5546050072 seconds	0.0000000000 seconds
Iteration 4:	0.5545089245 seconds	0.0000000000 seconds
Iteration 4:	0.5545320511 seconds	0.0000000000 seconds
Iteration 4:	0.5545330048 seconds	0.0000000000 seconds
Iteration 5:	0.5148620605 seconds	0.0000000000 seconds
Iteration 5:	0.5148720741 seconds	0.0000000000 seconds
Iteration 5:	0.5149149895 seconds	0.0000000000 seconds
Iteration 5:	0.5149259567 seconds	0.0000000000 seconds
Iteration 5:	0.5149261951 seconds	0.0000000000 seconds
Iteration 5:	0.5148849487 seconds	0.0000000000 seconds
Iteration 5:	0.5149219036 seconds	0.0000000000 seconds
Iteration 5:	0.5149791241 seconds	0.0000000000 seconds
Iteration 5:	0.5150060654 seconds	0.0000000000 seconds
Iteration 5:	0.5149528980 seconds	0.0000000000 seconds
Iteration 5:	0.5150158405 seconds	0.0000000000 seconds
Iteration 5:	0.5149919987 seconds	0.0000000000 seconds
Iteration 5:	0.5149278641 seconds	0.0000000000 seconds
Iteration 5:	0.5149679184 seconds	0.0000000000 seconds
Iteration 5:	0.5149970055 seconds	0.0000000000 seconds
Iteration 5:	0.5147569180 seconds	0.0000000000 seconds
Iteration 5:	0.5148348808 seconds	0.0000000000 seconds
Iteration 5:	0.5148391724 seconds	0.0000000000 seconds
Iteration 5:	0.5148360729 seconds	0.0000000000 seconds
Iteration 5:	0.5148367882 seconds	0.0000000000 seconds
Iteration 5:	0.5148520470 seconds	0.0000000000 seconds
Iteration 5:	0.5148980618 seconds	0.0000000000 seconds
Iteration 5:	0.5149230957 seconds	0.0000000000 seconds
Iteration 5:	0.5149230957 seconds	0.0000000000 seconds
Iteration 6:	0.5546569824 seconds	0.0000009537 seconds
Iteration 6:	0.5546588898 seconds	0.0000000000 seconds
Iteration 6:	0.5546469688 seconds	0.0000000000 seconds
Iteration 6:	0.5547490120 seconds	0.0000000000 seconds
Iteration 6:	0.5547189713 seconds	0.0000000000 seconds
Iteration 6:	0.5545649529 seconds	0.0000000000 seconds
Iteration 6:	0.5547230244 seconds	0.0000000000 seconds
Iteration 6:	0.5546498299 seconds	0.0000000000 seconds
Iteration 6:	0.5546150208 seconds	0.0000000000 seconds
Iteration 6:	0.5547080040 seconds	0.0000000000 seconds
Iteration 6:	0.5546429157 seconds	0.0000000000 seconds
Iteration 6:	0.5546782017 seconds	0.0000000000 seconds
Iteration 6:	0.5546619892 seconds	0.0000000000 seconds
Iteration 6:	0.5546679497 seconds	0.0000000000 seconds
Iteration 6:	0.5546290874 seconds	0.0000000000 seconds
Iteration 6:	0.5546109676 seconds	0.0000000000 seconds
Iteration 6:	0.5545811653 seconds	0.0000000000 seconds
Iteration 6:	0.5546159744 seconds	0.0000000000 seconds
Iteration 6:	0.5545890331 seconds	0.0000000000 seconds
Iteration 6:	0.5546629429 seconds	0.0000000000 seconds
Iteration 6:	0.5546200275 seconds	0.0000000000 seconds
Iteration 6:	0.5545289516 seconds	0.0000000000 seconds
Iteration 6:	0.5545520782 seconds	0.0000000000 seconds
Iteration 6:	0.5545539856 seconds	0.0000000000 seconds
Iteration 7:	0.5145230293 seconds	0.0000000000 seconds
Iteration 7:	0.5145449638 seconds	0.0000000000 seconds
Iteration 7:	0.5145390034 seconds	0.0000000000 seconds
Iteration 7:	0.5144400597 seconds	0.0000000000 seconds
Iteration 7:	0.5145559311 seconds	0.0000000000 seconds
Iteration 7:	0.5145699978 seconds	0.0000000000 seconds
Iteration 7:	0.5146410465 seconds	0.0000000000 seconds
Iteration 7:	0.5146551132 seconds	0.0000000000 seconds
Iteration 7:	0.5145800114 seconds	0.0000000000 seconds
Iteration 7:	0.5146701336 seconds	0.0000000000 seconds
Iteration 7:	0.5145919323 seconds	0.0000000000 seconds
Iteration 7:	0.5146050453 seconds	0.0000000000 seconds
Iteration 7:	0.5146441460 seconds	0.0000000000 seconds
Iteration 7:	0.5146670341 seconds	0.0000000000 seconds
Iteration 7:	0.5146951675 seconds	0.0000009537 seconds
Iteration 7:	0.5146319866 seconds	0.0000000000 seconds
Iteration 7:	0.5146121979 seconds	0.0000000000 seconds
Iteration 7:	0.5146670341 seconds	0.0000000000 seconds
Iteration 7:	0.5146110058 seconds	0.0000000000 seconds
Iteration 7:	0.5146458149 seconds	0.0000000000 seconds
Iteration 7:	0.5146539211 seconds	0.0000000000 seconds
Iteration 7:	0.5146660805 seconds	0.0000000000 seconds
Iteration 7:	0.5146930218 seconds	0.0000009537 seconds
Iteration 7:	0.5146939754 seconds	0.0000000000 seconds
Iteration 8:	0.5546200275 seconds	0.0000000000 seconds
Iteration 8:	0.5547180176 seconds	0.0000000000 seconds
Iteration 8:	0.5546779633 seconds	0.0000000000 seconds
Iteration 8:	0.5546090603 seconds	0.0000000000 seconds
Iteration 8:	0.5546479225 seconds	0.0000000000 seconds
Iteration 8:	0.5547111034 seconds	0.0000000000 seconds
Iteration 8:	0.5545818806 seconds	0.0000000000 seconds
Iteration 8:	0.5545589924 seconds	0.0000000000 seconds
Iteration 8:	0.5547130108 seconds	0.0000000000 seconds
Iteration 8:	0.5545818806 seconds	0.0000000000 seconds
Iteration 8:	0.5546100140 seconds	0.0000009537 seconds
Iteration 8:	0.5546078682 seconds	0.0000000000 seconds
Iteration 8:	0.5545840263 seconds	0.0000000000 seconds
Iteration 8:	0.5547070503 seconds	0.0000000000 seconds
Iteration 8:	0.5545392036 seconds	0.0000000000 seconds
Iteration 8:	0.5546870232 seconds	0.0000000000 seconds
Iteration 8:	0.5546400547 seconds	0.0000000000 seconds
Iteration 8:	0.5546061993 seconds	0.0000000000 seconds
Iteration 8:	0.5545861721 seconds	0.0000000000 seconds
Iteration 8:	0.5545969009 seconds	0.0000000000 seconds
Iteration 8:	0.5546050072 seconds	0.0000000000 seconds
Iteration 8:	0.5545299053 seconds	0.0000000000 seconds
Iteration 8:	0.5545527935 seconds	0.0000000000 seconds
Iteration 8:	0.5545527935 seconds	0.0000000000 seconds
Iteration 9:	0.5145039558 seconds	0.0000000000 seconds
Iteration 9:	0.5145399570 seconds	0.0000000000 seconds
Iteration 9:	0.5145370960 seconds	0.0000000000 seconds
Iteration 9:	0.5145800114 seconds	0.0000000000 seconds
Iteration 9:	0.5145471096 seconds	0.0000000000 seconds
Iteration 9:	0.5144300461 seconds	0.0000000000 seconds
Iteration 9:	0.5145521164 seconds	0.0000000000 seconds
Iteration 9:	0.5146429539 seconds	0.0000000000 seconds
Iteration 9:	0.5145459175 seconds	0.0000000000 seconds
Iteration 9:	0.5145580769 seconds	0.0000000000 seconds
Iteration 9:	0.5146689415 seconds	0.0000000000 seconds
Iteration 9:	0.5146219730 seconds	0.0000000000 seconds
Iteration 9:	0.5146410465 seconds	0.0000000000 seconds
Iteration 9:	0.5146880150 seconds	0.0000000000 seconds
Iteration 9:	0.5146679878 seconds	0.0000000000 seconds
Iteration 9:	0.5146141052 seconds	0.0000000000 seconds
Iteration 9:	0.5146429539 seconds	0.0000000000 seconds
Iteration 9:	0.5146439075 seconds	0.0000000000 seconds
Iteration 9:	0.5146589279 seconds	0.0000000000 seconds
Iteration 9:	0.5148301125 seconds	0.0000000000 seconds
Iteration 9:	0.5148220062 seconds	0.0000000000 seconds
Iteration 9:	0.5148069859 seconds	0.0000000000 seconds
Iteration 9:	0.5148320198 seconds	0.0000000000 seconds
Iteration 9:	0.5148341656 seconds	0.0000000000 seconds
Iteration 10:	0.5546300411 seconds	0.0000000000 seconds
Iteration 10:	0.5545740128 seconds	0.0000000000 seconds
Iteration 10:	0.5544979572 seconds	0.0000000000 seconds
Iteration 10:	0.5545361042 seconds	0.0000000000 seconds
Iteration 10:	0.5546748638 seconds	0.0000000000 seconds
Iteration 10:	0.5545978546 seconds	0.0000000000 seconds
Iteration 10:	0.5546898842 seconds	0.0000000000 seconds
Iteration 10:	0.5546598434 seconds	0.0000000000 seconds
Iteration 10:	0.5546200275 seconds	0.0000009537 seconds
Iteration 10:	0.5545208454 seconds	0.0000000000 seconds
Iteration 10:	0.5545477867 seconds	0.0000000000 seconds
Iteration 10:	0.5546030998 seconds	0.0000009537 seconds
Iteration 10:	0.5546360016 seconds	0.0000000000 seconds
Iteration 10:	0.5545198917 seconds	0.0000000000 seconds
Iteration 10:	0.5545809269 seconds	0.0000000000 seconds
Iteration 10:	0.5546579361 seconds	0.0000000000 seconds
Iteration 10:	0.5546357632 seconds	0.0000000000 seconds
Iteration 10:	0.5546030998 seconds	0.0000000000 seconds
Iteration 10:	0.5543880463 seconds	0.0000000000 seconds
Iteration 10:	0.5545718670 seconds	0.0000000000 seconds
Iteration 10:	0.5544748306 seconds	0.0000009537 seconds
Iteration 10:	0.5544259548 seconds	0.0000000000 seconds
Iteration 10:	0.5543990135 seconds	0.0000000000 seconds
Iteration 10:	0.5544278622 seconds	0.0000000000 seconds
Iteration 11:	0.5145540237 seconds	0.0000009537 seconds
Iteration 11:	0.5145850182 seconds	0.0000000000 seconds
Iteration 11:	0.5146360397 seconds	0.0000000000 seconds
Iteration 11:	0.5146839619 seconds	0.0000000000 seconds
Iteration 11:	0.5147070885 seconds	0.0000009537 seconds
Iteration 11:	0.5147390366 seconds	0.0000000000 seconds
Iteration 11:	0.5146598816 seconds	0.0000000000 seconds
Iteration 11:	0.5147769451 seconds	0.0000000000 seconds
Iteration 11:	0.5147299767 seconds	0.0000000000 seconds
Iteration 11:	0.5147378445 seconds	0.0000000000 seconds
Iteration 11:	0.5148129463 seconds	0.0000000000 seconds
Iteration 11:	0.5147910118 seconds	0.0000000000 seconds
Iteration 11:	0.5147910118 seconds	0.0000000000 seconds
Iteration 11:	0.5146501064 seconds	0.0000000000 seconds
Iteration 11:	0.5147430897 seconds	0.0000000000 seconds
Iteration 11:	0.5147349834 seconds	0.0000000000 seconds
Iteration 11:	0.5148069859 seconds	0.0000000000 seconds
Iteration 11:	0.5147709846 seconds	0.0000000000 seconds
Iteration 11:	0.5147747993 seconds	0.0000000000 seconds
Iteration 11:	0.5147781372 seconds	0.0000000000 seconds
Iteration 11:	0.5146949291 seconds	0.0000000000 seconds
Iteration 11:	0.5148258209 seconds	0.0000000000 seconds
Iteration 11:	0.5147898197 seconds	0.0000000000 seconds
Iteration 11:	0.5148258209 seconds	0.0000000000 seconds
Iteration 12:	0.5552599430 seconds	0.0000000000 seconds
Iteration 12:	0.5552270412 seconds	0.0000000000 seconds
Iteration 12:	0.5551848412 seconds	0.0000000000 seconds
Iteration 12:	0.5552480221 seconds	0.0000000000 seconds
Iteration 12:	0.5553178787 seconds	0.0000000000 seconds
Iteration 12:	0.5552201271 seconds	0.0000000000 seconds
Iteration 12:	0.5553410053 seconds	0.0000000000 seconds
Iteration 12:	0.5552361012 seconds	0.0000000000 seconds
Iteration 12:	0.5553801060 seconds	0.0000000000 seconds
Iteration 12:	0.5553219318 seconds	0.0000000000 seconds
Iteration 12:	0.5552439690 seconds	0.0000000000 seconds
Iteration 12:	0.5554399490 seconds	0.0000000000 seconds
Iteration 12:	0.5550229549 seconds	0.0000000000 seconds
Iteration 12:	0.5550470352 seconds	0.0000000000 seconds
Iteration 12:	0.5550470352 seconds	0.0000000000 seconds
Iteration 12:	0.5554170609 seconds	0.0000000000 seconds
Iteration 12:	0.5554587841 seconds	0.0000000000 seconds
Iteration 12:	0.5555019379 seconds	0.0000000000 seconds
Iteration 12:	0.5554649830 seconds	0.0000009537 seconds
Iteration 12:	0.5555601120 seconds	0.0000009537 seconds
Iteration 12:	0.5556020737 seconds	0.0000000000 seconds
Iteration 12:	0.5555460453 seconds	0.0000000000 seconds
Iteration 12:	0.5556890965 seconds	0.0000000000 seconds
Iteration 12:	0.5556571484 seconds	0.0000000000 seconds
Iteration 13:	0.5143158436 seconds	0.0000000000 seconds
Iteration 13:	0.5143308640 seconds	0.0000000000 seconds
Iteration 13:	0.5143511295 seconds	0.0000000000 seconds
Iteration 13:	0.5143620968 seconds	0.0000000000 seconds
Iteration 13:	0.5144300461 seconds	0.0000000000 seconds
Iteration 13:	0.5144178867 seconds	0.0000000000 seconds
Iteration 13:	0.5144500732 seconds	0.0000000000 seconds
Iteration 13:	0.5144050121 seconds	0.0000000000 seconds
Iteration 13:	0.5145101547 seconds	0.0000000000 seconds
Iteration 13:	0.5145509243 seconds	0.0000000000 seconds
Iteration 13:	0.5146031380 seconds	0.0000000000 seconds
Iteration 13:	0.5145909786 seconds	0.0000000000 seconds
Iteration 13:	0.5145530701 seconds	0.0000000000 seconds
Iteration 13:	0.5146298409 seconds	0.0000000000 seconds
Iteration 13:	0.5146319866 seconds	0.0000000000 seconds
Iteration 13:	0.5146019459 seconds	0.0000000000 seconds
Iteration 13:	0.5146889687 seconds	0.0000000000 seconds
Iteration 13:	0.5147199631 seconds	0.0000000000 seconds
Iteration 13:	0.5147120953 seconds	0.0000000000 seconds
Iteration 13:	0.5147051811 seconds	0.0000000000 seconds
Iteration 13:	0.5146908760 seconds	0.0000000000 seconds
Iteration 13:	0.5148329735 seconds	0.0000000000 seconds
Iteration 13:	0.5148339272 seconds	0.0000000000 seconds
Iteration 13:	0.5148329735 seconds	0.0000000000 seconds
Iteration 14:	0.5545370579 seconds	0.0000009537 seconds
Iteration 14:	0.5544679165 seconds	0.0000000000 seconds
Iteration 14:	0.5545248985 seconds	0.0000000000 seconds
Iteration 14:	0.5544888973 seconds	0.0000000000 seconds
Iteration 14:	0.5545558929 seconds	0.0000000000 seconds
Iteration 14:	0.5544581413 seconds	0.0000000000 seconds
Iteration 14:	0.5543920994 seconds	0.0000009537 seconds
Iteration 14:	0.5544378757 seconds	0.0000000000 seconds
Iteration 14:	0.5544049740 seconds	0.0000000000 seconds
Iteration 14:	0.5544500351 seconds	0.0000000000 seconds
Iteration 14:	0.5545210838 seconds	0.0000009537 seconds
Iteration 14:	0.5544149876 seconds	0.0000000000 seconds
Iteration 14:	0.5545120239 seconds	0.0000000000 seconds
Iteration 14:	0.5544919968 seconds	0.0000000000 seconds
Iteration 14:	0.5544960499 seconds	0.0000000000 seconds
Iteration 14:	0.5544760227 seconds	0.0000000000 seconds
Iteration 14:	0.5543980598 seconds	0.0000000000 seconds
Iteration 14:	0.5544400215 seconds	0.0000000000 seconds
Iteration 14:	0.5544540882 seconds	0.0000000000 seconds
Iteration 14:	0.5544500351 seconds	0.0000000000 seconds
Iteration 14:	0.5543799400 seconds	0.0000000000 seconds
Iteration 14:	0.5544838905 seconds	0.0000011921 seconds
Iteration 14:	0.5546538830 seconds	0.0000000000 seconds
Iteration 14:	0.5544860363 seconds	0.0000000000 seconds
Iteration 15:	0.5145649910 seconds	0.0000000000 seconds
Iteration 15:	0.5145349503 seconds	0.0000009537 seconds
Iteration 15:	0.5145969391 seconds	0.0000000000 seconds
Iteration 15:	0.5146188736 seconds	0.0000000000 seconds
Iteration 15:	0.5146400928 seconds	0.0000009537 seconds
Iteration 15:	0.5146780014 seconds	0.0000009537 seconds
Iteration 15:	0.5146119595 seconds	0.0000000000 seconds
Iteration 15:	0.5146820545 seconds	0.0000000000 seconds
Iteration 15:	0.5146028996 seconds	0.0000000000 seconds
Iteration 15:	0.5147178173 seconds	0.0000000000 seconds
Iteration 15:	0.5146110058 seconds	0.0000000000 seconds
Iteration 15:	0.5146651268 seconds	0.0000000000 seconds
Iteration 15:	0.5147359371 seconds	0.0000000000 seconds
Iteration 15:	0.5146389008 seconds	0.0000000000 seconds
Iteration 15:	0.5145831108 seconds	0.0000000000 seconds
Iteration 15:	0.5146441460 seconds	0.0000000000 seconds
Iteration 15:	0.5146739483 seconds	0.0000000000 seconds
Iteration 15:	0.5146880150 seconds	0.0000000000 seconds
Iteration 15:	0.5146617889 seconds	0.0000000000 seconds
Iteration 15:	0.5144631863 seconds	0.0000000000 seconds
Iteration 15:	0.5146811008 seconds	0.0000000000 seconds
Iteration 15:	0.5147149563 seconds	0.0000000000 seconds
Iteration 15:	0.5146617889 seconds	0.0000011921 seconds
Iteration 15:	0.5146207809 seconds	0.0000000000 seconds
Iteration 16:	0.5544650555 seconds	0.0000000000 seconds
Iteration 16:	0.5545082092 seconds	0.0000000000 seconds
Iteration 16:	0.5546140671 seconds	0.0000000000 seconds
Iteration 16:	0.5544540882 seconds	0.0000000000 seconds
Iteration 16:	0.5545780659 seconds	0.0000000000 seconds
Iteration 16:	0.5546228886 seconds	0.0000000000 seconds
Iteration 16:	0.5545959473 seconds	0.0000000000 seconds
Iteration 16:	0.5546290874 seconds	0.0000000000 seconds
Iteration 16:	0.5547277927 seconds	0.0000011921 seconds
Iteration 16:	0.5546479225 seconds	0.0000000000 seconds
Iteration 16:	0.5547409058 seconds	0.0000000000 seconds
Iteration 16:	0.5546331406 seconds	0.0000000000 seconds
Iteration 16:	0.5547418594 seconds	0.0000011921 seconds
Iteration 16:	0.5546779633 seconds	0.0000000000 seconds
Iteration 16:	0.5547378063 seconds	0.0000000000 seconds
Iteration 16:	0.5545969009 seconds	0.0000000000 seconds
Iteration 16:	0.5547010899 seconds	0.0000000000 seconds
Iteration 16:	0.5546469688 seconds	0.0000000000 seconds
Iteration 16:	0.5546638966 seconds	0.0000009537 seconds
Iteration 16:	0.5546457767 seconds	0.0000011921 seconds
Iteration 16:	0.5546669960 seconds	0.0000000000 seconds
Iteration 16:	0.5545790195 seconds	0.0000000000 seconds
Iteration 16:	0.5546028614 seconds	0.0000000000 seconds
Iteration 16:	0.5546028614 seconds	0.0000000000 seconds
Iteration 17:	0.5145878792 seconds	0.0000000000 seconds
Iteration 17:	0.5146408081 seconds	0.0000000000 seconds
Iteration 17:	0.5146260262 seconds	0.0000000000 seconds
Iteration 17:	0.5144829750 seconds	0.0000000000 seconds
Iteration 17:	0.5146639347 seconds	0.0000000000 seconds
Iteration 17:	0.5144879818 seconds	0.0000000000 seconds
Iteration 17:	0.5147080421 seconds	0.0000000000 seconds
Iteration 17:	0.5147550106 seconds	0.0000000000 seconds
Iteration 17:	0.5145089626 seconds	0.0000000000 seconds
Iteration 17:	0.5147240162 seconds	0.0000000000 seconds
Iteration 17:	0.5145089626 seconds	0.0000000000 seconds
Iteration 17:	0.5145699978 seconds	0.0000000000 seconds
Iteration 17:	0.5145978928 seconds	0.0000000000 seconds
Iteration 17:	0.5145099163 seconds	0.0000000000 seconds
Iteration 17:	0.5145480633 seconds	0.0000000000 seconds
Iteration 17:	0.5145750046 seconds	0.0000000000 seconds
Iteration 17:	0.5145840645 seconds	0.0000000000 seconds
Iteration 17:	0.5145938396 seconds	0.0000000000 seconds
Iteration 17:	0.5145440102 seconds	0.0000000000 seconds
Iteration 17:	0.5145950317 seconds	0.0000000000 seconds
Iteration 17:	0.5145909786 seconds	0.0000000000 seconds
Iteration 17:	0.5146059990 seconds	0.0000000000 seconds
Iteration 17:	0.5145812035 seconds	0.0000000000 seconds
Iteration 17:	0.5146069527 seconds	0.0000000000 seconds
Iteration 18:	0.5546050072 seconds	0.0000000000 seconds
Iteration 18:	0.5545659065 seconds	0.0000000000 seconds
Iteration 18:	0.5546829700 seconds	0.0000000000 seconds
Iteration 18:	0.5546500683 seconds	0.0000000000 seconds
Iteration 18:	0.5546770096 seconds	0.0000000000 seconds
Iteration 18:	0.5545818806 seconds	0.0000011921 seconds
Iteration 18:	0.5545971394 seconds	0.0000000000 seconds
Iteration 18:	0.5547680855 seconds	0.0000000000 seconds
Iteration 18:	0.5547399521 seconds	0.0000000000 seconds
Iteration 18:	0.5547769070 seconds	0.0000000000 seconds
Iteration 18:	0.5546560287 seconds	0.0000000000 seconds
Iteration 18:	0.5545849800 seconds	0.0000000000 seconds
Iteration 18:	0.5546920300 seconds	0.0000009537 seconds
Iteration 18:	0.5546789169 seconds	0.0000000000 seconds
Iteration 18:	0.5546340942 seconds	0.0000000000 seconds
Iteration 18:	0.5546410084 seconds	0.0000000000 seconds
Iteration 18:	0.5545558929 seconds	0.0000000000 seconds
Iteration 18:	0.5546059608 seconds	0.0000000000 seconds
Iteration 18:	0.5546019077 seconds	0.0000000000 seconds
Iteration 18:	0.5546021461 seconds	0.0000000000 seconds
Iteration 18:	0.5546240807 seconds	0.0000000000 seconds
Iteration 18:	0.5545969009 seconds	0.0000000000 seconds
Iteration 18:	0.5545969009 seconds	0.0000000000 seconds
Iteration 18:	0.5545649529 seconds	0.0000000000 seconds
Iteration 19:	0.5144088268 seconds	0.0000000000 seconds
Iteration 19:	0.5144319534 seconds	0.0000000000 seconds
Iteration 19:	0.5144398212 seconds	0.0000000000 seconds
Iteration 19:	0.5145149231 seconds	0.0000000000 seconds
Iteration 19:	0.5144989491 seconds	0.0000000000 seconds
Iteration 19:	0.5144898891 seconds	0.0000000000 seconds
Iteration 19:	0.5145590305 seconds	0.0000000000 seconds
Iteration 19:	0.5144360065 seconds	0.0000000000 seconds
Iteration 19:	0.5145189762 seconds	0.0000000000 seconds
Iteration 19:	0.5146150589 seconds	0.0000000000 seconds
Iteration 19:	0.5145349503 seconds	0.0000000000 seconds
Iteration 19:	0.5145599842 seconds	0.0000000000 seconds
Iteration 19:	0.5145881176 seconds	0.0000000000 seconds
Iteration 19:	0.5146191120 seconds	0.0000000000 seconds
Iteration 19:	0.5146319866 seconds	0.0000000000 seconds
Iteration 19:	0.5145680904 seconds	0.0000000000 seconds
Iteration 19:	0.5145850182 seconds	0.0000000000 seconds
Iteration 19:	0.5145950317 seconds	0.0000000000 seconds
Iteration 19:	0.5146021843 seconds	0.0000000000 seconds
Iteration 19:	0.5146100521 seconds	0.0000009537 seconds
Iteration 19:	0.5145568848 seconds	0.0000000000 seconds
Iteration 19:	0.5146539211 seconds	0.0000000000 seconds
Iteration 19:	0.5146279335 seconds	0.0000011921 seconds
Iteration 19:	0.5146570206 seconds	0.0000000000 seconds
Iteration 20:	0.5546250343 seconds	0.0000000000 seconds
Iteration 20:	0.5545978546 seconds	0.0000000000 seconds
Iteration 20:	0.5546178818 seconds	0.0000000000 seconds
Iteration 20:	0.5546419621 seconds	0.0000000000 seconds
Iteration 20:	0.5545959473 seconds	0.0000000000 seconds
Iteration 20:	0.5546500683 seconds	0.0000000000 seconds
Iteration 20:	0.5546410084 seconds	0.0000000000 seconds
Iteration 20:	0.5546278954 seconds	0.0000000000 seconds
Iteration 20:	0.5548348427 seconds	0.0000000000 seconds
Iteration 20:	0.5549860001 seconds	0.0000000000 seconds
Iteration 20:	0.5547821522 seconds	0.0000000000 seconds
Iteration 20:	0.5547859669 seconds	0.0000000000 seconds
Iteration 20:	0.5547590256 seconds	0.0000009537 seconds
Iteration 20:	0.5553200245 seconds	0.0000000000 seconds
Iteration 20:	0.5554161072 seconds	0.0000000000 seconds
Iteration 20:	0.5555920601 seconds	0.0000000000 seconds
Iteration 20:	0.5555200577 seconds	0.0000000000 seconds
Iteration 20:	0.5555329323 seconds	0.0000000000 seconds
Iteration 20:	0.5554890633 seconds	0.0000000000 seconds
Iteration 20:	0.5689320564 seconds	0.0000000000 seconds
Iteration 20:	0.5688920021 seconds	0.0000000000 seconds
Iteration 20:	0.5688688755 seconds	0.0000000000 seconds
Iteration 20:	0.5688099861 seconds	0.0000000000 seconds
Iteration 20:	0.5688362122 seconds	0.0000000000 seconds
Iteration 21:	0.5919091702 seconds	0.0000000000 seconds
Iteration 21:	0.5919179916 seconds	0.0000011921 seconds
Iteration 21:	0.5919129848 seconds	0.0000000000 seconds
Iteration 21:	0.5922038555 seconds	0.0000000000 seconds
Iteration 21:	0.5922379494 seconds	0.0000000000 seconds
Iteration 21:	0.5787420273 seconds	0.0000000000 seconds
Iteration 21:	0.5788061619 seconds	0.0000009537 seconds
Iteration 21:	0.5929269791 seconds	0.0000000000 seconds
Iteration 21:	0.5787708759 seconds	0.0000000000 seconds
Iteration 21:	0.5929999352 seconds	0.0000009537 seconds
Iteration 21:	0.5929818153 seconds	0.0000000000 seconds
Iteration 21:	0.5787680149 seconds	0.0000000000 seconds
Iteration 21:	0.5929510593 seconds	0.0000000000 seconds
Iteration 21:	0.5788469315 seconds	0.0000000000 seconds
Iteration 21:	0.5930128098 seconds	0.0000000000 seconds
Iteration 21:	0.5921909809 seconds	0.0000000000 seconds
Iteration 21:	0.5929980278 seconds	0.0000000000 seconds
Iteration 21:	0.5930449963 seconds	0.0000000000 seconds
Iteration 21:	0.5927529335 seconds	0.0000000000 seconds
Iteration 21:	0.5930149555 seconds	0.0000000000 seconds
Iteration 21:	0.5926470757 seconds	0.0000000000 seconds
Iteration 21:	0.5928761959 seconds	0.0000009537 seconds
Iteration 21:	0.5928711891 seconds	0.0000000000 seconds
Iteration 21:	0.5928721428 seconds	0.0000009537 seconds
Iteration 22:	0.5544941425 seconds	0.0000009537 seconds
Iteration 22:	0.5543909073 seconds	0.0000000000 seconds
Iteration 22:	0.5545029640 seconds	0.0000000000 seconds
Iteration 22:	0.5545060635 seconds	0.0000000000 seconds
Iteration 22:	0.5545351505 seconds	0.0000000000 seconds
Iteration 22:	0.5544478893 seconds	0.0000000000 seconds
Iteration 22:	0.5545530319 seconds	0.0000000000 seconds
Iteration 22:	0.5544741154 seconds	0.0000000000 seconds
Iteration 22:	0.5544478893 seconds	0.0000000000 seconds
Iteration 22:	0.5545051098 seconds	0.0000000000 seconds
Iteration 22:	0.5545780659 seconds	0.0000000000 seconds
Iteration 22:	0.5543479919 seconds	0.0000000000 seconds
Iteration 22:	0.5546178818 seconds	0.0000000000 seconds
Iteration 22:	0.5544190407 seconds	0.0000000000 seconds
Iteration 22:	0.5547821522 seconds	0.0000000000 seconds
Iteration 22:	0.5544300079 seconds	0.0000000000 seconds
Iteration 22:	0.5548219681 seconds	0.0000000000 seconds
Iteration 22:	0.5546581745 seconds	0.0000000000 seconds
Iteration 22:	0.5547549725 seconds	0.0000000000 seconds
Iteration 22:	0.5544149876 seconds	0.0000000000 seconds
Iteration 22:	0.5544219017 seconds	0.0000000000 seconds
Iteration 22:	0.5543248653 seconds	0.0000000000 seconds
Iteration 22:	0.5542988777 seconds	0.0000000000 seconds
Iteration 22:	0.5543248653 seconds	0.0000000000 seconds
Iteration 23:	0.5144300461 seconds	0.0000000000 seconds
Iteration 23:	0.5144369602 seconds	0.0000000000 seconds
Iteration 23:	0.5144751072 seconds	0.0000000000 seconds
Iteration 23:	0.5145039558 seconds	0.0000000000 seconds
Iteration 23:	0.5145268440 seconds	0.0000000000 seconds
Iteration 23:	0.5145540237 seconds	0.0000000000 seconds
Iteration 23:	0.5146059990 seconds	0.0000000000 seconds
Iteration 23:	0.5145871639 seconds	0.0000000000 seconds
Iteration 23:	0.5146338940 seconds	0.0000000000 seconds
Iteration 23:	0.5146389008 seconds	0.0000000000 seconds
Iteration 23:	0.5146501064 seconds	0.0000000000 seconds
Iteration 23:	0.5146992207 seconds	0.0000000000 seconds
Iteration 23:	0.5147011280 seconds	0.0000000000 seconds
Iteration 23:	0.5145900249 seconds	0.0000000000 seconds
Iteration 23:	0.5146899223 seconds	0.0000000000 seconds
Iteration 23:	0.5146780014 seconds	0.0000000000 seconds
Iteration 23:	0.5147061348 seconds	0.0000000000 seconds
Iteration 23:	0.5147230625 seconds	0.0000000000 seconds
Iteration 23:	0.5147190094 seconds	0.0000000000 seconds
Iteration 23:	0.5147299767 seconds	0.0000000000 seconds
Iteration 23:	0.5147459507 seconds	0.0000000000 seconds
Iteration 23:	0.5148098469 seconds	0.0000000000 seconds
Iteration 23:	0.5148108006 seconds	0.0000000000 seconds
Iteration 23:	0.5147800446 seconds	0.0000009537 seconds
Iteration 24:	0.5543889999 seconds	0.0000000000 seconds
Iteration 24:	0.5544290543 seconds	0.0000000000 seconds
Iteration 24:	0.5545120239 seconds	0.0000000000 seconds
Iteration 24:	0.5543720722 seconds	0.0000000000 seconds
Iteration 24:	0.5544800758 seconds	0.0000000000 seconds
Iteration 24:	0.5544888973 seconds	0.0000000000 seconds
Iteration 24:	0.5545489788 seconds	0.0000000000 seconds
Iteration 24:	0.5545740128 seconds	0.0000000000 seconds
Iteration 24:	0.5543851852 seconds	0.0000000000 seconds
Iteration 24:	0.5544748306 seconds	0.0000011921 seconds
Iteration 24:	0.5543491840 seconds	0.0000000000 seconds
Iteration 24:	0.5544159412 seconds	0.0000000000 seconds
Iteration 24:	0.5544791222 seconds	0.0000000000 seconds
Iteration 24:	0.5544228554 seconds	0.0000000000 seconds
Iteration 24:	0.5544681549 seconds	0.0000000000 seconds
Iteration 24:	0.5544340611 seconds	0.0000000000 seconds
Iteration 24:	0.5543611050 seconds	0.0000000000 seconds
Iteration 24:	0.5543899536 seconds	0.0000000000 seconds
Iteration 24:	0.5543508530 seconds	0.0000000000 seconds
Iteration 24:	0.5543591976 seconds	0.0000000000 seconds
Iteration 24:	0.5542840958 seconds	0.0000000000 seconds
Iteration 24:	0.5543851852 seconds	0.0000000000 seconds
Iteration 24:	0.5543859005 seconds	0.0000000000 seconds
Iteration 24:	0.5545361042 seconds	0.0000000000 seconds
Iteration 25:	0.5144789219 seconds	0.0000000000 seconds
Iteration 25:	0.5145111084 seconds	0.0000000000 seconds
Iteration 25:	0.5145010948 seconds	0.0000000000 seconds
Iteration 25:	0.5145468712 seconds	0.0000000000 seconds
Iteration 25:	0.5145411491 seconds	0.0000000000 seconds
Iteration 25:	0.5145449638 seconds	0.0000000000 seconds
Iteration 25:	0.5145421028 seconds	0.0000000000 seconds
Iteration 25:	0.5145947933 seconds	0.0000000000 seconds
Iteration 25:	0.5146279335 seconds	0.0000000000 seconds
Iteration 25:	0.5145180225 seconds	0.0000000000 seconds
Iteration 25:	0.5145881176 seconds	0.0000000000 seconds
Iteration 25:	0.5146460533 seconds	0.0000000000 seconds
Iteration 25:	0.5146901608 seconds	0.0000000000 seconds
Iteration 25:	0.5146770477 seconds	0.0000000000 seconds
Iteration 25:	0.5146279335 seconds	0.0000000000 seconds
Iteration 25:	0.5146160126 seconds	0.0000000000 seconds
Iteration 25:	0.5146491528 seconds	0.0000000000 seconds
Iteration 25:	0.5146458149 seconds	0.0000000000 seconds
Iteration 25:	0.5146450996 seconds	0.0000000000 seconds
Iteration 25:	0.5146720409 seconds	0.0000000000 seconds
Iteration 25:	0.5144639015 seconds	0.0000000000 seconds
Iteration 25:	0.5146260262 seconds	0.0000000000 seconds
Iteration 25:	0.5146770477 seconds	0.0000000000 seconds
Iteration 25:	0.5145790577 seconds	0.0000000000 seconds
Iteration 26:	0.5543849468 seconds	0.0000000000 seconds
Iteration 26:	0.5543208122 seconds	0.0000011921 seconds
Iteration 26:	0.5545089245 seconds	0.0000000000 seconds
Iteration 26:	0.5544199944 seconds	0.0000000000 seconds
Iteration 26:	0.5545210838 seconds	0.0000000000 seconds
Iteration 26:	0.5544791222 seconds	0.0000000000 seconds
Iteration 26:	0.5544950962 seconds	0.0000000000 seconds
Iteration 26:	0.5545058250 seconds	0.0000000000 seconds
Iteration 26:	0.5545649529 seconds	0.0000009537 seconds
Iteration 26:	0.5545289516 seconds	0.0000000000 seconds
Iteration 26:	0.5546560287 seconds	0.0000000000 seconds
Iteration 26:	0.5545220375 seconds	0.0000000000 seconds
Iteration 26:	0.5546519756 seconds	0.0000000000 seconds
Iteration 26:	0.5545630455 seconds	0.0000000000 seconds
Iteration 26:	0.5545990467 seconds	0.0000000000 seconds
Iteration 26:	0.5545759201 seconds	0.0000000000 seconds
Iteration 26:	0.5545060635 seconds	0.0000000000 seconds
Iteration 26:	0.5545501709 seconds	0.0000000000 seconds
Iteration 26:	0.5545489788 seconds	0.0000000000 seconds
Iteration 26:	0.5544991493 seconds	0.0000000000 seconds
Iteration 26:	0.5545408726 seconds	0.0000000000 seconds
Iteration 26:	0.5545098782 seconds	0.0000000000 seconds
Iteration 26:	0.5544810295 seconds	0.0000000000 seconds
Iteration 26:	0.5545098782 seconds	0.0000000000 seconds
Iteration 27:	0.5146000385 seconds	0.0000000000 seconds
Iteration 27:	0.5145988464 seconds	0.0000000000 seconds
Iteration 27:	0.5144529343 seconds	0.0000000000 seconds
Iteration 27:	0.5146300793 seconds	0.0000000000 seconds
Iteration 27:	0.5144798756 seconds	0.0000009537 seconds
Iteration 27:	0.5146679878 seconds	0.0000000000 seconds
Iteration 27:	0.5144860744 seconds	0.0000000000 seconds
Iteration 27:	0.5147328377 seconds	0.0000000000 seconds
Iteration 27:	0.5147039890 seconds	0.0000000000 seconds
Iteration 27:	0.5145142078 seconds	0.0000000000 seconds
Iteration 27:	0.5145401955 seconds	0.0000000000 seconds
Iteration 27:	0.5145330429 seconds	0.0000000000 seconds
Iteration 27:	0.5147929192 seconds	0.0000000000 seconds
Iteration 27:	0.5146179199 seconds	0.0000000000 seconds
Iteration 27:	0.5145940781 seconds	0.0000000000 seconds
Iteration 27:	0.5145170689 seconds	0.0000009537 seconds
Iteration 27:	0.5145630836 seconds	0.0000000000 seconds
Iteration 27:	0.5145559311 seconds	0.0000000000 seconds
Iteration 27:	0.5145618916 seconds	0.0000000000 seconds
Iteration 27:	0.5145719051 seconds	0.0000000000 seconds
Iteration 27:	0.5145239830 seconds	0.0000000000 seconds
Iteration 27:	0.5145840645 seconds	0.0000000000 seconds
Iteration 27:	0.5145590305 seconds	0.0000000000 seconds
Iteration 27:	0.5145850182 seconds	0.0000000000 seconds
Iteration 28:	0.5544979572 seconds	0.0000000000 seconds
Iteration 28:	0.5544400215 seconds	0.0000000000 seconds
Iteration 28:	0.5545718670 seconds	0.0000000000 seconds
Iteration 28:	0.5546438694 seconds	0.0000000000 seconds
Iteration 28:	0.5546138287 seconds	0.0000000000 seconds
Iteration 28:	0.5545971394 seconds	0.0000000000 seconds
Iteration 28:	0.5544798374 seconds	0.0000000000 seconds
Iteration 28:	0.5546388626 seconds	0.0000000000 seconds
Iteration 28:	0.5544600487 seconds	0.0000000000 seconds
Iteration 28:	0.5545670986 seconds	0.0000000000 seconds
Iteration 28:	0.5544230938 seconds	0.0000000000 seconds
Iteration 28:	0.5545029640 seconds	0.0000000000 seconds
Iteration 28:	0.5546178818 seconds	0.0000000000 seconds
Iteration 28:	0.5545899868 seconds	0.0000000000 seconds
Iteration 28:	0.5545740128 seconds	0.0000000000 seconds
Iteration 28:	0.5545711517 seconds	0.0000000000 seconds
Iteration 28:	0.5545470715 seconds	0.0000000000 seconds
Iteration 28:	0.5545539856 seconds	0.0000000000 seconds
Iteration 28:	0.5545508862 seconds	0.0000000000 seconds
Iteration 28:	0.5545430183 seconds	0.0000000000 seconds
Iteration 28:	0.5545539856 seconds	0.0000000000 seconds
Iteration 28:	0.5545260906 seconds	0.0000000000 seconds
Iteration 28:	0.5544981956 seconds	0.0000000000 seconds
Iteration 28:	0.5545260906 seconds	0.0000000000 seconds
Iteration 29:	0.5144670010 seconds	0.0000000000 seconds
Iteration 29:	0.5144798756 seconds	0.0000000000 seconds
Iteration 29:	0.5144951344 seconds	0.0000000000 seconds
Iteration 29:	0.5145049095 seconds	0.0000000000 seconds
Iteration 29:	0.5145280361 seconds	0.0000000000 seconds
Iteration 29:	0.5145111084 seconds	0.0000000000 seconds
Iteration 29:	0.5144968033 seconds	0.0000000000 seconds
Iteration 29:	0.5145828724 seconds	0.0000000000 seconds
Iteration 29:	0.5145020485 seconds	0.0000000000 seconds
Iteration 29:	0.5144319534 seconds	0.0000009537 seconds
Iteration 29:	0.5146191120 seconds	0.0000000000 seconds
Iteration 29:	0.5145480633 seconds	0.0000000000 seconds
Iteration 29:	0.5145680904 seconds	0.0000000000 seconds
Iteration 29:	0.5146181583 seconds	0.0000000000 seconds
Iteration 29:	0.5146391392 seconds	0.0000000000 seconds
Iteration 29:	0.5145981312 seconds	0.0000000000 seconds
Iteration 29:	0.5145661831 seconds	0.0000000000 seconds
Iteration 29:	0.5145950317 seconds	0.0000000000 seconds
Iteration 29:	0.5145838261 seconds	0.0000000000 seconds
Iteration 29:	0.5145950317 seconds	0.0000000000 seconds
Iteration 29:	0.5145850182 seconds	0.0000000000 seconds
Iteration 29:	0.5146210194 seconds	0.0000000000 seconds
Iteration 29:	0.5145950317 seconds	0.0000009537 seconds
Iteration 29:	0.5146250725 seconds	0.0000000000 seconds
Total computation time was: 16.118386		Average frame time was: 0.537266		Average Particle interations per second were: 1925052683.403535
