[ -1:000]                : Rank 0 is running on comet-16-49.sdsc.edu
[  0:001] init_pprintf   : My dest: 1	My source: 1	My_num_part: 480
Initalizing particles linear on 0 to 480
[ -1:000]                : Rank 1 is running on comet-16-71.sdsc.edu
[  1:001] init_pprintf   : My dest: 0	My source: 0	My_num_part: 480
Initalizing particles linear on 480 to 960
Iteration 0:	0.1171660423 seconds	0.0000000000 seconds
Iteration 0:	0.0678138733 seconds	0.0000000000 seconds
Iteration 1:	0.0352349281 seconds	0.0000000000 seconds
Iteration 1:	0.0350818634 seconds	0.0000000000 seconds
Iteration 2:	0.0220859051 seconds	0.0000000000 seconds
Iteration 2:	0.0220880508 seconds	0.0000000000 seconds
Iteration 3:	0.0298690796 seconds	0.0000000000 seconds
Iteration 3:	0.0298740864 seconds	0.0000000000 seconds
Iteration 4:	0.0280070305 seconds	0.0000000000 seconds
Iteration 4:	0.0280370712 seconds	0.0000000000 seconds
Iteration 5:	0.0182549953 seconds	0.0000009537 seconds
Iteration 5:	0.0182690620 seconds	0.0000000000 seconds
Iteration 6:	0.0044159889 seconds	0.0000000000 seconds
Iteration 6:	0.0043802261 seconds	0.0000000000 seconds
Iteration 7:	0.0007190704 seconds	0.0000009537 seconds
Iteration 7:	0.0006999969 seconds	0.0000000000 seconds
Iteration 8:	0.0008111000 seconds	0.0000009537 seconds
Iteration 8:	0.0007779598 seconds	0.0000000000 seconds
Iteration 9:	0.0007128716 seconds	0.0000000000 seconds
Iteration 9:	0.0006959438 seconds	0.0000000000 seconds
Iteration 10:	0.0007479191 seconds	0.0000000000 seconds
Iteration 10:	0.0007200241 seconds	0.0000000000 seconds
Iteration 11:	0.0007021427 seconds	0.0000000000 seconds
Iteration 11:	0.0006620884 seconds	0.0000000000 seconds
Iteration 12:	0.0007739067 seconds	0.0000000000 seconds
Iteration 12:	0.0007400513 seconds	0.0000000000 seconds
Iteration 13:	0.0007128716 seconds	0.0000000000 seconds
Iteration 13:	0.0007040501 seconds	0.0000000000 seconds
Iteration 14:	0.0006968975 seconds	0.0000000000 seconds
Iteration 14:	0.0006740093 seconds	0.0000000000 seconds
Iteration 15:	0.0007638931 seconds	0.0000000000 seconds
Iteration 15:	0.0007081032 seconds	0.0000000000 seconds
Iteration 16:	0.0007309914 seconds	0.0000000000 seconds
Iteration 16:	0.0007009506 seconds	0.0000000000 seconds
Iteration 17:	0.0007169247 seconds	0.0000000000 seconds
Iteration 17:	0.0006840229 seconds	0.0000000000 seconds
Iteration 18:	0.0007369518 seconds	0.0000000000 seconds
Iteration 18:	0.0007200241 seconds	0.0000000000 seconds
Iteration 19:	0.0006849766 seconds	0.0000000000 seconds
Iteration 19:	0.0006527901 seconds	0.0000000000 seconds
Iteration 20:	0.0007379055 seconds	0.0000000000 seconds
Iteration 20:	0.0007169247 seconds	0.0000000000 seconds
Iteration 21:	0.0007300377 seconds	0.0000000000 seconds
Iteration 21:	0.0007059574 seconds	0.0000000000 seconds
Iteration 22:	0.0007419586 seconds	0.0000000000 seconds
Iteration 22:	0.0007238388 seconds	0.0000000000 seconds
Iteration 23:	0.0006899834 seconds	0.0000000000 seconds
Iteration 23:	0.0006630421 seconds	0.0000000000 seconds
Iteration 24:	0.0007200241 seconds	0.0000000000 seconds
Iteration 24:	0.0006680489 seconds	0.0000000000 seconds
Iteration 25:	0.0007379055 seconds	0.0000000000 seconds
Iteration 25:	0.0007300377 seconds	0.0000000000 seconds
Iteration 26:	0.0008730888 seconds	0.0000000000 seconds
Iteration 26:	0.0008471012 seconds	0.0000000000 seconds
Iteration 27:	0.0006909370 seconds	0.0000000000 seconds
Iteration 27:	0.0006608963 seconds	0.0000000000 seconds
Iteration 28:	0.0007269382 seconds	0.0000000000 seconds
Iteration 28:	0.0006930828 seconds	0.0000000000 seconds
Iteration 29:	0.0007281303 seconds	0.0000000000 seconds
Iteration 29:	0.0006759167 seconds	0.0000000000 seconds
Iteration 30:	0.0007209778 seconds	0.0000000000 seconds
Iteration 30:	0.0007050037 seconds	0.0000000000 seconds
Iteration 31:	0.0007221699 seconds	0.0000000000 seconds
Iteration 31:	0.0007050037 seconds	0.0000000000 seconds
Iteration 32:	0.0007910728 seconds	0.0000000000 seconds
Iteration 32:	0.0007669926 seconds	0.0000009537 seconds
Iteration 33:	0.0007040501 seconds	0.0000000000 seconds
Iteration 33:	0.0006859303 seconds	0.0000000000 seconds
Iteration 34:	0.0007679462 seconds	0.0000000000 seconds
Iteration 34:	0.0007300377 seconds	0.0000000000 seconds
Iteration 35:	0.0007212162 seconds	0.0000000000 seconds
Iteration 35:	0.0007138252 seconds	0.0000000000 seconds
Iteration 36:	0.0007538795 seconds	0.0000000000 seconds
Iteration 36:	0.0007259846 seconds	0.0000000000 seconds
Iteration 37:	0.0006790161 seconds	0.0000000000 seconds
Iteration 37:	0.0006508827 seconds	0.0000000000 seconds
Iteration 38:	0.0008230209 seconds	0.0000000000 seconds
Iteration 38:	0.0007889271 seconds	0.0000000000 seconds
Iteration 39:	0.0006899834 seconds	0.0000000000 seconds
Iteration 39:	0.0006608963 seconds	0.0000000000 seconds
Iteration 40:	0.0007569790 seconds	0.0000000000 seconds
Iteration 40:	0.0007309914 seconds	0.0000000000 seconds
Iteration 41:	0.0007009506 seconds	0.0000000000 seconds
Iteration 41:	0.0006740093 seconds	0.0000000000 seconds
Iteration 42:	0.0007789135 seconds	0.0000000000 seconds
Iteration 42:	0.0007369518 seconds	0.0000000000 seconds
Iteration 43:	0.0007128716 seconds	0.0000000000 seconds
Iteration 43:	0.0006878376 seconds	0.0000000000 seconds
Iteration 44:	0.0007839203 seconds	0.0000000000 seconds
Iteration 44:	0.0007710457 seconds	0.0000000000 seconds
Iteration 45:	0.0007119179 seconds	0.0000009537 seconds
Iteration 45:	0.0006690025 seconds	0.0000000000 seconds
Iteration 46:	0.0007410049 seconds	0.0000000000 seconds
Iteration 46:	0.0007150173 seconds	0.0000000000 seconds
Iteration 47:	0.0007679462 seconds	0.0000000000 seconds
Iteration 47:	0.0007410049 seconds	0.0000000000 seconds
Iteration 48:	0.0007719994 seconds	0.0000000000 seconds
Iteration 48:	0.0007290840 seconds	0.0000000000 seconds
Iteration 49:	0.0007250309 seconds	0.0000000000 seconds
Iteration 49:	0.0007050037 seconds	0.0000000000 seconds
Iteration 50:	0.0008101463 seconds	0.0000000000 seconds
Iteration 50:	0.0007839203 seconds	0.0000000000 seconds
Iteration 51:	0.0006840229 seconds	0.0000000000 seconds
Iteration 51:	0.0006999969 seconds	0.0000000000 seconds
Iteration 52:	0.0007729530 seconds	0.0000000000 seconds
Iteration 52:	0.0007989407 seconds	0.0000000000 seconds
Iteration 53:	0.0006859303 seconds	0.0000000000 seconds
Iteration 53:	0.0007300377 seconds	0.0000000000 seconds
Iteration 54:	0.0007159710 seconds	0.0000000000 seconds
Iteration 54:	0.0007300377 seconds	0.0000000000 seconds
Iteration 55:	0.0006730556 seconds	0.0000000000 seconds
Iteration 55:	0.0007209778 seconds	0.0000000000 seconds
Iteration 56:	0.0007359982 seconds	0.0000000000 seconds
Iteration 56:	0.0007841587 seconds	0.0000000000 seconds
Iteration 57:	0.0007219315 seconds	0.0000000000 seconds
Iteration 57:	0.0007607937 seconds	0.0000000000 seconds
Iteration 58:	0.0007770061 seconds	0.0000000000 seconds
Iteration 58:	0.0007739067 seconds	0.0000000000 seconds
Iteration 59:	0.0006990433 seconds	0.0000000000 seconds
Total computation time was: 0.295425		Average frame time was: 0.004904		Average Particle interations per second were: 187913910.405388
Iteration 59:	0.0006492138 seconds	0.0000000000 seconds
