[ -1:000]                : Rank 0 is running on comet-06-68.sdsc.edu
[  0:001] init_pprintf   : My dest: 1	My source: 1	My_num_part: 240
Initalizing particles linear on 0 to 240
[ -1:000]                : Rank 1 is running on comet-20-02.sdsc.edu
[  1:001] init_pprintf   : My dest: 0	My source: 0	My_num_part: 240
Initalizing particles linear on 240 to 480
Iteration 0:	0.0390520096 seconds	0.0000011921 seconds
Iteration 0:	0.0868020058 seconds	0.0000000000 seconds
Iteration 1:	0.0351278782 seconds	0.0000000000 seconds
Iteration 1:	0.0242788792 seconds	0.0000009537 seconds
Iteration 2:	0.0199840069 seconds	0.0000009537 seconds
Iteration 2:	0.0199949741 seconds	0.0000000000 seconds
Iteration 3:	0.0249090195 seconds	0.0000000000 seconds
Iteration 3:	0.0249180794 seconds	0.0000000000 seconds
Iteration 4:	0.0199980736 seconds	0.0000000000 seconds
Iteration 4:	0.0199990273 seconds	0.0000000000 seconds
Iteration 5:	0.0199949741 seconds	0.0000000000 seconds
Iteration 5:	0.0199949741 seconds	0.0000000000 seconds
Iteration 6:	0.0150837898 seconds	0.0000000000 seconds
Iteration 6:	0.0150749683 seconds	0.0000000000 seconds
Iteration 7:	0.0158770084 seconds	0.0000000000 seconds
Iteration 7:	0.0158960819 seconds	0.0000000000 seconds
Iteration 8:	0.0112531185 seconds	0.0000000000 seconds
Iteration 8:	0.0112640858 seconds	0.0000009537 seconds
Iteration 9:	0.0004508495 seconds	0.0000000000 seconds
Iteration 9:	0.0004069805 seconds	0.0000000000 seconds
Iteration 10:	0.0004310608 seconds	0.0000000000 seconds
Iteration 10:	0.0003969669 seconds	0.0000000000 seconds
Iteration 11:	0.0005741119 seconds	0.0000000000 seconds
Iteration 11:	0.0005309582 seconds	0.0000000000 seconds
Iteration 12:	0.0004959106 seconds	0.0000000000 seconds
Iteration 12:	0.0004451275 seconds	0.0000000000 seconds
Iteration 13:	0.0004401207 seconds	0.0000000000 seconds
Iteration 13:	0.0004048347 seconds	0.0000000000 seconds
Iteration 14:	0.0004999638 seconds	0.0000000000 seconds
Iteration 14:	0.0004429817 seconds	0.0000000000 seconds
Iteration 15:	0.0003039837 seconds	0.0000000000 seconds
Iteration 15:	0.0002698898 seconds	0.0000000000 seconds
Iteration 16:	0.0005569458 seconds	0.0000000000 seconds
Iteration 16:	0.0005099773 seconds	0.0000000000 seconds
Iteration 17:	0.0004129410 seconds	0.0000000000 seconds
Iteration 17:	0.0003790855 seconds	0.0000000000 seconds
Iteration 18:	0.0005681515 seconds	0.0000000000 seconds
Iteration 18:	0.0005090237 seconds	0.0000000000 seconds
Iteration 19:	0.0004949570 seconds	0.0000000000 seconds
Iteration 19:	0.0004539490 seconds	0.0000000000 seconds
Iteration 20:	0.0003759861 seconds	0.0000000000 seconds
Iteration 20:	0.0003609657 seconds	0.0000000000 seconds
Iteration 21:	0.0004711151 seconds	0.0000000000 seconds
Iteration 21:	0.0004320145 seconds	0.0000000000 seconds
Iteration 22:	0.0006539822 seconds	0.0000000000 seconds
Iteration 22:	0.0006268024 seconds	0.0000000000 seconds
Iteration 23:	0.0004019737 seconds	0.0000000000 seconds
Iteration 23:	0.0003480911 seconds	0.0000000000 seconds
Iteration 24:	0.0004000664 seconds	0.0000000000 seconds
Iteration 24:	0.0003650188 seconds	0.0000000000 seconds
Iteration 25:	0.0004289150 seconds	0.0000000000 seconds
Iteration 25:	0.0004057884 seconds	0.0000011921 seconds
Iteration 26:	0.0005009174 seconds	0.0000000000 seconds
Iteration 26:	0.0004630089 seconds	0.0000000000 seconds
Iteration 27:	0.0004389286 seconds	0.0000000000 seconds
Iteration 27:	0.0004019737 seconds	0.0000011921 seconds
Iteration 28:	0.0006630421 seconds	0.0000000000 seconds
Iteration 28:	0.0006320477 seconds	0.0000000000 seconds
Iteration 29:	0.0003991127 seconds	0.0000000000 seconds
Iteration 29:	0.0003819466 seconds	0.0000000000 seconds
Iteration 30:	0.0004849434 seconds	0.0000000000 seconds
Iteration 30:	0.0004529953 seconds	0.0000000000 seconds
Iteration 31:	0.0004181862 seconds	0.0000000000 seconds
Iteration 31:	0.0003919601 seconds	0.0000000000 seconds
Iteration 32:	0.0003850460 seconds	0.0000009537 seconds
Iteration 32:	0.0003700256 seconds	0.0000000000 seconds
Iteration 33:	0.0004479885 seconds	0.0000000000 seconds
Iteration 33:	0.0004229546 seconds	0.0000000000 seconds
Iteration 34:	0.0004081726 seconds	0.0000000000 seconds
Iteration 34:	0.0003800392 seconds	0.0000000000 seconds
Iteration 35:	0.0005061626 seconds	0.0000000000 seconds
Iteration 35:	0.0004699230 seconds	0.0000000000 seconds
Iteration 36:	0.0004730225 seconds	0.0000000000 seconds
Iteration 36:	0.0004270077 seconds	0.0000000000 seconds
Iteration 37:	0.0005059242 seconds	0.0000000000 seconds
Iteration 37:	0.0004751682 seconds	0.0000000000 seconds
Iteration 38:	0.0005869865 seconds	0.0000009537 seconds
Iteration 38:	0.0005309582 seconds	0.0000009537 seconds
Iteration 39:	0.0004019737 seconds	0.0000000000 seconds
Iteration 39:	0.0003509521 seconds	0.0000000000 seconds
Iteration 40:	0.0004038811 seconds	0.0000000000 seconds
Iteration 40:	0.0003850460 seconds	0.0000000000 seconds
Iteration 41:	0.0004191399 seconds	0.0000000000 seconds
Iteration 41:	0.0003778934 seconds	0.0000009537 seconds
Iteration 42:	0.0005991459 seconds	0.0000000000 seconds
Iteration 42:	0.0005469322 seconds	0.0000000000 seconds
Iteration 43:	0.0004789829 seconds	0.0000011921 seconds
Iteration 43:	0.0004289150 seconds	0.0000000000 seconds
Iteration 44:	0.0004260540 seconds	0.0000000000 seconds
Iteration 44:	0.0004041195 seconds	0.0000000000 seconds
Iteration 45:	0.0004169941 seconds	0.0000000000 seconds
Iteration 45:	0.0003919601 seconds	0.0000000000 seconds
Iteration 46:	0.0004401207 seconds	0.0000000000 seconds
Iteration 46:	0.0004010201 seconds	0.0000000000 seconds
Iteration 47:	0.0003411770 seconds	0.0000000000 seconds
Iteration 47:	0.0003068447 seconds	0.0000000000 seconds
Iteration 48:	0.0004560947 seconds	0.0000000000 seconds
Iteration 48:	0.0004320145 seconds	0.0000000000 seconds
Iteration 49:	0.0004770756 seconds	0.0000009537 seconds
Iteration 49:	0.0004301071 seconds	0.0000000000 seconds
Iteration 50:	0.0004210472 seconds	0.0000000000 seconds
Iteration 50:	0.0004010201 seconds	0.0000000000 seconds
Iteration 51:	0.0004169941 seconds	0.0000000000 seconds
Iteration 51:	0.0003798008 seconds	0.0000000000 seconds
Iteration 52:	0.0005688667 seconds	0.0000000000 seconds
Iteration 52:	0.0005471706 seconds	0.0000000000 seconds
Iteration 53:	0.0005691051 seconds	0.0000000000 seconds
Iteration 53:	0.0005459785 seconds	0.0000000000 seconds
Iteration 54:	0.0004351139 seconds	0.0000000000 seconds
Iteration 54:	0.0003981590 seconds	0.0000000000 seconds
Iteration 55:	0.0005519390 seconds	0.0000000000 seconds
Iteration 55:	0.0005009174 seconds	0.0000000000 seconds
Iteration 56:	0.0005760193 seconds	0.0000000000 seconds
Iteration 56:	0.0005209446 seconds	0.0000000000 seconds
Iteration 57:	0.0004758835 seconds	0.0000000000 seconds
Iteration 57:	0.0004389286 seconds	0.0000000000 seconds
Iteration 58:	0.0003969669 seconds	0.0000000000 seconds
Iteration 58:	0.0003769398 seconds	0.0000000000 seconds
Iteration 59:	0.0004358292 seconds	0.0000000000 seconds
Iteration 59:	0.0003919601 seconds	0.0000000000 seconds
Iteration 60:	0.0005228519 seconds	0.0000000000 seconds
Iteration 60:	0.0004870892 seconds	0.0000000000 seconds
Iteration 61:	0.0004560947 seconds	0.0000000000 seconds
Iteration 61:	0.0004010201 seconds	0.0000000000 seconds
Iteration 62:	0.0004460812 seconds	0.0000000000 seconds
Iteration 62:	0.0003991127 seconds	0.0000000000 seconds
Iteration 63:	0.0006310940 seconds	0.0000000000 seconds
Iteration 63:	0.0005800724 seconds	0.0000000000 seconds
Iteration 64:	0.0004291534 seconds	0.0000000000 seconds
Iteration 64:	0.0003888607 seconds	0.0000011921 seconds
Iteration 65:	0.0006029606 seconds	0.0000009537 seconds
Iteration 65:	0.0005719662 seconds	0.0000000000 seconds
Iteration 66:	0.0004260540 seconds	0.0000000000 seconds
Iteration 66:	0.0003809929 seconds	0.0000000000 seconds
Iteration 67:	0.0004069805 seconds	0.0000000000 seconds
Iteration 67:	0.0003829002 seconds	0.0000011921 seconds
Iteration 68:	0.0005578995 seconds	0.0000000000 seconds
Iteration 68:	0.0005061626 seconds	0.0000000000 seconds
Iteration 69:	0.0005939007 seconds	0.0000000000 seconds
Iteration 69:	0.0005600452 seconds	0.0000000000 seconds
Iteration 70:	0.0003600121 seconds	0.0000000000 seconds
Iteration 70:	0.0003080368 seconds	0.0000000000 seconds
Iteration 71:	0.0004999638 seconds	0.0000000000 seconds
Iteration 71:	0.0004649162 seconds	0.0000000000 seconds
Iteration 72:	0.0004107952 seconds	0.0000000000 seconds
Iteration 72:	0.0003910065 seconds	0.0000000000 seconds
Iteration 73:	0.0004508495 seconds	0.0000000000 seconds
Iteration 73:	0.0004038811 seconds	0.0000000000 seconds
Iteration 74:	0.0004210472 seconds	0.0000000000 seconds
Iteration 74:	0.0003910065 seconds	0.0000000000 seconds
Iteration 75:	0.0004110336 seconds	0.0000000000 seconds
Iteration 75:	0.0003790855 seconds	0.0000000000 seconds
Iteration 76:	0.0005741119 seconds	0.0000000000 seconds
Iteration 76:	0.0005347729 seconds	0.0000000000 seconds
Iteration 77:	0.0006670952 seconds	0.0000000000 seconds
Iteration 77:	0.0006310940 seconds	0.0000009537 seconds
Iteration 78:	0.0006749630 seconds	0.0000000000 seconds
Iteration 78:	0.0006449223 seconds	0.0000000000 seconds
Iteration 79:	0.0003850460 seconds	0.0000000000 seconds
Iteration 79:	0.0003600121 seconds	0.0000009537 seconds
Iteration 80:	0.0004189014 seconds	0.0000000000 seconds
Iteration 80:	0.0003829002 seconds	0.0000000000 seconds
Iteration 81:	0.0003969669 seconds	0.0000000000 seconds
Iteration 81:	0.0003650188 seconds	0.0000000000 seconds
Iteration 82:	0.0005500317 seconds	0.0000000000 seconds
Iteration 82:	0.0005080700 seconds	0.0000000000 seconds
Iteration 83:	0.0003750324 seconds	0.0000000000 seconds
Iteration 83:	0.0003428459 seconds	0.0000000000 seconds
Iteration 84:	0.0006079674 seconds	0.0000011921 seconds
Iteration 84:	0.0005781651 seconds	0.0000000000 seconds
Iteration 85:	0.0004541874 seconds	0.0000000000 seconds
Iteration 85:	0.0004229546 seconds	0.0000000000 seconds
Iteration 86:	0.0006101131 seconds	0.0000000000 seconds
Iteration 86:	0.0005638599 seconds	0.0000000000 seconds
Iteration 87:	0.0003578663 seconds	0.0000000000 seconds
Iteration 87:	0.0003058910 seconds	0.0000000000 seconds
Iteration 88:	0.0005290508 seconds	0.0000000000 seconds
Iteration 88:	0.0004961491 seconds	0.0000000000 seconds
Iteration 89:	0.0004892349 seconds	0.0000000000 seconds
Iteration 89:	0.0004320145 seconds	0.0000000000 seconds
Iteration 90:	0.0004429817 seconds	0.0000000000 seconds
Iteration 90:	0.0004191399 seconds	0.0000000000 seconds
Iteration 91:	0.0005371571 seconds	0.0000009537 seconds
Iteration 91:	0.0004918575 seconds	0.0000000000 seconds
Iteration 92:	0.0005660057 seconds	0.0000009537 seconds
Iteration 92:	0.0005269051 seconds	0.0000000000 seconds
Iteration 93:	0.0006239414 seconds	0.0000000000 seconds
Iteration 93:	0.0006129742 seconds	0.0000000000 seconds
Iteration 94:	0.0006089211 seconds	0.0000000000 seconds
Iteration 94:	0.0005760193 seconds	0.0000000000 seconds
Iteration 95:	0.0005629063 seconds	0.0000000000 seconds
Iteration 95:	0.0004971027 seconds	0.0000000000 seconds
Iteration 96:	0.0004081726 seconds	0.0000000000 seconds
Iteration 96:	0.0003788471 seconds	0.0000000000 seconds
Iteration 97:	0.0003771782 seconds	0.0000000000 seconds
Iteration 97:	0.0003519058 seconds	0.0000000000 seconds
Iteration 98:	0.0005919933 seconds	0.0000000000 seconds
Iteration 98:	0.0005760193 seconds	0.0000000000 seconds
Iteration 99:	0.0005009174 seconds	0.0000000000 seconds
Total computation time was: 0.283973		Average frame time was: 0.002820		Average Particle interations per second were: 81700312.947025
Iteration 99:	0.0004720688 seconds	0.0000000000 seconds
