[ -1:000]                : Rank 1 is running on comet-12-17.sdsc.edu
[  1:001] init_pprintf   : My dest: 0	My source: 0	My_num_part: 480
[ -1:000]                : Rank 0 is running on comet-12-17.sdsc.edu
[  0:001] init_pprintf   : My dest: 1	My source: 1	My_num_part: 480
Initalizing particles linear on 0 to 480
Initalizing particles linear on 480 to 960
Iteration 0:	0.0054109097 seconds	0.0000000000 seconds
Iteration 0:	0.0052928925 seconds	0.0000009537 seconds
Iteration 1:	0.0048990250 seconds	0.0000000000 seconds
Iteration 1:	0.0048990250 seconds	0.0000000000 seconds
Iteration 2:	0.0052630901 seconds	0.0000000000 seconds
Iteration 2:	0.0052628517 seconds	0.0000000000 seconds
Iteration 3:	0.0048840046 seconds	0.0000000000 seconds
Iteration 3:	0.0048840046 seconds	0.0000000000 seconds
Iteration 4:	0.0052528381 seconds	0.0000000000 seconds
Iteration 4:	0.0052528381 seconds	0.0000000000 seconds
Iteration 5:	0.0048809052 seconds	0.0000000000 seconds
Iteration 5:	0.0048799515 seconds	0.0000000000 seconds
Iteration 6:	0.0052518845 seconds	0.0000000000 seconds
Iteration 6:	0.0052509308 seconds	0.0000000000 seconds
Iteration 7:	0.0048809052 seconds	0.0000000000 seconds
Iteration 7:	0.0048799515 seconds	0.0000000000 seconds
Iteration 8:	0.0052530766 seconds	0.0000000000 seconds
Iteration 8:	0.0052530766 seconds	0.0000009537 seconds
Iteration 9:	0.0048758984 seconds	0.0000000000 seconds
Iteration 9:	0.0048758984 seconds	0.0000000000 seconds
Iteration 10:	0.0052499771 seconds	0.0000000000 seconds
Iteration 10:	0.0052499771 seconds	0.0000000000 seconds
Iteration 11:	0.0048811436 seconds	0.0000000000 seconds
Iteration 11:	0.0048811436 seconds	0.0000000000 seconds
Iteration 12:	0.0052511692 seconds	0.0000000000 seconds
Iteration 12:	0.0052521229 seconds	0.0000000000 seconds
Iteration 13:	0.0049090385 seconds	0.0000000000 seconds
Iteration 13:	0.0049099922 seconds	0.0000000000 seconds
Iteration 14:	0.0052540302 seconds	0.0000000000 seconds
Iteration 14:	0.0052540302 seconds	0.0000009537 seconds
Iteration 15:	0.0049118996 seconds	0.0000000000 seconds
Iteration 15:	0.0049130917 seconds	0.0000000000 seconds
Iteration 16:	0.0052509308 seconds	0.0000000000 seconds
Iteration 16:	0.0052509308 seconds	0.0000000000 seconds
Iteration 17:	0.0048758984 seconds	0.0000000000 seconds
Iteration 17:	0.0048749447 seconds	0.0000000000 seconds
Iteration 18:	0.0052769184 seconds	0.0000000000 seconds
Iteration 18:	0.0052781105 seconds	0.0000000000 seconds
Iteration 19:	0.0048801899 seconds	0.0000000000 seconds
Iteration 19:	0.0048801899 seconds	0.0000000000 seconds
Iteration 20:	0.0052530766 seconds	0.0000000000 seconds
Iteration 20:	0.0052540302 seconds	0.0000000000 seconds
Iteration 21:	0.0048820972 seconds	0.0000000000 seconds
Iteration 21:	0.0048820972 seconds	0.0000000000 seconds
Iteration 22:	0.0052499771 seconds	0.0000000000 seconds
Iteration 22:	0.0052499771 seconds	0.0000000000 seconds
Iteration 23:	0.0049040318 seconds	0.0000000000 seconds
Iteration 23:	0.0049040318 seconds	0.0000000000 seconds
Iteration 24:	0.0052521229 seconds	0.0000000000 seconds
Iteration 24:	0.0052521229 seconds	0.0000000000 seconds
Iteration 25:	0.0048811436 seconds	0.0000000000 seconds
Iteration 25:	0.0048811436 seconds	0.0000000000 seconds
Iteration 26:	0.0052559376 seconds	0.0000000000 seconds
Iteration 26:	0.0052559376 seconds	0.0000000000 seconds
Iteration 27:	0.0049240589 seconds	0.0000000000 seconds
Iteration 27:	0.0049231052 seconds	0.0000000000 seconds
Iteration 28:	0.0053181648 seconds	0.0000000000 seconds
Iteration 28:	0.0053181648 seconds	0.0000000000 seconds
Iteration 29:	0.0048828125 seconds	0.0000000000 seconds
Iteration 29:	0.0048828125 seconds	0.0000000000 seconds
Iteration 30:	0.0052540302 seconds	0.0000000000 seconds
Iteration 30:	0.0052540302 seconds	0.0000000000 seconds
Iteration 31:	0.0048999786 seconds	0.0000000000 seconds
Iteration 31:	0.0049009323 seconds	0.0000000000 seconds
Iteration 32:	0.0052549839 seconds	0.0000000000 seconds
Iteration 32:	0.0052549839 seconds	0.0000000000 seconds
Iteration 33:	0.0048758984 seconds	0.0000000000 seconds
Iteration 33:	0.0048758984 seconds	0.0000000000 seconds
Iteration 34:	0.0052549839 seconds	0.0000000000 seconds
Iteration 34:	0.0052540302 seconds	0.0000000000 seconds
Iteration 35:	0.0048799515 seconds	0.0000000000 seconds
Iteration 35:	0.0048809052 seconds	0.0000000000 seconds
Iteration 36:	0.0052499771 seconds	0.0000000000 seconds
Iteration 36:	0.0052499771 seconds	0.0000000000 seconds
Iteration 37:	0.0049018860 seconds	0.0000000000 seconds
Iteration 37:	0.0049028397 seconds	0.0000000000 seconds
Iteration 38:	0.0052580833 seconds	0.0000000000 seconds
Iteration 38:	0.0052580833 seconds	0.0000000000 seconds
Iteration 39:	0.0048789978 seconds	0.0000000000 seconds
Iteration 39:	0.0048789978 seconds	0.0000000000 seconds
Iteration 40:	0.0052831173 seconds	0.0000000000 seconds
Iteration 40:	0.0052821636 seconds	0.0000000000 seconds
Iteration 41:	0.0048768520 seconds	0.0000000000 seconds
Iteration 41:	0.0048758984 seconds	0.0000009537 seconds
Iteration 42:	0.0052490234 seconds	0.0000000000 seconds
Iteration 42:	0.0052490234 seconds	0.0000000000 seconds
Iteration 43:	0.0049290657 seconds	0.0000000000 seconds
Iteration 43:	0.0049288273 seconds	0.0000000000 seconds
Iteration 44:	0.0053260326 seconds	0.0000000000 seconds
Iteration 44:	0.0053260326 seconds	0.0000000000 seconds
Iteration 45:	0.0049560070 seconds	0.0000000000 seconds
Iteration 45:	0.0049560070 seconds	0.0000000000 seconds
Iteration 46:	0.0053560734 seconds	0.0000000000 seconds
Iteration 46:	0.0053548813 seconds	0.0000000000 seconds
Iteration 47:	0.0048809052 seconds	0.0000000000 seconds
Iteration 47:	0.0048818588 seconds	0.0000000000 seconds
Iteration 48:	0.0052750111 seconds	0.0000000000 seconds
Iteration 48:	0.0052740574 seconds	0.0000000000 seconds
Iteration 49:	0.0049090385 seconds	0.0000000000 seconds
Iteration 49:	0.0049109459 seconds	0.0000000000 seconds
Iteration 50:	0.0052549839 seconds	0.0000000000 seconds
Iteration 50:	0.0052549839 seconds	0.0000000000 seconds
Iteration 51:	0.0048770905 seconds	0.0000000000 seconds
Iteration 51:	0.0048770905 seconds	0.0000000000 seconds
Iteration 52:	0.0053181648 seconds	0.0000000000 seconds
Iteration 52:	0.0053181648 seconds	0.0000000000 seconds
Iteration 53:	0.0048849583 seconds	0.0000000000 seconds
Iteration 53:	0.0048849583 seconds	0.0000000000 seconds
Iteration 54:	0.0052571297 seconds	0.0000000000 seconds
Iteration 54:	0.0052559376 seconds	0.0000000000 seconds
Iteration 55:	0.0048799515 seconds	0.0000000000 seconds
Iteration 55:	0.0048809052 seconds	0.0000000000 seconds
Iteration 56:	0.0052537918 seconds	0.0000000000 seconds
Iteration 56:	0.0052528381 seconds	0.0000000000 seconds
Iteration 57:	0.0048799515 seconds	0.0000000000 seconds
Iteration 57:	0.0048799515 seconds	0.0000000000 seconds
Iteration 58:	0.0052509308 seconds	0.0000000000 seconds
Iteration 58:	0.0052499771 seconds	0.0000000000 seconds
Iteration 59:	0.0048770905 seconds	0.0000000000 seconds
Iteration 59:	0.0048780441 seconds	0.0000000000 seconds
Total computation time was: 0.305144		Average frame time was: 0.005081		Average Particle interations per second were: 181371478.473850
