[ -1:000]                : Rank 0 is running on comet-13-25.sdsc.edu
[  0:001] init_pprintf   : My dest: 1	My source: 2	My_num_part: 160
Initalizing particles linear on 0 to 160
[ -1:000]                : Rank 2 is running on comet-13-28.sdsc.edu
[  2:001] init_pprintf   : My dest: 0	My source: 1	My_num_part: 160
Initalizing particles linear on 320 to 480
[ -1:000]                : Rank 1 is running on comet-13-27.sdsc.edu
[  1:001] init_pprintf   : My dest: 2	My source: 0	My_num_part: 160
Initalizing particles linear on 160 to 320
Iteration 0:	0.3945269585 seconds	0.0000000000 seconds
Iteration 0:	0.4337530136 seconds	0.0000000000 seconds
Iteration 0:	0.3947041035 seconds	0.0000000000 seconds
Iteration 1:	0.0009899139 seconds	0.0000000000 seconds
Iteration 1:	0.0009970665 seconds	0.0000009537 seconds
Iteration 1:	0.0003561974 seconds	0.0000009537 seconds
Iteration 2:	0.0004429817 seconds	0.0000000000 seconds
Iteration 2:	0.0004968643 seconds	0.0000000000 seconds
Iteration 2:	0.0004990101 seconds	0.0000000000 seconds
Iteration 3:	0.0004141331 seconds	0.0000000000 seconds
Iteration 3:	0.0004639626 seconds	0.0000000000 seconds
Iteration 3:	0.0004000664 seconds	0.0000000000 seconds
Iteration 4:	0.0004479885 seconds	0.0000000000 seconds
Iteration 4:	0.0004730225 seconds	0.0000000000 seconds
Iteration 4:	0.0004711151 seconds	0.0000000000 seconds
Iteration 5:	0.0004150867 seconds	0.0000000000 seconds
Iteration 5:	0.0005149841 seconds	0.0000000000 seconds
Iteration 5:	0.0005071163 seconds	0.0000000000 seconds
Iteration 6:	0.0005159378 seconds	0.0000000000 seconds
Iteration 6:	0.0004620552 seconds	0.0000000000 seconds
Iteration 6:	0.0004467964 seconds	0.0000000000 seconds
Iteration 7:	0.0005309582 seconds	0.0000000000 seconds
Iteration 7:	0.0005490780 seconds	0.0000000000 seconds
Iteration 7:	0.0005559921 seconds	0.0000000000 seconds
Iteration 8:	0.0004460812 seconds	0.0000000000 seconds
Iteration 8:	0.0004520416 seconds	0.0000000000 seconds
Iteration 8:	0.0004611015 seconds	0.0000000000 seconds
Iteration 9:	0.0003900528 seconds	0.0000000000 seconds
Iteration 9:	0.0003721714 seconds	0.0000000000 seconds
Iteration 9:	0.0003740788 seconds	0.0000000000 seconds
Iteration 10:	0.0003919601 seconds	0.0000000000 seconds
Iteration 10:	0.0004279613 seconds	0.0000000000 seconds
Iteration 10:	0.0004079342 seconds	0.0000009537 seconds
Iteration 11:	0.0004811287 seconds	0.0000000000 seconds
Iteration 11:	0.0005159378 seconds	0.0000000000 seconds
Iteration 11:	0.0004780293 seconds	0.0000000000 seconds
Iteration 12:	0.0003628731 seconds	0.0000000000 seconds
Iteration 12:	0.0003981590 seconds	0.0000000000 seconds
Iteration 12:	0.0003800392 seconds	0.0000000000 seconds
Iteration 13:	0.0003490448 seconds	0.0000000000 seconds
Iteration 13:	0.0003910065 seconds	0.0000000000 seconds
Iteration 13:	0.0004169941 seconds	0.0000000000 seconds
Iteration 14:	0.0003831387 seconds	0.0000000000 seconds
Iteration 14:	0.0004391670 seconds	0.0000000000 seconds
Iteration 14:	0.0004069805 seconds	0.0000000000 seconds
Iteration 15:	0.0003809929 seconds	0.0000000000 seconds
Iteration 15:	0.0003931522 seconds	0.0000000000 seconds
Iteration 15:	0.0003979206 seconds	0.0000000000 seconds
Iteration 16:	0.0004220009 seconds	0.0000000000 seconds
Iteration 16:	0.0004830360 seconds	0.0000000000 seconds
Iteration 16:	0.0004849434 seconds	0.0000000000 seconds
Iteration 17:	0.0005021095 seconds	0.0000000000 seconds
Iteration 17:	0.0004110336 seconds	0.0000000000 seconds
Iteration 17:	0.0004298687 seconds	0.0000000000 seconds
Iteration 18:	0.0003609657 seconds	0.0000000000 seconds
Iteration 18:	0.0004241467 seconds	0.0000000000 seconds
Iteration 18:	0.0004298687 seconds	0.0000000000 seconds
Iteration 19:	0.0004389286 seconds	0.0000000000 seconds
Iteration 19:	0.0004010201 seconds	0.0000000000 seconds
Iteration 19:	0.0004010201 seconds	0.0000000000 seconds
Iteration 20:	0.0004019737 seconds	0.0000000000 seconds
Iteration 20:	0.0004370213 seconds	0.0000000000 seconds
Iteration 20:	0.0004110336 seconds	0.0000000000 seconds
Iteration 21:	0.0003929138 seconds	0.0000000000 seconds
Iteration 21:	0.0004670620 seconds	0.0000000000 seconds
Iteration 21:	0.0004689693 seconds	0.0000000000 seconds
Iteration 22:	0.0004801750 seconds	0.0000000000 seconds
Iteration 22:	0.0004131794 seconds	0.0000000000 seconds
Iteration 22:	0.0003979206 seconds	0.0000000000 seconds
Iteration 23:	0.0003890991 seconds	0.0000000000 seconds
Iteration 23:	0.0003879070 seconds	0.0000009537 seconds
Iteration 23:	0.0004131794 seconds	0.0000000000 seconds
Iteration 24:	0.0003769398 seconds	0.0000000000 seconds
Iteration 24:	0.0003840923 seconds	0.0000009537 seconds
Iteration 24:	0.0003688335 seconds	0.0000000000 seconds
Iteration 25:	0.0003471375 seconds	0.0000009537 seconds
Iteration 25:	0.0004580021 seconds	0.0000000000 seconds
Iteration 25:	0.0004529953 seconds	0.0000000000 seconds
Iteration 26:	0.0004549026 seconds	0.0000000000 seconds
Iteration 26:	0.0004630089 seconds	0.0000000000 seconds
Iteration 26:	0.0004630089 seconds	0.0000000000 seconds
Iteration 27:	0.0003271103 seconds	0.0000000000 seconds
Iteration 27:	0.0004260540 seconds	0.0000000000 seconds
Iteration 27:	0.0003509521 seconds	0.0000000000 seconds
Iteration 28:	0.0003938675 seconds	0.0000000000 seconds
Iteration 28:	0.0004441738 seconds	0.0000000000 seconds
Iteration 28:	0.0004570484 seconds	0.0000000000 seconds
Iteration 29:	0.0003919601 seconds	0.0000000000 seconds
Iteration 29:	0.0003798008 seconds	0.0000000000 seconds
Iteration 29:	0.0003919601 seconds	0.0000009537 seconds
Iteration 30:	0.0004248619 seconds	0.0000000000 seconds
Iteration 30:	0.0004568100 seconds	0.0000000000 seconds
Iteration 30:	0.0004169941 seconds	0.0000000000 seconds
Iteration 31:	0.0003829002 seconds	0.0000000000 seconds
Iteration 31:	0.0004119873 seconds	0.0000000000 seconds
Iteration 31:	0.0004060268 seconds	0.0000000000 seconds
Iteration 32:	0.0003650188 seconds	0.0000000000 seconds
Iteration 32:	0.0003662109 seconds	0.0000000000 seconds
Iteration 32:	0.0003800392 seconds	0.0000000000 seconds
Iteration 33:	0.0004069805 seconds	0.0000000000 seconds
Iteration 33:	0.0004320145 seconds	0.0000000000 seconds
Iteration 33:	0.0004229546 seconds	0.0000000000 seconds
Iteration 34:	0.0004179478 seconds	0.0000000000 seconds
Iteration 34:	0.0004720688 seconds	0.0000000000 seconds
Iteration 34:	0.0004689693 seconds	0.0000000000 seconds
Iteration 35:	0.0005190372 seconds	0.0000000000 seconds
Iteration 35:	0.0004730225 seconds	0.0000000000 seconds
Iteration 35:	0.0004808903 seconds	0.0000000000 seconds
Iteration 36:	0.0003409386 seconds	0.0000000000 seconds
Iteration 36:	0.0004460812 seconds	0.0000000000 seconds
Iteration 36:	0.0004169941 seconds	0.0000000000 seconds
Iteration 37:	0.0004260540 seconds	0.0000000000 seconds
Iteration 37:	0.0005199909 seconds	0.0000000000 seconds
Iteration 37:	0.0004560947 seconds	0.0000000000 seconds
Iteration 38:	0.0004310608 seconds	0.0000000000 seconds
Iteration 38:	0.0004990101 seconds	0.0000000000 seconds
Iteration 38:	0.0005218983 seconds	0.0000000000 seconds
Iteration 39:	0.0005049706 seconds	0.0000000000 seconds
Iteration 39:	0.0004479885 seconds	0.0000000000 seconds
Iteration 39:	0.0004439354 seconds	0.0000000000 seconds
Iteration 40:	0.0003600121 seconds	0.0000000000 seconds
Iteration 40:	0.0003809929 seconds	0.0000000000 seconds
Iteration 40:	0.0003921986 seconds	0.0000000000 seconds
Iteration 41:	0.0003881454 seconds	0.0000000000 seconds
Iteration 41:	0.0003528595 seconds	0.0000000000 seconds
Iteration 41:	0.0003709793 seconds	0.0000000000 seconds
Iteration 42:	0.0003449917 seconds	0.0000000000 seconds
Iteration 42:	0.0003919601 seconds	0.0000000000 seconds
Iteration 42:	0.0004229546 seconds	0.0000000000 seconds
Iteration 43:	0.0004999638 seconds	0.0000000000 seconds
Iteration 43:	0.0004930496 seconds	0.0000000000 seconds
Iteration 43:	0.0004820824 seconds	0.0000000000 seconds
Iteration 44:	0.0003969669 seconds	0.0000000000 seconds
Iteration 44:	0.0004000664 seconds	0.0000000000 seconds
Iteration 44:	0.0004000664 seconds	0.0000000000 seconds
Iteration 45:	0.0003709793 seconds	0.0000000000 seconds
Iteration 45:	0.0003678799 seconds	0.0000000000 seconds
Iteration 45:	0.0003709793 seconds	0.0000000000 seconds
Iteration 46:	0.0003027916 seconds	0.0000000000 seconds
Iteration 46:	0.0004091263 seconds	0.0000000000 seconds
Iteration 46:	0.0004038811 seconds	0.0000000000 seconds
Iteration 47:	0.0004808903 seconds	0.0000000000 seconds
Iteration 47:	0.0004019737 seconds	0.0000000000 seconds
Iteration 47:	0.0003900528 seconds	0.0000000000 seconds
Iteration 48:	0.0004298687 seconds	0.0000000000 seconds
Iteration 48:	0.0004448891 seconds	0.0000000000 seconds
Iteration 48:	0.0004630089 seconds	0.0000000000 seconds
Iteration 49:	0.0004639626 seconds	0.0000000000 seconds
Iteration 49:	0.0004439354 seconds	0.0000000000 seconds
Iteration 49:	0.0004320145 seconds	0.0000000000 seconds
Iteration 50:	0.0003647804 seconds	0.0000000000 seconds
Iteration 50:	0.0003688335 seconds	0.0000000000 seconds
Iteration 50:	0.0003759861 seconds	0.0000000000 seconds
Iteration 51:	0.0003259182 seconds	0.0000000000 seconds
Iteration 51:	0.0003449917 seconds	0.0000000000 seconds
Iteration 51:	0.0003330708 seconds	0.0000000000 seconds
Iteration 52:	0.0003671646 seconds	0.0000000000 seconds
Iteration 52:	0.0003800392 seconds	0.0000000000 seconds
Iteration 52:	0.0004029274 seconds	0.0000000000 seconds
Iteration 53:	0.0003650188 seconds	0.0000000000 seconds
Iteration 53:	0.0004019737 seconds	0.0000000000 seconds
Iteration 53:	0.0003829002 seconds	0.0000000000 seconds
Iteration 54:	0.0004889965 seconds	0.0000000000 seconds
Iteration 54:	0.0005748272 seconds	0.0000000000 seconds
Iteration 54:	0.0005660057 seconds	0.0000000000 seconds
Iteration 55:	0.0004591942 seconds	0.0000000000 seconds
Iteration 55:	0.0004141331 seconds	0.0000000000 seconds
Iteration 55:	0.0004129410 seconds	0.0000000000 seconds
Iteration 56:	0.0004510880 seconds	0.0000000000 seconds
Iteration 56:	0.0004920959 seconds	0.0000000000 seconds
Iteration 56:	0.0004858971 seconds	0.0000000000 seconds
Iteration 57:	0.0004348755 seconds	0.0000000000 seconds
Iteration 57:	0.0004010201 seconds	0.0000000000 seconds
Iteration 57:	0.0004019737 seconds	0.0000000000 seconds
Iteration 58:	0.0003249645 seconds	0.0000000000 seconds
Iteration 58:	0.0003848076 seconds	0.0000000000 seconds
Iteration 58:	0.0003900528 seconds	0.0000000000 seconds
Iteration 59:	0.0005071163 seconds	0.0000000000 seconds
Iteration 59:	0.0004179478 seconds	0.0000000000 seconds
Iteration 59:	0.0004191399 seconds	0.0000000000 seconds
Iteration 60:	0.0003781319 seconds	0.0000000000 seconds
Iteration 60:	0.0003769398 seconds	0.0000000000 seconds
Iteration 60:	0.0003688335 seconds	0.0000000000 seconds
Iteration 61:	0.0004489422 seconds	0.0000000000 seconds
Iteration 61:	0.0005319118 seconds	0.0000000000 seconds
Iteration 61:	0.0005278587 seconds	0.0000000000 seconds
Iteration 62:	0.0004730225 seconds	0.0000009537 seconds
Iteration 62:	0.0004611015 seconds	0.0000000000 seconds
Iteration 62:	0.0004599094 seconds	0.0000000000 seconds
Iteration 63:	0.0003061295 seconds	0.0000000000 seconds
Iteration 63:	0.0003259182 seconds	0.0000000000 seconds
Iteration 63:	0.0003769398 seconds	0.0000000000 seconds
Iteration 64:	0.0003769398 seconds	0.0000000000 seconds
Iteration 64:	0.0003809929 seconds	0.0000000000 seconds
Iteration 64:	0.0004210472 seconds	0.0000000000 seconds
Iteration 65:	0.0004711151 seconds	0.0000000000 seconds
Iteration 65:	0.0005149841 seconds	0.0000000000 seconds
Iteration 65:	0.0005128384 seconds	0.0000000000 seconds
Iteration 66:	0.0003859997 seconds	0.0000000000 seconds
Iteration 66:	0.0004630089 seconds	0.0000000000 seconds
Iteration 66:	0.0004539490 seconds	0.0000000000 seconds
Iteration 67:	0.0004701614 seconds	0.0000000000 seconds
Iteration 67:	0.0004022121 seconds	0.0000000000 seconds
Iteration 67:	0.0004019737 seconds	0.0000000000 seconds
Iteration 68:	0.0003409386 seconds	0.0000000000 seconds
Iteration 68:	0.0004160404 seconds	0.0000000000 seconds
Iteration 68:	0.0004169941 seconds	0.0000000000 seconds
Iteration 69:	0.0004580021 seconds	0.0000000000 seconds
Iteration 69:	0.0004639626 seconds	0.0000000000 seconds
Iteration 69:	0.0004580021 seconds	0.0000000000 seconds
Iteration 70:	0.0004270077 seconds	0.0000000000 seconds
Iteration 70:	0.0003719330 seconds	0.0000000000 seconds
Iteration 70:	0.0003700256 seconds	0.0000000000 seconds
Iteration 71:	0.0004470348 seconds	0.0000000000 seconds
Iteration 71:	0.0004870892 seconds	0.0000009537 seconds
Iteration 71:	0.0004739761 seconds	0.0000000000 seconds
Iteration 72:	0.0004680157 seconds	0.0000000000 seconds
Iteration 72:	0.0004620552 seconds	0.0000000000 seconds
Iteration 72:	0.0004620552 seconds	0.0000000000 seconds
Iteration 73:	0.0004570484 seconds	0.0000000000 seconds
Iteration 73:	0.0004630089 seconds	0.0000000000 seconds
Iteration 73:	0.0004699230 seconds	0.0000000000 seconds
Iteration 74:	0.0003809929 seconds	0.0000000000 seconds
Iteration 74:	0.0003809929 seconds	0.0000000000 seconds
Iteration 74:	0.0003898144 seconds	0.0000000000 seconds
Iteration 75:	0.0005040169 seconds	0.0000000000 seconds
Iteration 75:	0.0004310608 seconds	0.0000000000 seconds
Iteration 75:	0.0004241467 seconds	0.0000000000 seconds
Iteration 76:	0.0003790855 seconds	0.0000000000 seconds
Iteration 76:	0.0004119873 seconds	0.0000000000 seconds
Iteration 76:	0.0004088879 seconds	0.0000000000 seconds
Iteration 77:	0.0003700256 seconds	0.0000000000 seconds
Iteration 77:	0.0003371239 seconds	0.0000000000 seconds
Iteration 77:	0.0003390312 seconds	0.0000000000 seconds
Iteration 78:	0.0004608631 seconds	0.0000000000 seconds
Iteration 78:	0.0004878044 seconds	0.0000000000 seconds
Iteration 78:	0.0004830360 seconds	0.0000000000 seconds
Iteration 79:	0.0004260540 seconds	0.0000000000 seconds
Iteration 79:	0.0004951954 seconds	0.0000000000 seconds
Iteration 79:	0.0004909039 seconds	0.0000000000 seconds
Iteration 80:	0.0004670620 seconds	0.0000000000 seconds
Iteration 80:	0.0003619194 seconds	0.0000000000 seconds
Iteration 80:	0.0004050732 seconds	0.0000009537 seconds
Iteration 81:	0.0003409386 seconds	0.0000000000 seconds
Iteration 81:	0.0004360676 seconds	0.0000000000 seconds
Iteration 81:	0.0004749298 seconds	0.0000009537 seconds
Iteration 82:	0.0003271103 seconds	0.0000000000 seconds
Iteration 82:	0.0004811287 seconds	0.0000000000 seconds
Iteration 82:	0.0003969669 seconds	0.0000000000 seconds
Iteration 83:	0.0003972054 seconds	0.0000000000 seconds
Iteration 83:	0.0004630089 seconds	0.0000009537 seconds
Iteration 83:	0.0005218983 seconds	0.0000000000 seconds
Iteration 84:	0.0004239082 seconds	0.0000000000 seconds
Iteration 84:	0.0004439354 seconds	0.0000000000 seconds
Iteration 84:	0.0004048347 seconds	0.0000000000 seconds
Iteration 85:	0.0004520416 seconds	0.0000000000 seconds
Iteration 85:	0.0004479885 seconds	0.0000000000 seconds
Iteration 85:	0.0004498959 seconds	0.0000000000 seconds
Iteration 86:	0.0004079342 seconds	0.0000000000 seconds
Iteration 86:	0.0004050732 seconds	0.0000000000 seconds
Iteration 86:	0.0004181862 seconds	0.0000000000 seconds
Iteration 87:	0.0004549026 seconds	0.0000000000 seconds
Iteration 87:	0.0004689693 seconds	0.0000000000 seconds
Iteration 87:	0.0004739761 seconds	0.0000000000 seconds
Iteration 88:	0.0004868507 seconds	0.0000000000 seconds
Iteration 88:	0.0005228519 seconds	0.0000000000 seconds
Iteration 88:	0.0005290508 seconds	0.0000000000 seconds
Iteration 89:	0.0003890991 seconds	0.0000000000 seconds
Iteration 89:	0.0003910065 seconds	0.0000000000 seconds
Iteration 89:	0.0003938675 seconds	0.0000000000 seconds
Iteration 90:	0.0005037785 seconds	0.0000000000 seconds
Iteration 90:	0.0005362034 seconds	0.0000009537 seconds
Iteration 90:	0.0005359650 seconds	0.0000000000 seconds
Iteration 91:	0.0005221367 seconds	0.0000000000 seconds
Iteration 91:	0.0004148483 seconds	0.0000000000 seconds
Iteration 91:	0.0004220009 seconds	0.0000000000 seconds
Iteration 92:	0.0004138947 seconds	0.0000000000 seconds
Iteration 92:	0.0004251003 seconds	0.0000000000 seconds
Iteration 92:	0.0004060268 seconds	0.0000000000 seconds
Iteration 93:	0.0004580021 seconds	0.0000000000 seconds
Iteration 93:	0.0005350113 seconds	0.0000000000 seconds
Iteration 93:	0.0005359650 seconds	0.0000000000 seconds
Iteration 94:	0.0004241467 seconds	0.0000000000 seconds
Iteration 94:	0.0003769398 seconds	0.0000009537 seconds
Iteration 94:	0.0003550053 seconds	0.0000000000 seconds
Iteration 95:	0.0004200935 seconds	0.0000000000 seconds
Iteration 95:	0.0004241467 seconds	0.0000000000 seconds
Iteration 95:	0.0004100800 seconds	0.0000000000 seconds
Iteration 96:	0.0003740788 seconds	0.0000000000 seconds
Iteration 96:	0.0003929138 seconds	0.0000000000 seconds
Iteration 96:	0.0003819466 seconds	0.0000000000 seconds
Iteration 97:	0.0003521442 seconds	0.0000000000 seconds
Iteration 97:	0.0004179478 seconds	0.0000000000 seconds
Iteration 97:	0.0004260540 seconds	0.0000000000 seconds
Iteration 98:	0.0003740788 seconds	0.0000000000 seconds
Iteration 98:	0.0004379749 seconds	0.0000000000 seconds
Iteration 98:	0.0003948212 seconds	0.0000000000 seconds
Iteration 99:	0.0004308224 seconds	0.0000011921 seconds
Total computation time was: 0.480347		Average frame time was: 0.004764		Average Particle interations per second were: 48366216.267889
Iteration 99:	0.0005059242 seconds	0.0000000000 seconds
Iteration 99:	0.0004940033 seconds	0.0000000000 seconds
