[ -1:000]                : Rank 2 is running on comet-05-11.sdsc.edu
[ -1:000]                : Rank 0 is running on comet-05-11.sdsc.edu
[ -1:000]                : Rank 3 is running on comet-05-11.sdsc.edu
[  2:001] init_pprintf   : My dest: 3	My source: 1	My_num_part: 2040
[  0:001] init_pprintf   : My dest: 1	My source: 7	My_num_part: 2040
[  3:001] init_pprintf   : My dest: 4	My source: 2	My_num_part: 2040
[ -1:000]                : Rank 1 is running on comet-05-11.sdsc.edu
[  1:001] init_pprintf   : My dest: 2	My source: 0	My_num_part: 2040
Initalizing particles linear on 0 to 2040
Initalizing particles linear on 6120 to 8160
Initalizing particles linear on 4080 to 6120
Initalizing particles linear on 2040 to 4080
[ -1:000]                : Rank 7 is running on comet-14-65.sdsc.edu
[ -1:000]                : Rank 6 is running on comet-14-65.sdsc.edu
[  7:001] init_pprintf   : My dest: 0	My source: 6	My_num_part: 2040
[  6:001] init_pprintf   : My dest: 7	My source: 5	My_num_part: 2040
[ -1:000]                : Rank 4 is running on comet-14-65.sdsc.edu
[ -1:000]                : Rank 5 is running on comet-14-65.sdsc.edu
[  4:001] init_pprintf   : My dest: 5	My source: 3	My_num_part: 2040
[  5:001] init_pprintf   : My dest: 6	My source: 4	My_num_part: 2040
Initalizing particles linear on 8160 to 10200
Initalizing particles linear on 14280 to 16320
Initalizing particles linear on 10200 to 12240
Initalizing particles linear on 12240 to 14280
Iteration 0:	0.1586430073 seconds	0.0000000000 seconds
Iteration 0:	0.1588680744 seconds	0.0000000000 seconds
Iteration 0:	0.1587541103 seconds	0.0000000000 seconds
Iteration 0:	0.1145670414 seconds	0.0000000000 seconds
Iteration 0:	0.1145420074 seconds	0.0000009537 seconds
Iteration 0:	0.1588969231 seconds	0.0000000000 seconds
Iteration 0:	0.1146621704 seconds	0.0000000000 seconds
Iteration 0:	0.1148688793 seconds	0.0000000000 seconds
Iteration 1:	0.0686359406 seconds	0.0000009537 seconds
Iteration 1:	0.0687217712 seconds	0.0000000000 seconds
Iteration 1:	0.0688090324 seconds	0.0000000000 seconds
Iteration 1:	0.0688178539 seconds	0.0000000000 seconds
Iteration 1:	0.0688989162 seconds	0.0000000000 seconds
Iteration 1:	0.0688757896 seconds	0.0000000000 seconds
Iteration 1:	0.0688769817 seconds	0.0000000000 seconds
Iteration 1:	0.0689148903 seconds	0.0000000000 seconds
Iteration 2:	0.0737950802 seconds	0.0000009537 seconds
Iteration 2:	0.0738461018 seconds	0.0000000000 seconds
Iteration 2:	0.0739350319 seconds	0.0000000000 seconds
Iteration 2:	0.0738451481 seconds	0.0000000000 seconds
Iteration 2:	0.0738668442 seconds	0.0000000000 seconds
Iteration 2:	0.0738630295 seconds	0.0000000000 seconds
Iteration 2:	0.0738499165 seconds	0.0000009537 seconds
Iteration 2:	0.0738918781 seconds	0.0000000000 seconds
Iteration 3:	0.0688869953 seconds	0.0000000000 seconds
Iteration 3:	0.0686860085 seconds	0.0000000000 seconds
Iteration 3:	0.0687680244 seconds	0.0000000000 seconds
Iteration 3:	0.0687451363 seconds	0.0000000000 seconds
Iteration 3:	0.0687589645 seconds	0.0000000000 seconds
Iteration 3:	0.0687708855 seconds	0.0000000000 seconds
Iteration 3:	0.0687718391 seconds	0.0000000000 seconds
Iteration 3:	0.0688009262 seconds	0.0000000000 seconds
Iteration 4:	0.0738830566 seconds	0.0000000000 seconds
Iteration 4:	0.0740258694 seconds	0.0000000000 seconds
Iteration 4:	0.0740199089 seconds	0.0000000000 seconds
Iteration 4:	0.0740339756 seconds	0.0000000000 seconds
Iteration 4:	0.0740251541 seconds	0.0000000000 seconds
Iteration 4:	0.0740189552 seconds	0.0000000000 seconds
Iteration 4:	0.0740380287 seconds	0.0000000000 seconds
Iteration 4:	0.0740191936 seconds	0.0000000000 seconds
Iteration 5:	0.0690100193 seconds	0.0000000000 seconds
Iteration 5:	0.0689780712 seconds	0.0000000000 seconds
Iteration 5:	0.0690109730 seconds	0.0000000000 seconds
Iteration 5:	0.0690081120 seconds	0.0000000000 seconds
Iteration 5:	0.0690081120 seconds	0.0000000000 seconds
Iteration 5:	0.0689940453 seconds	0.0000000000 seconds
Iteration 5:	0.0690059662 seconds	0.0000000000 seconds
Iteration 5:	0.0689821243 seconds	0.0000000000 seconds
Iteration 6:	0.0739018917 seconds	0.0000000000 seconds
Iteration 6:	0.0738539696 seconds	0.0000000000 seconds
Iteration 6:	0.0739419460 seconds	0.0000000000 seconds
Iteration 6:	0.0738902092 seconds	0.0000000000 seconds
Iteration 6:	0.0739521980 seconds	0.0000000000 seconds
Iteration 6:	0.0738909245 seconds	0.0000000000 seconds
Iteration 6:	0.0739140511 seconds	0.0000000000 seconds
Iteration 6:	0.0738911629 seconds	0.0000000000 seconds
Iteration 7:	0.0696260929 seconds	0.0000000000 seconds
Iteration 7:	0.0696730614 seconds	0.0000000000 seconds
Iteration 7:	0.0696659088 seconds	0.0000000000 seconds
Iteration 7:	0.0704419613 seconds	0.0000000000 seconds
Iteration 7:	0.0705978870 seconds	0.0000000000 seconds
Iteration 7:	0.0706329346 seconds	0.0000000000 seconds
Iteration 7:	0.0703840256 seconds	0.0000000000 seconds
Iteration 7:	0.0704519749 seconds	0.0000000000 seconds
Iteration 8:	0.0951030254 seconds	0.0000000000 seconds
Iteration 8:	0.0944778919 seconds	0.0000000000 seconds
Iteration 8:	0.0945539474 seconds	0.0000000000 seconds
Iteration 8:	0.0950767994 seconds	0.0000000000 seconds
Iteration 8:	0.0950739384 seconds	0.0000000000 seconds
Iteration 8:	0.0945558548 seconds	0.0000000000 seconds
Iteration 8:	0.0945880413 seconds	0.0000000000 seconds
Iteration 8:	0.0945899487 seconds	0.0000000000 seconds
Iteration 9:	0.0684559345 seconds	0.0000000000 seconds
Iteration 9:	0.0683279037 seconds	0.0000000000 seconds
Iteration 9:	0.0686719418 seconds	0.0000000000 seconds
Iteration 9:	0.0688240528 seconds	0.0000000000 seconds
Iteration 9:	0.0684831142 seconds	0.0000000000 seconds
Iteration 9:	0.0688321590 seconds	0.0000000000 seconds
Iteration 9:	0.0686490536 seconds	0.0000000000 seconds
Iteration 9:	0.0688169003 seconds	0.0000000000 seconds
Iteration 10:	0.0737009048 seconds	0.0000000000 seconds
Iteration 10:	0.0736889839 seconds	0.0000000000 seconds
Iteration 10:	0.0737469196 seconds	0.0000000000 seconds
Iteration 10:	0.0737121105 seconds	0.0000000000 seconds
Iteration 10:	0.0737559795 seconds	0.0000000000 seconds
Iteration 10:	0.0737180710 seconds	0.0000009537 seconds
Iteration 10:	0.0737400055 seconds	0.0000000000 seconds
Iteration 10:	0.0737149715 seconds	0.0000000000 seconds
Iteration 11:	0.0688500404 seconds	0.0000000000 seconds
Iteration 11:	0.0687980652 seconds	0.0000000000 seconds
Iteration 11:	0.0688550472 seconds	0.0000000000 seconds
Iteration 11:	0.0688281059 seconds	0.0000000000 seconds
Iteration 11:	0.0687730312 seconds	0.0000000000 seconds
Iteration 11:	0.0688288212 seconds	0.0000000000 seconds
Iteration 11:	0.0688440800 seconds	0.0000000000 seconds
Iteration 11:	0.0688281059 seconds	0.0000000000 seconds
Iteration 12:	0.0736720562 seconds	0.0000000000 seconds
Iteration 12:	0.0737619400 seconds	0.0000000000 seconds
Iteration 12:	0.0738251209 seconds	0.0000000000 seconds
Iteration 12:	0.0737600327 seconds	0.0000000000 seconds
Iteration 12:	0.0737569332 seconds	0.0000000000 seconds
Iteration 12:	0.0737428665 seconds	0.0000000000 seconds
Iteration 12:	0.0737619400 seconds	0.0000000000 seconds
Iteration 12:	0.0737409592 seconds	0.0000000000 seconds
Iteration 13:	0.0688610077 seconds	0.0000000000 seconds
Iteration 13:	0.0687420368 seconds	0.0000000000 seconds
Iteration 13:	0.0688061714 seconds	0.0000000000 seconds
Iteration 13:	0.0688138008 seconds	0.0000000000 seconds
Iteration 13:	0.0688061714 seconds	0.0000000000 seconds
Iteration 13:	0.0688209534 seconds	0.0000000000 seconds
Iteration 13:	0.0688281059 seconds	0.0000000000 seconds
Iteration 13:	0.0688159466 seconds	0.0000000000 seconds
Iteration 14:	0.0736708641 seconds	0.0000000000 seconds
Iteration 14:	0.0736598969 seconds	0.0000000000 seconds
Iteration 14:	0.0736589432 seconds	0.0000000000 seconds
Iteration 14:	0.0736620426 seconds	0.0000009537 seconds
Iteration 14:	0.0736680031 seconds	0.0000000000 seconds
Iteration 14:	0.0736589432 seconds	0.0000009537 seconds
Iteration 14:	0.0736839771 seconds	0.0000000000 seconds
Iteration 14:	0.0736520290 seconds	0.0000000000 seconds
Iteration 15:	0.0688328743 seconds	0.0000000000 seconds
Iteration 15:	0.0688240528 seconds	0.0000000000 seconds
Iteration 15:	0.0688090324 seconds	0.0000000000 seconds
Iteration 15:	0.0687959194 seconds	0.0000009537 seconds
Iteration 15:	0.0688118935 seconds	0.0000000000 seconds
Iteration 15:	0.0688240528 seconds	0.0000000000 seconds
Iteration 15:	0.0688450336 seconds	0.0000000000 seconds
Iteration 15:	0.0688250065 seconds	0.0000000000 seconds
Iteration 16:	0.0739789009 seconds	0.0000000000 seconds
Iteration 16:	0.0740728378 seconds	0.0000000000 seconds
Iteration 16:	0.0741081238 seconds	0.0000000000 seconds
Iteration 16:	0.0740759373 seconds	0.0000000000 seconds
Iteration 16:	0.0740840435 seconds	0.0000000000 seconds
Iteration 16:	0.0740561485 seconds	0.0000000000 seconds
Iteration 16:	0.0740530491 seconds	0.0000000000 seconds
Iteration 16:	0.0740790367 seconds	0.0000000000 seconds
Iteration 17:	0.0689330101 seconds	0.0000009537 seconds
Iteration 17:	0.0688400269 seconds	0.0000000000 seconds
Iteration 17:	0.0688722134 seconds	0.0000000000 seconds
Iteration 17:	0.0688838959 seconds	0.0000000000 seconds
Iteration 17:	0.0688769817 seconds	0.0000000000 seconds
Iteration 17:	0.0689299107 seconds	0.0000000000 seconds
Iteration 17:	0.0689609051 seconds	0.0000000000 seconds
Iteration 17:	0.0689318180 seconds	0.0000000000 seconds
Iteration 18:	0.0739040375 seconds	0.0000000000 seconds
Iteration 18:	0.0739109516 seconds	0.0000000000 seconds
Iteration 18:	0.0739560127 seconds	0.0000000000 seconds
Iteration 18:	0.0739531517 seconds	0.0000000000 seconds
Iteration 18:	0.0739538670 seconds	0.0000000000 seconds
Iteration 18:	0.0739469528 seconds	0.0000000000 seconds
Iteration 18:	0.0739579201 seconds	0.0000000000 seconds
Iteration 18:	0.0739421844 seconds	0.0000000000 seconds
Iteration 19:	0.0689568520 seconds	0.0000000000 seconds
Iteration 19:	0.0689361095 seconds	0.0000000000 seconds
Iteration 19:	0.0689029694 seconds	0.0000000000 seconds
Iteration 19:	0.0689051151 seconds	0.0000000000 seconds
Iteration 19:	0.0689291954 seconds	0.0000009537 seconds
Iteration 19:	0.0688831806 seconds	0.0000000000 seconds
Iteration 19:	0.0689060688 seconds	0.0000000000 seconds
Iteration 19:	0.0688829422 seconds	0.0000000000 seconds
Iteration 20:	0.0737650394 seconds	0.0000000000 seconds
Iteration 20:	0.0738260746 seconds	0.0000000000 seconds
Iteration 20:	0.0738589764 seconds	0.0000000000 seconds
Iteration 20:	0.0738279819 seconds	0.0000000000 seconds
Iteration 20:	0.0738348961 seconds	0.0000000000 seconds
Iteration 20:	0.0738561153 seconds	0.0000000000 seconds
Iteration 20:	0.0738768578 seconds	0.0000000000 seconds
Iteration 20:	0.0738580227 seconds	0.0000000000 seconds
Iteration 21:	0.0689959526 seconds	0.0000000000 seconds
Iteration 21:	0.0688879490 seconds	0.0000000000 seconds
Iteration 21:	0.0689330101 seconds	0.0000000000 seconds
Iteration 21:	0.0689339638 seconds	0.0000000000 seconds
Iteration 21:	0.0689518452 seconds	0.0000000000 seconds
Iteration 21:	0.0689349174 seconds	0.0000000000 seconds
Iteration 21:	0.0689299107 seconds	0.0000000000 seconds
Iteration 21:	0.0689561367 seconds	0.0000000000 seconds
Iteration 22:	0.0738618374 seconds	0.0000000000 seconds
Iteration 22:	0.0738871098 seconds	0.0000000000 seconds
Iteration 22:	0.0739340782 seconds	0.0000000000 seconds
Iteration 22:	0.0738689899 seconds	0.0000000000 seconds
Iteration 22:	0.0738749504 seconds	0.0000000000 seconds
Iteration 22:	0.0738701820 seconds	0.0000000000 seconds
Iteration 22:	0.0738677979 seconds	0.0000000000 seconds
Iteration 22:	0.0738930702 seconds	0.0000000000 seconds
Iteration 23:	0.0689170361 seconds	0.0000000000 seconds
Iteration 23:	0.0688979626 seconds	0.0000000000 seconds
Iteration 23:	0.0688579082 seconds	0.0000000000 seconds
Iteration 23:	0.0688881874 seconds	0.0000000000 seconds
Iteration 23:	0.0688810349 seconds	0.0000009537 seconds
Iteration 23:	0.0689089298 seconds	0.0000000000 seconds
Iteration 23:	0.0689351559 seconds	0.0000000000 seconds
Iteration 23:	0.0689141750 seconds	0.0000000000 seconds
Iteration 24:	0.0738859177 seconds	0.0000000000 seconds
Iteration 24:	0.0739140511 seconds	0.0000000000 seconds
Iteration 24:	0.0739481449 seconds	0.0000000000 seconds
Iteration 24:	0.0739269257 seconds	0.0000000000 seconds
Iteration 24:	0.0739719868 seconds	0.0000000000 seconds
Iteration 24:	0.0739150047 seconds	0.0000000000 seconds
Iteration 24:	0.0739300251 seconds	0.0000000000 seconds
Iteration 24:	0.0739140511 seconds	0.0000000000 seconds
Iteration 25:	0.0689449310 seconds	0.0000009537 seconds
Iteration 25:	0.0689401627 seconds	0.0000000000 seconds
Iteration 25:	0.0689089298 seconds	0.0000000000 seconds
Iteration 25:	0.0689110756 seconds	0.0000000000 seconds
Iteration 25:	0.0688679218 seconds	0.0000000000 seconds
Iteration 25:	0.0689170361 seconds	0.0000000000 seconds
Iteration 25:	0.0689358711 seconds	0.0000000000 seconds
Iteration 25:	0.0689158440 seconds	0.0000000000 seconds
Iteration 26:	0.0738971233 seconds	0.0000000000 seconds
Iteration 26:	0.0738921165 seconds	0.0000000000 seconds
Iteration 26:	0.0739159584 seconds	0.0000000000 seconds
Iteration 26:	0.0739250183 seconds	0.0000000000 seconds
Iteration 26:	0.0739960670 seconds	0.0000000000 seconds
Iteration 26:	0.0739150047 seconds	0.0000000000 seconds
Iteration 26:	0.0739288330 seconds	0.0000000000 seconds
Iteration 26:	0.0739090443 seconds	0.0000000000 seconds
Iteration 27:	0.0689477921 seconds	0.0000000000 seconds
Iteration 27:	0.0689251423 seconds	0.0000000000 seconds
Iteration 27:	0.0689558983 seconds	0.0000000000 seconds
Iteration 27:	0.0689280033 seconds	0.0000000000 seconds
Iteration 27:	0.0688428879 seconds	0.0000000000 seconds
Iteration 27:	0.0689368248 seconds	0.0000000000 seconds
Iteration 27:	0.0689611435 seconds	0.0000000000 seconds
Iteration 27:	0.0689289570 seconds	0.0000000000 seconds
Iteration 28:	0.0738379955 seconds	0.0000000000 seconds
Iteration 28:	0.0738279819 seconds	0.0000000000 seconds
Iteration 28:	0.0738360882 seconds	0.0000000000 seconds
Iteration 28:	0.0738902092 seconds	0.0000009537 seconds
Iteration 28:	0.0738849640 seconds	0.0000000000 seconds
Iteration 28:	0.0738761425 seconds	0.0000000000 seconds
Iteration 28:	0.0738971233 seconds	0.0000000000 seconds
Iteration 28:	0.0738801956 seconds	0.0000000000 seconds
Iteration 29:	0.0690901279 seconds	0.0000000000 seconds
Iteration 29:	0.0690770149 seconds	0.0000000000 seconds
Iteration 29:	0.0690679550 seconds	0.0000000000 seconds
Iteration 29:	0.0690259933 seconds	0.0000000000 seconds
Iteration 29:	0.0690269470 seconds	0.0000000000 seconds
Iteration 29:	0.0690350533 seconds	0.0000000000 seconds
Iteration 29:	0.0690250397 seconds	0.0000000000 seconds
Iteration 29:	0.0690519810 seconds	0.0000000000 seconds
Iteration 30:	0.0737459660 seconds	0.0000000000 seconds
Iteration 30:	0.0736689568 seconds	0.0000000000 seconds
Iteration 30:	0.0737209320 seconds	0.0000000000 seconds
Iteration 30:	0.0736889839 seconds	0.0000000000 seconds
Iteration 30:	0.0737299919 seconds	0.0000000000 seconds
Iteration 30:	0.0736751556 seconds	0.0000000000 seconds
Iteration 30:	0.0736727715 seconds	0.0000011921 seconds
Iteration 30:	0.0736989975 seconds	0.0000000000 seconds
Iteration 31:	0.0687620640 seconds	0.0000000000 seconds
Iteration 31:	0.0688700676 seconds	0.0000000000 seconds
Iteration 31:	0.0689570904 seconds	0.0000000000 seconds
Iteration 31:	0.0689120293 seconds	0.0000009537 seconds
Iteration 31:	0.0688660145 seconds	0.0000000000 seconds
Iteration 31:	0.0689430237 seconds	0.0000000000 seconds
Iteration 31:	0.0689399242 seconds	0.0000000000 seconds
Iteration 31:	0.0689668655 seconds	0.0000000000 seconds
Iteration 32:	0.0738930702 seconds	0.0000000000 seconds
Iteration 32:	0.0738551617 seconds	0.0000000000 seconds
Iteration 32:	0.0739099979 seconds	0.0000000000 seconds
Iteration 32:	0.0738799572 seconds	0.0000000000 seconds
Iteration 32:	0.0739340782 seconds	0.0000000000 seconds
Iteration 32:	0.0738620758 seconds	0.0000000000 seconds
Iteration 32:	0.0738620758 seconds	0.0000000000 seconds
Iteration 32:	0.0738859177 seconds	0.0000000000 seconds
Iteration 33:	0.0689511299 seconds	0.0000000000 seconds
Iteration 33:	0.0688869953 seconds	0.0000000000 seconds
Iteration 33:	0.0689401627 seconds	0.0000000000 seconds
Iteration 33:	0.0688920021 seconds	0.0000000000 seconds
Iteration 33:	0.0688500404 seconds	0.0000000000 seconds
Iteration 33:	0.0688869953 seconds	0.0000000000 seconds
Iteration 33:	0.0688810349 seconds	0.0000000000 seconds
Iteration 33:	0.0689120293 seconds	0.0000000000 seconds
Iteration 34:	0.0738492012 seconds	0.0000000000 seconds
Total computation time was: 2.608460		Average frame time was: 0.074494		Average Particle interations per second were: 3575347467.400697
Iteration 34:	0.0738389492 seconds	0.0000000000 seconds
Iteration 34:	0.0738620758 seconds	0.0000000000 seconds
Iteration 34:	0.0738749504 seconds	0.0000000000 seconds
Iteration 34:	0.0738880634 seconds	0.0000000000 seconds
Iteration 34:	0.0739138126 seconds	0.0000000000 seconds
Iteration 34:	0.0739369392 seconds	0.0000000000 seconds
Iteration 34:	0.0739171505 seconds	0.0000000000 seconds
