[ -1:000]                : Rank 1 is running on comet-21-63.sdsc.edu
[ -1:000]                : Rank 0 is running on comet-21-63.sdsc.edu
[  0:001] init_pprintf   : My dest: 1	My source: 1	My_num_part: 240
[  1:001] init_pprintf   : My dest: 0	My source: 0	My_num_part: 240
Initalizing particles linear on 0 to 240
Initalizing particles linear on 240 to 480
Iteration 0:	0.0037178993 seconds	0.0000000000 seconds
Iteration 0:	0.0036020279 seconds	0.0000000000 seconds
Iteration 1:	0.0002849102 seconds	0.0000000000 seconds
Iteration 1:	0.0002529621 seconds	0.0000000000 seconds
Iteration 2:	0.0003001690 seconds	0.0000000000 seconds
Iteration 2:	0.0002701283 seconds	0.0000000000 seconds
Iteration 3:	0.0002779961 seconds	0.0000000000 seconds
Iteration 3:	0.0002570152 seconds	0.0000000000 seconds
Iteration 4:	0.0002889633 seconds	0.0000000000 seconds
Iteration 4:	0.0002689362 seconds	0.0000000000 seconds
Iteration 5:	0.0002698898 seconds	0.0000000000 seconds
Iteration 5:	0.0002498627 seconds	0.0000000000 seconds
Iteration 6:	0.0002830029 seconds	0.0000000000 seconds
Iteration 6:	0.0002639294 seconds	0.0000000000 seconds
Iteration 7:	0.0002708435 seconds	0.0000000000 seconds
Iteration 7:	0.0002458096 seconds	0.0000000000 seconds
Iteration 8:	0.0002820492 seconds	0.0000000000 seconds
Iteration 8:	0.0002629757 seconds	0.0000000000 seconds
Iteration 9:	0.0002639294 seconds	0.0000000000 seconds
Iteration 9:	0.0002448559 seconds	0.0000000000 seconds
Iteration 10:	0.0003290176 seconds	0.0000000000 seconds
Iteration 10:	0.0003111362 seconds	0.0000000000 seconds
Iteration 11:	0.0002710819 seconds	0.0000000000 seconds
Iteration 11:	0.0002479553 seconds	0.0000000000 seconds
Iteration 12:	0.0002839565 seconds	0.0000000000 seconds
Iteration 12:	0.0002629757 seconds	0.0000000000 seconds
Iteration 13:	0.0002698898 seconds	0.0000000000 seconds
Iteration 13:	0.0002498627 seconds	0.0000000000 seconds
Iteration 14:	0.0002839565 seconds	0.0000000000 seconds
Iteration 14:	0.0002639294 seconds	0.0000000000 seconds
Iteration 15:	0.0002679825 seconds	0.0000000000 seconds
Iteration 15:	0.0002470016 seconds	0.0000000000 seconds
Iteration 16:	0.0002830029 seconds	0.0000000000 seconds
Iteration 16:	0.0002629757 seconds	0.0000000000 seconds
Iteration 17:	0.0002717972 seconds	0.0000000000 seconds
Iteration 17:	0.0002517700 seconds	0.0000000000 seconds
Iteration 18:	0.0002839565 seconds	0.0000000000 seconds
Iteration 18:	0.0002629757 seconds	0.0000000000 seconds
Iteration 19:	0.0002679825 seconds	0.0000000000 seconds
Iteration 19:	0.0002479553 seconds	0.0000000000 seconds
Iteration 20:	0.0002830029 seconds	0.0000000000 seconds
Iteration 20:	0.0002651215 seconds	0.0000000000 seconds
Iteration 21:	0.0002689362 seconds	0.0000000000 seconds
Iteration 21:	0.0002479553 seconds	0.0000000000 seconds
Iteration 22:	0.0002818108 seconds	0.0000000000 seconds
Iteration 22:	0.0002629757 seconds	0.0000011921 seconds
Iteration 23:	0.0002670288 seconds	0.0000000000 seconds
Iteration 23:	0.0002479553 seconds	0.0000000000 seconds
Iteration 24:	0.0002830029 seconds	0.0000000000 seconds
Iteration 24:	0.0002639294 seconds	0.0000000000 seconds
Iteration 25:	0.0002670288 seconds	0.0000000000 seconds
Iteration 25:	0.0002489090 seconds	0.0000000000 seconds
Iteration 26:	0.0002830029 seconds	0.0000000000 seconds
Iteration 26:	0.0002629757 seconds	0.0000000000 seconds
Iteration 27:	0.0002670288 seconds	0.0000000000 seconds
Iteration 27:	0.0002481937 seconds	0.0000000000 seconds
Iteration 28:	0.0002841949 seconds	0.0000000000 seconds
Iteration 28:	0.0002651215 seconds	0.0000000000 seconds
Iteration 29:	0.0002667904 seconds	0.0000000000 seconds
Iteration 29:	0.0002479553 seconds	0.0000000000 seconds
Iteration 30:	0.0002830029 seconds	0.0000000000 seconds
Iteration 30:	0.0002629757 seconds	0.0000000000 seconds
Iteration 31:	0.0002720356 seconds	0.0000000000 seconds
Iteration 31:	0.0002510548 seconds	0.0000000000 seconds
Iteration 32:	0.0002830029 seconds	0.0000000000 seconds
Iteration 32:	0.0002632141 seconds	0.0000009537 seconds
Iteration 33:	0.0002679825 seconds	0.0000000000 seconds
Iteration 33:	0.0002479553 seconds	0.0000000000 seconds
Iteration 34:	0.0002830029 seconds	0.0000000000 seconds
Iteration 34:	0.0002639294 seconds	0.0000000000 seconds
Iteration 35:	0.0002720356 seconds	0.0000000000 seconds
Iteration 35:	0.0002489090 seconds	0.0000000000 seconds
Iteration 36:	0.0002818108 seconds	0.0000000000 seconds
Iteration 36:	0.0002629757 seconds	0.0000000000 seconds
Iteration 37:	0.0002701283 seconds	0.0000000000 seconds
Iteration 37:	0.0002481937 seconds	0.0000000000 seconds
Iteration 38:	0.0002820492 seconds	0.0000000000 seconds
Iteration 38:	0.0002629757 seconds	0.0000000000 seconds
Iteration 39:	0.0002689362 seconds	0.0000000000 seconds
Iteration 39:	0.0002479553 seconds	0.0000000000 seconds
Iteration 40:	0.0002830029 seconds	0.0000000000 seconds
Iteration 40:	0.0002629757 seconds	0.0000000000 seconds
Iteration 41:	0.0002670288 seconds	0.0000000000 seconds
Iteration 41:	0.0002470016 seconds	0.0000000000 seconds
Iteration 42:	0.0002830029 seconds	0.0000000000 seconds
Iteration 42:	0.0002639294 seconds	0.0000000000 seconds
Iteration 43:	0.0002689362 seconds	0.0000000000 seconds
Iteration 43:	0.0002479553 seconds	0.0000000000 seconds
Iteration 44:	0.0002820492 seconds	0.0000000000 seconds
Iteration 44:	0.0002620220 seconds	0.0000009537 seconds
Iteration 45:	0.0002679825 seconds	0.0000009537 seconds
Iteration 45:	0.0002479553 seconds	0.0000009537 seconds
Iteration 46:	0.0002839565 seconds	0.0000000000 seconds
Iteration 46:	0.0002639294 seconds	0.0000000000 seconds
Iteration 47:	0.0002670288 seconds	0.0000000000 seconds
Iteration 47:	0.0002470016 seconds	0.0000000000 seconds
Iteration 48:	0.0002818108 seconds	0.0000000000 seconds
Iteration 48:	0.0002641678 seconds	0.0000000000 seconds
Iteration 49:	0.0002710819 seconds	0.0000009537 seconds
Iteration 49:	0.0002520084 seconds	0.0000000000 seconds
Iteration 50:	0.0002849102 seconds	0.0000000000 seconds
Iteration 50:	0.0002629757 seconds	0.0000000000 seconds
Iteration 51:	0.0002670288 seconds	0.0000000000 seconds
Iteration 51:	0.0002470016 seconds	0.0000000000 seconds
Iteration 52:	0.0002830029 seconds	0.0000000000 seconds
Iteration 52:	0.0002641678 seconds	0.0000000000 seconds
Iteration 53:	0.0002710819 seconds	0.0000000000 seconds
Iteration 53:	0.0002501011 seconds	0.0000000000 seconds
Iteration 54:	0.0002830029 seconds	0.0000000000 seconds
Iteration 54:	0.0002629757 seconds	0.0000000000 seconds
Iteration 55:	0.0002682209 seconds	0.0000000000 seconds
Iteration 55:	0.0002481937 seconds	0.0000000000 seconds
Iteration 56:	0.0002830029 seconds	0.0000000000 seconds
Iteration 56:	0.0002639294 seconds	0.0000000000 seconds
Iteration 57:	0.0002689362 seconds	0.0000000000 seconds
Iteration 57:	0.0002479553 seconds	0.0000000000 seconds
Iteration 58:	0.0002820492 seconds	0.0000000000 seconds
Iteration 58:	0.0002629757 seconds	0.0000000000 seconds
Iteration 59:	0.0002779961 seconds	0.0000000000 seconds
Iteration 59:	0.0002589226 seconds	0.0000000000 seconds
Iteration 60:	0.0002861023 seconds	0.0000000000 seconds
Iteration 60:	0.0002648830 seconds	0.0000000000 seconds
Iteration 61:	0.0002679825 seconds	0.0000000000 seconds
Iteration 61:	0.0002479553 seconds	0.0000000000 seconds
Iteration 62:	0.0002818108 seconds	0.0000000000 seconds
Iteration 62:	0.0002629757 seconds	0.0000000000 seconds
Iteration 63:	0.0002701283 seconds	0.0000000000 seconds
Iteration 63:	0.0002510548 seconds	0.0000000000 seconds
Iteration 64:	0.0002818108 seconds	0.0000000000 seconds
Iteration 64:	0.0002629757 seconds	0.0000000000 seconds
Iteration 65:	0.0002670288 seconds	0.0000000000 seconds
Iteration 65:	0.0002479553 seconds	0.0000000000 seconds
Iteration 66:	0.0002830029 seconds	0.0000000000 seconds
Iteration 66:	0.0002629757 seconds	0.0000000000 seconds
Iteration 67:	0.0002708435 seconds	0.0000000000 seconds
Iteration 67:	0.0002508163 seconds	0.0000000000 seconds
Iteration 68:	0.0002830029 seconds	0.0000000000 seconds
Iteration 68:	0.0002629757 seconds	0.0000000000 seconds
Iteration 69:	0.0002679825 seconds	0.0000000000 seconds
Iteration 69:	0.0002479553 seconds	0.0000000000 seconds
Iteration 70:	0.0002818108 seconds	0.0000000000 seconds
Iteration 70:	0.0002629757 seconds	0.0000009537 seconds
Iteration 71:	0.0002710819 seconds	0.0000009537 seconds
Iteration 71:	0.0002510548 seconds	0.0000000000 seconds
Iteration 72:	0.0002818108 seconds	0.0000000000 seconds
Iteration 72:	0.0002629757 seconds	0.0000000000 seconds
Iteration 73:	0.0002679825 seconds	0.0000000000 seconds
Iteration 73:	0.0002479553 seconds	0.0000000000 seconds
Iteration 74:	0.0002899170 seconds	0.0000000000 seconds
Iteration 74:	0.0002708435 seconds	0.0000000000 seconds
Iteration 75:	0.0002689362 seconds	0.0000000000 seconds
Iteration 75:	0.0002479553 seconds	0.0000000000 seconds
Iteration 76:	0.0002820492 seconds	0.0000000000 seconds
Iteration 76:	0.0002629757 seconds	0.0000000000 seconds
Iteration 77:	0.0002689362 seconds	0.0000000000 seconds
Iteration 77:	0.0002489090 seconds	0.0000000000 seconds
Iteration 78:	0.0002858639 seconds	0.0000000000 seconds
Iteration 78:	0.0002660751 seconds	0.0000000000 seconds
Iteration 79:	0.0002679825 seconds	0.0000000000 seconds
Iteration 79:	0.0002479553 seconds	0.0000000000 seconds
Iteration 80:	0.0002830029 seconds	0.0000000000 seconds
Iteration 80:	0.0002629757 seconds	0.0000000000 seconds
Iteration 81:	0.0002701283 seconds	0.0000000000 seconds
Iteration 81:	0.0002510548 seconds	0.0000000000 seconds
Iteration 82:	0.0002820492 seconds	0.0000000000 seconds
Iteration 82:	0.0002632141 seconds	0.0000000000 seconds
Iteration 83:	0.0002670288 seconds	0.0000000000 seconds
Iteration 83:	0.0002479553 seconds	0.0000000000 seconds
Iteration 84:	0.0002820492 seconds	0.0000000000 seconds
Iteration 84:	0.0002629757 seconds	0.0000000000 seconds
Iteration 85:	0.0002698898 seconds	0.0000000000 seconds
Iteration 85:	0.0002498627 seconds	0.0000000000 seconds
Iteration 86:	0.0002839565 seconds	0.0000000000 seconds
Iteration 86:	0.0002629757 seconds	0.0000000000 seconds
Iteration 87:	0.0002689362 seconds	0.0000000000 seconds
Iteration 87:	0.0002479553 seconds	0.0000000000 seconds
Iteration 88:	0.0002830029 seconds	0.0000009537 seconds
Iteration 88:	0.0002629757 seconds	0.0000000000 seconds
Iteration 89:	0.0002689362 seconds	0.0000000000 seconds
Iteration 89:	0.0002479553 seconds	0.0000000000 seconds
Iteration 90:	0.0002830029 seconds	0.0000000000 seconds
Iteration 90:	0.0002620220 seconds	0.0000009537 seconds
Iteration 91:	0.0002670288 seconds	0.0000000000 seconds
Iteration 91:	0.0002481937 seconds	0.0000000000 seconds
Iteration 92:	0.0002839565 seconds	0.0000000000 seconds
Iteration 92:	0.0002641678 seconds	0.0000000000 seconds
Iteration 93:	0.0002689362 seconds	0.0000000000 seconds
Iteration 93:	0.0002479553 seconds	0.0000000000 seconds
Iteration 94:	0.0002820492 seconds	0.0000000000 seconds
Iteration 94:	0.0002629757 seconds	0.0000000000 seconds
Iteration 95:	0.0002689362 seconds	0.0000000000 seconds
Iteration 95:	0.0002501011 seconds	0.0000000000 seconds
Iteration 96:	0.0002830029 seconds	0.0000000000 seconds
Iteration 96:	0.0002639294 seconds	0.0000000000 seconds
Iteration 97:	0.0002689362 seconds	0.0000000000 seconds
Iteration 97:	0.0002479553 seconds	0.0000000000 seconds
Iteration 98:	0.0002841949 seconds	0.0000000000 seconds
Iteration 98:	0.0002629757 seconds	0.0000000000 seconds
Iteration 99:	0.0002701283 seconds	0.0000000000 seconds
Iteration 99:	0.0002510548 seconds	0.0000000000 seconds
Total computation time was: 0.031560		Average frame time was: 0.000301		Average Particle interations per second were: 765070058.506385
