[ -1:000]                : Rank 0 is running on comet-13-12.sdsc.edu
[ -1:000]                : Rank 1 is running on comet-13-12.sdsc.edu
[  0:001] init_pprintf   : My dest: 1	My source: 1	My_num_part: 4080
[  1:001] init_pprintf   : My dest: 0	My source: 0	My_num_part: 4080
Initalizing particles linear on 0 to 4080
Initalizing particles linear on 4080 to 8160
Iteration 0:	0.2107379436 seconds	0.0000000000 seconds
Iteration 0:	0.2108759880 seconds	0.0000009537 seconds
Iteration 1:	0.0790040493 seconds	0.0000000000 seconds
Iteration 1:	0.0790040493 seconds	0.0000000000 seconds
Iteration 2:	0.0787360668 seconds	0.0000000000 seconds
Iteration 2:	0.0787360668 seconds	0.0000000000 seconds
Iteration 3:	0.0787620544 seconds	0.0000000000 seconds
Iteration 3:	0.0787620544 seconds	0.0000000000 seconds
Iteration 4:	0.0787189007 seconds	0.0000000000 seconds
Iteration 4:	0.0787200928 seconds	0.0000000000 seconds
Iteration 5:	0.0787549019 seconds	0.0000000000 seconds
Iteration 5:	0.0787549019 seconds	0.0000009537 seconds
Iteration 6:	0.0797209740 seconds	0.0000000000 seconds
Iteration 6:	0.0797219276 seconds	0.0000000000 seconds
Iteration 7:	0.0787441730 seconds	0.0000000000 seconds
Iteration 7:	0.0787441730 seconds	0.0000000000 seconds
Iteration 8:	0.0809099674 seconds	0.0000000000 seconds
Iteration 8:	0.0809099674 seconds	0.0000000000 seconds
Iteration 9:	0.0810670853 seconds	0.0000000000 seconds
Iteration 9:	0.0810649395 seconds	0.0000011921 seconds
Iteration 10:	0.0799031258 seconds	0.0000000000 seconds
Iteration 10:	0.0799009800 seconds	0.0000000000 seconds
Iteration 11:	0.0787169933 seconds	0.0000000000 seconds
Iteration 11:	0.0787169933 seconds	0.0000000000 seconds
Iteration 12:	0.0795190334 seconds	0.0000000000 seconds
Iteration 12:	0.0795180798 seconds	0.0000000000 seconds
Iteration 13:	0.0793418884 seconds	0.0000000000 seconds
Iteration 13:	0.0793418884 seconds	0.0000000000 seconds
Iteration 14:	0.0792999268 seconds	0.0000000000 seconds
Iteration 14:	0.0792999268 seconds	0.0000000000 seconds
Iteration 15:	0.0793581009 seconds	0.0000000000 seconds
Iteration 15:	0.0793581009 seconds	0.0000000000 seconds
Iteration 16:	0.0792338848 seconds	0.0000000000 seconds
Iteration 16:	0.0792338848 seconds	0.0000000000 seconds
Iteration 17:	0.0792698860 seconds	0.0000000000 seconds
Iteration 17:	0.0792698860 seconds	0.0000000000 seconds
Iteration 18:	0.0793309212 seconds	0.0000000000 seconds
Iteration 18:	0.0793309212 seconds	0.0000000000 seconds
Iteration 19:	0.0794310570 seconds	0.0000000000 seconds
Iteration 19:	0.0794320107 seconds	0.0000000000 seconds
Iteration 20:	0.0786919594 seconds	0.0000000000 seconds
Iteration 20:	0.0786919594 seconds	0.0000000000 seconds
Iteration 21:	0.0787010193 seconds	0.0000000000 seconds
Iteration 21:	0.0787010193 seconds	0.0000000000 seconds
Iteration 22:	0.0786561966 seconds	0.0000000000 seconds
Iteration 22:	0.0786550045 seconds	0.0000000000 seconds
Iteration 23:	0.0794920921 seconds	0.0000000000 seconds
Iteration 23:	0.0794911385 seconds	0.0000009537 seconds
Iteration 24:	0.0797889233 seconds	0.0000000000 seconds
Iteration 24:	0.0797901154 seconds	0.0000000000 seconds
Iteration 25:	0.0797019005 seconds	0.0000000000 seconds
Iteration 25:	0.0797019005 seconds	0.0000000000 seconds
Iteration 26:	0.0796549320 seconds	0.0000000000 seconds
Iteration 26:	0.0796549320 seconds	0.0000000000 seconds
Iteration 27:	0.0795898438 seconds	0.0000000000 seconds
Iteration 27:	0.0795898438 seconds	0.0000000000 seconds
Iteration 28:	0.0795819759 seconds	0.0000000000 seconds
Iteration 28:	0.0795819759 seconds	0.0000000000 seconds
Iteration 29:	0.0796141624 seconds	0.0000000000 seconds
Iteration 29:	0.0796141624 seconds	0.0000000000 seconds
Iteration 30:	0.0796148777 seconds	0.0000000000 seconds
Iteration 30:	0.0796148777 seconds	0.0000000000 seconds
Iteration 31:	0.0796899796 seconds	0.0000000000 seconds
Iteration 31:	0.0796899796 seconds	0.0000000000 seconds
Iteration 32:	0.0796740055 seconds	0.0000000000 seconds
Iteration 32:	0.0796740055 seconds	0.0000000000 seconds
Iteration 33:	0.0795378685 seconds	0.0000000000 seconds
Iteration 33:	0.0795378685 seconds	0.0000000000 seconds
Iteration 34:	0.0787110329 seconds	0.0000000000 seconds
Iteration 34:	0.0787119865 seconds	0.0000000000 seconds
Iteration 35:	0.0790870190 seconds	0.0000000000 seconds
Iteration 35:	0.0790870190 seconds	0.0000000000 seconds
Iteration 36:	0.0786349773 seconds	0.0000000000 seconds
Iteration 36:	0.0786349773 seconds	0.0000000000 seconds
Iteration 37:	0.0786969662 seconds	0.0000000000 seconds
Iteration 37:	0.0786969662 seconds	0.0000000000 seconds
Iteration 38:	0.0786409378 seconds	0.0000000000 seconds
Iteration 38:	0.0786418915 seconds	0.0000009537 seconds
Iteration 39:	0.0786340237 seconds	0.0000000000 seconds
Iteration 39:	0.0786340237 seconds	0.0000000000 seconds
Total computation time was: 3.303254		Average frame time was: 0.082577		Average Particle interations per second were: 806343069.892411
