[ -1:000]                : Rank 1 is running on comet-28-47.sdsc.edu
[ -1:000]                : Rank 0 is running on comet-28-47.sdsc.edu
[  1:001] init_pprintf   : My dest: 0	My source: 0	My_num_part: 480
[  0:001] init_pprintf   : My dest: 1	My source: 1	My_num_part: 480
Initalizing particles linear on 0 to 480
Initalizing particles linear on 480 to 960
Iteration 0:	0.0018699169 seconds	0.0000000000 seconds
Iteration 0:	0.0019879341 seconds	0.0000000000 seconds
Iteration 1:	0.0005910397 seconds	0.0000000000 seconds
Iteration 1:	0.0005919933 seconds	0.0000000000 seconds
Iteration 2:	0.0005910397 seconds	0.0000000000 seconds
Iteration 2:	0.0005910397 seconds	0.0000000000 seconds
Iteration 3:	0.0005979538 seconds	0.0000000000 seconds
Iteration 3:	0.0005979538 seconds	0.0000000000 seconds
Iteration 4:	0.0005810261 seconds	0.0000000000 seconds
Iteration 4:	0.0005810261 seconds	0.0000000000 seconds
Iteration 5:	0.0005819798 seconds	0.0000000000 seconds
Iteration 5:	0.0005819798 seconds	0.0000000000 seconds
Iteration 6:	0.0005791187 seconds	0.0000000000 seconds
Iteration 6:	0.0005791187 seconds	0.0000000000 seconds
Iteration 7:	0.0005807877 seconds	0.0000000000 seconds
Iteration 7:	0.0005807877 seconds	0.0000000000 seconds
Iteration 8:	0.0005888939 seconds	0.0000000000 seconds
Iteration 8:	0.0005888939 seconds	0.0000000000 seconds
Iteration 9:	0.0005810261 seconds	0.0000000000 seconds
Iteration 9:	0.0005810261 seconds	0.0000000000 seconds
Iteration 10:	0.0005807877 seconds	0.0000000000 seconds
Iteration 10:	0.0005807877 seconds	0.0000000000 seconds
Iteration 11:	0.0005800724 seconds	0.0000000000 seconds
Iteration 11:	0.0005791187 seconds	0.0000000000 seconds
Iteration 12:	0.0005819798 seconds	0.0000000000 seconds
Iteration 12:	0.0005819798 seconds	0.0000000000 seconds
Iteration 13:	0.0005800724 seconds	0.0000000000 seconds
Iteration 13:	0.0005800724 seconds	0.0000000000 seconds
Iteration 14:	0.0005810261 seconds	0.0000000000 seconds
Iteration 14:	0.0005810261 seconds	0.0000000000 seconds
Iteration 15:	0.0005819798 seconds	0.0000000000 seconds
Iteration 15:	0.0005819798 seconds	0.0000000000 seconds
Iteration 16:	0.0005798340 seconds	0.0000000000 seconds
Iteration 16:	0.0005798340 seconds	0.0000000000 seconds
Iteration 17:	0.0005829334 seconds	0.0000000000 seconds
Iteration 17:	0.0005829334 seconds	0.0000000000 seconds
Iteration 18:	0.0005788803 seconds	0.0000000000 seconds
Iteration 18:	0.0005788803 seconds	0.0000000000 seconds
Iteration 19:	0.0005810261 seconds	0.0000000000 seconds
Iteration 19:	0.0005810261 seconds	0.0000000000 seconds
Iteration 20:	0.0005810261 seconds	0.0000000000 seconds
Iteration 20:	0.0005810261 seconds	0.0000000000 seconds
Iteration 21:	0.0005819798 seconds	0.0000000000 seconds
Iteration 21:	0.0005810261 seconds	0.0000000000 seconds
Iteration 22:	0.0005800724 seconds	0.0000000000 seconds
Iteration 22:	0.0005800724 seconds	0.0000000000 seconds
Iteration 23:	0.0005798340 seconds	0.0000000000 seconds
Iteration 23:	0.0005798340 seconds	0.0000000000 seconds
Iteration 24:	0.0005810261 seconds	0.0000000000 seconds
Iteration 24:	0.0005819798 seconds	0.0000000000 seconds
Iteration 25:	0.0005798340 seconds	0.0000000000 seconds
Iteration 25:	0.0005798340 seconds	0.0000000000 seconds
Iteration 26:	0.0005800724 seconds	0.0000000000 seconds
Iteration 26:	0.0005810261 seconds	0.0000000000 seconds
Iteration 27:	0.0005810261 seconds	0.0000000000 seconds
Iteration 27:	0.0005810261 seconds	0.0000009537 seconds
Iteration 28:	0.0005791187 seconds	0.0000000000 seconds
Iteration 28:	0.0005810261 seconds	0.0000000000 seconds
Iteration 29:	0.0005810261 seconds	0.0000000000 seconds
Iteration 29:	0.0005810261 seconds	0.0000009537 seconds
Iteration 30:	0.0005779266 seconds	0.0000000000 seconds
Iteration 30:	0.0005800724 seconds	0.0000000000 seconds
Iteration 31:	0.0005819798 seconds	0.0000000000 seconds
Iteration 31:	0.0005819798 seconds	0.0000000000 seconds
Iteration 32:	0.0005798340 seconds	0.0000000000 seconds
Iteration 32:	0.0005798340 seconds	0.0000000000 seconds
Iteration 33:	0.0005800724 seconds	0.0000000000 seconds
Iteration 33:	0.0005819798 seconds	0.0000000000 seconds
Iteration 34:	0.0005807877 seconds	0.0000000000 seconds
Iteration 34:	0.0005807877 seconds	0.0000000000 seconds
Iteration 35:	0.0005800724 seconds	0.0000000000 seconds
Iteration 35:	0.0005800724 seconds	0.0000000000 seconds
Iteration 36:	0.0005819798 seconds	0.0000000000 seconds
Iteration 36:	0.0005819798 seconds	0.0000000000 seconds
Iteration 37:	0.0005788803 seconds	0.0000000000 seconds
Iteration 37:	0.0005788803 seconds	0.0000009537 seconds
Iteration 38:	0.0005800724 seconds	0.0000000000 seconds
Iteration 38:	0.0005810261 seconds	0.0000000000 seconds
Iteration 39:	0.0005819798 seconds	0.0000000000 seconds
Iteration 39:	0.0005819798 seconds	0.0000000000 seconds
Iteration 40:	0.0005791187 seconds	0.0000000000 seconds
Iteration 40:	0.0005791187 seconds	0.0000000000 seconds
Iteration 41:	0.0005819798 seconds	0.0000000000 seconds
Iteration 41:	0.0005819798 seconds	0.0000000000 seconds
Iteration 42:	0.0005788803 seconds	0.0000000000 seconds
Iteration 42:	0.0005788803 seconds	0.0000000000 seconds
Iteration 43:	0.0005810261 seconds	0.0000000000 seconds
Iteration 43:	0.0005810261 seconds	0.0000000000 seconds
Iteration 44:	0.0005822182 seconds	0.0000000000 seconds
Iteration 44:	0.0005822182 seconds	0.0000000000 seconds
Iteration 45:	0.0005810261 seconds	0.0000000000 seconds
Iteration 45:	0.0005800724 seconds	0.0000000000 seconds
Iteration 46:	0.0005810261 seconds	0.0000000000 seconds
Iteration 46:	0.0005810261 seconds	0.0000000000 seconds
Iteration 47:	0.0005800724 seconds	0.0000000000 seconds
Iteration 47:	0.0005800724 seconds	0.0000000000 seconds
Iteration 48:	0.0005810261 seconds	0.0000000000 seconds
Iteration 48:	0.0005810261 seconds	0.0000000000 seconds
Iteration 49:	0.0005798340 seconds	0.0000000000 seconds
Iteration 49:	0.0005798340 seconds	0.0000000000 seconds
Iteration 50:	0.0005810261 seconds	0.0000000000 seconds
Iteration 50:	0.0005810261 seconds	0.0000000000 seconds
Iteration 51:	0.0005810261 seconds	0.0000000000 seconds
Iteration 51:	0.0005810261 seconds	0.0000000000 seconds
Iteration 52:	0.0005788803 seconds	0.0000000000 seconds
Iteration 52:	0.0005788803 seconds	0.0000000000 seconds
Iteration 53:	0.0005829334 seconds	0.0000000000 seconds
Iteration 53:	0.0005829334 seconds	0.0000000000 seconds
Iteration 54:	0.0005788803 seconds	0.0000000000 seconds
Iteration 54:	0.0005788803 seconds	0.0000000000 seconds
Iteration 55:	0.0005810261 seconds	0.0000000000 seconds
Iteration 55:	0.0005819798 seconds	0.0000000000 seconds
Iteration 56:	0.0005810261 seconds	0.0000000000 seconds
Iteration 56:	0.0005810261 seconds	0.0000000000 seconds
Iteration 57:	0.0005810261 seconds	0.0000000000 seconds
Iteration 57:	0.0005819798 seconds	0.0000000000 seconds
Iteration 58:	0.0005819798 seconds	0.0000000000 seconds
Iteration 58:	0.0005819798 seconds	0.0000000000 seconds
Iteration 59:	0.0005800724 seconds	0.0000000000 seconds
Iteration 59:	0.0005800724 seconds	0.0000000000 seconds
Total computation time was: 0.036496		Average frame time was: 0.000605		Average Particle interations per second were: 1523388183.414891
