[ -1:000]                : Rank 1 is running on comet-05-59.sdsc.edu
[ -1:000]                : Rank 0 is running on comet-05-59.sdsc.edu
[  1:001] init_pprintf   : My dest: 0	My source: 0	My_num_part: 32160
[  0:001] init_pprintf   : My dest: 1	My source: 1	My_num_part: 32160
Initalizing particles linear on 0 to 32160
Initalizing particles linear on 32160 to 64320
Iteration 0:	4.5295920372 seconds	0.0000000000 seconds
Iteration 0:	4.5297179222 seconds	0.0000000000 seconds
Iteration 1:	4.1861650944 seconds	0.0000000000 seconds
Iteration 1:	4.1861221790 seconds	0.0000000000 seconds
Iteration 2:	4.4940030575 seconds	0.0000000000 seconds
Iteration 2:	4.4939692020 seconds	0.0000000000 seconds
Iteration 3:	4.1873440742 seconds	0.0000000000 seconds
Iteration 3:	4.1873140335 seconds	0.0000000000 seconds
Iteration 4:	4.4942529202 seconds	0.0000000000 seconds
Iteration 4:	4.4942882061 seconds	0.0000000000 seconds
Iteration 5:	4.1871600151 seconds	0.0000000000 seconds
Iteration 5:	4.1871290207 seconds	0.0000000000 seconds
Iteration 6:	4.4949440956 seconds	0.0000000000 seconds
Iteration 6:	4.4949090481 seconds	0.0000000000 seconds
Iteration 7:	4.1874649525 seconds	0.0000000000 seconds
Iteration 7:	4.1874370575 seconds	0.0000000000 seconds
Iteration 8:	4.4955940247 seconds	0.0000000000 seconds
Iteration 8:	4.4955651760 seconds	0.0000009537 seconds
Iteration 9:	4.1871390343 seconds	0.0000000000 seconds
Iteration 9:	4.1871590614 seconds	0.0000000000 seconds
Iteration 10:	4.4949691296 seconds	0.0000000000 seconds
Iteration 10:	4.4949431419 seconds	0.0000000000 seconds
Iteration 11:	4.1871929169 seconds	0.0000000000 seconds
Iteration 11:	4.1871640682 seconds	0.0000000000 seconds
Iteration 12:	4.4958529472 seconds	0.0000000000 seconds
Iteration 12:	4.4958298206 seconds	0.0000000000 seconds
Iteration 13:	4.1877751350 seconds	0.0000000000 seconds
Iteration 13:	4.1877510548 seconds	0.0000009537 seconds
Iteration 14:	4.4959089756 seconds	0.0000000000 seconds
Iteration 14:	4.4958829880 seconds	0.0000000000 seconds
Iteration 15:	4.1872208118 seconds	0.0000000000 seconds
Iteration 15:	4.1871988773 seconds	0.0000000000 seconds
Iteration 16:	4.4951560497 seconds	0.0000000000 seconds
Iteration 16:	4.4951269627 seconds	0.0000000000 seconds
Iteration 17:	4.1869430542 seconds	0.0000000000 seconds
Iteration 17:	4.1869189739 seconds	0.0000000000 seconds
Iteration 18:	4.4945008755 seconds	0.0000000000 seconds
Iteration 18:	4.4944739342 seconds	0.0000000000 seconds
Iteration 19:	4.1868431568 seconds	0.0000000000 seconds
Iteration 19:	4.1868150234 seconds	0.0000000000 seconds
Iteration 20:	4.4950070381 seconds	0.0000000000 seconds
Iteration 20:	4.4949810505 seconds	0.0000000000 seconds
Iteration 21:	4.1865019798 seconds	0.0000000000 seconds
Iteration 21:	4.1864759922 seconds	0.0000000000 seconds
Iteration 22:	4.4938719273 seconds	0.0000000000 seconds
Iteration 22:	4.4938960075 seconds	0.0000000000 seconds
Iteration 23:	4.1860868931 seconds	0.0000000000 seconds
Iteration 23:	4.1860609055 seconds	0.0000000000 seconds
Iteration 24:	4.4948182106 seconds	0.0000000000 seconds
Iteration 24:	4.4948480129 seconds	0.0000000000 seconds
Total computation time was: 108.712734		Average frame time was: 4.348488		Average Particle interations per second were: -36312601.776947
