[ -1:000]                : Rank 11 is running on comet-16-51.sdsc.edu
[ -1:000]                : Rank 3 is running on comet-16-51.sdsc.edu
[ 11:001] init_pprintf   : My dest: 0	My source: 10	My_num_part: 1360
[  3:001] init_pprintf   : My dest: 4	My source: 2	My_num_part: 1360
[ -1:000]                : Rank 7 is running on comet-16-51.sdsc.edu
[  7:001] init_pprintf   : My dest: 8	My source: 6	My_num_part: 1360
[ -1:000]                : Rank 8 is running on comet-16-51.sdsc.edu
[ -1:000]                : Rank 0 is running on comet-16-51.sdsc.edu
[ -1:000]                : Rank 2 is running on comet-16-51.sdsc.edu
[ -1:000]                : Rank 4 is running on comet-16-51.sdsc.edu
[ -1:000]                : Rank 10 is running on comet-16-51.sdsc.edu
[ -1:000]                : Rank 5 is running on comet-16-51.sdsc.edu
[ 10:001] init_pprintf   : My dest: 11	My source: 9	My_num_part: 1360
[  8:001] init_pprintf   : My dest: 9	My source: 7	My_num_part: 1360
[  0:001] init_pprintf   : My dest: 1	My source: 11	My_num_part: 1360
[  5:001] init_pprintf   : My dest: 6	My source: 4	My_num_part: 1360
[  2:001] init_pprintf   : My dest: 3	My source: 1	My_num_part: 1360
[  4:001] init_pprintf   : My dest: 5	My source: 3	My_num_part: 1360
[ -1:000]                : Rank 6 is running on comet-16-51.sdsc.edu
[ -1:000]                : Rank 1 is running on comet-16-51.sdsc.edu
[ -1:000]                : Rank 9 is running on comet-16-51.sdsc.edu
[  6:001] init_pprintf   : My dest: 7	My source: 5	My_num_part: 1360
[  1:001] init_pprintf   : My dest: 2	My source: 0	My_num_part: 1360
[  9:001] init_pprintf   : My dest: 10	My source: 8	My_num_part: 1360
Initalizing particles linear on 9520 to 10880
Initalizing particles linear on 4080 to 5440
Initalizing particles linear on 14960 to 16320
Initalizing particles linear on 6800 to 8160
Initalizing particles linear on 5440 to 6800
Initalizing particles linear on 10880 to 12240
Initalizing particles linear on 13600 to 14960
Initalizing particles linear on 0 to 1360
Initalizing particles linear on 8160 to 9520
Initalizing particles linear on 1360 to 2720
Initalizing particles linear on 12240 to 13600
Initalizing particles linear on 2720 to 4080
Iteration 0:	0.2857270241 seconds	0.0000000000 seconds
Iteration 0:	0.2857451439 seconds	0.0000000000 seconds
Iteration 0:	0.2857949734 seconds	0.0000000000 seconds
Iteration 0:	0.2857770920 seconds	0.0000000000 seconds
Iteration 0:	0.2857820988 seconds	0.0000000000 seconds
Iteration 0:	0.2858541012 seconds	0.0000000000 seconds
Iteration 0:	0.2858591080 seconds	0.0000000000 seconds
Iteration 0:	0.2858200073 seconds	0.0000000000 seconds
Iteration 0:	0.2858200073 seconds	0.0000000000 seconds
Iteration 0:	0.2858469486 seconds	0.0000009537 seconds
Iteration 0:	0.2858488560 seconds	0.0000000000 seconds
Iteration 0:	0.2858419418 seconds	0.0000000000 seconds
Iteration 1:	0.2648620605 seconds	0.0000000000 seconds
Iteration 1:	0.2649171352 seconds	0.0000000000 seconds
Iteration 1:	0.2648530006 seconds	0.0000000000 seconds
Iteration 1:	0.2649588585 seconds	0.0000000000 seconds
Iteration 1:	0.2648558617 seconds	0.0000000000 seconds
Iteration 1:	0.2648639679 seconds	0.0000000000 seconds
Iteration 1:	0.2649800777 seconds	0.0000000000 seconds
Iteration 1:	0.2649111748 seconds	0.0000000000 seconds
Iteration 1:	0.2649788857 seconds	0.0000000000 seconds
Iteration 1:	0.2649869919 seconds	0.0000011921 seconds
Iteration 1:	0.2649838924 seconds	0.0000000000 seconds
Iteration 1:	0.2649831772 seconds	0.0000000000 seconds
Iteration 2:	0.2855741978 seconds	0.0000000000 seconds
Iteration 2:	0.2856290340 seconds	0.0000000000 seconds
Iteration 2:	0.2856371403 seconds	0.0000000000 seconds
Iteration 2:	0.2858128548 seconds	0.0000000000 seconds
Iteration 2:	0.2858028412 seconds	0.0000000000 seconds
Iteration 2:	0.2857928276 seconds	0.0000000000 seconds
Iteration 2:	0.2857799530 seconds	0.0000000000 seconds
Iteration 2:	0.2857878208 seconds	0.0000000000 seconds
Iteration 2:	0.2857928276 seconds	0.0000000000 seconds
Iteration 2:	0.2857778072 seconds	0.0000000000 seconds
Iteration 2:	0.2857778072 seconds	0.0000000000 seconds
Iteration 2:	0.2857770920 seconds	0.0000000000 seconds
Iteration 3:	0.2650990486 seconds	0.0000000000 seconds
Iteration 3:	0.2651379108 seconds	0.0000000000 seconds
Iteration 3:	0.2650990486 seconds	0.0000000000 seconds
Iteration 3:	0.2649199963 seconds	0.0000000000 seconds
Iteration 3:	0.2649431229 seconds	0.0000000000 seconds
Iteration 3:	0.2649269104 seconds	0.0000011921 seconds
Iteration 3:	0.2649431229 seconds	0.0000000000 seconds
Iteration 3:	0.2649168968 seconds	0.0000009537 seconds
Iteration 3:	0.2649149895 seconds	0.0000000000 seconds
Iteration 3:	0.2649819851 seconds	0.0000000000 seconds
Iteration 3:	0.2649459839 seconds	0.0000000000 seconds
Iteration 3:	0.2649469376 seconds	0.0000000000 seconds
Iteration 4:	0.2856059074 seconds	0.0000000000 seconds
Iteration 4:	0.2855770588 seconds	0.0000000000 seconds
Iteration 4:	0.2856519222 seconds	0.0000000000 seconds
Iteration 4:	0.2856080532 seconds	0.0000000000 seconds
Iteration 4:	0.2856509686 seconds	0.0000000000 seconds
Iteration 4:	0.2855451107 seconds	0.0000000000 seconds
Iteration 4:	0.2856318951 seconds	0.0000000000 seconds
Iteration 4:	0.2856471539 seconds	0.0000000000 seconds
Iteration 4:	0.2856709957 seconds	0.0000000000 seconds
Iteration 4:	0.2855920792 seconds	0.0000000000 seconds
Iteration 4:	0.2855598927 seconds	0.0000000000 seconds
Iteration 4:	0.2855620384 seconds	0.0000000000 seconds
Iteration 5:	0.2648830414 seconds	0.0000000000 seconds
Iteration 5:	0.2649002075 seconds	0.0000000000 seconds
Iteration 5:	0.2650258541 seconds	0.0000000000 seconds
Iteration 5:	0.2649891376 seconds	0.0000000000 seconds
Iteration 5:	0.2649161816 seconds	0.0000000000 seconds
Iteration 5:	0.2649710178 seconds	0.0000000000 seconds
Iteration 5:	0.2650299072 seconds	0.0000000000 seconds
Iteration 5:	0.2650048733 seconds	0.0000000000 seconds
Iteration 5:	0.2650249004 seconds	0.0000000000 seconds
Iteration 5:	0.2650330067 seconds	0.0000000000 seconds
Iteration 5:	0.2650320530 seconds	0.0000000000 seconds
Iteration 5:	0.2650330067 seconds	0.0000000000 seconds
Iteration 6:	0.2857739925 seconds	0.0000000000 seconds
Iteration 6:	0.2858819962 seconds	0.0000000000 seconds
Iteration 6:	0.2858080864 seconds	0.0000000000 seconds
Iteration 6:	0.2858650684 seconds	0.0000000000 seconds
Iteration 6:	0.2857489586 seconds	0.0000000000 seconds
Iteration 6:	0.2858400345 seconds	0.0000000000 seconds
Iteration 6:	0.2857549191 seconds	0.0000000000 seconds
Iteration 6:	0.2857840061 seconds	0.0000000000 seconds
Iteration 6:	0.2857480049 seconds	0.0000000000 seconds
Iteration 6:	0.2857589722 seconds	0.0000000000 seconds
Iteration 6:	0.2857589722 seconds	0.0000000000 seconds
Iteration 6:	0.2857577801 seconds	0.0000000000 seconds
Iteration 7:	0.2649221420 seconds	0.0000000000 seconds
Iteration 7:	0.2649581432 seconds	0.0000000000 seconds
Iteration 7:	0.2649221420 seconds	0.0000000000 seconds
Iteration 7:	0.2649569511 seconds	0.0000000000 seconds
Iteration 7:	0.2649250031 seconds	0.0000000000 seconds
Iteration 7:	0.2649412155 seconds	0.0000000000 seconds
Iteration 7:	0.2649729252 seconds	0.0000000000 seconds
Iteration 7:	0.2649700642 seconds	0.0000000000 seconds
Iteration 7:	0.2649810314 seconds	0.0000000000 seconds
Iteration 7:	0.2649898529 seconds	0.0000000000 seconds
Iteration 7:	0.2649888992 seconds	0.0000000000 seconds
Iteration 7:	0.2649891376 seconds	0.0000000000 seconds
Iteration 8:	0.2855730057 seconds	0.0000000000 seconds
Iteration 8:	0.2856190205 seconds	0.0000000000 seconds
Iteration 8:	0.2855589390 seconds	0.0000000000 seconds
Iteration 8:	0.2855570316 seconds	0.0000000000 seconds
Iteration 8:	0.2856230736 seconds	0.0000000000 seconds
Iteration 8:	0.2855751514 seconds	0.0000000000 seconds
Iteration 8:	0.2856020927 seconds	0.0000000000 seconds
Iteration 8:	0.2856190205 seconds	0.0000009537 seconds
Iteration 8:	0.2855679989 seconds	0.0000000000 seconds
Iteration 8:	0.2855651379 seconds	0.0000009537 seconds
Iteration 8:	0.2855651379 seconds	0.0000000000 seconds
Iteration 8:	0.2855648994 seconds	0.0000000000 seconds
Iteration 9:	0.2655220032 seconds	0.0000000000 seconds
Iteration 9:	0.2655651569 seconds	0.0000000000 seconds
Iteration 9:	0.2655141354 seconds	0.0000000000 seconds
Iteration 9:	0.2655670643 seconds	0.0000000000 seconds
Iteration 9:	0.2655119896 seconds	0.0000000000 seconds
Iteration 9:	0.2655389309 seconds	0.0000000000 seconds
Iteration 9:	0.2655909061 seconds	0.0000000000 seconds
Iteration 9:	0.2655849457 seconds	0.0000000000 seconds
Iteration 9:	0.2655880451 seconds	0.0000000000 seconds
Iteration 9:	0.2655940056 seconds	0.0000000000 seconds
Iteration 9:	0.2655928135 seconds	0.0000000000 seconds
Iteration 9:	0.2655940056 seconds	0.0000000000 seconds
Iteration 10:	0.2855601311 seconds	0.0000000000 seconds
Iteration 10:	0.2855498791 seconds	0.0000000000 seconds
Iteration 10:	0.2856318951 seconds	0.0000000000 seconds
Iteration 10:	0.2855310440 seconds	0.0000000000 seconds
Iteration 10:	0.2856371403 seconds	0.0000000000 seconds
Iteration 10:	0.2855257988 seconds	0.0000000000 seconds
Iteration 10:	0.2854919434 seconds	0.0000000000 seconds
Iteration 10:	0.2854919434 seconds	0.0000000000 seconds
Iteration 10:	0.2854909897 seconds	0.0000000000 seconds
Iteration 10:	0.2855641842 seconds	0.0000000000 seconds
Iteration 10:	0.2856080532 seconds	0.0000000000 seconds
Iteration 10:	0.2856359482 seconds	0.0000000000 seconds
Iteration 11:	0.2649390697 seconds	0.0000000000 seconds
Iteration 11:	0.2650241852 seconds	0.0000000000 seconds
Iteration 11:	0.2649550438 seconds	0.0000009537 seconds
Iteration 11:	0.2650558949 seconds	0.0000000000 seconds
Iteration 11:	0.2649679184 seconds	0.0000000000 seconds
Iteration 11:	0.2649881840 seconds	0.0000000000 seconds
Iteration 11:	0.2650630474 seconds	0.0000000000 seconds
Iteration 11:	0.2650210857 seconds	0.0000000000 seconds
Iteration 11:	0.2650599480 seconds	0.0000000000 seconds
Iteration 11:	0.2650730610 seconds	0.0000000000 seconds
Iteration 11:	0.2650740147 seconds	0.0000000000 seconds
Iteration 11:	0.2650730610 seconds	0.0000000000 seconds
Iteration 12:	0.2857568264 seconds	0.0000000000 seconds
Iteration 12:	0.2857401371 seconds	0.0000000000 seconds
Iteration 12:	0.2857558727 seconds	0.0000000000 seconds
Iteration 12:	0.2857310772 seconds	0.0000000000 seconds
Iteration 12:	0.2857120037 seconds	0.0000000000 seconds
Iteration 12:	0.2857248783 seconds	0.0000000000 seconds
Iteration 12:	0.2857441902 seconds	0.0000000000 seconds
Iteration 12:	0.2856998444 seconds	0.0000000000 seconds
Iteration 12:	0.2856998444 seconds	0.0000000000 seconds
Iteration 12:	0.2857480049 seconds	0.0000000000 seconds
Iteration 12:	0.2857189178 seconds	0.0000000000 seconds
Iteration 12:	0.2857179642 seconds	0.0000000000 seconds
Iteration 13:	0.2649219036 seconds	0.0000000000 seconds
Iteration 13:	0.2649350166 seconds	0.0000000000 seconds
Iteration 13:	0.2649199963 seconds	0.0000000000 seconds
Iteration 13:	0.2649300098 seconds	0.0000000000 seconds
Iteration 13:	0.2649190426 seconds	0.0000000000 seconds
Iteration 13:	0.2649300098 seconds	0.0000000000 seconds
Iteration 13:	0.2649412155 seconds	0.0000000000 seconds
Iteration 13:	0.2649409771 seconds	0.0000000000 seconds
Iteration 13:	0.2648918629 seconds	0.0000000000 seconds
Iteration 13:	0.2649459839 seconds	0.0000000000 seconds
Iteration 13:	0.2649269104 seconds	0.0000000000 seconds
Iteration 13:	0.2649281025 seconds	0.0000000000 seconds
Iteration 14:	0.2855548859 seconds	0.0000000000 seconds
Iteration 14:	0.2856149673 seconds	0.0000000000 seconds
Iteration 14:	0.2855739594 seconds	0.0000000000 seconds
Iteration 14:	0.2855999470 seconds	0.0000000000 seconds
Iteration 14:	0.2855539322 seconds	0.0000000000 seconds
Iteration 14:	0.2855927944 seconds	0.0000000000 seconds
Iteration 14:	0.2855749130 seconds	0.0000000000 seconds
Iteration 14:	0.2856018543 seconds	0.0000000000 seconds
Iteration 14:	0.2855720520 seconds	0.0000000000 seconds
Iteration 14:	0.2855739594 seconds	0.0000000000 seconds
Iteration 14:	0.2855720520 seconds	0.0000000000 seconds
Iteration 14:	0.2855730057 seconds	0.0000000000 seconds
Iteration 15:	0.2648909092 seconds	0.0000000000 seconds
Iteration 15:	0.2649369240 seconds	0.0000000000 seconds
Iteration 15:	0.2648971081 seconds	0.0000000000 seconds
Iteration 15:	0.2649209499 seconds	0.0000000000 seconds
Iteration 15:	0.2648868561 seconds	0.0000000000 seconds
Iteration 15:	0.2651000023 seconds	0.0000000000 seconds
Iteration 15:	0.2651360035 seconds	0.0000000000 seconds
Iteration 15:	0.2651450634 seconds	0.0000000000 seconds
Iteration 15:	0.2651460171 seconds	0.0000000000 seconds
Iteration 15:	0.2651429176 seconds	0.0000000000 seconds
Iteration 15:	0.2651419640 seconds	0.0000000000 seconds
Iteration 15:	0.2651419640 seconds	0.0000000000 seconds
Iteration 16:	0.2857499123 seconds	0.0000000000 seconds
Iteration 16:	0.2857930660 seconds	0.0000000000 seconds
Iteration 16:	0.2857701778 seconds	0.0000000000 seconds
Iteration 16:	0.2857971191 seconds	0.0000000000 seconds
Iteration 16:	0.2855858803 seconds	0.0000000000 seconds
Iteration 16:	0.2855899334 seconds	0.0000000000 seconds
Iteration 16:	0.2858028412 seconds	0.0000000000 seconds
Iteration 16:	0.2855780125 seconds	0.0000000000 seconds
Iteration 16:	0.2855858803 seconds	0.0000011921 seconds
Iteration 16:	0.2855670452 seconds	0.0000000000 seconds
Iteration 16:	0.2855670452 seconds	0.0000000000 seconds
Iteration 16:	0.2855651379 seconds	0.0000000000 seconds
Iteration 17:	0.2648780346 seconds	0.0000009537 seconds
Iteration 17:	0.2649300098 seconds	0.0000000000 seconds
Iteration 17:	0.2648839951 seconds	0.0000000000 seconds
Iteration 17:	0.2649221420 seconds	0.0000000000 seconds
Iteration 17:	0.2648789883 seconds	0.0000000000 seconds
Iteration 17:	0.2649090290 seconds	0.0000000000 seconds
Iteration 17:	0.2649168968 seconds	0.0000000000 seconds
Iteration 17:	0.2649261951 seconds	0.0000000000 seconds
Iteration 17:	0.2649228573 seconds	0.0000000000 seconds
Iteration 17:	0.2649259567 seconds	0.0000000000 seconds
Iteration 17:	0.2649250031 seconds	0.0000000000 seconds
Iteration 17:	0.2649240494 seconds	0.0000000000 seconds
Iteration 18:	0.2856769562 seconds	0.0000000000 seconds
Iteration 18:	0.2857310772 seconds	0.0000000000 seconds
Iteration 18:	0.2857098579 seconds	0.0000000000 seconds
Iteration 18:	0.2856991291 seconds	0.0000000000 seconds
Iteration 18:	0.2856872082 seconds	0.0000000000 seconds
Iteration 18:	0.2857179642 seconds	0.0000000000 seconds
Iteration 18:	0.2856898308 seconds	0.0000011921 seconds
Iteration 18:	0.2856628895 seconds	0.0000000000 seconds
Iteration 18:	0.2856638432 seconds	0.0000000000 seconds
Iteration 18:	0.2856578827 seconds	0.0000000000 seconds
Iteration 18:	0.2856569290 seconds	0.0000000000 seconds
Iteration 18:	0.2856581211 seconds	0.0000000000 seconds
Iteration 19:	0.2650737762 seconds	0.0000000000 seconds
Iteration 19:	0.2650880814 seconds	0.0000000000 seconds
Iteration 19:	0.2651228905 seconds	0.0000000000 seconds
Iteration 19:	0.2650959492 seconds	0.0000011921 seconds
Iteration 19:	0.2650899887 seconds	0.0000009537 seconds
Iteration 19:	0.2651059628 seconds	0.0000000000 seconds
Iteration 19:	0.2651178837 seconds	0.0000000000 seconds
Iteration 19:	0.2651078701 seconds	0.0000000000 seconds
Iteration 19:	0.2651050091 seconds	0.0000000000 seconds
Iteration 19:	0.2651178837 seconds	0.0000000000 seconds
Iteration 19:	0.2651188374 seconds	0.0000000000 seconds
Iteration 19:	0.2651181221 seconds	0.0000000000 seconds
Iteration 20:	0.2855770588 seconds	0.0000000000 seconds
Iteration 20:	0.2856070995 seconds	0.0000000000 seconds
Iteration 20:	0.2855610847 seconds	0.0000000000 seconds
Iteration 20:	0.2855300903 seconds	0.0000000000 seconds
Iteration 20:	0.2856109142 seconds	0.0000000000 seconds
Iteration 20:	0.2856061459 seconds	0.0000000000 seconds
Iteration 20:	0.2855670452 seconds	0.0000000000 seconds
Iteration 20:	0.2855930328 seconds	0.0000000000 seconds
Iteration 20:	0.2855589390 seconds	0.0000000000 seconds
Iteration 20:	0.2855567932 seconds	0.0000000000 seconds
Iteration 20:	0.2855548859 seconds	0.0000000000 seconds
Iteration 20:	0.2855541706 seconds	0.0000000000 seconds
Iteration 21:	0.2648668289 seconds	0.0000000000 seconds
Iteration 21:	0.2648909092 seconds	0.0000000000 seconds
Iteration 21:	0.2648608685 seconds	0.0000000000 seconds
Iteration 21:	0.2648978233 seconds	0.0000000000 seconds
Iteration 21:	0.2648518085 seconds	0.0000000000 seconds
Iteration 21:	0.2648520470 seconds	0.0000000000 seconds
Iteration 21:	0.2649080753 seconds	0.0000000000 seconds
Iteration 21:	0.2648959160 seconds	0.0000000000 seconds
Iteration 21:	0.2648990154 seconds	0.0000000000 seconds
Iteration 21:	0.2649230957 seconds	0.0000000000 seconds
Iteration 21:	0.2649230957 seconds	0.0000000000 seconds
Iteration 21:	0.2649230957 seconds	0.0000000000 seconds
Iteration 22:	0.2855429649 seconds	0.0000000000 seconds
Iteration 22:	0.2855999470 seconds	0.0000000000 seconds
Iteration 22:	0.2856099606 seconds	0.0000000000 seconds
Iteration 22:	0.2857270241 seconds	0.0000000000 seconds
Iteration 22:	0.2857298851 seconds	0.0000000000 seconds
Iteration 22:	0.2857298851 seconds	0.0000000000 seconds
Iteration 22:	0.2857320309 seconds	0.0000000000 seconds
Iteration 22:	0.2857329845 seconds	0.0000000000 seconds
Iteration 22:	0.2857420444 seconds	0.0000000000 seconds
Iteration 22:	0.2857298851 seconds	0.0000000000 seconds
Iteration 22:	0.2857298851 seconds	0.0000000000 seconds
Iteration 22:	0.2857289314 seconds	0.0000000000 seconds
Iteration 23:	0.2651119232 seconds	0.0000000000 seconds
Iteration 23:	0.2651748657 seconds	0.0000000000 seconds
Iteration 23:	0.2651100159 seconds	0.0000000000 seconds
Iteration 23:	0.2650198936 seconds	0.0000000000 seconds
Iteration 23:	0.2650129795 seconds	0.0000000000 seconds
Iteration 23:	0.2650561333 seconds	0.0000000000 seconds
Iteration 23:	0.2650489807 seconds	0.0000000000 seconds
Iteration 23:	0.2650580406 seconds	0.0000000000 seconds
Iteration 23:	0.2650520802 seconds	0.0000000000 seconds
Iteration 23:	0.2650609016 seconds	0.0000000000 seconds
Iteration 23:	0.2650599480 seconds	0.0000000000 seconds
Iteration 23:	0.2650589943 seconds	0.0000000000 seconds
Iteration 24:	0.2856490612 seconds	0.0000000000 seconds
Iteration 24:	0.2856850624 seconds	0.0000000000 seconds
Iteration 24:	0.2856841087 seconds	0.0000000000 seconds
Iteration 24:	0.2856478691 seconds	0.0000000000 seconds
Iteration 24:	0.2856209278 seconds	0.0000000000 seconds
Iteration 24:	0.2856690884 seconds	0.0000000000 seconds
Iteration 24:	0.2856168747 seconds	0.0000000000 seconds
Iteration 24:	0.2855918407 seconds	0.0000000000 seconds
Iteration 24:	0.2855951786 seconds	0.0000000000 seconds
Iteration 24:	0.2855689526 seconds	0.0000000000 seconds
Iteration 24:	0.2855689526 seconds	0.0000000000 seconds
Iteration 24:	0.2855679989 seconds	0.0000000000 seconds
Iteration 25:	0.2648890018 seconds	0.0000009537 seconds
Iteration 25:	0.2649619579 seconds	0.0000000000 seconds
Iteration 25:	0.2649180889 seconds	0.0000000000 seconds
Iteration 25:	0.2649030685 seconds	0.0000000000 seconds
Iteration 25:	0.2649412155 seconds	0.0000000000 seconds
Iteration 25:	0.2649140358 seconds	0.0000000000 seconds
Iteration 25:	0.2649159431 seconds	0.0000000000 seconds
Iteration 25:	0.2649579048 seconds	0.0000000000 seconds
Iteration 25:	0.2649481297 seconds	0.0000009537 seconds
Iteration 25:	0.2649519444 seconds	0.0000000000 seconds
Iteration 25:	0.2649509907 seconds	0.0000000000 seconds
Iteration 25:	0.2649509907 seconds	0.0000000000 seconds
Iteration 26:	0.2857129574 seconds	0.0000000000 seconds
Iteration 26:	0.2857959270 seconds	0.0000000000 seconds
Iteration 26:	0.2857170105 seconds	0.0000009537 seconds
Iteration 26:	0.2857701778 seconds	0.0000000000 seconds
Iteration 26:	0.2857329845 seconds	0.0000000000 seconds
Iteration 26:	0.2857000828 seconds	0.0000000000 seconds
Iteration 26:	0.2857091427 seconds	0.0000000000 seconds
Iteration 26:	0.2857811451 seconds	0.0000000000 seconds
Iteration 26:	0.2857711315 seconds	0.0000009537 seconds
Iteration 26:	0.2857050896 seconds	0.0000000000 seconds
Iteration 26:	0.2857060432 seconds	0.0000000000 seconds
Iteration 26:	0.2857048512 seconds	0.0000000000 seconds
Iteration 27:	0.2648758888 seconds	0.0000000000 seconds
Iteration 27:	0.2649338245 seconds	0.0000000000 seconds
Iteration 27:	0.2648808956 seconds	0.0000000000 seconds
Iteration 27:	0.2649219036 seconds	0.0000000000 seconds
Iteration 27:	0.2648789883 seconds	0.0000000000 seconds
Iteration 27:	0.2648880482 seconds	0.0000000000 seconds
Iteration 27:	0.2649321556 seconds	0.0000000000 seconds
Iteration 27:	0.2649350166 seconds	0.0000000000 seconds
Iteration 27:	0.2649500370 seconds	0.0000000000 seconds
Iteration 27:	0.2649698257 seconds	0.0000000000 seconds
Iteration 27:	0.2649688721 seconds	0.0000000000 seconds
Iteration 27:	0.2649691105 seconds	0.0000000000 seconds
Iteration 28:	0.2855730057 seconds	0.0000000000 seconds
Iteration 28:	0.2856140137 seconds	0.0000000000 seconds
Iteration 28:	0.2855758667 seconds	0.0000000000 seconds
Iteration 28:	0.2856121063 seconds	0.0000000000 seconds
Iteration 28:	0.2855770588 seconds	0.0000009537 seconds
Iteration 28:	0.2856028080 seconds	0.0000000000 seconds
Iteration 28:	0.2856118679 seconds	0.0000000000 seconds
Iteration 28:	0.2855689526 seconds	0.0000000000 seconds
Iteration 28:	0.2855761051 seconds	0.0000000000 seconds
Iteration 28:	0.2855670452 seconds	0.0000000000 seconds
Iteration 28:	0.2855660915 seconds	0.0000000000 seconds
Iteration 28:	0.2855648994 seconds	0.0000000000 seconds
Iteration 29:	0.2650938034 seconds	0.0000000000 seconds
Iteration 29:	0.2651228905 seconds	0.0000000000 seconds
Iteration 29:	0.2650949955 seconds	0.0000000000 seconds
Iteration 29:	0.2651298046 seconds	0.0000000000 seconds
Iteration 29:	0.2650880814 seconds	0.0000000000 seconds
Iteration 29:	0.2651169300 seconds	0.0000000000 seconds
Iteration 29:	0.2651398182 seconds	0.0000000000 seconds
Iteration 29:	0.2651460171 seconds	0.0000000000 seconds
Iteration 29:	0.2651350498 seconds	0.0000000000 seconds
Iteration 29:	0.2651410103 seconds	0.0000000000 seconds
Iteration 29:	0.2651400566 seconds	0.0000000000 seconds
Iteration 29:	0.2651400566 seconds	0.0000000000 seconds
Iteration 30:	0.2855770588 seconds	0.0000000000 seconds
Iteration 30:	0.2856140137 seconds	0.0000000000 seconds
Iteration 30:	0.2855908871 seconds	0.0000000000 seconds
Iteration 30:	0.2856111526 seconds	0.0000000000 seconds
Iteration 30:	0.2856149673 seconds	0.0000009537 seconds
Iteration 30:	0.2855858803 seconds	0.0000000000 seconds
Iteration 30:	0.2855849266 seconds	0.0000000000 seconds
Iteration 30:	0.2855730057 seconds	0.0000000000 seconds
Iteration 30:	0.2855830193 seconds	0.0000000000 seconds
Iteration 30:	0.2855679989 seconds	0.0000000000 seconds
Iteration 30:	0.2855679989 seconds	0.0000000000 seconds
Iteration 30:	0.2855658531 seconds	0.0000000000 seconds
Iteration 31:	0.2649559975 seconds	0.0000000000 seconds
Iteration 31:	0.2649960518 seconds	0.0000000000 seconds
Iteration 31:	0.2649590969 seconds	0.0000000000 seconds
Iteration 31:	0.2649970055 seconds	0.0000000000 seconds
Iteration 31:	0.2649631500 seconds	0.0000000000 seconds
Iteration 31:	0.2649860382 seconds	0.0000000000 seconds
Iteration 31:	0.2649939060 seconds	0.0000000000 seconds
Iteration 31:	0.2649831772 seconds	0.0000000000 seconds
Iteration 31:	0.2649760246 seconds	0.0000000000 seconds
Iteration 31:	0.2649760246 seconds	0.0000000000 seconds
Iteration 31:	0.2649741173 seconds	0.0000000000 seconds
Iteration 31:	0.2649750710 seconds	0.0000000000 seconds
Iteration 32:	0.2857851982 seconds	0.0000000000 seconds
Iteration 32:	0.2857730389 seconds	0.0000000000 seconds
Iteration 32:	0.2857830524 seconds	0.0000000000 seconds
Iteration 32:	0.2857890129 seconds	0.0000000000 seconds
Iteration 32:	0.2857520580 seconds	0.0000009537 seconds
Iteration 32:	0.2857589722 seconds	0.0000000000 seconds
Iteration 32:	0.2857809067 seconds	0.0000000000 seconds
Iteration 32:	0.2858059406 seconds	0.0000000000 seconds
Iteration 32:	0.2857599258 seconds	0.0000000000 seconds
Iteration 32:	0.2858011723 seconds	0.0000000000 seconds
Iteration 32:	0.2857689857 seconds	0.0000009537 seconds
Iteration 32:	0.2857689857 seconds	0.0000000000 seconds
Iteration 33:	0.2649571896 seconds	0.0000000000 seconds
Iteration 33:	0.2649841309 seconds	0.0000000000 seconds
Iteration 33:	0.2649748325 seconds	0.0000000000 seconds
Iteration 33:	0.2649600506 seconds	0.0000000000 seconds
Iteration 33:	0.2649500370 seconds	0.0000000000 seconds
Iteration 33:	0.2649719715 seconds	0.0000000000 seconds
Iteration 33:	0.2649929523 seconds	0.0000000000 seconds
Iteration 33:	0.2649948597 seconds	0.0000000000 seconds
Iteration 33:	0.2649521828 seconds	0.0000000000 seconds
Iteration 33:	0.2650020123 seconds	0.0000000000 seconds
Iteration 33:	0.2649919987 seconds	0.0000011921 seconds
Iteration 33:	0.2649929523 seconds	0.0000000000 seconds
Iteration 34:	0.2855551243 seconds	0.0000000000 seconds
Iteration 34:	0.2856218815 seconds	0.0000000000 seconds
Iteration 34:	0.2855739594 seconds	0.0000000000 seconds
Iteration 34:	0.2856159210 seconds	0.0000000000 seconds
Iteration 34:	0.2855560780 seconds	0.0000000000 seconds
Iteration 34:	0.2856101990 seconds	0.0000000000 seconds
Iteration 34:	0.2855889797 seconds	0.0000000000 seconds
Iteration 34:	0.2855789661 seconds	0.0000000000 seconds
Iteration 34:	0.2855811119 seconds	0.0000000000 seconds
Iteration 34:	0.2855710983 seconds	0.0000000000 seconds
Iteration 34:	0.2855708599 seconds	0.0000000000 seconds
Iteration 34:	0.2855720520 seconds	0.0000000000 seconds
Total computation time was: 9.647415		Average frame time was: 0.275636		Average Particle interations per second were: 966283623.167318
