[ -1:000]                : Rank 1 is running on comet-13-56.sdsc.edu
[  1:001] init_pprintf   : My dest: 2	My source: 0	My_num_part: 4080
[ -1:000]                : Rank 0 is running on comet-13-56.sdsc.edu
[  0:001] init_pprintf   : My dest: 1	My source: 3	My_num_part: 4080
Initalizing particles linear on 0 to 4080
Initalizing particles linear on 4080 to 8160
[ -1:000]                : Rank 3 is running on comet-13-60.sdsc.edu
[  3:001] init_pprintf   : My dest: 0	My source: 2	My_num_part: 4080
[ -1:000]                : Rank 2 is running on comet-13-60.sdsc.edu
[  2:001] init_pprintf   : My dest: 3	My source: 1	My_num_part: 4080
Initalizing particles linear on 8160 to 12240
Initalizing particles linear on 12240 to 16320
Iteration 0:	0.1708590984 seconds	0.0000000000 seconds
Iteration 0:	0.1707909107 seconds	0.0000000000 seconds
Iteration 0:	0.2067220211 seconds	0.0000000000 seconds
Iteration 0:	0.2068519592 seconds	0.0000000000 seconds
Iteration 1:	0.0274710655 seconds	0.0000000000 seconds
Iteration 1:	0.0274469852 seconds	0.0000000000 seconds
Iteration 1:	0.0274739265 seconds	0.0000000000 seconds
Iteration 1:	0.0274329185 seconds	0.0000000000 seconds
Iteration 2:	0.0276470184 seconds	0.0000000000 seconds
Iteration 2:	0.0276110172 seconds	0.0000000000 seconds
Iteration 2:	0.0276429653 seconds	0.0000000000 seconds
Iteration 2:	0.0276889801 seconds	0.0000000000 seconds
Iteration 3:	0.0274689198 seconds	0.0000000000 seconds
Iteration 3:	0.0274810791 seconds	0.0000000000 seconds
Iteration 3:	0.0275249481 seconds	0.0000000000 seconds
Iteration 3:	0.0275108814 seconds	0.0000000000 seconds
Iteration 4:	0.0275568962 seconds	0.0000000000 seconds
Iteration 4:	0.0275208950 seconds	0.0000000000 seconds
Iteration 4:	0.0275311470 seconds	0.0000000000 seconds
Iteration 4:	0.0275008678 seconds	0.0000000000 seconds
Iteration 5:	0.0274879932 seconds	0.0000000000 seconds
Iteration 5:	0.0275399685 seconds	0.0000000000 seconds
Iteration 5:	0.0275249481 seconds	0.0000000000 seconds
Iteration 5:	0.0275170803 seconds	0.0000000000 seconds
Iteration 6:	0.0274879932 seconds	0.0000000000 seconds
Iteration 6:	0.0274920464 seconds	0.0000000000 seconds
Iteration 6:	0.0275471210 seconds	0.0000000000 seconds
Iteration 6:	0.0275161266 seconds	0.0000000000 seconds
Iteration 7:	0.0274670124 seconds	0.0000000000 seconds
Iteration 7:	0.0274381638 seconds	0.0000000000 seconds
Iteration 7:	0.0274939537 seconds	0.0000000000 seconds
Iteration 7:	0.0274748802 seconds	0.0000000000 seconds
Iteration 8:	0.0274949074 seconds	0.0000000000 seconds
Iteration 8:	0.0274608135 seconds	0.0000000000 seconds
Iteration 8:	0.0274930000 seconds	0.0000000000 seconds
Iteration 8:	0.0274610519 seconds	0.0000000000 seconds
Iteration 9:	0.0274820328 seconds	0.0000000000 seconds
Iteration 9:	0.0274829865 seconds	0.0000000000 seconds
Iteration 9:	0.0275301933 seconds	0.0000000000 seconds
Iteration 9:	0.0275051594 seconds	0.0000000000 seconds
Iteration 10:	0.0274600983 seconds	0.0000000000 seconds
Iteration 10:	0.0275020599 seconds	0.0000000000 seconds
Iteration 10:	0.0274498463 seconds	0.0000000000 seconds
Iteration 10:	0.0274798870 seconds	0.0000000000 seconds
Iteration 11:	0.0279421806 seconds	0.0000000000 seconds
Iteration 11:	0.0286631584 seconds	0.0000000000 seconds
Iteration 11:	0.0286958218 seconds	0.0000000000 seconds
Iteration 11:	0.0286688805 seconds	0.0000000000 seconds
Iteration 12:	0.0274958611 seconds	0.0000000000 seconds
Iteration 12:	0.0282568932 seconds	0.0000000000 seconds
Iteration 12:	0.0275518894 seconds	0.0000000000 seconds
Iteration 12:	0.0275268555 seconds	0.0000000000 seconds
Iteration 13:	0.0278630257 seconds	0.0000000000 seconds
Iteration 13:	0.0279040337 seconds	0.0000000000 seconds
Iteration 13:	0.0279350281 seconds	0.0000000000 seconds
Iteration 13:	0.0279121399 seconds	0.0000000000 seconds
Iteration 14:	0.0277400017 seconds	0.0000009537 seconds
Iteration 14:	0.0277588367 seconds	0.0000000000 seconds
Iteration 14:	0.0277798176 seconds	0.0000000000 seconds
Iteration 14:	0.0277578831 seconds	0.0000000000 seconds
Iteration 15:	0.0278489590 seconds	0.0000000000 seconds
Iteration 15:	0.0278999805 seconds	0.0000000000 seconds
Iteration 15:	0.0279209614 seconds	0.0000000000 seconds
Iteration 15:	0.0278999805 seconds	0.0000000000 seconds
Iteration 16:	0.0277621746 seconds	0.0000000000 seconds
Iteration 16:	0.0276708603 seconds	0.0000000000 seconds
Iteration 16:	0.0276818275 seconds	0.0000000000 seconds
Iteration 16:	0.0276558399 seconds	0.0000009537 seconds
Iteration 17:	0.0277709961 seconds	0.0000000000 seconds
Iteration 17:	0.0277559757 seconds	0.0000000000 seconds
Iteration 17:	0.0277788639 seconds	0.0000000000 seconds
Iteration 17:	0.0277547836 seconds	0.0000000000 seconds
Iteration 18:	0.0274651051 seconds	0.0000000000 seconds
Iteration 18:	0.0275180340 seconds	0.0000000000 seconds
Iteration 18:	0.0275189877 seconds	0.0000000000 seconds
Iteration 18:	0.0274951458 seconds	0.0000000000 seconds
Iteration 19:	0.0274882317 seconds	0.0000000000 seconds
Iteration 19:	0.0274801254 seconds	0.0000000000 seconds
Iteration 19:	0.0274469852 seconds	0.0000000000 seconds
Iteration 19:	0.0274808407 seconds	0.0000000000 seconds
Iteration 20:	0.0274491310 seconds	0.0000000000 seconds
Iteration 20:	0.0274510384 seconds	0.0000000000 seconds
Iteration 20:	0.0274829865 seconds	0.0000000000 seconds
Iteration 20:	0.0274538994 seconds	0.0000000000 seconds
Iteration 21:	0.0274660587 seconds	0.0000000000 seconds
Iteration 21:	0.0274651051 seconds	0.0000009537 seconds
Iteration 21:	0.0275070667 seconds	0.0000000000 seconds
Iteration 21:	0.0274870396 seconds	0.0000000000 seconds
Iteration 22:	0.0274848938 seconds	0.0000000000 seconds
Iteration 22:	0.0275290012 seconds	0.0000000000 seconds
Iteration 22:	0.0274980068 seconds	0.0000000000 seconds
Iteration 22:	0.0274760723 seconds	0.0000000000 seconds
Iteration 23:	0.0274748802 seconds	0.0000000000 seconds
Iteration 23:	0.0274789333 seconds	0.0000000000 seconds
Iteration 23:	0.0275239944 seconds	0.0000000000 seconds
Iteration 23:	0.0275020599 seconds	0.0000000000 seconds
Iteration 24:	0.0274729729 seconds	0.0000000000 seconds
Iteration 24:	0.0274698734 seconds	0.0000000000 seconds
Iteration 24:	0.0274779797 seconds	0.0000000000 seconds
Iteration 24:	0.0274519920 seconds	0.0000000000 seconds
Iteration 25:	0.0274710655 seconds	0.0000000000 seconds
Iteration 25:	0.0275139809 seconds	0.0000000000 seconds
Iteration 25:	0.0274980068 seconds	0.0000000000 seconds
Iteration 25:	0.0274810791 seconds	0.0000000000 seconds
Iteration 26:	0.0274629593 seconds	0.0000000000 seconds
Iteration 26:	0.0274639130 seconds	0.0000000000 seconds
Iteration 26:	0.0274891853 seconds	0.0000000000 seconds
Iteration 26:	0.0274732113 seconds	0.0000000000 seconds
Iteration 27:	0.0274639130 seconds	0.0000000000 seconds
Iteration 27:	0.0275099277 seconds	0.0000000000 seconds
Iteration 27:	0.0275208950 seconds	0.0000000000 seconds
Iteration 27:	0.0274999142 seconds	0.0000000000 seconds
Iteration 28:	0.0274660587 seconds	0.0000009537 seconds
Iteration 28:	0.0274810791 seconds	0.0000000000 seconds
Iteration 28:	0.0275011063 seconds	0.0000000000 seconds
Iteration 28:	0.0274789333 seconds	0.0000000000 seconds
Iteration 29:	0.0275001526 seconds	0.0000000000 seconds
Iteration 29:	0.0274899006 seconds	0.0000000000 seconds
Iteration 29:	0.0275030136 seconds	0.0000000000 seconds
Iteration 29:	0.0274760723 seconds	0.0000000000 seconds
Iteration 30:	0.0274620056 seconds	0.0000000000 seconds
Iteration 30:	0.0274899006 seconds	0.0000000000 seconds
Iteration 30:	0.0274798870 seconds	0.0000000000 seconds
Iteration 30:	0.0274610519 seconds	0.0000000000 seconds
Iteration 31:	0.0274741650 seconds	0.0000009537 seconds
Iteration 31:	0.0274741650 seconds	0.0000009537 seconds
Iteration 31:	0.0275118351 seconds	0.0000000000 seconds
Iteration 31:	0.0274848938 seconds	0.0000000000 seconds
Iteration 32:	0.0274801254 seconds	0.0000000000 seconds
Iteration 32:	0.0274848938 seconds	0.0000000000 seconds
Iteration 32:	0.0275101662 seconds	0.0000000000 seconds
Iteration 32:	0.0274910927 seconds	0.0000000000 seconds
Iteration 33:	0.0274751186 seconds	0.0000000000 seconds
Iteration 33:	0.0274629593 seconds	0.0000009537 seconds
Iteration 33:	0.0274848938 seconds	0.0000000000 seconds
Iteration 33:	0.0274569988 seconds	0.0000009537 seconds
Iteration 34:	0.0275011063 seconds	0.0000000000 seconds
Iteration 34:	0.0274980068 seconds	0.0000000000 seconds
Total computation time was: 1.145528		Average frame time was: 0.032687		Average Particle interations per second were: 8148182873.629839
Iteration 34:	0.0275011063 seconds	0.0000000000 seconds
Iteration 34:	0.0274801254 seconds	0.0000009537 seconds
