[ -1:000]                : Rank 17 is running on comet-16-49.sdsc.edu
[ -1:000]                : Rank 19 is running on comet-16-49.sdsc.edu
[ 19:001] init_pprintf   : My dest: 20	My source: 18	My_num_part: 1340
[ -1:000]                : Rank 23 is running on comet-16-49.sdsc.edu
[ 23:001] init_pprintf   : My dest: 24	My source: 22	My_num_part: 1340
[ -1:000]                : Rank 0 is running on comet-16-49.sdsc.edu
[ -1:000]                : Rank 9 is running on comet-16-49.sdsc.edu
[ -1:000]                : Rank 7 is running on comet-16-49.sdsc.edu
[ -1:000]                : Rank 10 is running on comet-16-49.sdsc.edu
[  0:001] init_pprintf   : My dest: 1	My source: 47	My_num_part: 1340
[  9:001] init_pprintf   : My dest: 10	My source: 8	My_num_part: 1340
[  7:001] init_pprintf   : My dest: 8	My source: 6	My_num_part: 1340
[ 10:001] init_pprintf   : My dest: 11	My source: 9	My_num_part: 1340
[ -1:000]                : Rank 2 is running on comet-16-49.sdsc.edu
[  2:001] init_pprintf   : My dest: 3	My source: 1	My_num_part: 1340
[ -1:000]                : Rank 20 is running on comet-16-49.sdsc.edu
[ 20:001] init_pprintf   : My dest: 21	My source: 19	My_num_part: 1340
[ -1:000]                : Rank 18 is running on comet-16-49.sdsc.edu
[ -1:000]                : Rank 14 is running on comet-16-49.sdsc.edu
[ 18:001] init_pprintf   : My dest: 19	My source: 17	My_num_part: 1340
[ 14:001] init_pprintf   : My dest: 15	My source: 13	My_num_part: 1340
[ -1:000]                : Rank 6 is running on comet-16-49.sdsc.edu
[ -1:000]                : Rank 15 is running on comet-16-49.sdsc.edu
[  6:001] init_pprintf   : My dest: 7	My source: 5	My_num_part: 1340
[ 15:001] init_pprintf   : My dest: 16	My source: 14	My_num_part: 1340
[ -1:000]                : Rank 4 is running on comet-16-49.sdsc.edu
[  4:001] init_pprintf   : My dest: 5	My source: 3	My_num_part: 1340
[ -1:000]                : Rank 12 is running on comet-16-49.sdsc.edu
[ -1:000]                : Rank 3 is running on comet-16-49.sdsc.edu
[ -1:000]                : Rank 5 is running on comet-16-49.sdsc.edu
[ -1:000]                : Rank 21 is running on comet-16-49.sdsc.edu
[ -1:000]                : Rank 22 is running on comet-16-49.sdsc.edu
[ 12:001] init_pprintf   : My dest: 13	My source: 11	My_num_part: 1340
[  3:001] init_pprintf   : My dest: 4	My source: 2	My_num_part: 1340
[ -1:000]                : Rank 16 is running on comet-16-49.sdsc.edu
[  5:001] init_pprintf   : My dest: 6	My source: 4	My_num_part: 1340
[ -1:000]                : Rank 1 is running on comet-16-49.sdsc.edu
[ 21:001] init_pprintf   : My dest: 22	My source: 20	My_num_part: 1340
[ 22:001] init_pprintf   : My dest: 23	My source: 21	My_num_part: 1340
[ 16:001] init_pprintf   : My dest: 17	My source: 15	My_num_part: 1340
[ -1:000]                : Rank 8 is running on comet-16-49.sdsc.edu
[  1:001] init_pprintf   : My dest: 2	My source: 0	My_num_part: 1340
[ -1:000]                : Rank 11 is running on comet-16-49.sdsc.edu
[  8:001] init_pprintf   : My dest: 9	My source: 7	My_num_part: 1340
[ 11:001] init_pprintf   : My dest: 12	My source: 10	My_num_part: 1340
[ 17:001] init_pprintf   : My dest: 18	My source: 16	My_num_part: 1340
[ -1:000]                : Rank 13 is running on comet-16-49.sdsc.edu
[ 13:001] init_pprintf   : My dest: 14	My source: 12	My_num_part: 1340
Initalizing particles linear on 25460 to 26800
Initalizing particles linear on 30820 to 32160
Initalizing particles linear on 12060 to 13400
Initalizing particles linear on 2680 to 4020
Initalizing particles linear on 9380 to 10720
Initalizing particles linear on 13400 to 14740
Initalizing particles linear on 0 to 1340
Initalizing particles linear on 24120 to 25460
Initalizing particles linear on 18760 to 20100
Initalizing particles linear on 8040 to 9380
Initalizing particles linear on 5360 to 6700
Initalizing particles linear on 20100 to 21440
Initalizing particles linear on 26800 to 28140
Initalizing particles linear on 6700 to 8040
Initalizing particles linear on 10720 to 12060
Initalizing particles linear on 21440 to 22780
Initalizing particles linear on 1340 to 2680
Initalizing particles linear on 14740 to 16080
Initalizing particles linear on 16080 to 17420
Initalizing particles linear on 28140 to 29480
Initalizing particles linear on 29480 to 30820
Initalizing particles linear on 4020 to 5360
Initalizing particles linear on 22780 to 24120
Initalizing particles linear on 17420 to 18760
[ -1:000]                : Rank 38 is running on comet-16-71.sdsc.edu
[ 38:001] init_pprintf   : My dest: 39	My source: 37	My_num_part: 1340
[ -1:000]                : Rank 45 is running on comet-16-71.sdsc.edu
[ -1:000]                : Rank 41 is running on comet-16-71.sdsc.edu
[ 45:001] init_pprintf   : My dest: 46	My source: 44	My_num_part: 1340
[ 41:001] init_pprintf   : My dest: 42	My source: 40	My_num_part: 1340
[ -1:000]                : Rank 37 is running on comet-16-71.sdsc.edu
[ 37:001] init_pprintf   : My dest: 38	My source: 36	My_num_part: 1340
[ -1:000]                : Rank 36 is running on comet-16-71.sdsc.edu
[ 36:001] init_pprintf   : My dest: 37	My source: 35	My_num_part: 1340
[ -1:000]                : Rank 29 is running on comet-16-71.sdsc.edu
[ -1:000]                : Rank 28 is running on comet-16-71.sdsc.edu
[ -1:000]                : Rank 24 is running on comet-16-71.sdsc.edu
[ -1:000]                : Rank 25 is running on comet-16-71.sdsc.edu
[ -1:000]                : Rank 44 is running on comet-16-71.sdsc.edu
[ -1:000]                : Rank 35 is running on comet-16-71.sdsc.edu
[ -1:000]                : Rank 47 is running on comet-16-71.sdsc.edu
[ 25:001] init_pprintf   : My dest: 26	My source: 24	My_num_part: 1340
[ -1:000]                : Rank 31 is running on comet-16-71.sdsc.edu
[ 47:001] init_pprintf   : My dest: 0	My source: 46	My_num_part: 1340
[ -1:000]                : Rank 40 is running on comet-16-71.sdsc.edu
[ 28:001] init_pprintf   : My dest: 29	My source: 27	My_num_part: 1340
[ 29:001] init_pprintf   : My dest: 30	My source: 28	My_num_part: 1340
[ -1:000]                : Rank 42 is running on comet-16-71.sdsc.edu
[ 24:001] init_pprintf   : My dest: 25	My source: 23	My_num_part: 1340
[ 44:001] init_pprintf   : My dest: 45	My source: 43	My_num_part: 1340
[ 35:001] init_pprintf   : My dest: 36	My source: 34	My_num_part: 1340
[ -1:000]                : Rank 46 is running on comet-16-71.sdsc.edu
[ -1:000]                : Rank 30 is running on comet-16-71.sdsc.edu
[ -1:000]                : Rank 39 is running on comet-16-71.sdsc.edu
[ -1:000]                : Rank 32 is running on comet-16-71.sdsc.edu
[ -1:000]                : Rank 34 is running on comet-16-71.sdsc.edu
[ 31:001] init_pprintf   : My dest: 32	My source: 30	My_num_part: 1340
[ 46:001] init_pprintf   : My dest: 47	My source: 45	My_num_part: 1340
[ 40:001] init_pprintf   : My dest: 41	My source: 39	My_num_part: 1340
[ 42:001] init_pprintf   : My dest: 43	My source: 41	My_num_part: 1340
[ -1:000]                : Rank 26 is running on comet-16-71.sdsc.edu
[ -1:000]                : Rank 27 is running on comet-16-71.sdsc.edu
[ 30:001] init_pprintf   : My dest: 31	My source: 29	My_num_part: 1340
[ 39:001] init_pprintf   : My dest: 40	My source: 38	My_num_part: 1340
[ 32:001] init_pprintf   : My dest: 33	My source: 31	My_num_part: 1340
[ -1:000]                : Rank 33 is running on comet-16-71.sdsc.edu
[ 34:001] init_pprintf   : My dest: 35	My source: 33	My_num_part: 1340
[ 26:001] init_pprintf   : My dest: 27	My source: 25	My_num_part: 1340
[ 27:001] init_pprintf   : My dest: 28	My source: 26	My_num_part: 1340
[ 33:001] init_pprintf   : My dest: 34	My source: 32	My_num_part: 1340
Initalizing particles linear on 54940 to 56280
Initalizing particles linear on 50920 to 52260
[ -1:000]                : Rank 43 is running on comet-16-71.sdsc.edu
Initalizing particles linear on 60300 to 61640
[ 43:001] init_pprintf   : My dest: 44	My source: 42	My_num_part: 1340
Initalizing particles linear on 49580 to 50920
Initalizing particles linear on 41540 to 42880
Initalizing particles linear on 38860 to 40200
Initalizing particles linear on 32160 to 33500
Initalizing particles linear on 40200 to 41540
Initalizing particles linear on 33500 to 34840
Initalizing particles linear on 62980 to 64320
Initalizing particles linear on 37520 to 38860
Initalizing particles linear on 53600 to 54940
Initalizing particles linear on 58960 to 60300
Initalizing particles linear on 61640 to 62980
Initalizing particles linear on 42880 to 44220
Initalizing particles linear on 56280 to 57620
Initalizing particles linear on 44220 to 45560
Initalizing particles linear on 46900 to 48240
Initalizing particles linear on 45560 to 46900
Initalizing particles linear on 34840 to 36180
Initalizing particles linear on 36180 to 37520
Initalizing particles linear on 52260 to 53600
Initalizing particles linear on 48240 to 49580
Initalizing particles linear on 57620 to 58960
Iteration 0:	1.1599721909 seconds	0.0000000000 seconds
Iteration 0:	1.1600708961 seconds	0.0000011921 seconds
Iteration 0:	1.1601769924 seconds	0.0000000000 seconds
Iteration 0:	1.1601388454 seconds	0.0000009537 seconds
Iteration 0:	1.1601870060 seconds	0.0000000000 seconds
Iteration 0:	1.1601889133 seconds	0.0000000000 seconds
Iteration 0:	1.1102690697 seconds	0.0000000000 seconds
Iteration 0:	1.1102960110 seconds	0.0000000000 seconds
Iteration 0:	1.1103739738 seconds	0.0000000000 seconds
Iteration 0:	1.1103100777 seconds	0.0000000000 seconds
Iteration 0:	1.1602771282 seconds	0.0000000000 seconds
Iteration 0:	1.1102068424 seconds	0.0000000000 seconds
Iteration 0:	1.1603751183 seconds	0.0000000000 seconds
Iteration 0:	1.1104228497 seconds	0.0000000000 seconds
Iteration 0:	1.1104950905 seconds	0.0000000000 seconds
Iteration 0:	1.1604220867 seconds	0.0000000000 seconds
Iteration 0:	1.1605300903 seconds	0.0000000000 seconds
Iteration 0:	1.1105539799 seconds	0.0000000000 seconds
Iteration 0:	1.1605849266 seconds	0.0000000000 seconds
Iteration 0:	1.1106290817 seconds	0.0000000000 seconds
Iteration 0:	1.1107771397 seconds	0.0000009537 seconds
Iteration 0:	1.1108658314 seconds	0.0000000000 seconds
Iteration 0:	1.1108150482 seconds	0.0000000000 seconds
Iteration 0:	1.1608531475 seconds	0.0000009537 seconds
Iteration 0:	1.1108891964 seconds	0.0000000000 seconds
Iteration 0:	1.1608641148 seconds	0.0000000000 seconds
Iteration 0:	1.1109449863 seconds	0.0000000000 seconds
Iteration 0:	1.1609098911 seconds	0.0000000000 seconds
Iteration 0:	1.1608908176 seconds	0.0000000000 seconds
Iteration 0:	1.1605849266 seconds	0.0000000000 seconds
Iteration 0:	1.1110348701 seconds	0.0000000000 seconds
Iteration 0:	1.1609699726 seconds	0.0000000000 seconds
Iteration 0:	1.1110980511 seconds	0.0000000000 seconds
Iteration 0:	1.1609599590 seconds	0.0000000000 seconds
Iteration 0:	1.1111030579 seconds	0.0000000000 seconds
Iteration 0:	1.1611521244 seconds	0.0000000000 seconds
Iteration 0:	1.1112258434 seconds	0.0000011921 seconds
Iteration 0:	1.1612608433 seconds	0.0000011921 seconds
Iteration 0:	1.1112999916 seconds	0.0000000000 seconds
Iteration 0:	1.1612899303 seconds	0.0000000000 seconds
Iteration 0:	1.1113750935 seconds	0.0000000000 seconds
Iteration 0:	1.1613419056 seconds	0.0000000000 seconds
Iteration 0:	1.1114540100 seconds	0.0000000000 seconds
Iteration 0:	1.1614248753 seconds	0.0000000000 seconds
Iteration 0:	1.1115121841 seconds	0.0000000000 seconds
Iteration 0:	1.1614708900 seconds	0.0000009537 seconds
Iteration 0:	1.1115999222 seconds	0.0000000000 seconds
Iteration 0:	1.1116020679 seconds	0.0000000000 seconds
Iteration 1:	1.0298819542 seconds	0.0000000000 seconds
Iteration 1:	1.0301229954 seconds	0.0000000000 seconds
Iteration 1:	1.0301420689 seconds	0.0000000000 seconds
Iteration 1:	1.0299570560 seconds	0.0000000000 seconds
Iteration 1:	1.0299911499 seconds	0.0000000000 seconds
Iteration 1:	1.0300908089 seconds	0.0000000000 seconds
Iteration 1:	1.0301408768 seconds	0.0000000000 seconds
Iteration 1:	1.0300781727 seconds	0.0000000000 seconds
Iteration 1:	1.0300891399 seconds	0.0000009537 seconds
Iteration 1:	1.0300171375 seconds	0.0000000000 seconds
Iteration 1:	1.0299839973 seconds	0.0000000000 seconds
Iteration 1:	1.0301868916 seconds	0.0000000000 seconds
Iteration 1:	1.0301120281 seconds	0.0000000000 seconds
Iteration 1:	1.0299770832 seconds	0.0000000000 seconds
Iteration 1:	1.0299379826 seconds	0.0000000000 seconds
Iteration 1:	1.0301268101 seconds	0.0000000000 seconds
Iteration 1:	1.0299019814 seconds	0.0000009537 seconds
Iteration 1:	1.0300679207 seconds	0.0000000000 seconds
Iteration 1:	1.0298831463 seconds	0.0000000000 seconds
Iteration 1:	1.0300509930 seconds	0.0000000000 seconds
Iteration 1:	1.0300171375 seconds	0.0000000000 seconds
Iteration 1:	1.0298340321 seconds	0.0000000000 seconds
Iteration 1:	1.0298538208 seconds	0.0000000000 seconds
Iteration 1:	1.0297799110 seconds	0.0000000000 seconds
Iteration 1:	1.0297720432 seconds	0.0000000000 seconds
Iteration 1:	1.0298049450 seconds	0.0000000000 seconds
Iteration 1:	1.0297410488 seconds	0.0000000000 seconds
Iteration 1:	1.0299048424 seconds	0.0000000000 seconds
Iteration 1:	1.0297801495 seconds	0.0000000000 seconds
Iteration 1:	1.0297420025 seconds	0.0000000000 seconds
Iteration 1:	1.0297470093 seconds	0.0000000000 seconds
Iteration 1:	1.0296900272 seconds	0.0000011921 seconds
Iteration 1:	1.0297131538 seconds	0.0000000000 seconds
Iteration 1:	1.0296919346 seconds	0.0000000000 seconds
Iteration 1:	1.0296628475 seconds	0.0000000000 seconds
Iteration 1:	1.0299990177 seconds	0.0000000000 seconds
Iteration 1:	1.0296370983 seconds	0.0000000000 seconds
Iteration 1:	1.0300550461 seconds	0.0000000000 seconds
Iteration 1:	1.0300259590 seconds	0.0000000000 seconds
Iteration 1:	1.0296130180 seconds	0.0000009537 seconds
Iteration 1:	1.0296161175 seconds	0.0000000000 seconds
Iteration 1:	1.0295870304 seconds	0.0000000000 seconds
Iteration 1:	1.0295710564 seconds	0.0000009537 seconds
Iteration 1:	1.0295588970 seconds	0.0000000000 seconds
Iteration 1:	1.0295741558 seconds	0.0000000000 seconds
Iteration 1:	1.0295338631 seconds	0.0000000000 seconds
Iteration 1:	1.0295310020 seconds	0.0000000000 seconds
Iteration 1:	1.0295639038 seconds	0.0000000000 seconds
Iteration 2:	1.1105329990 seconds	0.0000009537 seconds
Iteration 2:	1.1105890274 seconds	0.0000000000 seconds
Iteration 2:	1.1105890274 seconds	0.0000000000 seconds
Iteration 2:	1.1106681824 seconds	0.0000000000 seconds
Iteration 2:	1.1105849743 seconds	0.0000000000 seconds
Iteration 2:	1.1106719971 seconds	0.0000000000 seconds
Iteration 2:	1.1105899811 seconds	0.0000000000 seconds
Iteration 2:	1.1105878353 seconds	0.0000000000 seconds
Iteration 2:	1.1106028557 seconds	0.0000000000 seconds
Iteration 2:	1.1106939316 seconds	0.0000000000 seconds
Iteration 2:	1.1106348038 seconds	0.0000000000 seconds
Iteration 2:	1.1107139587 seconds	0.0000011921 seconds
Iteration 2:	1.1107540131 seconds	0.0000011921 seconds
Iteration 2:	1.1107888222 seconds	0.0000000000 seconds
Iteration 2:	1.1107130051 seconds	0.0000000000 seconds
Iteration 2:	1.1109540462 seconds	0.0000000000 seconds
Iteration 2:	1.1109769344 seconds	0.0000000000 seconds
Iteration 2:	1.1109609604 seconds	0.0000000000 seconds
Iteration 2:	1.1110329628 seconds	0.0000000000 seconds
Iteration 2:	1.1111180782 seconds	0.0000000000 seconds
Iteration 2:	1.1111690998 seconds	0.0000009537 seconds
Iteration 2:	1.1111760139 seconds	0.0000009537 seconds
Iteration 2:	1.1112749577 seconds	0.0000000000 seconds
Iteration 2:	1.1113100052 seconds	0.0000000000 seconds
Iteration 2:	1.1110420227 seconds	0.0000000000 seconds
Iteration 2:	1.1111478806 seconds	0.0000000000 seconds
Iteration 2:	1.1110701561 seconds	0.0000000000 seconds
Iteration 2:	1.1110470295 seconds	0.0000000000 seconds
Iteration 2:	1.1113560200 seconds	0.0000000000 seconds
Iteration 2:	1.1114118099 seconds	0.0000000000 seconds
Iteration 2:	1.1115038395 seconds	0.0000000000 seconds
Iteration 2:	1.1114988327 seconds	0.0000000000 seconds
Iteration 2:	1.1115291119 seconds	0.0000000000 seconds
Iteration 2:	1.1115360260 seconds	0.0000000000 seconds
Iteration 2:	1.1115529537 seconds	0.0000000000 seconds
Iteration 2:	1.1116588116 seconds	0.0000011921 seconds
Iteration 2:	1.1116201878 seconds	0.0000000000 seconds
Iteration 2:	1.1116290092 seconds	0.0000000000 seconds
Iteration 2:	1.1116559505 seconds	0.0000009537 seconds
Iteration 2:	1.1116418839 seconds	0.0000000000 seconds
Iteration 2:	1.1117019653 seconds	0.0000009537 seconds
Iteration 2:	1.1116859913 seconds	0.0000000000 seconds
Iteration 2:	1.1116728783 seconds	0.0000000000 seconds
Iteration 2:	1.1117060184 seconds	0.0000000000 seconds
Iteration 2:	1.1116840839 seconds	0.0000000000 seconds
Iteration 2:	1.1117451191 seconds	0.0000000000 seconds
Iteration 2:	1.1117420197 seconds	0.0000000000 seconds
Iteration 2:	1.1117711067 seconds	0.0000000000 seconds
Iteration 3:	1.0305888653 seconds	0.0000000000 seconds
Iteration 3:	1.0304870605 seconds	0.0000000000 seconds
Iteration 3:	1.0304539204 seconds	0.0000000000 seconds
Iteration 3:	1.0305840969 seconds	0.0000000000 seconds
Iteration 3:	1.0306289196 seconds	0.0000000000 seconds
Iteration 3:	1.0304560661 seconds	0.0000000000 seconds
Iteration 3:	1.0305829048 seconds	0.0000000000 seconds
Iteration 3:	1.0304369926 seconds	0.0000009537 seconds
Iteration 3:	1.0303559303 seconds	0.0000000000 seconds
Iteration 3:	1.0305747986 seconds	0.0000000000 seconds
Iteration 3:	1.0304260254 seconds	0.0000000000 seconds
Iteration 3:	1.0305089951 seconds	0.0000000000 seconds
Iteration 3:	1.0303590298 seconds	0.0000000000 seconds
Iteration 3:	1.0305829048 seconds	0.0000000000 seconds
Iteration 3:	1.0301930904 seconds	0.0000000000 seconds
Iteration 3:	1.0304110050 seconds	0.0000000000 seconds
Iteration 3:	1.0301518440 seconds	0.0000000000 seconds
Iteration 3:	1.0302228928 seconds	0.0000000000 seconds
Iteration 3:	1.0301508904 seconds	0.0000009537 seconds
Iteration 3:	1.0303621292 seconds	0.0000000000 seconds
Iteration 3:	1.0303277969 seconds	0.0000000000 seconds
Iteration 3:	1.0301420689 seconds	0.0000000000 seconds
Iteration 3:	1.0300719738 seconds	0.0000000000 seconds
Iteration 3:	1.0300648212 seconds	0.0000000000 seconds
Iteration 3:	1.0299670696 seconds	0.0000000000 seconds
Iteration 3:	1.0298149586 seconds	0.0000000000 seconds
Iteration 3:	1.0299088955 seconds	0.0000000000 seconds
Iteration 3:	1.0302019119 seconds	0.0000000000 seconds
Iteration 3:	1.0298650265 seconds	0.0000000000 seconds
Iteration 3:	1.0297670364 seconds	0.0000000000 seconds
Iteration 3:	1.0298061371 seconds	0.0000009537 seconds
Iteration 3:	1.0297789574 seconds	0.0000000000 seconds
Iteration 3:	1.0302128792 seconds	0.0000000000 seconds
Iteration 3:	1.0297019482 seconds	0.0000000000 seconds
Iteration 3:	1.0297269821 seconds	0.0000000000 seconds
Iteration 3:	1.0303118229 seconds	0.0000000000 seconds
Iteration 3:	1.0303118229 seconds	0.0000000000 seconds
Iteration 3:	1.0296809673 seconds	0.0000000000 seconds
Iteration 3:	1.0296571255 seconds	0.0000000000 seconds
Iteration 3:	1.0297060013 seconds	0.0000000000 seconds
Iteration 3:	1.0296878815 seconds	0.0000000000 seconds
Iteration 3:	1.0296521187 seconds	0.0000000000 seconds
Iteration 3:	1.0296590328 seconds	0.0000000000 seconds
Iteration 3:	1.0296149254 seconds	0.0000000000 seconds
Iteration 3:	1.0296380520 seconds	0.0000000000 seconds
Iteration 3:	1.0295779705 seconds	0.0000009537 seconds
Iteration 3:	1.0295650959 seconds	0.0000000000 seconds
Iteration 3:	1.0296049118 seconds	0.0000011921 seconds
Iteration 4:	1.1105430126 seconds	0.0000000000 seconds
Iteration 4:	1.1107640266 seconds	0.0000000000 seconds
Iteration 4:	1.1108229160 seconds	0.0000000000 seconds
Iteration 4:	1.1108341217 seconds	0.0000000000 seconds
Iteration 4:	1.1107530594 seconds	0.0000000000 seconds
Iteration 4:	1.1107401848 seconds	0.0000000000 seconds
Iteration 4:	1.1109321117 seconds	0.0000000000 seconds
Iteration 4:	1.1109020710 seconds	0.0000000000 seconds
Iteration 4:	1.1107599735 seconds	0.0000000000 seconds
Iteration 4:	1.1107840538 seconds	0.0000009537 seconds
Iteration 4:	1.1109058857 seconds	0.0000000000 seconds
Iteration 4:	1.1109831333 seconds	0.0000000000 seconds
Iteration 4:	1.1109120846 seconds	0.0000000000 seconds
Iteration 4:	1.1108329296 seconds	0.0000000000 seconds
Iteration 4:	1.1109769344 seconds	0.0000000000 seconds
Iteration 4:	1.1108701229 seconds	0.0000000000 seconds
Iteration 4:	1.1106550694 seconds	0.0000000000 seconds
Iteration 4:	1.1110031605 seconds	0.0000000000 seconds
Iteration 4:	1.1107850075 seconds	0.0000009537 seconds
Iteration 4:	1.1107590199 seconds	0.0000000000 seconds
Iteration 4:	1.1109030247 seconds	0.0000000000 seconds
Iteration 4:	1.1108808517 seconds	0.0000000000 seconds
Iteration 4:	1.1107439995 seconds	0.0000000000 seconds
Iteration 4:	1.1107008457 seconds	0.0000000000 seconds
Iteration 4:	1.1107428074 seconds	0.0000000000 seconds
Iteration 4:	1.1110019684 seconds	0.0000009537 seconds
Iteration 4:	1.1109418869 seconds	0.0000000000 seconds
Iteration 4:	1.1108508110 seconds	0.0000000000 seconds
Iteration 4:	1.1109268665 seconds	0.0000000000 seconds
Iteration 4:	1.1110248566 seconds	0.0000009537 seconds
Iteration 4:	1.1109590530 seconds	0.0000000000 seconds
Iteration 4:	1.1110148430 seconds	0.0000000000 seconds
Iteration 4:	1.1110169888 seconds	0.0000000000 seconds
Iteration 4:	1.1109900475 seconds	0.0000000000 seconds
Iteration 4:	1.1110620499 seconds	0.0000000000 seconds
Iteration 4:	1.1110920906 seconds	0.0000000000 seconds
Iteration 4:	1.1110610962 seconds	0.0000000000 seconds
Iteration 4:	1.1111288071 seconds	0.0000000000 seconds
Iteration 4:	1.1110827923 seconds	0.0000000000 seconds
Iteration 4:	1.1111581326 seconds	0.0000000000 seconds
Iteration 4:	1.1111838818 seconds	0.0000000000 seconds
Iteration 4:	1.1111881733 seconds	0.0000009537 seconds
Iteration 4:	1.1111741066 seconds	0.0000000000 seconds
Iteration 4:	1.1112160683 seconds	0.0000009537 seconds
Iteration 4:	1.1111919880 seconds	0.0000000000 seconds
Iteration 4:	1.1112339497 seconds	0.0000000000 seconds
Iteration 4:	1.1112210751 seconds	0.0000000000 seconds
Iteration 4:	1.1112589836 seconds	0.0000000000 seconds
Iteration 5:	1.0305960178 seconds	0.0000000000 seconds
Iteration 5:	1.0302660465 seconds	0.0000000000 seconds
Iteration 5:	1.0303359032 seconds	0.0000000000 seconds
Iteration 5:	1.0302379131 seconds	0.0000000000 seconds
Iteration 5:	1.0302040577 seconds	0.0000000000 seconds
Iteration 5:	1.0303721428 seconds	0.0000000000 seconds
Iteration 5:	1.0303769112 seconds	0.0000011921 seconds
Iteration 5:	1.0304510593 seconds	0.0000000000 seconds
Iteration 5:	1.0301971436 seconds	0.0000000000 seconds
Iteration 5:	1.0304081440 seconds	0.0000000000 seconds
Iteration 5:	1.0302560329 seconds	0.0000000000 seconds
Iteration 5:	1.0303771496 seconds	0.0000000000 seconds
Iteration 5:	1.0303509235 seconds	0.0000000000 seconds
Iteration 5:	1.0301871300 seconds	0.0000000000 seconds
Iteration 5:	1.0301418304 seconds	0.0000000000 seconds
Iteration 5:	1.0303070545 seconds	0.0000000000 seconds
Iteration 5:	1.0301499367 seconds	0.0000000000 seconds
Iteration 5:	1.0302789211 seconds	0.0000000000 seconds
Iteration 5:	1.0300729275 seconds	0.0000000000 seconds
Iteration 5:	1.0302629471 seconds	0.0000000000 seconds
Iteration 5:	1.0302021503 seconds	0.0000000000 seconds
Iteration 5:	1.0300631523 seconds	0.0000000000 seconds
Iteration 5:	1.0299508572 seconds	0.0000011921 seconds
Iteration 5:	1.0300199986 seconds	0.0000000000 seconds
Iteration 5:	1.0299749374 seconds	0.0000000000 seconds
Iteration 5:	1.0300490856 seconds	0.0000000000 seconds
Iteration 5:	1.0299580097 seconds	0.0000000000 seconds
Iteration 5:	1.0299980640 seconds	0.0000000000 seconds
Iteration 5:	1.0300769806 seconds	0.0000009537 seconds
Iteration 5:	1.0299179554 seconds	0.0000000000 seconds
Iteration 5:	1.0299630165 seconds	0.0000000000 seconds
Iteration 5:	1.0299041271 seconds	0.0000000000 seconds
Iteration 5:	1.0298800468 seconds	0.0000000000 seconds
Iteration 5:	1.0298829079 seconds	0.0000000000 seconds
Iteration 5:	1.0302190781 seconds	0.0000000000 seconds
Iteration 5:	1.0302510262 seconds	0.0000000000 seconds
Iteration 5:	1.0302500725 seconds	0.0000000000 seconds
Iteration 5:	1.0298469067 seconds	0.0000000000 seconds
Iteration 5:	1.0298209190 seconds	0.0000000000 seconds
Iteration 5:	1.0298030376 seconds	0.0000000000 seconds
Iteration 5:	1.0297939777 seconds	0.0000000000 seconds
Iteration 5:	1.0297579765 seconds	0.0000000000 seconds
Iteration 5:	1.0297570229 seconds	0.0000000000 seconds
Iteration 5:	1.0297279358 seconds	0.0000000000 seconds
Iteration 5:	1.0297520161 seconds	0.0000000000 seconds
Iteration 5:	1.0296971798 seconds	0.0000000000 seconds
Iteration 5:	1.0296969414 seconds	0.0000000000 seconds
Iteration 5:	1.0297210217 seconds	0.0000000000 seconds
Iteration 6:	1.1104879379 seconds	0.0000000000 seconds
Iteration 6:	1.1105520725 seconds	0.0000000000 seconds
Iteration 6:	1.1105070114 seconds	0.0000009537 seconds
Iteration 6:	1.1106162071 seconds	0.0000000000 seconds
Iteration 6:	1.1105010509 seconds	0.0000000000 seconds
Iteration 6:	1.1105577946 seconds	0.0000000000 seconds
Iteration 6:	1.1107039452 seconds	0.0000000000 seconds
Iteration 6:	1.1107368469 seconds	0.0000000000 seconds
Iteration 6:	1.1105678082 seconds	0.0000000000 seconds
Iteration 6:	1.1107139587 seconds	0.0000000000 seconds
Iteration 6:	1.1106212139 seconds	0.0000000000 seconds
Iteration 6:	1.1107320786 seconds	0.0000000000 seconds
Iteration 6:	1.1106209755 seconds	0.0000000000 seconds
Iteration 6:	1.1107399464 seconds	0.0000000000 seconds
Iteration 6:	1.1106278896 seconds	0.0000000000 seconds
Iteration 6:	1.1107468605 seconds	0.0000000000 seconds
Iteration 6:	1.1106431484 seconds	0.0000000000 seconds
Iteration 6:	1.1107659340 seconds	0.0000000000 seconds
Iteration 6:	1.1107320786 seconds	0.0000000000 seconds
Iteration 6:	1.1107869148 seconds	0.0000000000 seconds
Iteration 6:	1.1108639240 seconds	0.0000000000 seconds
Iteration 6:	1.1108961105 seconds	0.0000000000 seconds
Iteration 6:	1.1109271049 seconds	0.0000000000 seconds
Iteration 6:	1.1108109951 seconds	0.0000000000 seconds
Iteration 6:	1.1107139587 seconds	0.0000000000 seconds
Iteration 6:	1.1106808186 seconds	0.0000000000 seconds
Iteration 6:	1.1107139587 seconds	0.0000000000 seconds
Iteration 6:	1.1109149456 seconds	0.0000000000 seconds
Iteration 6:	1.1109089851 seconds	0.0000000000 seconds
Iteration 6:	1.1109540462 seconds	0.0000000000 seconds
Iteration 6:	1.1109230518 seconds	0.0000000000 seconds
Iteration 6:	1.1109771729 seconds	0.0000000000 seconds
Iteration 6:	1.1110019684 seconds	0.0000009537 seconds
Iteration 6:	1.1110301018 seconds	0.0000000000 seconds
Iteration 6:	1.1110351086 seconds	0.0000000000 seconds
Iteration 6:	1.1110198498 seconds	0.0000000000 seconds
Iteration 6:	1.1110110283 seconds	0.0000009537 seconds
Iteration 6:	1.1110720634 seconds	0.0000000000 seconds
Iteration 6:	1.1110630035 seconds	0.0000000000 seconds
Iteration 6:	1.1110858917 seconds	0.0000000000 seconds
Iteration 6:	1.1110920906 seconds	0.0000000000 seconds
Iteration 6:	1.1111328602 seconds	0.0000000000 seconds
Iteration 6:	1.1111268997 seconds	0.0000000000 seconds
Iteration 6:	1.1111810207 seconds	0.0000000000 seconds
Iteration 6:	1.1111299992 seconds	0.0000000000 seconds
Iteration 6:	1.1112010479 seconds	0.0000000000 seconds
Iteration 6:	1.1112270355 seconds	0.0000000000 seconds
Iteration 6:	1.1112258434 seconds	0.0000011921 seconds
Iteration 7:	1.0298528671 seconds	0.0000000000 seconds
Iteration 7:	1.0300359726 seconds	0.0000000000 seconds
Iteration 7:	1.0299589634 seconds	0.0000000000 seconds
Iteration 7:	1.0300371647 seconds	0.0000000000 seconds
Iteration 7:	1.0299050808 seconds	0.0000000000 seconds
Iteration 7:	1.0298650265 seconds	0.0000000000 seconds
Iteration 7:	1.0302200317 seconds	0.0000000000 seconds
Iteration 7:	1.0301818848 seconds	0.0000000000 seconds
Iteration 7:	1.0301380157 seconds	0.0000000000 seconds
Iteration 7:	1.0300719738 seconds	0.0000000000 seconds
Iteration 7:	1.0300369263 seconds	0.0000000000 seconds
Iteration 7:	1.0298860073 seconds	0.0000009537 seconds
Iteration 7:	1.0298411846 seconds	0.0000000000 seconds
Iteration 7:	1.0299758911 seconds	0.0000000000 seconds
Iteration 7:	1.0298359394 seconds	0.0000009537 seconds
Iteration 7:	1.0299768448 seconds	0.0000000000 seconds
Iteration 7:	1.0299530029 seconds	0.0000000000 seconds
Iteration 7:	1.0298018456 seconds	0.0000000000 seconds
Iteration 7:	1.0297789574 seconds	0.0000000000 seconds
Iteration 7:	1.0299549103 seconds	0.0000000000 seconds
Iteration 7:	1.0299050808 seconds	0.0000000000 seconds
Iteration 7:	1.0297088623 seconds	0.0000000000 seconds
Iteration 7:	1.0297350883 seconds	0.0000000000 seconds
Iteration 7:	1.0296669006 seconds	0.0000000000 seconds
Iteration 7:	1.0296370983 seconds	0.0000009537 seconds
Iteration 7:	1.0296261311 seconds	0.0000009537 seconds
Iteration 7:	1.0296981335 seconds	0.0000000000 seconds
Iteration 7:	1.0297729969 seconds	0.0000000000 seconds
Iteration 7:	1.0296640396 seconds	0.0000000000 seconds
Iteration 7:	1.0296139717 seconds	0.0000000000 seconds
Iteration 7:	1.0295910835 seconds	0.0000009537 seconds
Iteration 7:	1.0295679569 seconds	0.0000000000 seconds
Iteration 7:	1.0295841694 seconds	0.0000000000 seconds
Iteration 7:	1.0295808315 seconds	0.0000000000 seconds
Iteration 7:	1.0299808979 seconds	0.0000000000 seconds
Iteration 7:	1.0299811363 seconds	0.0000000000 seconds
Iteration 7:	1.0299811363 seconds	0.0000000000 seconds
Iteration 7:	1.0297379494 seconds	0.0000000000 seconds
Iteration 7:	1.0297191143 seconds	0.0000009537 seconds
Iteration 7:	1.0296938419 seconds	0.0000011921 seconds
Iteration 7:	1.0296900272 seconds	0.0000000000 seconds
Iteration 7:	1.0296649933 seconds	0.0000000000 seconds
Iteration 7:	1.0296730995 seconds	0.0000000000 seconds
Iteration 7:	1.0296330452 seconds	0.0000000000 seconds
Iteration 7:	1.0296549797 seconds	0.0000000000 seconds
Iteration 7:	1.0295991898 seconds	0.0000000000 seconds
Iteration 7:	1.0295989513 seconds	0.0000000000 seconds
Iteration 7:	1.0296230316 seconds	0.0000000000 seconds
Iteration 8:	1.1747348309 seconds	0.0000011921 seconds
Iteration 8:	1.1747419834 seconds	0.0000000000 seconds
Iteration 8:	1.1749260426 seconds	0.0000000000 seconds
Iteration 8:	1.1750810146 seconds	0.0000000000 seconds
Iteration 8:	1.1750841141 seconds	0.0000000000 seconds
Iteration 8:	1.1752181053 seconds	0.0000000000 seconds
Iteration 8:	1.1752758026 seconds	0.0000000000 seconds
Iteration 8:	1.1753549576 seconds	0.0000000000 seconds
Iteration 8:	1.1754310131 seconds	0.0000000000 seconds
Iteration 8:	1.1754589081 seconds	0.0000000000 seconds
Iteration 8:	1.1755352020 seconds	0.0000000000 seconds
Iteration 8:	1.1755988598 seconds	0.0000000000 seconds
Iteration 8:	1.1756291389 seconds	0.0000000000 seconds
Iteration 8:	1.1758120060 seconds	0.0000000000 seconds
Iteration 8:	1.1757612228 seconds	0.0000000000 seconds
Iteration 8:	1.1767101288 seconds	0.0000000000 seconds
Iteration 8:	1.1767230034 seconds	0.0000000000 seconds
Iteration 8:	1.1954839230 seconds	0.0000011921 seconds
Iteration 8:	1.1955308914 seconds	0.0000000000 seconds
Iteration 8:	1.1955480576 seconds	0.0000000000 seconds
Iteration 8:	1.1962430477 seconds	0.0000000000 seconds
Iteration 8:	1.1953990459 seconds	0.0000000000 seconds
Iteration 8:	1.1962161064 seconds	0.0000009537 seconds
Iteration 8:	1.1961829662 seconds	0.0000000000 seconds
Iteration 8:	1.1961281300 seconds	0.0000000000 seconds
Iteration 8:	1.1961090565 seconds	0.0000000000 seconds
Iteration 8:	1.1954190731 seconds	0.0000000000 seconds
Iteration 8:	1.1954650879 seconds	0.0000000000 seconds
Iteration 8:	1.1954231262 seconds	0.0000000000 seconds
Iteration 8:	1.1960930824 seconds	0.0000000000 seconds
Iteration 8:	1.1957111359 seconds	0.0000000000 seconds
Iteration 8:	1.1960709095 seconds	0.0000000000 seconds
Iteration 8:	1.1958169937 seconds	0.0000000000 seconds
Iteration 8:	1.1954429150 seconds	0.0000000000 seconds
Iteration 8:	1.1960210800 seconds	0.0000000000 seconds
Iteration 8:	1.1958141327 seconds	0.0000000000 seconds
Iteration 8:	1.1960568428 seconds	0.0000000000 seconds
Iteration 8:	1.1954331398 seconds	0.0000000000 seconds
Iteration 8:	1.1958961487 seconds	0.0000009537 seconds
Iteration 8:	1.1954720020 seconds	0.0000000000 seconds
Iteration 8:	1.1954360008 seconds	0.0000000000 seconds
Iteration 8:	1.1955089569 seconds	0.0000009537 seconds
Iteration 8:	1.1955318451 seconds	0.0000000000 seconds
Iteration 8:	1.1955330372 seconds	0.0000000000 seconds
Iteration 8:	1.1961190701 seconds	0.0000000000 seconds
Iteration 8:	1.1961510181 seconds	0.0000000000 seconds
Iteration 8:	1.1961090565 seconds	0.0000000000 seconds
Iteration 8:	1.1961498260 seconds	0.0000000000 seconds
Iteration 9:	1.0495018959 seconds	0.0000000000 seconds
Iteration 9:	1.0493831635 seconds	0.0000000000 seconds
Iteration 9:	1.0495347977 seconds	0.0000011921 seconds
Iteration 9:	1.0483829975 seconds	0.0000009537 seconds
Iteration 9:	1.0483469963 seconds	0.0000000000 seconds
Iteration 9:	1.0289621353 seconds	0.0000000000 seconds
Iteration 9:	1.0493350029 seconds	0.0000000000 seconds
Iteration 9:	1.0289471149 seconds	0.0000000000 seconds
Iteration 9:	1.0495638847 seconds	0.0000000000 seconds
Iteration 9:	1.0290148258 seconds	0.0000000000 seconds
Iteration 9:	1.0496850014 seconds	0.0000000000 seconds
Iteration 9:	1.0290369987 seconds	0.0000000000 seconds
Iteration 9:	1.0497028828 seconds	0.0000000000 seconds
Iteration 9:	1.0290369987 seconds	0.0000000000 seconds
Iteration 9:	1.0498149395 seconds	0.0000000000 seconds
Iteration 9:	1.0289590359 seconds	0.0000000000 seconds
Iteration 9:	1.0498340130 seconds	0.0000000000 seconds
Iteration 9:	1.0291070938 seconds	0.0000000000 seconds
Iteration 9:	1.0499060154 seconds	0.0000000000 seconds
Iteration 9:	1.0291121006 seconds	0.0000009537 seconds
Iteration 9:	1.0291059017 seconds	0.0000000000 seconds
Iteration 9:	1.0500259399 seconds	0.0000000000 seconds
Iteration 9:	1.0500619411 seconds	0.0000000000 seconds
Iteration 9:	1.0502371788 seconds	0.0000000000 seconds
Iteration 9:	1.0504000187 seconds	0.0000000000 seconds
Iteration 9:	1.0503900051 seconds	0.0000000000 seconds
Iteration 9:	1.0292510986 seconds	0.0000000000 seconds
Iteration 9:	1.0290398598 seconds	0.0000000000 seconds
Iteration 9:	1.0293188095 seconds	0.0000000000 seconds
Iteration 9:	1.0296318531 seconds	0.0000000000 seconds
Iteration 9:	1.0293610096 seconds	0.0000000000 seconds
Iteration 9:	1.0296108723 seconds	0.0000000000 seconds
Iteration 9:	1.0294420719 seconds	0.0000000000 seconds
Iteration 9:	1.0289609432 seconds	0.0000000000 seconds
Iteration 9:	1.0289580822 seconds	0.0000000000 seconds
Iteration 9:	1.0289859772 seconds	0.0000000000 seconds
Iteration 9:	1.0295197964 seconds	0.0000000000 seconds
Iteration 9:	1.0295519829 seconds	0.0000000000 seconds
Iteration 9:	1.0295269489 seconds	0.0000000000 seconds
Iteration 9:	1.0297229290 seconds	0.0000000000 seconds
Iteration 9:	1.0302150249 seconds	0.0000009537 seconds
Iteration 9:	1.0301980972 seconds	0.0000000000 seconds
Iteration 9:	1.0307159424 seconds	0.0000000000 seconds
Iteration 9:	1.0310900211 seconds	0.0000000000 seconds
Iteration 9:	1.0310850143 seconds	0.0000000000 seconds
Iteration 9:	1.0316970348 seconds	0.0000000000 seconds
Iteration 9:	1.0315508842 seconds	0.0000000000 seconds
Iteration 9:	1.0316259861 seconds	0.0000011921 seconds
Iteration 10:	1.1322910786 seconds	0.0000000000 seconds
Iteration 10:	1.1323220730 seconds	0.0000009537 seconds
Iteration 10:	1.1323878765 seconds	0.0000011921 seconds
Iteration 10:	1.1324329376 seconds	0.0000000000 seconds
Iteration 10:	1.1324229240 seconds	0.0000000000 seconds
Iteration 10:	1.1324038506 seconds	0.0000000000 seconds
Iteration 10:	1.1325659752 seconds	0.0000000000 seconds
Iteration 10:	1.1324651241 seconds	0.0000000000 seconds
Iteration 10:	1.1325600147 seconds	0.0000009537 seconds
Iteration 10:	1.1324660778 seconds	0.0000000000 seconds
Iteration 10:	1.1326551437 seconds	0.0000000000 seconds
Iteration 10:	1.1325089931 seconds	0.0000000000 seconds
Iteration 10:	1.1326670647 seconds	0.0000000000 seconds
Iteration 10:	1.1326401234 seconds	0.0000000000 seconds
Iteration 10:	1.1325271130 seconds	0.0000000000 seconds
Iteration 10:	1.1326680183 seconds	0.0000000000 seconds
Iteration 10:	1.1326758862 seconds	0.0000000000 seconds
Iteration 10:	1.1325740814 seconds	0.0000000000 seconds
Iteration 10:	1.1326651573 seconds	0.0000000000 seconds
Iteration 10:	1.1327121258 seconds	0.0000000000 seconds
Iteration 10:	1.1327600479 seconds	0.0000000000 seconds
Iteration 10:	1.1328008175 seconds	0.0000000000 seconds
Iteration 10:	1.1328251362 seconds	0.0000000000 seconds
Iteration 10:	1.1328330040 seconds	0.0000000000 seconds
Iteration 10:	1.1326041222 seconds	0.0000000000 seconds
Iteration 10:	1.1327619553 seconds	0.0000000000 seconds
Iteration 10:	1.1326668262 seconds	0.0000000000 seconds
Iteration 10:	1.1326389313 seconds	0.0000000000 seconds
Iteration 10:	1.1328580379 seconds	0.0000000000 seconds
Iteration 10:	1.1327660084 seconds	0.0000009537 seconds
Iteration 10:	1.1328818798 seconds	0.0000009537 seconds
Iteration 10:	1.1328699589 seconds	0.0000000000 seconds
Iteration 10:	1.1328980923 seconds	0.0000000000 seconds
Iteration 10:	1.1329381466 seconds	0.0000000000 seconds
Iteration 10:	1.1329159737 seconds	0.0000000000 seconds
Iteration 10:	1.1329188347 seconds	0.0000009537 seconds
Iteration 10:	1.1328091621 seconds	0.0000000000 seconds
Iteration 10:	1.1329820156 seconds	0.0000000000 seconds
Iteration 10:	1.1317999363 seconds	0.0000000000 seconds
Iteration 10:	1.1330108643 seconds	0.0000000000 seconds
Iteration 10:	1.1314392090 seconds	0.0000000000 seconds
Iteration 10:	1.1330440044 seconds	0.0000000000 seconds
Iteration 10:	1.1308717728 seconds	0.0000000000 seconds
Iteration 10:	1.1323199272 seconds	0.0000000000 seconds
Iteration 10:	1.1309299469 seconds	0.0000000000 seconds
Iteration 10:	1.1323390007 seconds	0.0000000000 seconds
Iteration 10:	1.1310088634 seconds	0.0000000000 seconds
Iteration 10:	1.1314699650 seconds	0.0000000000 seconds
Iteration 11:	1.0300071239 seconds	0.0000000000 seconds
Iteration 11:	1.0298738480 seconds	0.0000000000 seconds
Iteration 11:	1.0299470425 seconds	0.0000000000 seconds
Iteration 11:	1.0301339626 seconds	0.0000000000 seconds
Iteration 11:	1.0298738480 seconds	0.0000009537 seconds
Iteration 11:	1.0301039219 seconds	0.0000000000 seconds
Iteration 11:	1.0298340321 seconds	0.0000009537 seconds
Iteration 11:	1.0300359726 seconds	0.0000009537 seconds
Iteration 11:	1.0298130512 seconds	0.0000000000 seconds
Iteration 11:	1.0300209522 seconds	0.0000000000 seconds
Iteration 11:	1.0298130512 seconds	0.0000000000 seconds
Iteration 11:	1.0300397873 seconds	0.0000000000 seconds
Iteration 11:	1.0298161507 seconds	0.0000000000 seconds
Iteration 11:	1.0300009251 seconds	0.0000000000 seconds
Iteration 11:	1.0297958851 seconds	0.0000000000 seconds
Iteration 11:	1.0299730301 seconds	0.0000000000 seconds
Iteration 11:	1.0297489166 seconds	0.0000000000 seconds
Iteration 11:	1.0299329758 seconds	0.0000000000 seconds
Iteration 11:	1.0297009945 seconds	0.0000000000 seconds
Iteration 11:	1.0298950672 seconds	0.0000009537 seconds
Iteration 11:	1.0298399925 seconds	0.0000000000 seconds
Iteration 11:	1.0296530724 seconds	0.0000009537 seconds
Iteration 11:	1.0296788216 seconds	0.0000000000 seconds
Iteration 11:	1.0296249390 seconds	0.0000000000 seconds
Iteration 11:	1.0296039581 seconds	0.0000000000 seconds
Iteration 11:	1.0295841694 seconds	0.0000000000 seconds
Iteration 11:	1.0296440125 seconds	0.0000000000 seconds
Iteration 11:	1.0297620296 seconds	0.0000000000 seconds
Iteration 11:	1.0296211243 seconds	0.0000000000 seconds
Iteration 11:	1.0295820236 seconds	0.0000000000 seconds
Iteration 11:	1.0295629501 seconds	0.0000000000 seconds
Iteration 11:	1.0295519829 seconds	0.0000000000 seconds
Iteration 11:	1.0295379162 seconds	0.0000000000 seconds
Iteration 11:	1.0295269489 seconds	0.0000009537 seconds
Iteration 11:	1.0295100212 seconds	0.0000000000 seconds
Iteration 11:	1.0294919014 seconds	0.0000000000 seconds
Iteration 11:	1.0298869610 seconds	0.0000000000 seconds
Iteration 11:	1.0294718742 seconds	0.0000000000 seconds
Iteration 11:	1.0294559002 seconds	0.0000000000 seconds
Iteration 11:	1.0294280052 seconds	0.0000009537 seconds
Iteration 11:	1.0299799442 seconds	0.0000000000 seconds
Iteration 11:	1.0299901962 seconds	0.0000000000 seconds
Iteration 11:	1.0294198990 seconds	0.0000000000 seconds
Iteration 11:	1.0293960571 seconds	0.0000009537 seconds
Iteration 11:	1.0294020176 seconds	0.0000000000 seconds
Iteration 11:	1.0293531418 seconds	0.0000000000 seconds
Iteration 11:	1.0293629169 seconds	0.0000000000 seconds
Iteration 11:	1.0293838978 seconds	0.0000000000 seconds
Iteration 12:	1.1104161739 seconds	0.0000000000 seconds
Iteration 12:	1.1104400158 seconds	0.0000000000 seconds
Iteration 12:	1.1105148792 seconds	0.0000000000 seconds
Iteration 12:	1.1104919910 seconds	0.0000000000 seconds
Iteration 12:	1.1106150150 seconds	0.0000000000 seconds
Iteration 12:	1.1105010509 seconds	0.0000000000 seconds
Iteration 12:	1.1106469631 seconds	0.0000000000 seconds
Iteration 12:	1.1106519699 seconds	0.0000000000 seconds
Iteration 12:	1.1105070114 seconds	0.0000000000 seconds
Iteration 12:	1.1105310917 seconds	0.0000000000 seconds
Iteration 12:	1.1106948853 seconds	0.0000000000 seconds
Iteration 12:	1.1107180119 seconds	0.0000000000 seconds
Iteration 12:	1.1105659008 seconds	0.0000000000 seconds
Iteration 12:	1.1107101440 seconds	0.0000000000 seconds
Iteration 12:	1.1106009483 seconds	0.0000000000 seconds
Iteration 12:	1.1106188297 seconds	0.0000000000 seconds
Iteration 12:	1.1107928753 seconds	0.0000000000 seconds
Iteration 12:	1.1107511520 seconds	0.0000000000 seconds
Iteration 12:	1.1107017994 seconds	0.0000000000 seconds
Iteration 12:	1.1108231544 seconds	0.0000000000 seconds
Iteration 12:	1.1108241081 seconds	0.0000000000 seconds
Iteration 12:	1.1108560562 seconds	0.0000000000 seconds
Iteration 12:	1.1108829975 seconds	0.0000000000 seconds
Iteration 12:	1.1107878685 seconds	0.0000000000 seconds
Iteration 12:	1.1105680466 seconds	0.0000000000 seconds
Iteration 12:	1.1105928421 seconds	0.0000000000 seconds
Iteration 12:	1.1105589867 seconds	0.0000000000 seconds
Iteration 12:	1.1108958721 seconds	0.0000000000 seconds
Iteration 12:	1.1108360291 seconds	0.0000000000 seconds
Iteration 12:	1.1109290123 seconds	0.0000000000 seconds
Iteration 12:	1.1109280586 seconds	0.0000000000 seconds
Iteration 12:	1.1110670567 seconds	0.0000000000 seconds
Iteration 12:	1.1111271381 seconds	0.0000000000 seconds
Iteration 12:	1.1111609936 seconds	0.0000000000 seconds
Iteration 12:	1.1111631393 seconds	0.0000000000 seconds
Iteration 12:	1.1111609936 seconds	0.0000000000 seconds
Iteration 12:	1.1111721992 seconds	0.0000000000 seconds
Iteration 12:	1.1111919880 seconds	0.0000009537 seconds
Iteration 12:	1.1112048626 seconds	0.0000000000 seconds
Iteration 12:	1.1112380028 seconds	0.0000000000 seconds
Iteration 12:	1.1112179756 seconds	0.0000000000 seconds
Iteration 12:	1.1112251282 seconds	0.0000000000 seconds
Iteration 12:	1.1112599373 seconds	0.0000000000 seconds
Iteration 12:	1.1113309860 seconds	0.0000000000 seconds
Iteration 12:	1.1112611294 seconds	0.0000000000 seconds
Iteration 12:	1.1113219261 seconds	0.0000000000 seconds
Iteration 12:	1.1113440990 seconds	0.0000000000 seconds
Iteration 12:	1.1113440990 seconds	0.0000000000 seconds
Iteration 13:	1.0301089287 seconds	0.0000000000 seconds
Iteration 13:	1.0301811695 seconds	0.0000000000 seconds
Iteration 13:	1.0302898884 seconds	0.0000000000 seconds
Iteration 13:	1.0301179886 seconds	0.0000000000 seconds
Iteration 13:	1.0303599834 seconds	0.0000000000 seconds
Iteration 13:	1.0302920341 seconds	0.0000000000 seconds
Iteration 13:	1.0302500725 seconds	0.0000000000 seconds
Iteration 13:	1.0300948620 seconds	0.0000000000 seconds
Iteration 13:	1.0300600529 seconds	0.0000000000 seconds
Iteration 13:	1.0302700996 seconds	0.0000000000 seconds
Iteration 13:	1.0302290916 seconds	0.0000000000 seconds
Iteration 13:	1.0300619602 seconds	0.0000000000 seconds
Iteration 13:	1.0299699306 seconds	0.0000000000 seconds
Iteration 13:	1.0302169323 seconds	0.0000000000 seconds
Iteration 13:	1.0300519466 seconds	0.0000000000 seconds
Iteration 13:	1.0302100182 seconds	0.0000000000 seconds
Iteration 13:	1.0301649570 seconds	0.0000000000 seconds
Iteration 13:	1.0299890041 seconds	0.0000000000 seconds
Iteration 13:	1.0301399231 seconds	0.0000000000 seconds
Iteration 13:	1.0301640034 seconds	0.0000000000 seconds
Iteration 13:	1.0302941799 seconds	0.0000000000 seconds
Iteration 13:	1.0301251411 seconds	0.0000000000 seconds
Iteration 13:	1.0301489830 seconds	0.0000000000 seconds
Iteration 13:	1.0300889015 seconds	0.0000000000 seconds
Iteration 13:	1.0300638676 seconds	0.0000000000 seconds
Iteration 13:	1.0302009583 seconds	0.0000000000 seconds
Iteration 13:	1.0300769806 seconds	0.0000000000 seconds
Iteration 13:	1.0301601887 seconds	0.0000000000 seconds
Iteration 13:	1.0298700333 seconds	0.0000000000 seconds
Iteration 13:	1.0299150944 seconds	0.0000009537 seconds
Iteration 13:	1.0298550129 seconds	0.0000000000 seconds
Iteration 13:	1.0298340321 seconds	0.0000000000 seconds
Iteration 13:	1.0298449993 seconds	0.0000000000 seconds
Iteration 13:	1.0303750038 seconds	0.0000000000 seconds
Iteration 13:	1.0303740501 seconds	0.0000000000 seconds
Iteration 13:	1.0298459530 seconds	0.0000000000 seconds
Iteration 13:	1.0303859711 seconds	0.0000000000 seconds
Iteration 13:	1.0298299789 seconds	0.0000000000 seconds
Iteration 13:	1.0298080444 seconds	0.0000009537 seconds
Iteration 13:	1.0298378468 seconds	0.0000000000 seconds
Iteration 13:	1.0298078060 seconds	0.0000000000 seconds
Iteration 13:	1.0297811031 seconds	0.0000000000 seconds
Iteration 13:	1.0297780037 seconds	0.0000000000 seconds
Iteration 13:	1.0297400951 seconds	0.0000000000 seconds
Iteration 13:	1.0297551155 seconds	0.0000000000 seconds
Iteration 13:	1.0297188759 seconds	0.0000000000 seconds
Iteration 13:	1.0297141075 seconds	0.0000000000 seconds
Iteration 13:	1.0297420025 seconds	0.0000009537 seconds
Iteration 14:	1.1110749245 seconds	0.0000000000 seconds
Iteration 14:	1.1110999584 seconds	0.0000000000 seconds
Iteration 14:	1.1110830307 seconds	0.0000000000 seconds
Iteration 14:	1.1111068726 seconds	0.0000000000 seconds
Iteration 14:	1.1110658646 seconds	0.0000000000 seconds
Iteration 14:	1.1112461090 seconds	0.0000000000 seconds
Iteration 14:	1.1112749577 seconds	0.0000000000 seconds
Iteration 14:	1.1111390591 seconds	0.0000000000 seconds
Iteration 14:	1.1113140583 seconds	0.0000000000 seconds
Iteration 14:	1.1111350060 seconds	0.0000000000 seconds
Iteration 14:	1.1112711430 seconds	0.0000000000 seconds
Iteration 14:	1.1113100052 seconds	0.0000000000 seconds
Iteration 14:	1.1111621857 seconds	0.0000000000 seconds
Iteration 14:	1.1113231182 seconds	0.0000000000 seconds
Iteration 14:	1.1111869812 seconds	0.0000000000 seconds
Iteration 14:	1.1113460064 seconds	0.0000000000 seconds
Iteration 14:	1.1112110615 seconds	0.0000000000 seconds
Iteration 14:	1.1113309860 seconds	0.0000000000 seconds
Iteration 14:	1.1110630035 seconds	0.0000000000 seconds
Iteration 14:	1.1113440990 seconds	0.0000009537 seconds
Iteration 14:	1.1112098694 seconds	0.0000000000 seconds
Iteration 14:	1.1112449169 seconds	0.0000009537 seconds
Iteration 14:	1.1112809181 seconds	0.0000000000 seconds
Iteration 14:	1.1111550331 seconds	0.0000000000 seconds
Iteration 14:	1.1110558510 seconds	0.0000000000 seconds
Iteration 14:	1.1110179424 seconds	0.0000000000 seconds
Iteration 14:	1.1112849712 seconds	0.0000000000 seconds
Iteration 14:	1.1110649109 seconds	0.0000000000 seconds
Iteration 14:	1.1112401485 seconds	0.0000000000 seconds
Iteration 14:	1.1113197803 seconds	0.0000000000 seconds
Iteration 14:	1.1112389565 seconds	0.0000000000 seconds
Iteration 14:	1.1112961769 seconds	0.0000000000 seconds
Iteration 14:	1.1113228798 seconds	0.0000009537 seconds
Iteration 14:	1.1113641262 seconds	0.0000000000 seconds
Iteration 14:	1.1113641262 seconds	0.0000000000 seconds
Iteration 14:	1.1113510132 seconds	0.0000000000 seconds
Iteration 14:	1.1113491058 seconds	0.0000000000 seconds
Iteration 14:	1.1113982201 seconds	0.0000000000 seconds
Iteration 14:	1.1113550663 seconds	0.0000000000 seconds
Iteration 14:	1.1114079952 seconds	0.0000000000 seconds
Iteration 14:	1.1114020348 seconds	0.0000000000 seconds
Iteration 14:	1.1114330292 seconds	0.0000000000 seconds
Iteration 14:	1.1114220619 seconds	0.0000000000 seconds
Iteration 14:	1.1114730835 seconds	0.0000000000 seconds
Iteration 14:	1.1114249229 seconds	0.0000000000 seconds
Iteration 14:	1.1115090847 seconds	0.0000000000 seconds
Iteration 14:	1.1115310192 seconds	0.0000000000 seconds
Iteration 14:	1.1115300655 seconds	0.0000000000 seconds
Iteration 15:	1.0300669670 seconds	0.0000000000 seconds
Iteration 15:	1.0299429893 seconds	0.0000000000 seconds
Iteration 15:	1.0299041271 seconds	0.0000000000 seconds
Iteration 15:	1.0300791264 seconds	0.0000000000 seconds
Iteration 15:	1.0301399231 seconds	0.0000000000 seconds
Iteration 15:	1.0298938751 seconds	0.0000000000 seconds
Iteration 15:	1.0299198627 seconds	0.0000000000 seconds
Iteration 15:	1.0301032066 seconds	0.0000000000 seconds
Iteration 15:	1.0301079750 seconds	0.0000000000 seconds
Iteration 15:	1.0299088955 seconds	0.0000000000 seconds
Iteration 15:	1.0298929214 seconds	0.0000000000 seconds
Iteration 15:	1.0298449993 seconds	0.0000000000 seconds
Iteration 15:	1.0301311016 seconds	0.0000000000 seconds
Iteration 15:	1.0300910473 seconds	0.0000000000 seconds
Iteration 15:	1.0298590660 seconds	0.0000009537 seconds
Iteration 15:	1.0298290253 seconds	0.0000000000 seconds
Iteration 15:	1.0297911167 seconds	0.0000000000 seconds
Iteration 15:	1.0300981998 seconds	0.0000000000 seconds
Iteration 15:	1.0300948620 seconds	0.0000000000 seconds
Iteration 15:	1.0300440788 seconds	0.0000000000 seconds
Iteration 15:	1.0299839973 seconds	0.0000000000 seconds
Iteration 15:	1.0297551155 seconds	0.0000000000 seconds
Iteration 15:	1.0297789574 seconds	0.0000000000 seconds
Iteration 15:	1.0296971798 seconds	0.0000000000 seconds
Iteration 15:	1.0296490192 seconds	0.0000000000 seconds
Iteration 15:	1.0296499729 seconds	0.0000000000 seconds
Iteration 15:	1.0297329426 seconds	0.0000000000 seconds
Iteration 15:	1.0296990871 seconds	0.0000000000 seconds
Iteration 15:	1.0296399593 seconds	0.0000000000 seconds
Iteration 15:	1.0298261642 seconds	0.0000000000 seconds
Iteration 15:	1.0296339989 seconds	0.0000000000 seconds
Iteration 15:	1.0296030045 seconds	0.0000000000 seconds
Iteration 15:	1.0296130180 seconds	0.0000000000 seconds
Iteration 15:	1.0296149254 seconds	0.0000000000 seconds
Iteration 15:	1.0295391083 seconds	0.0000000000 seconds
Iteration 15:	1.0299649239 seconds	0.0000000000 seconds
Iteration 15:	1.0295910835 seconds	0.0000009537 seconds
Iteration 15:	1.0299749374 seconds	0.0000000000 seconds
Iteration 15:	1.0299949646 seconds	0.0000000000 seconds
Iteration 15:	1.0295491219 seconds	0.0000000000 seconds
Iteration 15:	1.0295231342 seconds	0.0000009537 seconds
Iteration 15:	1.0294849873 seconds	0.0000000000 seconds
Iteration 15:	1.0294759274 seconds	0.0000000000 seconds
Iteration 15:	1.0294511318 seconds	0.0000000000 seconds
Iteration 15:	1.0294640064 seconds	0.0000000000 seconds
Iteration 15:	1.0294151306 seconds	0.0000000000 seconds
Iteration 15:	1.0294129848 seconds	0.0000000000 seconds
Iteration 15:	1.0294401646 seconds	0.0000000000 seconds
Iteration 16:	1.1104180813 seconds	0.0000000000 seconds
Iteration 16:	1.1105430126 seconds	0.0000011921 seconds
Iteration 16:	1.1105351448 seconds	0.0000000000 seconds
Iteration 16:	1.1105151176 seconds	0.0000000000 seconds
Iteration 16:	1.1106238365 seconds	0.0000000000 seconds
Iteration 16:	1.1105020046 seconds	0.0000000000 seconds
Iteration 16:	1.1104769707 seconds	0.0000000000 seconds
Iteration 16:	1.1107468605 seconds	0.0000000000 seconds
Iteration 16:	1.1106791496 seconds	0.0000000000 seconds
Iteration 16:	1.1106669903 seconds	0.0000000000 seconds
Iteration 16:	1.1105201244 seconds	0.0000000000 seconds
Iteration 16:	1.1106691360 seconds	0.0000009537 seconds
Iteration 16:	1.1104819775 seconds	0.0000000000 seconds
Iteration 16:	1.1106889248 seconds	0.0000000000 seconds
Iteration 16:	1.1104989052 seconds	0.0000000000 seconds
Iteration 16:	1.1107261181 seconds	0.0000000000 seconds
Iteration 16:	1.1105480194 seconds	0.0000000000 seconds
Iteration 16:	1.1107311249 seconds	0.0000000000 seconds
Iteration 16:	1.1106140614 seconds	0.0000000000 seconds
Iteration 16:	1.1107518673 seconds	0.0000000000 seconds
Iteration 16:	1.1107859612 seconds	0.0000000000 seconds
Iteration 16:	1.1108059883 seconds	0.0000000000 seconds
Iteration 16:	1.1108400822 seconds	0.0000000000 seconds
Iteration 16:	1.1107470989 seconds	0.0000000000 seconds
Iteration 16:	1.1106369495 seconds	0.0000000000 seconds
Iteration 16:	1.1105699539 seconds	0.0000000000 seconds
Iteration 16:	1.1106150150 seconds	0.0000009537 seconds
Iteration 16:	1.1109080315 seconds	0.0000000000 seconds
Iteration 16:	1.1108419895 seconds	0.0000000000 seconds
Iteration 16:	1.1109180450 seconds	0.0000000000 seconds
Iteration 16:	1.1109280586 seconds	0.0000000000 seconds
Iteration 16:	1.1108601093 seconds	0.0000000000 seconds
Iteration 16:	1.1109421253 seconds	0.0000000000 seconds
Iteration 16:	1.1109628677 seconds	0.0000000000 seconds
Iteration 16:	1.1109821796 seconds	0.0000009537 seconds
Iteration 16:	1.1109600067 seconds	0.0000000000 seconds
Iteration 16:	1.1109669209 seconds	0.0000000000 seconds
Iteration 16:	1.1110179424 seconds	0.0000000000 seconds
Iteration 16:	1.1110720634 seconds	0.0000000000 seconds
Iteration 16:	1.1110579967 seconds	0.0000009537 seconds
Iteration 16:	1.1110670567 seconds	0.0000000000 seconds
Iteration 16:	1.1111049652 seconds	0.0000000000 seconds
Iteration 16:	1.1110830307 seconds	0.0000000000 seconds
Iteration 16:	1.1111071110 seconds	0.0000000000 seconds
Iteration 16:	1.1110908985 seconds	0.0000000000 seconds
Iteration 16:	1.1111440659 seconds	0.0000000000 seconds
Iteration 16:	1.1111361980 seconds	0.0000000000 seconds
Iteration 16:	1.1111648083 seconds	0.0000000000 seconds
Iteration 17:	1.0298030376 seconds	0.0000000000 seconds
Iteration 17:	1.0300080776 seconds	0.0000000000 seconds
Iteration 17:	1.0301940441 seconds	0.0000000000 seconds
Iteration 17:	1.0301260948 seconds	0.0000000000 seconds
Iteration 17:	1.0300798416 seconds	0.0000000000 seconds
Iteration 17:	1.0300707817 seconds	0.0000000000 seconds
Iteration 17:	1.0299539566 seconds	0.0000000000 seconds
Iteration 17:	1.0298740864 seconds	0.0000000000 seconds
Iteration 17:	1.0298478603 seconds	0.0000000000 seconds
Iteration 17:	1.0298738480 seconds	0.0000000000 seconds
Iteration 17:	1.0298500061 seconds	0.0000000000 seconds
Iteration 17:	1.0300500393 seconds	0.0000000000 seconds
Iteration 17:	1.0298330784 seconds	0.0000000000 seconds
Iteration 17:	1.0300061703 seconds	0.0000000000 seconds
Iteration 17:	1.0298168659 seconds	0.0000000000 seconds
Iteration 17:	1.0299828053 seconds	0.0000000000 seconds
Iteration 17:	1.0297667980 seconds	0.0000000000 seconds
Iteration 17:	1.0299489498 seconds	0.0000000000 seconds
Iteration 17:	1.0297398567 seconds	0.0000000000 seconds
Iteration 17:	1.0299088955 seconds	0.0000000000 seconds
Iteration 17:	1.0298938751 seconds	0.0000000000 seconds
Iteration 17:	1.0296921730 seconds	0.0000000000 seconds
Iteration 17:	1.0297172070 seconds	0.0000000000 seconds
Iteration 17:	1.0296568871 seconds	0.0000000000 seconds
Iteration 17:	1.0296380520 seconds	0.0000000000 seconds
Iteration 17:	1.0296800137 seconds	0.0000000000 seconds
Iteration 17:	1.0296230316 seconds	0.0000000000 seconds
Iteration 17:	1.0297610760 seconds	0.0000000000 seconds
Iteration 17:	1.0296540260 seconds	0.0000000000 seconds
Iteration 17:	1.0295979977 seconds	0.0000000000 seconds
Iteration 17:	1.0295979977 seconds	0.0000000000 seconds
Iteration 17:	1.0295760632 seconds	0.0000000000 seconds
Iteration 17:	1.0295820236 seconds	0.0000009537 seconds
Iteration 17:	1.0295760632 seconds	0.0000000000 seconds
Iteration 17:	1.0299391747 seconds	0.0000000000 seconds
Iteration 17:	1.0299439430 seconds	0.0000000000 seconds
Iteration 17:	1.0295500755 seconds	0.0000000000 seconds
Iteration 17:	1.0299410820 seconds	0.0000000000 seconds
Iteration 17:	1.0295219421 seconds	0.0000009537 seconds
Iteration 17:	1.0296750069 seconds	0.0000000000 seconds
Iteration 17:	1.0296769142 seconds	0.0000000000 seconds
Iteration 17:	1.0296640396 seconds	0.0000000000 seconds
Iteration 17:	1.0296549797 seconds	0.0000000000 seconds
Iteration 17:	1.0296289921 seconds	0.0000000000 seconds
Iteration 17:	1.0296480656 seconds	0.0000000000 seconds
Iteration 17:	1.0295948982 seconds	0.0000000000 seconds
Iteration 17:	1.0295929909 seconds	0.0000000000 seconds
Iteration 17:	1.0296189785 seconds	0.0000000000 seconds
Iteration 18:	1.1104731560 seconds	0.0000000000 seconds
Iteration 18:	1.1105821133 seconds	0.0000000000 seconds
Iteration 18:	1.1106510162 seconds	0.0000000000 seconds
Iteration 18:	1.1107718945 seconds	0.0000000000 seconds
Iteration 18:	1.1105830669 seconds	0.0000000000 seconds
Iteration 18:	1.1107811928 seconds	0.0000000000 seconds
Iteration 18:	1.1105971336 seconds	0.0000000000 seconds
Iteration 18:	1.1108028889 seconds	0.0000011921 seconds
Iteration 18:	1.1107950211 seconds	0.0000009537 seconds
Iteration 18:	1.1108851433 seconds	0.0000000000 seconds
Iteration 18:	1.1106450558 seconds	0.0000000000 seconds
Iteration 18:	1.1108889580 seconds	0.0000000000 seconds
Iteration 18:	1.1107778549 seconds	0.0000000000 seconds
Iteration 18:	1.1107749939 seconds	0.0000000000 seconds
Iteration 18:	1.1106779575 seconds	0.0000000000 seconds
Iteration 18:	1.1108310223 seconds	0.0000000000 seconds
Iteration 18:	1.1107161045 seconds	0.0000000000 seconds
Iteration 18:	1.1108329296 seconds	0.0000000000 seconds
Iteration 18:	1.1108891964 seconds	0.0000000000 seconds
Iteration 18:	1.1109580994 seconds	0.0000000000 seconds
Iteration 18:	1.1110560894 seconds	0.0000000000 seconds
Iteration 18:	1.1111328602 seconds	0.0000000000 seconds
Iteration 18:	1.1111750603 seconds	0.0000000000 seconds
Iteration 18:	1.1111810207 seconds	0.0000000000 seconds
Iteration 18:	1.1112110615 seconds	0.0000000000 seconds
Iteration 18:	1.1111891270 seconds	0.0000000000 seconds
Iteration 18:	1.1112449169 seconds	0.0000000000 seconds
Iteration 18:	1.1112601757 seconds	0.0000000000 seconds
Iteration 18:	1.1112799644 seconds	0.0000000000 seconds
Iteration 18:	1.1112670898 seconds	0.0000009537 seconds
Iteration 18:	1.1112740040 seconds	0.0000000000 seconds
Iteration 18:	1.1112730503 seconds	0.0000000000 seconds
Iteration 18:	1.1113379002 seconds	0.0000009537 seconds
Iteration 18:	1.1113200188 seconds	0.0000000000 seconds
Iteration 18:	1.1111781597 seconds	0.0000000000 seconds
Iteration 18:	1.1111707687 seconds	0.0000000000 seconds
Iteration 18:	1.1114120483 seconds	0.0000000000 seconds
Iteration 18:	1.1114640236 seconds	0.0000000000 seconds
Iteration 18:	1.1112120152 seconds	0.0000000000 seconds
Iteration 18:	1.1112110615 seconds	0.0000000000 seconds
Iteration 18:	1.1112411022 seconds	0.0000000000 seconds
Iteration 18:	1.1112010479 seconds	0.0000009537 seconds
Iteration 18:	1.1112618446 seconds	0.0000000000 seconds
Iteration 18:	1.1112821102 seconds	0.0000000000 seconds
Iteration 18:	1.1112830639 seconds	0.0000000000 seconds
Iteration 18:	1.1221859455 seconds	0.0000000000 seconds
Iteration 18:	1.1220550537 seconds	0.0000000000 seconds
Iteration 18:	1.1222119331 seconds	0.0000000000 seconds
Iteration 19:	1.0976591110 seconds	0.0000000000 seconds
Iteration 19:	1.0977120399 seconds	0.0000000000 seconds
Iteration 19:	1.0977640152 seconds	0.0000000000 seconds
Iteration 19:	1.0977649689 seconds	0.0000000000 seconds
Iteration 19:	1.0978698730 seconds	0.0000000000 seconds
Iteration 19:	1.0979008675 seconds	0.0000000000 seconds
Iteration 19:	1.0977330208 seconds	0.0000000000 seconds
Iteration 19:	1.0976099968 seconds	0.0000000000 seconds
Iteration 19:	1.0977540016 seconds	0.0000000000 seconds
Iteration 19:	1.0979738235 seconds	0.0000000000 seconds
Iteration 19:	1.0975880623 seconds	0.0000000000 seconds
Iteration 19:	1.0980501175 seconds	0.0000000000 seconds
Iteration 19:	1.0980138779 seconds	0.0000000000 seconds
Iteration 19:	1.0975830555 seconds	0.0000000000 seconds
Iteration 19:	1.0979959965 seconds	0.0000000000 seconds
Iteration 19:	1.0974850655 seconds	0.0000000000 seconds
Iteration 19:	1.0979709625 seconds	0.0000000000 seconds
Iteration 19:	1.0979428291 seconds	0.0000000000 seconds
Iteration 19:	1.0972900391 seconds	0.0000000000 seconds
Iteration 19:	1.0973160267 seconds	0.0000011921 seconds
Iteration 19:	1.0978682041 seconds	0.0000000000 seconds
Iteration 19:	1.0972428322 seconds	0.0000011921 seconds
Iteration 19:	1.0978291035 seconds	0.0000000000 seconds
Iteration 19:	1.0974609852 seconds	0.0000000000 seconds
Iteration 19:	1.0972161293 seconds	0.0000009537 seconds
Iteration 19:	1.0972051620 seconds	0.0000000000 seconds
Iteration 19:	1.0862500668 seconds	0.0000000000 seconds
Iteration 19:	1.0862910748 seconds	0.0000000000 seconds
Iteration 19:	1.0971920490 seconds	0.0000000000 seconds
Iteration 19:	1.0972518921 seconds	0.0000000000 seconds
Iteration 19:	1.0972027779 seconds	0.0000000000 seconds
Iteration 19:	1.0971701145 seconds	0.0000009537 seconds
Iteration 19:	1.0971689224 seconds	0.0000000000 seconds
Iteration 19:	1.0971751213 seconds	0.0000000000 seconds
Iteration 19:	1.0970058441 seconds	0.0000000000 seconds
Iteration 19:	1.0971250534 seconds	0.0000000000 seconds
Iteration 19:	1.0864419937 seconds	0.0000000000 seconds
Iteration 19:	1.0971109867 seconds	0.0000000000 seconds
Iteration 19:	1.0970911980 seconds	0.0000000000 seconds
Iteration 19:	1.0970218182 seconds	0.0000000000 seconds
Iteration 19:	1.0970759392 seconds	0.0000000000 seconds
Iteration 19:	1.0970830917 seconds	0.0000000000 seconds
Iteration 19:	1.0970590115 seconds	0.0000000000 seconds
Iteration 19:	1.0970339775 seconds	0.0000000000 seconds
Iteration 19:	1.0970540047 seconds	0.0000000000 seconds
Iteration 19:	1.0970149040 seconds	0.0000000000 seconds
Iteration 19:	1.0970180035 seconds	0.0000011921 seconds
Iteration 19:	1.0970408916 seconds	0.0000000000 seconds
Iteration 20:	1.1102859974 seconds	0.0000000000 seconds
Iteration 20:	1.1103391647 seconds	0.0000000000 seconds
Iteration 20:	1.1103219986 seconds	0.0000000000 seconds
Iteration 20:	1.1104471684 seconds	0.0000000000 seconds
Iteration 20:	1.1103520393 seconds	0.0000000000 seconds
Iteration 20:	1.1104140282 seconds	0.0000000000 seconds
Iteration 20:	1.1105201244 seconds	0.0000000000 seconds
Iteration 20:	1.1103930473 seconds	0.0000000000 seconds
Iteration 20:	1.1105370522 seconds	0.0000000000 seconds
Iteration 20:	1.1104228497 seconds	0.0000000000 seconds
Iteration 20:	1.1106598377 seconds	0.0000000000 seconds
Iteration 20:	1.1104640961 seconds	0.0000000000 seconds
Iteration 20:	1.1107251644 seconds	0.0000000000 seconds
Iteration 20:	1.1107318401 seconds	0.0000000000 seconds
Iteration 20:	1.1105198860 seconds	0.0000000000 seconds
Iteration 20:	1.1107811928 seconds	0.0000000000 seconds
Iteration 20:	1.1107871532 seconds	0.0000009537 seconds
Iteration 20:	1.1105690002 seconds	0.0000000000 seconds
Iteration 20:	1.1106448174 seconds	0.0000000000 seconds
Iteration 20:	1.1107850075 seconds	0.0000000000 seconds
Iteration 20:	1.1108818054 seconds	0.0000000000 seconds
Iteration 20:	1.1109049320 seconds	0.0000000000 seconds
Iteration 20:	1.1109371185 seconds	0.0000000000 seconds
Iteration 20:	1.1108369827 seconds	0.0000000000 seconds
Iteration 20:	1.1109480858 seconds	0.0000000000 seconds
Iteration 20:	1.1107029915 seconds	0.0000000000 seconds
Iteration 20:	1.1107420921 seconds	0.0000000000 seconds
Iteration 20:	1.1108760834 seconds	0.0000000000 seconds
Iteration 20:	1.1107110977 seconds	0.0000000000 seconds
Iteration 20:	1.1109540462 seconds	0.0000000000 seconds
Iteration 20:	1.1108841896 seconds	0.0000000000 seconds
Iteration 20:	1.1109731197 seconds	0.0000000000 seconds
Iteration 20:	1.1109819412 seconds	0.0000009537 seconds
Iteration 20:	1.1110041142 seconds	0.0000000000 seconds
Iteration 20:	1.1110150814 seconds	0.0000000000 seconds
Iteration 20:	1.1110010147 seconds	0.0000000000 seconds
Iteration 20:	1.1110179424 seconds	0.0000000000 seconds
Iteration 20:	1.1110768318 seconds	0.0000000000 seconds
Iteration 20:	1.1110708714 seconds	0.0000000000 seconds
Iteration 20:	1.1110808849 seconds	0.0000000000 seconds
Iteration 20:	1.1111071110 seconds	0.0000000000 seconds
Iteration 20:	1.1111021042 seconds	0.0000000000 seconds
Iteration 20:	1.1110990047 seconds	0.0000000000 seconds
Iteration 20:	1.1111338139 seconds	0.0000000000 seconds
Iteration 20:	1.1110801697 seconds	0.0000009537 seconds
Iteration 20:	1.1111598015 seconds	0.0000000000 seconds
Iteration 20:	1.1111869812 seconds	0.0000000000 seconds
Iteration 20:	1.1111860275 seconds	0.0000000000 seconds
Iteration 21:	1.0300500393 seconds	0.0000000000 seconds
Iteration 21:	1.0299520493 seconds	0.0000000000 seconds
Iteration 21:	1.0299160480 seconds	0.0000000000 seconds
Iteration 21:	1.0301430225 seconds	0.0000000000 seconds
Iteration 21:	1.0301008224 seconds	0.0000000000 seconds
Iteration 21:	1.0299079418 seconds	0.0000009537 seconds
Iteration 21:	1.0298759937 seconds	0.0000000000 seconds
Iteration 21:	1.0300738811 seconds	0.0000000000 seconds
Iteration 21:	1.0298991203 seconds	0.0000000000 seconds
Iteration 21:	1.0300810337 seconds	0.0000000000 seconds
Iteration 21:	1.0300798416 seconds	0.0000000000 seconds
Iteration 21:	1.0300660133 seconds	0.0000000000 seconds
Iteration 21:	1.0299611092 seconds	0.0000000000 seconds
Iteration 21:	1.0299518108 seconds	0.0000000000 seconds
Iteration 21:	1.0299417973 seconds	0.0000000000 seconds
Iteration 21:	1.0301160812 seconds	0.0000000000 seconds
Iteration 21:	1.0299158096 seconds	0.0000000000 seconds
Iteration 21:	1.0300879478 seconds	0.0000000000 seconds
Iteration 21:	1.0298788548 seconds	0.0000000000 seconds
Iteration 21:	1.0300388336 seconds	0.0000011921 seconds
Iteration 21:	1.0300190449 seconds	0.0000000000 seconds
Iteration 21:	1.0298259258 seconds	0.0000000000 seconds
Iteration 21:	1.0298500061 seconds	0.0000011921 seconds
Iteration 21:	1.0297729969 seconds	0.0000000000 seconds
Iteration 21:	1.0297801495 seconds	0.0000000000 seconds
Iteration 21:	1.0297529697 seconds	0.0000000000 seconds
Iteration 21:	1.0298550129 seconds	0.0000000000 seconds
Iteration 21:	1.0299029350 seconds	0.0000000000 seconds
Iteration 21:	1.0298011303 seconds	0.0000000000 seconds
Iteration 21:	1.0297398567 seconds	0.0000000000 seconds
Iteration 21:	1.0297439098 seconds	0.0000000000 seconds
Iteration 21:	1.0297119617 seconds	0.0000011921 seconds
Iteration 21:	1.0297081470 seconds	0.0000000000 seconds
Iteration 21:	1.0297131538 seconds	0.0000000000 seconds
Iteration 21:	1.0300278664 seconds	0.0000000000 seconds
Iteration 21:	1.0299899578 seconds	0.0000000000 seconds
Iteration 21:	1.0300118923 seconds	0.0000000000 seconds
Iteration 21:	1.0296831131 seconds	0.0000000000 seconds
Iteration 21:	1.0296759605 seconds	0.0000000000 seconds
Iteration 21:	1.0296370983 seconds	0.0000000000 seconds
Iteration 21:	1.0296339989 seconds	0.0000009537 seconds
Iteration 21:	1.0296270847 seconds	0.0000000000 seconds
Iteration 21:	1.0296208858 seconds	0.0000000000 seconds
Iteration 21:	1.0295917988 seconds	0.0000000000 seconds
Iteration 21:	1.0296099186 seconds	0.0000000000 seconds
Iteration 21:	1.0295579433 seconds	0.0000000000 seconds
Iteration 21:	1.0295569897 seconds	0.0000000000 seconds
Iteration 21:	1.0295810699 seconds	0.0000000000 seconds
Iteration 22:	1.1199679375 seconds	0.0000000000 seconds
Iteration 22:	1.1200590134 seconds	0.0000000000 seconds
Iteration 22:	1.1200940609 seconds	0.0000000000 seconds
Iteration 22:	1.1200218201 seconds	0.0000011921 seconds
Iteration 22:	1.1199798584 seconds	0.0000000000 seconds
Iteration 22:	1.1199018955 seconds	0.0000000000 seconds
Iteration 22:	1.1199479103 seconds	0.0000000000 seconds
Iteration 22:	1.1199178696 seconds	0.0000000000 seconds
Iteration 22:	1.1198251247 seconds	0.0000000000 seconds
Iteration 22:	1.1201848984 seconds	0.0000000000 seconds
Iteration 22:	1.1197950840 seconds	0.0000000000 seconds
Iteration 22:	1.1201839447 seconds	0.0000000000 seconds
Iteration 22:	1.1202530861 seconds	0.0000000000 seconds
Iteration 22:	1.1199219227 seconds	0.0000000000 seconds
Iteration 22:	1.1202321053 seconds	0.0000000000 seconds
Iteration 22:	1.1202740669 seconds	0.0000000000 seconds
Iteration 22:	1.1198179722 seconds	0.0000000000 seconds
Iteration 22:	1.1199331284 seconds	0.0000000000 seconds
Iteration 22:	1.1198589802 seconds	0.0000000000 seconds
Iteration 22:	1.1199507713 seconds	0.0000000000 seconds
Iteration 22:	1.1200051308 seconds	0.0000000000 seconds
Iteration 22:	1.1199958324 seconds	0.0000000000 seconds
Iteration 22:	1.1200370789 seconds	0.0000000000 seconds
Iteration 22:	1.1199419498 seconds	0.0000000000 seconds
Iteration 22:	1.1200799942 seconds	0.0000000000 seconds
Iteration 22:	1.1198091507 seconds	0.0000000000 seconds
Iteration 22:	1.1197710037 seconds	0.0000009537 seconds
Iteration 22:	1.1197907925 seconds	0.0000000000 seconds
Iteration 22:	1.1199948788 seconds	0.0000000000 seconds
Iteration 22:	1.1200790405 seconds	0.0000000000 seconds
Iteration 22:	1.1200299263 seconds	0.0000009537 seconds
Iteration 22:	1.1200981140 seconds	0.0000000000 seconds
Iteration 22:	1.1200988293 seconds	0.0000000000 seconds
Iteration 22:	1.1200690269 seconds	0.0000009537 seconds
Iteration 22:	1.1201109886 seconds	0.0000009537 seconds
Iteration 22:	1.1203031540 seconds	0.0000000000 seconds
Iteration 22:	1.1203079224 seconds	0.0000000000 seconds
Iteration 22:	1.1203579903 seconds	0.0000000000 seconds
Iteration 22:	1.1203429699 seconds	0.0000000000 seconds
Iteration 22:	1.1203851700 seconds	0.0000000000 seconds
Iteration 22:	1.1203830242 seconds	0.0000000000 seconds
Iteration 22:	1.1204171181 seconds	0.0000000000 seconds
Iteration 22:	1.1204240322 seconds	0.0000000000 seconds
Iteration 22:	1.1204450130 seconds	0.0000009537 seconds
Iteration 22:	1.1204240322 seconds	0.0000000000 seconds
Iteration 22:	1.1204769611 seconds	0.0000000000 seconds
Iteration 22:	1.1204690933 seconds	0.0000000000 seconds
Iteration 22:	1.1205010414 seconds	0.0000000000 seconds
Iteration 23:	1.0297310352 seconds	0.0000000000 seconds
Iteration 23:	1.0296351910 seconds	0.0000000000 seconds
Iteration 23:	1.0296630859 seconds	0.0000000000 seconds
Iteration 23:	1.0296518803 seconds	0.0000000000 seconds
Iteration 23:	1.0296499729 seconds	0.0000009537 seconds
Iteration 23:	1.0296518803 seconds	0.0000000000 seconds
Iteration 23:	1.0297851562 seconds	0.0000000000 seconds
Iteration 23:	1.0297400951 seconds	0.0000000000 seconds
Iteration 23:	1.0297899246 seconds	0.0000000000 seconds
Iteration 23:	1.0298349857 seconds	0.0000000000 seconds
Iteration 23:	1.0298628807 seconds	0.0000000000 seconds
Iteration 23:	1.0298860073 seconds	0.0000000000 seconds
Iteration 23:	1.0298089981 seconds	0.0000000000 seconds
Iteration 23:	1.0299160480 seconds	0.0000000000 seconds
Iteration 23:	1.0298519135 seconds	0.0000000000 seconds
Iteration 23:	1.0298190117 seconds	0.0000000000 seconds
Iteration 23:	1.0297818184 seconds	0.0000000000 seconds
Iteration 23:	1.0299551487 seconds	0.0000000000 seconds
Iteration 23:	1.0299081802 seconds	0.0000000000 seconds
Iteration 23:	1.0297410488 seconds	0.0000000000 seconds
Iteration 23:	1.0298469067 seconds	0.0000009537 seconds
Iteration 23:	1.0298790932 seconds	0.0000000000 seconds
Iteration 23:	1.0299048424 seconds	0.0000000000 seconds
Iteration 23:	1.0298449993 seconds	0.0000000000 seconds
Iteration 23:	1.0298180580 seconds	0.0000000000 seconds
Iteration 23:	1.0298728943 seconds	0.0000000000 seconds
Iteration 23:	1.0298049450 seconds	0.0000000000 seconds
Iteration 23:	1.0298399925 seconds	0.0000000000 seconds
Iteration 23:	1.0297739506 seconds	0.0000000000 seconds
Iteration 23:	1.0299820900 seconds	0.0000000000 seconds
Iteration 23:	1.0298027992 seconds	0.0000000000 seconds
Iteration 23:	1.0297589302 seconds	0.0000000000 seconds
Iteration 23:	1.0295548439 seconds	0.0000000000 seconds
Iteration 23:	1.0295639038 seconds	0.0000000000 seconds
Iteration 23:	1.0295290947 seconds	0.0000000000 seconds
Iteration 23:	1.0295271873 seconds	0.0000000000 seconds
Iteration 23:	1.0294878483 seconds	0.0000000000 seconds
Iteration 23:	1.0301401615 seconds	0.0000000000 seconds
Iteration 23:	1.0301499367 seconds	0.0000000000 seconds
Iteration 23:	1.0301420689 seconds	0.0000000000 seconds
Iteration 23:	1.0294501781 seconds	0.0000000000 seconds
Iteration 23:	1.0294790268 seconds	0.0000000000 seconds
Iteration 23:	1.0294089317 seconds	0.0000000000 seconds
Iteration 23:	1.0294501781 seconds	0.0000000000 seconds
Iteration 23:	1.0294311047 seconds	0.0000000000 seconds
Iteration 23:	1.0293829441 seconds	0.0000009537 seconds
Iteration 23:	1.0293810368 seconds	0.0000000000 seconds
Iteration 23:	1.0294048786 seconds	0.0000000000 seconds
Iteration 24:	1.1103739738 seconds	0.0000000000 seconds
Iteration 24:	1.1104300022 seconds	0.0000000000 seconds
Iteration 24:	1.1104071140 seconds	0.0000000000 seconds
Total computation time was: 27.033303		Average frame time was: 1.081301		Average Particle interations per second were: -146032305.093419
Iteration 24:	1.1104431152 seconds	0.0000009537 seconds
Iteration 24:	1.1105980873 seconds	0.0000000000 seconds
Iteration 24:	1.1106278896 seconds	0.0000000000 seconds
Iteration 24:	1.1106469631 seconds	0.0000000000 seconds
Iteration 24:	1.1106479168 seconds	0.0000000000 seconds
Iteration 24:	1.1108148098 seconds	0.0000000000 seconds
Iteration 24:	1.1106879711 seconds	0.0000000000 seconds
Iteration 24:	1.1108739376 seconds	0.0000000000 seconds
Iteration 24:	1.1108739376 seconds	0.0000000000 seconds
Iteration 24:	1.1107380390 seconds	0.0000000000 seconds
Iteration 24:	1.1108689308 seconds	0.0000000000 seconds
Iteration 24:	1.1107409000 seconds	0.0000000000 seconds
Iteration 24:	1.1108601093 seconds	0.0000000000 seconds
Iteration 24:	1.1108698845 seconds	0.0000000000 seconds
Iteration 24:	1.1107728481 seconds	0.0000011921 seconds
Iteration 24:	1.1109030247 seconds	0.0000000000 seconds
Iteration 24:	1.1108651161 seconds	0.0000000000 seconds
Iteration 24:	1.1109390259 seconds	0.0000000000 seconds
Iteration 24:	1.1108410358 seconds	0.0000000000 seconds
Iteration 24:	1.1108641624 seconds	0.0000000000 seconds
Iteration 24:	1.1108388901 seconds	0.0000000000 seconds
Iteration 24:	1.1107671261 seconds	0.0000000000 seconds
Iteration 24:	1.1106789112 seconds	0.0000000000 seconds
Iteration 24:	1.1106898785 seconds	0.0000000000 seconds
Iteration 24:	1.1106069088 seconds	0.0000000000 seconds
Iteration 24:	1.1108489037 seconds	0.0000000000 seconds
Iteration 24:	1.1108880043 seconds	0.0000000000 seconds
Iteration 24:	1.1109311581 seconds	0.0000000000 seconds
Iteration 24:	1.1108901501 seconds	0.0000000000 seconds
Iteration 24:	1.1109409332 seconds	0.0000000000 seconds
Iteration 24:	1.1110119820 seconds	0.0000000000 seconds
Iteration 24:	1.1110270023 seconds	0.0000000000 seconds
Iteration 24:	1.1110131741 seconds	0.0000000000 seconds
Iteration 24:	1.1110088825 seconds	0.0000000000 seconds
Iteration 24:	1.1110489368 seconds	0.0000000000 seconds
Iteration 24:	1.1110589504 seconds	0.0000000000 seconds
Iteration 24:	1.1110939980 seconds	0.0000011921 seconds
Iteration 24:	1.1111071110 seconds	0.0000000000 seconds
Iteration 24:	1.1111681461 seconds	0.0000000000 seconds
Iteration 24:	1.1111512184 seconds	0.0000000000 seconds
Iteration 24:	1.1112000942 seconds	0.0000000000 seconds
Iteration 24:	1.1111919880 seconds	0.0000009537 seconds
Iteration 24:	1.1112239361 seconds	0.0000000000 seconds
Iteration 24:	1.1112208366 seconds	0.0000000000 seconds
Iteration 24:	1.1112508774 seconds	0.0000000000 seconds
