[ -1:000]                : Rank 0 is running on comet-28-47.sdsc.edu
[ -1:000]                : Rank 1 is running on comet-28-47.sdsc.edu
[  1:001] init_pprintf   : My dest: 0	My source: 0	My_num_part: 480
[  0:001] init_pprintf   : My dest: 1	My source: 1	My_num_part: 480
Initalizing particles linear on 0 to 480
Initalizing particles linear on 480 to 960
Iteration 0:	0.0032711029 seconds	0.0000000000 seconds
Iteration 0:	0.0031471252 seconds	0.0000000000 seconds
Iteration 1:	0.0011558533 seconds	0.0000000000 seconds
Iteration 1:	0.0011558533 seconds	0.0000000000 seconds
Iteration 2:	0.0011551380 seconds	0.0000000000 seconds
Iteration 2:	0.0011551380 seconds	0.0000000000 seconds
Iteration 3:	0.0011460781 seconds	0.0000000000 seconds
Iteration 3:	0.0011460781 seconds	0.0000000000 seconds
Iteration 4:	0.0011420250 seconds	0.0000000000 seconds
Iteration 4:	0.0011420250 seconds	0.0000009537 seconds
Iteration 5:	0.0011441708 seconds	0.0000000000 seconds
Iteration 5:	0.0011441708 seconds	0.0000000000 seconds
Iteration 6:	0.0011501312 seconds	0.0000000000 seconds
Iteration 6:	0.0011501312 seconds	0.0000000000 seconds
Iteration 7:	0.0011429787 seconds	0.0000000000 seconds
Iteration 7:	0.0011441708 seconds	0.0000000000 seconds
Iteration 8:	0.0011420250 seconds	0.0000000000 seconds
Iteration 8:	0.0011420250 seconds	0.0000000000 seconds
Iteration 9:	0.0011548996 seconds	0.0000000000 seconds
Iteration 9:	0.0011548996 seconds	0.0000000000 seconds
Iteration 10:	0.0011420250 seconds	0.0000000000 seconds
Iteration 10:	0.0011420250 seconds	0.0000000000 seconds
Iteration 11:	0.0011458397 seconds	0.0000000000 seconds
Iteration 11:	0.0011458397 seconds	0.0000000000 seconds
Iteration 12:	0.0011429787 seconds	0.0000000000 seconds
Iteration 12:	0.0011429787 seconds	0.0000000000 seconds
Iteration 13:	0.0011448860 seconds	0.0000000000 seconds
Iteration 13:	0.0011448860 seconds	0.0000000000 seconds
Iteration 14:	0.0011417866 seconds	0.0000000000 seconds
Iteration 14:	0.0011417866 seconds	0.0000000000 seconds
Iteration 15:	0.0011451244 seconds	0.0000000000 seconds
Iteration 15:	0.0011441708 seconds	0.0000000000 seconds
Iteration 16:	0.0011460781 seconds	0.0000000000 seconds
Iteration 16:	0.0011460781 seconds	0.0000000000 seconds
Iteration 17:	0.0011441708 seconds	0.0000000000 seconds
Iteration 17:	0.0011441708 seconds	0.0000000000 seconds
Iteration 18:	0.0011432171 seconds	0.0000000000 seconds
Iteration 18:	0.0011432171 seconds	0.0000000000 seconds
Iteration 19:	0.0011420250 seconds	0.0000000000 seconds
Iteration 19:	0.0011410713 seconds	0.0000009537 seconds
Iteration 20:	0.0011429787 seconds	0.0000000000 seconds
Iteration 20:	0.0011429787 seconds	0.0000009537 seconds
Iteration 21:	0.0011420250 seconds	0.0000000000 seconds
Iteration 21:	0.0011420250 seconds	0.0000000000 seconds
Iteration 22:	0.0011420250 seconds	0.0000000000 seconds
Iteration 22:	0.0011429787 seconds	0.0000000000 seconds
Iteration 23:	0.0011448860 seconds	0.0000000000 seconds
Iteration 23:	0.0011429787 seconds	0.0000009537 seconds
Iteration 24:	0.0011410713 seconds	0.0000000000 seconds
Iteration 24:	0.0011410713 seconds	0.0000000000 seconds
Iteration 25:	0.0011439323 seconds	0.0000000000 seconds
Iteration 25:	0.0011439323 seconds	0.0000000000 seconds
Iteration 26:	0.0011429787 seconds	0.0000000000 seconds
Iteration 26:	0.0011429787 seconds	0.0000000000 seconds
Iteration 27:	0.0011441708 seconds	0.0000000000 seconds
Iteration 27:	0.0011432171 seconds	0.0000000000 seconds
Iteration 28:	0.0011410713 seconds	0.0000000000 seconds
Iteration 28:	0.0011410713 seconds	0.0000000000 seconds
Iteration 29:	0.0011439323 seconds	0.0000000000 seconds
Iteration 29:	0.0011439323 seconds	0.0000009537 seconds
Iteration 30:	0.0011839867 seconds	0.0000000000 seconds
Iteration 30:	0.0011839867 seconds	0.0000000000 seconds
Iteration 31:	0.0011417866 seconds	0.0000000000 seconds
Iteration 31:	0.0011429787 seconds	0.0000000000 seconds
Iteration 32:	0.0011439323 seconds	0.0000000000 seconds
Iteration 32:	0.0011439323 seconds	0.0000000000 seconds
Iteration 33:	0.0011420250 seconds	0.0000000000 seconds
Iteration 33:	0.0011420250 seconds	0.0000000000 seconds
Iteration 34:	0.0011408329 seconds	0.0000000000 seconds
Iteration 34:	0.0011408329 seconds	0.0000000000 seconds
Iteration 35:	0.0011520386 seconds	0.0000000000 seconds
Iteration 35:	0.0011520386 seconds	0.0000000000 seconds
Iteration 36:	0.0011420250 seconds	0.0000000000 seconds
Iteration 36:	0.0011429787 seconds	0.0000000000 seconds
Iteration 37:	0.0011429787 seconds	0.0000000000 seconds
Iteration 37:	0.0011429787 seconds	0.0000000000 seconds
Iteration 38:	0.0011410713 seconds	0.0000000000 seconds
Iteration 38:	0.0011410713 seconds	0.0000000000 seconds
Iteration 39:	0.0011448860 seconds	0.0000000000 seconds
Iteration 39:	0.0011448860 seconds	0.0000000000 seconds
Iteration 40:	0.0011410713 seconds	0.0000000000 seconds
Iteration 40:	0.0011410713 seconds	0.0000000000 seconds
Iteration 41:	0.0011417866 seconds	0.0000000000 seconds
Iteration 41:	0.0011417866 seconds	0.0000000000 seconds
Iteration 42:	0.0011441708 seconds	0.0000000000 seconds
Iteration 42:	0.0011441708 seconds	0.0000000000 seconds
Iteration 43:	0.0011439323 seconds	0.0000000000 seconds
Iteration 43:	0.0011439323 seconds	0.0000000000 seconds
Iteration 44:	0.0011420250 seconds	0.0000000000 seconds
Iteration 44:	0.0011410713 seconds	0.0000009537 seconds
Iteration 45:	0.0011432171 seconds	0.0000000000 seconds
Iteration 45:	0.0011432171 seconds	0.0000000000 seconds
Iteration 46:	0.0011429787 seconds	0.0000000000 seconds
Iteration 46:	0.0011429787 seconds	0.0000000000 seconds
Iteration 47:	0.0011749268 seconds	0.0000000000 seconds
Iteration 47:	0.0011749268 seconds	0.0000000000 seconds
Iteration 48:	0.0011429787 seconds	0.0000000000 seconds
Iteration 48:	0.0011420250 seconds	0.0000009537 seconds
Iteration 49:	0.0011458397 seconds	0.0000000000 seconds
Iteration 49:	0.0011458397 seconds	0.0000000000 seconds
Iteration 50:	0.0011649132 seconds	0.0000000000 seconds
Iteration 50:	0.0011658669 seconds	0.0000000000 seconds
Iteration 51:	0.0011320114 seconds	0.0000000000 seconds
Iteration 51:	0.0011320114 seconds	0.0000000000 seconds
Iteration 52:	0.0011410713 seconds	0.0000000000 seconds
Iteration 52:	0.0011410713 seconds	0.0000009537 seconds
Iteration 53:	0.0011429787 seconds	0.0000000000 seconds
Iteration 53:	0.0011429787 seconds	0.0000000000 seconds
Iteration 54:	0.0011420250 seconds	0.0000000000 seconds
Iteration 54:	0.0011420250 seconds	0.0000000000 seconds
Iteration 55:	0.0011429787 seconds	0.0000000000 seconds
Iteration 55:	0.0011429787 seconds	0.0000000000 seconds
Iteration 56:	0.0011439323 seconds	0.0000000000 seconds
Iteration 56:	0.0011439323 seconds	0.0000000000 seconds
Iteration 57:	0.0011448860 seconds	0.0000000000 seconds
Iteration 57:	0.0011448860 seconds	0.0000000000 seconds
Iteration 58:	0.0011429787 seconds	0.0000000000 seconds
Iteration 58:	0.0011429787 seconds	0.0000000000 seconds
Iteration 59:	0.0011451244 seconds	0.0000000000 seconds
Iteration 59:	0.0011451244 seconds	0.0000000000 seconds
Total computation time was: 0.071083		Average frame time was: 0.001181		Average Particle interations per second were: 780453792.543687
