[ -1:000]                : Rank 0 is running on comet-14-37.sdsc.edu
[ -1:000]                : Rank 1 is running on comet-14-37.sdsc.edu
[  0:001] init_pprintf   : My dest: 1	My source: 1	My_num_part: 240
[  1:001] init_pprintf   : My dest: 0	My source: 0	My_num_part: 240
Initalizing particles linear on 0 to 240
Initalizing particles linear on 240 to 480
Iteration 0:	0.0392429829 seconds	0.0000000000 seconds
Iteration 0:	0.0390849113 seconds	0.0000000000 seconds
Iteration 1:	0.0057611465 seconds	0.0000009537 seconds
Iteration 1:	0.0057201385 seconds	0.0000000000 seconds
Iteration 2:	0.0002119541 seconds	0.0000000000 seconds
Iteration 2:	0.0001759529 seconds	0.0000000000 seconds
Iteration 3:	0.0001840591 seconds	0.0000000000 seconds
Iteration 3:	0.0001580715 seconds	0.0000009537 seconds
Iteration 4:	0.0001740456 seconds	0.0000000000 seconds
Iteration 4:	0.0001499653 seconds	0.0000000000 seconds
Iteration 5:	0.0001590252 seconds	0.0000000000 seconds
Iteration 5:	0.0001361370 seconds	0.0000000000 seconds
Iteration 6:	0.0001640320 seconds	0.0000009537 seconds
Iteration 6:	0.0001430511 seconds	0.0000000000 seconds
Iteration 7:	0.0001561642 seconds	0.0000000000 seconds
Iteration 7:	0.0001351833 seconds	0.0000000000 seconds
Iteration 8:	0.0001640320 seconds	0.0000000000 seconds
Iteration 8:	0.0001430511 seconds	0.0000000000 seconds
Iteration 9:	0.0001578331 seconds	0.0000000000 seconds
Iteration 9:	0.0001327991 seconds	0.0000000000 seconds
Iteration 10:	0.0001659393 seconds	0.0000000000 seconds
Iteration 10:	0.0001420975 seconds	0.0000000000 seconds
Iteration 11:	0.0001540184 seconds	0.0000000000 seconds
Iteration 11:	0.0001330376 seconds	0.0000000000 seconds
Iteration 12:	0.0001659393 seconds	0.0000000000 seconds
Iteration 12:	0.0001440048 seconds	0.0000000000 seconds
Iteration 13:	0.0001568794 seconds	0.0000000000 seconds
Iteration 13:	0.0001349449 seconds	0.0000000000 seconds
Iteration 14:	0.0001640320 seconds	0.0000000000 seconds
Iteration 14:	0.0001430511 seconds	0.0000000000 seconds
Iteration 15:	0.0001549721 seconds	0.0000000000 seconds
Iteration 15:	0.0001318455 seconds	0.0000009537 seconds
Iteration 16:	0.0001659393 seconds	0.0000000000 seconds
Iteration 16:	0.0001420975 seconds	0.0000000000 seconds
Iteration 17:	0.0001530647 seconds	0.0000000000 seconds
Iteration 17:	0.0001320839 seconds	0.0000000000 seconds
Iteration 18:	0.0001649857 seconds	0.0000000000 seconds
Iteration 18:	0.0001440048 seconds	0.0000000000 seconds
Iteration 19:	0.0001559258 seconds	0.0000000000 seconds
Iteration 19:	0.0001339912 seconds	0.0000000000 seconds
Iteration 20:	0.0001637936 seconds	0.0000000000 seconds
Iteration 20:	0.0001440048 seconds	0.0000000000 seconds
Iteration 21:	0.0001549721 seconds	0.0000000000 seconds
Iteration 21:	0.0001320839 seconds	0.0000000000 seconds
Iteration 22:	0.0001649857 seconds	0.0000000000 seconds
Iteration 22:	0.0001430511 seconds	0.0000000000 seconds
Iteration 23:	0.0001549721 seconds	0.0000000000 seconds
Iteration 23:	0.0001327991 seconds	0.0000000000 seconds
Iteration 24:	0.0001649857 seconds	0.0000000000 seconds
Iteration 24:	0.0001440048 seconds	0.0000000000 seconds
Iteration 25:	0.0001561642 seconds	0.0000000000 seconds
Iteration 25:	0.0001349449 seconds	0.0000000000 seconds
Iteration 26:	0.0001649857 seconds	0.0000000000 seconds
Iteration 26:	0.0001430511 seconds	0.0000000000 seconds
Iteration 27:	0.0001630783 seconds	0.0000000000 seconds
Iteration 27:	0.0001411438 seconds	0.0000000000 seconds
Iteration 28:	0.0001649857 seconds	0.0000000000 seconds
Iteration 28:	0.0001430511 seconds	0.0000000000 seconds
Iteration 29:	0.0001540184 seconds	0.0000000000 seconds
Iteration 29:	0.0001320839 seconds	0.0000000000 seconds
Iteration 30:	0.0001649857 seconds	0.0000000000 seconds
Iteration 30:	0.0001440048 seconds	0.0000000000 seconds
Iteration 31:	0.0001561642 seconds	0.0000000000 seconds
Iteration 31:	0.0001339912 seconds	0.0000000000 seconds
Iteration 32:	0.0001649857 seconds	0.0000000000 seconds
Iteration 32:	0.0001430511 seconds	0.0000000000 seconds
Iteration 33:	0.0001549721 seconds	0.0000000000 seconds
Iteration 33:	0.0001330376 seconds	0.0000000000 seconds
Iteration 34:	0.0001718998 seconds	0.0000000000 seconds
Iteration 34:	0.0001490116 seconds	0.0000000000 seconds
Iteration 35:	0.0001549721 seconds	0.0000000000 seconds
Iteration 35:	0.0001318455 seconds	0.0000000000 seconds
Iteration 36:	0.0001649857 seconds	0.0000000000 seconds
Iteration 36:	0.0001440048 seconds	0.0000000000 seconds
Iteration 37:	0.0001549721 seconds	0.0000000000 seconds
Iteration 37:	0.0001330376 seconds	0.0000000000 seconds
Iteration 38:	0.0001640320 seconds	0.0000000000 seconds
Iteration 38:	0.0001430511 seconds	0.0000000000 seconds
Iteration 39:	0.0001540184 seconds	0.0000000000 seconds
Iteration 39:	0.0001318455 seconds	0.0000000000 seconds
Iteration 40:	0.0001649857 seconds	0.0000000000 seconds
Iteration 40:	0.0001428127 seconds	0.0000000000 seconds
Iteration 41:	0.0001549721 seconds	0.0000000000 seconds
Iteration 41:	0.0001320839 seconds	0.0000000000 seconds
Iteration 42:	0.0001790524 seconds	0.0000000000 seconds
Iteration 42:	0.0001580715 seconds	0.0000000000 seconds
Iteration 43:	0.0001559258 seconds	0.0000000000 seconds
Iteration 43:	0.0001349449 seconds	0.0000000000 seconds
Iteration 44:	0.0001790524 seconds	0.0000000000 seconds
Iteration 44:	0.0001580715 seconds	0.0000000000 seconds
Iteration 45:	0.0001540184 seconds	0.0000000000 seconds
Iteration 45:	0.0001320839 seconds	0.0000000000 seconds
Iteration 46:	0.0001640320 seconds	0.0000009537 seconds
Iteration 46:	0.0001418591 seconds	0.0000000000 seconds
Iteration 47:	0.0001549721 seconds	0.0000000000 seconds
Iteration 47:	0.0001330376 seconds	0.0000000000 seconds
Iteration 48:	0.0001649857 seconds	0.0000000000 seconds
Iteration 48:	0.0001418591 seconds	0.0000000000 seconds
Iteration 49:	0.0001728535 seconds	0.0000000000 seconds
Iteration 49:	0.0001518726 seconds	0.0000000000 seconds
Iteration 50:	0.0001649857 seconds	0.0000000000 seconds
Iteration 50:	0.0001437664 seconds	0.0000000000 seconds
Iteration 51:	0.0001549721 seconds	0.0000000000 seconds
Iteration 51:	0.0001320839 seconds	0.0000000000 seconds
Iteration 52:	0.0001649857 seconds	0.0000000000 seconds
Iteration 52:	0.0001430511 seconds	0.0000000000 seconds
Iteration 53:	0.0001530647 seconds	0.0000000000 seconds
Iteration 53:	0.0001320839 seconds	0.0000000000 seconds
Iteration 54:	0.0001640320 seconds	0.0000000000 seconds
Iteration 54:	0.0001430511 seconds	0.0000000000 seconds
Iteration 55:	0.0001571178 seconds	0.0000000000 seconds
Iteration 55:	0.0001351833 seconds	0.0000000000 seconds
Iteration 56:	0.0001637936 seconds	0.0000000000 seconds
Iteration 56:	0.0001428127 seconds	0.0000000000 seconds
Iteration 57:	0.0001549721 seconds	0.0000000000 seconds
Iteration 57:	0.0001330376 seconds	0.0000000000 seconds
Iteration 58:	0.0001649857 seconds	0.0000000000 seconds
Iteration 58:	0.0001430511 seconds	0.0000000000 seconds
Iteration 59:	0.0001530647 seconds	0.0000000000 seconds
Iteration 59:	0.0001320839 seconds	0.0000000000 seconds
Iteration 60:	0.0001649857 seconds	0.0000000000 seconds
Iteration 60:	0.0001430511 seconds	0.0000000000 seconds
Iteration 61:	0.0001561642 seconds	0.0000000000 seconds
Iteration 61:	0.0001339912 seconds	0.0000000000 seconds
Iteration 62:	0.0001838207 seconds	0.0000000000 seconds
Iteration 62:	0.0001628399 seconds	0.0000000000 seconds
Iteration 63:	0.0001568794 seconds	0.0000000000 seconds
Iteration 63:	0.0001320839 seconds	0.0000000000 seconds
Iteration 64:	0.0001649857 seconds	0.0000000000 seconds
Iteration 64:	0.0001428127 seconds	0.0000000000 seconds
Iteration 65:	0.0001537800 seconds	0.0000000000 seconds
Iteration 65:	0.0001318455 seconds	0.0000000000 seconds
Iteration 66:	0.0001628399 seconds	0.0000000000 seconds
Iteration 66:	0.0001418591 seconds	0.0000000000 seconds
Iteration 67:	0.0001561642 seconds	0.0000000000 seconds
Iteration 67:	0.0001349449 seconds	0.0000000000 seconds
Iteration 68:	0.0001640320 seconds	0.0000000000 seconds
Iteration 68:	0.0001430511 seconds	0.0000000000 seconds
Iteration 69:	0.0001549721 seconds	0.0000000000 seconds
Iteration 69:	0.0001330376 seconds	0.0000000000 seconds
Iteration 70:	0.0001649857 seconds	0.0000000000 seconds
Iteration 70:	0.0001428127 seconds	0.0000000000 seconds
Iteration 71:	0.0001540184 seconds	0.0000000000 seconds
Iteration 71:	0.0001318455 seconds	0.0000000000 seconds
Iteration 72:	0.0001649857 seconds	0.0000000000 seconds
Iteration 72:	0.0001440048 seconds	0.0000000000 seconds
Iteration 73:	0.0001559258 seconds	0.0000000000 seconds
Iteration 73:	0.0001349449 seconds	0.0000000000 seconds
Iteration 74:	0.0001640320 seconds	0.0000000000 seconds
Iteration 74:	0.0001440048 seconds	0.0000000000 seconds
Iteration 75:	0.0001540184 seconds	0.0000000000 seconds
Iteration 75:	0.0001308918 seconds	0.0000000000 seconds
Iteration 76:	0.0001659393 seconds	0.0000000000 seconds
Iteration 76:	0.0001418591 seconds	0.0000000000 seconds
Iteration 77:	0.0001540184 seconds	0.0000000000 seconds
Iteration 77:	0.0001318455 seconds	0.0000000000 seconds
Iteration 78:	0.0001640320 seconds	0.0000000000 seconds
Iteration 78:	0.0001428127 seconds	0.0000000000 seconds
Iteration 79:	0.0001559258 seconds	0.0000000000 seconds
Iteration 79:	0.0001349449 seconds	0.0000000000 seconds
Iteration 80:	0.0001780987 seconds	0.0000000000 seconds
Iteration 80:	0.0001571178 seconds	0.0000009537 seconds
Iteration 81:	0.0001549721 seconds	0.0000000000 seconds
Iteration 81:	0.0001320839 seconds	0.0000000000 seconds
Iteration 82:	0.0001649857 seconds	0.0000000000 seconds
Iteration 82:	0.0001420975 seconds	0.0000000000 seconds
Iteration 83:	0.0001540184 seconds	0.0000000000 seconds
Iteration 83:	0.0001320839 seconds	0.0000000000 seconds
Iteration 84:	0.0001630783 seconds	0.0000000000 seconds
Iteration 84:	0.0001430511 seconds	0.0000000000 seconds
Iteration 85:	0.0001561642 seconds	0.0000000000 seconds
Iteration 85:	0.0001351833 seconds	0.0000000000 seconds
Iteration 86:	0.0001652241 seconds	0.0000000000 seconds
Iteration 86:	0.0001430511 seconds	0.0000000000 seconds
Iteration 87:	0.0001568794 seconds	0.0000000000 seconds
Iteration 87:	0.0001318455 seconds	0.0000000000 seconds
Iteration 88:	0.0001649857 seconds	0.0000000000 seconds
Iteration 88:	0.0001430511 seconds	0.0000000000 seconds
Iteration 89:	0.0001530647 seconds	0.0000000000 seconds
Iteration 89:	0.0001320839 seconds	0.0000000000 seconds
Iteration 90:	0.0001678467 seconds	0.0000000000 seconds
Iteration 90:	0.0001428127 seconds	0.0000000000 seconds
Iteration 91:	0.0001561642 seconds	0.0000000000 seconds
Iteration 91:	0.0001349449 seconds	0.0000000000 seconds
Iteration 92:	0.0001640320 seconds	0.0000009537 seconds
Iteration 92:	0.0001440048 seconds	0.0000000000 seconds
Iteration 93:	0.0001540184 seconds	0.0000000000 seconds
Iteration 93:	0.0001320839 seconds	0.0000000000 seconds
Iteration 94:	0.0001649857 seconds	0.0000000000 seconds
Iteration 94:	0.0001428127 seconds	0.0000000000 seconds
Iteration 95:	0.0001537800 seconds	0.0000000000 seconds
Iteration 95:	0.0001318455 seconds	0.0000000000 seconds
Iteration 96:	0.0001628399 seconds	0.0000011921 seconds
Iteration 96:	0.0001440048 seconds	0.0000000000 seconds
Iteration 97:	0.0001571178 seconds	0.0000000000 seconds
Iteration 97:	0.0001349449 seconds	0.0000000000 seconds
Iteration 98:	0.0001809597 seconds	0.0000000000 seconds
Iteration 98:	0.0001599789 seconds	0.0000000000 seconds
Iteration 99:	0.0001549721 seconds	0.0000000000 seconds
Iteration 99:	0.0001318455 seconds	0.0000000000 seconds
Total computation time was: 0.061491		Average frame time was: 0.000597		Average Particle interations per second were: 385620026.097262
