[ -1:000]                : Rank 0 is running on comet-16-36.sdsc.edu
[ -1:000]                : Rank 1 is running on comet-16-36.sdsc.edu
[  0:001] init_pprintf   : My dest: 1	My source: 1	My_num_part: 8160
[  1:001] init_pprintf   : My dest: 0	My source: 0	My_num_part: 8160
Initalizing particles linear on 0 to 8160
Initalizing particles linear on 8160 to 16320
Iteration 0:	1.5904200077 seconds	0.0000000000 seconds
Iteration 0:	1.5901880264 seconds	0.0000000000 seconds
Iteration 1:	0.5733480453 seconds	0.0000000000 seconds
Iteration 1:	0.5733499527 seconds	0.0000000000 seconds
Iteration 2:	0.5730769634 seconds	0.0000000000 seconds
Iteration 2:	0.5730769634 seconds	0.0000000000 seconds
Iteration 3:	0.5724148750 seconds	0.0000000000 seconds
Iteration 3:	0.5724151134 seconds	0.0000000000 seconds
Iteration 4:	0.5723171234 seconds	0.0000000000 seconds
Iteration 4:	0.5723159313 seconds	0.0000000000 seconds
Iteration 5:	0.5720798969 seconds	0.0000000000 seconds
Iteration 5:	0.5720789433 seconds	0.0000000000 seconds
Iteration 6:	0.5722599030 seconds	0.0000000000 seconds
Iteration 6:	0.5722589493 seconds	0.0000000000 seconds
Iteration 7:	0.5718400478 seconds	0.0000000000 seconds
Iteration 7:	0.5718390942 seconds	0.0000000000 seconds
Iteration 8:	0.5720977783 seconds	0.0000000000 seconds
Iteration 8:	0.5720968246 seconds	0.0000000000 seconds
Iteration 9:	0.5721549988 seconds	0.0000000000 seconds
Iteration 9:	0.5721540451 seconds	0.0000000000 seconds
Iteration 10:	0.5719499588 seconds	0.0000000000 seconds
Iteration 10:	0.5719490051 seconds	0.0000000000 seconds
Iteration 11:	0.5721259117 seconds	0.0000000000 seconds
Iteration 11:	0.5721249580 seconds	0.0000000000 seconds
Iteration 12:	0.5720720291 seconds	0.0000000000 seconds
Iteration 12:	0.5720720291 seconds	0.0000000000 seconds
Iteration 13:	0.5719060898 seconds	0.0000000000 seconds
Iteration 13:	0.5719060898 seconds	0.0000000000 seconds
Iteration 14:	0.5720131397 seconds	0.0000000000 seconds
Iteration 14:	0.5720140934 seconds	0.0000000000 seconds
Iteration 15:	0.5721898079 seconds	0.0000000000 seconds
Iteration 15:	0.5721888542 seconds	0.0000000000 seconds
Iteration 16:	0.5719411373 seconds	0.0000000000 seconds
Iteration 16:	0.5719420910 seconds	0.0000000000 seconds
Iteration 17:	0.5741739273 seconds	0.0000000000 seconds
Iteration 17:	0.5741748810 seconds	0.0000000000 seconds
Iteration 18:	0.5718610287 seconds	0.0000000000 seconds
Iteration 18:	0.5718610287 seconds	0.0000009537 seconds
Iteration 19:	0.5719938278 seconds	0.0000000000 seconds
Iteration 19:	0.5719928741 seconds	0.0000000000 seconds
Iteration 20:	0.5720911026 seconds	0.0000000000 seconds
Iteration 20:	0.5720911026 seconds	0.0000009537 seconds
Iteration 21:	0.5718328953 seconds	0.0000000000 seconds
Iteration 21:	0.5718319416 seconds	0.0000000000 seconds
Iteration 22:	0.5720858574 seconds	0.0000000000 seconds
Iteration 22:	0.5720858574 seconds	0.0000000000 seconds
Iteration 23:	0.5722699165 seconds	0.0000000000 seconds
Iteration 23:	0.5722689629 seconds	0.0000000000 seconds
Iteration 24:	0.5720300674 seconds	0.0000000000 seconds
Iteration 24:	0.5720291138 seconds	0.0000000000 seconds
Iteration 25:	0.5722858906 seconds	0.0000000000 seconds
Iteration 25:	0.5722858906 seconds	0.0000000000 seconds
Iteration 26:	0.5723431110 seconds	0.0000000000 seconds
Iteration 26:	0.5723421574 seconds	0.0000009537 seconds
Iteration 27:	0.5720169544 seconds	0.0000000000 seconds
Iteration 27:	0.5720171928 seconds	0.0000000000 seconds
Iteration 28:	0.5720911026 seconds	0.0000000000 seconds
Iteration 28:	0.5720911026 seconds	0.0000000000 seconds
Iteration 29:	0.5719389915 seconds	0.0000000000 seconds
Iteration 29:	0.5719389915 seconds	0.0000009537 seconds
Iteration 30:	0.5831248760 seconds	0.0000000000 seconds
Iteration 30:	0.5831260681 seconds	0.0000000000 seconds
Iteration 31:	0.5754821301 seconds	0.0000000000 seconds
Iteration 31:	0.5754818916 seconds	0.0000000000 seconds
Iteration 32:	0.5722718239 seconds	0.0000000000 seconds
Iteration 32:	0.5722708702 seconds	0.0000000000 seconds
Iteration 33:	0.5722379684 seconds	0.0000000000 seconds
Iteration 33:	0.5722391605 seconds	0.0000000000 seconds
Iteration 34:	0.5723309517 seconds	0.0000000000 seconds
Iteration 34:	0.5723311901 seconds	0.0000000000 seconds
Total computation time was: 21.060836		Average frame time was: 0.601733		Average Particle interations per second were: 442625397.087309
