[ -1:000]                : Rank 1 is running on comet-29-34.sdsc.edu
[ -1:000]                : Rank 0 is running on comet-29-34.sdsc.edu
[  1:001] init_pprintf   : My dest: 0	My source: 0	My_num_part: 8160
[  0:001] init_pprintf   : My dest: 1	My source: 1	My_num_part: 8160
Initalizing particles linear on 0 to 8160
Initalizing particles linear on 8160 to 16320
Iteration 0:	0.4361131191 seconds	0.0000000000 seconds
Iteration 0:	0.4359869957 seconds	0.0000000000 seconds
Iteration 1:	0.4046528339 seconds	0.0000000000 seconds
Iteration 1:	0.4046518803 seconds	0.0000000000 seconds
Iteration 2:	0.4345521927 seconds	0.0000000000 seconds
Iteration 2:	0.4345510006 seconds	0.0000000000 seconds
Iteration 3:	0.4046220779 seconds	0.0000000000 seconds
Iteration 3:	0.4046220779 seconds	0.0000000000 seconds
Iteration 4:	0.4346511364 seconds	0.0000000000 seconds
Iteration 4:	0.4346520901 seconds	0.0000000000 seconds
Iteration 5:	0.4046838284 seconds	0.0000000000 seconds
Iteration 5:	0.4046828747 seconds	0.0000009537 seconds
Iteration 6:	0.4349629879 seconds	0.0000000000 seconds
Iteration 6:	0.4349610806 seconds	0.0000000000 seconds
Iteration 7:	0.4046370983 seconds	0.0000000000 seconds
Iteration 7:	0.4046370983 seconds	0.0000000000 seconds
Iteration 8:	0.4345068932 seconds	0.0000000000 seconds
Iteration 8:	0.4345080853 seconds	0.0000000000 seconds
Iteration 9:	0.4046318531 seconds	0.0000000000 seconds
Iteration 9:	0.4046349525 seconds	0.0000000000 seconds
Iteration 10:	0.4344170094 seconds	0.0000000000 seconds
Iteration 10:	0.4344170094 seconds	0.0000000000 seconds
Iteration 11:	0.4046771526 seconds	0.0000000000 seconds
Iteration 11:	0.4046781063 seconds	0.0000009537 seconds
Iteration 12:	0.4343547821 seconds	0.0000000000 seconds
Iteration 12:	0.4343547821 seconds	0.0000000000 seconds
Iteration 13:	0.4046840668 seconds	0.0000000000 seconds
Iteration 13:	0.4046840668 seconds	0.0000000000 seconds
Iteration 14:	0.4343380928 seconds	0.0000000000 seconds
Iteration 14:	0.4343390465 seconds	0.0000000000 seconds
Iteration 15:	0.4046659470 seconds	0.0000000000 seconds
Iteration 15:	0.4046669006 seconds	0.0000000000 seconds
Iteration 16:	0.4343218803 seconds	0.0000000000 seconds
Iteration 16:	0.4343218803 seconds	0.0000009537 seconds
Iteration 17:	0.4046339989 seconds	0.0000000000 seconds
Iteration 17:	0.4046339989 seconds	0.0000000000 seconds
Iteration 18:	0.4343309402 seconds	0.0000000000 seconds
Iteration 18:	0.4343309402 seconds	0.0000000000 seconds
Iteration 19:	0.4046549797 seconds	0.0000000000 seconds
Iteration 19:	0.4046549797 seconds	0.0000000000 seconds
Iteration 20:	0.4343111515 seconds	0.0000000000 seconds
Iteration 20:	0.4343130589 seconds	0.0000000000 seconds
Iteration 21:	0.4046201706 seconds	0.0000000000 seconds
Iteration 21:	0.4046211243 seconds	0.0000000000 seconds
Iteration 22:	0.4345340729 seconds	0.0000000000 seconds
Iteration 22:	0.4345340729 seconds	0.0000000000 seconds
Iteration 23:	0.4046878815 seconds	0.0000000000 seconds
Iteration 23:	0.4046869278 seconds	0.0000000000 seconds
Iteration 24:	0.4345369339 seconds	0.0000000000 seconds
Iteration 24:	0.4345369339 seconds	0.0000000000 seconds
Iteration 25:	0.4046530724 seconds	0.0000000000 seconds
Iteration 25:	0.4046530724 seconds	0.0000000000 seconds
Iteration 26:	0.4345669746 seconds	0.0000000000 seconds
Iteration 26:	0.4345669746 seconds	0.0000000000 seconds
Iteration 27:	0.4046609402 seconds	0.0000000000 seconds
Iteration 27:	0.4046580791 seconds	0.0000000000 seconds
Iteration 28:	0.4345510006 seconds	0.0000000000 seconds
Iteration 28:	0.4345510006 seconds	0.0000000000 seconds
Iteration 29:	0.4046461582 seconds	0.0000000000 seconds
Iteration 29:	0.4046461582 seconds	0.0000009537 seconds
Iteration 30:	0.4348180294 seconds	0.0000000000 seconds
Iteration 30:	0.4348170757 seconds	0.0000000000 seconds
Iteration 31:	0.4046177864 seconds	0.0000000000 seconds
Iteration 31:	0.4046177864 seconds	0.0000011921 seconds
Iteration 32:	0.4343550205 seconds	0.0000000000 seconds
Iteration 32:	0.4343559742 seconds	0.0000000000 seconds
Iteration 33:	0.4046339989 seconds	0.0000000000 seconds
Iteration 33:	0.4046351910 seconds	0.0000000000 seconds
Iteration 34:	0.4348421097 seconds	0.0000000000 seconds
Iteration 34:	0.4348421097 seconds	0.0000000000 seconds
Total computation time was: 14.702305		Average frame time was: 0.420061		Average Particle interations per second were: 634056715.052887
