[ -1:000]                : Rank 1 is running on comet-16-51.sdsc.edu
[ -1:000]                : Rank 0 is running on comet-16-51.sdsc.edu
[  0:001] init_pprintf   : My dest: 1	My source: 1	My_num_part: 8160
[  1:001] init_pprintf   : My dest: 0	My source: 0	My_num_part: 8160
Initalizing particles linear on 0 to 8160
Initalizing particles linear on 8160 to 16320
Iteration 0:	0.8420169353 seconds	0.0000000000 seconds
Iteration 0:	0.8421299458 seconds	0.0000000000 seconds
Iteration 1:	0.7823791504 seconds	0.0000000000 seconds
Iteration 1:	0.7823791504 seconds	0.0000000000 seconds
Iteration 2:	0.8397798538 seconds	0.0000000000 seconds
Iteration 2:	0.8397798538 seconds	0.0000000000 seconds
Iteration 3:	0.7850329876 seconds	0.0000000000 seconds
Iteration 3:	0.7850339413 seconds	0.0000000000 seconds
Iteration 4:	0.8397419453 seconds	0.0000000000 seconds
Iteration 4:	0.8397419453 seconds	0.0000000000 seconds
Iteration 5:	0.7826030254 seconds	0.0000000000 seconds
Iteration 5:	0.7826030254 seconds	0.0000000000 seconds
Iteration 6:	0.8399829865 seconds	0.0000000000 seconds
Iteration 6:	0.8399829865 seconds	0.0000000000 seconds
Iteration 7:	0.7820639610 seconds	0.0000000000 seconds
Iteration 7:	0.7820639610 seconds	0.0000000000 seconds
Iteration 8:	0.8398351669 seconds	0.0000000000 seconds
Iteration 8:	0.8398361206 seconds	0.0000000000 seconds
Iteration 9:	0.7818460464 seconds	0.0000000000 seconds
Iteration 9:	0.7818460464 seconds	0.0000000000 seconds
Iteration 10:	0.8398001194 seconds	0.0000000000 seconds
Iteration 10:	0.8398001194 seconds	0.0000000000 seconds
Iteration 11:	0.7821037769 seconds	0.0000000000 seconds
Iteration 11:	0.7821049690 seconds	0.0000000000 seconds
Iteration 12:	0.8400471210 seconds	0.0000000000 seconds
Iteration 12:	0.8400471210 seconds	0.0000000000 seconds
Iteration 13:	0.7825920582 seconds	0.0000000000 seconds
Iteration 13:	0.7825930119 seconds	0.0000000000 seconds
Iteration 14:	0.8397908211 seconds	0.0000000000 seconds
Iteration 14:	0.8397908211 seconds	0.0000000000 seconds
Iteration 15:	0.7822389603 seconds	0.0000000000 seconds
Iteration 15:	0.7822389603 seconds	0.0000000000 seconds
Iteration 16:	0.8518691063 seconds	0.0000000000 seconds
Iteration 16:	0.8518691063 seconds	0.0000000000 seconds
Iteration 17:	0.7944190502 seconds	0.0000000000 seconds
Iteration 17:	0.7944190502 seconds	0.0000000000 seconds
Iteration 18:	0.8531639576 seconds	0.0000000000 seconds
Iteration 18:	0.8531639576 seconds	0.0000000000 seconds
Iteration 19:	0.7939050198 seconds	0.0000000000 seconds
Iteration 19:	0.7939050198 seconds	0.0000000000 seconds
Iteration 20:	0.8569748402 seconds	0.0000000000 seconds
Iteration 20:	0.8569748402 seconds	0.0000000000 seconds
Iteration 21:	0.8007631302 seconds	0.0000000000 seconds
Iteration 21:	0.8007631302 seconds	0.0000000000 seconds
Iteration 22:	0.8553280830 seconds	0.0000000000 seconds
Iteration 22:	0.8553280830 seconds	0.0000000000 seconds
Iteration 23:	0.7850339413 seconds	0.0000000000 seconds
Iteration 23:	0.7850339413 seconds	0.0000000000 seconds
Iteration 24:	0.8410198689 seconds	0.0000000000 seconds
Iteration 24:	0.8410198689 seconds	0.0000000000 seconds
Iteration 25:	0.7888300419 seconds	0.0000000000 seconds
Iteration 25:	0.7888309956 seconds	0.0000000000 seconds
Iteration 26:	0.8475849628 seconds	0.0000000000 seconds
Iteration 26:	0.8475849628 seconds	0.0000000000 seconds
Iteration 27:	0.7931330204 seconds	0.0000000000 seconds
Iteration 27:	0.7931330204 seconds	0.0000000000 seconds
Iteration 28:	0.8625569344 seconds	0.0000000000 seconds
Iteration 28:	0.8625578880 seconds	0.0000000000 seconds
Iteration 29:	0.8022968769 seconds	0.0000000000 seconds
Iteration 29:	0.8022968769 seconds	0.0000000000 seconds
Iteration 30:	0.8585920334 seconds	0.0000000000 seconds
Iteration 30:	0.8585920334 seconds	0.0000000000 seconds
Iteration 31:	0.8085689545 seconds	0.0000000000 seconds
Iteration 31:	0.8085680008 seconds	0.0000000000 seconds
Iteration 32:	0.8399748802 seconds	0.0000000000 seconds
Iteration 32:	0.8399748802 seconds	0.0000000000 seconds
Iteration 33:	0.7819671631 seconds	0.0000000000 seconds
Iteration 33:	0.7819671631 seconds	0.0000000000 seconds
Iteration 34:	0.8401181698 seconds	0.0000000000 seconds
Iteration 34:	0.8401181698 seconds	0.0000000000 seconds
Total computation time was: 28.638238		Average frame time was: 0.818231		Average Particle interations per second were: 325510180.835151
