[ -1:000]                : Rank 9 is running on comet-13-30.sdsc.edu
[  9:001] init_pprintf   : My dest: 10	My source: 8	My_num_part: 680
[ -1:000]                : Rank 7 is running on comet-13-30.sdsc.edu
[  7:001] init_pprintf   : My dest: 8	My source: 6	My_num_part: 680
[ -1:000]                : Rank 11 is running on comet-13-30.sdsc.edu
[ -1:000]                : Rank 3 is running on comet-13-30.sdsc.edu
[ 11:001] init_pprintf   : My dest: 0	My source: 10	My_num_part: 680
[  3:001] init_pprintf   : My dest: 4	My source: 2	My_num_part: 680
[ -1:000]                : Rank 5 is running on comet-13-30.sdsc.edu
[  5:001] init_pprintf   : My dest: 6	My source: 4	My_num_part: 680
[ -1:000]                : Rank 1 is running on comet-13-30.sdsc.edu
[  1:001] init_pprintf   : My dest: 2	My source: 0	My_num_part: 680
[ -1:000]                : Rank 6 is running on comet-13-30.sdsc.edu
[ -1:000]                : Rank 4 is running on comet-13-30.sdsc.edu
[ -1:000]                : Rank 10 is running on comet-13-30.sdsc.edu
[ -1:000]                : Rank 0 is running on comet-13-30.sdsc.edu
[ -1:000]                : Rank 2 is running on comet-13-30.sdsc.edu
[ -1:000]                : Rank 8 is running on comet-13-30.sdsc.edu
[  4:001] init_pprintf   : My dest: 5	My source: 3	My_num_part: 680
[  6:001] init_pprintf   : My dest: 7	My source: 5	My_num_part: 680
[ 10:001] init_pprintf   : My dest: 11	My source: 9	My_num_part: 680
[  0:001] init_pprintf   : My dest: 1	My source: 11	My_num_part: 680
[  2:001] init_pprintf   : My dest: 3	My source: 1	My_num_part: 680
[  8:001] init_pprintf   : My dest: 9	My source: 7	My_num_part: 680
Initalizing particles linear on 6120 to 6800
Initalizing particles linear on 7480 to 8160
Initalizing particles linear on 4760 to 5440
Initalizing particles linear on 3400 to 4080
Initalizing particles linear on 2040 to 2720
Initalizing particles linear on 680 to 1360
Initalizing particles linear on 5440 to 6120
Initalizing particles linear on 2720 to 3400
Initalizing particles linear on 1360 to 2040
Initalizing particles linear on 6800 to 7480
Initalizing particles linear on 0 to 680
Initalizing particles linear on 4080 to 4760
Iteration 0:	0.0715558529 seconds	0.0000000000 seconds
Iteration 0:	0.0717108250 seconds	0.0000011921 seconds
Iteration 0:	0.0716519356 seconds	0.0000000000 seconds
Iteration 0:	0.0717349052 seconds	0.0000000000 seconds
Iteration 0:	0.0716760159 seconds	0.0000000000 seconds
Iteration 0:	0.0717840195 seconds	0.0000000000 seconds
Iteration 0:	0.0717360973 seconds	0.0000000000 seconds
Iteration 0:	0.0717020035 seconds	0.0000000000 seconds
Iteration 0:	0.0717830658 seconds	0.0000000000 seconds
Iteration 0:	0.0717029572 seconds	0.0000011921 seconds
Iteration 0:	0.0718121529 seconds	0.0000000000 seconds
Iteration 0:	0.0717260838 seconds	0.0000009537 seconds
Iteration 1:	0.0662519932 seconds	0.0000000000 seconds
Iteration 1:	0.0662620068 seconds	0.0000000000 seconds
Iteration 1:	0.0662999153 seconds	0.0000000000 seconds
Iteration 1:	0.0662992001 seconds	0.0000000000 seconds
Iteration 1:	0.0663340092 seconds	0.0000000000 seconds
Iteration 1:	0.0664138794 seconds	0.0000000000 seconds
Iteration 1:	0.0663728714 seconds	0.0000000000 seconds
Iteration 1:	0.0664110184 seconds	0.0000000000 seconds
Iteration 1:	0.0664060116 seconds	0.0000000000 seconds
Iteration 1:	0.0663890839 seconds	0.0000000000 seconds
Iteration 1:	0.0663578510 seconds	0.0000000000 seconds
Iteration 1:	0.0663688183 seconds	0.0000000000 seconds
Iteration 2:	0.0714888573 seconds	0.0000000000 seconds
Iteration 2:	0.0714809895 seconds	0.0000000000 seconds
Iteration 2:	0.0714750290 seconds	0.0000009537 seconds
Iteration 2:	0.0714769363 seconds	0.0000000000 seconds
Iteration 2:	0.0714929104 seconds	0.0000000000 seconds
Iteration 2:	0.0715548992 seconds	0.0000000000 seconds
Iteration 2:	0.0714869499 seconds	0.0000000000 seconds
Iteration 2:	0.0715589523 seconds	0.0000000000 seconds
Iteration 2:	0.0715208054 seconds	0.0000000000 seconds
Iteration 2:	0.0715000629 seconds	0.0000000000 seconds
Iteration 2:	0.0716030598 seconds	0.0000000000 seconds
Iteration 2:	0.0715939999 seconds	0.0000000000 seconds
Iteration 3:	0.0662291050 seconds	0.0000000000 seconds
Iteration 3:	0.0662600994 seconds	0.0000000000 seconds
Iteration 3:	0.0662980080 seconds	0.0000000000 seconds
Iteration 3:	0.0662970543 seconds	0.0000000000 seconds
Iteration 3:	0.0662970543 seconds	0.0000009537 seconds
Iteration 3:	0.0663290024 seconds	0.0000000000 seconds
Iteration 3:	0.0663340092 seconds	0.0000000000 seconds
Iteration 3:	0.0663437843 seconds	0.0000000000 seconds
Iteration 3:	0.0663449764 seconds	0.0000000000 seconds
Iteration 3:	0.0663590431 seconds	0.0000000000 seconds
Iteration 3:	0.0663490295 seconds	0.0000000000 seconds
Iteration 3:	0.0663619041 seconds	0.0000000000 seconds
Iteration 4:	0.0715088844 seconds	0.0000000000 seconds
Iteration 4:	0.0715029240 seconds	0.0000000000 seconds
Iteration 4:	0.0714831352 seconds	0.0000000000 seconds
Iteration 4:	0.0714960098 seconds	0.0000000000 seconds
Iteration 4:	0.0714859962 seconds	0.0000000000 seconds
Iteration 4:	0.0715131760 seconds	0.0000000000 seconds
Iteration 4:	0.0714671612 seconds	0.0000000000 seconds
Iteration 4:	0.0715119839 seconds	0.0000000000 seconds
Iteration 4:	0.0714659691 seconds	0.0000000000 seconds
Iteration 4:	0.0714781284 seconds	0.0000000000 seconds
Iteration 4:	0.0715670586 seconds	0.0000000000 seconds
Iteration 4:	0.0715980530 seconds	0.0000000000 seconds
Iteration 5:	0.0662350655 seconds	0.0000009537 seconds
Iteration 5:	0.0662479401 seconds	0.0000000000 seconds
Iteration 5:	0.0663111210 seconds	0.0000000000 seconds
Iteration 5:	0.0663061142 seconds	0.0000000000 seconds
Iteration 5:	0.0663168430 seconds	0.0000000000 seconds
Iteration 5:	0.0663259029 seconds	0.0000000000 seconds
Iteration 5:	0.0663309097 seconds	0.0000000000 seconds
Iteration 5:	0.0663549900 seconds	0.0000000000 seconds
Iteration 5:	0.0663540363 seconds	0.0000000000 seconds
Iteration 5:	0.0663590431 seconds	0.0000000000 seconds
Iteration 5:	0.0663490295 seconds	0.0000000000 seconds
Iteration 5:	0.0663599968 seconds	0.0000000000 seconds
Iteration 6:	0.0715150833 seconds	0.0000000000 seconds
Iteration 6:	0.0715188980 seconds	0.0000000000 seconds
Iteration 6:	0.0715050697 seconds	0.0000000000 seconds
Iteration 6:	0.0714821815 seconds	0.0000000000 seconds
Iteration 6:	0.0715141296 seconds	0.0000000000 seconds
Iteration 6:	0.0715069771 seconds	0.0000000000 seconds
Iteration 6:	0.0714778900 seconds	0.0000000000 seconds
Iteration 6:	0.0714869499 seconds	0.0000000000 seconds
Iteration 6:	0.0714650154 seconds	0.0000000000 seconds
Iteration 6:	0.0714688301 seconds	0.0000000000 seconds
Iteration 6:	0.0715670586 seconds	0.0000000000 seconds
Iteration 6:	0.0715770721 seconds	0.0000000000 seconds
Iteration 7:	0.0662558079 seconds	0.0000000000 seconds
Iteration 7:	0.0662648678 seconds	0.0000000000 seconds
Iteration 7:	0.0663149357 seconds	0.0000011921 seconds
Iteration 7:	0.0663108826 seconds	0.0000000000 seconds
Iteration 7:	0.0663139820 seconds	0.0000000000 seconds
Iteration 7:	0.0663058758 seconds	0.0000000000 seconds
Iteration 7:	0.0663180351 seconds	0.0000000000 seconds
Iteration 7:	0.0663228035 seconds	0.0000000000 seconds
Iteration 7:	0.0663359165 seconds	0.0000000000 seconds
Iteration 7:	0.0663471222 seconds	0.0000009537 seconds
Iteration 7:	0.0663590431 seconds	0.0000000000 seconds
Iteration 7:	0.0663530827 seconds	0.0000000000 seconds
Iteration 8:	0.0714788437 seconds	0.0000000000 seconds
Iteration 8:	0.0714659691 seconds	0.0000000000 seconds
Iteration 8:	0.0714619160 seconds	0.0000000000 seconds
Iteration 8:	0.0714530945 seconds	0.0000000000 seconds
Iteration 8:	0.0715110302 seconds	0.0000000000 seconds
Iteration 8:	0.0714600086 seconds	0.0000000000 seconds
Iteration 8:	0.0715148449 seconds	0.0000000000 seconds
Iteration 8:	0.0715107918 seconds	0.0000000000 seconds
Iteration 8:	0.0714600086 seconds	0.0000000000 seconds
Iteration 8:	0.0714709759 seconds	0.0000000000 seconds
Iteration 8:	0.0715668201 seconds	0.0000000000 seconds
Iteration 8:	0.0715749264 seconds	0.0000000000 seconds
Iteration 9:	0.0662291050 seconds	0.0000000000 seconds
Iteration 9:	0.0662369728 seconds	0.0000000000 seconds
Iteration 9:	0.0663490295 seconds	0.0000000000 seconds
Iteration 9:	0.0663449764 seconds	0.0000000000 seconds
Iteration 9:	0.0663750172 seconds	0.0000000000 seconds
Iteration 9:	0.0666530132 seconds	0.0000000000 seconds
Iteration 9:	0.0666840076 seconds	0.0000000000 seconds
Iteration 9:	0.0667068958 seconds	0.0000000000 seconds
Iteration 9:	0.0667059422 seconds	0.0000000000 seconds
Iteration 9:	0.0667188168 seconds	0.0000000000 seconds
Iteration 9:	0.0667080879 seconds	0.0000000000 seconds
Iteration 9:	0.0666959286 seconds	0.0000000000 seconds
Iteration 10:	0.0719299316 seconds	0.0000000000 seconds
Iteration 10:	0.0719380379 seconds	0.0000000000 seconds
Iteration 10:	0.0718688965 seconds	0.0000000000 seconds
Iteration 10:	0.0718870163 seconds	0.0000000000 seconds
Iteration 10:	0.0718710423 seconds	0.0000000000 seconds
Iteration 10:	0.0716471672 seconds	0.0000000000 seconds
Iteration 10:	0.0716240406 seconds	0.0000000000 seconds
Iteration 10:	0.0716140270 seconds	0.0000000000 seconds
Iteration 10:	0.0716640949 seconds	0.0000000000 seconds
Iteration 10:	0.0716431141 seconds	0.0000000000 seconds
Iteration 10:	0.0716428757 seconds	0.0000000000 seconds
Iteration 10:	0.0716419220 seconds	0.0000000000 seconds
Iteration 11:	0.0663959980 seconds	0.0000000000 seconds
Iteration 11:	0.0664119720 seconds	0.0000000000 seconds
Iteration 11:	0.0664188862 seconds	0.0000000000 seconds
Iteration 11:	0.0664060116 seconds	0.0000000000 seconds
Iteration 11:	0.0663969517 seconds	0.0000000000 seconds
Iteration 11:	0.0663721561 seconds	0.0000000000 seconds
Iteration 11:	0.0663759708 seconds	0.0000000000 seconds
Iteration 11:	0.0663740635 seconds	0.0000000000 seconds
Iteration 11:	0.0663228035 seconds	0.0000000000 seconds
Iteration 11:	0.0663259029 seconds	0.0000000000 seconds
Iteration 11:	0.0663340092 seconds	0.0000000000 seconds
Iteration 11:	0.0663340092 seconds	0.0000009537 seconds
Iteration 12:	0.0714499950 seconds	0.0000000000 seconds
Iteration 12:	0.0714750290 seconds	0.0000000000 seconds
Iteration 12:	0.0714640617 seconds	0.0000000000 seconds
Iteration 12:	0.0714590549 seconds	0.0000000000 seconds
Iteration 12:	0.0715110302 seconds	0.0000000000 seconds
Iteration 12:	0.0714588165 seconds	0.0000000000 seconds
Iteration 12:	0.0715119839 seconds	0.0000000000 seconds
Iteration 12:	0.0715069771 seconds	0.0000000000 seconds
Iteration 12:	0.0714628696 seconds	0.0000000000 seconds
Iteration 12:	0.0714759827 seconds	0.0000000000 seconds
Iteration 12:	0.0715670586 seconds	0.0000000000 seconds
Iteration 12:	0.0715830326 seconds	0.0000000000 seconds
Iteration 13:	0.0662372112 seconds	0.0000000000 seconds
Iteration 13:	0.0662410259 seconds	0.0000000000 seconds
Iteration 13:	0.0662968159 seconds	0.0000000000 seconds
Iteration 13:	0.0662930012 seconds	0.0000000000 seconds
Iteration 13:	0.0662968159 seconds	0.0000000000 seconds
Iteration 13:	0.0663268566 seconds	0.0000000000 seconds
Iteration 13:	0.0663390160 seconds	0.0000000000 seconds
Iteration 13:	0.0663459301 seconds	0.0000000000 seconds
Iteration 13:	0.0663411617 seconds	0.0000000000 seconds
Iteration 13:	0.0663390160 seconds	0.0000000000 seconds
Iteration 13:	0.0663180351 seconds	0.0000000000 seconds
Iteration 13:	0.0663309097 seconds	0.0000000000 seconds
Iteration 14:	0.0714650154 seconds	0.0000000000 seconds
Iteration 14:	0.0714530945 seconds	0.0000000000 seconds
Iteration 14:	0.0714511871 seconds	0.0000000000 seconds
Iteration 14:	0.0714609623 seconds	0.0000000000 seconds
Iteration 14:	0.0714671612 seconds	0.0000000000 seconds
Iteration 14:	0.0715110302 seconds	0.0000000000 seconds
Iteration 14:	0.0715160370 seconds	0.0000000000 seconds
Iteration 14:	0.0715119839 seconds	0.0000000000 seconds
Iteration 14:	0.0714719296 seconds	0.0000000000 seconds
Iteration 14:	0.0714859962 seconds	0.0000000000 seconds
Iteration 14:	0.0715630054 seconds	0.0000000000 seconds
Iteration 14:	0.0715649128 seconds	0.0000000000 seconds
Iteration 15:	0.0662472248 seconds	0.0000000000 seconds
Iteration 15:	0.0662500858 seconds	0.0000000000 seconds
Iteration 15:	0.0663230419 seconds	0.0000000000 seconds
Iteration 15:	0.0663161278 seconds	0.0000000000 seconds
Iteration 15:	0.0663228035 seconds	0.0000000000 seconds
Iteration 15:	0.0663678646 seconds	0.0000000000 seconds
Iteration 15:	0.0663850307 seconds	0.0000000000 seconds
Iteration 15:	0.0663890839 seconds	0.0000000000 seconds
Iteration 15:	0.0663778782 seconds	0.0000000000 seconds
Iteration 15:	0.0663721561 seconds	0.0000009537 seconds
Iteration 15:	0.0663709641 seconds	0.0000000000 seconds
Iteration 15:	0.0663578510 seconds	0.0000000000 seconds
Iteration 16:	0.0714988708 seconds	0.0000000000 seconds
Iteration 16:	0.0715169907 seconds	0.0000000000 seconds
Iteration 16:	0.0715379715 seconds	0.0000000000 seconds
Iteration 16:	0.0715661049 seconds	0.0000000000 seconds
Iteration 16:	0.0715501308 seconds	0.0000000000 seconds
Iteration 16:	0.0715198517 seconds	0.0000000000 seconds
Iteration 16:	0.0715830326 seconds	0.0000000000 seconds
Iteration 16:	0.0715310574 seconds	0.0000000000 seconds
Iteration 16:	0.0715901852 seconds	0.0000000000 seconds
Iteration 16:	0.0715820789 seconds	0.0000000000 seconds
Iteration 16:	0.0716400146 seconds	0.0000000000 seconds
Iteration 16:	0.0716400146 seconds	0.0000000000 seconds
Iteration 17:	0.0662400723 seconds	0.0000000000 seconds
Iteration 17:	0.0662519932 seconds	0.0000009537 seconds
Iteration 17:	0.0662791729 seconds	0.0000000000 seconds
Iteration 17:	0.0662729740 seconds	0.0000000000 seconds
Iteration 17:	0.0662760735 seconds	0.0000000000 seconds
Iteration 17:	0.0662920475 seconds	0.0000000000 seconds
Iteration 17:	0.0663049221 seconds	0.0000000000 seconds
Iteration 17:	0.0663180351 seconds	0.0000000000 seconds
Iteration 17:	0.0663599968 seconds	0.0000000000 seconds
Iteration 17:	0.0663368702 seconds	0.0000000000 seconds
Iteration 17:	0.0663390160 seconds	0.0000000000 seconds
Iteration 17:	0.0663270950 seconds	0.0000000000 seconds
Iteration 18:	0.0714790821 seconds	0.0000000000 seconds
Iteration 18:	0.0714681149 seconds	0.0000000000 seconds
Iteration 18:	0.0714640617 seconds	0.0000000000 seconds
Iteration 18:	0.0714688301 seconds	0.0000000000 seconds
Iteration 18:	0.0715091228 seconds	0.0000000000 seconds
Iteration 18:	0.0714740753 seconds	0.0000000000 seconds
Iteration 18:	0.0715150833 seconds	0.0000000000 seconds
Iteration 18:	0.0715100765 seconds	0.0000000000 seconds
Iteration 18:	0.0714712143 seconds	0.0000000000 seconds
Iteration 18:	0.0714840889 seconds	0.0000000000 seconds
Iteration 18:	0.0715579987 seconds	0.0000000000 seconds
Iteration 18:	0.0715699196 seconds	0.0000000000 seconds
Iteration 19:	0.0662419796 seconds	0.0000000000 seconds
Iteration 19:	0.0662570000 seconds	0.0000011921 seconds
Iteration 19:	0.0663161278 seconds	0.0000000000 seconds
Iteration 19:	0.0663139820 seconds	0.0000000000 seconds
Iteration 19:	0.0663478374 seconds	0.0000000000 seconds
Iteration 19:	0.0663180351 seconds	0.0000000000 seconds
Iteration 19:	0.0663640499 seconds	0.0000000000 seconds
Iteration 19:	0.0663671494 seconds	0.0000000000 seconds
Iteration 19:	0.0663599968 seconds	0.0000000000 seconds
Iteration 19:	0.0663580894 seconds	0.0000000000 seconds
Iteration 19:	0.0663580894 seconds	0.0000000000 seconds
Iteration 19:	0.0663428307 seconds	0.0000000000 seconds
Iteration 20:	0.0714969635 seconds	0.0000000000 seconds
Iteration 20:	0.0714960098 seconds	0.0000000000 seconds
Iteration 20:	0.0714859962 seconds	0.0000000000 seconds
Iteration 20:	0.0714750290 seconds	0.0000000000 seconds
Iteration 20:	0.0715229511 seconds	0.0000000000 seconds
Iteration 20:	0.0715079308 seconds	0.0000000000 seconds
Iteration 20:	0.0714809895 seconds	0.0000000000 seconds
Iteration 20:	0.0715429783 seconds	0.0000000000 seconds
Iteration 20:	0.0715429783 seconds	0.0000000000 seconds
Iteration 20:	0.0715379715 seconds	0.0000000000 seconds
Iteration 20:	0.0715670586 seconds	0.0000000000 seconds
Iteration 20:	0.0715820789 seconds	0.0000000000 seconds
Iteration 21:	0.0662429333 seconds	0.0000000000 seconds
Iteration 21:	0.0662639141 seconds	0.0000000000 seconds
Iteration 21:	0.0662810802 seconds	0.0000000000 seconds
Iteration 21:	0.0662829876 seconds	0.0000000000 seconds
Iteration 21:	0.0662820339 seconds	0.0000009537 seconds
Iteration 21:	0.0662980080 seconds	0.0000009537 seconds
Iteration 21:	0.0663051605 seconds	0.0000000000 seconds
Iteration 21:	0.0663189888 seconds	0.0000000000 seconds
Iteration 21:	0.0663189888 seconds	0.0000000000 seconds
Iteration 21:	0.0663309097 seconds	0.0000000000 seconds
Iteration 21:	0.0663290024 seconds	0.0000000000 seconds
Iteration 21:	0.0663368702 seconds	0.0000000000 seconds
Iteration 22:	0.0714528561 seconds	0.0000000000 seconds
Iteration 22:	0.0715010166 seconds	0.0000000000 seconds
Iteration 22:	0.0715007782 seconds	0.0000000000 seconds
Iteration 22:	0.0714998245 seconds	0.0000000000 seconds
Iteration 22:	0.0715639591 seconds	0.0000000000 seconds
Iteration 22:	0.0715839863 seconds	0.0000000000 seconds
Iteration 22:	0.0716490746 seconds	0.0000000000 seconds
Iteration 22:	0.0716419220 seconds	0.0000000000 seconds
Iteration 22:	0.0716190338 seconds	0.0000000000 seconds
Iteration 22:	0.0716419220 seconds	0.0000000000 seconds
Iteration 22:	0.0716300011 seconds	0.0000000000 seconds
Iteration 22:	0.0716230869 seconds	0.0000000000 seconds
Iteration 23:	0.0663609505 seconds	0.0000000000 seconds
Iteration 23:	0.0663788319 seconds	0.0000000000 seconds
Iteration 23:	0.0664420128 seconds	0.0000000000 seconds
Iteration 23:	0.0664401054 seconds	0.0000000000 seconds
Iteration 23:	0.0664439201 seconds	0.0000000000 seconds
Iteration 23:	0.0664911270 seconds	0.0000000000 seconds
Iteration 23:	0.0662961006 seconds	0.0000009537 seconds
Iteration 23:	0.0662992001 seconds	0.0000000000 seconds
Iteration 23:	0.0663039684 seconds	0.0000000000 seconds
Iteration 23:	0.0663020611 seconds	0.0000000000 seconds
Iteration 23:	0.0663089752 seconds	0.0000000000 seconds
Iteration 23:	0.0663068295 seconds	0.0000011921 seconds
Iteration 24:	0.0714449883 seconds	0.0000000000 seconds
Iteration 24:	0.0714530945 seconds	0.0000000000 seconds
Iteration 24:	0.0714559555 seconds	0.0000000000 seconds
Iteration 24:	0.0714669228 seconds	0.0000000000 seconds
Iteration 24:	0.0715060234 seconds	0.0000000000 seconds
Iteration 24:	0.0715091228 seconds	0.0000000000 seconds
Iteration 24:	0.0715041161 seconds	0.0000000000 seconds
Iteration 24:	0.0714890957 seconds	0.0000000000 seconds
Iteration 24:	0.0714929104 seconds	0.0000000000 seconds
Iteration 24:	0.0715050697 seconds	0.0000000000 seconds
Iteration 24:	0.0715599060 seconds	0.0000000000 seconds
Iteration 24:	0.0715768337 seconds	0.0000000000 seconds
Iteration 25:	0.0662150383 seconds	0.0000000000 seconds
Iteration 25:	0.0662319660 seconds	0.0000000000 seconds
Iteration 25:	0.0662920475 seconds	0.0000000000 seconds
Iteration 25:	0.0662949085 seconds	0.0000009537 seconds
Iteration 25:	0.0663099289 seconds	0.0000000000 seconds
Iteration 25:	0.0663709641 seconds	0.0000000000 seconds
Iteration 25:	0.0663659573 seconds	0.0000000000 seconds
Iteration 25:	0.0663659573 seconds	0.0000000000 seconds
Iteration 25:	0.0663559437 seconds	0.0000000000 seconds
Iteration 25:	0.0663480759 seconds	0.0000000000 seconds
Iteration 25:	0.0663418770 seconds	0.0000000000 seconds
Iteration 25:	0.0663290024 seconds	0.0000000000 seconds
Iteration 26:	0.0714318752 seconds	0.0000000000 seconds
Iteration 26:	0.0714628696 seconds	0.0000000000 seconds
Iteration 26:	0.0714521408 seconds	0.0000000000 seconds
Iteration 26:	0.0714399815 seconds	0.0000000000 seconds
Iteration 26:	0.0714449883 seconds	0.0000000000 seconds
Iteration 26:	0.0715200901 seconds	0.0000000000 seconds
Iteration 26:	0.0714521408 seconds	0.0000009537 seconds
Iteration 26:	0.0715150833 seconds	0.0000000000 seconds
Iteration 26:	0.0715010166 seconds	0.0000000000 seconds
Iteration 26:	0.0714631081 seconds	0.0000000000 seconds
Iteration 26:	0.0715610981 seconds	0.0000009537 seconds
Iteration 26:	0.0715770721 seconds	0.0000000000 seconds
Iteration 27:	0.0662221909 seconds	0.0000000000 seconds
Iteration 27:	0.0662300587 seconds	0.0000000000 seconds
Iteration 27:	0.0662858486 seconds	0.0000000000 seconds
Iteration 27:	0.0662810802 seconds	0.0000000000 seconds
Iteration 27:	0.0662901402 seconds	0.0000000000 seconds
Iteration 27:	0.0663220882 seconds	0.0000000000 seconds
Iteration 27:	0.0663321018 seconds	0.0000000000 seconds
Iteration 27:	0.0663471222 seconds	0.0000000000 seconds
Iteration 27:	0.0663430691 seconds	0.0000000000 seconds
Iteration 27:	0.0663371086 seconds	0.0000000000 seconds
Iteration 27:	0.0663211346 seconds	0.0000000000 seconds
Iteration 27:	0.0663321018 seconds	0.0000000000 seconds
Iteration 28:	0.0714600086 seconds	0.0000000000 seconds
Iteration 28:	0.0714499950 seconds	0.0000000000 seconds
Iteration 28:	0.0714490414 seconds	0.0000000000 seconds
Iteration 28:	0.0714559555 seconds	0.0000000000 seconds
Iteration 28:	0.0715029240 seconds	0.0000000000 seconds
Iteration 28:	0.0714631081 seconds	0.0000000000 seconds
Iteration 28:	0.0715091228 seconds	0.0000000000 seconds
Iteration 28:	0.0715000629 seconds	0.0000000000 seconds
Iteration 28:	0.0714650154 seconds	0.0000000000 seconds
Iteration 28:	0.0714781284 seconds	0.0000000000 seconds
Iteration 28:	0.0715701580 seconds	0.0000000000 seconds
Iteration 28:	0.0715749264 seconds	0.0000000000 seconds
Iteration 29:	0.0662221909 seconds	0.0000000000 seconds
Iteration 29:	0.0662391186 seconds	0.0000000000 seconds
Iteration 29:	0.0662980080 seconds	0.0000000000 seconds
Iteration 29:	0.0662961006 seconds	0.0000000000 seconds
Iteration 29:	0.0663390160 seconds	0.0000000000 seconds
Iteration 29:	0.0663018227 seconds	0.0000000000 seconds
Iteration 29:	0.0663468838 seconds	0.0000000000 seconds
Iteration 29:	0.0663399696 seconds	0.0000000000 seconds
Iteration 29:	0.0663487911 seconds	0.0000000000 seconds
Iteration 29:	0.0663290024 seconds	0.0000000000 seconds
Iteration 29:	0.0663130283 seconds	0.0000000000 seconds
Iteration 29:	0.0663280487 seconds	0.0000000000 seconds
Iteration 30:	0.0714671612 seconds	0.0000000000 seconds
Iteration 30:	0.0714819431 seconds	0.0000000000 seconds
Iteration 30:	0.0714809895 seconds	0.0000000000 seconds
Iteration 30:	0.0714991093 seconds	0.0000000000 seconds
Iteration 30:	0.0714921951 seconds	0.0000000000 seconds
Iteration 30:	0.0715031624 seconds	0.0000000000 seconds
Iteration 30:	0.0715169907 seconds	0.0000000000 seconds
Iteration 30:	0.0715680122 seconds	0.0000000000 seconds
Iteration 30:	0.0715711117 seconds	0.0000000000 seconds
Iteration 30:	0.0715911388 seconds	0.0000000000 seconds
Iteration 30:	0.0716071129 seconds	0.0000000000 seconds
Iteration 30:	0.0715630054 seconds	0.0000000000 seconds
Iteration 31:	0.0662848949 seconds	0.0000000000 seconds
Iteration 31:	0.0663528442 seconds	0.0000000000 seconds
Iteration 31:	0.0663738251 seconds	0.0000000000 seconds
Iteration 31:	0.0663721561 seconds	0.0000000000 seconds
Iteration 31:	0.0664350986 seconds	0.0000000000 seconds
Iteration 31:	0.0663709641 seconds	0.0000000000 seconds
Iteration 31:	0.0664479733 seconds	0.0000000000 seconds
Iteration 31:	0.0664551258 seconds	0.0000000000 seconds
Iteration 31:	0.0664601326 seconds	0.0000000000 seconds
Iteration 31:	0.0664792061 seconds	0.0000000000 seconds
Iteration 31:	0.0664470196 seconds	0.0000000000 seconds
Iteration 31:	0.0664329529 seconds	0.0000000000 seconds
Iteration 32:	0.0714640617 seconds	0.0000000000 seconds
Iteration 32:	0.0714521408 seconds	0.0000000000 seconds
Iteration 32:	0.0714650154 seconds	0.0000000000 seconds
Iteration 32:	0.0715050697 seconds	0.0000000000 seconds
Iteration 32:	0.0714809895 seconds	0.0000000000 seconds
Iteration 32:	0.0714721680 seconds	0.0000000000 seconds
Iteration 32:	0.0715079308 seconds	0.0000000000 seconds
Iteration 32:	0.0715069771 seconds	0.0000000000 seconds
Iteration 32:	0.0714719296 seconds	0.0000000000 seconds
Iteration 32:	0.0714840889 seconds	0.0000000000 seconds
Iteration 32:	0.0715639591 seconds	0.0000000000 seconds
Iteration 32:	0.0716309547 seconds	0.0000000000 seconds
Iteration 33:	0.0662209988 seconds	0.0000000000 seconds
Iteration 33:	0.0662350655 seconds	0.0000000000 seconds
Iteration 33:	0.0662930012 seconds	0.0000000000 seconds
Iteration 33:	0.0662891865 seconds	0.0000000000 seconds
Iteration 33:	0.0663368702 seconds	0.0000000000 seconds
Iteration 33:	0.0662968159 seconds	0.0000011921 seconds
Iteration 33:	0.0663440228 seconds	0.0000000000 seconds
Iteration 33:	0.0663361549 seconds	0.0000000000 seconds
Iteration 33:	0.0663180351 seconds	0.0000000000 seconds
Iteration 33:	0.0663249493 seconds	0.0000000000 seconds
Iteration 33:	0.0663061142 seconds	0.0000000000 seconds
Iteration 33:	0.0663199425 seconds	0.0000000000 seconds
Iteration 34:	0.0714709759 seconds	0.0000000000 seconds
Iteration 34:	0.0714650154 seconds	0.0000000000 seconds
Iteration 34:	0.0714590549 seconds	0.0000000000 seconds
Iteration 34:	0.0714650154 seconds	0.0000000000 seconds
Iteration 34:	0.0715088844 seconds	0.0000000000 seconds
Iteration 34:	0.0714690685 seconds	0.0000000000 seconds
Iteration 34:	0.0715110302 seconds	0.0000000000 seconds
Iteration 34:	0.0715010166 seconds	0.0000000000 seconds
Iteration 34:	0.0714750290 seconds	0.0000000000 seconds
Iteration 34:	0.0714900494 seconds	0.0000000000 seconds
Iteration 34:	0.0715768337 seconds	0.0000000000 seconds
Iteration 34:	0.0715630054 seconds	0.0000000000 seconds
Iteration 35:	0.0662219524 seconds	0.0000000000 seconds
Iteration 35:	0.0662391186 seconds	0.0000000000 seconds
Iteration 35:	0.0662939548 seconds	0.0000000000 seconds
Iteration 35:	0.0662958622 seconds	0.0000000000 seconds
Iteration 35:	0.0662970543 seconds	0.0000000000 seconds
Iteration 35:	0.0663270950 seconds	0.0000000000 seconds
Iteration 35:	0.0665221214 seconds	0.0000000000 seconds
Iteration 35:	0.0665309429 seconds	0.0000000000 seconds
Iteration 35:	0.0665259361 seconds	0.0000000000 seconds
Iteration 35:	0.0665230751 seconds	0.0000000000 seconds
Iteration 35:	0.0665230751 seconds	0.0000000000 seconds
Iteration 35:	0.0665068626 seconds	0.0000000000 seconds
Iteration 36:	0.0714380741 seconds	0.0000000000 seconds
Iteration 36:	0.0714440346 seconds	0.0000000000 seconds
Iteration 36:	0.0716571808 seconds	0.0000000000 seconds
Iteration 36:	0.0714409351 seconds	0.0000000000 seconds
Iteration 36:	0.0714600086 seconds	0.0000000000 seconds
Iteration 36:	0.0716857910 seconds	0.0000000000 seconds
Iteration 36:	0.0714430809 seconds	0.0000000000 seconds
Iteration 36:	0.0716838837 seconds	0.0000000000 seconds
Iteration 36:	0.0716819763 seconds	0.0000000000 seconds
Iteration 36:	0.0714530945 seconds	0.0000000000 seconds
Iteration 36:	0.0717179775 seconds	0.0000000000 seconds
Iteration 36:	0.0717380047 seconds	0.0000000000 seconds
Iteration 37:	0.0662391186 seconds	0.0000000000 seconds
Iteration 37:	0.0662500858 seconds	0.0000000000 seconds
Iteration 37:	0.0662808418 seconds	0.0000000000 seconds
Iteration 37:	0.0662808418 seconds	0.0000000000 seconds
Iteration 37:	0.0662810802 seconds	0.0000000000 seconds
Iteration 37:	0.0663139820 seconds	0.0000000000 seconds
Iteration 37:	0.0663259029 seconds	0.0000000000 seconds
Iteration 37:	0.0663480759 seconds	0.0000000000 seconds
Iteration 37:	0.0663440228 seconds	0.0000000000 seconds
Iteration 37:	0.0663549900 seconds	0.0000000000 seconds
Iteration 37:	0.0663559437 seconds	0.0000000000 seconds
Iteration 37:	0.0663428307 seconds	0.0000000000 seconds
Iteration 38:	0.0714740753 seconds	0.0000000000 seconds
Iteration 38:	0.0714528561 seconds	0.0000000000 seconds
Iteration 38:	0.0714609623 seconds	0.0000000000 seconds
Iteration 38:	0.0714609623 seconds	0.0000000000 seconds
Iteration 38:	0.0715141296 seconds	0.0000000000 seconds
Iteration 38:	0.0714550018 seconds	0.0000000000 seconds
Iteration 38:	0.0715138912 seconds	0.0000000000 seconds
Iteration 38:	0.0715129375 seconds	0.0000000000 seconds
Iteration 38:	0.0714578629 seconds	0.0000000000 seconds
Iteration 38:	0.0714719296 seconds	0.0000000000 seconds
Iteration 38:	0.0715680122 seconds	0.0000000000 seconds
Iteration 38:	0.0715789795 seconds	0.0000000000 seconds
Iteration 39:	0.0662319660 seconds	0.0000000000 seconds
Iteration 39:	0.0662419796 seconds	0.0000000000 seconds
Iteration 39:	0.0663049221 seconds	0.0000000000 seconds
Iteration 39:	0.0663049221 seconds	0.0000000000 seconds
Iteration 39:	0.0663120747 seconds	0.0000000000 seconds
Iteration 39:	0.0663440228 seconds	0.0000000000 seconds
Iteration 39:	0.0663599968 seconds	0.0000000000 seconds
Iteration 39:	0.0663731098 seconds	0.0000000000 seconds
Iteration 39:	0.0663719177 seconds	0.0000000000 seconds
Iteration 39:	0.0663700104 seconds	0.0000009537 seconds
Iteration 39:	0.0663509369 seconds	0.0000000000 seconds
Iteration 39:	0.0663659573 seconds	0.0000000000 seconds
Total computation time was: 2.757686		Average frame time was: 0.068938		Average Particle interations per second were: 965873759.265137
