[ -1:000]                : Rank 1 is running on comet-04-49.sdsc.edu
[ -1:000]                : Rank 0 is running on comet-04-49.sdsc.edu
[  0:001] init_pprintf   : My dest: 1	My source: 1	My_num_part: 8160
[  1:001] init_pprintf   : My dest: 0	My source: 0	My_num_part: 8160
Initalizing particles linear on 0 to 8160
Initalizing particles linear on 8160 to 16320
Iteration 0:	0.2589240074 seconds	0.0000000000 seconds
Iteration 0:	0.2591600418 seconds	0.0000000000 seconds
Iteration 1:	0.0545148849 seconds	0.0000000000 seconds
Iteration 1:	0.0544819832 seconds	0.0000000000 seconds
Iteration 2:	0.0545709133 seconds	0.0000000000 seconds
Iteration 2:	0.0545308590 seconds	0.0000000000 seconds
Iteration 3:	0.0545170307 seconds	0.0000000000 seconds
Iteration 3:	0.0544939041 seconds	0.0000000000 seconds
Iteration 4:	0.0583469868 seconds	0.0000000000 seconds
Iteration 4:	0.0583188534 seconds	0.0000000000 seconds
Iteration 5:	0.0546848774 seconds	0.0000000000 seconds
Iteration 5:	0.0546669960 seconds	0.0000000000 seconds
Iteration 6:	0.0545501709 seconds	0.0000000000 seconds
Iteration 6:	0.0545179844 seconds	0.0000000000 seconds
Iteration 7:	0.0547258854 seconds	0.0000000000 seconds
Iteration 7:	0.0547039509 seconds	0.0000000000 seconds
Iteration 8:	0.0545399189 seconds	0.0000000000 seconds
Iteration 8:	0.0545170307 seconds	0.0000009537 seconds
Iteration 9:	0.0545349121 seconds	0.0000000000 seconds
Iteration 9:	0.0545070171 seconds	0.0000000000 seconds
Iteration 10:	0.0545399189 seconds	0.0000000000 seconds
Iteration 10:	0.0545110703 seconds	0.0000000000 seconds
Iteration 11:	0.0545170307 seconds	0.0000000000 seconds
Iteration 11:	0.0544931889 seconds	0.0000000000 seconds
Iteration 12:	0.0545399189 seconds	0.0000000000 seconds
Iteration 12:	0.0545120239 seconds	0.0000000000 seconds
Iteration 13:	0.0545039177 seconds	0.0000000000 seconds
Iteration 13:	0.0544798374 seconds	0.0000000000 seconds
Iteration 14:	0.0546841621 seconds	0.0000000000 seconds
Iteration 14:	0.0546560287 seconds	0.0000000000 seconds
Iteration 15:	0.0545079708 seconds	0.0000000000 seconds
Iteration 15:	0.0544869900 seconds	0.0000000000 seconds
Iteration 16:	0.0545539856 seconds	0.0000000000 seconds
Iteration 16:	0.0545260906 seconds	0.0000000000 seconds
Iteration 17:	0.0545010567 seconds	0.0000000000 seconds
Iteration 17:	0.0544791222 seconds	0.0000000000 seconds
Iteration 18:	0.0545799732 seconds	0.0000000000 seconds
Iteration 18:	0.0545580387 seconds	0.0000000000 seconds
Iteration 19:	0.0545208454 seconds	0.0000000000 seconds
Iteration 19:	0.0544970036 seconds	0.0000000000 seconds
Iteration 20:	0.0545458794 seconds	0.0000000000 seconds
Iteration 20:	0.0545170307 seconds	0.0000000000 seconds
Iteration 21:	0.0545129776 seconds	0.0000011921 seconds
Iteration 21:	0.0544910431 seconds	0.0000000000 seconds
Iteration 22:	0.0545270443 seconds	0.0000000000 seconds
Iteration 22:	0.0545041561 seconds	0.0000000000 seconds
Iteration 23:	0.0547039509 seconds	0.0000000000 seconds
Iteration 23:	0.0546839237 seconds	0.0000000000 seconds
Iteration 24:	0.0545239449 seconds	0.0000000000 seconds
Iteration 24:	0.0545051098 seconds	0.0000000000 seconds
Iteration 25:	0.0545520782 seconds	0.0000000000 seconds
Iteration 25:	0.0545260906 seconds	0.0000000000 seconds
Iteration 26:	0.0545380116 seconds	0.0000000000 seconds
Iteration 26:	0.0545060635 seconds	0.0000000000 seconds
Iteration 27:	0.0545110703 seconds	0.0000000000 seconds
Iteration 27:	0.0544910431 seconds	0.0000000000 seconds
Iteration 28:	0.0545520782 seconds	0.0000000000 seconds
Iteration 28:	0.0545301437 seconds	0.0000000000 seconds
Iteration 29:	0.0545010567 seconds	0.0000000000 seconds
Iteration 29:	0.0544829369 seconds	0.0000000000 seconds
Iteration 30:	0.0546050072 seconds	0.0000000000 seconds
Iteration 30:	0.0545790195 seconds	0.0000000000 seconds
Iteration 31:	0.0545220375 seconds	0.0000000000 seconds
Iteration 31:	0.0544939041 seconds	0.0000000000 seconds
Iteration 32:	0.0546510220 seconds	0.0000000000 seconds
Iteration 32:	0.0546240807 seconds	0.0000000000 seconds
Iteration 33:	0.0547461510 seconds	0.0000000000 seconds
Iteration 33:	0.0547261238 seconds	0.0000000000 seconds
Iteration 34:	0.0546150208 seconds	0.0000000000 seconds
Iteration 34:	0.0545940399 seconds	0.0000000000 seconds
Total computation time was: 2.118848		Average frame time was: 0.060507		Average Particle interations per second were: 4401843584.365967
