[ -1:000]                : Rank 11 is running on comet-26-71.sdsc.edu
[ -1:000]                : Rank 3 is running on comet-26-71.sdsc.edu
[ -1:000]                : Rank 5 is running on comet-26-71.sdsc.edu
[ -1:000]                : Rank 7 is running on comet-26-71.sdsc.edu
[ 11:001] init_pprintf   : My dest: 0	My source: 10	My_num_part: 680
[  3:001] init_pprintf   : My dest: 4	My source: 2	My_num_part: 680
[  5:001] init_pprintf   : My dest: 6	My source: 4	My_num_part: 680
[  7:001] init_pprintf   : My dest: 8	My source: 6	My_num_part: 680
[ -1:000]                : Rank 1 is running on comet-26-71.sdsc.edu
[  1:001] init_pprintf   : My dest: 2	My source: 0	My_num_part: 680
[ -1:000]                : Rank 9 is running on comet-26-71.sdsc.edu
[  9:001] init_pprintf   : My dest: 10	My source: 8	My_num_part: 680
[ -1:000]                : Rank 4 is running on comet-26-71.sdsc.edu
[ -1:000]                : Rank 2 is running on comet-26-71.sdsc.edu
[ -1:000]                : Rank 10 is running on comet-26-71.sdsc.edu
[ -1:000]                : Rank 8 is running on comet-26-71.sdsc.edu
[ -1:000]                : Rank 0 is running on comet-26-71.sdsc.edu
[ -1:000]                : Rank 6 is running on comet-26-71.sdsc.edu
[  4:001] init_pprintf   : My dest: 5	My source: 3	My_num_part: 680
[  2:001] init_pprintf   : My dest: 3	My source: 1	My_num_part: 680
[ 10:001] init_pprintf   : My dest: 11	My source: 9	My_num_part: 680
[  8:001] init_pprintf   : My dest: 9	My source: 7	My_num_part: 680
[  0:001] init_pprintf   : My dest: 1	My source: 11	My_num_part: 680
[  6:001] init_pprintf   : My dest: 7	My source: 5	My_num_part: 680
Initalizing particles linear on 7480 to 8160
Initalizing particles linear on 3400 to 4080
Initalizing particles linear on 4760 to 5440
Initalizing particles linear on 2040 to 2720
Initalizing particles linear on 680 to 1360
Initalizing particles linear on 6120 to 6800
Initalizing particles linear on 4080 to 4760
Initalizing particles linear on 1360 to 2040
Initalizing particles linear on 6800 to 7480
Initalizing particles linear on 5440 to 6120
Initalizing particles linear on 2720 to 3400
Initalizing particles linear on 0 to 680
Iteration 0:	0.0754840374 seconds	0.0000000000 seconds
Iteration 0:	0.0753839016 seconds	0.0000000000 seconds
Iteration 0:	0.0753729343 seconds	0.0000000000 seconds
Iteration 0:	0.0754230022 seconds	0.0000000000 seconds
Iteration 0:	0.0755188465 seconds	0.0000000000 seconds
Iteration 0:	0.0755059719 seconds	0.0000011921 seconds
Iteration 0:	0.0754311085 seconds	0.0000000000 seconds
Iteration 0:	0.0755288601 seconds	0.0000000000 seconds
Iteration 0:	0.0755369663 seconds	0.0000000000 seconds
Iteration 0:	0.0754411221 seconds	0.0000000000 seconds
Iteration 0:	0.0754530430 seconds	0.0000000000 seconds
Iteration 0:	0.0755538940 seconds	0.0000009537 seconds
Iteration 1:	0.0700669289 seconds	0.0000000000 seconds
Iteration 1:	0.0700700283 seconds	0.0000000000 seconds
Iteration 1:	0.0700740814 seconds	0.0000000000 seconds
Iteration 1:	0.0700349808 seconds	0.0000000000 seconds
Iteration 1:	0.0700500011 seconds	0.0000000000 seconds
Iteration 1:	0.0700569153 seconds	0.0000000000 seconds
Iteration 1:	0.0700669289 seconds	0.0000000000 seconds
Iteration 1:	0.0700662136 seconds	0.0000000000 seconds
Iteration 1:	0.0700390339 seconds	0.0000000000 seconds
Iteration 1:	0.0700390339 seconds	0.0000000000 seconds
Iteration 1:	0.0700619221 seconds	0.0000000000 seconds
Iteration 1:	0.0700640678 seconds	0.0000000000 seconds
Iteration 2:	0.0745007992 seconds	0.0000000000 seconds
Iteration 2:	0.0745069981 seconds	0.0000000000 seconds
Iteration 2:	0.0745179653 seconds	0.0000000000 seconds
Iteration 2:	0.0745208263 seconds	0.0000000000 seconds
Iteration 2:	0.0745069981 seconds	0.0000000000 seconds
Iteration 2:	0.0745069981 seconds	0.0000000000 seconds
Iteration 2:	0.0745170116 seconds	0.0000000000 seconds
Iteration 2:	0.0745420456 seconds	0.0000000000 seconds
Iteration 2:	0.0745401382 seconds	0.0000000000 seconds
Iteration 2:	0.0745401382 seconds	0.0000000000 seconds
Iteration 2:	0.0745460987 seconds	0.0000000000 seconds
Iteration 2:	0.0745470524 seconds	0.0000000000 seconds
Iteration 3:	0.0768091679 seconds	0.0000000000 seconds
Iteration 3:	0.0768141747 seconds	0.0000000000 seconds
Iteration 3:	0.0768060684 seconds	0.0000000000 seconds
Iteration 3:	0.0767412186 seconds	0.0000000000 seconds
Iteration 3:	0.0768048763 seconds	0.0000000000 seconds
Iteration 3:	0.0767531395 seconds	0.0000000000 seconds
Iteration 3:	0.0768170357 seconds	0.0000009537 seconds
Iteration 3:	0.0768229961 seconds	0.0000000000 seconds
Iteration 3:	0.0767731667 seconds	0.0000000000 seconds
Iteration 3:	0.0768029690 seconds	0.0000000000 seconds
Iteration 3:	0.0767769814 seconds	0.0000000000 seconds
Iteration 3:	0.0767788887 seconds	0.0000000000 seconds
Iteration 4:	0.0757949352 seconds	0.0000000000 seconds
Iteration 4:	0.0757908821 seconds	0.0000000000 seconds
Iteration 4:	0.0758049488 seconds	0.0000000000 seconds
Iteration 4:	0.0757949352 seconds	0.0000000000 seconds
Iteration 4:	0.0757930279 seconds	0.0000000000 seconds
Iteration 4:	0.0757920742 seconds	0.0000000000 seconds
Iteration 4:	0.0758001804 seconds	0.0000000000 seconds
Iteration 4:	0.0757980347 seconds	0.0000000000 seconds
Iteration 4:	0.0758149624 seconds	0.0000000000 seconds
Iteration 4:	0.0758211613 seconds	0.0000000000 seconds
Iteration 4:	0.0758390427 seconds	0.0000000000 seconds
Iteration 4:	0.0758509636 seconds	0.0000000000 seconds
Iteration 5:	0.0462620258 seconds	0.0000000000 seconds
Iteration 5:	0.0462720394 seconds	0.0000000000 seconds
Iteration 5:	0.0462739468 seconds	0.0000000000 seconds
Iteration 5:	0.0462598801 seconds	0.0000000000 seconds
Iteration 5:	0.0462629795 seconds	0.0000000000 seconds
Iteration 5:	0.0462689400 seconds	0.0000000000 seconds
Iteration 5:	0.0462551117 seconds	0.0000000000 seconds
Iteration 5:	0.0462651253 seconds	0.0000000000 seconds
Iteration 5:	0.0462489128 seconds	0.0000009537 seconds
Iteration 5:	0.0462551117 seconds	0.0000000000 seconds
Iteration 5:	0.0462489128 seconds	0.0000000000 seconds
Iteration 5:	0.0462489128 seconds	0.0000000000 seconds
Iteration 6:	0.0454540253 seconds	0.0000000000 seconds
Iteration 6:	0.0454611778 seconds	0.0000000000 seconds
Iteration 6:	0.0454559326 seconds	0.0000000000 seconds
Iteration 6:	0.0454559326 seconds	0.0000000000 seconds
Iteration 6:	0.0454590321 seconds	0.0000000000 seconds
Iteration 6:	0.0454609394 seconds	0.0000000000 seconds
Iteration 6:	0.0454618931 seconds	0.0000011921 seconds
Iteration 6:	0.0454578400 seconds	0.0000000000 seconds
Iteration 6:	0.0454590321 seconds	0.0000000000 seconds
Iteration 6:	0.0454540253 seconds	0.0000000000 seconds
Iteration 6:	0.0454559326 seconds	0.0000000000 seconds
Iteration 6:	0.0454559326 seconds	0.0000009537 seconds
Iteration 7:	0.0362010002 seconds	0.0000000000 seconds
Iteration 7:	0.0361809731 seconds	0.0000000000 seconds
Iteration 7:	0.0361788273 seconds	0.0000000000 seconds
Iteration 7:	0.0362000465 seconds	0.0000000000 seconds
Iteration 7:	0.0361998081 seconds	0.0000000000 seconds
Iteration 7:	0.0361979008 seconds	0.0000000000 seconds
Iteration 7:	0.0361828804 seconds	0.0000000000 seconds
Iteration 7:	0.0361778736 seconds	0.0000000000 seconds
Iteration 7:	0.0361809731 seconds	0.0000000000 seconds
Iteration 7:	0.0361788273 seconds	0.0000000000 seconds
Iteration 7:	0.0361731052 seconds	0.0000000000 seconds
Iteration 7:	0.0361721516 seconds	0.0000009537 seconds
Iteration 8:	0.0357639790 seconds	0.0000000000 seconds
Iteration 8:	0.0357689857 seconds	0.0000000000 seconds
Iteration 8:	0.0357689857 seconds	0.0000000000 seconds
Iteration 8:	0.0357630253 seconds	0.0000000000 seconds
Iteration 8:	0.0357608795 seconds	0.0000000000 seconds
Iteration 8:	0.0357670784 seconds	0.0000000000 seconds
Iteration 8:	0.0357658863 seconds	0.0000000000 seconds
Iteration 8:	0.0357630253 seconds	0.0000000000 seconds
Iteration 8:	0.0357639790 seconds	0.0000000000 seconds
Iteration 8:	0.0357658863 seconds	0.0000000000 seconds
Iteration 8:	0.0357661247 seconds	0.0000000000 seconds
Iteration 8:	0.0357661247 seconds	0.0000000000 seconds
Iteration 9:	0.0322031975 seconds	0.0000000000 seconds
Iteration 9:	0.0322039127 seconds	0.0000000000 seconds
Iteration 9:	0.0322091579 seconds	0.0000000000 seconds
Iteration 9:	0.0322079659 seconds	0.0000000000 seconds
Iteration 9:	0.0322248936 seconds	0.0000000000 seconds
Iteration 9:	0.0322208405 seconds	0.0000000000 seconds
Iteration 9:	0.0322709084 seconds	0.0000000000 seconds
Iteration 9:	0.0322690010 seconds	0.0000000000 seconds
Iteration 9:	0.0322690010 seconds	0.0000000000 seconds
Iteration 9:	0.0322659016 seconds	0.0000000000 seconds
Iteration 9:	0.0322680473 seconds	0.0000000000 seconds
Iteration 9:	0.0322668552 seconds	0.0000000000 seconds
Iteration 10:	0.0320169926 seconds	0.0000000000 seconds
Iteration 10:	0.0320188999 seconds	0.0000000000 seconds
Iteration 10:	0.0320169926 seconds	0.0000000000 seconds
Iteration 10:	0.0320158005 seconds	0.0000011921 seconds
Iteration 10:	0.0320179462 seconds	0.0000000000 seconds
Iteration 10:	0.0320179462 seconds	0.0000000000 seconds
Iteration 10:	0.0319709778 seconds	0.0000000000 seconds
Iteration 10:	0.0319700241 seconds	0.0000000000 seconds
Iteration 10:	0.0319740772 seconds	0.0000000000 seconds
Iteration 10:	0.0319740772 seconds	0.0000000000 seconds
Iteration 10:	0.0319750309 seconds	0.0000000000 seconds
Iteration 10:	0.0319740772 seconds	0.0000009537 seconds
Iteration 11:	0.0302929878 seconds	0.0000000000 seconds
Iteration 11:	0.0302970409 seconds	0.0000000000 seconds
Iteration 11:	0.0302929878 seconds	0.0000000000 seconds
Iteration 11:	0.0302960873 seconds	0.0000009537 seconds
Iteration 11:	0.0302908421 seconds	0.0000011921 seconds
Iteration 11:	0.0302889347 seconds	0.0000000000 seconds
Iteration 11:	0.0302948952 seconds	0.0000000000 seconds
Iteration 11:	0.0302901268 seconds	0.0000000000 seconds
Iteration 11:	0.0302970409 seconds	0.0000000000 seconds
Iteration 11:	0.0302917957 seconds	0.0000000000 seconds
Iteration 11:	0.0302870274 seconds	0.0000000000 seconds
Iteration 11:	0.0302860737 seconds	0.0000009537 seconds
Iteration 12:	0.0301408768 seconds	0.0000000000 seconds
Iteration 12:	0.0301420689 seconds	0.0000000000 seconds
Iteration 12:	0.0301401615 seconds	0.0000000000 seconds
Iteration 12:	0.0301380157 seconds	0.0000000000 seconds
Iteration 12:	0.0301458836 seconds	0.0000000000 seconds
Iteration 12:	0.0301458836 seconds	0.0000000000 seconds
Iteration 12:	0.0301399231 seconds	0.0000000000 seconds
Iteration 12:	0.0301418304 seconds	0.0000000000 seconds
Iteration 12:	0.0301430225 seconds	0.0000000000 seconds
Iteration 12:	0.0303540230 seconds	0.0000000000 seconds
Iteration 12:	0.0303559303 seconds	0.0000000000 seconds
Iteration 12:	0.0303819180 seconds	0.0000000000 seconds
Iteration 13:	0.0292820930 seconds	0.0000009537 seconds
Iteration 13:	0.0295209885 seconds	0.0000000000 seconds
Iteration 13:	0.0295240879 seconds	0.0000000000 seconds
Iteration 13:	0.0295269489 seconds	0.0000000000 seconds
Iteration 13:	0.0295298100 seconds	0.0000000000 seconds
Iteration 13:	0.0295190811 seconds	0.0000000000 seconds
Iteration 13:	0.0295228958 seconds	0.0000000000 seconds
Iteration 13:	0.0295228958 seconds	0.0000000000 seconds
Iteration 13:	0.0295259953 seconds	0.0000000000 seconds
Iteration 13:	0.0295259953 seconds	0.0000000000 seconds
Iteration 13:	0.0293140411 seconds	0.0000000000 seconds
Iteration 13:	0.0293130875 seconds	0.0000009537 seconds
Iteration 14:	0.0292041302 seconds	0.0000000000 seconds
Iteration 14:	0.0292079449 seconds	0.0000000000 seconds
Iteration 14:	0.0292079449 seconds	0.0000000000 seconds
Iteration 14:	0.0292110443 seconds	0.0000000000 seconds
Iteration 14:	0.0292088985 seconds	0.0000000000 seconds
Iteration 14:	0.0292098522 seconds	0.0000011921 seconds
Iteration 14:	0.0292110443 seconds	0.0000000000 seconds
Iteration 14:	0.0292079449 seconds	0.0000000000 seconds
Iteration 14:	0.0292072296 seconds	0.0000000000 seconds
Iteration 14:	0.0292050838 seconds	0.0000000000 seconds
Iteration 14:	0.0292069912 seconds	0.0000000000 seconds
Iteration 14:	0.0292069912 seconds	0.0000000000 seconds
Iteration 15:	0.0287261009 seconds	0.0000000000 seconds
Iteration 15:	0.0287239552 seconds	0.0000000000 seconds
Iteration 15:	0.0287280083 seconds	0.0000000000 seconds
Iteration 15:	0.0287249088 seconds	0.0000000000 seconds
Iteration 15:	0.0287270546 seconds	0.0000000000 seconds
Iteration 15:	0.0287220478 seconds	0.0000000000 seconds
Iteration 15:	0.0287220478 seconds	0.0000000000 seconds
Iteration 15:	0.0287268162 seconds	0.0000000000 seconds
Iteration 15:	0.0287230015 seconds	0.0000000000 seconds
Iteration 15:	0.0287230015 seconds	0.0000009537 seconds
Iteration 15:	0.0287301540 seconds	0.0000000000 seconds
Iteration 15:	0.0287330151 seconds	0.0000000000 seconds
Iteration 16:	0.0286529064 seconds	0.0000000000 seconds
Iteration 16:	0.0286531448 seconds	0.0000000000 seconds
Iteration 16:	0.0286500454 seconds	0.0000000000 seconds
Iteration 16:	0.0286469460 seconds	0.0000000000 seconds
Iteration 16:	0.0286519527 seconds	0.0000000000 seconds
Iteration 16:	0.0286500454 seconds	0.0000000000 seconds
Iteration 16:	0.0286560059 seconds	0.0000000000 seconds
Iteration 16:	0.0286519527 seconds	0.0000000000 seconds
Iteration 16:	0.0286471844 seconds	0.0000000000 seconds
Iteration 16:	0.0286481380 seconds	0.0000000000 seconds
Iteration 16:	0.0286540985 seconds	0.0000000000 seconds
Iteration 16:	0.0286540985 seconds	0.0000009537 seconds
Iteration 17:	0.0283641815 seconds	0.0000000000 seconds
Iteration 17:	0.0283668041 seconds	0.0000000000 seconds
Iteration 17:	0.0283679962 seconds	0.0000000000 seconds
Iteration 17:	0.0283679962 seconds	0.0000000000 seconds
Iteration 17:	0.0283679962 seconds	0.0000009537 seconds
Iteration 17:	0.0283691883 seconds	0.0000000000 seconds
Iteration 17:	0.0283858776 seconds	0.0000000000 seconds
Iteration 17:	0.0283801556 seconds	0.0000000000 seconds
Iteration 17:	0.0283870697 seconds	0.0000000000 seconds
Iteration 17:	0.0283780098 seconds	0.0000000000 seconds
Iteration 17:	0.0283710957 seconds	0.0000000000 seconds
Iteration 17:	0.0283720493 seconds	0.0000000000 seconds
Iteration 18:	0.0283341408 seconds	0.0000000000 seconds
Iteration 18:	0.0283370018 seconds	0.0000009537 seconds
Iteration 18:	0.0283379555 seconds	0.0000000000 seconds
Iteration 18:	0.0283408165 seconds	0.0000000000 seconds
Iteration 18:	0.0283219814 seconds	0.0000000000 seconds
Iteration 18:	0.0283229351 seconds	0.0000000000 seconds
Iteration 18:	0.0283238888 seconds	0.0000000000 seconds
Iteration 18:	0.0283291340 seconds	0.0000000000 seconds
Iteration 18:	0.0283229351 seconds	0.0000011921 seconds
Iteration 18:	0.0283310413 seconds	0.0000000000 seconds
Iteration 18:	0.0283269882 seconds	0.0000000000 seconds
Iteration 18:	0.0283269882 seconds	0.0000000000 seconds
Iteration 19:	0.0281510353 seconds	0.0000000000 seconds
Iteration 19:	0.0281589031 seconds	0.0000009537 seconds
Iteration 19:	0.0281550884 seconds	0.0000009537 seconds
Iteration 19:	0.0281500816 seconds	0.0000000000 seconds
Iteration 19:	0.0281519890 seconds	0.0000000000 seconds
Iteration 19:	0.0281519890 seconds	0.0000000000 seconds
Iteration 19:	0.0281548500 seconds	0.0000000000 seconds
Iteration 19:	0.0281507969 seconds	0.0000000000 seconds
Iteration 19:	0.0281529427 seconds	0.0000000000 seconds
Iteration 19:	0.0281519890 seconds	0.0000000000 seconds
Iteration 19:	0.0281541348 seconds	0.0000000000 seconds
Iteration 19:	0.0281541348 seconds	0.0000000000 seconds
Iteration 20:	0.0280930996 seconds	0.0000000000 seconds
Iteration 20:	0.0280990601 seconds	0.0000000000 seconds
Iteration 20:	0.0281040668 seconds	0.0000000000 seconds
Iteration 20:	0.0281050205 seconds	0.0000000000 seconds
Iteration 20:	0.0280969143 seconds	0.0000000000 seconds
Iteration 20:	0.0280988216 seconds	0.0000000000 seconds
Iteration 20:	0.0280990601 seconds	0.0000000000 seconds
Iteration 20:	0.0281000137 seconds	0.0000000000 seconds
Iteration 20:	0.0281012058 seconds	0.0000000000 seconds
Iteration 20:	0.0281009674 seconds	0.0000000000 seconds
Iteration 20:	0.0280969143 seconds	0.0000000000 seconds
Iteration 20:	0.0280990601 seconds	0.0000000000 seconds
Iteration 21:	0.0279819965 seconds	0.0000000000 seconds
Iteration 21:	0.0279848576 seconds	0.0000000000 seconds
Iteration 21:	0.0279860497 seconds	0.0000000000 seconds
Iteration 21:	0.0279839039 seconds	0.0000000000 seconds
Iteration 21:	0.0279879570 seconds	0.0000000000 seconds
Iteration 21:	0.0279850960 seconds	0.0000000000 seconds
Iteration 21:	0.0279901028 seconds	0.0000000000 seconds
Iteration 21:	0.0279889107 seconds	0.0000000000 seconds
Iteration 21:	0.0279870033 seconds	0.0000000000 seconds
Iteration 21:	0.0279870033 seconds	0.0000000000 seconds
Iteration 21:	0.0279889107 seconds	0.0000000000 seconds
Iteration 21:	0.0279889107 seconds	0.0000009537 seconds
Iteration 22:	0.0279400349 seconds	0.0000000000 seconds
Iteration 22:	0.0279350281 seconds	0.0000000000 seconds
Iteration 22:	0.0279338360 seconds	0.0000000000 seconds
Iteration 22:	0.0279350281 seconds	0.0000000000 seconds
Iteration 22:	0.0279338360 seconds	0.0000000000 seconds
Iteration 22:	0.0279388428 seconds	0.0000000000 seconds
Iteration 22:	0.0279381275 seconds	0.0000000000 seconds
Iteration 22:	0.0279378891 seconds	0.0000000000 seconds
Iteration 22:	0.0279378891 seconds	0.0000000000 seconds
Iteration 22:	0.0279400349 seconds	0.0000009537 seconds
Iteration 22:	0.0279400349 seconds	0.0000000000 seconds
Iteration 22:	0.0279409885 seconds	0.0000000000 seconds
Iteration 23:	0.0278499126 seconds	0.0000000000 seconds
Iteration 23:	0.0278489590 seconds	0.0000000000 seconds
Iteration 23:	0.0278539658 seconds	0.0000000000 seconds
Iteration 23:	0.0278551579 seconds	0.0000000000 seconds
Iteration 23:	0.0278570652 seconds	0.0000000000 seconds
Iteration 23:	0.0278520584 seconds	0.0000000000 seconds
Iteration 23:	0.0278551579 seconds	0.0000000000 seconds
Iteration 23:	0.0278520584 seconds	0.0000000000 seconds
Iteration 23:	0.0278561115 seconds	0.0000000000 seconds
Iteration 23:	0.0278558731 seconds	0.0000000000 seconds
Iteration 23:	0.0278539658 seconds	0.0000000000 seconds
Iteration 23:	0.0278527737 seconds	0.0000000000 seconds
Iteration 24:	0.0278270245 seconds	0.0000000000 seconds
Iteration 24:	0.0278270245 seconds	0.0000000000 seconds
Iteration 24:	0.0278248787 seconds	0.0000000000 seconds
Iteration 24:	0.0278248787 seconds	0.0000000000 seconds
Iteration 24:	0.0278248787 seconds	0.0000000000 seconds
Iteration 24:	0.0278217793 seconds	0.0000000000 seconds
Iteration 24:	0.0278229713 seconds	0.0000009537 seconds
Iteration 24:	0.0278251171 seconds	0.0000000000 seconds
Iteration 24:	0.0278220177 seconds	0.0000000000 seconds
Iteration 24:	0.0278208256 seconds	0.0000000000 seconds
Iteration 24:	0.0278201103 seconds	0.0000000000 seconds
Iteration 24:	0.0278220177 seconds	0.0000000000 seconds
Iteration 25:	0.0277609825 seconds	0.0000000000 seconds
Iteration 25:	0.0277609825 seconds	0.0000000000 seconds
Iteration 25:	0.0277600288 seconds	0.0000000000 seconds
Iteration 25:	0.0277600288 seconds	0.0000000000 seconds
Iteration 25:	0.0277581215 seconds	0.0000000000 seconds
Iteration 25:	0.0277600288 seconds	0.0000009537 seconds
Iteration 25:	0.0277581215 seconds	0.0000000000 seconds
Iteration 25:	0.0277631283 seconds	0.0000000000 seconds
Iteration 25:	0.0277628899 seconds	0.0000000000 seconds
Iteration 25:	0.0277628899 seconds	0.0000000000 seconds
Iteration 25:	0.0277621746 seconds	0.0000000000 seconds
Iteration 25:	0.0277621746 seconds	0.0000000000 seconds
Iteration 26:	0.0277309418 seconds	0.0000000000 seconds
Iteration 26:	0.0277349949 seconds	0.0000000000 seconds
Iteration 26:	0.0277349949 seconds	0.0000000000 seconds
Iteration 26:	0.0277378559 seconds	0.0000000000 seconds
Iteration 26:	0.0277409554 seconds	0.0000000000 seconds
Iteration 26:	0.0277409554 seconds	0.0000000000 seconds
Iteration 26:	0.0277400017 seconds	0.0000000000 seconds
Iteration 26:	0.0277349949 seconds	0.0000000000 seconds
Iteration 26:	0.0277400017 seconds	0.0000000000 seconds
Iteration 26:	0.0277409554 seconds	0.0000000000 seconds
Iteration 26:	0.0277450085 seconds	0.0000000000 seconds
Iteration 26:	0.0277450085 seconds	0.0000000000 seconds
Iteration 27:	0.0276949406 seconds	0.0000000000 seconds
Iteration 27:	0.0276939869 seconds	0.0000000000 seconds
Iteration 27:	0.0277009010 seconds	0.0000000000 seconds
Iteration 27:	0.0277049541 seconds	0.0000000000 seconds
Iteration 27:	0.0276980400 seconds	0.0000000000 seconds
Iteration 27:	0.0276939869 seconds	0.0000011921 seconds
Iteration 27:	0.0276939869 seconds	0.0000000000 seconds
Iteration 27:	0.0276899338 seconds	0.0000000000 seconds
Iteration 27:	0.0276970863 seconds	0.0000000000 seconds
Iteration 27:	0.0276930332 seconds	0.0000000000 seconds
Iteration 27:	0.0276899338 seconds	0.0000000000 seconds
Iteration 27:	0.0276908875 seconds	0.0000000000 seconds
Iteration 28:	0.0276608467 seconds	0.0000000000 seconds
Iteration 28:	0.0276651382 seconds	0.0000000000 seconds
Iteration 28:	0.0276670456 seconds	0.0000000000 seconds
Iteration 28:	0.0276658535 seconds	0.0000000000 seconds
Iteration 28:	0.0276820660 seconds	0.0000000000 seconds
Iteration 28:	0.0276911259 seconds	0.0000000000 seconds
Iteration 28:	0.0276899338 seconds	0.0000000000 seconds
Iteration 28:	0.0276830196 seconds	0.0000009537 seconds
Iteration 28:	0.0277061462 seconds	0.0000000000 seconds
Iteration 28:	0.0277059078 seconds	0.0000000000 seconds
Iteration 28:	0.0277040005 seconds	0.0000000000 seconds
Iteration 28:	0.0277059078 seconds	0.0000000000 seconds
Iteration 29:	0.0276391506 seconds	0.0000000000 seconds
Iteration 29:	0.0276439190 seconds	0.0000000000 seconds
Iteration 29:	0.0276520252 seconds	0.0000000000 seconds
Iteration 29:	0.0276410580 seconds	0.0000000000 seconds
Iteration 29:	0.0276448727 seconds	0.0000000000 seconds
Iteration 29:	0.0276439190 seconds	0.0000000000 seconds
Iteration 29:	0.0276460648 seconds	0.0000000000 seconds
Iteration 29:	0.0276751518 seconds	0.0000000000 seconds
Iteration 29:	0.0276749134 seconds	0.0000011921 seconds
Iteration 29:	0.0276699066 seconds	0.0000009537 seconds
Iteration 29:	0.0276699066 seconds	0.0000000000 seconds
Iteration 29:	0.0276551247 seconds	0.0000000000 seconds
Iteration 30:	0.0276210308 seconds	0.0000000000 seconds
Iteration 30:	0.0276300907 seconds	0.0000000000 seconds
Iteration 30:	0.0276319981 seconds	0.0000000000 seconds
Iteration 30:	0.0276281834 seconds	0.0000000000 seconds
Iteration 30:	0.0276329517 seconds	0.0000000000 seconds
Iteration 30:	0.0276310444 seconds	0.0000000000 seconds
Iteration 30:	0.0276279449 seconds	0.0000000000 seconds
Iteration 30:	0.0276458263 seconds	0.0000000000 seconds
Iteration 30:	0.0276281834 seconds	0.0000000000 seconds
Iteration 30:	0.0276420116 seconds	0.0000000000 seconds
Iteration 30:	0.0276300907 seconds	0.0000000000 seconds
Iteration 30:	0.0276288986 seconds	0.0000000000 seconds
Iteration 31:	0.0276110172 seconds	0.0000000000 seconds
Iteration 31:	0.0276169777 seconds	0.0000000000 seconds
Iteration 31:	0.0276319981 seconds	0.0000000000 seconds
Iteration 31:	0.0276410580 seconds	0.0000000000 seconds
Iteration 31:	0.0276310444 seconds	0.0000000000 seconds
Iteration 31:	0.0276308060 seconds	0.0000000000 seconds
Iteration 31:	0.0276298523 seconds	0.0000000000 seconds
Iteration 31:	0.0276319981 seconds	0.0000000000 seconds
Iteration 31:	0.0276319981 seconds	0.0000000000 seconds
Iteration 31:	0.0276300907 seconds	0.0000000000 seconds
Iteration 31:	0.0276288986 seconds	0.0000000000 seconds
Iteration 31:	0.0276279449 seconds	0.0000000000 seconds
Iteration 32:	0.0276079178 seconds	0.0000000000 seconds
Iteration 32:	0.0275969505 seconds	0.0000000000 seconds
Iteration 32:	0.0276060104 seconds	0.0000000000 seconds
Iteration 32:	0.0276019573 seconds	0.0000000000 seconds
Iteration 32:	0.0275979042 seconds	0.0000000000 seconds
Iteration 32:	0.0275990963 seconds	0.0000000000 seconds
Iteration 32:	0.0276010036 seconds	0.0000000000 seconds
Iteration 32:	0.0276000500 seconds	0.0000000000 seconds
Iteration 32:	0.0275979042 seconds	0.0000000000 seconds
Iteration 32:	0.0275998116 seconds	0.0000000000 seconds
Iteration 32:	0.0276000500 seconds	0.0000000000 seconds
Iteration 32:	0.0276000500 seconds	0.0000000000 seconds
Iteration 33:	0.0275781155 seconds	0.0000000000 seconds
Iteration 33:	0.0275740623 seconds	0.0000000000 seconds
Iteration 33:	0.0275731087 seconds	0.0000000000 seconds
Iteration 33:	0.0275809765 seconds	0.0000000000 seconds
Iteration 33:	0.0275800228 seconds	0.0000000000 seconds
Iteration 33:	0.0275828838 seconds	0.0000000000 seconds
Iteration 33:	0.0275809765 seconds	0.0000000000 seconds
Iteration 33:	0.0275800228 seconds	0.0000000000 seconds
Iteration 33:	0.0275890827 seconds	0.0000000000 seconds
Iteration 33:	0.0275869370 seconds	0.0000000000 seconds
Iteration 33:	0.0275797844 seconds	0.0000000000 seconds
Iteration 33:	0.0275797844 seconds	0.0000000000 seconds
Iteration 34:	0.0275628567 seconds	0.0000000000 seconds
Iteration 34:	0.0275650024 seconds	0.0000000000 seconds
Iteration 34:	0.0275759697 seconds	0.0000000000 seconds
Iteration 34:	0.0275819302 seconds	0.0000000000 seconds
Iteration 34:	0.0275750160 seconds	0.0000000000 seconds
Iteration 34:	0.0275800228 seconds	0.0000000000 seconds
Iteration 34:	0.0275812149 seconds	0.0000000000 seconds
Iteration 34:	0.0275781155 seconds	0.0000000000 seconds
Iteration 34:	0.0275731087 seconds	0.0000000000 seconds
Iteration 34:	0.0275740623 seconds	0.0000000000 seconds
Iteration 34:	0.0275800228 seconds	0.0000000000 seconds
Iteration 34:	0.0275828838 seconds	0.0000000000 seconds
Iteration 35:	0.0275540352 seconds	0.0000000000 seconds
Iteration 35:	0.0275690556 seconds	0.0000000000 seconds
Iteration 35:	0.0275590420 seconds	0.0000000000 seconds
Iteration 35:	0.0275712013 seconds	0.0000000000 seconds
Iteration 35:	0.0275690556 seconds	0.0000000000 seconds
Iteration 35:	0.0275599957 seconds	0.0000000000 seconds
Iteration 35:	0.0275678635 seconds	0.0000000000 seconds
Iteration 35:	0.0275669098 seconds	0.0000000000 seconds
Iteration 35:	0.0275638103 seconds	0.0000000000 seconds
Iteration 35:	0.0275630951 seconds	0.0000000000 seconds
Iteration 35:	0.0275671482 seconds	0.0000000000 seconds
Iteration 35:	0.0275659561 seconds	0.0000000000 seconds
Iteration 36:	0.0275280476 seconds	0.0000000000 seconds
Iteration 36:	0.0275280476 seconds	0.0000000000 seconds
Iteration 36:	0.0275280476 seconds	0.0000000000 seconds
Iteration 36:	0.0275239944 seconds	0.0000000000 seconds
Iteration 36:	0.0275459290 seconds	0.0000000000 seconds
Iteration 36:	0.0275368690 seconds	0.0000000000 seconds
Iteration 36:	0.0275359154 seconds	0.0000000000 seconds
Iteration 36:	0.0275309086 seconds	0.0000000000 seconds
Iteration 36:	0.0275368690 seconds	0.0000000000 seconds
Iteration 36:	0.0275380611 seconds	0.0000000000 seconds
Iteration 36:	0.0275418758 seconds	0.0000000000 seconds
Iteration 36:	0.0275440216 seconds	0.0000000000 seconds
Iteration 37:	0.0275011063 seconds	0.0000000000 seconds
Iteration 37:	0.0275049210 seconds	0.0000000000 seconds
Iteration 37:	0.0275108814 seconds	0.0000000000 seconds
Iteration 37:	0.0275108814 seconds	0.0000000000 seconds
Iteration 37:	0.0275099277 seconds	0.0000000000 seconds
Iteration 37:	0.0275089741 seconds	0.0000000000 seconds
Iteration 37:	0.0275089741 seconds	0.0000000000 seconds
Iteration 37:	0.0275089741 seconds	0.0000000000 seconds
Iteration 37:	0.0275089741 seconds	0.0000000000 seconds
Iteration 37:	0.0275049210 seconds	0.0000000000 seconds
Iteration 37:	0.0275070667 seconds	0.0000000000 seconds
Iteration 37:	0.0275101662 seconds	0.0000000000 seconds
Iteration 38:	0.0274908543 seconds	0.0000000000 seconds
Iteration 38:	0.0274899006 seconds	0.0000000000 seconds
Iteration 38:	0.0274848938 seconds	0.0000000000 seconds
Iteration 38:	0.0274860859 seconds	0.0000000000 seconds
Iteration 38:	0.0274870396 seconds	0.0000000000 seconds
Iteration 38:	0.0274889469 seconds	0.0000000000 seconds
Iteration 38:	0.0274870396 seconds	0.0000009537 seconds
Iteration 38:	0.0274920464 seconds	0.0000000000 seconds
Iteration 38:	0.0274908543 seconds	0.0000000000 seconds
Iteration 38:	0.0274939537 seconds	0.0000000000 seconds
Iteration 38:	0.0274901390 seconds	0.0000000000 seconds
Iteration 38:	0.0274891853 seconds	0.0000000000 seconds
Iteration 39:	0.0274851322 seconds	0.0000000000 seconds
Iteration 39:	0.0274870396 seconds	0.0000000000 seconds
Total computation time was: 1.415869		Average frame time was: 0.035392		Average Particle interations per second were: 1881363006.287147
Iteration 39:	0.0274920464 seconds	0.0000000000 seconds
Iteration 39:	0.0274899006 seconds	0.0000000000 seconds
Iteration 39:	0.0274949074 seconds	0.0000000000 seconds
Iteration 39:	0.0274941921 seconds	0.0000000000 seconds
Iteration 39:	0.0274951458 seconds	0.0000000000 seconds
Iteration 39:	0.0274889469 seconds	0.0000000000 seconds
Iteration 39:	0.0274941921 seconds	0.0000000000 seconds
Iteration 39:	0.0274949074 seconds	0.0000000000 seconds
Iteration 39:	0.0274960995 seconds	0.0000000000 seconds
Iteration 39:	0.0274951458 seconds	0.0000000000 seconds
