[ -1:000]                : Rank 0 is running on comet-13-37.sdsc.edu
[  0:001] init_pprintf   : My dest: 1	My source: 1	My_num_part: 240
Initalizing particles linear on 0 to 240
[ -1:000]                : Rank 1 is running on comet-13-54.sdsc.edu
[  1:001] init_pprintf   : My dest: 0	My source: 0	My_num_part: 240
Initalizing particles linear on 240 to 480
Iteration 0:	0.0812301636 seconds	0.0000000000 seconds
Iteration 0:	0.0398139954 seconds	0.0000009537 seconds
Iteration 1:	0.0201199055 seconds	0.0000000000 seconds
Iteration 1:	0.0199749470 seconds	0.0000000000 seconds
Iteration 2:	0.0199921131 seconds	0.0000000000 seconds
Iteration 2:	0.0199911594 seconds	0.0000000000 seconds
Iteration 3:	0.0199978352 seconds	0.0000000000 seconds
Iteration 3:	0.0199971199 seconds	0.0000000000 seconds
Iteration 4:	0.0199949741 seconds	0.0000000000 seconds
Iteration 4:	0.0199949741 seconds	0.0000000000 seconds
Iteration 5:	0.0227708817 seconds	0.0000000000 seconds
Iteration 5:	0.0227699280 seconds	0.0000000000 seconds
Iteration 6:	0.0189499855 seconds	0.0000000000 seconds
Iteration 6:	0.0189399719 seconds	0.0000000000 seconds
Iteration 7:	0.0220170021 seconds	0.0000000000 seconds
Iteration 7:	0.0220370293 seconds	0.0000000000 seconds
Iteration 8:	0.0158629417 seconds	0.0000000000 seconds
Iteration 8:	0.0158720016 seconds	0.0000000000 seconds
Iteration 9:	0.0020689964 seconds	0.0000000000 seconds
Iteration 9:	0.0020899773 seconds	0.0000000000 seconds
Iteration 10:	0.0003838539 seconds	0.0000000000 seconds
Iteration 10:	0.0003399849 seconds	0.0000000000 seconds
Iteration 11:	0.0005187988 seconds	0.0000000000 seconds
Iteration 11:	0.0004820824 seconds	0.0000000000 seconds
Iteration 12:	0.0005321503 seconds	0.0000000000 seconds
Iteration 12:	0.0004830360 seconds	0.0000000000 seconds
Iteration 13:	0.0005509853 seconds	0.0000000000 seconds
Iteration 13:	0.0005028248 seconds	0.0000000000 seconds
Iteration 14:	0.0005290508 seconds	0.0000000000 seconds
Iteration 14:	0.0004789829 seconds	0.0000000000 seconds
Iteration 15:	0.0003750324 seconds	0.0000000000 seconds
Iteration 15:	0.0003349781 seconds	0.0000000000 seconds
Iteration 16:	0.0003571510 seconds	0.0000000000 seconds
Iteration 16:	0.0003149509 seconds	0.0000000000 seconds
Iteration 17:	0.0004358292 seconds	0.0000000000 seconds
Iteration 17:	0.0004129410 seconds	0.0000000000 seconds
Iteration 18:	0.0005929470 seconds	0.0000000000 seconds
Iteration 18:	0.0005621910 seconds	0.0000000000 seconds
Iteration 19:	0.0004329681 seconds	0.0000000000 seconds
Iteration 19:	0.0004107952 seconds	0.0000000000 seconds
Iteration 20:	0.0004079342 seconds	0.0000000000 seconds
Iteration 20:	0.0003650188 seconds	0.0000000000 seconds
Iteration 21:	0.0005269051 seconds	0.0000000000 seconds
Iteration 21:	0.0004920959 seconds	0.0000000000 seconds
Iteration 22:	0.0005030632 seconds	0.0000000000 seconds
Iteration 22:	0.0004799366 seconds	0.0000000000 seconds
Iteration 23:	0.0005099773 seconds	0.0000000000 seconds
Iteration 23:	0.0004839897 seconds	0.0000000000 seconds
Iteration 24:	0.0004789829 seconds	0.0000000000 seconds
Iteration 24:	0.0004448891 seconds	0.0000000000 seconds
Iteration 25:	0.0003900528 seconds	0.0000000000 seconds
Iteration 25:	0.0003449917 seconds	0.0000000000 seconds
Iteration 26:	0.0005798340 seconds	0.0000000000 seconds
Iteration 26:	0.0005331039 seconds	0.0000000000 seconds
Iteration 27:	0.0003631115 seconds	0.0000009537 seconds
Iteration 27:	0.0003252029 seconds	0.0000000000 seconds
Iteration 28:	0.0005478859 seconds	0.0000000000 seconds
Iteration 28:	0.0005130768 seconds	0.0000000000 seconds
Iteration 29:	0.0004050732 seconds	0.0000000000 seconds
Iteration 29:	0.0003540516 seconds	0.0000000000 seconds
Iteration 30:	0.0002970695 seconds	0.0000000000 seconds
Iteration 30:	0.0002629757 seconds	0.0000000000 seconds
Iteration 31:	0.0003490448 seconds	0.0000000000 seconds
Iteration 31:	0.0003750324 seconds	0.0000000000 seconds
Iteration 32:	0.0005340576 seconds	0.0000000000 seconds
Iteration 32:	0.0005640984 seconds	0.0000000000 seconds
Iteration 33:	0.0003459454 seconds	0.0000000000 seconds
Iteration 33:	0.0003800392 seconds	0.0000000000 seconds
Iteration 34:	0.0004019737 seconds	0.0000000000 seconds
Iteration 34:	0.0004451275 seconds	0.0000000000 seconds
Iteration 35:	0.0003681183 seconds	0.0000000000 seconds
Iteration 35:	0.0003969669 seconds	0.0000000000 seconds
Iteration 36:	0.0004010201 seconds	0.0000000000 seconds
Iteration 36:	0.0004289150 seconds	0.0000000000 seconds
Iteration 37:	0.0004670620 seconds	0.0000000000 seconds
Iteration 37:	0.0004918575 seconds	0.0000000000 seconds
Iteration 38:	0.0003838539 seconds	0.0000000000 seconds
Iteration 38:	0.0004279613 seconds	0.0000000000 seconds
Iteration 39:	0.0005209446 seconds	0.0000000000 seconds
Iteration 39:	0.0005440712 seconds	0.0000000000 seconds
Iteration 40:	0.0004401207 seconds	0.0000000000 seconds
Iteration 40:	0.0004100800 seconds	0.0000000000 seconds
Iteration 41:	0.0004150867 seconds	0.0000009537 seconds
Iteration 41:	0.0003831387 seconds	0.0000000000 seconds
Iteration 42:	0.0004198551 seconds	0.0000000000 seconds
Iteration 42:	0.0003678799 seconds	0.0000000000 seconds
Iteration 43:	0.0003120899 seconds	0.0000000000 seconds
Iteration 43:	0.0003628731 seconds	0.0000000000 seconds
Iteration 44:	0.0003340244 seconds	0.0000000000 seconds
Iteration 44:	0.0003621578 seconds	0.0000000000 seconds
Iteration 45:	0.0005209446 seconds	0.0000000000 seconds
Iteration 45:	0.0004820824 seconds	0.0000000000 seconds
Iteration 46:	0.0004689693 seconds	0.0000000000 seconds
Iteration 46:	0.0005009174 seconds	0.0000009537 seconds
Iteration 47:	0.0003721714 seconds	0.0000000000 seconds
Iteration 47:	0.0003340244 seconds	0.0000000000 seconds
Iteration 48:	0.0003659725 seconds	0.0000000000 seconds
Iteration 48:	0.0003409386 seconds	0.0000000000 seconds
Iteration 49:	0.0004379749 seconds	0.0000000000 seconds
Iteration 49:	0.0003979206 seconds	0.0000000000 seconds
Iteration 50:	0.0003941059 seconds	0.0000000000 seconds
Iteration 50:	0.0003590584 seconds	0.0000000000 seconds
Iteration 51:	0.0002951622 seconds	0.0000000000 seconds
Iteration 51:	0.0002670288 seconds	0.0000000000 seconds
Iteration 52:	0.0003209114 seconds	0.0000000000 seconds
Iteration 52:	0.0002710819 seconds	0.0000000000 seconds
Iteration 53:	0.0003180504 seconds	0.0000000000 seconds
Iteration 53:	0.0003380775 seconds	0.0000000000 seconds
Iteration 54:	0.0005261898 seconds	0.0000000000 seconds
Iteration 54:	0.0005769730 seconds	0.0000000000 seconds
Iteration 55:	0.0003480911 seconds	0.0000000000 seconds
Iteration 55:	0.0004088879 seconds	0.0000000000 seconds
Iteration 56:	0.0003480911 seconds	0.0000000000 seconds
Iteration 56:	0.0003950596 seconds	0.0000000000 seconds
Iteration 57:	0.0003440380 seconds	0.0000000000 seconds
Iteration 57:	0.0003809929 seconds	0.0000000000 seconds
Iteration 58:	0.0003540516 seconds	0.0000009537 seconds
Iteration 58:	0.0003950596 seconds	0.0000000000 seconds
Iteration 59:	0.0002760887 seconds	0.0000000000 seconds
Iteration 59:	0.0003068447 seconds	0.0000000000 seconds
Iteration 60:	0.0004839897 seconds	0.0000000000 seconds
Iteration 60:	0.0005249977 seconds	0.0000000000 seconds
Iteration 61:	0.0003831387 seconds	0.0000000000 seconds
Iteration 61:	0.0004289150 seconds	0.0000000000 seconds
Iteration 62:	0.0004038811 seconds	0.0000000000 seconds
Iteration 62:	0.0004410744 seconds	0.0000009537 seconds
Iteration 63:	0.0005350113 seconds	0.0000000000 seconds
Iteration 63:	0.0005500317 seconds	0.0000000000 seconds
Iteration 64:	0.0003979206 seconds	0.0000000000 seconds
Iteration 64:	0.0004420280 seconds	0.0000000000 seconds
Iteration 65:	0.0003869534 seconds	0.0000000000 seconds
Iteration 65:	0.0004301071 seconds	0.0000000000 seconds
Iteration 66:	0.0003759861 seconds	0.0000009537 seconds
Iteration 66:	0.0004169941 seconds	0.0000009537 seconds
Iteration 67:	0.0004999638 seconds	0.0000000000 seconds
Iteration 67:	0.0004520416 seconds	0.0000000000 seconds
Iteration 68:	0.0004000664 seconds	0.0000000000 seconds
Iteration 68:	0.0004339218 seconds	0.0000000000 seconds
Iteration 69:	0.0003869534 seconds	0.0000000000 seconds
Iteration 69:	0.0004179478 seconds	0.0000000000 seconds
Iteration 70:	0.0003900528 seconds	0.0000000000 seconds
Iteration 70:	0.0004210472 seconds	0.0000000000 seconds
Iteration 71:	0.0005800724 seconds	0.0000000000 seconds
Iteration 71:	0.0005438328 seconds	0.0000000000 seconds
Iteration 72:	0.0005249977 seconds	0.0000000000 seconds
Iteration 72:	0.0004870892 seconds	0.0000000000 seconds
Iteration 73:	0.0004498959 seconds	0.0000000000 seconds
Iteration 73:	0.0004107952 seconds	0.0000000000 seconds
Iteration 74:	0.0004210472 seconds	0.0000000000 seconds
Iteration 74:	0.0004639626 seconds	0.0000000000 seconds
Iteration 75:	0.0003871918 seconds	0.0000009537 seconds
Iteration 75:	0.0003421307 seconds	0.0000000000 seconds
Iteration 76:	0.0002820492 seconds	0.0000000000 seconds
Iteration 76:	0.0003261566 seconds	0.0000000000 seconds
Iteration 77:	0.0002980232 seconds	0.0000000000 seconds
Iteration 77:	0.0003290176 seconds	0.0000000000 seconds
Iteration 78:	0.0003030300 seconds	0.0000000000 seconds
Iteration 78:	0.0003352165 seconds	0.0000000000 seconds
Iteration 79:	0.0005850792 seconds	0.0000000000 seconds
Iteration 79:	0.0006229877 seconds	0.0000000000 seconds
Iteration 80:	0.0003578663 seconds	0.0000000000 seconds
Iteration 80:	0.0003859997 seconds	0.0000000000 seconds
Iteration 81:	0.0002958775 seconds	0.0000000000 seconds
Iteration 81:	0.0002489090 seconds	0.0000000000 seconds
Iteration 82:	0.0003628731 seconds	0.0000000000 seconds
Iteration 82:	0.0004060268 seconds	0.0000000000 seconds
Iteration 83:	0.0005018711 seconds	0.0000000000 seconds
Iteration 83:	0.0005590916 seconds	0.0000000000 seconds
Iteration 84:	0.0005819798 seconds	0.0000000000 seconds
Iteration 84:	0.0005381107 seconds	0.0000000000 seconds
Iteration 85:	0.0005278587 seconds	0.0000000000 seconds
Iteration 85:	0.0005650520 seconds	0.0000000000 seconds
Iteration 86:	0.0004999638 seconds	0.0000009537 seconds
Iteration 86:	0.0005259514 seconds	0.0000000000 seconds
Iteration 87:	0.0004858971 seconds	0.0000000000 seconds
Iteration 87:	0.0005331039 seconds	0.0000000000 seconds
Iteration 88:	0.0005750656 seconds	0.0000000000 seconds
Iteration 88:	0.0005300045 seconds	0.0000000000 seconds
Iteration 89:	0.0005469322 seconds	0.0000000000 seconds
Iteration 89:	0.0005719662 seconds	0.0000000000 seconds
Iteration 90:	0.0002949238 seconds	0.0000000000 seconds
Iteration 90:	0.0003430843 seconds	0.0000000000 seconds
Iteration 91:	0.0004007816 seconds	0.0000000000 seconds
Iteration 91:	0.0003550053 seconds	0.0000000000 seconds
Iteration 92:	0.0003530979 seconds	0.0000000000 seconds
Iteration 92:	0.0003819466 seconds	0.0000000000 seconds
Iteration 93:	0.0003409386 seconds	0.0000009537 seconds
Iteration 93:	0.0002939701 seconds	0.0000000000 seconds
Iteration 94:	0.0004060268 seconds	0.0000000000 seconds
Iteration 94:	0.0003650188 seconds	0.0000000000 seconds
Iteration 95:	0.0004000664 seconds	0.0000000000 seconds
Iteration 95:	0.0003640652 seconds	0.0000000000 seconds
Iteration 96:	0.0004169941 seconds	0.0000000000 seconds
Iteration 96:	0.0003969669 seconds	0.0000000000 seconds
Iteration 97:	0.0003249645 seconds	0.0000000000 seconds
Iteration 97:	0.0002779961 seconds	0.0000000000 seconds
Iteration 98:	0.0004241467 seconds	0.0000000000 seconds
Iteration 98:	0.0003950596 seconds	0.0000000000 seconds
Iteration 99:	0.0005598068 seconds	0.0000000000 seconds
Total computation time was: 0.284545		Average frame time was: 0.002828		Average Particle interations per second were: 81467238.485117
Iteration 99:	0.0005040169 seconds	0.0000000000 seconds
