[ -1:000]                : Rank 3 is running on comet-04-32.sdsc.edu
[ -1:000]                : Rank 1 is running on comet-04-32.sdsc.edu
[  3:001] init_pprintf   : My dest: 0	My source: 2	My_num_part: 120
[  1:001] init_pprintf   : My dest: 2	My source: 0	My_num_part: 120
[ -1:000]                : Rank 2 is running on comet-04-32.sdsc.edu
[ -1:000]                : Rank 0 is running on comet-04-32.sdsc.edu
[  0:001] init_pprintf   : My dest: 1	My source: 3	My_num_part: 120
[  2:001] init_pprintf   : My dest: 3	My source: 1	My_num_part: 120
Initalizing particles linear on 0 to 120
Initalizing particles linear on 360 to 480
Initalizing particles linear on 120 to 240
Initalizing particles linear on 240 to 360
Iteration 0:	0.0009670258 seconds	0.0000000000 seconds
Iteration 0:	0.0008471012 seconds	0.0000000000 seconds
Iteration 0:	0.0008449554 seconds	0.0000000000 seconds
Iteration 0:	0.0008449554 seconds	0.0000000000 seconds
Iteration 1:	0.0007438660 seconds	0.0000000000 seconds
Iteration 1:	0.0007429123 seconds	0.0000000000 seconds
Iteration 1:	0.0007579327 seconds	0.0000000000 seconds
Iteration 1:	0.0007629395 seconds	0.0000000000 seconds
Iteration 2:	0.0007982254 seconds	0.0000000000 seconds
Iteration 2:	0.0008151531 seconds	0.0000000000 seconds
Iteration 2:	0.0007998943 seconds	0.0000000000 seconds
Iteration 2:	0.0008180141 seconds	0.0000000000 seconds
Iteration 3:	0.0007579327 seconds	0.0000000000 seconds
Iteration 3:	0.0007569790 seconds	0.0000000000 seconds
Iteration 3:	0.0007679462 seconds	0.0000000000 seconds
Iteration 3:	0.0007669926 seconds	0.0000000000 seconds
Iteration 4:	0.0007879734 seconds	0.0000000000 seconds
Iteration 4:	0.0007889271 seconds	0.0000000000 seconds
Iteration 4:	0.0007848740 seconds	0.0000000000 seconds
Iteration 4:	0.0007848740 seconds	0.0000009537 seconds
Iteration 5:	0.0007290840 seconds	0.0000000000 seconds
Iteration 5:	0.0007300377 seconds	0.0000000000 seconds
Iteration 5:	0.0007309914 seconds	0.0000000000 seconds
Iteration 5:	0.0007300377 seconds	0.0000000000 seconds
Iteration 6:	0.0007560253 seconds	0.0000000000 seconds
Iteration 6:	0.0007560253 seconds	0.0000000000 seconds
Iteration 6:	0.0007560253 seconds	0.0000000000 seconds
Iteration 6:	0.0007538795 seconds	0.0000000000 seconds
Iteration 7:	0.0007438660 seconds	0.0000000000 seconds
Iteration 7:	0.0007460117 seconds	0.0000000000 seconds
Iteration 7:	0.0007481575 seconds	0.0000000000 seconds
Iteration 7:	0.0007481575 seconds	0.0000000000 seconds
Iteration 8:	0.0007719994 seconds	0.0000000000 seconds
Iteration 8:	0.0007719994 seconds	0.0000000000 seconds
Iteration 8:	0.0007841587 seconds	0.0000000000 seconds
Iteration 8:	0.0007841587 seconds	0.0000000000 seconds
Iteration 9:	0.0006899834 seconds	0.0000000000 seconds
Iteration 9:	0.0006959438 seconds	0.0000000000 seconds
Iteration 9:	0.0006909370 seconds	0.0000000000 seconds
Iteration 9:	0.0006949902 seconds	0.0000000000 seconds
Iteration 10:	0.0007629395 seconds	0.0000000000 seconds
Iteration 10:	0.0007650852 seconds	0.0000000000 seconds
Iteration 10:	0.0007650852 seconds	0.0000000000 seconds
Iteration 10:	0.0007631779 seconds	0.0000000000 seconds
Iteration 11:	0.0006990433 seconds	0.0000000000 seconds
Iteration 11:	0.0006999969 seconds	0.0000000000 seconds
Iteration 11:	0.0006999969 seconds	0.0000000000 seconds
Iteration 11:	0.0007009506 seconds	0.0000000000 seconds
Iteration 12:	0.0007450581 seconds	0.0000000000 seconds
Iteration 12:	0.0007450581 seconds	0.0000000000 seconds
Iteration 12:	0.0007460117 seconds	0.0000000000 seconds
Iteration 12:	0.0007460117 seconds	0.0000000000 seconds
Iteration 13:	0.0006699562 seconds	0.0000000000 seconds
Iteration 13:	0.0006718636 seconds	0.0000000000 seconds
Iteration 13:	0.0006699562 seconds	0.0000000000 seconds
Iteration 13:	0.0006718636 seconds	0.0000000000 seconds
Iteration 14:	0.0007369518 seconds	0.0000000000 seconds
Iteration 14:	0.0007379055 seconds	0.0000000000 seconds
Iteration 14:	0.0007379055 seconds	0.0000000000 seconds
Iteration 14:	0.0007359982 seconds	0.0000000000 seconds
Iteration 15:	0.0006759167 seconds	0.0000000000 seconds
Iteration 15:	0.0006740093 seconds	0.0000000000 seconds
Iteration 15:	0.0006740093 seconds	0.0000009537 seconds
Iteration 15:	0.0006749630 seconds	0.0000000000 seconds
Iteration 16:	0.0007219315 seconds	0.0000000000 seconds
Iteration 16:	0.0007209778 seconds	0.0000000000 seconds
Iteration 16:	0.0007228851 seconds	0.0000000000 seconds
Iteration 16:	0.0007219315 seconds	0.0000000000 seconds
Iteration 17:	0.0006670952 seconds	0.0000000000 seconds
Iteration 17:	0.0006690025 seconds	0.0000000000 seconds
Iteration 17:	0.0006718636 seconds	0.0000000000 seconds
Iteration 17:	0.0006709099 seconds	0.0000000000 seconds
Iteration 18:	0.0007190704 seconds	0.0000000000 seconds
Iteration 18:	0.0007200241 seconds	0.0000000000 seconds
Iteration 18:	0.0007259846 seconds	0.0000000000 seconds
Iteration 18:	0.0007271767 seconds	0.0000000000 seconds
Iteration 19:	0.0006790161 seconds	0.0000000000 seconds
Iteration 19:	0.0006840229 seconds	0.0000000000 seconds
Iteration 19:	0.0006680489 seconds	0.0000000000 seconds
Iteration 19:	0.0006849766 seconds	0.0000000000 seconds
Iteration 20:	0.0007100105 seconds	0.0000000000 seconds
Iteration 20:	0.0007109642 seconds	0.0000000000 seconds
Iteration 20:	0.0007121563 seconds	0.0000000000 seconds
Iteration 20:	0.0007140636 seconds	0.0000000000 seconds
Iteration 21:	0.0006849766 seconds	0.0000000000 seconds
Iteration 21:	0.0006868839 seconds	0.0000000000 seconds
Iteration 21:	0.0006849766 seconds	0.0000000000 seconds
Iteration 21:	0.0006868839 seconds	0.0000000000 seconds
Iteration 22:	0.0006990433 seconds	0.0000000000 seconds
Iteration 22:	0.0006980896 seconds	0.0000000000 seconds
Iteration 22:	0.0007009506 seconds	0.0000000000 seconds
Iteration 22:	0.0007019043 seconds	0.0000000000 seconds
Iteration 23:	0.0006740093 seconds	0.0000000000 seconds
Iteration 23:	0.0006749630 seconds	0.0000000000 seconds
Iteration 23:	0.0006749630 seconds	0.0000000000 seconds
Iteration 23:	0.0006740093 seconds	0.0000000000 seconds
Iteration 24:	0.0007128716 seconds	0.0000000000 seconds
Iteration 24:	0.0007159710 seconds	0.0000000000 seconds
Iteration 24:	0.0007169247 seconds	0.0000000000 seconds
Iteration 24:	0.0007159710 seconds	0.0000000000 seconds
Iteration 25:	0.0006461143 seconds	0.0000000000 seconds
Iteration 25:	0.0006480217 seconds	0.0000000000 seconds
Iteration 25:	0.0006468296 seconds	0.0000000000 seconds
Iteration 25:	0.0006480217 seconds	0.0000000000 seconds
Iteration 26:	0.0006890297 seconds	0.0000000000 seconds
Iteration 26:	0.0006890297 seconds	0.0000000000 seconds
Iteration 26:	0.0006890297 seconds	0.0000000000 seconds
Iteration 26:	0.0006909370 seconds	0.0000000000 seconds
Iteration 27:	0.0006558895 seconds	0.0000000000 seconds
Iteration 27:	0.0006568432 seconds	0.0000000000 seconds
Iteration 27:	0.0006558895 seconds	0.0000000000 seconds
Iteration 27:	0.0006580353 seconds	0.0000000000 seconds
Iteration 28:	0.0006630421 seconds	0.0000009537 seconds
Iteration 28:	0.0006639957 seconds	0.0000000000 seconds
Iteration 28:	0.0006668568 seconds	0.0000000000 seconds
Iteration 28:	0.0006659031 seconds	0.0000000000 seconds
Iteration 29:	0.0006608963 seconds	0.0000000000 seconds
Iteration 29:	0.0006599426 seconds	0.0000000000 seconds
Iteration 29:	0.0006649494 seconds	0.0000000000 seconds
Iteration 29:	0.0006630421 seconds	0.0000000000 seconds
Iteration 30:	0.0006418228 seconds	0.0000000000 seconds
Iteration 30:	0.0006470680 seconds	0.0000000000 seconds
Iteration 30:	0.0006461143 seconds	0.0000000000 seconds
Iteration 30:	0.0006442070 seconds	0.0000000000 seconds
Iteration 31:	0.0006527901 seconds	0.0000000000 seconds
Iteration 31:	0.0006599426 seconds	0.0000000000 seconds
Iteration 31:	0.0006589890 seconds	0.0000000000 seconds
Iteration 31:	0.0006577969 seconds	0.0000000000 seconds
Iteration 32:	0.0006549358 seconds	0.0000000000 seconds
Iteration 32:	0.0006439686 seconds	0.0000109673 seconds
Iteration 32:	0.0006580353 seconds	0.0000000000 seconds
Iteration 32:	0.0006630421 seconds	0.0000000000 seconds
Iteration 33:	0.0006489754 seconds	0.0000000000 seconds
Iteration 33:	0.0006508827 seconds	0.0000000000 seconds
Iteration 33:	0.0006489754 seconds	0.0000009537 seconds
Iteration 33:	0.0006489754 seconds	0.0000000000 seconds
Iteration 34:	0.0006608963 seconds	0.0000000000 seconds
Iteration 34:	0.0006639957 seconds	0.0000000000 seconds
Iteration 34:	0.0006639957 seconds	0.0000000000 seconds
Iteration 34:	0.0006628036 seconds	0.0000000000 seconds
Iteration 35:	0.0006809235 seconds	0.0000000000 seconds
Iteration 35:	0.0006799698 seconds	0.0000000000 seconds
Iteration 35:	0.0006868839 seconds	0.0000000000 seconds
Iteration 35:	0.0006830692 seconds	0.0000000000 seconds
Iteration 36:	0.0006589890 seconds	0.0000000000 seconds
Iteration 36:	0.0006639957 seconds	0.0000000000 seconds
Iteration 36:	0.0006599426 seconds	0.0000000000 seconds
Iteration 36:	0.0006630421 seconds	0.0000000000 seconds
Iteration 37:	0.0006728172 seconds	0.0000000000 seconds
Iteration 37:	0.0006740093 seconds	0.0000000000 seconds
Iteration 37:	0.0006740093 seconds	0.0000000000 seconds
Iteration 37:	0.0006771088 seconds	0.0000000000 seconds
Iteration 38:	0.0006721020 seconds	0.0000000000 seconds
Iteration 38:	0.0006730556 seconds	0.0000000000 seconds
Iteration 38:	0.0006721020 seconds	0.0000000000 seconds
Iteration 38:	0.0006759167 seconds	0.0000000000 seconds
Iteration 39:	0.0006740093 seconds	0.0000000000 seconds
Iteration 39:	0.0006759167 seconds	0.0000000000 seconds
Iteration 39:	0.0006759167 seconds	0.0000000000 seconds
Iteration 39:	0.0006749630 seconds	0.0000000000 seconds
Iteration 40:	0.0006790161 seconds	0.0000000000 seconds
Iteration 40:	0.0006799698 seconds	0.0000000000 seconds
Iteration 40:	0.0006830692 seconds	0.0000000000 seconds
Iteration 40:	0.0006821156 seconds	0.0000000000 seconds
Iteration 41:	0.0006880760 seconds	0.0000000000 seconds
Iteration 41:	0.0006940365 seconds	0.0000000000 seconds
Iteration 41:	0.0007071495 seconds	0.0000000000 seconds
Iteration 41:	0.0007100105 seconds	0.0000000000 seconds
Iteration 42:	0.0006680489 seconds	0.0000009537 seconds
Iteration 42:	0.0006711483 seconds	0.0000009537 seconds
Iteration 42:	0.0006861687 seconds	0.0000000000 seconds
Iteration 42:	0.0006909370 seconds	0.0000000000 seconds
Iteration 43:	0.0006880760 seconds	0.0000000000 seconds
Iteration 43:	0.0006921291 seconds	0.0000000000 seconds
Iteration 43:	0.0006949902 seconds	0.0000000000 seconds
Iteration 43:	0.0006930828 seconds	0.0000000000 seconds
Iteration 44:	0.0006861687 seconds	0.0000000000 seconds
Iteration 44:	0.0006890297 seconds	0.0000000000 seconds
Iteration 44:	0.0006890297 seconds	0.0000000000 seconds
Iteration 44:	0.0006928444 seconds	0.0000000000 seconds
Iteration 45:	0.0006809235 seconds	0.0000000000 seconds
Iteration 45:	0.0006828308 seconds	0.0000000000 seconds
Iteration 45:	0.0006861687 seconds	0.0000000000 seconds
Iteration 45:	0.0006861687 seconds	0.0000000000 seconds
Iteration 46:	0.0006790161 seconds	0.0000000000 seconds
Iteration 46:	0.0006837845 seconds	0.0000000000 seconds
Iteration 46:	0.0006821156 seconds	0.0000000000 seconds
Iteration 46:	0.0006821156 seconds	0.0000000000 seconds
Iteration 47:	0.0007181168 seconds	0.0000000000 seconds
Iteration 47:	0.0007171631 seconds	0.0000000000 seconds
Iteration 47:	0.0007219315 seconds	0.0000000000 seconds
Iteration 47:	0.0007219315 seconds	0.0000000000 seconds
Iteration 48:	0.0006721020 seconds	0.0000000000 seconds
Iteration 48:	0.0006611347 seconds	0.0000000000 seconds
Iteration 48:	0.0006780624 seconds	0.0000000000 seconds
Iteration 48:	0.0006780624 seconds	0.0000000000 seconds
Iteration 49:	0.0006630421 seconds	0.0000000000 seconds
Iteration 49:	0.0006668568 seconds	0.0000000000 seconds
Iteration 49:	0.0006678104 seconds	0.0000000000 seconds
Iteration 49:	0.0006680489 seconds	0.0000000000 seconds
Iteration 50:	0.0006608963 seconds	0.0000000000 seconds
Iteration 50:	0.0006661415 seconds	0.0000000000 seconds
Iteration 50:	0.0006620884 seconds	0.0000000000 seconds
Iteration 50:	0.0006620884 seconds	0.0000000000 seconds
Iteration 51:	0.0006601810 seconds	0.0000000000 seconds
Iteration 51:	0.0006630421 seconds	0.0000000000 seconds
Iteration 51:	0.0006611347 seconds	0.0000000000 seconds
Iteration 51:	0.0006620884 seconds	0.0000000000 seconds
Iteration 52:	0.0006389618 seconds	0.0000000000 seconds
Iteration 52:	0.0006389618 seconds	0.0000000000 seconds
Iteration 52:	0.0006411076 seconds	0.0000000000 seconds
Iteration 52:	0.0006411076 seconds	0.0000000000 seconds
Iteration 53:	0.0006380081 seconds	0.0000000000 seconds
Iteration 53:	0.0006370544 seconds	0.0000000000 seconds
Iteration 53:	0.0006430149 seconds	0.0000000000 seconds
Iteration 53:	0.0006420612 seconds	0.0000000000 seconds
Iteration 54:	0.0006129742 seconds	0.0000000000 seconds
Iteration 54:	0.0006158352 seconds	0.0000000000 seconds
Iteration 54:	0.0006229877 seconds	0.0000000000 seconds
Iteration 54:	0.0006167889 seconds	0.0000000000 seconds
Iteration 55:	0.0006058216 seconds	0.0000000000 seconds
Iteration 55:	0.0006160736 seconds	0.0000000000 seconds
Iteration 55:	0.0005979538 seconds	0.0000000000 seconds
Iteration 55:	0.0006098747 seconds	0.0000000000 seconds
Iteration 56:	0.0005948544 seconds	0.0000000000 seconds
Iteration 56:	0.0005950928 seconds	0.0000000000 seconds
Iteration 56:	0.0006010532 seconds	0.0000000000 seconds
Iteration 56:	0.0005970001 seconds	0.0000009537 seconds
Iteration 57:	0.0005948544 seconds	0.0000000000 seconds
Iteration 57:	0.0005970001 seconds	0.0000000000 seconds
Iteration 57:	0.0005979538 seconds	0.0000000000 seconds
Iteration 57:	0.0005991459 seconds	0.0000000000 seconds
Iteration 58:	0.0005791187 seconds	0.0000009537 seconds
Iteration 58:	0.0005831718 seconds	0.0000000000 seconds
Iteration 58:	0.0005850792 seconds	0.0000000000 seconds
Iteration 58:	0.0005841255 seconds	0.0000000000 seconds
Iteration 59:	0.0005691051 seconds	0.0000000000 seconds
Iteration 59:	0.0005741119 seconds	0.0000000000 seconds
Iteration 59:	0.0005750656 seconds	0.0000000000 seconds
Iteration 59:	0.0005788803 seconds	0.0000000000 seconds
Iteration 60:	0.0005650520 seconds	0.0000000000 seconds
Iteration 60:	0.0005538464 seconds	0.0000000000 seconds
Iteration 60:	0.0005528927 seconds	0.0000000000 seconds
Iteration 60:	0.0005719662 seconds	0.0000000000 seconds
Iteration 61:	0.0005509853 seconds	0.0000000000 seconds
Iteration 61:	0.0005538464 seconds	0.0000000000 seconds
Iteration 61:	0.0005540848 seconds	0.0000000000 seconds
Iteration 61:	0.0005531311 seconds	0.0000009537 seconds
Iteration 62:	0.0005431175 seconds	0.0000000000 seconds
Iteration 62:	0.0005431175 seconds	0.0000000000 seconds
Iteration 62:	0.0005440712 seconds	0.0000000000 seconds
Iteration 62:	0.0005450249 seconds	0.0000000000 seconds
Iteration 63:	0.0005421638 seconds	0.0000000000 seconds
Iteration 63:	0.0005431175 seconds	0.0000000000 seconds
Iteration 63:	0.0005419254 seconds	0.0000000000 seconds
Iteration 63:	0.0005431175 seconds	0.0000000000 seconds
Iteration 64:	0.0005319118 seconds	0.0000000000 seconds
Iteration 64:	0.0005319118 seconds	0.0000000000 seconds
Iteration 64:	0.0005350113 seconds	0.0000000000 seconds
Iteration 64:	0.0005328655 seconds	0.0000000000 seconds
Iteration 65:	0.0005290508 seconds	0.0000000000 seconds
Iteration 65:	0.0005290508 seconds	0.0000000000 seconds
Iteration 65:	0.0005309582 seconds	0.0000000000 seconds
Iteration 65:	0.0005290508 seconds	0.0000000000 seconds
Iteration 66:	0.0005168915 seconds	0.0000000000 seconds
Iteration 66:	0.0005202293 seconds	0.0000000000 seconds
Iteration 66:	0.0005202293 seconds	0.0000000000 seconds
Iteration 66:	0.0005202293 seconds	0.0000000000 seconds
Iteration 67:	0.0005059242 seconds	0.0000000000 seconds
Iteration 67:	0.0005059242 seconds	0.0000000000 seconds
Iteration 67:	0.0005049706 seconds	0.0000000000 seconds
Iteration 67:	0.0005059242 seconds	0.0000000000 seconds
Iteration 68:	0.0004870892 seconds	0.0000000000 seconds
Iteration 68:	0.0004980564 seconds	0.0000000000 seconds
Iteration 68:	0.0004880428 seconds	0.0000000000 seconds
Iteration 68:	0.0004971027 seconds	0.0000000000 seconds
Iteration 69:	0.0004839897 seconds	0.0000000000 seconds
Iteration 69:	0.0004839897 seconds	0.0000000000 seconds
Iteration 69:	0.0004830360 seconds	0.0000000000 seconds
Iteration 69:	0.0004839897 seconds	0.0000000000 seconds
Iteration 70:	0.0004701614 seconds	0.0000000000 seconds
Iteration 70:	0.0004692078 seconds	0.0000000000 seconds
Iteration 70:	0.0004739761 seconds	0.0000000000 seconds
Iteration 70:	0.0004727840 seconds	0.0000000000 seconds
Iteration 71:	0.0004661083 seconds	0.0000000000 seconds
Iteration 71:	0.0004680157 seconds	0.0000000000 seconds
Iteration 71:	0.0004761219 seconds	0.0000000000 seconds
Iteration 71:	0.0004761219 seconds	0.0000000000 seconds
Iteration 72:	0.0004508495 seconds	0.0000000000 seconds
Iteration 72:	0.0004529953 seconds	0.0000000000 seconds
Iteration 72:	0.0004501343 seconds	0.0000000000 seconds
Iteration 72:	0.0004501343 seconds	0.0000000000 seconds
Iteration 73:	0.0004971027 seconds	0.0000000000 seconds
Iteration 73:	0.0004961491 seconds	0.0000000000 seconds
Iteration 73:	0.0005030632 seconds	0.0000000000 seconds
Iteration 73:	0.0005011559 seconds	0.0000000000 seconds
Iteration 74:	0.0004458427 seconds	0.0000000000 seconds
Iteration 74:	0.0004439354 seconds	0.0000000000 seconds
Iteration 74:	0.0004479885 seconds	0.0000000000 seconds
Iteration 74:	0.0004439354 seconds	0.0000000000 seconds
Iteration 75:	0.0005002022 seconds	0.0000000000 seconds
Iteration 75:	0.0005021095 seconds	0.0000000000 seconds
Iteration 75:	0.0005021095 seconds	0.0000000000 seconds
Iteration 75:	0.0005030632 seconds	0.0000000000 seconds
Iteration 76:	0.0004851818 seconds	0.0000000000 seconds
Iteration 76:	0.0004868507 seconds	0.0000000000 seconds
Iteration 76:	0.0004899502 seconds	0.0000000000 seconds
Iteration 76:	0.0004708767 seconds	0.0000000000 seconds
Iteration 77:	0.0004398823 seconds	0.0000000000 seconds
Iteration 77:	0.0004451275 seconds	0.0000000000 seconds
Iteration 77:	0.0004448891 seconds	0.0000000000 seconds
Iteration 77:	0.0004439354 seconds	0.0000000000 seconds
Iteration 78:	0.0004639626 seconds	0.0000000000 seconds
Iteration 78:	0.0004720688 seconds	0.0000000000 seconds
Iteration 78:	0.0004680157 seconds	0.0000000000 seconds
Iteration 78:	0.0004730225 seconds	0.0000000000 seconds
Iteration 79:	0.0004358292 seconds	0.0000000000 seconds
Iteration 79:	0.0004391670 seconds	0.0000000000 seconds
Iteration 79:	0.0004429817 seconds	0.0000000000 seconds
Iteration 79:	0.0004370213 seconds	0.0000000000 seconds
Iteration 80:	0.0004658699 seconds	0.0000000000 seconds
Iteration 80:	0.0004639626 seconds	0.0000000000 seconds
Iteration 80:	0.0004658699 seconds	0.0000000000 seconds
Iteration 80:	0.0004658699 seconds	0.0000000000 seconds
Iteration 81:	0.0004599094 seconds	0.0000000000 seconds
Iteration 81:	0.0004599094 seconds	0.0000000000 seconds
Iteration 81:	0.0004630089 seconds	0.0000000000 seconds
Iteration 81:	0.0004630089 seconds	0.0000000000 seconds
Iteration 82:	0.0004251003 seconds	0.0000000000 seconds
Iteration 82:	0.0004301071 seconds	0.0000000000 seconds
Iteration 82:	0.0004150867 seconds	0.0000000000 seconds
Iteration 82:	0.0004310608 seconds	0.0000000000 seconds
Iteration 83:	0.0004551411 seconds	0.0000000000 seconds
Iteration 83:	0.0004539490 seconds	0.0000000000 seconds
Iteration 83:	0.0004580021 seconds	0.0000000000 seconds
Iteration 83:	0.0004558563 seconds	0.0000000000 seconds
Iteration 84:	0.0004549026 seconds	0.0000000000 seconds
Iteration 84:	0.0004558563 seconds	0.0000000000 seconds
Iteration 84:	0.0004601479 seconds	0.0000000000 seconds
Iteration 84:	0.0004601479 seconds	0.0000000000 seconds
Iteration 85:	0.0004498959 seconds	0.0000000000 seconds
Iteration 85:	0.0004498959 seconds	0.0000000000 seconds
Iteration 85:	0.0004510880 seconds	0.0000000000 seconds
Iteration 85:	0.0004498959 seconds	0.0000000000 seconds
Iteration 86:	0.0004429817 seconds	0.0000000000 seconds
Iteration 86:	0.0004429817 seconds	0.0000000000 seconds
Iteration 86:	0.0004439354 seconds	0.0000000000 seconds
Iteration 86:	0.0004439354 seconds	0.0000000000 seconds
Iteration 87:	0.0004420280 seconds	0.0000000000 seconds
Iteration 87:	0.0004429817 seconds	0.0000000000 seconds
Iteration 87:	0.0004441738 seconds	0.0000000000 seconds
Iteration 87:	0.0004441738 seconds	0.0000000000 seconds
Iteration 88:	0.0004031658 seconds	0.0000000000 seconds
Iteration 88:	0.0004081726 seconds	0.0000000000 seconds
Iteration 88:	0.0004131794 seconds	0.0000000000 seconds
Iteration 88:	0.0004091263 seconds	0.0000000000 seconds
Iteration 89:	0.0004341602 seconds	0.0000000000 seconds
Iteration 89:	0.0004389286 seconds	0.0000000000 seconds
Iteration 89:	0.0004429817 seconds	0.0000000000 seconds
Iteration 89:	0.0004401207 seconds	0.0000000000 seconds
Iteration 90:	0.0003988743 seconds	0.0000000000 seconds
Iteration 90:	0.0003950596 seconds	0.0000000000 seconds
Iteration 90:	0.0003981590 seconds	0.0000000000 seconds
Iteration 90:	0.0004019737 seconds	0.0000000000 seconds
Iteration 91:	0.0003969669 seconds	0.0000000000 seconds
Iteration 91:	0.0003979206 seconds	0.0000000000 seconds
Iteration 91:	0.0003960133 seconds	0.0000000000 seconds
Iteration 91:	0.0003960133 seconds	0.0000000000 seconds
Iteration 92:	0.0004150867 seconds	0.0000000000 seconds
Iteration 92:	0.0004310608 seconds	0.0000000000 seconds
Iteration 92:	0.0004220009 seconds	0.0000000000 seconds
Iteration 92:	0.0004200935 seconds	0.0000009537 seconds
Iteration 93:	0.0003859997 seconds	0.0000000000 seconds
Iteration 93:	0.0003931522 seconds	0.0000000000 seconds
Iteration 93:	0.0003900528 seconds	0.0000000000 seconds
Iteration 93:	0.0003948212 seconds	0.0000000000 seconds
Iteration 94:	0.0004289150 seconds	0.0000000000 seconds
Iteration 94:	0.0004270077 seconds	0.0000000000 seconds
Iteration 94:	0.0004298687 seconds	0.0000000000 seconds
Iteration 94:	0.0004308224 seconds	0.0000000000 seconds
Iteration 95:	0.0003919601 seconds	0.0000000000 seconds
Iteration 95:	0.0003950596 seconds	0.0000000000 seconds
Iteration 95:	0.0003950596 seconds	0.0000000000 seconds
Iteration 95:	0.0003960133 seconds	0.0000000000 seconds
Iteration 96:	0.0003910065 seconds	0.0000000000 seconds
Iteration 96:	0.0003900528 seconds	0.0000000000 seconds
Iteration 96:	0.0003910065 seconds	0.0000000000 seconds
Iteration 96:	0.0003898144 seconds	0.0000000000 seconds
Iteration 97:	0.0003900528 seconds	0.0000000000 seconds
Iteration 97:	0.0003910065 seconds	0.0000000000 seconds
Iteration 97:	0.0003941059 seconds	0.0000000000 seconds
Iteration 97:	0.0003941059 seconds	0.0000000000 seconds
Iteration 98:	0.0003850460 seconds	0.0000000000 seconds
Iteration 98:	0.0003859997 seconds	0.0000000000 seconds
Iteration 98:	0.0003859997 seconds	0.0000000000 seconds
Iteration 98:	0.0003859997 seconds	0.0000000000 seconds
Iteration 99:	0.0004010201 seconds	0.0000000000 seconds
Iteration 99:	0.0004010201 seconds	0.0000000000 seconds
Iteration 99:	0.0004019737 seconds	0.0000000000 seconds
Iteration 99:	0.0004019737 seconds	0.0000009537 seconds
Total computation time was: 0.060171		Average frame time was: 0.000597		Average Particle interations per second were: 385630797.864275
