[ -1:000]                : Rank 22 is running on comet-27-16.sdsc.edu
[ -1:000]                : Rank 19 is running on comet-27-16.sdsc.edu
[ 19:001] init_pprintf   : My dest: 20	My source: 18	My_num_part: 340
[ -1:000]                : Rank 14 is running on comet-27-16.sdsc.edu
[ -1:000]                : Rank 18 is running on comet-27-16.sdsc.edu
[ 14:001] init_pprintf   : My dest: 15	My source: 13	My_num_part: 340
[ 18:001] init_pprintf   : My dest: 19	My source: 17	My_num_part: 340
[ -1:000]                : Rank 20 is running on comet-27-16.sdsc.edu
[ 20:001] init_pprintf   : My dest: 21	My source: 19	My_num_part: 340
[ -1:000]                : Rank 11 is running on comet-27-16.sdsc.edu
[ -1:000]                : Rank 2 is running on comet-27-16.sdsc.edu
[ 22:001] init_pprintf   : My dest: 23	My source: 21	My_num_part: 340
[  2:001] init_pprintf   : My dest: 3	My source: 1	My_num_part: 340
[ -1:000]                : Rank 12 is running on comet-27-16.sdsc.edu
[ -1:000]                : Rank 1 is running on comet-27-16.sdsc.edu
[ 12:001] init_pprintf   : My dest: 13	My source: 11	My_num_part: 340
[  1:001] init_pprintf   : My dest: 2	My source: 0	My_num_part: 340
[ -1:000]                : Rank 6 is running on comet-27-16.sdsc.edu
[ -1:000]                : Rank 8 is running on comet-27-16.sdsc.edu
[  6:001] init_pprintf   : My dest: 7	My source: 5	My_num_part: 340
[  8:001] init_pprintf   : My dest: 9	My source: 7	My_num_part: 340
[ -1:000]                : Rank 5 is running on comet-27-16.sdsc.edu
[ -1:000]                : Rank 23 is running on comet-27-16.sdsc.edu
[ -1:000]                : Rank 4 is running on comet-27-16.sdsc.edu
[  5:001] init_pprintf   : My dest: 6	My source: 4	My_num_part: 340
[ -1:000]                : Rank 3 is running on comet-27-16.sdsc.edu
[ 23:001] init_pprintf   : My dest: 0	My source: 22	My_num_part: 340
[ -1:000]                : Rank 16 is running on comet-27-16.sdsc.edu
[  4:001] init_pprintf   : My dest: 5	My source: 3	My_num_part: 340
[ -1:000]                : Rank 10 is running on comet-27-16.sdsc.edu
[ -1:000]                : Rank 9 is running on comet-27-16.sdsc.edu
[ 16:001] init_pprintf   : My dest: 17	My source: 15	My_num_part: 340
[  3:001] init_pprintf   : My dest: 4	My source: 2	My_num_part: 340
[ -1:000]                : Rank 21 is running on comet-27-16.sdsc.edu
[ -1:000]                : Rank 7 is running on comet-27-16.sdsc.edu
[ -1:000]                : Rank 17 is running on comet-27-16.sdsc.edu
[  9:001] init_pprintf   : My dest: 10	My source: 8	My_num_part: 340
[ 10:001] init_pprintf   : My dest: 11	My source: 9	My_num_part: 340
[ -1:000]                : Rank 15 is running on comet-27-16.sdsc.edu
[ 21:001] init_pprintf   : My dest: 22	My source: 20	My_num_part: 340
[  7:001] init_pprintf   : My dest: 8	My source: 6	My_num_part: 340
[ 17:001] init_pprintf   : My dest: 18	My source: 16	My_num_part: 340
[ 15:001] init_pprintf   : My dest: 16	My source: 14	My_num_part: 340
[ -1:000]                : Rank 0 is running on comet-27-16.sdsc.edu
[  0:001] init_pprintf   : My dest: 1	My source: 23	My_num_part: 340
[ 11:001] init_pprintf   : My dest: 12	My source: 10	My_num_part: 340
Initalizing particles linear on 6460 to 6800
[ -1:000]                : Rank 13 is running on comet-27-16.sdsc.edu
Initalizing particles linear on 6120 to 6460
Initalizing particles linear on 4760 to 5100
[ 13:001] init_pprintf   : My dest: 14	My source: 12	My_num_part: 340
Initalizing particles linear on 6800 to 7140
Initalizing particles linear on 7480 to 7820
Initalizing particles linear on 680 to 1020
Initalizing particles linear on 2720 to 3060
Initalizing particles linear on 4080 to 4420
Initalizing particles linear on 2040 to 2380
Initalizing particles linear on 340 to 680
Initalizing particles linear on 1700 to 2040
Initalizing particles linear on 1360 to 1700
Initalizing particles linear on 5440 to 5780
Initalizing particles linear on 7820 to 8160
Initalizing particles linear on 5780 to 6120
Initalizing particles linear on 3400 to 3740
Initalizing particles linear on 3060 to 3400
Initalizing particles linear on 1020 to 1360
Initalizing particles linear on 0 to 340
Initalizing particles linear on 7140 to 7480
Initalizing particles linear on 5100 to 5440
Initalizing particles linear on 2380 to 2720
Initalizing particles linear on 3740 to 4080
Initalizing particles linear on 4420 to 4760
Iteration 0:	0.0358359814 seconds	0.0000000000 seconds
Iteration 0:	0.0361561775 seconds	0.0000000000 seconds
Iteration 0:	0.0360019207 seconds	0.0000000000 seconds
Iteration 0:	0.0361402035 seconds	0.0000000000 seconds
Iteration 0:	0.0361499786 seconds	0.0000000000 seconds
Iteration 0:	0.0361759663 seconds	0.0000000000 seconds
Iteration 0:	0.0361449718 seconds	0.0000000000 seconds
Iteration 0:	0.0361890793 seconds	0.0000000000 seconds
Iteration 0:	0.0361900330 seconds	0.0000000000 seconds
Iteration 0:	0.0361912251 seconds	0.0000000000 seconds
Iteration 0:	0.0361759663 seconds	0.0000000000 seconds
Iteration 0:	0.0362040997 seconds	0.0000000000 seconds
Iteration 0:	0.0361402035 seconds	0.0000000000 seconds
Iteration 0:	0.0361809731 seconds	0.0000000000 seconds
Iteration 0:	0.0361981392 seconds	0.0000000000 seconds
Iteration 0:	0.0362389088 seconds	0.0000000000 seconds
Iteration 0:	0.0361797810 seconds	0.0000000000 seconds
Iteration 0:	0.0362741947 seconds	0.0000000000 seconds
Iteration 0:	0.0362319946 seconds	0.0000000000 seconds
Iteration 0:	0.0361969471 seconds	0.0000009537 seconds
Iteration 0:	0.0362908840 seconds	0.0000000000 seconds
Iteration 0:	0.0362179279 seconds	0.0000000000 seconds
Iteration 0:	0.0363008976 seconds	0.0000000000 seconds
Iteration 0:	0.0361988544 seconds	0.0000000000 seconds
Iteration 1:	0.0331299305 seconds	0.0000000000 seconds
Iteration 1:	0.0332858562 seconds	0.0000009537 seconds
Iteration 1:	0.0332851410 seconds	0.0000000000 seconds
Iteration 1:	0.0332841873 seconds	0.0000000000 seconds
Iteration 1:	0.0332829952 seconds	0.0000000000 seconds
Iteration 1:	0.0332858562 seconds	0.0000000000 seconds
Iteration 1:	0.0332849026 seconds	0.0000000000 seconds
Iteration 1:	0.0332899094 seconds	0.0000000000 seconds
Iteration 1:	0.0332939625 seconds	0.0000009537 seconds
Iteration 1:	0.0332911015 seconds	0.0000000000 seconds
Iteration 1:	0.0332999229 seconds	0.0000000000 seconds
Iteration 1:	0.0332958698 seconds	0.0000000000 seconds
Iteration 1:	0.0332989693 seconds	0.0000000000 seconds
Iteration 1:	0.0333049297 seconds	0.0000000000 seconds
Iteration 1:	0.0333058834 seconds	0.0000000000 seconds
Iteration 1:	0.0333120823 seconds	0.0000000000 seconds
Iteration 1:	0.0333161354 seconds	0.0000000000 seconds
Iteration 1:	0.0333251953 seconds	0.0000000000 seconds
Iteration 1:	0.0333230495 seconds	0.0000000000 seconds
Iteration 1:	0.0333261490 seconds	0.0000000000 seconds
Iteration 1:	0.0333330631 seconds	0.0000000000 seconds
Iteration 1:	0.0333371162 seconds	0.0000000000 seconds
Iteration 1:	0.0333380699 seconds	0.0000000000 seconds
Iteration 1:	0.0333390236 seconds	0.0000000000 seconds
Iteration 2:	0.0359139442 seconds	0.0000000000 seconds
Iteration 2:	0.0359117985 seconds	0.0000000000 seconds
Iteration 2:	0.0359048843 seconds	0.0000000000 seconds
Iteration 2:	0.0359079838 seconds	0.0000000000 seconds
Iteration 2:	0.0359101295 seconds	0.0000000000 seconds
Iteration 2:	0.0359740257 seconds	0.0000000000 seconds
Iteration 2:	0.0359139442 seconds	0.0000000000 seconds
Iteration 2:	0.0359752178 seconds	0.0000000000 seconds
Iteration 2:	0.0359110832 seconds	0.0000000000 seconds
Iteration 2:	0.0359761715 seconds	0.0000000000 seconds
Iteration 2:	0.0359079838 seconds	0.0000000000 seconds
Iteration 2:	0.0359718800 seconds	0.0000000000 seconds
Iteration 2:	0.0359041691 seconds	0.0000009537 seconds
Iteration 2:	0.0359690189 seconds	0.0000000000 seconds
Iteration 2:	0.0359687805 seconds	0.0000000000 seconds
Iteration 2:	0.0359017849 seconds	0.0000000000 seconds
Iteration 2:	0.0358359814 seconds	0.0000009537 seconds
Iteration 2:	0.0358970165 seconds	0.0000000000 seconds
Iteration 2:	0.0358989239 seconds	0.0000000000 seconds
Iteration 2:	0.0359001160 seconds	0.0000000000 seconds
Iteration 2:	0.0358948708 seconds	0.0000000000 seconds
Iteration 2:	0.0358860493 seconds	0.0000000000 seconds
Iteration 2:	0.0358841419 seconds	0.0000000000 seconds
Iteration 2:	0.0358839035 seconds	0.0000000000 seconds
Iteration 3:	0.0331981182 seconds	0.0000000000 seconds
Iteration 3:	0.0332000256 seconds	0.0000000000 seconds
Iteration 3:	0.0332028866 seconds	0.0000000000 seconds
Iteration 3:	0.0332159996 seconds	0.0000000000 seconds
Iteration 3:	0.0332138538 seconds	0.0000000000 seconds
Iteration 3:	0.0332081318 seconds	0.0000000000 seconds
Iteration 3:	0.0332539082 seconds	0.0000000000 seconds
Iteration 3:	0.0332620144 seconds	0.0000000000 seconds
Iteration 3:	0.0332219601 seconds	0.0000000000 seconds
Iteration 3:	0.0333139896 seconds	0.0000000000 seconds
Iteration 3:	0.0333127975 seconds	0.0000000000 seconds
Iteration 3:	0.0333139896 seconds	0.0000000000 seconds
Iteration 3:	0.0333139896 seconds	0.0000000000 seconds
Iteration 3:	0.0333089828 seconds	0.0000000000 seconds
Iteration 3:	0.0333139896 seconds	0.0000000000 seconds
Iteration 3:	0.0333170891 seconds	0.0000000000 seconds
Iteration 3:	0.0333180428 seconds	0.0000000000 seconds
Iteration 3:	0.0333228111 seconds	0.0000000000 seconds
Iteration 3:	0.0333209038 seconds	0.0000000000 seconds
Iteration 3:	0.0333220959 seconds	0.0000000000 seconds
Iteration 3:	0.0333268642 seconds	0.0000000000 seconds
Iteration 3:	0.0333318710 seconds	0.0000000000 seconds
Iteration 3:	0.0333359241 seconds	0.0000000000 seconds
Iteration 3:	0.0333371162 seconds	0.0000000000 seconds
Iteration 4:	0.0359580517 seconds	0.0000000000 seconds
Iteration 4:	0.0359630585 seconds	0.0000000000 seconds
Iteration 4:	0.0359771252 seconds	0.0000000000 seconds
Iteration 4:	0.0359289646 seconds	0.0000000000 seconds
Iteration 4:	0.0359768867 seconds	0.0000009537 seconds
Iteration 4:	0.0359721184 seconds	0.0000000000 seconds
Iteration 4:	0.0358021259 seconds	0.0000000000 seconds
Iteration 4:	0.0359370708 seconds	0.0000000000 seconds
Iteration 4:	0.0359129906 seconds	0.0000000000 seconds
Iteration 4:	0.0359179974 seconds	0.0000000000 seconds
Iteration 4:	0.0359368324 seconds	0.0000000000 seconds
Iteration 4:	0.0359218121 seconds	0.0000000000 seconds
Iteration 4:	0.0359110832 seconds	0.0000000000 seconds
Iteration 4:	0.0359148979 seconds	0.0000000000 seconds
Iteration 4:	0.0359098911 seconds	0.0000000000 seconds
Iteration 4:	0.0359098911 seconds	0.0000000000 seconds
Iteration 4:	0.0359051228 seconds	0.0000000000 seconds
Iteration 4:	0.0358989239 seconds	0.0000000000 seconds
Iteration 4:	0.0358998775 seconds	0.0000000000 seconds
Iteration 4:	0.0358941555 seconds	0.0000000000 seconds
Iteration 4:	0.0358908176 seconds	0.0000000000 seconds
Iteration 4:	0.0358929634 seconds	0.0000000000 seconds
Iteration 4:	0.0358910561 seconds	0.0000000000 seconds
Iteration 4:	0.0358889103 seconds	0.0000000000 seconds
Iteration 5:	0.0331399441 seconds	0.0000009537 seconds
Iteration 5:	0.0333108902 seconds	0.0000000000 seconds
Iteration 5:	0.0333099365 seconds	0.0000000000 seconds
Iteration 5:	0.0333142281 seconds	0.0000000000 seconds
Iteration 5:	0.0333168507 seconds	0.0000000000 seconds
Iteration 5:	0.0333189964 seconds	0.0000000000 seconds
Iteration 5:	0.0333240032 seconds	0.0000000000 seconds
Iteration 5:	0.0333089828 seconds	0.0000000000 seconds
Iteration 5:	0.0333139896 seconds	0.0000000000 seconds
Iteration 5:	0.0333180428 seconds	0.0000000000 seconds
Iteration 5:	0.0333290100 seconds	0.0000000000 seconds
Iteration 5:	0.0333328247 seconds	0.0000000000 seconds
Iteration 5:	0.0333318710 seconds	0.0000000000 seconds
Iteration 5:	0.0333309174 seconds	0.0000000000 seconds
Iteration 5:	0.0333359241 seconds	0.0000000000 seconds
Iteration 5:	0.0333371162 seconds	0.0000000000 seconds
Iteration 5:	0.0333418846 seconds	0.0000000000 seconds
Iteration 5:	0.0333478451 seconds	0.0000000000 seconds
Iteration 5:	0.0333518982 seconds	0.0000000000 seconds
Iteration 5:	0.0333559513 seconds	0.0000000000 seconds
Iteration 5:	0.0333580971 seconds	0.0000000000 seconds
Iteration 5:	0.0333569050 seconds	0.0000000000 seconds
Iteration 5:	0.0333578587 seconds	0.0000000000 seconds
Iteration 5:	0.0333569050 seconds	0.0000009537 seconds
Iteration 6:	0.0357718468 seconds	0.0000000000 seconds
Iteration 6:	0.0359818935 seconds	0.0000000000 seconds
Iteration 6:	0.0359818935 seconds	0.0000000000 seconds
Iteration 6:	0.0359859467 seconds	0.0000000000 seconds
Iteration 6:	0.0359809399 seconds	0.0000000000 seconds
Iteration 6:	0.0359818935 seconds	0.0000000000 seconds
Iteration 6:	0.0359790325 seconds	0.0000000000 seconds
Iteration 6:	0.0359799862 seconds	0.0000009537 seconds
Iteration 6:	0.0359761715 seconds	0.0000000000 seconds
Iteration 6:	0.0359718800 seconds	0.0000000000 seconds
Iteration 6:	0.0359690189 seconds	0.0000000000 seconds
Iteration 6:	0.0359699726 seconds	0.0000000000 seconds
Iteration 6:	0.0359737873 seconds	0.0000000000 seconds
Iteration 6:	0.0359718800 seconds	0.0000000000 seconds
Iteration 6:	0.0359690189 seconds	0.0000000000 seconds
Iteration 6:	0.0359652042 seconds	0.0000000000 seconds
Iteration 6:	0.0359649658 seconds	0.0000000000 seconds
Iteration 6:	0.0359649658 seconds	0.0000000000 seconds
Iteration 6:	0.0359640121 seconds	0.0000000000 seconds
Iteration 6:	0.0359628201 seconds	0.0000000000 seconds
Iteration 6:	0.0359570980 seconds	0.0000000000 seconds
Iteration 6:	0.0359511375 seconds	0.0000000000 seconds
Iteration 6:	0.0359480381 seconds	0.0000000000 seconds
Iteration 6:	0.0359480381 seconds	0.0000000000 seconds
Iteration 7:	0.0333070755 seconds	0.0000000000 seconds
Iteration 7:	0.0333089828 seconds	0.0000000000 seconds
Iteration 7:	0.0333671570 seconds	0.0000000000 seconds
Iteration 7:	0.0333659649 seconds	0.0000000000 seconds
Iteration 7:	0.0333859921 seconds	0.0000000000 seconds
Iteration 7:	0.0333678722 seconds	0.0000000000 seconds
Iteration 7:	0.0333681107 seconds	0.0000000000 seconds
Iteration 7:	0.0333750248 seconds	0.0000000000 seconds
Iteration 7:	0.0334708691 seconds	0.0000000000 seconds
Iteration 7:	0.0333809853 seconds	0.0000000000 seconds
Iteration 7:	0.0334749222 seconds	0.0000000000 seconds
Iteration 7:	0.0334708691 seconds	0.0000000000 seconds
Iteration 7:	0.0334658623 seconds	0.0000000000 seconds
Iteration 7:	0.0333819389 seconds	0.0000000000 seconds
Iteration 7:	0.0334620476 seconds	0.0000000000 seconds
Iteration 7:	0.0334541798 seconds	0.0000000000 seconds
Iteration 7:	0.0334520340 seconds	0.0000000000 seconds
Iteration 7:	0.0334479809 seconds	0.0000009537 seconds
Iteration 7:	0.0334448814 seconds	0.0000000000 seconds
Iteration 7:	0.0334289074 seconds	0.0000000000 seconds
Iteration 7:	0.0334370136 seconds	0.0000000000 seconds
Iteration 7:	0.0334420204 seconds	0.0000000000 seconds
Iteration 7:	0.0334391594 seconds	0.0000000000 seconds
Iteration 7:	0.0333859921 seconds	0.0000000000 seconds
Iteration 8:	0.0358088017 seconds	0.0000000000 seconds
Iteration 8:	0.0358848572 seconds	0.0000000000 seconds
Iteration 8:	0.0358760357 seconds	0.0000000000 seconds
Iteration 8:	0.0358788967 seconds	0.0000000000 seconds
Iteration 8:	0.0358839035 seconds	0.0000000000 seconds
Iteration 8:	0.0358850956 seconds	0.0000000000 seconds
Iteration 8:	0.0358881950 seconds	0.0000000000 seconds
Iteration 8:	0.0358870029 seconds	0.0000000000 seconds
Iteration 8:	0.0358879566 seconds	0.0000000000 seconds
Iteration 8:	0.0358939171 seconds	0.0000000000 seconds
Iteration 8:	0.0358951092 seconds	0.0000000000 seconds
Iteration 8:	0.0358979702 seconds	0.0000000000 seconds
Iteration 8:	0.0358991623 seconds	0.0000000000 seconds
Iteration 8:	0.0359399319 seconds	0.0000000000 seconds
Iteration 8:	0.0359878540 seconds	0.0000000000 seconds
Iteration 8:	0.0360238552 seconds	0.0000000000 seconds
Iteration 8:	0.0358881950 seconds	0.0000000000 seconds
Iteration 8:	0.0359649658 seconds	0.0000000000 seconds
Iteration 8:	0.0359599590 seconds	0.0000000000 seconds
Iteration 8:	0.0359570980 seconds	0.0000000000 seconds
Iteration 8:	0.0359561443 seconds	0.0000000000 seconds
Iteration 8:	0.0359559059 seconds	0.0000000000 seconds
Iteration 8:	0.0359539986 seconds	0.0000000000 seconds
Iteration 8:	0.0358619690 seconds	0.0000000000 seconds
Iteration 9:	0.0332720280 seconds	0.0000000000 seconds
Iteration 9:	0.0332739353 seconds	0.0000000000 seconds
Iteration 9:	0.0332748890 seconds	0.0000000000 seconds
Iteration 9:	0.0332849026 seconds	0.0000009537 seconds
Iteration 9:	0.0332779884 seconds	0.0000000000 seconds
Iteration 9:	0.0331549644 seconds	0.0000000000 seconds
Iteration 9:	0.0332810879 seconds	0.0000000000 seconds
Iteration 9:	0.0332860947 seconds	0.0000000000 seconds
Iteration 9:	0.0332899094 seconds	0.0000000000 seconds
Iteration 9:	0.0332911015 seconds	0.0000000000 seconds
Iteration 9:	0.0332939625 seconds	0.0000000000 seconds
Iteration 9:	0.0332958698 seconds	0.0000009537 seconds
Iteration 9:	0.0333139896 seconds	0.0000000000 seconds
Iteration 9:	0.0333099365 seconds	0.0000000000 seconds
Iteration 9:	0.0333080292 seconds	0.0000000000 seconds
Iteration 9:	0.0333118439 seconds	0.0000000000 seconds
Iteration 9:	0.0333039761 seconds	0.0000000000 seconds
Iteration 9:	0.0333089828 seconds	0.0000000000 seconds
Iteration 9:	0.0333111286 seconds	0.0000000000 seconds
Iteration 9:	0.0333349705 seconds	0.0000000000 seconds
Iteration 9:	0.0333359241 seconds	0.0000000000 seconds
Iteration 9:	0.0333509445 seconds	0.0000000000 seconds
Iteration 9:	0.0333528519 seconds	0.0000000000 seconds
Iteration 9:	0.0333509445 seconds	0.0000000000 seconds
Iteration 10:	0.0358250141 seconds	0.0000009537 seconds
Iteration 10:	0.0359489918 seconds	0.0000000000 seconds
Iteration 10:	0.0358438492 seconds	0.0000000000 seconds
Iteration 10:	0.0359618664 seconds	0.0000000000 seconds
Iteration 10:	0.0359580517 seconds	0.0000000000 seconds
Iteration 10:	0.0359361172 seconds	0.0000000000 seconds
Iteration 10:	0.0359539986 seconds	0.0000000000 seconds
Iteration 10:	0.0359449387 seconds	0.0000000000 seconds
Iteration 10:	0.0359511375 seconds	0.0000000000 seconds
Iteration 10:	0.0359129906 seconds	0.0000000000 seconds
Iteration 10:	0.0359430313 seconds	0.0000000000 seconds
Iteration 10:	0.0359380245 seconds	0.0000000000 seconds
Iteration 10:	0.0359320641 seconds	0.0000000000 seconds
Iteration 10:	0.0359208584 seconds	0.0000000000 seconds
Iteration 10:	0.0359208584 seconds	0.0000000000 seconds
Iteration 10:	0.0359189510 seconds	0.0000000000 seconds
Iteration 10:	0.0359230042 seconds	0.0000000000 seconds
Iteration 10:	0.0359230042 seconds	0.0000000000 seconds
Iteration 10:	0.0359251499 seconds	0.0000000000 seconds
Iteration 10:	0.0358469486 seconds	0.0000011921 seconds
Iteration 10:	0.0359020233 seconds	0.0000000000 seconds
Iteration 10:	0.0358860493 seconds	0.0000000000 seconds
Iteration 10:	0.0358788967 seconds	0.0000000000 seconds
Iteration 10:	0.0358798504 seconds	0.0000000000 seconds
Iteration 11:	0.0331239700 seconds	0.0000000000 seconds
Iteration 11:	0.0332639217 seconds	0.0000000000 seconds
Iteration 11:	0.0332689285 seconds	0.0000000000 seconds
Iteration 11:	0.0332710743 seconds	0.0000000000 seconds
Iteration 11:	0.0332739353 seconds	0.0000000000 seconds
Iteration 11:	0.0332767963 seconds	0.0000000000 seconds
Iteration 11:	0.0332810879 seconds	0.0000000000 seconds
Iteration 11:	0.0332860947 seconds	0.0000000000 seconds
Iteration 11:	0.0332992077 seconds	0.0000000000 seconds
Iteration 11:	0.0332901478 seconds	0.0000000000 seconds
Iteration 11:	0.0332920551 seconds	0.0000000000 seconds
Iteration 11:	0.0333051682 seconds	0.0000000000 seconds
Iteration 11:	0.0333089828 seconds	0.0000009537 seconds
Iteration 11:	0.0333080292 seconds	0.0000000000 seconds
Iteration 11:	0.0333120823 seconds	0.0000000000 seconds
Iteration 11:	0.0333068371 seconds	0.0000000000 seconds
Iteration 11:	0.0333189964 seconds	0.0000000000 seconds
Iteration 11:	0.0333130360 seconds	0.0000000000 seconds
Iteration 11:	0.0333099365 seconds	0.0000000000 seconds
Iteration 11:	0.0333068371 seconds	0.0000000000 seconds
Iteration 11:	0.0333099365 seconds	0.0000000000 seconds
Iteration 11:	0.0333101749 seconds	0.0000000000 seconds
Iteration 11:	0.0333158970 seconds	0.0000000000 seconds
Iteration 11:	0.0333158970 seconds	0.0000000000 seconds
Iteration 12:	0.0357711315 seconds	0.0000000000 seconds
Iteration 12:	0.0359728336 seconds	0.0000011921 seconds
Iteration 12:	0.0359690189 seconds	0.0000000000 seconds
Iteration 12:	0.0359699726 seconds	0.0000000000 seconds
Iteration 12:	0.0359690189 seconds	0.0000000000 seconds
Iteration 12:	0.0359640121 seconds	0.0000000000 seconds
Iteration 12:	0.0359570980 seconds	0.0000000000 seconds
Iteration 12:	0.0359621048 seconds	0.0000000000 seconds
Iteration 12:	0.0359559059 seconds	0.0000000000 seconds
Iteration 12:	0.0359539986 seconds	0.0000000000 seconds
Iteration 12:	0.0359568596 seconds	0.0000000000 seconds
Iteration 12:	0.0359339714 seconds	0.0000000000 seconds
Iteration 12:	0.0359361172 seconds	0.0000000000 seconds
Iteration 12:	0.0359349251 seconds	0.0000000000 seconds
Iteration 12:	0.0359561443 seconds	0.0000000000 seconds
Iteration 12:	0.0359530449 seconds	0.0000000000 seconds
Iteration 12:	0.0359251499 seconds	0.0000000000 seconds
Iteration 12:	0.0359261036 seconds	0.0000000000 seconds
Iteration 12:	0.0359299183 seconds	0.0000000000 seconds
Iteration 12:	0.0359270573 seconds	0.0000000000 seconds
Iteration 12:	0.0359249115 seconds	0.0000000000 seconds
Iteration 12:	0.0359239578 seconds	0.0000000000 seconds
Iteration 12:	0.0359210968 seconds	0.0000000000 seconds
Iteration 12:	0.0359208584 seconds	0.0000000000 seconds
Iteration 13:	0.0331280231 seconds	0.0000000000 seconds
Iteration 13:	0.0332689285 seconds	0.0000000000 seconds
Iteration 13:	0.0332710743 seconds	0.0000000000 seconds
Iteration 13:	0.0332729816 seconds	0.0000000000 seconds
Iteration 13:	0.0332751274 seconds	0.0000000000 seconds
Iteration 13:	0.0332798958 seconds	0.0000000000 seconds
Iteration 13:	0.0332808495 seconds	0.0000000000 seconds
Iteration 13:	0.0332860947 seconds	0.0000000000 seconds
Iteration 13:	0.0332870483 seconds	0.0000000000 seconds
Iteration 13:	0.0332989693 seconds	0.0000000000 seconds
Iteration 13:	0.0333051682 seconds	0.0000000000 seconds
Iteration 13:	0.0333080292 seconds	0.0000000000 seconds
Iteration 13:	0.0333070755 seconds	0.0000009537 seconds
Iteration 13:	0.0333120823 seconds	0.0000000000 seconds
Iteration 13:	0.0333108902 seconds	0.0000000000 seconds
Iteration 13:	0.0333170891 seconds	0.0000000000 seconds
Iteration 13:	0.0333180428 seconds	0.0000000000 seconds
Iteration 13:	0.0333189964 seconds	0.0000000000 seconds
Iteration 13:	0.0333209038 seconds	0.0000000000 seconds
Iteration 13:	0.0333209038 seconds	0.0000000000 seconds
Iteration 13:	0.0333900452 seconds	0.0000000000 seconds
Iteration 13:	0.0333859921 seconds	0.0000000000 seconds
Iteration 13:	0.0333700180 seconds	0.0000000000 seconds
Iteration 13:	0.0333838463 seconds	0.0000000000 seconds
Iteration 14:	0.0358870029 seconds	0.0000000000 seconds
Iteration 14:	0.0359649658 seconds	0.0000009537 seconds
Iteration 14:	0.0359661579 seconds	0.0000000000 seconds
Iteration 14:	0.0359609127 seconds	0.0000000000 seconds
Iteration 14:	0.0359580517 seconds	0.0000000000 seconds
Iteration 14:	0.0359539986 seconds	0.0000000000 seconds
Iteration 14:	0.0359499454 seconds	0.0000000000 seconds
Iteration 14:	0.0359458923 seconds	0.0000011921 seconds
Iteration 14:	0.0358381271 seconds	0.0000000000 seconds
Iteration 14:	0.0358970165 seconds	0.0000000000 seconds
Iteration 14:	0.0358901024 seconds	0.0000000000 seconds
Iteration 14:	0.0359230042 seconds	0.0000000000 seconds
Iteration 14:	0.0358889103 seconds	0.0000000000 seconds
Iteration 14:	0.0358548164 seconds	0.0000000000 seconds
Iteration 14:	0.0359318256 seconds	0.0000000000 seconds
Iteration 14:	0.0358548164 seconds	0.0000000000 seconds
Iteration 14:	0.0358560085 seconds	0.0000000000 seconds
Iteration 14:	0.0358371735 seconds	0.0000000000 seconds
Iteration 14:	0.0358860493 seconds	0.0000000000 seconds
Iteration 14:	0.0358850956 seconds	0.0000000000 seconds
Iteration 14:	0.0358839035 seconds	0.0000000000 seconds
Iteration 14:	0.0359301567 seconds	0.0000000000 seconds
Iteration 14:	0.0359199047 seconds	0.0000000000 seconds
Iteration 14:	0.0359261036 seconds	0.0000000000 seconds
Iteration 15:	0.0332868099 seconds	0.0000000000 seconds
Iteration 15:	0.0333139896 seconds	0.0000000000 seconds
Iteration 15:	0.0333120823 seconds	0.0000000000 seconds
Iteration 15:	0.0333259106 seconds	0.0000000000 seconds
Iteration 15:	0.0333311558 seconds	0.0000000000 seconds
Iteration 15:	0.0333230495 seconds	0.0000000000 seconds
Iteration 15:	0.0333261490 seconds	0.0000000000 seconds
Iteration 15:	0.0333340168 seconds	0.0000000000 seconds
Iteration 15:	0.0333149433 seconds	0.0000000000 seconds
Iteration 15:	0.0333240032 seconds	0.0000000000 seconds
Iteration 15:	0.0333271027 seconds	0.0000009537 seconds
Iteration 15:	0.0333302021 seconds	0.0000000000 seconds
Iteration 15:	0.0333380699 seconds	0.0000000000 seconds
Iteration 15:	0.0333609581 seconds	0.0000000000 seconds
Iteration 15:	0.0334601402 seconds	0.0000000000 seconds
Iteration 15:	0.0334658623 seconds	0.0000000000 seconds
Iteration 15:	0.0334708691 seconds	0.0000000000 seconds
Iteration 15:	0.0334990025 seconds	0.0000000000 seconds
Iteration 15:	0.0335030556 seconds	0.0000000000 seconds
Iteration 15:	0.0335059166 seconds	0.0000000000 seconds
Iteration 15:	0.0335090160 seconds	0.0000000000 seconds
Iteration 15:	0.0335099697 seconds	0.0000000000 seconds
Iteration 15:	0.0336089134 seconds	0.0000000000 seconds
Iteration 15:	0.0335490704 seconds	0.0000009537 seconds
Iteration 16:	0.0357961655 seconds	0.0000009537 seconds
Iteration 16:	0.0360939503 seconds	0.0000000000 seconds
Iteration 16:	0.0359449387 seconds	0.0000000000 seconds
Iteration 16:	0.0360090733 seconds	0.0000000000 seconds
Iteration 16:	0.0360069275 seconds	0.0000000000 seconds
Iteration 16:	0.0360000134 seconds	0.0000000000 seconds
Iteration 16:	0.0360000134 seconds	0.0000000000 seconds
Iteration 16:	0.0361630917 seconds	0.0000009537 seconds
Iteration 16:	0.0359978676 seconds	0.0000000000 seconds
Iteration 16:	0.0359971523 seconds	0.0000009537 seconds
Iteration 16:	0.0359971523 seconds	0.0000000000 seconds
Iteration 16:	0.0358681679 seconds	0.0000000000 seconds
Iteration 16:	0.0362319946 seconds	0.0000000000 seconds
Iteration 16:	0.0362370014 seconds	0.0000000000 seconds
Iteration 16:	0.0362420082 seconds	0.0000000000 seconds
Iteration 16:	0.0362460613 seconds	0.0000000000 seconds
Iteration 16:	0.0362229347 seconds	0.0000009537 seconds
Iteration 16:	0.0362060070 seconds	0.0000000000 seconds
Iteration 16:	0.0362150669 seconds	0.0000000000 seconds
Iteration 16:	0.0362100601 seconds	0.0000000000 seconds
Iteration 16:	0.0362432003 seconds	0.0000000000 seconds
Iteration 16:	0.0362460613 seconds	0.0000000000 seconds
Iteration 16:	0.0362560749 seconds	0.0000000000 seconds
Iteration 16:	0.0361871719 seconds	0.0000000000 seconds
Iteration 17:	0.0331661701 seconds	0.0000000000 seconds
Iteration 17:	0.0331640244 seconds	0.0000000000 seconds
Iteration 17:	0.0331609249 seconds	0.0000000000 seconds
Iteration 17:	0.0331718922 seconds	0.0000000000 seconds
Iteration 17:	0.0331749916 seconds	0.0000000000 seconds
Iteration 17:	0.0331599712 seconds	0.0000000000 seconds
Iteration 17:	0.0332460403 seconds	0.0000000000 seconds
Iteration 17:	0.0331621170 seconds	0.0000000000 seconds
Iteration 17:	0.0331728458 seconds	0.0000000000 seconds
Iteration 17:	0.0331749916 seconds	0.0000000000 seconds
Iteration 17:	0.0331799984 seconds	0.0000000000 seconds
Iteration 17:	0.0331859589 seconds	0.0000000000 seconds
Iteration 17:	0.0331919193 seconds	0.0000000000 seconds
Iteration 17:	0.0332329273 seconds	0.0000000000 seconds
Iteration 17:	0.0331690311 seconds	0.0000000000 seconds
Iteration 17:	0.0332589149 seconds	0.0000000000 seconds
Iteration 17:	0.0332629681 seconds	0.0000000000 seconds
Iteration 17:	0.0332682133 seconds	0.0000009537 seconds
Iteration 17:	0.0332720280 seconds	0.0000000000 seconds
Iteration 17:	0.0332739353 seconds	0.0000000000 seconds
Iteration 17:	0.0332748890 seconds	0.0000000000 seconds
Iteration 17:	0.0332751274 seconds	0.0000000000 seconds
Iteration 17:	0.0332741737 seconds	0.0000000000 seconds
Iteration 17:	0.0332751274 seconds	0.0000000000 seconds
Iteration 18:	0.0358679295 seconds	0.0000000000 seconds
Iteration 18:	0.0357620716 seconds	0.0000000000 seconds
Iteration 18:	0.0358760357 seconds	0.0000000000 seconds
Iteration 18:	0.0358750820 seconds	0.0000000000 seconds
Iteration 18:	0.0358798504 seconds	0.0000000000 seconds
Iteration 18:	0.0358810425 seconds	0.0000000000 seconds
Iteration 18:	0.0358819962 seconds	0.0000009537 seconds
Iteration 18:	0.0358841419 seconds	0.0000000000 seconds
Iteration 18:	0.0358879566 seconds	0.0000000000 seconds
Iteration 18:	0.0358879566 seconds	0.0000000000 seconds
Iteration 18:	0.0358850956 seconds	0.0000000000 seconds
Iteration 18:	0.0358810425 seconds	0.0000000000 seconds
Iteration 18:	0.0358831882 seconds	0.0000000000 seconds
Iteration 18:	0.0358788967 seconds	0.0000000000 seconds
Iteration 18:	0.0358750820 seconds	0.0000000000 seconds
Iteration 18:	0.0358729362 seconds	0.0000009537 seconds
Iteration 18:	0.0358719826 seconds	0.0000000000 seconds
Iteration 18:	0.0358691216 seconds	0.0000000000 seconds
Iteration 18:	0.0358660221 seconds	0.0000000000 seconds
Iteration 18:	0.0358610153 seconds	0.0000000000 seconds
Iteration 18:	0.0358548164 seconds	0.0000000000 seconds
Iteration 18:	0.0358469486 seconds	0.0000000000 seconds
Iteration 18:	0.0358541012 seconds	0.0000000000 seconds
Iteration 18:	0.0358490944 seconds	0.0000000000 seconds
Iteration 19:	0.0332159996 seconds	0.0000000000 seconds
Iteration 19:	0.0331318378 seconds	0.0000000000 seconds
Iteration 19:	0.0332129002 seconds	0.0000000000 seconds
Iteration 19:	0.0332269669 seconds	0.0000000000 seconds
Iteration 19:	0.0332250595 seconds	0.0000009537 seconds
Iteration 19:	0.0332300663 seconds	0.0000000000 seconds
Iteration 19:	0.0332329273 seconds	0.0000000000 seconds
Iteration 19:	0.0332400799 seconds	0.0000000000 seconds
Iteration 19:	0.0332391262 seconds	0.0000000000 seconds
Iteration 19:	0.0332400799 seconds	0.0000000000 seconds
Iteration 19:	0.0332441330 seconds	0.0000000000 seconds
Iteration 19:	0.0332498550 seconds	0.0000000000 seconds
Iteration 19:	0.0332510471 seconds	0.0000000000 seconds
Iteration 19:	0.0332510471 seconds	0.0000000000 seconds
Iteration 19:	0.0332548618 seconds	0.0000000000 seconds
Iteration 19:	0.0332589149 seconds	0.0000000000 seconds
Iteration 19:	0.0332610607 seconds	0.0000000000 seconds
Iteration 19:	0.0332660675 seconds	0.0000000000 seconds
Iteration 19:	0.0332667828 seconds	0.0000000000 seconds
Iteration 19:	0.0332710743 seconds	0.0000000000 seconds
Iteration 19:	0.0332779884 seconds	0.0000000000 seconds
Iteration 19:	0.0332801342 seconds	0.0000000000 seconds
Iteration 19:	0.0332870483 seconds	0.0000000000 seconds
Iteration 19:	0.0332860947 seconds	0.0000000000 seconds
Iteration 20:	0.0359039307 seconds	0.0000000000 seconds
Iteration 20:	0.0357677937 seconds	0.0000000000 seconds
Iteration 20:	0.0359070301 seconds	0.0000000000 seconds
Iteration 20:	0.0359101295 seconds	0.0000000000 seconds
Iteration 20:	0.0359079838 seconds	0.0000000000 seconds
Iteration 20:	0.0359048843 seconds	0.0000000000 seconds
Iteration 20:	0.0359029770 seconds	0.0000000000 seconds
Iteration 20:	0.0358939171 seconds	0.0000000000 seconds
Iteration 20:	0.0358920097 seconds	0.0000000000 seconds
Iteration 20:	0.0358920097 seconds	0.0000000000 seconds
Iteration 20:	0.0358879566 seconds	0.0000000000 seconds
Iteration 20:	0.0358800888 seconds	0.0000000000 seconds
Iteration 20:	0.0358750820 seconds	0.0000009537 seconds
Iteration 20:	0.0358788967 seconds	0.0000000000 seconds
Iteration 20:	0.0358798504 seconds	0.0000000000 seconds
Iteration 20:	0.0358781815 seconds	0.0000000000 seconds
Iteration 20:	0.0358788967 seconds	0.0000000000 seconds
Iteration 20:	0.0358741283 seconds	0.0000000000 seconds
Iteration 20:	0.0358779430 seconds	0.0000000000 seconds
Iteration 20:	0.0358741283 seconds	0.0000000000 seconds
Iteration 20:	0.0358710289 seconds	0.0000000000 seconds
Iteration 20:	0.0358638763 seconds	0.0000000000 seconds
Iteration 20:	0.0358629227 seconds	0.0000000000 seconds
Iteration 20:	0.0358641148 seconds	0.0000000000 seconds
Iteration 21:	0.0331308842 seconds	0.0000000000 seconds
Iteration 21:	0.0332779884 seconds	0.0000000000 seconds
Iteration 21:	0.0332770348 seconds	0.0000000000 seconds
Iteration 21:	0.0332798958 seconds	0.0000000000 seconds
Iteration 21:	0.0332760811 seconds	0.0000000000 seconds
Iteration 21:	0.0332808495 seconds	0.0000000000 seconds
Iteration 21:	0.0332829952 seconds	0.0000000000 seconds
Iteration 21:	0.0332899094 seconds	0.0000000000 seconds
Iteration 21:	0.0333158970 seconds	0.0000000000 seconds
Iteration 21:	0.0333151817 seconds	0.0000000000 seconds
Iteration 21:	0.0333199501 seconds	0.0000009537 seconds
Iteration 21:	0.0333271027 seconds	0.0000000000 seconds
Iteration 21:	0.0333249569 seconds	0.0000000000 seconds
Iteration 21:	0.0333271027 seconds	0.0000000000 seconds
Iteration 21:	0.0333268642 seconds	0.0000000000 seconds
Iteration 21:	0.0333280563 seconds	0.0000000000 seconds
Iteration 21:	0.0333290100 seconds	0.0000000000 seconds
Iteration 21:	0.0333280563 seconds	0.0000000000 seconds
Iteration 21:	0.0333268642 seconds	0.0000000000 seconds
Iteration 21:	0.0333318710 seconds	0.0000000000 seconds
Iteration 21:	0.0333359241 seconds	0.0000000000 seconds
Iteration 21:	0.0333390236 seconds	0.0000000000 seconds
Iteration 21:	0.0333399773 seconds	0.0000000000 seconds
Iteration 21:	0.0333390236 seconds	0.0000000000 seconds
Iteration 22:	0.0358068943 seconds	0.0000000000 seconds
Iteration 22:	0.0358939171 seconds	0.0000000000 seconds
Iteration 22:	0.0359649658 seconds	0.0000000000 seconds
Iteration 22:	0.0359120369 seconds	0.0000000000 seconds
Iteration 22:	0.0359702110 seconds	0.0000000000 seconds
Iteration 22:	0.0359709263 seconds	0.0000000000 seconds
Iteration 22:	0.0359108448 seconds	0.0000000000 seconds
Iteration 22:	0.0359041691 seconds	0.0000000000 seconds
Iteration 22:	0.0359032154 seconds	0.0000000000 seconds
Iteration 22:	0.0358941555 seconds	0.0000000000 seconds
Iteration 22:	0.0359721184 seconds	0.0000000000 seconds
Iteration 22:	0.0359668732 seconds	0.0000000000 seconds
Iteration 22:	0.0358960629 seconds	0.0000000000 seconds
Iteration 22:	0.0359559059 seconds	0.0000000000 seconds
Iteration 22:	0.0359649658 seconds	0.0000000000 seconds
Iteration 22:	0.0358910561 seconds	0.0000000000 seconds
Iteration 22:	0.0358870029 seconds	0.0000000000 seconds
Iteration 22:	0.0358841419 seconds	0.0000000000 seconds
Iteration 22:	0.0358858109 seconds	0.0000000000 seconds
Iteration 22:	0.0358819962 seconds	0.0000000000 seconds
Iteration 22:	0.0358781815 seconds	0.0000000000 seconds
Iteration 22:	0.0358800888 seconds	0.0000000000 seconds
Iteration 22:	0.0358760357 seconds	0.0000000000 seconds
Iteration 22:	0.0358760357 seconds	0.0000000000 seconds
Iteration 23:	0.0331931114 seconds	0.0000000000 seconds
Iteration 23:	0.0331959724 seconds	0.0000000000 seconds
Iteration 23:	0.0331959724 seconds	0.0000000000 seconds
Iteration 23:	0.0332159996 seconds	0.0000000000 seconds
Iteration 23:	0.0332078934 seconds	0.0000000000 seconds
Iteration 23:	0.0332078934 seconds	0.0000000000 seconds
Iteration 23:	0.0332109928 seconds	0.0000000000 seconds
Iteration 23:	0.0331671238 seconds	0.0000000000 seconds
Iteration 23:	0.0332539082 seconds	0.0000000000 seconds
Iteration 23:	0.0332520008 seconds	0.0000000000 seconds
Iteration 23:	0.0332529545 seconds	0.0000000000 seconds
Iteration 23:	0.0332520008 seconds	0.0000000000 seconds
Iteration 23:	0.0332541466 seconds	0.0000000000 seconds
Iteration 23:	0.0332510471 seconds	0.0000000000 seconds
Iteration 23:	0.0332579613 seconds	0.0000000000 seconds
Iteration 23:	0.0332610607 seconds	0.0000000000 seconds
Iteration 23:	0.0333690643 seconds	0.0000000000 seconds
Iteration 23:	0.0333659649 seconds	0.0000000000 seconds
Iteration 23:	0.0333712101 seconds	0.0000000000 seconds
Iteration 23:	0.0333721638 seconds	0.0000000000 seconds
Iteration 23:	0.0333731174 seconds	0.0000000000 seconds
Iteration 23:	0.0333759785 seconds	0.0000000000 seconds
Iteration 23:	0.0334639549 seconds	0.0000000000 seconds
Iteration 23:	0.0335102081 seconds	0.0000000000 seconds
Iteration 24:	0.0357968807 seconds	0.0000000000 seconds
Iteration 24:	0.0360941887 seconds	0.0000000000 seconds
Iteration 24:	0.0360620022 seconds	0.0000000000 seconds
Iteration 24:	0.0361170769 seconds	0.0000000000 seconds
Iteration 24:	0.0361170769 seconds	0.0000000000 seconds
Iteration 24:	0.0361039639 seconds	0.0000000000 seconds
Iteration 24:	0.0361051559 seconds	0.0000000000 seconds
Iteration 24:	0.0361020565 seconds	0.0000000000 seconds
Iteration 24:	0.0361011028 seconds	0.0000000000 seconds
Iteration 24:	0.0360269547 seconds	0.0000000000 seconds
Iteration 24:	0.0360870361 seconds	0.0000000000 seconds
Iteration 24:	0.0360929966 seconds	0.0000000000 seconds
Iteration 24:	0.0361008644 seconds	0.0000000000 seconds
Iteration 24:	0.0361030102 seconds	0.0000000000 seconds
Iteration 24:	0.0361039639 seconds	0.0000000000 seconds
Iteration 24:	0.0361011028 seconds	0.0000000000 seconds
Iteration 24:	0.0360949039 seconds	0.0000000000 seconds
Iteration 24:	0.0359270573 seconds	0.0000009537 seconds
Iteration 24:	0.0359888077 seconds	0.0000000000 seconds
Iteration 24:	0.0359840393 seconds	0.0000000000 seconds
Iteration 24:	0.0359790325 seconds	0.0000000000 seconds
Iteration 24:	0.0359730721 seconds	0.0000000000 seconds
Iteration 24:	0.0359709263 seconds	0.0000000000 seconds
Iteration 24:	0.0358541012 seconds	0.0000000000 seconds
Iteration 25:	0.0331230164 seconds	0.0000000000 seconds
Iteration 25:	0.0332760811 seconds	0.0000000000 seconds
Iteration 25:	0.0332791805 seconds	0.0000000000 seconds
Iteration 25:	0.0332810879 seconds	0.0000000000 seconds
Iteration 25:	0.0332851410 seconds	0.0000000000 seconds
Iteration 25:	0.0332868099 seconds	0.0000000000 seconds
Iteration 25:	0.0332870483 seconds	0.0000000000 seconds
Iteration 25:	0.0332980156 seconds	0.0000000000 seconds
Iteration 25:	0.0332951546 seconds	0.0000000000 seconds
Iteration 25:	0.0332949162 seconds	0.0000000000 seconds
Iteration 25:	0.0332939625 seconds	0.0000000000 seconds
Iteration 25:	0.0332939625 seconds	0.0000000000 seconds
Iteration 25:	0.0332939625 seconds	0.0000000000 seconds
Iteration 25:	0.0332942009 seconds	0.0000000000 seconds
Iteration 25:	0.0332942009 seconds	0.0000000000 seconds
Iteration 25:	0.0332951546 seconds	0.0000000000 seconds
Iteration 25:	0.0332989693 seconds	0.0000000000 seconds
Iteration 25:	0.0333049297 seconds	0.0000000000 seconds
Iteration 25:	0.0333068371 seconds	0.0000000000 seconds
Iteration 25:	0.0333120823 seconds	0.0000000000 seconds
Iteration 25:	0.0333161354 seconds	0.0000000000 seconds
Iteration 25:	0.0333218575 seconds	0.0000000000 seconds
Iteration 25:	0.0333218575 seconds	0.0000000000 seconds
Iteration 25:	0.0333240032 seconds	0.0000000000 seconds
Iteration 26:	0.0357699394 seconds	0.0000000000 seconds
Iteration 26:	0.0359611511 seconds	0.0000000000 seconds
Iteration 26:	0.0359630585 seconds	0.0000000000 seconds
Iteration 26:	0.0359640121 seconds	0.0000000000 seconds
Iteration 26:	0.0359590054 seconds	0.0000000000 seconds
Iteration 26:	0.0359570980 seconds	0.0000000000 seconds
Iteration 26:	0.0359668732 seconds	0.0000000000 seconds
Iteration 26:	0.0359559059 seconds	0.0000000000 seconds
Iteration 26:	0.0359561443 seconds	0.0000000000 seconds
Iteration 26:	0.0359508991 seconds	0.0000009537 seconds
Iteration 26:	0.0359518528 seconds	0.0000000000 seconds
Iteration 26:	0.0359508991 seconds	0.0000000000 seconds
Iteration 26:	0.0359470844 seconds	0.0000000000 seconds
Iteration 26:	0.0359449387 seconds	0.0000000000 seconds
Iteration 26:	0.0359449387 seconds	0.0000000000 seconds
Iteration 26:	0.0359451771 seconds	0.0000000000 seconds
Iteration 26:	0.0359427929 seconds	0.0000000000 seconds
Iteration 26:	0.0359399319 seconds	0.0000000000 seconds
Iteration 26:	0.0359408855 seconds	0.0000000000 seconds
Iteration 26:	0.0359401703 seconds	0.0000000000 seconds
Iteration 26:	0.0359411240 seconds	0.0000000000 seconds
Iteration 26:	0.0359389782 seconds	0.0000000000 seconds
Iteration 26:	0.0359389782 seconds	0.0000000000 seconds
Iteration 26:	0.0359389782 seconds	0.0000000000 seconds
Iteration 27:	0.0331280231 seconds	0.0000000000 seconds
Iteration 27:	0.0332860947 seconds	0.0000000000 seconds
Iteration 27:	0.0333158970 seconds	0.0000000000 seconds
Iteration 27:	0.0333139896 seconds	0.0000000000 seconds
Iteration 27:	0.0333201885 seconds	0.0000000000 seconds
Iteration 27:	0.0333220959 seconds	0.0000000000 seconds
Iteration 27:	0.0333158970 seconds	0.0000000000 seconds
Iteration 27:	0.0333209038 seconds	0.0000000000 seconds
Iteration 27:	0.0333259106 seconds	0.0000000000 seconds
Iteration 27:	0.0333280563 seconds	0.0000000000 seconds
Iteration 27:	0.0333280563 seconds	0.0000000000 seconds
Iteration 27:	0.0333318710 seconds	0.0000000000 seconds
Iteration 27:	0.0333318710 seconds	0.0000000000 seconds
Iteration 27:	0.0333340168 seconds	0.0000000000 seconds
Iteration 27:	0.0333390236 seconds	0.0000000000 seconds
Iteration 27:	0.0333380699 seconds	0.0000000000 seconds
Iteration 27:	0.0333390236 seconds	0.0000009537 seconds
Iteration 27:	0.0333440304 seconds	0.0000000000 seconds
Iteration 27:	0.0333440304 seconds	0.0000000000 seconds
Iteration 27:	0.0333440304 seconds	0.0000000000 seconds
Iteration 27:	0.0333449841 seconds	0.0000000000 seconds
Iteration 27:	0.0333471298 seconds	0.0000000000 seconds
Iteration 27:	0.0333480835 seconds	0.0000009537 seconds
Iteration 27:	0.0333480835 seconds	0.0000000000 seconds
Iteration 28:	0.0359468460 seconds	0.0000000000 seconds
Iteration 28:	0.0359117985 seconds	0.0000000000 seconds
Iteration 28:	0.0357720852 seconds	0.0000000000 seconds
Iteration 28:	0.0359208584 seconds	0.0000011921 seconds
Iteration 28:	0.0359170437 seconds	0.0000000000 seconds
Iteration 28:	0.0359160900 seconds	0.0000000000 seconds
Iteration 28:	0.0359108448 seconds	0.0000000000 seconds
Iteration 28:	0.0359048843 seconds	0.0000000000 seconds
Iteration 28:	0.0359048843 seconds	0.0000000000 seconds
Iteration 28:	0.0359001160 seconds	0.0000000000 seconds
Iteration 28:	0.0358989239 seconds	0.0000000000 seconds
Iteration 28:	0.0358920097 seconds	0.0000009537 seconds
Iteration 28:	0.0358929634 seconds	0.0000000000 seconds
Iteration 28:	0.0358920097 seconds	0.0000000000 seconds
Iteration 28:	0.0358860493 seconds	0.0000000000 seconds
Iteration 28:	0.0358841419 seconds	0.0000000000 seconds
Iteration 28:	0.0358819962 seconds	0.0000000000 seconds
Iteration 28:	0.0358769894 seconds	0.0000000000 seconds
Iteration 28:	0.0358719826 seconds	0.0000000000 seconds
Iteration 28:	0.0358669758 seconds	0.0000000000 seconds
Iteration 28:	0.0358619690 seconds	0.0000000000 seconds
Iteration 28:	0.0358610153 seconds	0.0000000000 seconds
Iteration 28:	0.0358579159 seconds	0.0000000000 seconds
Iteration 28:	0.0358579159 seconds	0.0000000000 seconds
Iteration 29:	0.0331270695 seconds	0.0000000000 seconds
Iteration 29:	0.0332210064 seconds	0.0000000000 seconds
Iteration 29:	0.0332200527 seconds	0.0000000000 seconds
Iteration 29:	0.0332229137 seconds	0.0000000000 seconds
Iteration 29:	0.0332291126 seconds	0.0000000000 seconds
Iteration 29:	0.0332260132 seconds	0.0000000000 seconds
Iteration 29:	0.0332260132 seconds	0.0000000000 seconds
Iteration 29:	0.0332319736 seconds	0.0000000000 seconds
Iteration 29:	0.0332369804 seconds	0.0000000000 seconds
Iteration 29:	0.0332429409 seconds	0.0000000000 seconds
Iteration 29:	0.0332438946 seconds	0.0000000000 seconds
Iteration 29:	0.0332460403 seconds	0.0000000000 seconds
Iteration 29:	0.0332491398 seconds	0.0000000000 seconds
Iteration 29:	0.0332469940 seconds	0.0000000000 seconds
Iteration 29:	0.0332539082 seconds	0.0000000000 seconds
Iteration 29:	0.0332560539 seconds	0.0000000000 seconds
Iteration 29:	0.0332589149 seconds	0.0000000000 seconds
Iteration 29:	0.0332629681 seconds	0.0000000000 seconds
Iteration 29:	0.0332682133 seconds	0.0000000000 seconds
Iteration 29:	0.0332729816 seconds	0.0000000000 seconds
Iteration 29:	0.0332770348 seconds	0.0000000000 seconds
Iteration 29:	0.0332767963 seconds	0.0000000000 seconds
Iteration 29:	0.0332779884 seconds	0.0000000000 seconds
Iteration 29:	0.0332779884 seconds	0.0000000000 seconds
Iteration 30:	0.0359129906 seconds	0.0000000000 seconds
Iteration 30:	0.0357718468 seconds	0.0000000000 seconds
Iteration 30:	0.0359191895 seconds	0.0000000000 seconds
Iteration 30:	0.0359148979 seconds	0.0000000000 seconds
Iteration 30:	0.0359141827 seconds	0.0000009537 seconds
Iteration 30:	0.0359148979 seconds	0.0000000000 seconds
Iteration 30:	0.0359151363 seconds	0.0000000000 seconds
Iteration 30:	0.0359079838 seconds	0.0000000000 seconds
Iteration 30:	0.0359020233 seconds	0.0000000000 seconds
Iteration 30:	0.0359070301 seconds	0.0000000000 seconds
Iteration 30:	0.0359029770 seconds	0.0000000000 seconds
Iteration 30:	0.0358989239 seconds	0.0000000000 seconds
Iteration 30:	0.0358970165 seconds	0.0000000000 seconds
Iteration 30:	0.0358970165 seconds	0.0000000000 seconds
Iteration 30:	0.0358939171 seconds	0.0000000000 seconds
Iteration 30:	0.0358920097 seconds	0.0000000000 seconds
Iteration 30:	0.0358870029 seconds	0.0000000000 seconds
Iteration 30:	0.0358839035 seconds	0.0000000000 seconds
Iteration 30:	0.0358860493 seconds	0.0000000000 seconds
Iteration 30:	0.0358860493 seconds	0.0000009537 seconds
Iteration 30:	0.0358839035 seconds	0.0000000000 seconds
Iteration 30:	0.0358829498 seconds	0.0000000000 seconds
Iteration 30:	0.0358819962 seconds	0.0000000000 seconds
Iteration 30:	0.0358810425 seconds	0.0000000000 seconds
Iteration 31:	0.0331270695 seconds	0.0000000000 seconds
Iteration 31:	0.0332760811 seconds	0.0000000000 seconds
Iteration 31:	0.0332829952 seconds	0.0000000000 seconds
Iteration 31:	0.0332829952 seconds	0.0000000000 seconds
Iteration 31:	0.0332829952 seconds	0.0000000000 seconds
Iteration 31:	0.0332839489 seconds	0.0000000000 seconds
Iteration 31:	0.0332901478 seconds	0.0000000000 seconds
Iteration 31:	0.0332970619 seconds	0.0000000000 seconds
Iteration 31:	0.0333008766 seconds	0.0000000000 seconds
Iteration 31:	0.0332961082 seconds	0.0000000000 seconds
Iteration 31:	0.0332980156 seconds	0.0000000000 seconds
Iteration 31:	0.0333008766 seconds	0.0000000000 seconds
Iteration 31:	0.0333030224 seconds	0.0000000000 seconds
Iteration 31:	0.0333051682 seconds	0.0000000000 seconds
Iteration 31:	0.0333051682 seconds	0.0000000000 seconds
Iteration 31:	0.0333089828 seconds	0.0000000000 seconds
Iteration 31:	0.0333151817 seconds	0.0000000000 seconds
Iteration 31:	0.0333170891 seconds	0.0000000000 seconds
Iteration 31:	0.0333151817 seconds	0.0000000000 seconds
Iteration 31:	0.0333168507 seconds	0.0000000000 seconds
Iteration 31:	0.0333178043 seconds	0.0000000000 seconds
Iteration 31:	0.0333189964 seconds	0.0000000000 seconds
Iteration 31:	0.0333211422 seconds	0.0000000000 seconds
Iteration 31:	0.0333199501 seconds	0.0000000000 seconds
Iteration 32:	0.0359878540 seconds	0.0000000000 seconds
Iteration 32:	0.0359790325 seconds	0.0000000000 seconds
Iteration 32:	0.0357899666 seconds	0.0000000000 seconds
Iteration 32:	0.0360059738 seconds	0.0000000000 seconds
Iteration 32:	0.0360028744 seconds	0.0000000000 seconds
Iteration 32:	0.0360040665 seconds	0.0000000000 seconds
Iteration 32:	0.0359828472 seconds	0.0000000000 seconds
Iteration 32:	0.0359969139 seconds	0.0000000000 seconds
Iteration 32:	0.0359899998 seconds	0.0000000000 seconds
Iteration 32:	0.0359778404 seconds	0.0000000000 seconds
Iteration 32:	0.0359828472 seconds	0.0000000000 seconds
Iteration 32:	0.0359840393 seconds	0.0000000000 seconds
Iteration 32:	0.0359859467 seconds	0.0000000000 seconds
Iteration 32:	0.0359849930 seconds	0.0000000000 seconds
Iteration 32:	0.0359659195 seconds	0.0000000000 seconds
Iteration 32:	0.0359611511 seconds	0.0000000000 seconds
Iteration 32:	0.0359549522 seconds	0.0000009537 seconds
Iteration 32:	0.0359909534 seconds	0.0000000000 seconds
Iteration 32:	0.0359838009 seconds	0.0000000000 seconds
Iteration 32:	0.0359520912 seconds	0.0000000000 seconds
Iteration 32:	0.0359768867 seconds	0.0000000000 seconds
Iteration 32:	0.0359649658 seconds	0.0000000000 seconds
Iteration 32:	0.0359652042 seconds	0.0000000000 seconds
Iteration 32:	0.0359649658 seconds	0.0000000000 seconds
Iteration 33:	0.0332419872 seconds	0.0000000000 seconds
Iteration 33:	0.0332489014 seconds	0.0000000000 seconds
Iteration 33:	0.0333240032 seconds	0.0000000000 seconds
Iteration 33:	0.0333170891 seconds	0.0000000000 seconds
Iteration 33:	0.0333688259 seconds	0.0000000000 seconds
Iteration 33:	0.0333738327 seconds	0.0000000000 seconds
Iteration 33:	0.0334031582 seconds	0.0000000000 seconds
Iteration 33:	0.0332839489 seconds	0.0000000000 seconds
Iteration 33:	0.0333428383 seconds	0.0000000000 seconds
Iteration 33:	0.0333299637 seconds	0.0000000000 seconds
Iteration 33:	0.0333530903 seconds	0.0000000000 seconds
Iteration 33:	0.0333609581 seconds	0.0000000000 seconds
Iteration 33:	0.0333678722 seconds	0.0000000000 seconds
Iteration 33:	0.0333731174 seconds	0.0000000000 seconds
Iteration 33:	0.0333750248 seconds	0.0000000000 seconds
Iteration 33:	0.0333721638 seconds	0.0000000000 seconds
Iteration 33:	0.0333371162 seconds	0.0000000000 seconds
Iteration 33:	0.0333402157 seconds	0.0000000000 seconds
Iteration 33:	0.0333721638 seconds	0.0000000000 seconds
Iteration 33:	0.0334129333 seconds	0.0000000000 seconds
Iteration 33:	0.0333440304 seconds	0.0000000000 seconds
Iteration 33:	0.0333299637 seconds	0.0000000000 seconds
Iteration 33:	0.0333299637 seconds	0.0000000000 seconds
Iteration 33:	0.0333309174 seconds	0.0000000000 seconds
Iteration 34:	0.0358419418 seconds	0.0000000000 seconds
Iteration 34:	0.0358619690 seconds	0.0000000000 seconds
Iteration 34:	0.0358650684 seconds	0.0000000000 seconds
Iteration 34:	0.0358681679 seconds	0.0000000000 seconds
Iteration 34:	0.0358729362 seconds	0.0000000000 seconds
Iteration 34:	0.0358641148 seconds	0.0000000000 seconds
Iteration 34:	0.0358629227 seconds	0.0000000000 seconds
Iteration 34:	0.0358679295 seconds	0.0000000000 seconds
Iteration 34:	0.0358669758 seconds	0.0000000000 seconds
Iteration 34:	0.0358619690 seconds	0.0000000000 seconds
Iteration 34:	0.0358819962 seconds	0.0000000000 seconds
Iteration 34:	0.0358850956 seconds	0.0000000000 seconds
Iteration 34:	0.0358910561 seconds	0.0000000000 seconds
Iteration 34:	0.0358300209 seconds	0.0000000000 seconds
Iteration 34:	0.0359499454 seconds	0.0000000000 seconds
Iteration 34:	0.0359818935 seconds	0.0000000000 seconds
Iteration 34:	0.0359179974 seconds	0.0000000000 seconds
Iteration 34:	0.0359098911 seconds	0.0000000000 seconds
Iteration 34:	0.0359079838 seconds	0.0000000000 seconds
Iteration 34:	0.0359060764 seconds	0.0000000000 seconds
Iteration 34:	0.0358991623 seconds	0.0000000000 seconds
Iteration 34:	0.0358951092 seconds	0.0000000000 seconds
Iteration 34:	0.0358939171 seconds	0.0000000000 seconds
Iteration 34:	0.0358939171 seconds	0.0000000000 seconds
Iteration 35:	0.0331280231 seconds	0.0000000000 seconds
Iteration 35:	0.0332551003 seconds	0.0000000000 seconds
Iteration 35:	0.0332608223 seconds	0.0000000000 seconds
Iteration 35:	0.0332629681 seconds	0.0000009537 seconds
Iteration 35:	0.0332610607 seconds	0.0000000000 seconds
Iteration 35:	0.0332651138 seconds	0.0000000000 seconds
Iteration 35:	0.0332670212 seconds	0.0000000000 seconds
Iteration 35:	0.0332739353 seconds	0.0000000000 seconds
Iteration 35:	0.0332839489 seconds	0.0000000000 seconds
Iteration 35:	0.0332908630 seconds	0.0000000000 seconds
Iteration 35:	0.0332801342 seconds	0.0000000000 seconds
Iteration 35:	0.0332860947 seconds	0.0000000000 seconds
Iteration 35:	0.0332880020 seconds	0.0000000000 seconds
Iteration 35:	0.0332889557 seconds	0.0000000000 seconds
Iteration 35:	0.0332908630 seconds	0.0000000000 seconds
Iteration 35:	0.0332939625 seconds	0.0000000000 seconds
Iteration 35:	0.0332939625 seconds	0.0000000000 seconds
Iteration 35:	0.0332980156 seconds	0.0000000000 seconds
Iteration 35:	0.0332989693 seconds	0.0000000000 seconds
Iteration 35:	0.0333039761 seconds	0.0000000000 seconds
Iteration 35:	0.0333101749 seconds	0.0000000000 seconds
Iteration 35:	0.0333158970 seconds	0.0000000000 seconds
Iteration 35:	0.0333158970 seconds	0.0000000000 seconds
Iteration 35:	0.0333158970 seconds	0.0000000000 seconds
Iteration 36:	0.0357630253 seconds	0.0000009537 seconds
Iteration 36:	0.0359590054 seconds	0.0000000000 seconds
Iteration 36:	0.0359539986 seconds	0.0000009537 seconds
Iteration 36:	0.0359518528 seconds	0.0000000000 seconds
Iteration 36:	0.0359539986 seconds	0.0000000000 seconds
Iteration 36:	0.0359499454 seconds	0.0000011921 seconds
Iteration 36:	0.0359418392 seconds	0.0000000000 seconds
Iteration 36:	0.0359499454 seconds	0.0000000000 seconds
Iteration 36:	0.0359380245 seconds	0.0000000000 seconds
Iteration 36:	0.0359320641 seconds	0.0000000000 seconds
Iteration 36:	0.0359370708 seconds	0.0000000000 seconds
Iteration 36:	0.0359358788 seconds	0.0000000000 seconds
Iteration 36:	0.0359358788 seconds	0.0000000000 seconds
Iteration 36:	0.0359339714 seconds	0.0000000000 seconds
Iteration 36:	0.0359349251 seconds	0.0000000000 seconds
Iteration 36:	0.0359280109 seconds	0.0000000000 seconds
Iteration 36:	0.0359311104 seconds	0.0000000000 seconds
Iteration 36:	0.0359292030 seconds	0.0000000000 seconds
Iteration 36:	0.0359249115 seconds	0.0000000000 seconds
Iteration 36:	0.0359220505 seconds	0.0000000000 seconds
Iteration 36:	0.0359199047 seconds	0.0000000000 seconds
Iteration 36:	0.0359210968 seconds	0.0000000000 seconds
Iteration 36:	0.0359199047 seconds	0.0000000000 seconds
Iteration 36:	0.0359199047 seconds	0.0000000000 seconds
Iteration 37:	0.0331270695 seconds	0.0000000000 seconds
Iteration 37:	0.0332760811 seconds	0.0000000000 seconds
Iteration 37:	0.0332808495 seconds	0.0000000000 seconds
Iteration 37:	0.0332839489 seconds	0.0000009537 seconds
Iteration 37:	0.0332829952 seconds	0.0000000000 seconds
Iteration 37:	0.0332920551 seconds	0.0000000000 seconds
Iteration 37:	0.0332951546 seconds	0.0000000000 seconds
Iteration 37:	0.0332949162 seconds	0.0000000000 seconds
Iteration 37:	0.0333039761 seconds	0.0000000000 seconds
Iteration 37:	0.0333061218 seconds	0.0000000000 seconds
Iteration 37:	0.0333061218 seconds	0.0000000000 seconds
Iteration 37:	0.0333039761 seconds	0.0000000000 seconds
Iteration 37:	0.0333020687 seconds	0.0000000000 seconds
Iteration 37:	0.0333030224 seconds	0.0000000000 seconds
Iteration 37:	0.0333039761 seconds	0.0000000000 seconds
Iteration 37:	0.0333120823 seconds	0.0000000000 seconds
Iteration 37:	0.0333089828 seconds	0.0000000000 seconds
Iteration 37:	0.0333139896 seconds	0.0000000000 seconds
Iteration 37:	0.0333180428 seconds	0.0000000000 seconds
Iteration 37:	0.0333199501 seconds	0.0000000000 seconds
Iteration 37:	0.0333230495 seconds	0.0000000000 seconds
Iteration 37:	0.0333211422 seconds	0.0000000000 seconds
Iteration 37:	0.0333220959 seconds	0.0000000000 seconds
Iteration 37:	0.0333218575 seconds	0.0000000000 seconds
Iteration 38:	0.0359690189 seconds	0.0000000000 seconds
Iteration 38:	0.0359649658 seconds	0.0000009537 seconds
Iteration 38:	0.0359618664 seconds	0.0000000000 seconds
Iteration 38:	0.0359640121 seconds	0.0000000000 seconds
Iteration 38:	0.0359511375 seconds	0.0000000000 seconds
Iteration 38:	0.0359580517 seconds	0.0000000000 seconds
Iteration 38:	0.0359480381 seconds	0.0000000000 seconds
Iteration 38:	0.0359590054 seconds	0.0000000000 seconds
Iteration 38:	0.0359549522 seconds	0.0000000000 seconds
Iteration 38:	0.0359511375 seconds	0.0000000000 seconds
Iteration 38:	0.0359361172 seconds	0.0000000000 seconds
Iteration 38:	0.0359311104 seconds	0.0000000000 seconds
Iteration 38:	0.0359580517 seconds	0.0000000000 seconds
Iteration 38:	0.0359511375 seconds	0.0000000000 seconds
Iteration 38:	0.0359611511 seconds	0.0000000000 seconds
Iteration 38:	0.0359368324 seconds	0.0000000000 seconds
Iteration 38:	0.0359449387 seconds	0.0000000000 seconds
Iteration 38:	0.0359530449 seconds	0.0000000000 seconds
Iteration 38:	0.0359480381 seconds	0.0000000000 seconds
Iteration 38:	0.0359449387 seconds	0.0000000000 seconds
Iteration 38:	0.0359439850 seconds	0.0000000000 seconds
Iteration 38:	0.0359439850 seconds	0.0000000000 seconds
Iteration 38:	0.0359449387 seconds	0.0000000000 seconds
Iteration 38:	0.0358750820 seconds	0.0000000000 seconds
Iteration 39:	0.0331609249 seconds	0.0000000000 seconds
Iteration 39:	0.0331819057 seconds	0.0000000000 seconds
Iteration 39:	0.0332739353 seconds	0.0000000000 seconds
Iteration 39:	0.0332789421 seconds	0.0000000000 seconds
Iteration 39:	0.0332808495 seconds	0.0000000000 seconds
Iteration 39:	0.0332851410 seconds	0.0000000000 seconds
Iteration 39:	0.0332870483 seconds	0.0000000000 seconds
Iteration 39:	0.0332860947 seconds	0.0000000000 seconds
Iteration 39:	0.0332942009 seconds	0.0000000000 seconds
Iteration 39:	0.0332870483 seconds	0.0000000000 seconds
Iteration 39:	0.0332939625 seconds	0.0000000000 seconds
Iteration 39:	0.0332829952 seconds	0.0000000000 seconds
Iteration 39:	0.0332870483 seconds	0.0000000000 seconds
Iteration 39:	0.0332942009 seconds	0.0000000000 seconds
Iteration 39:	0.0333080292 seconds	0.0000000000 seconds
Total computation time was: 1.385315		Average frame time was: 0.034628		Average Particle interations per second were: 1922906502.970973
Iteration 39:	0.0333111286 seconds	0.0000009537 seconds
Iteration 39:	0.0332980156 seconds	0.0000000000 seconds
Iteration 39:	0.0333049297 seconds	0.0000000000 seconds
Iteration 39:	0.0332410336 seconds	0.0000000000 seconds
Iteration 39:	0.0332939625 seconds	0.0000000000 seconds
Iteration 39:	0.0332980156 seconds	0.0000000000 seconds
Iteration 39:	0.0332970619 seconds	0.0000000000 seconds
Iteration 39:	0.0332949162 seconds	0.0000000000 seconds
Iteration 39:	0.0332980156 seconds	0.0000000000 seconds
