[ -1:000]                : Rank 0 is running on comet-04-48.sdsc.edu
[  0:001] init_pprintf   : My dest: 1	My source: 4	My_num_part: 96
Initalizing particles linear on 0 to 96
[ -1:000]                : Rank 1 is running on comet-19-47.sdsc.edu
[  1:001] init_pprintf   : My dest: 2	My source: 0	My_num_part: 96
[ -1:000]                : Rank 3 is running on comet-19-56.sdsc.edu
[  3:001] init_pprintf   : My dest: 4	My source: 2	My_num_part: 96
Initalizing particles linear on 96 to 192
Initalizing particles linear on 288 to 384
[ -1:000]                : Rank 4 is running on comet-19-66.sdsc.edu
[  4:001] init_pprintf   : My dest: 0	My source: 3	My_num_part: 96
Initalizing particles linear on 384 to 480
[ -1:000]                : Rank 2 is running on comet-19-55.sdsc.edu
[  2:001] init_pprintf   : My dest: 3	My source: 1	My_num_part: 96
Initalizing particles linear on 192 to 288
Iteration 0:	0.0972309113 seconds	0.0000000000 seconds
Iteration 0:	0.0643160343 seconds	0.0000000000 seconds
Iteration 0:	0.0720758438 seconds	0.0000000000 seconds
Iteration 0:	0.0719408989 seconds	0.0000011921 seconds
Iteration 0:	0.0724740028 seconds	0.0000000000 seconds
Iteration 1:	0.0490798950 seconds	0.0000009537 seconds
Iteration 1:	0.0484750271 seconds	0.0000000000 seconds
Iteration 1:	0.0599241257 seconds	0.0000000000 seconds
Iteration 1:	0.0579991341 seconds	0.0000000000 seconds
Iteration 1:	0.0500929356 seconds	0.0000000000 seconds
Iteration 2:	0.0498950481 seconds	0.0000000000 seconds
Iteration 2:	0.0499739647 seconds	0.0000000000 seconds
Iteration 2:	0.0510079861 seconds	0.0000000000 seconds
Iteration 2:	0.0539648533 seconds	0.0000009537 seconds
Iteration 2:	0.0539960861 seconds	0.0000000000 seconds
Iteration 3:	0.0247490406 seconds	0.0000000000 seconds
Iteration 3:	0.0306329727 seconds	0.0000000000 seconds
Iteration 3:	0.0306689739 seconds	0.0000000000 seconds
Iteration 3:	0.0293700695 seconds	0.0000000000 seconds
Iteration 3:	0.0250811577 seconds	0.0000000000 seconds
Iteration 4:	0.0011219978 seconds	0.0000000000 seconds
Iteration 4:	0.0007460117 seconds	0.0000000000 seconds
Iteration 4:	0.0007908344 seconds	0.0000009537 seconds
Iteration 4:	0.0009219646 seconds	0.0000011921 seconds
Iteration 4:	0.0009539127 seconds	0.0000000000 seconds
Iteration 5:	0.0007498264 seconds	0.0000000000 seconds
Iteration 5:	0.0008490086 seconds	0.0000009537 seconds
Iteration 5:	0.0007030964 seconds	0.0000000000 seconds
Iteration 5:	0.0009469986 seconds	0.0000000000 seconds
Iteration 5:	0.0008578300 seconds	0.0000000000 seconds
Iteration 6:	0.0007529259 seconds	0.0000000000 seconds
Iteration 6:	0.0007569790 seconds	0.0000000000 seconds
Iteration 6:	0.0009081364 seconds	0.0000000000 seconds
Iteration 6:	0.0008349419 seconds	0.0000000000 seconds
Iteration 6:	0.0008440018 seconds	0.0000011921 seconds
Iteration 7:	0.0006759167 seconds	0.0000009537 seconds
Iteration 7:	0.0008299351 seconds	0.0000000000 seconds
Iteration 7:	0.0008058548 seconds	0.0000000000 seconds
Iteration 7:	0.0009329319 seconds	0.0000000000 seconds
Iteration 7:	0.0008950233 seconds	0.0000009537 seconds
Iteration 8:	0.0007269382 seconds	0.0000000000 seconds
Iteration 8:	0.0009319782 seconds	0.0000000000 seconds
Iteration 8:	0.0010318756 seconds	0.0000000000 seconds
Iteration 8:	0.0008912086 seconds	0.0000000000 seconds
Iteration 8:	0.0010170937 seconds	0.0000000000 seconds
Iteration 9:	0.0009641647 seconds	0.0000000000 seconds
Iteration 9:	0.0007400513 seconds	0.0000000000 seconds
Iteration 9:	0.0008559227 seconds	0.0000009537 seconds
Iteration 9:	0.0008339882 seconds	0.0000000000 seconds
Iteration 9:	0.0009710789 seconds	0.0000000000 seconds
Iteration 10:	0.0007531643 seconds	0.0000000000 seconds
Iteration 10:	0.0007021427 seconds	0.0000000000 seconds
Iteration 10:	0.0007560253 seconds	0.0000000000 seconds
Iteration 10:	0.0008060932 seconds	0.0000000000 seconds
Iteration 10:	0.0008089542 seconds	0.0000000000 seconds
Iteration 11:	0.0008640289 seconds	0.0000000000 seconds
Iteration 11:	0.0008990765 seconds	0.0000000000 seconds
Iteration 11:	0.0008420944 seconds	0.0000000000 seconds
Iteration 11:	0.0007998943 seconds	0.0000000000 seconds
Iteration 11:	0.0008549690 seconds	0.0000000000 seconds
Iteration 12:	0.0007319450 seconds	0.0000000000 seconds
Iteration 12:	0.0008349419 seconds	0.0000000000 seconds
Iteration 12:	0.0008909702 seconds	0.0000009537 seconds
Iteration 12:	0.0009291172 seconds	0.0000000000 seconds
Iteration 12:	0.0008599758 seconds	0.0000000000 seconds
Iteration 13:	0.0008080006 seconds	0.0000000000 seconds
Iteration 13:	0.0007989407 seconds	0.0000000000 seconds
Iteration 13:	0.0008149147 seconds	0.0000011921 seconds
Iteration 13:	0.0008840561 seconds	0.0000000000 seconds
Iteration 13:	0.0010199547 seconds	0.0000000000 seconds
Iteration 14:	0.0007381439 seconds	0.0000000000 seconds
Iteration 14:	0.0007078648 seconds	0.0000000000 seconds
Iteration 14:	0.0007410049 seconds	0.0000000000 seconds
Iteration 14:	0.0008051395 seconds	0.0000000000 seconds
Iteration 14:	0.0007679462 seconds	0.0000000000 seconds
Iteration 15:	0.0007100105 seconds	0.0000000000 seconds
Iteration 15:	0.0008459091 seconds	0.0000000000 seconds
Iteration 15:	0.0008060932 seconds	0.0000000000 seconds
Iteration 15:	0.0008089542 seconds	0.0000000000 seconds
Iteration 15:	0.0008180141 seconds	0.0000000000 seconds
Iteration 16:	0.0007641315 seconds	0.0000000000 seconds
Iteration 16:	0.0008561611 seconds	0.0000000000 seconds
Iteration 16:	0.0008378029 seconds	0.0000000000 seconds
Iteration 16:	0.0009820461 seconds	0.0000000000 seconds
Iteration 16:	0.0009300709 seconds	0.0000000000 seconds
Iteration 17:	0.0009021759 seconds	0.0000000000 seconds
Iteration 17:	0.0008761883 seconds	0.0000000000 seconds
Iteration 17:	0.0008709431 seconds	0.0000000000 seconds
Iteration 17:	0.0007588863 seconds	0.0000000000 seconds
Iteration 17:	0.0007529259 seconds	0.0000000000 seconds
Iteration 18:	0.0008859634 seconds	0.0000009537 seconds
Iteration 18:	0.0008950233 seconds	0.0000000000 seconds
Iteration 18:	0.0008618832 seconds	0.0000000000 seconds
Iteration 18:	0.0009219646 seconds	0.0000000000 seconds
Iteration 18:	0.0009450912 seconds	0.0000000000 seconds
Iteration 19:	0.0007581711 seconds	0.0000000000 seconds
Iteration 19:	0.0007610321 seconds	0.0000000000 seconds
Iteration 19:	0.0007479191 seconds	0.0000000000 seconds
Iteration 19:	0.0007660389 seconds	0.0000000000 seconds
Iteration 19:	0.0007760525 seconds	0.0000000000 seconds
Iteration 20:	0.0007548332 seconds	0.0000000000 seconds
Iteration 20:	0.0007529259 seconds	0.0000000000 seconds
Iteration 20:	0.0008590221 seconds	0.0000000000 seconds
Iteration 20:	0.0009639263 seconds	0.0000000000 seconds
Iteration 20:	0.0009858608 seconds	0.0000000000 seconds
Iteration 21:	0.0006299019 seconds	0.0000000000 seconds
Iteration 21:	0.0007090569 seconds	0.0000000000 seconds
Iteration 21:	0.0010230541 seconds	0.0000009537 seconds
Iteration 21:	0.0010039806 seconds	0.0000000000 seconds
Iteration 21:	0.0009701252 seconds	0.0000000000 seconds
Iteration 22:	0.0007348061 seconds	0.0000011921 seconds
Iteration 22:	0.0007750988 seconds	0.0000000000 seconds
Iteration 22:	0.0008330345 seconds	0.0000000000 seconds
Iteration 22:	0.0010700226 seconds	0.0000000000 seconds
Iteration 22:	0.0010449886 seconds	0.0000000000 seconds
Iteration 23:	0.0008981228 seconds	0.0000000000 seconds
Iteration 23:	0.0007388592 seconds	0.0000000000 seconds
Iteration 23:	0.0008640289 seconds	0.0000000000 seconds
Iteration 23:	0.0008289814 seconds	0.0000000000 seconds
Iteration 23:	0.0009131432 seconds	0.0000000000 seconds
Iteration 24:	0.0008599758 seconds	0.0000000000 seconds
Iteration 24:	0.0008981228 seconds	0.0000000000 seconds
Iteration 24:	0.0008950233 seconds	0.0000000000 seconds
Iteration 24:	0.0007758141 seconds	0.0000000000 seconds
Iteration 24:	0.0010290146 seconds	0.0000000000 seconds
Iteration 25:	0.0008440018 seconds	0.0000000000 seconds
Iteration 25:	0.0009260178 seconds	0.0000009537 seconds
Iteration 25:	0.0008149147 seconds	0.0000009537 seconds
Iteration 25:	0.0008320808 seconds	0.0000000000 seconds
Iteration 25:	0.0008690357 seconds	0.0000000000 seconds
Iteration 26:	0.0006971359 seconds	0.0000000000 seconds
Iteration 26:	0.0006380081 seconds	0.0000000000 seconds
Iteration 26:	0.0007629395 seconds	0.0000000000 seconds
Iteration 26:	0.0008227825 seconds	0.0000000000 seconds
Iteration 26:	0.0008587837 seconds	0.0000000000 seconds
Iteration 27:	0.0009229183 seconds	0.0000000000 seconds
Iteration 27:	0.0009500980 seconds	0.0000000000 seconds
Iteration 27:	0.0010011196 seconds	0.0000000000 seconds
Iteration 27:	0.0008249283 seconds	0.0000000000 seconds
Iteration 27:	0.0008339882 seconds	0.0000000000 seconds
Iteration 28:	0.0007658005 seconds	0.0000000000 seconds
Iteration 28:	0.0007560253 seconds	0.0000000000 seconds
Iteration 28:	0.0007820129 seconds	0.0000000000 seconds
Iteration 28:	0.0007779598 seconds	0.0000000000 seconds
Iteration 28:	0.0008230209 seconds	0.0000000000 seconds
Iteration 29:	0.0008339882 seconds	0.0000000000 seconds
Iteration 29:	0.0008010864 seconds	0.0000000000 seconds
Iteration 29:	0.0008881092 seconds	0.0000000000 seconds
Iteration 29:	0.0009632111 seconds	0.0000000000 seconds
Iteration 29:	0.0010061264 seconds	0.0000009537 seconds
Iteration 30:	0.0008840561 seconds	0.0000000000 seconds
Iteration 30:	0.0008878708 seconds	0.0000000000 seconds
Iteration 30:	0.0007560253 seconds	0.0000000000 seconds
Iteration 30:	0.0008499622 seconds	0.0000000000 seconds
Iteration 30:	0.0007691383 seconds	0.0000000000 seconds
Iteration 31:	0.0008101463 seconds	0.0000009537 seconds
Iteration 31:	0.0007970333 seconds	0.0000000000 seconds
Iteration 31:	0.0009260178 seconds	0.0000000000 seconds
Iteration 31:	0.0008399487 seconds	0.0000011921 seconds
Iteration 31:	0.0009288788 seconds	0.0000000000 seconds
Iteration 32:	0.0007779598 seconds	0.0000000000 seconds
Iteration 32:	0.0006978512 seconds	0.0000000000 seconds
Iteration 32:	0.0007741451 seconds	0.0000000000 seconds
Iteration 32:	0.0007889271 seconds	0.0000000000 seconds
Iteration 32:	0.0007429123 seconds	0.0000000000 seconds
Iteration 33:	0.0008850098 seconds	0.0000000000 seconds
Iteration 33:	0.0008838177 seconds	0.0000009537 seconds
Iteration 33:	0.0009171963 seconds	0.0000000000 seconds
Iteration 33:	0.0009319782 seconds	0.0000000000 seconds
Iteration 33:	0.0009548664 seconds	0.0000000000 seconds
Iteration 34:	0.0007441044 seconds	0.0000000000 seconds
Iteration 34:	0.0008780956 seconds	0.0000009537 seconds
Iteration 34:	0.0009191036 seconds	0.0000000000 seconds
Iteration 34:	0.0008919239 seconds	0.0000000000 seconds
Iteration 34:	0.0008919239 seconds	0.0000000000 seconds
Iteration 35:	0.0007159710 seconds	0.0000000000 seconds
Iteration 35:	0.0008141994 seconds	0.0000000000 seconds
Iteration 35:	0.0008549690 seconds	0.0000000000 seconds
Iteration 35:	0.0009019375 seconds	0.0000000000 seconds
Iteration 35:	0.0010700226 seconds	0.0000000000 seconds
Iteration 36:	0.0007259846 seconds	0.0000000000 seconds
Iteration 36:	0.0007388592 seconds	0.0000000000 seconds
Iteration 36:	0.0008959770 seconds	0.0000000000 seconds
Iteration 36:	0.0008571148 seconds	0.0000000000 seconds
Iteration 36:	0.0009579659 seconds	0.0000000000 seconds
Iteration 37:	0.0007019043 seconds	0.0000000000 seconds
Iteration 37:	0.0007338524 seconds	0.0000000000 seconds
Iteration 37:	0.0008440018 seconds	0.0000000000 seconds
Iteration 37:	0.0009381771 seconds	0.0000000000 seconds
Iteration 37:	0.0008480549 seconds	0.0000000000 seconds
Iteration 38:	0.0006990433 seconds	0.0000000000 seconds
Iteration 38:	0.0007078648 seconds	0.0000000000 seconds
Iteration 38:	0.0008080006 seconds	0.0000000000 seconds
Iteration 38:	0.0009460449 seconds	0.0000000000 seconds
Iteration 38:	0.0009090900 seconds	0.0000000000 seconds
Iteration 39:	0.0008490086 seconds	0.0000000000 seconds
Iteration 39:	0.0010471344 seconds	0.0000000000 seconds
Iteration 39:	0.0010771751 seconds	0.0000009537 seconds
Iteration 39:	0.0009579659 seconds	0.0000000000 seconds
Iteration 39:	0.0010740757 seconds	0.0000000000 seconds
Iteration 40:	0.0009210110 seconds	0.0000000000 seconds
Iteration 40:	0.0007770061 seconds	0.0000009537 seconds
Iteration 40:	0.0009279251 seconds	0.0000000000 seconds
Iteration 40:	0.0008599758 seconds	0.0000000000 seconds
Iteration 40:	0.0008919239 seconds	0.0000000000 seconds
Iteration 41:	0.0007119179 seconds	0.0000009537 seconds
Iteration 41:	0.0007529259 seconds	0.0000000000 seconds
Iteration 41:	0.0009181499 seconds	0.0000000000 seconds
Iteration 41:	0.0008919239 seconds	0.0000000000 seconds
Iteration 41:	0.0009260178 seconds	0.0000000000 seconds
Iteration 42:	0.0008552074 seconds	0.0000000000 seconds
Iteration 42:	0.0008912086 seconds	0.0000009537 seconds
Iteration 42:	0.0008449554 seconds	0.0000011921 seconds
Iteration 42:	0.0008890629 seconds	0.0000000000 seconds
Iteration 42:	0.0009539127 seconds	0.0000000000 seconds
Iteration 43:	0.0007588863 seconds	0.0000000000 seconds
Iteration 43:	0.0007789135 seconds	0.0000011921 seconds
Iteration 43:	0.0009031296 seconds	0.0000000000 seconds
Iteration 43:	0.0007979870 seconds	0.0000000000 seconds
Iteration 43:	0.0009570122 seconds	0.0000000000 seconds
Iteration 44:	0.0007760525 seconds	0.0000000000 seconds
Iteration 44:	0.0007748604 seconds	0.0000000000 seconds
Iteration 44:	0.0007548332 seconds	0.0000000000 seconds
Iteration 44:	0.0008358955 seconds	0.0000000000 seconds
Iteration 44:	0.0008339882 seconds	0.0000000000 seconds
Iteration 45:	0.0007510185 seconds	0.0000000000 seconds
Iteration 45:	0.0008499622 seconds	0.0000000000 seconds
Iteration 45:	0.0007958412 seconds	0.0000000000 seconds
Iteration 45:	0.0007262230 seconds	0.0000000000 seconds
Iteration 45:	0.0007719994 seconds	0.0000000000 seconds
Iteration 46:	0.0007939339 seconds	0.0000000000 seconds
Iteration 46:	0.0007550716 seconds	0.0000000000 seconds
Iteration 46:	0.0008089542 seconds	0.0000000000 seconds
Iteration 46:	0.0009379387 seconds	0.0000000000 seconds
Iteration 46:	0.0007989407 seconds	0.0000000000 seconds
Iteration 47:	0.0007348061 seconds	0.0000000000 seconds
Iteration 47:	0.0008389950 seconds	0.0000000000 seconds
Iteration 47:	0.0008990765 seconds	0.0000000000 seconds
Iteration 47:	0.0008618832 seconds	0.0000021458 seconds
Iteration 47:	0.0009520054 seconds	0.0000000000 seconds
Iteration 48:	0.0008590221 seconds	0.0000000000 seconds
Iteration 48:	0.0009019375 seconds	0.0000000000 seconds
Iteration 48:	0.0008370876 seconds	0.0000000000 seconds
Iteration 48:	0.0008342266 seconds	0.0000000000 seconds
Iteration 48:	0.0008471012 seconds	0.0000000000 seconds
Iteration 49:	0.0007069111 seconds	0.0000009537 seconds
Iteration 49:	0.0007288456 seconds	0.0000000000 seconds
Iteration 49:	0.0008280277 seconds	0.0000000000 seconds
Iteration 49:	0.0007209778 seconds	0.0000000000 seconds
Iteration 49:	0.0008358955 seconds	0.0000000000 seconds
Iteration 50:	0.0008389950 seconds	0.0000000000 seconds
Iteration 50:	0.0008389950 seconds	0.0000000000 seconds
Iteration 50:	0.0008378029 seconds	0.0000000000 seconds
Iteration 50:	0.0008518696 seconds	0.0000000000 seconds
Iteration 50:	0.0008389950 seconds	0.0000000000 seconds
Iteration 51:	0.0007050037 seconds	0.0000000000 seconds
Iteration 51:	0.0007221699 seconds	0.0000009537 seconds
Iteration 51:	0.0007798672 seconds	0.0000000000 seconds
Iteration 51:	0.0006899834 seconds	0.0000000000 seconds
Iteration 51:	0.0007560253 seconds	0.0000000000 seconds
Iteration 52:	0.0007169247 seconds	0.0000000000 seconds
Iteration 52:	0.0007398129 seconds	0.0000000000 seconds
Iteration 52:	0.0007920265 seconds	0.0000000000 seconds
Iteration 52:	0.0007998943 seconds	0.0000000000 seconds
Iteration 52:	0.0007929802 seconds	0.0000000000 seconds
Iteration 53:	0.0008108616 seconds	0.0000000000 seconds
Iteration 53:	0.0008339882 seconds	0.0000000000 seconds
Iteration 53:	0.0008740425 seconds	0.0000000000 seconds
Iteration 53:	0.0008680820 seconds	0.0000009537 seconds
Iteration 53:	0.0008771420 seconds	0.0000000000 seconds
Iteration 54:	0.0007860661 seconds	0.0000000000 seconds
Iteration 54:	0.0007498264 seconds	0.0000000000 seconds
Iteration 54:	0.0008931160 seconds	0.0000000000 seconds
Iteration 54:	0.0009150505 seconds	0.0000000000 seconds
Iteration 54:	0.0009529591 seconds	0.0000000000 seconds
Iteration 55:	0.0007140636 seconds	0.0000000000 seconds
Iteration 55:	0.0006861687 seconds	0.0000000000 seconds
Iteration 55:	0.0007989407 seconds	0.0000000000 seconds
Iteration 55:	0.0007531643 seconds	0.0000000000 seconds
Iteration 55:	0.0007710457 seconds	0.0000000000 seconds
Iteration 56:	0.0007290840 seconds	0.0000000000 seconds
Iteration 56:	0.0007607937 seconds	0.0000000000 seconds
Iteration 56:	0.0007591248 seconds	0.0000000000 seconds
Iteration 56:	0.0009191036 seconds	0.0000009537 seconds
Iteration 56:	0.0009508133 seconds	0.0000000000 seconds
Iteration 57:	0.0006330013 seconds	0.0000000000 seconds
Iteration 57:	0.0007719994 seconds	0.0000000000 seconds
Iteration 57:	0.0008940697 seconds	0.0000000000 seconds
Iteration 57:	0.0008850098 seconds	0.0000009537 seconds
Iteration 57:	0.0009510517 seconds	0.0000000000 seconds
Iteration 58:	0.0007162094 seconds	0.0000000000 seconds
Iteration 58:	0.0008771420 seconds	0.0000000000 seconds
Iteration 58:	0.0007209778 seconds	0.0000000000 seconds
Iteration 58:	0.0007140636 seconds	0.0000000000 seconds
Iteration 58:	0.0007550716 seconds	0.0000000000 seconds
Iteration 59:	0.0007879734 seconds	0.0000000000 seconds
Iteration 59:	0.0007641315 seconds	0.0000000000 seconds
Iteration 59:	0.0007719994 seconds	0.0000000000 seconds
Iteration 59:	0.0007691383 seconds	0.0000000000 seconds
Iteration 59:	0.0008060932 seconds	0.0000000000 seconds
Iteration 60:	0.0007338524 seconds	0.0000000000 seconds
Iteration 60:	0.0007901192 seconds	0.0000000000 seconds
Iteration 60:	0.0008721352 seconds	0.0000000000 seconds
Iteration 60:	0.0007882118 seconds	0.0000000000 seconds
Iteration 60:	0.0007841587 seconds	0.0000000000 seconds
Iteration 61:	0.0008420944 seconds	0.0000009537 seconds
Iteration 61:	0.0009219646 seconds	0.0000009537 seconds
Iteration 61:	0.0008821487 seconds	0.0000000000 seconds
Iteration 61:	0.0009870529 seconds	0.0000000000 seconds
Iteration 61:	0.0010011196 seconds	0.0000000000 seconds
Iteration 62:	0.0007708073 seconds	0.0000000000 seconds
Iteration 62:	0.0008969307 seconds	0.0000000000 seconds
Iteration 62:	0.0007970333 seconds	0.0000000000 seconds
Iteration 62:	0.0008440018 seconds	0.0000000000 seconds
Iteration 62:	0.0008230209 seconds	0.0000000000 seconds
Iteration 63:	0.0007119179 seconds	0.0000000000 seconds
Iteration 63:	0.0007259846 seconds	0.0000000000 seconds
Iteration 63:	0.0007469654 seconds	0.0000009537 seconds
Iteration 63:	0.0008599758 seconds	0.0000000000 seconds
Iteration 63:	0.0008790493 seconds	0.0000000000 seconds
Iteration 64:	0.0007619858 seconds	0.0000000000 seconds
Iteration 64:	0.0006940365 seconds	0.0000000000 seconds
Iteration 64:	0.0008189678 seconds	0.0000000000 seconds
Iteration 64:	0.0008292198 seconds	0.0000000000 seconds
Iteration 64:	0.0008511543 seconds	0.0000000000 seconds
Iteration 65:	0.0008468628 seconds	0.0000000000 seconds
Iteration 65:	0.0007760525 seconds	0.0000000000 seconds
Iteration 65:	0.0008311272 seconds	0.0000000000 seconds
Iteration 65:	0.0007920265 seconds	0.0000000000 seconds
Iteration 65:	0.0007860661 seconds	0.0000000000 seconds
Iteration 66:	0.0007860661 seconds	0.0000000000 seconds
Iteration 66:	0.0007939339 seconds	0.0000000000 seconds
Iteration 66:	0.0008239746 seconds	0.0000000000 seconds
Iteration 66:	0.0008549690 seconds	0.0000000000 seconds
Iteration 66:	0.0008890629 seconds	0.0000009537 seconds
Iteration 67:	0.0008859634 seconds	0.0000000000 seconds
Iteration 67:	0.0007908344 seconds	0.0000009537 seconds
Iteration 67:	0.0008599758 seconds	0.0000000000 seconds
Iteration 67:	0.0008871555 seconds	0.0000000000 seconds
Iteration 67:	0.0008871555 seconds	0.0000000000 seconds
Iteration 68:	0.0006711483 seconds	0.0000000000 seconds
Iteration 68:	0.0007109642 seconds	0.0000000000 seconds
Iteration 68:	0.0006771088 seconds	0.0000009537 seconds
Iteration 68:	0.0007469654 seconds	0.0000000000 seconds
Iteration 68:	0.0007569790 seconds	0.0000000000 seconds
Iteration 69:	0.0008249283 seconds	0.0000000000 seconds
Iteration 69:	0.0008761883 seconds	0.0000000000 seconds
Iteration 69:	0.0009369850 seconds	0.0000000000 seconds
Iteration 69:	0.0010080338 seconds	0.0000000000 seconds
Iteration 69:	0.0009951591 seconds	0.0000000000 seconds
Iteration 70:	0.0009160042 seconds	0.0000000000 seconds
Iteration 70:	0.0007801056 seconds	0.0000000000 seconds
Iteration 70:	0.0007679462 seconds	0.0000000000 seconds
Iteration 70:	0.0009438992 seconds	0.0000000000 seconds
Iteration 70:	0.0008230209 seconds	0.0000000000 seconds
Iteration 71:	0.0007679462 seconds	0.0000000000 seconds
Iteration 71:	0.0007851124 seconds	0.0000000000 seconds
Iteration 71:	0.0007629395 seconds	0.0000000000 seconds
Iteration 71:	0.0008680820 seconds	0.0000000000 seconds
Iteration 71:	0.0008289814 seconds	0.0000000000 seconds
Iteration 72:	0.0007469654 seconds	0.0000000000 seconds
Iteration 72:	0.0007460117 seconds	0.0000000000 seconds
Iteration 72:	0.0007488728 seconds	0.0000009537 seconds
Iteration 72:	0.0008921623 seconds	0.0000000000 seconds
Iteration 72:	0.0009059906 seconds	0.0000000000 seconds
Iteration 73:	0.0007658005 seconds	0.0000000000 seconds
Iteration 73:	0.0009479523 seconds	0.0000000000 seconds
Iteration 73:	0.0008158684 seconds	0.0000000000 seconds
Iteration 73:	0.0010280609 seconds	0.0000000000 seconds
Iteration 73:	0.0009911060 seconds	0.0000000000 seconds
Iteration 74:	0.0006179810 seconds	0.0000000000 seconds
Iteration 74:	0.0008819103 seconds	0.0000000000 seconds
Iteration 74:	0.0009431839 seconds	0.0000000000 seconds
Iteration 74:	0.0008268356 seconds	0.0000000000 seconds
Iteration 74:	0.0009689331 seconds	0.0000000000 seconds
Iteration 75:	0.0009629726 seconds	0.0000000000 seconds
Iteration 75:	0.0008058548 seconds	0.0000000000 seconds
Iteration 75:	0.0007610321 seconds	0.0000000000 seconds
Iteration 75:	0.0007629395 seconds	0.0000009537 seconds
Iteration 75:	0.0007750988 seconds	0.0000000000 seconds
Iteration 76:	0.0007188320 seconds	0.0000000000 seconds
Iteration 76:	0.0007209778 seconds	0.0000000000 seconds
Iteration 76:	0.0007209778 seconds	0.0000000000 seconds
Iteration 76:	0.0007841587 seconds	0.0000000000 seconds
Iteration 76:	0.0007619858 seconds	0.0000000000 seconds
Iteration 77:	0.0007390976 seconds	0.0000000000 seconds
Iteration 77:	0.0008139610 seconds	0.0000000000 seconds
Iteration 77:	0.0008230209 seconds	0.0000000000 seconds
Iteration 77:	0.0008759499 seconds	0.0000000000 seconds
Iteration 77:	0.0008959770 seconds	0.0000000000 seconds
Iteration 78:	0.0007150173 seconds	0.0000000000 seconds
Iteration 78:	0.0009059906 seconds	0.0000000000 seconds
Iteration 78:	0.0007700920 seconds	0.0000000000 seconds
Iteration 78:	0.0007750988 seconds	0.0000000000 seconds
Iteration 78:	0.0008609295 seconds	0.0000000000 seconds
Iteration 79:	0.0007340908 seconds	0.0000019073 seconds
Iteration 79:	0.0007429123 seconds	0.0000000000 seconds
Iteration 79:	0.0007860661 seconds	0.0000000000 seconds
Iteration 79:	0.0008580685 seconds	0.0000000000 seconds
Iteration 79:	0.0008699894 seconds	0.0000000000 seconds
Iteration 80:	0.0007300377 seconds	0.0000000000 seconds
Iteration 80:	0.0008091927 seconds	0.0000000000 seconds
Iteration 80:	0.0006659031 seconds	0.0000000000 seconds
Iteration 80:	0.0008020401 seconds	0.0000000000 seconds
Iteration 80:	0.0008630753 seconds	0.0000000000 seconds
Iteration 81:	0.0008239746 seconds	0.0000000000 seconds
Iteration 81:	0.0008699894 seconds	0.0000000000 seconds
Iteration 81:	0.0008800030 seconds	0.0000000000 seconds
Iteration 81:	0.0009520054 seconds	0.0000009537 seconds
Iteration 81:	0.0009400845 seconds	0.0000000000 seconds
Iteration 82:	0.0008618832 seconds	0.0000000000 seconds
Iteration 82:	0.0007710457 seconds	0.0000000000 seconds
Iteration 82:	0.0008499622 seconds	0.0000009537 seconds
Iteration 82:	0.0009560585 seconds	0.0000000000 seconds
Iteration 82:	0.0008928776 seconds	0.0000000000 seconds
Iteration 83:	0.0007970333 seconds	0.0000000000 seconds
Iteration 83:	0.0007951260 seconds	0.0000000000 seconds
Iteration 83:	0.0009829998 seconds	0.0000000000 seconds
Iteration 83:	0.0009639263 seconds	0.0000000000 seconds
Iteration 83:	0.0009219646 seconds	0.0000000000 seconds
Iteration 84:	0.0008769035 seconds	0.0000000000 seconds
Iteration 84:	0.0009770393 seconds	0.0000000000 seconds
Iteration 84:	0.0008358955 seconds	0.0000000000 seconds
Iteration 84:	0.0009980202 seconds	0.0000000000 seconds
Iteration 84:	0.0009009838 seconds	0.0000000000 seconds
Iteration 85:	0.0008208752 seconds	0.0000000000 seconds
Iteration 85:	0.0008499622 seconds	0.0000000000 seconds
Iteration 85:	0.0008561611 seconds	0.0000000000 seconds
Iteration 85:	0.0008440018 seconds	0.0000000000 seconds
Iteration 85:	0.0009000301 seconds	0.0000000000 seconds
Iteration 86:	0.0007619858 seconds	0.0000000000 seconds
Iteration 86:	0.0007760525 seconds	0.0000000000 seconds
Iteration 86:	0.0007650852 seconds	0.0000000000 seconds
Iteration 86:	0.0009121895 seconds	0.0000000000 seconds
Iteration 86:	0.0010361671 seconds	0.0000000000 seconds
Iteration 87:	0.0006239414 seconds	0.0000000000 seconds
Iteration 87:	0.0006229877 seconds	0.0000009537 seconds
Iteration 87:	0.0008249283 seconds	0.0000000000 seconds
Iteration 87:	0.0007789135 seconds	0.0000000000 seconds
Iteration 87:	0.0008471012 seconds	0.0000000000 seconds
Iteration 88:	0.0007870197 seconds	0.0000000000 seconds
Iteration 88:	0.0007557869 seconds	0.0000000000 seconds
Iteration 88:	0.0007069111 seconds	0.0000000000 seconds
Iteration 88:	0.0007019043 seconds	0.0000000000 seconds
Iteration 88:	0.0007219315 seconds	0.0000000000 seconds
Iteration 89:	0.0007708073 seconds	0.0000000000 seconds
Iteration 89:	0.0007300377 seconds	0.0000000000 seconds
Iteration 89:	0.0007708073 seconds	0.0000000000 seconds
Iteration 89:	0.0008180141 seconds	0.0000009537 seconds
Iteration 89:	0.0008671284 seconds	0.0000000000 seconds
Iteration 90:	0.0007090569 seconds	0.0000000000 seconds
Iteration 90:	0.0007209778 seconds	0.0000000000 seconds
Iteration 90:	0.0008170605 seconds	0.0000009537 seconds
Iteration 90:	0.0008070469 seconds	0.0000000000 seconds
Iteration 90:	0.0008218288 seconds	0.0000000000 seconds
Iteration 91:	0.0007600784 seconds	0.0000000000 seconds
Iteration 91:	0.0007181168 seconds	0.0000009537 seconds
Iteration 91:	0.0008180141 seconds	0.0000000000 seconds
Iteration 91:	0.0009019375 seconds	0.0000000000 seconds
Iteration 91:	0.0008840561 seconds	0.0000000000 seconds
Iteration 92:	0.0008361340 seconds	0.0000000000 seconds
Iteration 92:	0.0007030964 seconds	0.0000009537 seconds
Iteration 92:	0.0008020401 seconds	0.0000000000 seconds
Iteration 92:	0.0008540154 seconds	0.0000000000 seconds
Iteration 92:	0.0008778572 seconds	0.0000000000 seconds
Iteration 93:	0.0008239746 seconds	0.0000000000 seconds
Iteration 93:	0.0007369518 seconds	0.0000000000 seconds
Iteration 93:	0.0008599758 seconds	0.0000000000 seconds
Iteration 93:	0.0008418560 seconds	0.0000000000 seconds
Iteration 93:	0.0008540154 seconds	0.0000000000 seconds
Iteration 94:	0.0008239746 seconds	0.0000000000 seconds
Iteration 94:	0.0008180141 seconds	0.0000000000 seconds
Iteration 94:	0.0007879734 seconds	0.0000000000 seconds
Iteration 94:	0.0008239746 seconds	0.0000000000 seconds
Iteration 94:	0.0008208752 seconds	0.0000000000 seconds
Iteration 95:	0.0007629395 seconds	0.0000000000 seconds
Iteration 95:	0.0007898808 seconds	0.0000000000 seconds
Iteration 95:	0.0008740425 seconds	0.0000000000 seconds
Iteration 95:	0.0008039474 seconds	0.0000000000 seconds
Iteration 95:	0.0008349419 seconds	0.0000000000 seconds
Iteration 96:	0.0007669926 seconds	0.0000009537 seconds
Iteration 96:	0.0008020401 seconds	0.0000000000 seconds
Iteration 96:	0.0007820129 seconds	0.0000000000 seconds
Iteration 96:	0.0008289814 seconds	0.0000000000 seconds
Iteration 96:	0.0007760525 seconds	0.0000000000 seconds
Iteration 97:	0.0007820129 seconds	0.0000000000 seconds
Iteration 97:	0.0008468628 seconds	0.0000000000 seconds
Iteration 97:	0.0008749962 seconds	0.0000000000 seconds
Iteration 97:	0.0009689331 seconds	0.0000000000 seconds
Iteration 97:	0.0009989738 seconds	0.0000000000 seconds
Iteration 98:	0.0008981228 seconds	0.0000000000 seconds
Iteration 98:	0.0008740425 seconds	0.0000000000 seconds
Iteration 98:	0.0007901192 seconds	0.0000000000 seconds
Iteration 98:	0.0008149147 seconds	0.0000000000 seconds
Iteration 98:	0.0008277893 seconds	0.0000000000 seconds
Iteration 99:	0.0006480217 seconds	0.0000000000 seconds
Iteration 99:	0.0007030964 seconds	0.0000000000 seconds
Iteration 99:	0.0007488728 seconds	0.0000000000 seconds
Iteration 99:	0.0007820129 seconds	0.0000000000 seconds
Total computation time was: 0.324898		Average frame time was: 0.003168		Average Particle interations per second were: 72727191.021383
Iteration 99:	0.0008468628 seconds	0.0000000000 seconds
