[ -1:000]                : Rank 0 is running on comet-10-69.sdsc.edu
[  0:001] init_pprintf   : My dest: 1	My source: 1	My_num_part: 4080
Initalizing particles linear on 0 to 4080
[ -1:000]                : Rank 1 is running on comet-22-25.sdsc.edu
[  1:001] init_pprintf   : My dest: 0	My source: 0	My_num_part: 4080
Initalizing particles linear on 4080 to 8160
Iteration 0:	0.1278269291 seconds	0.0000009537 seconds
Iteration 0:	0.0750648975 seconds	0.0000000000 seconds
Iteration 1:	0.0598909855 seconds	0.0000000000 seconds
Iteration 1:	0.0596039295 seconds	0.0000000000 seconds
Iteration 2:	0.0608258247 seconds	0.0000000000 seconds
Iteration 2:	0.0605640411 seconds	0.0000000000 seconds
Iteration 3:	0.0491662025 seconds	0.0000000000 seconds
Iteration 3:	0.0489428043 seconds	0.0000000000 seconds
Iteration 4:	0.0538420677 seconds	0.0000000000 seconds
Iteration 4:	0.0535280704 seconds	0.0000000000 seconds
Iteration 5:	0.0480799675 seconds	0.0000011921 seconds
Iteration 5:	0.0477190018 seconds	0.0000000000 seconds
Iteration 6:	0.0555398464 seconds	0.0000000000 seconds
Iteration 6:	0.0551710129 seconds	0.0000000000 seconds
Iteration 7:	0.0522711277 seconds	0.0000000000 seconds
Iteration 7:	0.0520129204 seconds	0.0000000000 seconds
Iteration 8:	0.0523009300 seconds	0.0000000000 seconds
Iteration 8:	0.0519871712 seconds	0.0000000000 seconds
Iteration 9:	0.0528171062 seconds	0.0000000000 seconds
Iteration 9:	0.0524470806 seconds	0.0000000000 seconds
Iteration 10:	0.0569529533 seconds	0.0000000000 seconds
Iteration 10:	0.0565521717 seconds	0.0000000000 seconds
Iteration 11:	0.0528068542 seconds	0.0000000000 seconds
Iteration 11:	0.0525190830 seconds	0.0000009537 seconds
Iteration 12:	0.0567491055 seconds	0.0000000000 seconds
Iteration 12:	0.0564310551 seconds	0.0000000000 seconds
Iteration 13:	0.0542719364 seconds	0.0000000000 seconds
Iteration 13:	0.0539360046 seconds	0.0000000000 seconds
Iteration 14:	0.0572679043 seconds	0.0000000000 seconds
Iteration 14:	0.0568971634 seconds	0.0000000000 seconds
Iteration 15:	0.0545678139 seconds	0.0000011921 seconds
Iteration 15:	0.0542199612 seconds	0.0000000000 seconds
Iteration 16:	0.0560369492 seconds	0.0000000000 seconds
Iteration 16:	0.0556478500 seconds	0.0000000000 seconds
Iteration 17:	0.0532598495 seconds	0.0000000000 seconds
Iteration 17:	0.0528919697 seconds	0.0000000000 seconds
Iteration 18:	0.0567789078 seconds	0.0000000000 seconds
Iteration 18:	0.0564329624 seconds	0.0000000000 seconds
Iteration 19:	0.0546779633 seconds	0.0000000000 seconds
Iteration 19:	0.0543510914 seconds	0.0000000000 seconds
Iteration 20:	0.0464828014 seconds	0.0000000000 seconds
Iteration 20:	0.0461750031 seconds	0.0000000000 seconds
Iteration 21:	0.0472061634 seconds	0.0000000000 seconds
Iteration 21:	0.0365729332 seconds	0.0000000000 seconds
Iteration 22:	0.0352959633 seconds	0.0000000000 seconds
Iteration 22:	0.0466530323 seconds	0.0000000000 seconds
Iteration 23:	0.0341489315 seconds	0.0000000000 seconds
Iteration 23:	0.0341010094 seconds	0.0000000000 seconds
Iteration 24:	0.0364170074 seconds	0.0000000000 seconds
Iteration 24:	0.0361030102 seconds	0.0000000000 seconds
Iteration 25:	0.0340719223 seconds	0.0000000000 seconds
Iteration 25:	0.0337309837 seconds	0.0000000000 seconds
Iteration 26:	0.0364780426 seconds	0.0000000000 seconds
Iteration 26:	0.0361568928 seconds	0.0000000000 seconds
Iteration 27:	0.0340130329 seconds	0.0000000000 seconds
Iteration 27:	0.0337219238 seconds	0.0000000000 seconds
Iteration 28:	0.0364861488 seconds	0.0000000000 seconds
Iteration 28:	0.0361959934 seconds	0.0000000000 seconds
Iteration 29:	0.0340161324 seconds	0.0000000000 seconds
Iteration 29:	0.0336937904 seconds	0.0000000000 seconds
Iteration 30:	0.0364530087 seconds	0.0000000000 seconds
Iteration 30:	0.0361421108 seconds	0.0000000000 seconds
Iteration 31:	0.0340590477 seconds	0.0000000000 seconds
Iteration 31:	0.0337080956 seconds	0.0000000000 seconds
Iteration 32:	0.0364840031 seconds	0.0000000000 seconds
Iteration 32:	0.0361909866 seconds	0.0000000000 seconds
Iteration 33:	0.0340151787 seconds	0.0000000000 seconds
Iteration 33:	0.0336899757 seconds	0.0000000000 seconds
Iteration 34:	0.0364990234 seconds	0.0000000000 seconds
Iteration 34:	0.0361821651 seconds	0.0000000000 seconds
Iteration 35:	0.0340721607 seconds	0.0000000000 seconds
Iteration 35:	0.0337619781 seconds	0.0000000000 seconds
Iteration 36:	0.0364639759 seconds	0.0000000000 seconds
Iteration 36:	0.0361459255 seconds	0.0000000000 seconds
Iteration 37:	0.0340390205 seconds	0.0000000000 seconds
Iteration 37:	0.0337340832 seconds	0.0000000000 seconds
Iteration 38:	0.0364840031 seconds	0.0000000000 seconds
Iteration 38:	0.0361850262 seconds	0.0000000000 seconds
Iteration 39:	0.0340280533 seconds	0.0000000000 seconds
Total computation time was: 1.907100		Average frame time was: 0.047613		Average Particle interations per second were: 1398488486.177620
Iteration 39:	0.0337469578 seconds	0.0000000000 seconds
