[ -1:000]                : Rank 13 is running on comet-06-47.sdsc.edu
[ -1:000]                : Rank 5 is running on comet-06-47.sdsc.edu
[ -1:000]                : Rank 1 is running on comet-06-47.sdsc.edu
[ 13:001] init_pprintf   : My dest: 14	My source: 12	My_num_part: 510
[  1:001] init_pprintf   : My dest: 2	My source: 0	My_num_part: 510
[  5:001] init_pprintf   : My dest: 6	My source: 4	My_num_part: 510
[ -1:000]                : Rank 7 is running on comet-06-47.sdsc.edu
[ -1:000]                : Rank 9 is running on comet-06-47.sdsc.edu
[  7:001] init_pprintf   : My dest: 8	My source: 6	My_num_part: 510
[  9:001] init_pprintf   : My dest: 10	My source: 8	My_num_part: 510
[ -1:000]                : Rank 3 is running on comet-06-47.sdsc.edu
[  3:001] init_pprintf   : My dest: 4	My source: 2	My_num_part: 510
[ -1:000]                : Rank 12 is running on comet-06-47.sdsc.edu
[ -1:000]                : Rank 4 is running on comet-06-47.sdsc.edu
[ -1:000]                : Rank 8 is running on comet-06-47.sdsc.edu
[ -1:000]                : Rank 11 is running on comet-06-47.sdsc.edu
[ -1:000]                : Rank 6 is running on comet-06-47.sdsc.edu
[ -1:000]                : Rank 15 is running on comet-06-47.sdsc.edu
[ 12:001] init_pprintf   : My dest: 13	My source: 11	My_num_part: 510
[ -1:000]                : Rank 2 is running on comet-06-47.sdsc.edu
[ 11:001] init_pprintf   : My dest: 12	My source: 10	My_num_part: 510
[  6:001] init_pprintf   : My dest: 7	My source: 5	My_num_part: 510
[ -1:000]                : Rank 0 is running on comet-06-47.sdsc.edu
[  4:001] init_pprintf   : My dest: 5	My source: 3	My_num_part: 510
[ -1:000]                : Rank 10 is running on comet-06-47.sdsc.edu
[  8:001] init_pprintf   : My dest: 9	My source: 7	My_num_part: 510
[ -1:000]                : Rank 14 is running on comet-06-47.sdsc.edu
[ 15:001] init_pprintf   : My dest: 16	My source: 14	My_num_part: 510
[  0:001] init_pprintf   : My dest: 1	My source: 31	My_num_part: 510
[ 10:001] init_pprintf   : My dest: 11	My source: 9	My_num_part: 510
[ 14:001] init_pprintf   : My dest: 15	My source: 13	My_num_part: 510
[  2:001] init_pprintf   : My dest: 3	My source: 1	My_num_part: 510
Initalizing particles linear on 6630 to 7140
Initalizing particles linear on 510 to 1020
Initalizing particles linear on 2550 to 3060
Initalizing particles linear on 3570 to 4080
Initalizing particles linear on 1530 to 2040
Initalizing particles linear on 4590 to 5100
Initalizing particles linear on 5610 to 6120
Initalizing particles linear on 7650 to 8160
Initalizing particles linear on 6120 to 6630
Initalizing particles linear on 7140 to 7650
Initalizing particles linear on 2040 to 2550
Initalizing particles linear on 4080 to 4590
Initalizing particles linear on 5100 to 5610
Initalizing particles linear on 1020 to 1530
Initalizing particles linear on 3060 to 3570
Initalizing particles linear on 0 to 510
[ -1:000]                : Rank 27 is running on comet-17-21.sdsc.edu
[ -1:000]                : Rank 19 is running on comet-17-21.sdsc.edu
[ 27:001] init_pprintf   : My dest: 28	My source: 26	My_num_part: 510
[ 19:001] init_pprintf   : My dest: 20	My source: 18	My_num_part: 510
[ -1:000]                : Rank 17 is running on comet-17-21.sdsc.edu
[ 17:001] init_pprintf   : My dest: 18	My source: 16	My_num_part: 510
[ -1:000]                : Rank 21 is running on comet-17-21.sdsc.edu
[ -1:000]                : Rank 25 is running on comet-17-21.sdsc.edu
[ 21:001] init_pprintf   : My dest: 22	My source: 20	My_num_part: 510
[ 25:001] init_pprintf   : My dest: 26	My source: 24	My_num_part: 510
[ -1:000]                : Rank 31 is running on comet-17-21.sdsc.edu
[ -1:000]                : Rank 23 is running on comet-17-21.sdsc.edu
[ 31:001] init_pprintf   : My dest: 0	My source: 30	My_num_part: 510
[ -1:000]                : Rank 29 is running on comet-17-21.sdsc.edu
[ 23:001] init_pprintf   : My dest: 24	My source: 22	My_num_part: 510
[ 29:001] init_pprintf   : My dest: 30	My source: 28	My_num_part: 510
[ -1:000]                : Rank 16 is running on comet-17-21.sdsc.edu
[ -1:000]                : Rank 24 is running on comet-17-21.sdsc.edu
[ -1:000]                : Rank 18 is running on comet-17-21.sdsc.edu
[ -1:000]                : Rank 22 is running on comet-17-21.sdsc.edu
[ -1:000]                : Rank 28 is running on comet-17-21.sdsc.edu
[ 24:001] init_pprintf   : My dest: 25	My source: 23	My_num_part: 510
[ 16:001] init_pprintf   : My dest: 17	My source: 15	My_num_part: 510
[ 18:001] init_pprintf   : My dest: 19	My source: 17	My_num_part: 510
[ 22:001] init_pprintf   : My dest: 23	My source: 21	My_num_part: 510
[ -1:000]                : Rank 20 is running on comet-17-21.sdsc.edu
[ 28:001] init_pprintf   : My dest: 29	My source: 27	My_num_part: 510
[ -1:000]                : Rank 26 is running on comet-17-21.sdsc.edu
[ 20:001] init_pprintf   : My dest: 21	My source: 19	My_num_part: 510
[ 26:001] init_pprintf   : My dest: 27	My source: 25	My_num_part: 510
[ -1:000]                : Rank 30 is running on comet-17-21.sdsc.edu
[ 30:001] init_pprintf   : My dest: 31	My source: 29	My_num_part: 510
Initalizing particles linear on 9690 to 10200
Initalizing particles linear on 13770 to 14280
Initalizing particles linear on 10710 to 11220
Initalizing particles linear on 12750 to 13260
Initalizing particles linear on 8670 to 9180
Initalizing particles linear on 15810 to 16320
Initalizing particles linear on 11730 to 12240
Initalizing particles linear on 14790 to 15300
Initalizing particles linear on 12240 to 12750
Initalizing particles linear on 13260 to 13770
Initalizing particles linear on 9180 to 9690
Initalizing particles linear on 10200 to 10710
Initalizing particles linear on 14280 to 14790
Initalizing particles linear on 15300 to 15810
Initalizing particles linear on 8160 to 8670
Initalizing particles linear on 11220 to 11730
Iteration 0:	0.2033708096 seconds	0.0000000000 seconds
Iteration 0:	0.2034389973 seconds	0.0000000000 seconds
Iteration 0:	0.2033901215 seconds	0.0000000000 seconds
Iteration 0:	0.2034058571 seconds	0.0000000000 seconds
Iteration 0:	0.2034218311 seconds	0.0000000000 seconds
Iteration 0:	0.2034058571 seconds	0.0000000000 seconds
Iteration 0:	0.2034409046 seconds	0.0000000000 seconds
Iteration 0:	0.2034220695 seconds	0.0000000000 seconds
Iteration 0:	0.2034687996 seconds	0.0000000000 seconds
Iteration 0:	0.2034280300 seconds	0.0000000000 seconds
Iteration 0:	0.2034909725 seconds	0.0000000000 seconds
Iteration 0:	0.2034449577 seconds	0.0000000000 seconds
Iteration 0:	0.2034878731 seconds	0.0000011921 seconds
Iteration 0:	0.2034471035 seconds	0.0000000000 seconds
Iteration 0:	0.2034230232 seconds	0.0000000000 seconds
Iteration 0:	0.2035150528 seconds	0.0000000000 seconds
Iteration 0:	0.1074008942 seconds	0.0000000000 seconds
Iteration 0:	0.1073620319 seconds	0.0000000000 seconds
Iteration 0:	0.1073639393 seconds	0.0000000000 seconds
Iteration 0:	0.1074190140 seconds	0.0000009537 seconds
Iteration 0:	0.1073958874 seconds	0.0000000000 seconds
Iteration 0:	0.1073770523 seconds	0.0000000000 seconds
Iteration 0:	0.1074280739 seconds	0.0000000000 seconds
Iteration 0:	0.1073791981 seconds	0.0000009537 seconds
Iteration 0:	0.1074390411 seconds	0.0000000000 seconds
Iteration 0:	0.1074099541 seconds	0.0000000000 seconds
Iteration 0:	0.1074600220 seconds	0.0000000000 seconds
Iteration 0:	0.1074202061 seconds	0.0000000000 seconds
Iteration 0:	0.1074771881 seconds	0.0000000000 seconds
Iteration 0:	0.1074349880 seconds	0.0000000000 seconds
Iteration 0:	0.1074368954 seconds	0.0000000000 seconds
Iteration 0:	0.1074841022 seconds	0.0000000000 seconds
Iteration 1:	0.0995268822 seconds	0.0000000000 seconds
Iteration 1:	0.0996150970 seconds	0.0000000000 seconds
Iteration 1:	0.0996279716 seconds	0.0000000000 seconds
Iteration 1:	0.0996260643 seconds	0.0000000000 seconds
Iteration 1:	0.0996320248 seconds	0.0000000000 seconds
Iteration 1:	0.0996320248 seconds	0.0000000000 seconds
Iteration 1:	0.0996420383 seconds	0.0000000000 seconds
Iteration 1:	0.0997040272 seconds	0.0000009537 seconds
Iteration 1:	0.0996398926 seconds	0.0000000000 seconds
Iteration 1:	0.0996389389 seconds	0.0000000000 seconds
Iteration 1:	0.0997171402 seconds	0.0000000000 seconds
Iteration 1:	0.0997161865 seconds	0.0000000000 seconds
Iteration 1:	0.0997231007 seconds	0.0000000000 seconds
Iteration 1:	0.0997388363 seconds	0.0000000000 seconds
Iteration 1:	0.0996429920 seconds	0.0000000000 seconds
Iteration 1:	0.0997200012 seconds	0.0000000000 seconds
Iteration 1:	0.0997440815 seconds	0.0000000000 seconds
Iteration 1:	0.0997421741 seconds	0.0000000000 seconds
Iteration 1:	0.0997440815 seconds	0.0000000000 seconds
Iteration 1:	0.0997381210 seconds	0.0000000000 seconds
Iteration 1:	0.0997340679 seconds	0.0000000000 seconds
Iteration 1:	0.0997190475 seconds	0.0000000000 seconds
Iteration 1:	0.0997281075 seconds	0.0000000000 seconds
Iteration 1:	0.0997319221 seconds	0.0000000000 seconds
Iteration 1:	0.0997209549 seconds	0.0000000000 seconds
Iteration 1:	0.0997190475 seconds	0.0000000000 seconds
Iteration 1:	0.0997149944 seconds	0.0000000000 seconds
Iteration 1:	0.0997180939 seconds	0.0000000000 seconds
Iteration 1:	0.0997879505 seconds	0.0000000000 seconds
Iteration 1:	0.0997798443 seconds	0.0000000000 seconds
Iteration 1:	0.0997748375 seconds	0.0000000000 seconds
Iteration 1:	0.0997531414 seconds	0.0000000000 seconds
Iteration 2:	0.1073319912 seconds	0.0000000000 seconds
Iteration 2:	0.1073341370 seconds	0.0000000000 seconds
Iteration 2:	0.1073338985 seconds	0.0000000000 seconds
Iteration 2:	0.1073310375 seconds	0.0000000000 seconds
Iteration 2:	0.1073310375 seconds	0.0000000000 seconds
Iteration 2:	0.1073307991 seconds	0.0000000000 seconds
Iteration 2:	0.1073319912 seconds	0.0000000000 seconds
Iteration 2:	0.1073408127 seconds	0.0000000000 seconds
Iteration 2:	0.1072628498 seconds	0.0000000000 seconds
Iteration 2:	0.1073400974 seconds	0.0000000000 seconds
Iteration 2:	0.1073918343 seconds	0.0000000000 seconds
Iteration 2:	0.1072669029 seconds	0.0000000000 seconds
Iteration 2:	0.1073400974 seconds	0.0000000000 seconds
Iteration 2:	0.1073360443 seconds	0.0000000000 seconds
Iteration 2:	0.1073410511 seconds	0.0000000000 seconds
Iteration 2:	0.1073889732 seconds	0.0000000000 seconds
Iteration 2:	0.1074128151 seconds	0.0000000000 seconds
Iteration 2:	0.1074659824 seconds	0.0000000000 seconds
Iteration 2:	0.1074159145 seconds	0.0000000000 seconds
Iteration 2:	0.1073799133 seconds	0.0000000000 seconds
Iteration 2:	0.1073670387 seconds	0.0000000000 seconds
Iteration 2:	0.1074111462 seconds	0.0000000000 seconds
Iteration 2:	0.1073701382 seconds	0.0000000000 seconds
Iteration 2:	0.1073639393 seconds	0.0000000000 seconds
Iteration 2:	0.1074111462 seconds	0.0000000000 seconds
Iteration 2:	0.1074001789 seconds	0.0000000000 seconds
Iteration 2:	0.1075050831 seconds	0.0000000000 seconds
Iteration 2:	0.1073930264 seconds	0.0000000000 seconds
Iteration 2:	0.1073930264 seconds	0.0000000000 seconds
Iteration 2:	0.1073260307 seconds	0.0000000000 seconds
Iteration 2:	0.1073250771 seconds	0.0000009537 seconds
Iteration 2:	0.1073720455 seconds	0.0000000000 seconds
Iteration 3:	0.0995149612 seconds	0.0000000000 seconds
Iteration 3:	0.0995678902 seconds	0.0000000000 seconds
Iteration 3:	0.0995769501 seconds	0.0000000000 seconds
Iteration 3:	0.0995769501 seconds	0.0000000000 seconds
Iteration 3:	0.0995860100 seconds	0.0000000000 seconds
Iteration 3:	0.0995879173 seconds	0.0000000000 seconds
Iteration 3:	0.0995891094 seconds	0.0000000000 seconds
Iteration 3:	0.0995841026 seconds	0.0000000000 seconds
Iteration 3:	0.0995900631 seconds	0.0000000000 seconds
Iteration 3:	0.0995838642 seconds	0.0000000000 seconds
Iteration 3:	0.0995910168 seconds	0.0000000000 seconds
Iteration 3:	0.0995969772 seconds	0.0000000000 seconds
Iteration 3:	0.0996060371 seconds	0.0000000000 seconds
Iteration 3:	0.0996279716 seconds	0.0000000000 seconds
Iteration 3:	0.0996241570 seconds	0.0000000000 seconds
Iteration 3:	0.0996339321 seconds	0.0000000000 seconds
Iteration 3:	0.0996730328 seconds	0.0000000000 seconds
Iteration 3:	0.0996749401 seconds	0.0000000000 seconds
Iteration 3:	0.0996739864 seconds	0.0000000000 seconds
Iteration 3:	0.0997240543 seconds	0.0000000000 seconds
Iteration 3:	0.0997350216 seconds	0.0000000000 seconds
Iteration 3:	0.0997438431 seconds	0.0000000000 seconds
Iteration 3:	0.0997459888 seconds	0.0000000000 seconds
Iteration 3:	0.0997610092 seconds	0.0000000000 seconds
Iteration 3:	0.0997889042 seconds	0.0000000000 seconds
Iteration 3:	0.0997939110 seconds	0.0000000000 seconds
Iteration 3:	0.0998029709 seconds	0.0000009537 seconds
Iteration 3:	0.0998008251 seconds	0.0000000000 seconds
Iteration 3:	0.0998058319 seconds	0.0000000000 seconds
Iteration 3:	0.0997970104 seconds	0.0000000000 seconds
Iteration 3:	0.0998139381 seconds	0.0000000000 seconds
Iteration 3:	0.0998129845 seconds	0.0000000000 seconds
Iteration 4:	0.1074910164 seconds	0.0000000000 seconds
Iteration 4:	0.1075041294 seconds	0.0000000000 seconds
Iteration 4:	0.1075019836 seconds	0.0000000000 seconds
Iteration 4:	0.1074981689 seconds	0.0000000000 seconds
Iteration 4:	0.1074979305 seconds	0.0000000000 seconds
Iteration 4:	0.1074969769 seconds	0.0000000000 seconds
Iteration 4:	0.1074948311 seconds	0.0000000000 seconds
Iteration 4:	0.1074969769 seconds	0.0000000000 seconds
Iteration 4:	0.1075029373 seconds	0.0000000000 seconds
Iteration 4:	0.1075019836 seconds	0.0000009537 seconds
Iteration 4:	0.1075038910 seconds	0.0000000000 seconds
Iteration 4:	0.1074991226 seconds	0.0000000000 seconds
Iteration 4:	0.1074988842 seconds	0.0000000000 seconds
Iteration 4:	0.1071839333 seconds	0.0000000000 seconds
Iteration 4:	0.1071939468 seconds	0.0000000000 seconds
Iteration 4:	0.1072099209 seconds	0.0000000000 seconds
Iteration 4:	0.1074259281 seconds	0.0000000000 seconds
Iteration 4:	0.1073129177 seconds	0.0000000000 seconds
Iteration 4:	0.1073060036 seconds	0.0000000000 seconds
Iteration 4:	0.1074280739 seconds	0.0000000000 seconds
Iteration 4:	0.1073009968 seconds	0.0000000000 seconds
Iteration 4:	0.1074230671 seconds	0.0000000000 seconds
Iteration 4:	0.1072990894 seconds	0.0000000000 seconds
Iteration 4:	0.1072940826 seconds	0.0000000000 seconds
Iteration 4:	0.1073760986 seconds	0.0000000000 seconds
Iteration 4:	0.1073720455 seconds	0.0000000000 seconds
Iteration 4:	0.1073651314 seconds	0.0000000000 seconds
Iteration 4:	0.1073570251 seconds	0.0000000000 seconds
Iteration 4:	0.1073708534 seconds	0.0000000000 seconds
Iteration 4:	0.1075038910 seconds	0.0000000000 seconds
Iteration 4:	0.1074919701 seconds	0.0000000000 seconds
Iteration 4:	0.1075041294 seconds	0.0000000000 seconds
Iteration 5:	0.0995569229 seconds	0.0000000000 seconds
Iteration 5:	0.0995490551 seconds	0.0000000000 seconds
Iteration 5:	0.0995419025 seconds	0.0000011921 seconds
Iteration 5:	0.0995471478 seconds	0.0000000000 seconds
Iteration 5:	0.0995419025 seconds	0.0000000000 seconds
Iteration 5:	0.0995428562 seconds	0.0000000000 seconds
Iteration 5:	0.0995509624 seconds	0.0000000000 seconds
Iteration 5:	0.0995519161 seconds	0.0000009537 seconds
Iteration 5:	0.0995540619 seconds	0.0000000000 seconds
Iteration 5:	0.0995588303 seconds	0.0000000000 seconds
Iteration 5:	0.0995550156 seconds	0.0000000000 seconds
Iteration 5:	0.0995581150 seconds	0.0000000000 seconds
Iteration 5:	0.0995638371 seconds	0.0000000000 seconds
Iteration 5:	0.0994827747 seconds	0.0000000000 seconds
Iteration 5:	0.0995368958 seconds	0.0000000000 seconds
Iteration 5:	0.0995380878 seconds	0.0000000000 seconds
Iteration 5:	0.0995628834 seconds	0.0000000000 seconds
Iteration 5:	0.0995600224 seconds	0.0000000000 seconds
Iteration 5:	0.0995669365 seconds	0.0000000000 seconds
Iteration 5:	0.0995440483 seconds	0.0000000000 seconds
Iteration 5:	0.0995450020 seconds	0.0000009537 seconds
Iteration 5:	0.0995521545 seconds	0.0000000000 seconds
Iteration 5:	0.0996460915 seconds	0.0000000000 seconds
Iteration 5:	0.0996360779 seconds	0.0000000000 seconds
Iteration 5:	0.0996479988 seconds	0.0000000000 seconds
Iteration 5:	0.0996341705 seconds	0.0000000000 seconds
Iteration 5:	0.0996341705 seconds	0.0000000000 seconds
Iteration 5:	0.0996401310 seconds	0.0000000000 seconds
Iteration 5:	0.0996401310 seconds	0.0000000000 seconds
Iteration 5:	0.0996441841 seconds	0.0000000000 seconds
Iteration 5:	0.0996520519 seconds	0.0000000000 seconds
Iteration 5:	0.0996439457 seconds	0.0000000000 seconds
Iteration 6:	0.1072280407 seconds	0.0000000000 seconds
Iteration 6:	0.1073250771 seconds	0.0000000000 seconds
Iteration 6:	0.1072230339 seconds	0.0000000000 seconds
Iteration 6:	0.1072151661 seconds	0.0000000000 seconds
Iteration 6:	0.1073238850 seconds	0.0000000000 seconds
Iteration 6:	0.1072151661 seconds	0.0000000000 seconds
Iteration 6:	0.1073248386 seconds	0.0000000000 seconds
Iteration 6:	0.1072111130 seconds	0.0000000000 seconds
Iteration 6:	0.1072068214 seconds	0.0000000000 seconds
Iteration 6:	0.1073288918 seconds	0.0000000000 seconds
Iteration 6:	0.1073741913 seconds	0.0000000000 seconds
Iteration 6:	0.1073291302 seconds	0.0000000000 seconds
Iteration 6:	0.1072149277 seconds	0.0000000000 seconds
Iteration 6:	0.1073279381 seconds	0.0000000000 seconds
Iteration 6:	0.1073281765 seconds	0.0000000000 seconds
Iteration 6:	0.1073398590 seconds	0.0000000000 seconds
Iteration 6:	0.1073911190 seconds	0.0000000000 seconds
Iteration 6:	0.1073958874 seconds	0.0000000000 seconds
Iteration 6:	0.1074011326 seconds	0.0000000000 seconds
Iteration 6:	0.1074190140 seconds	0.0000000000 seconds
Iteration 6:	0.1074078083 seconds	0.0000000000 seconds
Iteration 6:	0.1074030399 seconds	0.0000000000 seconds
Iteration 6:	0.1073949337 seconds	0.0000000000 seconds
Iteration 6:	0.1073930264 seconds	0.0000000000 seconds
Iteration 6:	0.1073958874 seconds	0.0000000000 seconds
Iteration 6:	0.1073911190 seconds	0.0000000000 seconds
Iteration 6:	0.1073961258 seconds	0.0000009537 seconds
Iteration 6:	0.1073899269 seconds	0.0000000000 seconds
Iteration 6:	0.1073818207 seconds	0.0000000000 seconds
Iteration 6:	0.1073749065 seconds	0.0000000000 seconds
Iteration 6:	0.1073880196 seconds	0.0000000000 seconds
Iteration 6:	0.1073820591 seconds	0.0000000000 seconds
Iteration 7:	0.0995140076 seconds	0.0000000000 seconds
Iteration 7:	0.0995349884 seconds	0.0000000000 seconds
Iteration 7:	0.0995340347 seconds	0.0000000000 seconds
Iteration 7:	0.0995240211 seconds	0.0000000000 seconds
Iteration 7:	0.0995140076 seconds	0.0000000000 seconds
Iteration 7:	0.0995140076 seconds	0.0000000000 seconds
Iteration 7:	0.0995149612 seconds	0.0000000000 seconds
Iteration 7:	0.0995161533 seconds	0.0000000000 seconds
Iteration 7:	0.0994870663 seconds	0.0000000000 seconds
Iteration 7:	0.0995509624 seconds	0.0000000000 seconds
Iteration 7:	0.0995459557 seconds	0.0000000000 seconds
Iteration 7:	0.0995421410 seconds	0.0000000000 seconds
Iteration 7:	0.0995411873 seconds	0.0000000000 seconds
Iteration 7:	0.0995399952 seconds	0.0000009537 seconds
Iteration 7:	0.0995249748 seconds	0.0000000000 seconds
Iteration 7:	0.0995240211 seconds	0.0000000000 seconds
Iteration 7:	0.0995860100 seconds	0.0000000000 seconds
Iteration 7:	0.0996279716 seconds	0.0000000000 seconds
Iteration 7:	0.0996310711 seconds	0.0000000000 seconds
Iteration 7:	0.0996329784 seconds	0.0000000000 seconds
Iteration 7:	0.0996348858 seconds	0.0000000000 seconds
Iteration 7:	0.0996429920 seconds	0.0000000000 seconds
Iteration 7:	0.0996329784 seconds	0.0000000000 seconds
Iteration 7:	0.0996429920 seconds	0.0000000000 seconds
Iteration 7:	0.0996310711 seconds	0.0000000000 seconds
Iteration 7:	0.0996470451 seconds	0.0000000000 seconds
Iteration 7:	0.0996332169 seconds	0.0000000000 seconds
Iteration 7:	0.0996298790 seconds	0.0000000000 seconds
Iteration 7:	0.0996479988 seconds	0.0000000000 seconds
Iteration 7:	0.0996389389 seconds	0.0000011921 seconds
Iteration 7:	0.0996148586 seconds	0.0000000000 seconds
Iteration 7:	0.0996220112 seconds	0.0000000000 seconds
Iteration 8:	0.1075370312 seconds	0.0000000000 seconds
Iteration 8:	0.1075420380 seconds	0.0000000000 seconds
Iteration 8:	0.1075429916 seconds	0.0000000000 seconds
Iteration 8:	0.1075470448 seconds	0.0000000000 seconds
Iteration 8:	0.1075558662 seconds	0.0000000000 seconds
Iteration 8:	0.1075570583 seconds	0.0000000000 seconds
Iteration 8:	0.1075589657 seconds	0.0000000000 seconds
Iteration 8:	0.1075608730 seconds	0.0000000000 seconds
Iteration 8:	0.1075291634 seconds	0.0000000000 seconds
Iteration 8:	0.1075320244 seconds	0.0000000000 seconds
Iteration 8:	0.1075510979 seconds	0.0000000000 seconds
Iteration 8:	0.1075680256 seconds	0.0000000000 seconds
Iteration 8:	0.1075620651 seconds	0.0000000000 seconds
Iteration 8:	0.1076040268 seconds	0.0000000000 seconds
Iteration 8:	0.1076121330 seconds	0.0000000000 seconds
Iteration 8:	0.1076178551 seconds	0.0000000000 seconds
Iteration 8:	0.1076581478 seconds	0.0000000000 seconds
Iteration 8:	0.1076140404 seconds	0.0000000000 seconds
Iteration 8:	0.1076159477 seconds	0.0000000000 seconds
Iteration 8:	0.1076550484 seconds	0.0000000000 seconds
Iteration 8:	0.1076531410 seconds	0.0000000000 seconds
Iteration 8:	0.1076469421 seconds	0.0000000000 seconds
Iteration 8:	0.1076550484 seconds	0.0000000000 seconds
Iteration 8:	0.1076679230 seconds	0.0000000000 seconds
Iteration 8:	0.1076438427 seconds	0.0000000000 seconds
Iteration 8:	0.1076509953 seconds	0.0000000000 seconds
Iteration 8:	0.1076381207 seconds	0.0000000000 seconds
Iteration 8:	0.1076471806 seconds	0.0000000000 seconds
Iteration 8:	0.1076879501 seconds	0.0000000000 seconds
Iteration 8:	0.1076362133 seconds	0.0000000000 seconds
Iteration 8:	0.1076371670 seconds	0.0000000000 seconds
Iteration 8:	0.1076459885 seconds	0.0000009537 seconds
Iteration 9:	0.0996210575 seconds	0.0000000000 seconds
Iteration 9:	0.0996417999 seconds	0.0000000000 seconds
Iteration 9:	0.0996558666 seconds	0.0000000000 seconds
Iteration 9:	0.0996599197 seconds	0.0000000000 seconds
Iteration 9:	0.0996599197 seconds	0.0000000000 seconds
Iteration 9:	0.0996518135 seconds	0.0000000000 seconds
Iteration 9:	0.0996570587 seconds	0.0000000000 seconds
Iteration 9:	0.0996568203 seconds	0.0000000000 seconds
Iteration 9:	0.0996589661 seconds	0.0000000000 seconds
Iteration 9:	0.0996620655 seconds	0.0000000000 seconds
Iteration 9:	0.0995850563 seconds	0.0000000000 seconds
Iteration 9:	0.0995850563 seconds	0.0000000000 seconds
Iteration 9:	0.0995860100 seconds	0.0000000000 seconds
Iteration 9:	0.0995979309 seconds	0.0000000000 seconds
Iteration 9:	0.0995998383 seconds	0.0000000000 seconds
Iteration 9:	0.0996110439 seconds	0.0000000000 seconds
Iteration 9:	0.0994949341 seconds	0.0000000000 seconds
Iteration 9:	0.0995202065 seconds	0.0000000000 seconds
Iteration 9:	0.0995290279 seconds	0.0000000000 seconds
Iteration 9:	0.0995359421 seconds	0.0000000000 seconds
Iteration 9:	0.0995380878 seconds	0.0000000000 seconds
Iteration 9:	0.0995440483 seconds	0.0000000000 seconds
Iteration 9:	0.0996148586 seconds	0.0000000000 seconds
Iteration 9:	0.0996329784 seconds	0.0000009537 seconds
Iteration 9:	0.0996270180 seconds	0.0000000000 seconds
Iteration 9:	0.0996141434 seconds	0.0000000000 seconds
Iteration 9:	0.0996201038 seconds	0.0000000000 seconds
Iteration 9:	0.0996229649 seconds	0.0000000000 seconds
Iteration 9:	0.0996251106 seconds	0.0000000000 seconds
Iteration 9:	0.0996251106 seconds	0.0000000000 seconds
Iteration 9:	0.0996341705 seconds	0.0000000000 seconds
Iteration 9:	0.0996351242 seconds	0.0000000000 seconds
Iteration 10:	0.1076080799 seconds	0.0000000000 seconds
Iteration 10:	0.1075959206 seconds	0.0000000000 seconds
Iteration 10:	0.1076180935 seconds	0.0000000000 seconds
Iteration 10:	0.1076002121 seconds	0.0000000000 seconds
Iteration 10:	0.1076018810 seconds	0.0000000000 seconds
Iteration 10:	0.1075999737 seconds	0.0000000000 seconds
Iteration 10:	0.1075928211 seconds	0.0000000000 seconds
Iteration 10:	0.1075949669 seconds	0.0000000000 seconds
Iteration 10:	0.1075849533 seconds	0.0000000000 seconds
Iteration 10:	0.1075859070 seconds	0.0000000000 seconds
Iteration 10:	0.1075890064 seconds	0.0000000000 seconds
Iteration 10:	0.1074879169 seconds	0.0000000000 seconds
Iteration 10:	0.1075909138 seconds	0.0000000000 seconds
Iteration 10:	0.1075818539 seconds	0.0000000000 seconds
Iteration 10:	0.1075789928 seconds	0.0000011921 seconds
Iteration 10:	0.1075699329 seconds	0.0000000000 seconds
Iteration 10:	0.1075820923 seconds	0.0000000000 seconds
Iteration 10:	0.1076409817 seconds	0.0000000000 seconds
Iteration 10:	0.1075809002 seconds	0.0000000000 seconds
Iteration 10:	0.1077070236 seconds	0.0000000000 seconds
Iteration 10:	0.1077330112 seconds	0.0000000000 seconds
Iteration 10:	0.1076698303 seconds	0.0000000000 seconds
Iteration 10:	0.1076641083 seconds	0.0000000000 seconds
Iteration 10:	0.1076431274 seconds	0.0000000000 seconds
Iteration 10:	0.1076550484 seconds	0.0000000000 seconds
Iteration 10:	0.1076440811 seconds	0.0000000000 seconds
Iteration 10:	0.1078059673 seconds	0.0000000000 seconds
Iteration 10:	0.1085770130 seconds	0.0000000000 seconds
Iteration 10:	0.1085767746 seconds	0.0000000000 seconds
Iteration 10:	0.1085660458 seconds	0.0000000000 seconds
Iteration 10:	0.1086139679 seconds	0.0000000000 seconds
Iteration 10:	0.1086001396 seconds	0.0000000000 seconds
Iteration 11:	0.1004781723 seconds	0.0000000000 seconds
Iteration 11:	0.1004960537 seconds	0.0000000000 seconds
Iteration 11:	0.1004989147 seconds	0.0000000000 seconds
Iteration 11:	0.1004939079 seconds	0.0000000000 seconds
Iteration 11:	0.1004998684 seconds	0.0000000000 seconds
Iteration 11:	0.1005058289 seconds	0.0000000000 seconds
Iteration 11:	0.1005079746 seconds	0.0000000000 seconds
Iteration 11:	0.1005108356 seconds	0.0000000000 seconds
Iteration 11:	0.1005148888 seconds	0.0000000000 seconds
Iteration 11:	0.1005170345 seconds	0.0000011921 seconds
Iteration 11:	0.1005170345 seconds	0.0000000000 seconds
Iteration 11:	0.1005208492 seconds	0.0000000000 seconds
Iteration 11:	0.1005249023 seconds	0.0000000000 seconds
Iteration 11:	0.1005280018 seconds	0.0000000000 seconds
Iteration 11:	0.1005289555 seconds	0.0000000000 seconds
Iteration 11:	0.1005389690 seconds	0.0000000000 seconds
Iteration 11:	0.1006150246 seconds	0.0000000000 seconds
Iteration 11:	0.1005260944 seconds	0.0000000000 seconds
Iteration 11:	0.1004791260 seconds	0.0000000000 seconds
Iteration 11:	0.1005010605 seconds	0.0000000000 seconds
Iteration 11:	0.1004381180 seconds	0.0000000000 seconds
Iteration 11:	0.1004471779 seconds	0.0000000000 seconds
Iteration 11:	0.1005718708 seconds	0.0000000000 seconds
Iteration 11:	0.1004018784 seconds	0.0000000000 seconds
Iteration 11:	0.1004569530 seconds	0.0000009537 seconds
Iteration 11:	0.1004669666 seconds	0.0000000000 seconds
Iteration 11:	0.1004679203 seconds	0.0000000000 seconds
Iteration 11:	0.0996420383 seconds	0.0000000000 seconds
Iteration 11:	0.0996379852 seconds	0.0000000000 seconds
Iteration 11:	0.0995948315 seconds	0.0000000000 seconds
Iteration 11:	0.0996348858 seconds	0.0000000000 seconds
Iteration 11:	0.0995988846 seconds	0.0000000000 seconds
Iteration 12:	0.1072101593 seconds	0.0000000000 seconds
Iteration 12:	0.1072421074 seconds	0.0000000000 seconds
Iteration 12:	0.1072888374 seconds	0.0000000000 seconds
Iteration 12:	0.1072790623 seconds	0.0000000000 seconds
Iteration 12:	0.1072530746 seconds	0.0000000000 seconds
Iteration 12:	0.1073181629 seconds	0.0000000000 seconds
Iteration 12:	0.1072809696 seconds	0.0000000000 seconds
Iteration 12:	0.1073141098 seconds	0.0000000000 seconds
Iteration 12:	0.1072649956 seconds	0.0000000000 seconds
Iteration 12:	0.1072640419 seconds	0.0000000000 seconds
Iteration 12:	0.1073000431 seconds	0.0000000000 seconds
Iteration 12:	0.1073088646 seconds	0.0000000000 seconds
Iteration 12:	0.1072969437 seconds	0.0000000000 seconds
Iteration 12:	0.1072950363 seconds	0.0000000000 seconds
Iteration 12:	0.1073431969 seconds	0.0000000000 seconds
Iteration 12:	0.1072990894 seconds	0.0000000000 seconds
Iteration 12:	0.1074628830 seconds	0.0000000000 seconds
Iteration 12:	0.1074619293 seconds	0.0000000000 seconds
Iteration 12:	0.1074578762 seconds	0.0000000000 seconds
Iteration 12:	0.1074478626 seconds	0.0000011921 seconds
Iteration 12:	0.1074450016 seconds	0.0000000000 seconds
Iteration 12:	0.1074380875 seconds	0.0000000000 seconds
Iteration 12:	0.1074140072 seconds	0.0000000000 seconds
Iteration 12:	0.1074039936 seconds	0.0000000000 seconds
Iteration 12:	0.1074268818 seconds	0.0000000000 seconds
Iteration 12:	0.1074328423 seconds	0.0000000000 seconds
Iteration 12:	0.1073749065 seconds	0.0000000000 seconds
Iteration 12:	0.1074399948 seconds	0.0000000000 seconds
Iteration 12:	0.1074278355 seconds	0.0000000000 seconds
Iteration 12:	0.1074228287 seconds	0.0000000000 seconds
Iteration 12:	0.1074159145 seconds	0.0000000000 seconds
Iteration 12:	0.1074109077 seconds	0.0000000000 seconds
Iteration 13:	0.0995578766 seconds	0.0000000000 seconds
Iteration 13:	0.0995540619 seconds	0.0000000000 seconds
Iteration 13:	0.0995409489 seconds	0.0000000000 seconds
Iteration 13:	0.0995550156 seconds	0.0000000000 seconds
Iteration 13:	0.0995450020 seconds	0.0000000000 seconds
Iteration 13:	0.0995609760 seconds	0.0000000000 seconds
Iteration 13:	0.0995090008 seconds	0.0000000000 seconds
Iteration 13:	0.0995559692 seconds	0.0000000000 seconds
Iteration 13:	0.0995600224 seconds	0.0000000000 seconds
Iteration 13:	0.0995140076 seconds	0.0000000000 seconds
Iteration 13:	0.0995619297 seconds	0.0000000000 seconds
Iteration 13:	0.0995628834 seconds	0.0000000000 seconds
Iteration 13:	0.0995180607 seconds	0.0000000000 seconds
Iteration 13:	0.0995218754 seconds	0.0000000000 seconds
Iteration 13:	0.0995240211 seconds	0.0000000000 seconds
Iteration 13:	0.0995559692 seconds	0.0000000000 seconds
Iteration 13:	0.0995321274 seconds	0.0000000000 seconds
Iteration 13:	0.0995860100 seconds	0.0000000000 seconds
Iteration 13:	0.0995941162 seconds	0.0000000000 seconds
Iteration 13:	0.0995969772 seconds	0.0000000000 seconds
Iteration 13:	0.0996069908 seconds	0.0000000000 seconds
Iteration 13:	0.0996069908 seconds	0.0000000000 seconds
Iteration 13:	0.0996668339 seconds	0.0000000000 seconds
Iteration 13:	0.0996229649 seconds	0.0000000000 seconds
Iteration 13:	0.0996201038 seconds	0.0000000000 seconds
Iteration 13:	0.0996339321 seconds	0.0000000000 seconds
Iteration 13:	0.0996420383 seconds	0.0000000000 seconds
Iteration 13:	0.0996220112 seconds	0.0000000000 seconds
Iteration 13:	0.0996320248 seconds	0.0000000000 seconds
Iteration 13:	0.0996329784 seconds	0.0000000000 seconds
Iteration 13:	0.0996301174 seconds	0.0000000000 seconds
Iteration 13:	0.0996351242 seconds	0.0000000000 seconds
Iteration 14:	0.1073358059 seconds	0.0000000000 seconds
Iteration 14:	0.1073379517 seconds	0.0000000000 seconds
Iteration 14:	0.1073379517 seconds	0.0000000000 seconds
Iteration 14:	0.1073510647 seconds	0.0000000000 seconds
Iteration 14:	0.1073460579 seconds	0.0000000000 seconds
Iteration 14:	0.1073811054 seconds	0.0000000000 seconds
Iteration 14:	0.1073541641 seconds	0.0000000000 seconds
Iteration 14:	0.1073541641 seconds	0.0000000000 seconds
Iteration 14:	0.1073899269 seconds	0.0000000000 seconds
Iteration 14:	0.1073877811 seconds	0.0000000000 seconds
Iteration 14:	0.1073951721 seconds	0.0000000000 seconds
Iteration 14:	0.1073918343 seconds	0.0000000000 seconds
Iteration 14:	0.1073899269 seconds	0.0000000000 seconds
Iteration 14:	0.1073110104 seconds	0.0000000000 seconds
Iteration 14:	0.1073009968 seconds	0.0000000000 seconds
Iteration 14:	0.1073000431 seconds	0.0000000000 seconds
Iteration 14:	0.1072800159 seconds	0.0000000000 seconds
Iteration 14:	0.1072840691 seconds	0.0000000000 seconds
Iteration 14:	0.1072959900 seconds	0.0000000000 seconds
Iteration 14:	0.1073031425 seconds	0.0000000000 seconds
Iteration 14:	0.1072859764 seconds	0.0000000000 seconds
Iteration 14:	0.1073038578 seconds	0.0000000000 seconds
Iteration 14:	0.1072831154 seconds	0.0000000000 seconds
Iteration 14:	0.1072978973 seconds	0.0000000000 seconds
Iteration 14:	0.1072771549 seconds	0.0000000000 seconds
Iteration 14:	0.1072659492 seconds	0.0000000000 seconds
Iteration 14:	0.1073889732 seconds	0.0000000000 seconds
Iteration 14:	0.1073799133 seconds	0.0000000000 seconds
Iteration 14:	0.1073918343 seconds	0.0000000000 seconds
Iteration 14:	0.1073069572 seconds	0.0000000000 seconds
Iteration 14:	0.1073739529 seconds	0.0000000000 seconds
Iteration 14:	0.1072750092 seconds	0.0000000000 seconds
Iteration 15:	0.0994961262 seconds	0.0000000000 seconds
Iteration 15:	0.0995411873 seconds	0.0000000000 seconds
Iteration 15:	0.0995409489 seconds	0.0000000000 seconds
Iteration 15:	0.0995399952 seconds	0.0000000000 seconds
Iteration 15:	0.0995328426 seconds	0.0000000000 seconds
Iteration 15:	0.0995321274 seconds	0.0000000000 seconds
Iteration 15:	0.0995109081 seconds	0.0000000000 seconds
Iteration 15:	0.0995199680 seconds	0.0000000000 seconds
Iteration 15:	0.0995199680 seconds	0.0000000000 seconds
Iteration 15:	0.0995090008 seconds	0.0000000000 seconds
Iteration 15:	0.0995101929 seconds	0.0000000000 seconds
Iteration 15:	0.0995090008 seconds	0.0000000000 seconds
Iteration 15:	0.0995161533 seconds	0.0000000000 seconds
Iteration 15:	0.0995140076 seconds	0.0000000000 seconds
Iteration 15:	0.0995130539 seconds	0.0000000000 seconds
Iteration 15:	0.0995309353 seconds	0.0000000000 seconds
Iteration 15:	0.0995588303 seconds	0.0000000000 seconds
Iteration 15:	0.0996241570 seconds	0.0000000000 seconds
Iteration 15:	0.0996158123 seconds	0.0000000000 seconds
Iteration 15:	0.0996310711 seconds	0.0000000000 seconds
Iteration 15:	0.0996220112 seconds	0.0000000000 seconds
Iteration 15:	0.0996398926 seconds	0.0000000000 seconds
Iteration 15:	0.0996208191 seconds	0.0000000000 seconds
Iteration 15:	0.0996329784 seconds	0.0000000000 seconds
Iteration 15:	0.0996301174 seconds	0.0000000000 seconds
Iteration 15:	0.0996251106 seconds	0.0000000000 seconds
Iteration 15:	0.0996301174 seconds	0.0000000000 seconds
Iteration 15:	0.0996220112 seconds	0.0000000000 seconds
Iteration 15:	0.0996310711 seconds	0.0000000000 seconds
Iteration 15:	0.0996339321 seconds	0.0000000000 seconds
Iteration 15:	0.0996320248 seconds	0.0000000000 seconds
Iteration 15:	0.0996401310 seconds	0.0000000000 seconds
Iteration 16:	0.1073710918 seconds	0.0000000000 seconds
Iteration 16:	0.1073741913 seconds	0.0000000000 seconds
Iteration 16:	0.1073799133 seconds	0.0000000000 seconds
Iteration 16:	0.1073760986 seconds	0.0000000000 seconds
Iteration 16:	0.1073818207 seconds	0.0000000000 seconds
Iteration 16:	0.1073851585 seconds	0.0000000000 seconds
Iteration 16:	0.1073939800 seconds	0.0000000000 seconds
Iteration 16:	0.1073939800 seconds	0.0000000000 seconds
Iteration 16:	0.1074008942 seconds	0.0000000000 seconds
Iteration 16:	0.1073999405 seconds	0.0000000000 seconds
Iteration 16:	0.1073949337 seconds	0.0000000000 seconds
Iteration 16:	0.1073930264 seconds	0.0000000000 seconds
Iteration 16:	0.1073892117 seconds	0.0000000000 seconds
Iteration 16:	0.1073729992 seconds	0.0000009537 seconds
Iteration 16:	0.1073989868 seconds	0.0000000000 seconds
Iteration 16:	0.1073930264 seconds	0.0000000000 seconds
Iteration 16:	0.1072280407 seconds	0.0000000000 seconds
Iteration 16:	0.1072950363 seconds	0.0000000000 seconds
Iteration 16:	0.1072928905 seconds	0.0000011921 seconds
Iteration 16:	0.1072969437 seconds	0.0000000000 seconds
Iteration 16:	0.1072828770 seconds	0.0000000000 seconds
Iteration 16:	0.1072940826 seconds	0.0000000000 seconds
Iteration 16:	0.1072828770 seconds	0.0000000000 seconds
Iteration 16:	0.1072800159 seconds	0.0000000000 seconds
Iteration 16:	0.1072881222 seconds	0.0000000000 seconds
Iteration 16:	0.1072771549 seconds	0.0000000000 seconds
Iteration 16:	0.1072671413 seconds	0.0000000000 seconds
Iteration 16:	0.1072590351 seconds	0.0000000000 seconds
Iteration 16:	0.1073429585 seconds	0.0000000000 seconds
Iteration 16:	0.1072688103 seconds	0.0000000000 seconds
Iteration 16:	0.1074340343 seconds	0.0000000000 seconds
Iteration 16:	0.1074390411 seconds	0.0000000000 seconds
Iteration 17:	0.0995728970 seconds	0.0000000000 seconds
Iteration 17:	0.0995769501 seconds	0.0000000000 seconds
Iteration 17:	0.0995810032 seconds	0.0000000000 seconds
Iteration 17:	0.0995850563 seconds	0.0000000000 seconds
Iteration 17:	0.0995790958 seconds	0.0000000000 seconds
Iteration 17:	0.0995879173 seconds	0.0000000000 seconds
Iteration 17:	0.0995879173 seconds	0.0000000000 seconds
Iteration 17:	0.0995888710 seconds	0.0000000000 seconds
Iteration 17:	0.0995929241 seconds	0.0000000000 seconds
Iteration 17:	0.0995931625 seconds	0.0000000000 seconds
Iteration 17:	0.0995998383 seconds	0.0000009537 seconds
Iteration 17:	0.0996060371 seconds	0.0000000000 seconds
Iteration 17:	0.0996069908 seconds	0.0000000000 seconds
Iteration 17:	0.0995960236 seconds	0.0000000000 seconds
Iteration 17:	0.0996038914 seconds	0.0000000000 seconds
Iteration 17:	0.0996170044 seconds	0.0000000000 seconds
Iteration 17:	0.0997018814 seconds	0.0000000000 seconds
Iteration 17:	0.0997018814 seconds	0.0000000000 seconds
Iteration 17:	0.0997090340 seconds	0.0000000000 seconds
Iteration 17:	0.0997161865 seconds	0.0000000000 seconds
Iteration 17:	0.0997281075 seconds	0.0000000000 seconds
Iteration 17:	0.0997180939 seconds	0.0000000000 seconds
Iteration 17:	0.0997331142 seconds	0.0000000000 seconds
Iteration 17:	0.0997231007 seconds	0.0000000000 seconds
Iteration 17:	0.0997710228 seconds	0.0000000000 seconds
Iteration 17:	0.0997879505 seconds	0.0000000000 seconds
Iteration 17:	0.0997929573 seconds	0.0000000000 seconds
Iteration 17:	0.0997929573 seconds	0.0000000000 seconds
Iteration 17:	0.0997989178 seconds	0.0000000000 seconds
Iteration 17:	0.0996370316 seconds	0.0000000000 seconds
Iteration 17:	0.0998578072 seconds	0.0000000000 seconds
Iteration 17:	0.0996408463 seconds	0.0000000000 seconds
Iteration 18:	0.1074450016 seconds	0.0000000000 seconds
Iteration 18:	0.1074469090 seconds	0.0000000000 seconds
Iteration 18:	0.1074481010 seconds	0.0000000000 seconds
Iteration 18:	0.1074490547 seconds	0.0000000000 seconds
Iteration 18:	0.1074619293 seconds	0.0000000000 seconds
Iteration 18:	0.1074509621 seconds	0.0000000000 seconds
Iteration 18:	0.1071779728 seconds	0.0000000000 seconds
Iteration 18:	0.1071770191 seconds	0.0000000000 seconds
Iteration 18:	0.1071860790 seconds	0.0000000000 seconds
Iteration 18:	0.1074528694 seconds	0.0000009537 seconds
Iteration 18:	0.1073031425 seconds	0.0000000000 seconds
Iteration 18:	0.1072800159 seconds	0.0000000000 seconds
Iteration 18:	0.1072778702 seconds	0.0000000000 seconds
Iteration 18:	0.1072709560 seconds	0.0000000000 seconds
Iteration 18:	0.1072781086 seconds	0.0000000000 seconds
Iteration 18:	0.1073911190 seconds	0.0000000000 seconds
Iteration 18:	0.1073839664 seconds	0.0000000000 seconds
Iteration 18:	0.1073770523 seconds	0.0000000000 seconds
Iteration 18:	0.1073710918 seconds	0.0000000000 seconds
Iteration 18:	0.1073710918 seconds	0.0000000000 seconds
Iteration 18:	0.1073670387 seconds	0.0000000000 seconds
Iteration 18:	0.1073780060 seconds	0.0000000000 seconds
Iteration 18:	0.1073720455 seconds	0.0000000000 seconds
Iteration 18:	0.1076478958 seconds	0.0000000000 seconds
Iteration 18:	0.1076560020 seconds	0.0000000000 seconds
Iteration 18:	0.1076531410 seconds	0.0000000000 seconds
Iteration 18:	0.1076469421 seconds	0.0000000000 seconds
Iteration 18:	0.1076400280 seconds	0.0000000000 seconds
Iteration 18:	0.1076419353 seconds	0.0000000000 seconds
Iteration 18:	0.1076340675 seconds	0.0000000000 seconds
Iteration 18:	0.1076629162 seconds	0.0000000000 seconds
Iteration 18:	0.1076538563 seconds	0.0000000000 seconds
Iteration 19:	0.0996351242 seconds	0.0000000000 seconds
Iteration 19:	0.0996429920 seconds	0.0000000000 seconds
Iteration 19:	0.0996489525 seconds	0.0000000000 seconds
Iteration 19:	0.0994279385 seconds	0.0000000000 seconds
Iteration 19:	0.0997688770 seconds	0.0000000000 seconds
Iteration 19:	0.0997581482 seconds	0.0000000000 seconds
Iteration 19:	0.0997591019 seconds	0.0000000000 seconds
Iteration 19:	0.0997498035 seconds	0.0000000000 seconds
Iteration 19:	0.0997369289 seconds	0.0000000000 seconds
Iteration 19:	0.0997350216 seconds	0.0000000000 seconds
Iteration 19:	0.0996589661 seconds	0.0000000000 seconds
Iteration 19:	0.0996580124 seconds	0.0000000000 seconds
Iteration 19:	0.0996620655 seconds	0.0000000000 seconds
Iteration 19:	0.0996570587 seconds	0.0000000000 seconds
Iteration 19:	0.0996608734 seconds	0.0000000000 seconds
Iteration 19:	0.0997209549 seconds	0.0000000000 seconds
Iteration 19:	0.0997328758 seconds	0.0000000000 seconds
Iteration 19:	0.0997369289 seconds	0.0000000000 seconds
Iteration 19:	0.0997428894 seconds	0.0000000000 seconds
Iteration 19:	0.0995271206 seconds	0.0000000000 seconds
Iteration 19:	0.0997240543 seconds	0.0000000000 seconds
Iteration 19:	0.0995130539 seconds	0.0000000000 seconds
Iteration 19:	0.0995159149 seconds	0.0000000000 seconds
Iteration 19:	0.0995149612 seconds	0.0000000000 seconds
Iteration 19:	0.0995159149 seconds	0.0000000000 seconds
Iteration 19:	0.0995109081 seconds	0.0000000000 seconds
Iteration 19:	0.0994999409 seconds	0.0000000000 seconds
Iteration 19:	0.0994980335 seconds	0.0000000000 seconds
Iteration 19:	0.0997548103 seconds	0.0000000000 seconds
Iteration 19:	0.0998349190 seconds	0.0000000000 seconds
Iteration 19:	0.0998318195 seconds	0.0000000000 seconds
Iteration 19:	0.0998430252 seconds	0.0000000000 seconds
Iteration 20:	0.1073081493 seconds	0.0000000000 seconds
Iteration 20:	0.1073060036 seconds	0.0000000000 seconds
Iteration 20:	0.1073138714 seconds	0.0000000000 seconds
Iteration 20:	0.1073229313 seconds	0.0000000000 seconds
Iteration 20:	0.1073298454 seconds	0.0000000000 seconds
Iteration 20:	0.1073610783 seconds	0.0000000000 seconds
Iteration 20:	0.1073341370 seconds	0.0000000000 seconds
Iteration 20:	0.1073410511 seconds	0.0000000000 seconds
Iteration 20:	0.1073448658 seconds	0.0000000000 seconds
Iteration 20:	0.1073539257 seconds	0.0000000000 seconds
Iteration 20:	0.1073529720 seconds	0.0000000000 seconds
Iteration 20:	0.1073548794 seconds	0.0000000000 seconds
Iteration 20:	0.1073508263 seconds	0.0000000000 seconds
Iteration 20:	0.1073029041 seconds	0.0000000000 seconds
Iteration 20:	0.1072950363 seconds	0.0000000000 seconds
Iteration 20:	0.1072909832 seconds	0.0000000000 seconds
Iteration 20:	0.1072869301 seconds	0.0000000000 seconds
Iteration 20:	0.1072850227 seconds	0.0000000000 seconds
Iteration 20:	0.1072828770 seconds	0.0000000000 seconds
Iteration 20:	0.1073927879 seconds	0.0000000000 seconds
Iteration 20:	0.1073930264 seconds	0.0000000000 seconds
Iteration 20:	0.1072838306 seconds	0.0000000000 seconds
Iteration 20:	0.1073920727 seconds	0.0000000000 seconds
Iteration 20:	0.1073000431 seconds	0.0000000000 seconds
Iteration 20:	0.1073908806 seconds	0.0000000000 seconds
Iteration 20:	0.1073911190 seconds	0.0000000000 seconds
Iteration 20:	0.1073870659 seconds	0.0000000000 seconds
Iteration 20:	0.1074340343 seconds	0.0000009537 seconds
Iteration 20:	0.1073558331 seconds	0.0000000000 seconds
Iteration 20:	0.1073598862 seconds	0.0000000000 seconds
Iteration 20:	0.1073949337 seconds	0.0000000000 seconds
Iteration 20:	0.1073970795 seconds	0.0000000000 seconds
Iteration 21:	0.0995061398 seconds	0.0000000000 seconds
Iteration 21:	0.0995609760 seconds	0.0000000000 seconds
Iteration 21:	0.0995578766 seconds	0.0000000000 seconds
Iteration 21:	0.0995509624 seconds	0.0000000000 seconds
Iteration 21:	0.0995478630 seconds	0.0000000000 seconds
Iteration 21:	0.0995428562 seconds	0.0000000000 seconds
Iteration 21:	0.0995440483 seconds	0.0000000000 seconds
Iteration 21:	0.0995411873 seconds	0.0000000000 seconds
Iteration 21:	0.0995490551 seconds	0.0000000000 seconds
Iteration 21:	0.0995419025 seconds	0.0000000000 seconds
Iteration 21:	0.0995471478 seconds	0.0000000000 seconds
Iteration 21:	0.0995519161 seconds	0.0000000000 seconds
Iteration 21:	0.0995578766 seconds	0.0000000000 seconds
Iteration 21:	0.0995450020 seconds	0.0000000000 seconds
Iteration 21:	0.0995509624 seconds	0.0000000000 seconds
Iteration 21:	0.0995609760 seconds	0.0000000000 seconds
Iteration 21:	0.0995311737 seconds	0.0000000000 seconds
Iteration 21:	0.0996351242 seconds	0.0000000000 seconds
Iteration 21:	0.0996360779 seconds	0.0000000000 seconds
Iteration 21:	0.0996370316 seconds	0.0000009537 seconds
Iteration 21:	0.0996417999 seconds	0.0000000000 seconds
Iteration 21:	0.0996370316 seconds	0.0000000000 seconds
Iteration 21:	0.0996410847 seconds	0.0000000000 seconds
Iteration 21:	0.0996401310 seconds	0.0000000000 seconds
Iteration 21:	0.0996389389 seconds	0.0000000000 seconds
Iteration 21:	0.0996317863 seconds	0.0000000000 seconds
Iteration 21:	0.0996448994 seconds	0.0000000000 seconds
Iteration 21:	0.0996420383 seconds	0.0000000000 seconds
Iteration 21:	0.0996460915 seconds	0.0000000000 seconds
Iteration 21:	0.0996439457 seconds	0.0000000000 seconds
Iteration 21:	0.0996367931 seconds	0.0000000000 seconds
Iteration 21:	0.0996468067 seconds	0.0000000000 seconds
Iteration 22:	0.1073400974 seconds	0.0000000000 seconds
Iteration 22:	0.1073760986 seconds	0.0000000000 seconds
Iteration 22:	0.1073811054 seconds	0.0000009537 seconds
Iteration 22:	0.1073582172 seconds	0.0000000000 seconds
Iteration 22:	0.1073379517 seconds	0.0000000000 seconds
Iteration 22:	0.1073508263 seconds	0.0000000000 seconds
Iteration 22:	0.1073281765 seconds	0.0000000000 seconds
Iteration 22:	0.1073620319 seconds	0.0000000000 seconds
Iteration 22:	0.1073250771 seconds	0.0000000000 seconds
Iteration 22:	0.1073780060 seconds	0.0000009537 seconds
Iteration 22:	0.1074030399 seconds	0.0000000000 seconds
Iteration 22:	0.1073729992 seconds	0.0000000000 seconds
Iteration 22:	0.1073360443 seconds	0.0000000000 seconds
Iteration 22:	0.1074399948 seconds	0.0000011921 seconds
Iteration 22:	0.1073949337 seconds	0.0000000000 seconds
Iteration 22:	0.1073999405 seconds	0.0000000000 seconds
Iteration 22:	0.1075308323 seconds	0.0000000000 seconds
Iteration 22:	0.1074650288 seconds	0.0000000000 seconds
Iteration 22:	0.1075329781 seconds	0.0000000000 seconds
Iteration 22:	0.1074569225 seconds	0.0000000000 seconds
Iteration 22:	0.1075360775 seconds	0.0000000000 seconds
Iteration 22:	0.1075348854 seconds	0.0000000000 seconds
Iteration 22:	0.1074938774 seconds	0.0000000000 seconds
Iteration 22:	0.1075019836 seconds	0.0000000000 seconds
Iteration 22:	0.1075339317 seconds	0.0000009537 seconds
Iteration 22:	0.1075310707 seconds	0.0000000000 seconds
Iteration 22:	0.1075220108 seconds	0.0000000000 seconds
Iteration 22:	0.1075201035 seconds	0.0000000000 seconds
Iteration 22:	0.1074960232 seconds	0.0000000000 seconds
Iteration 22:	0.1074938774 seconds	0.0000000000 seconds
Iteration 22:	0.1075098515 seconds	0.0000000000 seconds
Iteration 22:	0.1075019836 seconds	0.0000000000 seconds
Iteration 23:	0.0995290279 seconds	0.0000000000 seconds
Iteration 23:	0.0995259285 seconds	0.0000000000 seconds
Iteration 23:	0.0995290279 seconds	0.0000000000 seconds
Iteration 23:	0.0995159149 seconds	0.0000000000 seconds
Iteration 23:	0.0995280743 seconds	0.0000000000 seconds
Iteration 23:	0.0995230675 seconds	0.0000000000 seconds
Iteration 23:	0.0995240211 seconds	0.0000000000 seconds
Iteration 23:	0.0995240211 seconds	0.0000000000 seconds
Iteration 23:	0.0995490551 seconds	0.0000000000 seconds
Iteration 23:	0.0995478630 seconds	0.0000000000 seconds
Iteration 23:	0.0995309353 seconds	0.0000000000 seconds
Iteration 23:	0.0994830132 seconds	0.0000000000 seconds
Iteration 23:	0.0995309353 seconds	0.0000000000 seconds
Iteration 23:	0.0995078087 seconds	0.0000000000 seconds
Iteration 23:	0.0994908810 seconds	0.0000000000 seconds
Iteration 23:	0.0994908810 seconds	0.0000000000 seconds
Iteration 23:	0.0996320248 seconds	0.0000000000 seconds
Iteration 23:	0.0995941162 seconds	0.0000000000 seconds
Iteration 23:	0.0996220112 seconds	0.0000000000 seconds
Iteration 23:	0.0996279716 seconds	0.0000000000 seconds
Iteration 23:	0.0996520519 seconds	0.0000000000 seconds
Iteration 23:	0.0996568203 seconds	0.0000000000 seconds
Iteration 23:	0.0996389389 seconds	0.0000000000 seconds
Iteration 23:	0.0996258259 seconds	0.0000000000 seconds
Iteration 23:	0.0996470451 seconds	0.0000000000 seconds
Iteration 23:	0.0996298790 seconds	0.0000000000 seconds
Iteration 23:	0.0996370316 seconds	0.0000000000 seconds
Iteration 23:	0.0996429920 seconds	0.0000000000 seconds
Iteration 23:	0.0996530056 seconds	0.0000000000 seconds
Iteration 23:	0.0996549129 seconds	0.0000000000 seconds
Iteration 23:	0.0996580124 seconds	0.0000000000 seconds
Iteration 23:	0.0996651649 seconds	0.0000000000 seconds
Iteration 24:	0.1073329449 seconds	0.0000000000 seconds
Iteration 24:	0.1073319912 seconds	0.0000000000 seconds
Iteration 24:	0.1073551178 seconds	0.0000000000 seconds
Iteration 24:	0.1073489189 seconds	0.0000000000 seconds
Iteration 24:	0.1073498726 seconds	0.0000000000 seconds
Iteration 24:	0.1073529720 seconds	0.0000000000 seconds
Iteration 24:	0.1073551178 seconds	0.0000000000 seconds
Iteration 24:	0.1073620319 seconds	0.0000000000 seconds
Iteration 24:	0.1074011326 seconds	0.0000009537 seconds
Iteration 24:	0.1074111462 seconds	0.0000000000 seconds
Iteration 24:	0.1074171066 seconds	0.0000000000 seconds
Iteration 24:	0.1073141098 seconds	0.0000000000 seconds
Iteration 24:	0.1073050499 seconds	0.0000000000 seconds
Iteration 24:	0.1072587967 seconds	0.0000011921 seconds
Iteration 24:	0.1072940826 seconds	0.0000000000 seconds
Iteration 24:	0.1072909832 seconds	0.0000000000 seconds
Iteration 24:	0.1072998047 seconds	0.0000000000 seconds
Iteration 24:	0.1072928905 seconds	0.0000000000 seconds
Iteration 24:	0.1072969437 seconds	0.0000000000 seconds
Iteration 24:	0.1072821617 seconds	0.0000000000 seconds
Iteration 24:	0.1072890759 seconds	0.0000000000 seconds
Iteration 24:	0.1072680950 seconds	0.0000000000 seconds
Iteration 24:	0.1072671413 seconds	0.0000000000 seconds
Iteration 24:	0.1072978973 seconds	0.0000000000 seconds
Iteration 24:	0.1072909832 seconds	0.0000000000 seconds
Iteration 24:	0.1073491573 seconds	0.0000000000 seconds
Iteration 24:	0.1073000431 seconds	0.0000000000 seconds
Iteration 24:	0.1074240208 seconds	0.0000000000 seconds
Iteration 24:	0.1074271202 seconds	0.0000000000 seconds
Iteration 24:	0.1074459553 seconds	0.0000000000 seconds
Iteration 24:	0.1074538231 seconds	0.0000000000 seconds
Iteration 24:	0.1074471474 seconds	0.0000000000 seconds
Iteration 25:	0.0995690823 seconds	0.0000000000 seconds
Iteration 25:	0.0995919704 seconds	0.0000009537 seconds
Iteration 25:	0.0995950699 seconds	0.0000000000 seconds
Iteration 25:	0.0995321274 seconds	0.0000000000 seconds
Iteration 25:	0.0995841026 seconds	0.0000000000 seconds
Iteration 25:	0.0995080471 seconds	0.0000000000 seconds
Iteration 25:	0.0995199680 seconds	0.0000000000 seconds
Iteration 25:	0.0995800495 seconds	0.0000000000 seconds
Iteration 25:	0.0995039940 seconds	0.0000000000 seconds
Iteration 25:	0.0995829105 seconds	0.0000000000 seconds
Iteration 25:	0.0994999409 seconds	0.0000000000 seconds
Iteration 25:	0.0994751453 seconds	0.0000000000 seconds
Iteration 25:	0.0995719433 seconds	0.0000000000 seconds
Iteration 25:	0.0995788574 seconds	0.0000000000 seconds
Iteration 25:	0.0994861126 seconds	0.0000000000 seconds
Iteration 25:	0.0994830132 seconds	0.0000000000 seconds
Iteration 25:	0.0996179581 seconds	0.0000000000 seconds
Iteration 25:	0.0996301174 seconds	0.0000000000 seconds
Iteration 25:	0.0996339321 seconds	0.0000000000 seconds
Iteration 25:	0.0996348858 seconds	0.0000000000 seconds
Iteration 25:	0.0997219086 seconds	0.0000000000 seconds
Iteration 25:	0.0997171402 seconds	0.0000000000 seconds
Iteration 25:	0.0997259617 seconds	0.0000000000 seconds
Iteration 25:	0.0997231007 seconds	0.0000000000 seconds
Iteration 25:	0.0997681618 seconds	0.0000000000 seconds
Iteration 25:	0.0997729301 seconds	0.0000000000 seconds
Iteration 25:	0.0997788906 seconds	0.0000000000 seconds
Iteration 25:	0.0997807980 seconds	0.0000000000 seconds
Iteration 25:	0.0997858047 seconds	0.0000011921 seconds
Iteration 25:	0.0998020172 seconds	0.0000000000 seconds
Iteration 25:	0.0998339653 seconds	0.0000000000 seconds
Iteration 25:	0.0998139381 seconds	0.0000000000 seconds
Iteration 26:	0.1071498394 seconds	0.0000000000 seconds
Iteration 26:	0.1071600914 seconds	0.0000000000 seconds
Iteration 26:	0.1071739197 seconds	0.0000000000 seconds
Iteration 26:	0.1074218750 seconds	0.0000000000 seconds
Iteration 26:	0.1074278355 seconds	0.0000000000 seconds
Iteration 26:	0.1074349880 seconds	0.0000000000 seconds
Iteration 26:	0.1074349880 seconds	0.0000011921 seconds
Iteration 26:	0.1074390411 seconds	0.0000000000 seconds
Iteration 26:	0.1074380875 seconds	0.0000000000 seconds
Iteration 26:	0.1074500084 seconds	0.0000000000 seconds
Iteration 26:	0.1074609756 seconds	0.0000000000 seconds
Iteration 26:	0.1074841022 seconds	0.0000000000 seconds
Iteration 26:	0.1074888706 seconds	0.0000000000 seconds
Iteration 26:	0.1074979305 seconds	0.0000000000 seconds
Iteration 26:	0.1075000763 seconds	0.0000000000 seconds
Iteration 26:	0.1074991226 seconds	0.0000000000 seconds
Iteration 26:	0.1075060368 seconds	0.0000000000 seconds
Iteration 26:	0.1075160503 seconds	0.0000000000 seconds
Iteration 26:	0.1075060368 seconds	0.0000000000 seconds
Iteration 26:	0.1073060036 seconds	0.0000000000 seconds
Iteration 26:	0.1073012352 seconds	0.0000000000 seconds
Iteration 26:	0.1072938442 seconds	0.0000000000 seconds
Iteration 26:	0.1072819233 seconds	0.0000000000 seconds
Iteration 26:	0.1072869301 seconds	0.0000000000 seconds
Iteration 26:	0.1074910164 seconds	0.0000000000 seconds
Iteration 26:	0.1074810028 seconds	0.0000000000 seconds
Iteration 26:	0.1074829102 seconds	0.0000000000 seconds
Iteration 26:	0.1074810028 seconds	0.0000000000 seconds
Iteration 26:	0.1073951721 seconds	0.0000000000 seconds
Iteration 26:	0.1073892117 seconds	0.0000000000 seconds
Iteration 26:	0.1073889732 seconds	0.0000000000 seconds
Iteration 26:	0.1073951721 seconds	0.0000000000 seconds
Iteration 27:	0.0998249054 seconds	0.0000000000 seconds
Iteration 27:	0.0998330116 seconds	0.0000000000 seconds
Iteration 27:	0.0998330116 seconds	0.0000000000 seconds
Iteration 27:	0.0998370647 seconds	0.0000000000 seconds
Iteration 27:	0.0998671055 seconds	0.0000000000 seconds
Iteration 27:	0.1005599499 seconds	0.0000000000 seconds
Iteration 27:	0.1005551815 seconds	0.0000000000 seconds
Iteration 27:	0.1005599499 seconds	0.0000000000 seconds
Iteration 27:	0.1006450653 seconds	0.0000000000 seconds
Iteration 27:	0.1006600857 seconds	0.0000000000 seconds
Iteration 27:	0.1006650925 seconds	0.0000000000 seconds
Iteration 27:	0.1006660461 seconds	0.0000009537 seconds
Iteration 27:	0.1006751060 seconds	0.0000000000 seconds
Iteration 27:	0.1008071899 seconds	0.0000000000 seconds
Iteration 27:	0.1009409428 seconds	0.0000000000 seconds
Iteration 27:	0.1009349823 seconds	0.0000000000 seconds
Iteration 27:	0.1009399891 seconds	0.0000000000 seconds
Iteration 27:	0.1008360386 seconds	0.0000000000 seconds
Iteration 27:	0.1009361744 seconds	0.0000000000 seconds
Iteration 27:	0.1009340286 seconds	0.0000000000 seconds
Iteration 27:	0.1009337902 seconds	0.0000000000 seconds
Iteration 27:	0.1009130478 seconds	0.0000000000 seconds
Iteration 27:	0.1009240150 seconds	0.0000000000 seconds
Iteration 27:	0.1009080410 seconds	0.0000000000 seconds
Iteration 27:	0.1009030342 seconds	0.0000000000 seconds
Iteration 27:	0.1008970737 seconds	0.0000000000 seconds
Iteration 27:	0.1008942127 seconds	0.0000000000 seconds
Iteration 27:	0.1008939743 seconds	0.0000000000 seconds
Iteration 27:	0.1009430885 seconds	0.0000000000 seconds
Iteration 27:	0.1009469032 seconds	0.0000000000 seconds
Iteration 27:	0.1009168625 seconds	0.0000009537 seconds
Iteration 27:	0.1009149551 seconds	0.0000000000 seconds
Iteration 28:	0.1082820892 seconds	0.0000000000 seconds
Iteration 28:	0.1082789898 seconds	0.0000000000 seconds
Iteration 28:	0.1082711220 seconds	0.0000000000 seconds
Iteration 28:	0.1082670689 seconds	0.0000000000 seconds
Iteration 28:	0.1082329750 seconds	0.0000000000 seconds
Iteration 28:	0.1075489521 seconds	0.0000000000 seconds
Iteration 28:	0.1075520515 seconds	0.0000000000 seconds
Iteration 28:	0.1075401306 seconds	0.0000000000 seconds
Iteration 28:	0.1075561047 seconds	0.0000000000 seconds
Iteration 28:	0.1075317860 seconds	0.0000000000 seconds
Iteration 28:	0.1075341702 seconds	0.0000000000 seconds
Iteration 28:	0.1075408459 seconds	0.0000000000 seconds
Iteration 28:	0.1075379848 seconds	0.0000000000 seconds
Iteration 28:	0.1073460579 seconds	0.0000000000 seconds
Iteration 28:	0.1073279381 seconds	0.0000000000 seconds
Iteration 28:	0.1073310375 seconds	0.0000000000 seconds
Iteration 28:	0.1073310375 seconds	0.0000000000 seconds
Iteration 28:	0.1073288918 seconds	0.0000000000 seconds
Iteration 28:	0.1073379517 seconds	0.0000000000 seconds
Iteration 28:	0.1073830128 seconds	0.0000000000 seconds
Iteration 28:	0.1073420048 seconds	0.0000000000 seconds
Iteration 28:	0.1075282097 seconds	0.0000000000 seconds
Iteration 28:	0.1073801517 seconds	0.0000000000 seconds
Iteration 28:	0.1073849201 seconds	0.0000000000 seconds
Iteration 28:	0.1073441505 seconds	0.0000000000 seconds
Iteration 28:	0.1073491573 seconds	0.0000000000 seconds
Iteration 28:	0.1073529720 seconds	0.0000000000 seconds
Iteration 28:	0.1073501110 seconds	0.0000000000 seconds
Iteration 28:	0.1073479652 seconds	0.0000000000 seconds
Iteration 28:	0.1073861122 seconds	0.0000000000 seconds
Iteration 28:	0.1073250771 seconds	0.0000000000 seconds
Iteration 28:	0.1073229313 seconds	0.0000000000 seconds
Iteration 29:	0.0994889736 seconds	0.0000000000 seconds
Iteration 29:	0.0995299816 seconds	0.0000000000 seconds
Iteration 29:	0.0995321274 seconds	0.0000000000 seconds
Iteration 29:	0.0995290279 seconds	0.0000000000 seconds
Iteration 29:	0.0994980335 seconds	0.0000000000 seconds
Iteration 29:	0.0995299816 seconds	0.0000000000 seconds
Iteration 29:	0.0995230675 seconds	0.0000000000 seconds
Iteration 29:	0.0994989872 seconds	0.0000000000 seconds
Iteration 29:	0.0995130539 seconds	0.0000000000 seconds
Iteration 29:	0.0995149612 seconds	0.0000000000 seconds
Iteration 29:	0.0994980335 seconds	0.0000000000 seconds
Iteration 29:	0.0994968414 seconds	0.0000000000 seconds
Iteration 29:	0.0994961262 seconds	0.0000000000 seconds
Iteration 29:	0.0995008945 seconds	0.0000000000 seconds
Iteration 29:	0.0994830132 seconds	0.0000000000 seconds
Iteration 29:	0.0994839668 seconds	0.0000000000 seconds
Iteration 29:	0.0996379852 seconds	0.0000000000 seconds
Iteration 29:	0.0996401310 seconds	0.0000000000 seconds
Iteration 29:	0.0996510983 seconds	0.0000000000 seconds
Iteration 29:	0.0996201038 seconds	0.0000000000 seconds
Iteration 29:	0.0996539593 seconds	0.0000000000 seconds
Iteration 29:	0.0996298790 seconds	0.0000000000 seconds
Iteration 29:	0.0996541977 seconds	0.0000000000 seconds
Iteration 29:	0.0996348858 seconds	0.0000000000 seconds
Iteration 29:	0.0996439457 seconds	0.0000000000 seconds
Iteration 29:	0.0996530056 seconds	0.0000000000 seconds
Iteration 29:	0.0996301174 seconds	0.0000000000 seconds
Iteration 29:	0.0996270180 seconds	0.0000000000 seconds
Iteration 29:	0.0996279716 seconds	0.0000000000 seconds
Iteration 29:	0.0996110439 seconds	0.0000009537 seconds
Iteration 29:	0.0996108055 seconds	0.0000000000 seconds
Iteration 29:	0.0996170044 seconds	0.0000000000 seconds
Iteration 30:	0.1073260307 seconds	0.0000000000 seconds
Iteration 30:	0.1073250771 seconds	0.0000009537 seconds
Iteration 30:	0.1073439121 seconds	0.0000000000 seconds
Iteration 30:	0.1073420048 seconds	0.0000000000 seconds
Iteration 30:	0.1073408127 seconds	0.0000000000 seconds
Iteration 30:	0.1073489189 seconds	0.0000000000 seconds
Iteration 30:	0.1073520184 seconds	0.0000000000 seconds
Iteration 30:	0.1073529720 seconds	0.0000000000 seconds
Iteration 30:	0.1073670387 seconds	0.0000000000 seconds
Iteration 30:	0.1073629856 seconds	0.0000000000 seconds
Iteration 30:	0.1073648930 seconds	0.0000000000 seconds
Iteration 30:	0.1072180271 seconds	0.0000000000 seconds
Iteration 30:	0.1072189808 seconds	0.0000000000 seconds
Iteration 30:	0.1072249413 seconds	0.0000000000 seconds
Iteration 30:	0.1072878838 seconds	0.0000000000 seconds
Iteration 30:	0.1072781086 seconds	0.0000000000 seconds
Iteration 30:	0.1073648930 seconds	0.0000000000 seconds
Iteration 30:	0.1073620319 seconds	0.0000000000 seconds
Iteration 30:	0.1073579788 seconds	0.0000000000 seconds
Iteration 30:	0.1073729992 seconds	0.0000000000 seconds
Iteration 30:	0.1073720455 seconds	0.0000000000 seconds
Iteration 30:	0.1072781086 seconds	0.0000000000 seconds
Iteration 30:	0.1073329449 seconds	0.0000000000 seconds
Iteration 30:	0.1073310375 seconds	0.0000000000 seconds
Iteration 30:	0.1072690487 seconds	0.0000000000 seconds
Iteration 30:	0.1072740555 seconds	0.0000000000 seconds
Iteration 30:	0.1073288918 seconds	0.0000000000 seconds
Iteration 30:	0.1073269844 seconds	0.0000000000 seconds
Iteration 30:	0.1073291302 seconds	0.0000009537 seconds
Iteration 30:	0.1073210239 seconds	0.0000000000 seconds
Iteration 30:	0.1073319912 seconds	0.0000000000 seconds
Iteration 30:	0.1073591709 seconds	0.0000000000 seconds
Iteration 31:	0.0995240211 seconds	0.0000000000 seconds
Iteration 31:	0.0995430946 seconds	0.0000000000 seconds
Iteration 31:	0.0995419025 seconds	0.0000000000 seconds
Iteration 31:	0.0995299816 seconds	0.0000000000 seconds
Iteration 31:	0.0995371342 seconds	0.0000000000 seconds
Iteration 31:	0.0995421410 seconds	0.0000000000 seconds
Iteration 31:	0.0995459557 seconds	0.0000000000 seconds
Iteration 31:	0.0995459557 seconds	0.0000000000 seconds
Iteration 31:	0.0995471478 seconds	0.0000000000 seconds
Iteration 31:	0.0995578766 seconds	0.0000000000 seconds
Iteration 31:	0.0995609760 seconds	0.0000000000 seconds
Iteration 31:	0.0995640755 seconds	0.0000000000 seconds
Iteration 31:	0.0995709896 seconds	0.0000000000 seconds
Iteration 31:	0.0995810032 seconds	0.0000009537 seconds
Iteration 31:	0.0995719433 seconds	0.0000000000 seconds
Iteration 31:	0.0995898247 seconds	0.0000000000 seconds
Iteration 31:	0.0995290279 seconds	0.0000000000 seconds
Iteration 31:	0.0995938778 seconds	0.0000000000 seconds
Iteration 31:	0.0995919704 seconds	0.0000000000 seconds
Iteration 31:	0.0995910168 seconds	0.0000000000 seconds
Iteration 31:	0.0995879173 seconds	0.0000000000 seconds
Iteration 31:	0.0995929241 seconds	0.0000000000 seconds
Iteration 31:	0.0996420383 seconds	0.0000000000 seconds
Iteration 31:	0.0996389389 seconds	0.0000000000 seconds
Iteration 31:	0.0996420383 seconds	0.0000011921 seconds
Iteration 31:	0.0996260643 seconds	0.0000000000 seconds
Iteration 31:	0.0996308327 seconds	0.0000000000 seconds
Iteration 31:	0.0996320248 seconds	0.0000000000 seconds
Iteration 31:	0.0996339321 seconds	0.0000000000 seconds
Iteration 31:	0.0996329784 seconds	0.0000000000 seconds
Iteration 31:	0.0996301174 seconds	0.0000000000 seconds
Iteration 31:	0.0996420383 seconds	0.0000000000 seconds
Iteration 32:	0.1072638035 seconds	0.0000000000 seconds
Iteration 32:	0.1072609425 seconds	0.0000000000 seconds
Iteration 32:	0.1073219776 seconds	0.0000000000 seconds
Iteration 32:	0.1072621346 seconds	0.0000000000 seconds
Iteration 32:	0.1073241234 seconds	0.0000000000 seconds
Iteration 32:	0.1072609425 seconds	0.0000000000 seconds
Iteration 32:	0.1073300838 seconds	0.0000000000 seconds
Iteration 32:	0.1072480679 seconds	0.0000000000 seconds
Iteration 32:	0.1072618961 seconds	0.0000000000 seconds
Iteration 32:	0.1073589325 seconds	0.0000000000 seconds
Iteration 32:	0.1072571278 seconds	0.0000009537 seconds
Iteration 32:	0.1073589325 seconds	0.0000000000 seconds
Iteration 32:	0.1073558331 seconds	0.0000000000 seconds
Iteration 32:	0.1073601246 seconds	0.0000000000 seconds
Iteration 32:	0.1073560715 seconds	0.0000000000 seconds
Iteration 32:	0.1073598862 seconds	0.0000000000 seconds
Iteration 32:	0.1074600220 seconds	0.0000000000 seconds
Iteration 32:	0.1074600220 seconds	0.0000000000 seconds
Iteration 32:	0.1074521542 seconds	0.0000000000 seconds
Iteration 32:	0.1074440479 seconds	0.0000000000 seconds
Iteration 32:	0.1074740887 seconds	0.0000000000 seconds
Iteration 32:	0.1074318886 seconds	0.0000011921 seconds
Iteration 32:	0.1074259281 seconds	0.0000000000 seconds
Iteration 32:	0.1074290276 seconds	0.0000000000 seconds
Iteration 32:	0.1074271202 seconds	0.0000000000 seconds
Iteration 32:	0.1074168682 seconds	0.0000000000 seconds
Iteration 32:	0.1074128151 seconds	0.0000000000 seconds
Iteration 32:	0.1074120998 seconds	0.0000000000 seconds
Iteration 32:	0.1074030399 seconds	0.0000000000 seconds
Iteration 32:	0.1073780060 seconds	0.0000000000 seconds
Iteration 32:	0.1073958874 seconds	0.0000000000 seconds
Iteration 32:	0.1073908806 seconds	0.0000000000 seconds
Iteration 33:	0.0994749069 seconds	0.0000000000 seconds
Iteration 33:	0.0994868279 seconds	0.0000000000 seconds
Iteration 33:	0.0994949341 seconds	0.0000000000 seconds
Iteration 33:	0.0994811058 seconds	0.0000000000 seconds
Iteration 33:	0.0995018482 seconds	0.0000000000 seconds
Iteration 33:	0.0995008945 seconds	0.0000000000 seconds
Iteration 33:	0.0994870663 seconds	0.0000000000 seconds
Iteration 33:	0.0995030403 seconds	0.0000000000 seconds
Iteration 33:	0.0994989872 seconds	0.0000000000 seconds
Iteration 33:	0.0995059013 seconds	0.0000000000 seconds
Iteration 33:	0.0994899273 seconds	0.0000000000 seconds
Iteration 33:	0.0994889736 seconds	0.0000000000 seconds
Iteration 33:	0.0994939804 seconds	0.0000000000 seconds
Iteration 33:	0.0995030403 seconds	0.0000000000 seconds
Iteration 33:	0.0995121002 seconds	0.0000000000 seconds
Iteration 33:	0.0995209217 seconds	0.0000000000 seconds
Iteration 33:	0.0996410847 seconds	0.0000000000 seconds
Iteration 33:	0.0996429920 seconds	0.0000000000 seconds
Iteration 33:	0.0996050835 seconds	0.0000000000 seconds
Iteration 33:	0.0996370316 seconds	0.0000009537 seconds
Iteration 33:	0.0996408463 seconds	0.0000000000 seconds
Iteration 33:	0.0996451378 seconds	0.0000000000 seconds
Iteration 33:	0.0996410847 seconds	0.0000000000 seconds
Iteration 33:	0.0996479988 seconds	0.0000000000 seconds
Iteration 33:	0.0996398926 seconds	0.0000000000 seconds
Iteration 33:	0.0996198654 seconds	0.0000000000 seconds
Iteration 33:	0.0996417999 seconds	0.0000000000 seconds
Iteration 33:	0.0996518135 seconds	0.0000000000 seconds
Iteration 33:	0.0996279716 seconds	0.0000000000 seconds
Iteration 33:	0.0996210575 seconds	0.0000000000 seconds
Iteration 33:	0.0996179581 seconds	0.0000000000 seconds
Iteration 33:	0.0996229649 seconds	0.0000000000 seconds
Iteration 34:	0.1073770523 seconds	0.0000000000 seconds
Iteration 34:	0.1073780060 seconds	0.0000000000 seconds
Iteration 34:	0.1073751450 seconds	0.0000000000 seconds
Iteration 34:	0.1073811054 seconds	0.0000009537 seconds
Iteration 34:	0.1073930264 seconds	0.0000000000 seconds
Iteration 34:	0.1073968410 seconds	0.0000000000 seconds
Iteration 34:	0.1074059010 seconds	0.0000000000 seconds
Iteration 34:	0.1074109077 seconds	0.0000000000 seconds
Iteration 34:	0.1074349880 seconds	0.0000000000 seconds
Iteration 34:	0.1074380875 seconds	0.0000000000 seconds
Iteration 34:	0.1074390411 seconds	0.0000000000 seconds
Iteration 34:	0.1074459553 seconds	0.0000000000 seconds
Iteration 34:	0.1074399948 seconds	0.0000000000 seconds
Iteration 34:	0.1074371338 seconds	0.0000000000 seconds
Iteration 34:	0.1074309349 seconds	0.0000000000 seconds
Iteration 34:	0.1074421406 seconds	0.0000000000 seconds
Total computation time was: 3.724855		Average frame time was: 0.106420		Average Particle interations per second were: 2502739290.827326
Iteration 34:	0.1072928905 seconds	0.0000000000 seconds
Iteration 34:	0.1073338985 seconds	0.0000000000 seconds
Iteration 34:	0.1073260307 seconds	0.0000000000 seconds
Iteration 34:	0.1073949337 seconds	0.0000000000 seconds
Iteration 34:	0.1073930264 seconds	0.0000000000 seconds
Iteration 34:	0.1073861122 seconds	0.0000000000 seconds
Iteration 34:	0.1073970795 seconds	0.0000000000 seconds
Iteration 34:	0.1074039936 seconds	0.0000000000 seconds
Iteration 34:	0.1073870659 seconds	0.0000000000 seconds
Iteration 34:	0.1074020863 seconds	0.0000000000 seconds
Iteration 34:	0.1073930264 seconds	0.0000000000 seconds
Iteration 34:	0.1074199677 seconds	0.0000000000 seconds
Iteration 34:	0.1073839664 seconds	0.0000000000 seconds
Iteration 34:	0.1073849201 seconds	0.0000000000 seconds
Iteration 34:	0.1073920727 seconds	0.0000000000 seconds
Iteration 34:	0.1073830128 seconds	0.0000000000 seconds
