[ -1:000]                : Rank 15 is running on comet-23-53.sdsc.edu
[ -1:000]                : Rank 22 is running on comet-23-53.sdsc.edu
[ 22:001] init_pprintf   : My dest: 23	My source: 21	My_num_part: 1340
[ -1:000]                : Rank 13 is running on comet-23-53.sdsc.edu
[ 13:001] init_pprintf   : My dest: 14	My source: 12	My_num_part: 1340
[ -1:000]                : Rank 18 is running on comet-23-53.sdsc.edu
[ -1:000]                : Rank 20 is running on comet-23-53.sdsc.edu
[ 15:001] init_pprintf   : My dest: 16	My source: 14	My_num_part: 1340
[ -1:000]                : Rank 9 is running on comet-23-53.sdsc.edu
[ -1:000]                : Rank 3 is running on comet-23-53.sdsc.edu
[ 20:001] init_pprintf   : My dest: 21	My source: 19	My_num_part: 1340
[  3:001] init_pprintf   : My dest: 4	My source: 2	My_num_part: 1340
[  9:001] init_pprintf   : My dest: 10	My source: 8	My_num_part: 1340
[ -1:000]                : Rank 11 is running on comet-23-53.sdsc.edu
[ 11:001] init_pprintf   : My dest: 12	My source: 10	My_num_part: 1340
[ -1:000]                : Rank 4 is running on comet-23-53.sdsc.edu
[ -1:000]                : Rank 8 is running on comet-23-53.sdsc.edu
[ -1:000]                : Rank 0 is running on comet-23-53.sdsc.edu
[  4:001] init_pprintf   : My dest: 5	My source: 3	My_num_part: 1340
[  8:001] init_pprintf   : My dest: 9	My source: 7	My_num_part: 1340
[  0:001] init_pprintf   : My dest: 1	My source: 23	My_num_part: 1340
[ -1:000]                : Rank 12 is running on comet-23-53.sdsc.edu
[ 12:001] init_pprintf   : My dest: 13	My source: 11	My_num_part: 1340
[ -1:000]                : Rank 23 is running on comet-23-53.sdsc.edu
[ -1:000]                : Rank 17 is running on comet-23-53.sdsc.edu
[ 23:001] init_pprintf   : My dest: 0	My source: 22	My_num_part: 1340
[ 17:001] init_pprintf   : My dest: 18	My source: 16	My_num_part: 1340
[ -1:000]                : Rank 2 is running on comet-23-53.sdsc.edu
[ -1:000]                : Rank 19 is running on comet-23-53.sdsc.edu
[  2:001] init_pprintf   : My dest: 3	My source: 1	My_num_part: 1340
[ 19:001] init_pprintf   : My dest: 20	My source: 18	My_num_part: 1340
[ -1:000]                : Rank 21 is running on comet-23-53.sdsc.edu
[ -1:000]                : Rank 14 is running on comet-23-53.sdsc.edu
[ -1:000]                : Rank 16 is running on comet-23-53.sdsc.edu
[ 21:001] init_pprintf   : My dest: 22	My source: 20	My_num_part: 1340
[ 14:001] init_pprintf   : My dest: 15	My source: 13	My_num_part: 1340
[ 16:001] init_pprintf   : My dest: 17	My source: 15	My_num_part: 1340
[ -1:000]                : Rank 7 is running on comet-23-53.sdsc.edu
[  7:001] init_pprintf   : My dest: 8	My source: 6	My_num_part: 1340
[ -1:000]                : Rank 5 is running on comet-23-53.sdsc.edu
[ -1:000]                : Rank 10 is running on comet-23-53.sdsc.edu
[  5:001] init_pprintf   : My dest: 6	My source: 4	My_num_part: 1340
[ -1:000]                : Rank 6 is running on comet-23-53.sdsc.edu
[ 10:001] init_pprintf   : My dest: 11	My source: 9	My_num_part: 1340
[  6:001] init_pprintf   : My dest: 7	My source: 5	My_num_part: 1340
[ 18:001] init_pprintf   : My dest: 19	My source: 17	My_num_part: 1340
Initalizing particles linear on 29480 to 30820
Initalizing particles linear on 17420 to 18760
Initalizing particles linear on 20100 to 21440
Initalizing particles linear on 26800 to 28140
Initalizing particles linear on 12060 to 13400
Initalizing particles linear on 4020 to 5360
Initalizing particles linear on 5360 to 6700
Initalizing particles linear on 0 to 1340
Initalizing particles linear on 10720 to 12060
Initalizing particles linear on 16080 to 17420
Initalizing particles linear on 22780 to 24120
Initalizing particles linear on 2680 to 4020
Initalizing particles linear on 25460 to 26800
Initalizing particles linear on 30820 to 32160
Initalizing particles linear on 14740 to 16080
Initalizing particles linear on 28140 to 29480
Initalizing particles linear on 21440 to 22780
Initalizing particles linear on 18760 to 20100
Initalizing particles linear on 6700 to 8040
Initalizing particles linear on 8040 to 9380
Initalizing particles linear on 9380 to 10720
Initalizing particles linear on 13400 to 14740
[ -1:000]                : Rank 1 is running on comet-23-53.sdsc.edu
Initalizing particles linear on 24120 to 25460
[  1:001] init_pprintf   : My dest: 2	My source: 0	My_num_part: 1340
Initalizing particles linear on 1340 to 2680
Iteration 0:	0.5849599838 seconds	0.0000000000 seconds
Iteration 0:	0.5849528313 seconds	0.0000000000 seconds
Iteration 0:	0.5849180222 seconds	0.0000000000 seconds
Iteration 0:	0.5849361420 seconds	0.0000009537 seconds
Iteration 0:	0.5849719048 seconds	0.0000000000 seconds
Iteration 0:	0.5849978924 seconds	0.0000011921 seconds
Iteration 0:	0.5849709511 seconds	0.0000000000 seconds
Iteration 0:	0.5849649906 seconds	0.0000000000 seconds
Iteration 0:	0.5850119591 seconds	0.0000011921 seconds
Iteration 0:	0.5850310326 seconds	0.0000000000 seconds
Iteration 0:	0.5850970745 seconds	0.0000000000 seconds
Iteration 0:	0.5850379467 seconds	0.0000000000 seconds
Iteration 0:	0.5849680901 seconds	0.0000000000 seconds
Iteration 0:	0.5850470066 seconds	0.0000009537 seconds
Iteration 0:	0.5851008892 seconds	0.0000000000 seconds
Iteration 0:	0.5850939751 seconds	0.0000000000 seconds
Iteration 0:	0.5851418972 seconds	0.0000009537 seconds
Iteration 0:	0.5851528645 seconds	0.0000000000 seconds
Iteration 0:	0.5851390362 seconds	0.0000000000 seconds
Iteration 0:	0.5852510929 seconds	0.0000000000 seconds
Iteration 0:	0.5852270126 seconds	0.0000000000 seconds
Iteration 0:	0.5853009224 seconds	0.0000000000 seconds
Iteration 0:	0.5853228569 seconds	0.0000000000 seconds
Iteration 0:	0.5848770142 seconds	0.0000000000 seconds
Iteration 1:	0.2224111557 seconds	0.0000000000 seconds
Iteration 1:	0.2223651409 seconds	0.0000000000 seconds
Iteration 1:	0.2222909927 seconds	0.0000009537 seconds
Iteration 1:	0.2224349976 seconds	0.0000000000 seconds
Iteration 1:	0.2223489285 seconds	0.0000000000 seconds
Iteration 1:	0.2224051952 seconds	0.0000000000 seconds
Iteration 1:	0.2224681377 seconds	0.0000000000 seconds
Iteration 1:	0.2223610878 seconds	0.0000000000 seconds
Iteration 1:	0.2223689556 seconds	0.0000000000 seconds
Iteration 1:	0.2224528790 seconds	0.0000000000 seconds
Iteration 1:	0.2223730087 seconds	0.0000000000 seconds
Iteration 1:	0.2224409580 seconds	0.0000000000 seconds
Iteration 1:	0.2223880291 seconds	0.0000000000 seconds
Iteration 1:	0.2224309444 seconds	0.0000000000 seconds
Iteration 1:	0.2223298550 seconds	0.0000000000 seconds
Iteration 1:	0.2224061489 seconds	0.0000000000 seconds
Iteration 1:	0.2223870754 seconds	0.0000000000 seconds
Iteration 1:	0.2223789692 seconds	0.0000000000 seconds
Iteration 1:	0.2223079205 seconds	0.0000000000 seconds
Iteration 1:	0.2223460674 seconds	0.0000009537 seconds
Iteration 1:	0.2222821712 seconds	0.0000000000 seconds
Iteration 1:	0.2223458290 seconds	0.0000000000 seconds
Iteration 1:	0.2223119736 seconds	0.0000000000 seconds
Iteration 1:	0.2223470211 seconds	0.0000000000 seconds
Iteration 2:	0.2220649719 seconds	0.0000000000 seconds
Iteration 2:	0.2219910622 seconds	0.0000000000 seconds
Iteration 2:	0.2220580578 seconds	0.0000000000 seconds
Iteration 2:	0.2220590115 seconds	0.0000000000 seconds
Iteration 2:	0.2220880985 seconds	0.0000000000 seconds
Iteration 2:	0.2220959663 seconds	0.0000000000 seconds
Iteration 2:	0.2220649719 seconds	0.0000000000 seconds
Iteration 2:	0.2220931053 seconds	0.0000000000 seconds
Iteration 2:	0.2220890522 seconds	0.0000000000 seconds
Iteration 2:	0.2220818996 seconds	0.0000000000 seconds
Iteration 2:	0.2220630646 seconds	0.0000000000 seconds
Iteration 2:	0.2220761776 seconds	0.0000000000 seconds
Iteration 2:	0.2220690250 seconds	0.0000000000 seconds
Iteration 2:	0.2220511436 seconds	0.0000000000 seconds
Iteration 2:	0.2220609188 seconds	0.0000000000 seconds
Iteration 2:	0.2220101357 seconds	0.0000000000 seconds
Iteration 2:	0.2220740318 seconds	0.0000000000 seconds
Iteration 2:	0.2220561504 seconds	0.0000000000 seconds
Iteration 2:	0.2220640182 seconds	0.0000000000 seconds
Iteration 2:	0.2221229076 seconds	0.0000000000 seconds
Iteration 2:	0.2220919132 seconds	0.0000000000 seconds
Iteration 2:	0.2221179008 seconds	0.0000000000 seconds
Iteration 2:	0.2221169472 seconds	0.0000000000 seconds
Iteration 2:	0.2220849991 seconds	0.0000000000 seconds
Iteration 3:	0.2128849030 seconds	0.0000000000 seconds
Iteration 3:	0.2129809856 seconds	0.0000000000 seconds
Iteration 3:	0.2129909992 seconds	0.0000000000 seconds
Iteration 3:	0.2129969597 seconds	0.0000000000 seconds
Iteration 3:	0.2130098343 seconds	0.0000000000 seconds
Iteration 3:	0.2130568027 seconds	0.0000000000 seconds
Iteration 3:	0.2130110264 seconds	0.0000000000 seconds
Iteration 3:	0.2130110264 seconds	0.0000000000 seconds
Iteration 3:	0.2130219936 seconds	0.0000000000 seconds
Iteration 3:	0.2129509449 seconds	0.0000000000 seconds
Iteration 3:	0.2130231857 seconds	0.0000000000 seconds
Iteration 3:	0.2131001949 seconds	0.0000000000 seconds
Iteration 3:	0.2131090164 seconds	0.0000000000 seconds
Iteration 3:	0.2131149769 seconds	0.0000000000 seconds
Iteration 3:	0.2131090164 seconds	0.0000009537 seconds
Iteration 3:	0.2129089832 seconds	0.0000000000 seconds
Iteration 3:	0.2130959034 seconds	0.0000000000 seconds
Iteration 3:	0.2130579948 seconds	0.0000000000 seconds
Iteration 3:	0.2130498886 seconds	0.0000000000 seconds
Iteration 3:	0.2130579948 seconds	0.0000000000 seconds
Iteration 3:	0.2131259441 seconds	0.0000000000 seconds
Iteration 3:	0.2130601406 seconds	0.0000000000 seconds
Iteration 3:	0.2130858898 seconds	0.0000000000 seconds
Iteration 3:	0.2130880356 seconds	0.0000000000 seconds
Iteration 4:	0.2133750916 seconds	0.0000000000 seconds
Iteration 4:	0.2133691311 seconds	0.0000000000 seconds
Iteration 4:	0.2133581638 seconds	0.0000000000 seconds
Iteration 4:	0.2132520676 seconds	0.0000000000 seconds
Iteration 4:	0.2132689953 seconds	0.0000000000 seconds
Iteration 4:	0.2133481503 seconds	0.0000000000 seconds
Iteration 4:	0.2132680416 seconds	0.0000000000 seconds
Iteration 4:	0.2133440971 seconds	0.0000000000 seconds
Iteration 4:	0.2133529186 seconds	0.0000000000 seconds
Iteration 4:	0.2132918835 seconds	0.0000000000 seconds
Iteration 4:	0.2133989334 seconds	0.0000000000 seconds
Iteration 4:	0.2133390903 seconds	0.0000000000 seconds
Iteration 4:	0.2133109570 seconds	0.0000000000 seconds
Iteration 4:	0.2132790089 seconds	0.0000000000 seconds
Iteration 4:	0.2134211063 seconds	0.0000000000 seconds
Iteration 4:	0.2134211063 seconds	0.0000000000 seconds
Iteration 4:	0.2133409977 seconds	0.0000009537 seconds
Iteration 4:	0.2133460045 seconds	0.0000000000 seconds
Iteration 4:	0.2133469582 seconds	0.0000000000 seconds
Iteration 4:	0.2133448124 seconds	0.0000000000 seconds
Iteration 4:	0.2131390572 seconds	0.0000000000 seconds
Iteration 4:	0.2131798267 seconds	0.0000000000 seconds
Iteration 4:	0.2132079601 seconds	0.0000000000 seconds
Iteration 4:	0.2132081985 seconds	0.0000009537 seconds
Iteration 5:	0.2125120163 seconds	0.0000000000 seconds
Iteration 5:	0.2125389576 seconds	0.0000000000 seconds
Iteration 5:	0.2125329971 seconds	0.0000000000 seconds
Iteration 5:	0.2125601768 seconds	0.0000000000 seconds
Iteration 5:	0.2125949860 seconds	0.0000000000 seconds
Iteration 5:	0.2126188278 seconds	0.0000000000 seconds
Iteration 5:	0.2126410007 seconds	0.0000000000 seconds
Iteration 5:	0.2127490044 seconds	0.0000000000 seconds
Iteration 5:	0.2126870155 seconds	0.0000000000 seconds
Iteration 5:	0.2127721310 seconds	0.0000000000 seconds
Iteration 5:	0.2127351761 seconds	0.0000000000 seconds
Iteration 5:	0.2128441334 seconds	0.0000000000 seconds
Iteration 5:	0.2128300667 seconds	0.0000000000 seconds
Iteration 5:	0.2129588127 seconds	0.0000000000 seconds
Iteration 5:	0.2129559517 seconds	0.0000000000 seconds
Iteration 5:	0.2129709721 seconds	0.0000000000 seconds
Iteration 5:	0.2130711079 seconds	0.0000000000 seconds
Iteration 5:	0.2131280899 seconds	0.0000000000 seconds
Iteration 5:	0.2131319046 seconds	0.0000000000 seconds
Iteration 5:	0.2131280899 seconds	0.0000000000 seconds
Iteration 5:	0.2131288052 seconds	0.0000000000 seconds
Iteration 5:	0.2131700516 seconds	0.0000000000 seconds
Iteration 5:	0.2131969929 seconds	0.0000000000 seconds
Iteration 5:	0.2131969929 seconds	0.0000000000 seconds
Iteration 6:	0.2130031586 seconds	0.0000000000 seconds
Iteration 6:	0.2130439281 seconds	0.0000000000 seconds
Iteration 6:	0.2130401134 seconds	0.0000000000 seconds
Iteration 6:	0.2130658627 seconds	0.0000000000 seconds
Iteration 6:	0.2129840851 seconds	0.0000000000 seconds
Iteration 6:	0.2129790783 seconds	0.0000009537 seconds
Iteration 6:	0.2129490376 seconds	0.0000000000 seconds
Iteration 6:	0.2129991055 seconds	0.0000000000 seconds
Iteration 6:	0.2130548954 seconds	0.0000000000 seconds
Iteration 6:	0.2128760815 seconds	0.0000000000 seconds
Iteration 6:	0.2130610943 seconds	0.0000000000 seconds
Iteration 6:	0.2129352093 seconds	0.0000000000 seconds
Iteration 6:	0.2130289078 seconds	0.0000000000 seconds
Iteration 6:	0.2127819061 seconds	0.0000000000 seconds
Iteration 6:	0.2128078938 seconds	0.0000000000 seconds
Iteration 6:	0.2126758099 seconds	0.0000000000 seconds
Iteration 6:	0.2126529217 seconds	0.0000000000 seconds
Iteration 6:	0.2125589848 seconds	0.0000000000 seconds
Iteration 6:	0.2126128674 seconds	0.0000000000 seconds
Iteration 6:	0.2126190662 seconds	0.0000000000 seconds
Iteration 6:	0.2126250267 seconds	0.0000000000 seconds
Iteration 6:	0.2125589848 seconds	0.0000000000 seconds
Iteration 6:	0.2125799656 seconds	0.0000000000 seconds
Iteration 6:	0.2125809193 seconds	0.0000000000 seconds
Iteration 7:	0.2117979527 seconds	0.0000000000 seconds
Iteration 7:	0.2117938995 seconds	0.0000000000 seconds
Iteration 7:	0.2117998600 seconds	0.0000000000 seconds
Iteration 7:	0.2118010521 seconds	0.0000000000 seconds
Iteration 7:	0.2116088867 seconds	0.0000000000 seconds
Iteration 7:	0.2117600441 seconds	0.0000000000 seconds
Iteration 7:	0.2117931843 seconds	0.0000000000 seconds
Iteration 7:	0.2116949558 seconds	0.0000000000 seconds
Iteration 7:	0.2116940022 seconds	0.0000000000 seconds
Iteration 7:	0.2133119106 seconds	0.0000000000 seconds
Iteration 7:	0.2133100033 seconds	0.0000000000 seconds
Iteration 7:	0.2133319378 seconds	0.0000009537 seconds
Iteration 7:	0.2133390903 seconds	0.0000000000 seconds
Iteration 7:	0.2133588791 seconds	0.0000000000 seconds
Iteration 7:	0.2133750916 seconds	0.0000000000 seconds
Iteration 7:	0.2133929729 seconds	0.0000011921 seconds
Iteration 7:	0.2132971287 seconds	0.0000009537 seconds
Iteration 7:	0.2134218216 seconds	0.0000011921 seconds
Iteration 7:	0.2134349346 seconds	0.0000000000 seconds
Iteration 7:	0.2135989666 seconds	0.0000000000 seconds
Iteration 7:	0.2135770321 seconds	0.0000000000 seconds
Iteration 7:	0.2136201859 seconds	0.0000000000 seconds
Iteration 7:	0.2136080265 seconds	0.0000009537 seconds
Iteration 7:	0.2135529518 seconds	0.0000000000 seconds
Iteration 8:	0.2131140232 seconds	0.0000000000 seconds
Iteration 8:	0.2131040096 seconds	0.0000009537 seconds
Iteration 8:	0.2130730152 seconds	0.0000000000 seconds
Iteration 8:	0.2131090164 seconds	0.0000000000 seconds
Iteration 8:	0.2131340504 seconds	0.0000000000 seconds
Iteration 8:	0.2131500244 seconds	0.0000000000 seconds
Iteration 8:	0.2116479874 seconds	0.0000000000 seconds
Iteration 8:	0.2115840912 seconds	0.0000000000 seconds
Iteration 8:	0.2131071091 seconds	0.0000000000 seconds
Iteration 8:	0.2116479874 seconds	0.0000000000 seconds
Iteration 8:	0.2130291462 seconds	0.0000000000 seconds
Iteration 8:	0.2116389275 seconds	0.0000000000 seconds
Iteration 8:	0.2116291523 seconds	0.0000000000 seconds
Iteration 8:	0.2116510868 seconds	0.0000000000 seconds
Iteration 8:	0.2116260529 seconds	0.0000000000 seconds
Iteration 8:	0.2116460800 seconds	0.0000000000 seconds
Iteration 8:	0.2114470005 seconds	0.0000000000 seconds
Iteration 8:	0.2116267681 seconds	0.0000000000 seconds
Iteration 8:	0.2116429806 seconds	0.0000000000 seconds
Iteration 8:	0.2114920616 seconds	0.0000000000 seconds
Iteration 8:	0.2114999294 seconds	0.0000000000 seconds
Iteration 8:	0.2114918232 seconds	0.0000000000 seconds
Iteration 8:	0.2130599022 seconds	0.0000000000 seconds
Iteration 8:	0.2114899158 seconds	0.0000000000 seconds
Iteration 9:	0.2114701271 seconds	0.0000000000 seconds
Iteration 9:	0.2115390301 seconds	0.0000000000 seconds
Iteration 9:	0.2115378380 seconds	0.0000000000 seconds
Iteration 9:	0.2115948200 seconds	0.0000000000 seconds
Iteration 9:	0.2115941048 seconds	0.0000000000 seconds
Iteration 9:	0.2116050720 seconds	0.0000000000 seconds
Iteration 9:	0.2115409374 seconds	0.0000000000 seconds
Iteration 9:	0.2116138935 seconds	0.0000000000 seconds
Iteration 9:	0.2116131783 seconds	0.0000000000 seconds
Iteration 9:	0.2116129398 seconds	0.0000000000 seconds
Iteration 9:	0.2116148472 seconds	0.0000000000 seconds
Iteration 9:	0.2116110325 seconds	0.0000000000 seconds
Iteration 9:	0.2116160393 seconds	0.0000000000 seconds
Iteration 9:	0.2116141319 seconds	0.0000000000 seconds
Iteration 9:	0.2116219997 seconds	0.0000000000 seconds
Iteration 9:	0.2116138935 seconds	0.0000000000 seconds
Iteration 9:	0.2116150856 seconds	0.0000000000 seconds
Iteration 9:	0.2116291523 seconds	0.0000000000 seconds
Iteration 9:	0.2116219997 seconds	0.0000000000 seconds
Iteration 9:	0.2116308212 seconds	0.0000000000 seconds
Iteration 9:	0.2116289139 seconds	0.0000000000 seconds
Iteration 9:	0.2116370201 seconds	0.0000000000 seconds
Iteration 9:	0.2116370201 seconds	0.0000000000 seconds
Iteration 9:	0.2116329670 seconds	0.0000000000 seconds
Iteration 10:	0.2114689350 seconds	0.0000000000 seconds
Iteration 10:	0.2114779949 seconds	0.0000000000 seconds
Iteration 10:	0.2114830017 seconds	0.0000000000 seconds
Iteration 10:	0.2115008831 seconds	0.0000000000 seconds
Iteration 10:	0.2115178108 seconds	0.0000000000 seconds
Iteration 10:	0.2115080357 seconds	0.0000009537 seconds
Iteration 10:	0.2115299702 seconds	0.0000000000 seconds
Iteration 10:	0.2115430832 seconds	0.0000000000 seconds
Iteration 10:	0.2115540504 seconds	0.0000000000 seconds
Iteration 10:	0.2115640640 seconds	0.0000000000 seconds
Iteration 10:	0.2115781307 seconds	0.0000000000 seconds
Iteration 10:	0.2115919590 seconds	0.0000000000 seconds
Iteration 10:	0.2116041183 seconds	0.0000009537 seconds
Iteration 10:	0.2116270065 seconds	0.0000000000 seconds
Iteration 10:	0.2116198540 seconds	0.0000000000 seconds
Iteration 10:	0.2116439342 seconds	0.0000000000 seconds
Iteration 10:	0.2116460800 seconds	0.0000000000 seconds
Iteration 10:	0.2116680145 seconds	0.0000000000 seconds
Iteration 10:	0.2116727829 seconds	0.0000000000 seconds
Iteration 10:	0.2117021084 seconds	0.0000000000 seconds
Iteration 10:	0.2117640972 seconds	0.0000000000 seconds
Iteration 10:	0.2117519379 seconds	0.0000000000 seconds
Iteration 10:	0.2118899822 seconds	0.0000000000 seconds
Iteration 10:	0.2118439674 seconds	0.0000000000 seconds
Iteration 11:	0.2113878727 seconds	0.0000000000 seconds
Iteration 11:	0.2115170956 seconds	0.0000000000 seconds
Iteration 11:	0.2115190029 seconds	0.0000000000 seconds
Iteration 11:	0.2115259171 seconds	0.0000000000 seconds
Iteration 11:	0.2115249634 seconds	0.0000000000 seconds
Iteration 11:	0.2115309238 seconds	0.0000000000 seconds
Iteration 11:	0.2115249634 seconds	0.0000000000 seconds
Iteration 11:	0.2115237713 seconds	0.0000000000 seconds
Iteration 11:	0.2115271091 seconds	0.0000000000 seconds
Iteration 11:	0.2115311623 seconds	0.0000000000 seconds
Iteration 11:	0.2115361691 seconds	0.0000009537 seconds
Iteration 11:	0.2115290165 seconds	0.0000000000 seconds
Iteration 11:	0.2115280628 seconds	0.0000000000 seconds
Iteration 11:	0.2115230560 seconds	0.0000000000 seconds
Iteration 11:	0.2115280628 seconds	0.0000000000 seconds
Iteration 11:	0.2115199566 seconds	0.0000000000 seconds
Iteration 11:	0.2115218639 seconds	0.0000000000 seconds
Iteration 11:	0.2114779949 seconds	0.0000000000 seconds
Iteration 11:	0.2115170956 seconds	0.0000000000 seconds
Iteration 11:	0.2115190029 seconds	0.0000000000 seconds
Iteration 11:	0.2114830017 seconds	0.0000000000 seconds
Iteration 11:	0.2115290165 seconds	0.0000000000 seconds
Iteration 11:	0.2115080357 seconds	0.0000000000 seconds
Iteration 11:	0.2115290165 seconds	0.0000000000 seconds
Iteration 12:	0.2116110325 seconds	0.0000009537 seconds
Iteration 12:	0.2117981911 seconds	0.0000000000 seconds
Iteration 12:	0.2117931843 seconds	0.0000000000 seconds
Iteration 12:	0.2117969990 seconds	0.0000000000 seconds
Iteration 12:	0.2117950916 seconds	0.0000000000 seconds
Iteration 12:	0.2118058205 seconds	0.0000000000 seconds
Iteration 12:	0.2118067741 seconds	0.0000000000 seconds
Iteration 12:	0.2118129730 seconds	0.0000000000 seconds
Iteration 12:	0.2118120193 seconds	0.0000000000 seconds
Iteration 12:	0.2118089199 seconds	0.0000000000 seconds
Iteration 12:	0.2118010521 seconds	0.0000000000 seconds
Iteration 12:	0.2118120193 seconds	0.0000000000 seconds
Iteration 12:	0.2118070126 seconds	0.0000000000 seconds
Iteration 12:	0.2118201256 seconds	0.0000000000 seconds
Iteration 12:	0.2118189335 seconds	0.0000000000 seconds
Iteration 12:	0.2118217945 seconds	0.0000000000 seconds
Iteration 12:	0.2118201256 seconds	0.0000000000 seconds
Iteration 12:	0.2118110657 seconds	0.0000000000 seconds
Iteration 12:	0.2118170261 seconds	0.0000000000 seconds
Iteration 12:	0.2118098736 seconds	0.0000000000 seconds
Iteration 12:	0.2118089199 seconds	0.0000000000 seconds
Iteration 12:	0.2117869854 seconds	0.0000000000 seconds
Iteration 12:	0.2117860317 seconds	0.0000000000 seconds
Iteration 12:	0.2117569447 seconds	0.0000000000 seconds
Iteration 13:	0.2114219666 seconds	0.0000000000 seconds
Iteration 13:	0.2114830017 seconds	0.0000000000 seconds
Iteration 13:	0.2114868164 seconds	0.0000000000 seconds
Iteration 13:	0.2114810944 seconds	0.0000000000 seconds
Iteration 13:	0.2114670277 seconds	0.0000000000 seconds
Iteration 13:	0.2114830017 seconds	0.0000000000 seconds
Iteration 13:	0.2114720345 seconds	0.0000000000 seconds
Iteration 13:	0.2114059925 seconds	0.0000000000 seconds
Iteration 13:	0.2114639282 seconds	0.0000000000 seconds
Iteration 13:	0.2114679813 seconds	0.0000000000 seconds
Iteration 13:	0.2114710808 seconds	0.0000000000 seconds
Iteration 13:	0.2114739418 seconds	0.0000000000 seconds
Iteration 13:	0.2114830017 seconds	0.0000000000 seconds
Iteration 13:	0.2114081383 seconds	0.0000000000 seconds
Iteration 13:	0.2114739418 seconds	0.0000000000 seconds
Iteration 13:	0.2114799023 seconds	0.0000000000 seconds
Iteration 13:	0.2114768028 seconds	0.0000000000 seconds
Iteration 13:	0.2114861012 seconds	0.0000000000 seconds
Iteration 13:	0.2114799023 seconds	0.0000000000 seconds
Iteration 13:	0.2114880085 seconds	0.0000000000 seconds
Iteration 13:	0.2114899158 seconds	0.0000000000 seconds
Iteration 13:	0.2114610672 seconds	0.0000000000 seconds
Iteration 13:	0.2114820480 seconds	0.0000000000 seconds
Iteration 13:	0.2114830017 seconds	0.0000000000 seconds
Iteration 14:	0.2116169930 seconds	0.0000000000 seconds
Iteration 14:	0.2116320133 seconds	0.0000000000 seconds
Iteration 14:	0.2116401196 seconds	0.0000000000 seconds
Iteration 14:	0.2116539478 seconds	0.0000000000 seconds
Iteration 14:	0.2116568089 seconds	0.0000000000 seconds
Iteration 14:	0.2116789818 seconds	0.0000000000 seconds
Iteration 14:	0.2116711140 seconds	0.0000000000 seconds
Iteration 14:	0.2116861343 seconds	0.0000000000 seconds
Iteration 14:	0.2116081715 seconds	0.0000000000 seconds
Iteration 14:	0.2116849422 seconds	0.0000000000 seconds
Iteration 14:	0.2116827965 seconds	0.0000000000 seconds
Iteration 14:	0.2115960121 seconds	0.0000000000 seconds
Iteration 14:	0.2116701603 seconds	0.0000000000 seconds
Iteration 14:	0.2116641998 seconds	0.0000009537 seconds
Iteration 14:	0.2116658688 seconds	0.0000000000 seconds
Iteration 14:	0.2116580009 seconds	0.0000000000 seconds
Iteration 14:	0.2116611004 seconds	0.0000000000 seconds
Iteration 14:	0.2116551399 seconds	0.0000000000 seconds
Iteration 14:	0.2116580009 seconds	0.0000000000 seconds
Iteration 14:	0.2116129398 seconds	0.0000000000 seconds
Iteration 14:	0.2116529942 seconds	0.0000000000 seconds
Iteration 14:	0.2116160393 seconds	0.0000000000 seconds
Iteration 14:	0.2116389275 seconds	0.0000000000 seconds
Iteration 14:	0.2116379738 seconds	0.0000009537 seconds
Iteration 15:	0.2114508152 seconds	0.0000000000 seconds
Iteration 15:	0.2114601135 seconds	0.0000000000 seconds
Iteration 15:	0.2114758492 seconds	0.0000000000 seconds
Iteration 15:	0.2114810944 seconds	0.0000000000 seconds
Iteration 15:	0.2114999294 seconds	0.0000000000 seconds
Iteration 15:	0.2115190029 seconds	0.0000000000 seconds
Iteration 15:	0.2115149498 seconds	0.0000000000 seconds
Iteration 15:	0.2114851475 seconds	0.0000000000 seconds
Iteration 15:	0.2115309238 seconds	0.0000011921 seconds
Iteration 15:	0.2114729881 seconds	0.0000000000 seconds
Iteration 15:	0.2113888264 seconds	0.0000000000 seconds
Iteration 15:	0.2114830017 seconds	0.0000000000 seconds
Iteration 15:	0.2114779949 seconds	0.0000000000 seconds
Iteration 15:	0.2114870548 seconds	0.0000000000 seconds
Iteration 15:	0.2114839554 seconds	0.0000000000 seconds
Iteration 15:	0.2114920616 seconds	0.0000000000 seconds
Iteration 15:	0.2114889622 seconds	0.0000000000 seconds
Iteration 15:	0.2114930153 seconds	0.0000000000 seconds
Iteration 15:	0.2114939690 seconds	0.0000000000 seconds
Iteration 15:	0.2114858627 seconds	0.0000000000 seconds
Iteration 15:	0.2114589214 seconds	0.0000000000 seconds
Iteration 15:	0.2115058899 seconds	0.0000000000 seconds
Iteration 15:	0.2114849091 seconds	0.0000000000 seconds
Iteration 15:	0.2115077972 seconds	0.0000000000 seconds
Iteration 16:	0.2115001678 seconds	0.0000000000 seconds
Iteration 16:	0.2115349770 seconds	0.0000000000 seconds
Iteration 16:	0.2115559578 seconds	0.0000000000 seconds
Iteration 16:	0.2115838528 seconds	0.0000000000 seconds
Iteration 16:	0.2115750313 seconds	0.0000000000 seconds
Iteration 16:	0.2114460468 seconds	0.0000000000 seconds
Iteration 16:	0.2115640640 seconds	0.0000000000 seconds
Iteration 16:	0.2115230560 seconds	0.0000000000 seconds
Iteration 16:	0.2115819454 seconds	0.0000000000 seconds
Iteration 16:	0.2116210461 seconds	0.0000000000 seconds
Iteration 16:	0.2115969658 seconds	0.0000000000 seconds
Iteration 16:	0.2116107941 seconds	0.0000000000 seconds
Iteration 16:	0.2116298676 seconds	0.0000000000 seconds
Iteration 16:	0.2116501331 seconds	0.0000000000 seconds
Iteration 16:	0.2115390301 seconds	0.0000000000 seconds
Iteration 16:	0.2115261555 seconds	0.0000000000 seconds
Iteration 16:	0.2115299702 seconds	0.0000000000 seconds
Iteration 16:	0.2115349770 seconds	0.0000000000 seconds
Iteration 16:	0.2115340233 seconds	0.0000009537 seconds
Iteration 16:	0.2115409374 seconds	0.0000009537 seconds
Iteration 16:	0.2115428448 seconds	0.0000000000 seconds
Iteration 16:	0.2114810944 seconds	0.0000000000 seconds
Iteration 16:	0.2114510536 seconds	0.0000000000 seconds
Iteration 16:	0.2114808559 seconds	0.0000000000 seconds
Iteration 17:	0.2113399506 seconds	0.0000000000 seconds
Iteration 17:	0.2114400864 seconds	0.0000000000 seconds
Iteration 17:	0.2114431858 seconds	0.0000000000 seconds
Iteration 17:	0.2114470005 seconds	0.0000000000 seconds
Iteration 17:	0.2114441395 seconds	0.0000000000 seconds
Iteration 17:	0.2114539146 seconds	0.0000000000 seconds
Iteration 17:	0.2114679813 seconds	0.0000000000 seconds
Iteration 17:	0.2114470005 seconds	0.0000000000 seconds
Iteration 17:	0.2114379406 seconds	0.0000000000 seconds
Iteration 17:	0.2114601135 seconds	0.0000000000 seconds
Iteration 17:	0.2114601135 seconds	0.0000000000 seconds
Iteration 17:	0.2114510536 seconds	0.0000000000 seconds
Iteration 17:	0.2114250660 seconds	0.0000000000 seconds
Iteration 17:	0.2114598751 seconds	0.0000000000 seconds
Iteration 17:	0.2114410400 seconds	0.0000000000 seconds
Iteration 17:	0.2114520073 seconds	0.0000000000 seconds
Iteration 17:	0.2114579678 seconds	0.0000000000 seconds
Iteration 17:	0.2114489079 seconds	0.0000000000 seconds
Iteration 17:	0.2114310265 seconds	0.0000000000 seconds
Iteration 17:	0.2114248276 seconds	0.0000000000 seconds
Iteration 17:	0.2114269733 seconds	0.0000000000 seconds
Iteration 17:	0.2113990784 seconds	0.0000000000 seconds
Iteration 17:	0.2113771439 seconds	0.0000000000 seconds
Iteration 17:	0.2113981247 seconds	0.0000000000 seconds
Iteration 18:	0.2112879753 seconds	0.0000000000 seconds
Iteration 18:	0.2112960815 seconds	0.0000000000 seconds
Iteration 18:	0.2112979889 seconds	0.0000000000 seconds
Iteration 18:	0.2113130093 seconds	0.0000000000 seconds
Iteration 18:	0.2113258839 seconds	0.0000000000 seconds
Iteration 18:	0.2113389969 seconds	0.0000000000 seconds
Iteration 18:	0.2113549709 seconds	0.0000000000 seconds
Iteration 18:	0.2113602161 seconds	0.0000000000 seconds
Iteration 18:	0.2113740444 seconds	0.0000000000 seconds
Iteration 18:	0.2113859653 seconds	0.0000000000 seconds
Iteration 18:	0.2113978863 seconds	0.0000000000 seconds
Iteration 18:	0.2114019394 seconds	0.0000000000 seconds
Iteration 18:	0.2113339901 seconds	0.0000000000 seconds
Iteration 18:	0.2114291191 seconds	0.0000000000 seconds
Iteration 18:	0.2114300728 seconds	0.0000000000 seconds
Iteration 18:	0.2114410400 seconds	0.0000000000 seconds
Iteration 18:	0.2114319801 seconds	0.0000000000 seconds
Iteration 18:	0.2114470005 seconds	0.0000000000 seconds
Iteration 18:	0.2114408016 seconds	0.0000000000 seconds
Iteration 18:	0.2114388943 seconds	0.0000000000 seconds
Iteration 18:	0.2115149498 seconds	0.0000000000 seconds
Iteration 18:	0.2115640640 seconds	0.0000000000 seconds
Iteration 18:	0.2116198540 seconds	0.0000000000 seconds
Iteration 18:	0.2115409374 seconds	0.0000000000 seconds
Iteration 19:	0.2365419865 seconds	0.0000000000 seconds
Iteration 19:	0.2365469933 seconds	0.0000000000 seconds
Iteration 19:	0.2365989685 seconds	0.0000009537 seconds
Iteration 19:	0.2364170551 seconds	0.0000000000 seconds
Iteration 19:	0.2364370823 seconds	0.0000000000 seconds
Iteration 19:	0.2363998890 seconds	0.0000000000 seconds
Iteration 19:	0.2371399403 seconds	0.0000000000 seconds
Iteration 19:	0.2431390285 seconds	0.0000000000 seconds
Iteration 19:	0.2431709766 seconds	0.0000000000 seconds
Iteration 19:	0.2431979179 seconds	0.0000000000 seconds
Iteration 19:	0.2432219982 seconds	0.0000000000 seconds
Iteration 19:	0.2531940937 seconds	0.0000000000 seconds
Iteration 19:	0.2537181377 seconds	0.0000000000 seconds
Iteration 19:	0.2547779083 seconds	0.0000000000 seconds
Iteration 19:	0.2548129559 seconds	0.0000000000 seconds
Iteration 19:	0.2548320293 seconds	0.0000000000 seconds
Iteration 19:	0.2548038960 seconds	0.0000000000 seconds
Iteration 19:	0.2638690472 seconds	0.0000009537 seconds
Iteration 19:	0.2638609409 seconds	0.0000000000 seconds
Iteration 19:	0.2639420033 seconds	0.0000000000 seconds
Iteration 19:	0.2639820576 seconds	0.0000000000 seconds
Iteration 19:	0.2775149345 seconds	0.0000000000 seconds
Iteration 19:	0.2776110172 seconds	0.0000000000 seconds
Iteration 19:	0.2776260376 seconds	0.0000000000 seconds
Iteration 20:	0.2558000088 seconds	0.0000000000 seconds
Iteration 20:	0.2441501617 seconds	0.0000000000 seconds
Iteration 20:	0.2457599640 seconds	0.0000000000 seconds
Iteration 20:	0.2442049980 seconds	0.0000000000 seconds
Iteration 20:	0.2557780743 seconds	0.0000000000 seconds
Iteration 20:	0.2451391220 seconds	0.0000000000 seconds
Iteration 20:	0.2442030907 seconds	0.0000000000 seconds
Iteration 20:	0.2442080975 seconds	0.0000000000 seconds
Iteration 20:	0.2351651192 seconds	0.0000000000 seconds
Iteration 20:	0.2351381779 seconds	0.0000000000 seconds
Iteration 20:	0.2214601040 seconds	0.0000000000 seconds
Iteration 20:	0.2350850105 seconds	0.0000000000 seconds
Iteration 20:	0.2351100445 seconds	0.0000000000 seconds
Iteration 20:	0.2557430267 seconds	0.0000000000 seconds
Iteration 20:	0.2214670181 seconds	0.0000000000 seconds
Iteration 20:	0.2623798847 seconds	0.0000000000 seconds
Iteration 20:	0.2214360237 seconds	0.0000000000 seconds
Iteration 20:	0.2557358742 seconds	0.0000000000 seconds
Iteration 20:	0.2624249458 seconds	0.0000000000 seconds
Iteration 20:	0.2623012066 seconds	0.0000000000 seconds
Iteration 20:	0.2623660564 seconds	0.0000000000 seconds
Iteration 20:	0.2624020576 seconds	0.0000000000 seconds
Iteration 20:	0.2624130249 seconds	0.0000000000 seconds
Iteration 20:	0.2617039680 seconds	0.0000000000 seconds
Iteration 21:	0.2113890648 seconds	0.0000000000 seconds
Iteration 21:	0.2113900185 seconds	0.0000000000 seconds
Iteration 21:	0.2113831043 seconds	0.0000000000 seconds
Iteration 21:	0.2113990784 seconds	0.0000000000 seconds
Iteration 21:	0.2113821507 seconds	0.0000000000 seconds
Iteration 21:	0.2114050388 seconds	0.0000000000 seconds
Iteration 21:	0.2114138603 seconds	0.0000000000 seconds
Iteration 21:	0.2114250660 seconds	0.0000000000 seconds
Iteration 21:	0.2114369869 seconds	0.0000000000 seconds
Iteration 21:	0.2114419937 seconds	0.0000000000 seconds
Iteration 21:	0.2114541531 seconds	0.0000000000 seconds
Iteration 21:	0.2114670277 seconds	0.0000000000 seconds
Iteration 21:	0.2113649845 seconds	0.0000000000 seconds
Iteration 21:	0.2114679813 seconds	0.0000000000 seconds
Iteration 21:	0.2114698887 seconds	0.0000000000 seconds
Iteration 21:	0.2114639282 seconds	0.0000000000 seconds
Iteration 21:	0.2114641666 seconds	0.0000000000 seconds
Iteration 21:	0.2114579678 seconds	0.0000000000 seconds
Iteration 21:	0.2114629745 seconds	0.0000000000 seconds
Iteration 21:	0.2114629745 seconds	0.0000000000 seconds
Iteration 21:	0.2114679813 seconds	0.0000000000 seconds
Iteration 21:	0.2114880085 seconds	0.0000000000 seconds
Iteration 21:	0.2114880085 seconds	0.0000000000 seconds
Iteration 21:	0.2114500999 seconds	0.0000000000 seconds
Iteration 22:	0.2113959789 seconds	0.0000000000 seconds
Iteration 22:	0.2114040852 seconds	0.0000000000 seconds
Iteration 22:	0.2114059925 seconds	0.0000000000 seconds
Iteration 22:	0.2113070488 seconds	0.0000000000 seconds
Iteration 22:	0.2114238739 seconds	0.0000000000 seconds
Iteration 22:	0.2114548683 seconds	0.0000000000 seconds
Iteration 22:	0.2114679813 seconds	0.0000000000 seconds
Iteration 22:	0.2114620209 seconds	0.0000000000 seconds
Iteration 22:	0.2114660740 seconds	0.0000000000 seconds
Iteration 22:	0.2114689350 seconds	0.0000000000 seconds
Iteration 22:	0.2114679813 seconds	0.0000000000 seconds
Iteration 22:	0.2114698887 seconds	0.0000000000 seconds
Iteration 22:	0.2114698887 seconds	0.0000000000 seconds
Iteration 22:	0.2114710808 seconds	0.0000000000 seconds
Iteration 22:	0.2114739418 seconds	0.0000000000 seconds
Iteration 22:	0.2116718292 seconds	0.0000000000 seconds
Iteration 22:	0.2116749287 seconds	0.0000000000 seconds
Iteration 22:	0.2116780281 seconds	0.0000011921 seconds
Iteration 22:	0.2116730213 seconds	0.0000009537 seconds
Iteration 22:	0.2116339207 seconds	0.0000000000 seconds
Iteration 22:	0.2116670609 seconds	0.0000000000 seconds
Iteration 22:	0.2116689682 seconds	0.0000000000 seconds
Iteration 22:	0.2116990089 seconds	0.0000000000 seconds
Iteration 22:	0.2117018700 seconds	0.0000000000 seconds
Iteration 23:	0.2159640789 seconds	0.0000000000 seconds
Iteration 23:	0.2160260677 seconds	0.0000000000 seconds
Iteration 23:	0.2162520885 seconds	0.0000000000 seconds
Iteration 23:	0.2162568569 seconds	0.0000000000 seconds
Iteration 23:	0.2162718773 seconds	0.0000000000 seconds
Iteration 23:	0.2160270214 seconds	0.0000000000 seconds
Iteration 23:	0.2162919044 seconds	0.0000000000 seconds
Iteration 23:	0.2162818909 seconds	0.0000000000 seconds
Iteration 23:	0.2163131237 seconds	0.0000000000 seconds
Iteration 23:	0.2160310745 seconds	0.0000000000 seconds
Iteration 23:	0.2163300514 seconds	0.0000000000 seconds
Iteration 23:	0.2163038254 seconds	0.0000000000 seconds
Iteration 23:	0.2163879871 seconds	0.0000009537 seconds
Iteration 23:	0.2163281441 seconds	0.0000000000 seconds
Iteration 23:	0.2162680626 seconds	0.0000000000 seconds
Iteration 23:	0.2164139748 seconds	0.0000000000 seconds
Iteration 23:	0.2160329819 seconds	0.0000000000 seconds
Iteration 23:	0.2164208889 seconds	0.0000000000 seconds
Iteration 23:	0.2163729668 seconds	0.0000000000 seconds
Iteration 23:	0.2164008617 seconds	0.0000000000 seconds
Iteration 23:	0.2160341740 seconds	0.0000000000 seconds
Iteration 23:	0.2158899307 seconds	0.0000000000 seconds
Iteration 23:	0.2159490585 seconds	0.0000000000 seconds
Iteration 23:	0.2159509659 seconds	0.0000000000 seconds
Iteration 24:	0.2112350464 seconds	0.0000000000 seconds
Iteration 24:	0.2112429142 seconds	0.0000009537 seconds
Iteration 24:	0.2112541199 seconds	0.0000000000 seconds
Iteration 24:	0.2112629414 seconds	0.0000000000 seconds
Iteration 24:	0.2112751007 seconds	0.0000000000 seconds
Iteration 24:	0.2112817764 seconds	0.0000000000 seconds
Iteration 24:	0.2112960815 seconds	0.0000000000 seconds
Iteration 24:	0.2113139629 seconds	0.0000000000 seconds
Iteration 24:	0.2113091946 seconds	0.0000000000 seconds
Iteration 24:	0.2113268375 seconds	0.0000000000 seconds
Iteration 24:	0.2113430500 seconds	0.0000000000 seconds
Iteration 24:	0.2113440037 seconds	0.0000000000 seconds
Iteration 24:	0.2113602161 seconds	0.0000000000 seconds
Iteration 24:	0.2113718987 seconds	0.0000000000 seconds
Iteration 24:	0.2113709450 seconds	0.0000000000 seconds
Iteration 24:	0.2113220692 seconds	0.0000000000 seconds
Iteration 24:	0.2114069462 seconds	0.0000009537 seconds
Iteration 24:	0.2114078999 seconds	0.0000000000 seconds
Iteration 24:	0.2114059925 seconds	0.0000000000 seconds
Iteration 24:	0.2114040852 seconds	0.0000000000 seconds
Iteration 24:	0.2114140987 seconds	0.0000000000 seconds
Iteration 24:	0.2115178108 seconds	0.0000000000 seconds
Iteration 24:	0.2114470005 seconds	0.0000000000 seconds
Iteration 24:	0.2114801407 seconds	0.0000000000 seconds
Iteration 25:	0.2114899158 seconds	0.0000000000 seconds
Iteration 25:	0.2114901543 seconds	0.0000000000 seconds
Iteration 25:	0.2115099430 seconds	0.0000000000 seconds
Iteration 25:	0.2114839554 seconds	0.0000000000 seconds
Iteration 25:	0.2115449905 seconds	0.0000000000 seconds
Iteration 25:	0.2115020752 seconds	0.0000000000 seconds
Iteration 25:	0.2115390301 seconds	0.0000000000 seconds
Iteration 25:	0.2115519047 seconds	0.0000000000 seconds
Iteration 25:	0.2115840912 seconds	0.0000000000 seconds
Iteration 25:	0.2116060257 seconds	0.0000000000 seconds
Iteration 25:	0.2116191387 seconds	0.0000000000 seconds
Iteration 25:	0.2116270065 seconds	0.0000000000 seconds
Iteration 25:	0.2115030289 seconds	0.0000000000 seconds
Iteration 25:	0.2115540504 seconds	0.0000000000 seconds
Iteration 25:	0.2116000652 seconds	0.0000000000 seconds
Iteration 25:	0.2115998268 seconds	0.0000000000 seconds
Iteration 25:	0.2114949226 seconds	0.0000000000 seconds
Iteration 25:	0.2115778923 seconds	0.0000000000 seconds
Iteration 25:	0.2115590572 seconds	0.0000000000 seconds
Iteration 25:	0.2115528584 seconds	0.0000000000 seconds
Iteration 25:	0.2115440369 seconds	0.0000000000 seconds
Iteration 25:	0.2115190029 seconds	0.0000000000 seconds
Iteration 25:	0.2115409374 seconds	0.0000011921 seconds
Iteration 25:	0.2115418911 seconds	0.0000000000 seconds
Iteration 26:	0.2114870548 seconds	0.0000000000 seconds
Iteration 26:	0.2115089893 seconds	0.0000000000 seconds
Iteration 26:	0.2114930153 seconds	0.0000000000 seconds
Iteration 26:	0.2113370895 seconds	0.0000000000 seconds
Iteration 26:	0.2114369869 seconds	0.0000000000 seconds
Iteration 26:	0.2115070820 seconds	0.0000000000 seconds
Iteration 26:	0.2114889622 seconds	0.0000000000 seconds
Iteration 26:	0.2114801407 seconds	0.0000000000 seconds
Iteration 26:	0.2114400864 seconds	0.0000000000 seconds
Iteration 26:	0.2115209103 seconds	0.0000000000 seconds
Iteration 26:	0.2114770412 seconds	0.0000009537 seconds
Iteration 26:	0.2115499973 seconds	0.0000000000 seconds
Iteration 26:	0.2114350796 seconds	0.0000000000 seconds
Iteration 26:	0.2115571499 seconds	0.0000000000 seconds
Iteration 26:	0.2114439011 seconds	0.0000000000 seconds
Iteration 26:	0.2114739418 seconds	0.0000009537 seconds
Iteration 26:	0.2114539146 seconds	0.0000000000 seconds
Iteration 26:	0.2114739418 seconds	0.0000000000 seconds
Iteration 26:	0.2114670277 seconds	0.0000000000 seconds
Iteration 26:	0.2114839554 seconds	0.0000000000 seconds
Iteration 26:	0.2114880085 seconds	0.0000000000 seconds
Iteration 26:	0.2114660740 seconds	0.0000000000 seconds
Iteration 26:	0.2114391327 seconds	0.0000000000 seconds
Iteration 26:	0.2114660740 seconds	0.0000000000 seconds
Iteration 27:	0.2116038799 seconds	0.0000000000 seconds
Iteration 27:	0.2116110325 seconds	0.0000000000 seconds
Iteration 27:	0.2116198540 seconds	0.0000000000 seconds
Iteration 27:	0.2116329670 seconds	0.0000000000 seconds
Iteration 27:	0.2116470337 seconds	0.0000000000 seconds
Iteration 27:	0.2116479874 seconds	0.0000000000 seconds
Iteration 27:	0.2115461826 seconds	0.0000000000 seconds
Iteration 27:	0.2116630077 seconds	0.0000009537 seconds
Iteration 27:	0.2116718292 seconds	0.0000000000 seconds
Iteration 27:	0.2116570473 seconds	0.0000000000 seconds
Iteration 27:	0.2116649151 seconds	0.0000000000 seconds
Iteration 27:	0.2116580009 seconds	0.0000000000 seconds
Iteration 27:	0.2116558552 seconds	0.0000000000 seconds
Iteration 27:	0.2116510868 seconds	0.0000000000 seconds
Iteration 27:	0.2116508484 seconds	0.0000000000 seconds
Iteration 27:	0.2116489410 seconds	0.0000000000 seconds
Iteration 27:	0.2116510868 seconds	0.0000000000 seconds
Iteration 27:	0.2116510868 seconds	0.0000000000 seconds
Iteration 27:	0.2116549015 seconds	0.0000000000 seconds
Iteration 27:	0.2116088867 seconds	0.0000000000 seconds
Iteration 27:	0.2116510868 seconds	0.0000000000 seconds
Iteration 27:	0.2116770744 seconds	0.0000000000 seconds
Iteration 27:	0.2116770744 seconds	0.0000000000 seconds
Iteration 27:	0.2116510868 seconds	0.0000000000 seconds
Iteration 28:	0.2114689350 seconds	0.0000000000 seconds
Iteration 28:	0.2114880085 seconds	0.0000000000 seconds
Iteration 28:	0.2114388943 seconds	0.0000000000 seconds
Iteration 28:	0.2112858295 seconds	0.0000011921 seconds
Iteration 28:	0.2114601135 seconds	0.0000000000 seconds
Iteration 28:	0.2115190029 seconds	0.0000000000 seconds
Iteration 28:	0.2115080357 seconds	0.0000000000 seconds
Iteration 28:	0.2113199234 seconds	0.0000000000 seconds
Iteration 28:	0.2115311623 seconds	0.0000000000 seconds
Iteration 28:	0.2113211155 seconds	0.0000000000 seconds
Iteration 28:	0.2114181519 seconds	0.0000000000 seconds
Iteration 28:	0.2115409374 seconds	0.0000000000 seconds
Iteration 28:	0.2115490437 seconds	0.0000000000 seconds
Iteration 28:	0.2115700245 seconds	0.0000000000 seconds
Iteration 28:	0.2115688324 seconds	0.0000000000 seconds
Iteration 28:	0.2115981579 seconds	0.0000000000 seconds
Iteration 28:	0.2116160393 seconds	0.0000000000 seconds
Iteration 28:	0.2118179798 seconds	0.0000000000 seconds
Iteration 28:	0.2118248940 seconds	0.0000000000 seconds
Iteration 28:	0.2118349075 seconds	0.0000000000 seconds
Iteration 28:	0.2118518353 seconds	0.0000000000 seconds
Iteration 28:	0.2118699551 seconds	0.0000000000 seconds
Iteration 28:	0.2118818760 seconds	0.0000000000 seconds
Iteration 28:	0.2117600441 seconds	0.0000000000 seconds
Iteration 29:	0.2115559578 seconds	0.0000000000 seconds
Iteration 29:	0.2115700245 seconds	0.0000000000 seconds
Iteration 29:	0.2115612030 seconds	0.0000000000 seconds
Iteration 29:	0.2115659714 seconds	0.0000000000 seconds
Iteration 29:	0.2115550041 seconds	0.0000000000 seconds
Iteration 29:	0.2115149498 seconds	0.0000000000 seconds
Iteration 29:	0.2115600109 seconds	0.0000000000 seconds
Iteration 29:	0.2115569115 seconds	0.0000000000 seconds
Iteration 29:	0.2115519047 seconds	0.0000000000 seconds
Iteration 29:	0.2115879059 seconds	0.0000000000 seconds
Iteration 29:	0.2115609646 seconds	0.0000000000 seconds
Iteration 29:	0.2115900517 seconds	0.0000000000 seconds
Iteration 29:	0.2115020752 seconds	0.0000000000 seconds
Iteration 29:	0.2115619183 seconds	0.0000000000 seconds
Iteration 29:	0.2112989426 seconds	0.0000000000 seconds
Iteration 29:	0.2113399506 seconds	0.0000000000 seconds
Iteration 29:	0.2113330364 seconds	0.0000000000 seconds
Iteration 29:	0.2113499641 seconds	0.0000000000 seconds
Iteration 29:	0.2113389969 seconds	0.0000000000 seconds
Iteration 29:	0.2115929127 seconds	0.0000009537 seconds
Iteration 29:	0.2113308907 seconds	0.0000009537 seconds
Iteration 29:	0.2113289833 seconds	0.0000000000 seconds
Iteration 29:	0.2116491795 seconds	0.0000000000 seconds
Iteration 29:	0.2116510868 seconds	0.0000000000 seconds
Total computation time was: 6.829772		Average frame time was: 0.227645		Average Particle interations per second were: 4543330798.368851
