[ -1:000]                : Rank 0 is running on comet-05-11.sdsc.edu
[  0:001] init_pprintf   : My dest: 1	My source: 4	My_num_part: 3264
Initalizing particles linear on 0 to 3264
[ -1:000]                : Rank 3 is running on comet-10-69.sdsc.edu
[  3:001] init_pprintf   : My dest: 4	My source: 2	My_num_part: 3264
Initalizing particles linear on 9792 to 13056
[ -1:000]                : Rank 1 is running on comet-06-44.sdsc.edu
[  1:001] init_pprintf   : My dest: 2	My source: 0	My_num_part: 3264
[ -1:000]                : Rank 2 is running on comet-10-66.sdsc.edu
[  2:001] init_pprintf   : My dest: 3	My source: 1	My_num_part: 3264
[ -1:000]                : Rank 4 is running on comet-13-63.sdsc.edu
[  4:001] init_pprintf   : My dest: 0	My source: 3	My_num_part: 3264
Initalizing particles linear on 3264 to 6528
Initalizing particles linear on 13056 to 16320
Initalizing particles linear on 6528 to 9792
Iteration 0:	0.1215369701 seconds	0.0000000000 seconds
Iteration 0:	0.1644999981 seconds	0.0000009537 seconds
Iteration 0:	0.1220438480 seconds	0.0000009537 seconds
Iteration 0:	0.1224420071 seconds	0.0000000000 seconds
Iteration 0:	0.1221268177 seconds	0.0000000000 seconds
Iteration 1:	0.0762300491 seconds	0.0000000000 seconds
Iteration 1:	0.0795569420 seconds	0.0000000000 seconds
Iteration 1:	0.0797920227 seconds	0.0000000000 seconds
Iteration 1:	0.0797932148 seconds	0.0000000000 seconds
Iteration 1:	0.0797920227 seconds	0.0000000000 seconds
Iteration 2:	0.0596070290 seconds	0.0000000000 seconds
Iteration 2:	0.0625400543 seconds	0.0000000000 seconds
Iteration 2:	0.0588481426 seconds	0.0000000000 seconds
Iteration 2:	0.0588750839 seconds	0.0000000000 seconds
Iteration 2:	0.0588901043 seconds	0.0000000000 seconds
Iteration 3:	0.0549459457 seconds	0.0000000000 seconds
Iteration 3:	0.0550038815 seconds	0.0000009537 seconds
Iteration 3:	0.0552740097 seconds	0.0000009537 seconds
Iteration 3:	0.0552527905 seconds	0.0000000000 seconds
Iteration 3:	0.0552299023 seconds	0.0000000000 seconds
Iteration 4:	0.0590629578 seconds	0.0000000000 seconds
Iteration 4:	0.0587658882 seconds	0.0000000000 seconds
Iteration 4:	0.0588700771 seconds	0.0000000000 seconds
Iteration 4:	0.0591177940 seconds	0.0000000000 seconds
Iteration 4:	0.0588641167 seconds	0.0000000000 seconds
Iteration 5:	0.0552370548 seconds	0.0000000000 seconds
Iteration 5:	0.0551989079 seconds	0.0000000000 seconds
Iteration 5:	0.0554111004 seconds	0.0000000000 seconds
Iteration 5:	0.0552952290 seconds	0.0000000000 seconds
Iteration 5:	0.0553138256 seconds	0.0000000000 seconds
Iteration 6:	0.0588181019 seconds	0.0000000000 seconds
Iteration 6:	0.0591008663 seconds	0.0000000000 seconds
Iteration 6:	0.0590090752 seconds	0.0000000000 seconds
Iteration 6:	0.0591461658 seconds	0.0000000000 seconds
Iteration 6:	0.0590250492 seconds	0.0000000000 seconds
Iteration 7:	0.0552389622 seconds	0.0000000000 seconds
Iteration 7:	0.0551879406 seconds	0.0000000000 seconds
Iteration 7:	0.0551087856 seconds	0.0000000000 seconds
Iteration 7:	0.0550858974 seconds	0.0000000000 seconds
Iteration 7:	0.0550720692 seconds	0.0000000000 seconds
Iteration 8:	0.0587937832 seconds	0.0000000000 seconds
Iteration 8:	0.0587959290 seconds	0.0000000000 seconds
Iteration 8:	0.0587649345 seconds	0.0000000000 seconds
Iteration 8:	0.0587859154 seconds	0.0000000000 seconds
Iteration 8:	0.0587460995 seconds	0.0000000000 seconds
Iteration 9:	0.0552289486 seconds	0.0000009537 seconds
Iteration 9:	0.0553441048 seconds	0.0000000000 seconds
Iteration 9:	0.0554518700 seconds	0.0000000000 seconds
Iteration 9:	0.0553948879 seconds	0.0000000000 seconds
Iteration 9:	0.0554139614 seconds	0.0000000000 seconds
Iteration 10:	0.0589208603 seconds	0.0000011921 seconds
Iteration 10:	0.0589380264 seconds	0.0000000000 seconds
Iteration 10:	0.0595481396 seconds	0.0000000000 seconds
Iteration 10:	0.0596778393 seconds	0.0000000000 seconds
Iteration 10:	0.0597910881 seconds	0.0000000000 seconds
Iteration 11:	0.0554749966 seconds	0.0000009537 seconds
Iteration 11:	0.0554788113 seconds	0.0000000000 seconds
Iteration 11:	0.0548219681 seconds	0.0000000000 seconds
Iteration 11:	0.0548629761 seconds	0.0000000000 seconds
Iteration 11:	0.0548529625 seconds	0.0000000000 seconds
Iteration 12:	0.0591089725 seconds	0.0000000000 seconds
Iteration 12:	0.0591630936 seconds	0.0000000000 seconds
Iteration 12:	0.0592038631 seconds	0.0000000000 seconds
Iteration 12:	0.0591499805 seconds	0.0000000000 seconds
Iteration 12:	0.0591750145 seconds	0.0000000000 seconds
Iteration 13:	0.0549998283 seconds	0.0000000000 seconds
Iteration 13:	0.0549061298 seconds	0.0000000000 seconds
Iteration 13:	0.0548980236 seconds	0.0000000000 seconds
Iteration 13:	0.0548739433 seconds	0.0000000000 seconds
Iteration 13:	0.0549108982 seconds	0.0000000000 seconds
Iteration 14:	0.0587239265 seconds	0.0000000000 seconds
Iteration 14:	0.0587489605 seconds	0.0000000000 seconds
Iteration 14:	0.0588860512 seconds	0.0000000000 seconds
Iteration 14:	0.0589220524 seconds	0.0000000000 seconds
Iteration 14:	0.0589199066 seconds	0.0000000000 seconds
Iteration 15:	0.0548019409 seconds	0.0000000000 seconds
Iteration 15:	0.0546660423 seconds	0.0000000000 seconds
Iteration 15:	0.0549800396 seconds	0.0000009537 seconds
Iteration 15:	0.0548110008 seconds	0.0000000000 seconds
Iteration 15:	0.0547761917 seconds	0.0000000000 seconds
Iteration 16:	0.0587029457 seconds	0.0000000000 seconds
Iteration 16:	0.0588881969 seconds	0.0000000000 seconds
Iteration 16:	0.0587542057 seconds	0.0000000000 seconds
Iteration 16:	0.0587399006 seconds	0.0000000000 seconds
Iteration 16:	0.0588800907 seconds	0.0000000000 seconds
Iteration 17:	0.0548660755 seconds	0.0000000000 seconds
Iteration 17:	0.0548419952 seconds	0.0000000000 seconds
Iteration 17:	0.0550391674 seconds	0.0000000000 seconds
Iteration 17:	0.0550010204 seconds	0.0000000000 seconds
Iteration 17:	0.0550150871 seconds	0.0000000000 seconds
Iteration 18:	0.0611779690 seconds	0.0000000000 seconds
Iteration 18:	0.0610380173 seconds	0.0000000000 seconds
Iteration 18:	0.0610549450 seconds	0.0000000000 seconds
Iteration 18:	0.0610270500 seconds	0.0000000000 seconds
Iteration 18:	0.0612249374 seconds	0.0000000000 seconds
Iteration 19:	0.0548870564 seconds	0.0000000000 seconds
Iteration 19:	0.0549039841 seconds	0.0000000000 seconds
Iteration 19:	0.0550539494 seconds	0.0000000000 seconds
Iteration 19:	0.0550229549 seconds	0.0000000000 seconds
Iteration 19:	0.0550038815 seconds	0.0000000000 seconds
Iteration 20:	0.0586760044 seconds	0.0000000000 seconds
Iteration 20:	0.0588400364 seconds	0.0000000000 seconds
Iteration 20:	0.0587899685 seconds	0.0000000000 seconds
Iteration 20:	0.0587561131 seconds	0.0000000000 seconds
Iteration 20:	0.0588991642 seconds	0.0000000000 seconds
Iteration 21:	0.0548939705 seconds	0.0000000000 seconds
Iteration 21:	0.0547919273 seconds	0.0000000000 seconds
Iteration 21:	0.0547928810 seconds	0.0000000000 seconds
Iteration 21:	0.0549890995 seconds	0.0000000000 seconds
Iteration 21:	0.0548400879 seconds	0.0000000000 seconds
Iteration 22:	0.0587339401 seconds	0.0000000000 seconds
Iteration 22:	0.0586750507 seconds	0.0000000000 seconds
Iteration 22:	0.0587639809 seconds	0.0000000000 seconds
Iteration 22:	0.0586960316 seconds	0.0000000000 seconds
Iteration 22:	0.0587160587 seconds	0.0000000000 seconds
Iteration 23:	0.0549149513 seconds	0.0000000000 seconds
Iteration 23:	0.0550060272 seconds	0.0000000000 seconds
Iteration 23:	0.0549428463 seconds	0.0000000000 seconds
Iteration 23:	0.0549440384 seconds	0.0000000000 seconds
Iteration 23:	0.0549988747 seconds	0.0000000000 seconds
Iteration 24:	0.0587351322 seconds	0.0000000000 seconds
Iteration 24:	0.0587670803 seconds	0.0000000000 seconds
Iteration 24:	0.0590190887 seconds	0.0000000000 seconds
Iteration 24:	0.0589518547 seconds	0.0000000000 seconds
Iteration 24:	0.0589621067 seconds	0.0000000000 seconds
Iteration 25:	0.0550060272 seconds	0.0000000000 seconds
Iteration 25:	0.0548071861 seconds	0.0000000000 seconds
Iteration 25:	0.0548307896 seconds	0.0000000000 seconds
Iteration 25:	0.0550780296 seconds	0.0000000000 seconds
Iteration 25:	0.0548670292 seconds	0.0000000000 seconds
Iteration 26:	0.0587930679 seconds	0.0000000000 seconds
Iteration 26:	0.0589199066 seconds	0.0000000000 seconds
Iteration 26:	0.0590491295 seconds	0.0000000000 seconds
Iteration 26:	0.0590238571 seconds	0.0000000000 seconds
Iteration 26:	0.0590069294 seconds	0.0000009537 seconds
Iteration 27:	0.0548760891 seconds	0.0000000000 seconds
Iteration 27:	0.0549039841 seconds	0.0000000000 seconds
Iteration 27:	0.0547761917 seconds	0.0000000000 seconds
Iteration 27:	0.0547668934 seconds	0.0000000000 seconds
Iteration 27:	0.0547809601 seconds	0.0000000000 seconds
Iteration 28:	0.0588409901 seconds	0.0000000000 seconds
Iteration 28:	0.0589928627 seconds	0.0000000000 seconds
Iteration 28:	0.0588779449 seconds	0.0000000000 seconds
Iteration 28:	0.0588731766 seconds	0.0000000000 seconds
Iteration 28:	0.0588409901 seconds	0.0000000000 seconds
Iteration 29:	0.0549070835 seconds	0.0000000000 seconds
Iteration 29:	0.0549252033 seconds	0.0000000000 seconds
Iteration 29:	0.0549559593 seconds	0.0000000000 seconds
Iteration 29:	0.0549302101 seconds	0.0000000000 seconds
Iteration 29:	0.0549550056 seconds	0.0000000000 seconds
Iteration 30:	0.0603868961 seconds	0.0000000000 seconds
Iteration 30:	0.0605220795 seconds	0.0000000000 seconds
Iteration 30:	0.0605981350 seconds	0.0000000000 seconds
Iteration 30:	0.0606019497 seconds	0.0000000000 seconds
Iteration 30:	0.0606389046 seconds	0.0000000000 seconds
Iteration 31:	0.0550930500 seconds	0.0000000000 seconds
Iteration 31:	0.0550968647 seconds	0.0000000000 seconds
Iteration 31:	0.0548849106 seconds	0.0000000000 seconds
Iteration 31:	0.0549020767 seconds	0.0000000000 seconds
Iteration 31:	0.0548779964 seconds	0.0000000000 seconds
Iteration 32:	0.0586760044 seconds	0.0000000000 seconds
Iteration 32:	0.0587601662 seconds	0.0000000000 seconds
Iteration 32:	0.0587689877 seconds	0.0000000000 seconds
Iteration 32:	0.0587608814 seconds	0.0000000000 seconds
Iteration 32:	0.0587859154 seconds	0.0000000000 seconds
Iteration 33:	0.0547039509 seconds	0.0000000000 seconds
Iteration 33:	0.0548319817 seconds	0.0000009537 seconds
Iteration 33:	0.0547318459 seconds	0.0000000000 seconds
Iteration 33:	0.0547449589 seconds	0.0000000000 seconds
Iteration 33:	0.0547599792 seconds	0.0000000000 seconds
Iteration 34:	0.0588598251 seconds	0.0000000000 seconds
Total computation time was: 2.131587		Average frame time was: 0.060849		Average Particle interations per second were: 4377074158.506248
Iteration 34:	0.0588970184 seconds	0.0000000000 seconds
Iteration 34:	0.0589990616 seconds	0.0000000000 seconds
Iteration 34:	0.0589060783 seconds	0.0000000000 seconds
Iteration 34:	0.0589528084 seconds	0.0000000000 seconds
