[ -1:000]                : Rank 1 is running on comet-13-12.sdsc.edu
[ -1:000]                : Rank 0 is running on comet-13-12.sdsc.edu
[  0:001] init_pprintf   : My dest: 1	My source: 1	My_num_part: 4080
[  1:001] init_pprintf   : My dest: 0	My source: 0	My_num_part: 4080
Initalizing particles linear on 0 to 4080
Initalizing particles linear on 4080 to 8160
Iteration 0:	0.0903971195 seconds	0.0000000000 seconds
Iteration 0:	0.0905320644 seconds	0.0000000000 seconds
Iteration 1:	0.0272891521 seconds	0.0000000000 seconds
Iteration 1:	0.0272481441 seconds	0.0000009537 seconds
Iteration 2:	0.0272169113 seconds	0.0000000000 seconds
Iteration 2:	0.0271780491 seconds	0.0000000000 seconds
Iteration 3:	0.0272059441 seconds	0.0000000000 seconds
Iteration 3:	0.0271778107 seconds	0.0000000000 seconds
Iteration 4:	0.0272331238 seconds	0.0000000000 seconds
Iteration 4:	0.0272071362 seconds	0.0000000000 seconds
Iteration 5:	0.0272378922 seconds	0.0000000000 seconds
Iteration 5:	0.0272090435 seconds	0.0000000000 seconds
Iteration 6:	0.0272169113 seconds	0.0000000000 seconds
Iteration 6:	0.0271899700 seconds	0.0000000000 seconds
Iteration 7:	0.0272221565 seconds	0.0000000000 seconds
Iteration 7:	0.0271949768 seconds	0.0000000000 seconds
Iteration 8:	0.0272338390 seconds	0.0000000000 seconds
Iteration 8:	0.0272078514 seconds	0.0000011921 seconds
Iteration 9:	0.0272080898 seconds	0.0000000000 seconds
Iteration 9:	0.0271821022 seconds	0.0000000000 seconds
Iteration 10:	0.0272319317 seconds	0.0000000000 seconds
Iteration 10:	0.0272068977 seconds	0.0000000000 seconds
Iteration 11:	0.0272130966 seconds	0.0000000000 seconds
Iteration 11:	0.0271880627 seconds	0.0000000000 seconds
Iteration 12:	0.0272319317 seconds	0.0000000000 seconds
Iteration 12:	0.0272090435 seconds	0.0000000000 seconds
Iteration 13:	0.0272200108 seconds	0.0000000000 seconds
Iteration 13:	0.0271980762 seconds	0.0000000000 seconds
Iteration 14:	0.0272381306 seconds	0.0000000000 seconds
Iteration 14:	0.0272121429 seconds	0.0000000000 seconds
Iteration 15:	0.0272121429 seconds	0.0000000000 seconds
Iteration 15:	0.0271911621 seconds	0.0000000000 seconds
Iteration 16:	0.0272238255 seconds	0.0000000000 seconds
Iteration 16:	0.0272009373 seconds	0.0000000000 seconds
Iteration 17:	0.0272159576 seconds	0.0000000000 seconds
Iteration 17:	0.0271878242 seconds	0.0000000000 seconds
Iteration 18:	0.0272238255 seconds	0.0000000000 seconds
Iteration 18:	0.0272028446 seconds	0.0000000000 seconds
Iteration 19:	0.0272150040 seconds	0.0000000000 seconds
Iteration 19:	0.0271859169 seconds	0.0000000000 seconds
Iteration 20:	0.0272159576 seconds	0.0000000000 seconds
Iteration 20:	0.0271918774 seconds	0.0000000000 seconds
Iteration 21:	0.0272140503 seconds	0.0000000000 seconds
Iteration 21:	0.0271890163 seconds	0.0000000000 seconds
Iteration 22:	0.0274529457 seconds	0.0000000000 seconds
Iteration 22:	0.0274279118 seconds	0.0000000000 seconds
Iteration 23:	0.0272171497 seconds	0.0000000000 seconds
Iteration 23:	0.0271949768 seconds	0.0000000000 seconds
Iteration 24:	0.0272259712 seconds	0.0000000000 seconds
Iteration 24:	0.0272040367 seconds	0.0000000000 seconds
Iteration 25:	0.0272150040 seconds	0.0000000000 seconds
Iteration 25:	0.0271940231 seconds	0.0000000000 seconds
Iteration 26:	0.0272159576 seconds	0.0000000000 seconds
Iteration 26:	0.0271930695 seconds	0.0000000000 seconds
Iteration 27:	0.0272250175 seconds	0.0000000000 seconds
Iteration 27:	0.0271949768 seconds	0.0000000000 seconds
Iteration 28:	0.0272231102 seconds	0.0000000000 seconds
Iteration 28:	0.0272021294 seconds	0.0000000000 seconds
Iteration 29:	0.0272049904 seconds	0.0000000000 seconds
Iteration 29:	0.0271787643 seconds	0.0000000000 seconds
Iteration 30:	0.0272140503 seconds	0.0000000000 seconds
Iteration 30:	0.0271940231 seconds	0.0000000000 seconds
Iteration 31:	0.0272190571 seconds	0.0000000000 seconds
Iteration 31:	0.0271961689 seconds	0.0000009537 seconds
Iteration 32:	0.0272338390 seconds	0.0000009537 seconds
Iteration 32:	0.0272088051 seconds	0.0000000000 seconds
Iteration 33:	0.0272178650 seconds	0.0000000000 seconds
Iteration 33:	0.0271959305 seconds	0.0000000000 seconds
Iteration 34:	0.0272200108 seconds	0.0000000000 seconds
Iteration 34:	0.0271959305 seconds	0.0000000000 seconds
Iteration 35:	0.0272090435 seconds	0.0000000000 seconds
Iteration 35:	0.0271840096 seconds	0.0000000000 seconds
Iteration 36:	0.0272171497 seconds	0.0000009537 seconds
Iteration 36:	0.0272359848 seconds	0.0000000000 seconds
Iteration 37:	0.0272810459 seconds	0.0000000000 seconds
Iteration 37:	0.0272619724 seconds	0.0000011921 seconds
Iteration 38:	0.0272409916 seconds	0.0000000000 seconds
Iteration 38:	0.0272161961 seconds	0.0000000000 seconds
Iteration 39:	0.0272319317 seconds	0.0000000000 seconds
Iteration 39:	0.0272071362 seconds	0.0000000000 seconds
Total computation time was: 1.152782		Average frame time was: 0.028801		Average Particle interations per second were: 2311892443.640739
