[ -1:000]                : Rank 17 is running on comet-13-25.sdsc.edu
[ -1:000]                : Rank 21 is running on comet-13-25.sdsc.edu
[ 21:001] init_pprintf   : My dest: 22	My source: 20	My_num_part: 670
[ -1:000]                : Rank 9 is running on comet-13-25.sdsc.edu
[ -1:000]                : Rank 0 is running on comet-13-25.sdsc.edu
[ -1:000]                : Rank 11 is running on comet-13-25.sdsc.edu
[  9:001] init_pprintf   : My dest: 10	My source: 8	My_num_part: 670
[  0:001] init_pprintf   : My dest: 1	My source: 47	My_num_part: 670
[ 11:001] init_pprintf   : My dest: 12	My source: 10	My_num_part: 670
[ -1:000]                : Rank 10 is running on comet-13-25.sdsc.edu
[ -1:000]                : Rank 19 is running on comet-13-25.sdsc.edu
[ -1:000]                : Rank 2 is running on comet-13-25.sdsc.edu
[ 10:001] init_pprintf   : My dest: 11	My source: 9	My_num_part: 670
[ 19:001] init_pprintf   : My dest: 20	My source: 18	My_num_part: 670
[  2:001] init_pprintf   : My dest: 3	My source: 1	My_num_part: 670
[ -1:000]                : Rank 20 is running on comet-13-25.sdsc.edu
[ -1:000]                : Rank 12 is running on comet-13-25.sdsc.edu
[ 20:001] init_pprintf   : My dest: 21	My source: 19	My_num_part: 670
[ -1:000]                : Rank 15 is running on comet-13-25.sdsc.edu
[ -1:000]                : Rank 16 is running on comet-13-25.sdsc.edu
[ 12:001] init_pprintf   : My dest: 13	My source: 11	My_num_part: 670
[ -1:000]                : Rank 23 is running on comet-13-25.sdsc.edu
[ 15:001] init_pprintf   : My dest: 16	My source: 14	My_num_part: 670
[ 16:001] init_pprintf   : My dest: 17	My source: 15	My_num_part: 670
[ 23:001] init_pprintf   : My dest: 24	My source: 22	My_num_part: 670
[ -1:000]                : Rank 22 is running on comet-13-25.sdsc.edu
[ 22:001] init_pprintf   : My dest: 23	My source: 21	My_num_part: 670
[ -1:000]                : Rank 14 is running on comet-13-25.sdsc.edu
[ -1:000]                : Rank 4 is running on comet-13-25.sdsc.edu
[ -1:000]                : Rank 5 is running on comet-13-25.sdsc.edu
[ -1:000]                : Rank 8 is running on comet-13-25.sdsc.edu
[ -1:000]                : Rank 18 is running on comet-13-25.sdsc.edu
[ 14:001] init_pprintf   : My dest: 15	My source: 13	My_num_part: 670
[  4:001] init_pprintf   : My dest: 5	My source: 3	My_num_part: 670
[  5:001] init_pprintf   : My dest: 6	My source: 4	My_num_part: 670
[ -1:000]                : Rank 7 is running on comet-13-25.sdsc.edu
[ -1:000]                : Rank 1 is running on comet-13-25.sdsc.edu
[  8:001] init_pprintf   : My dest: 9	My source: 7	My_num_part: 670
[ 18:001] init_pprintf   : My dest: 19	My source: 17	My_num_part: 670
[  7:001] init_pprintf   : My dest: 8	My source: 6	My_num_part: 670
[ -1:000]                : Rank 3 is running on comet-13-25.sdsc.edu
[  1:001] init_pprintf   : My dest: 2	My source: 0	My_num_part: 670
[  3:001] init_pprintf   : My dest: 4	My source: 2	My_num_part: 670
[ -1:000]                : Rank 6 is running on comet-13-25.sdsc.edu
[  6:001] init_pprintf   : My dest: 7	My source: 5	My_num_part: 670
[ -1:000]                : Rank 13 is running on comet-13-25.sdsc.edu
[ 13:001] init_pprintf   : My dest: 14	My source: 12	My_num_part: 670
[ 17:001] init_pprintf   : My dest: 18	My source: 16	My_num_part: 670
Initalizing particles linear on 14070 to 14740
Initalizing particles linear on 0 to 670
Initalizing particles linear on 6030 to 6700
Initalizing particles linear on 12730 to 13400
Initalizing particles linear on 7370 to 8040
Initalizing particles linear on 6700 to 7370
Initalizing particles linear on 1340 to 2010
Initalizing particles linear on 13400 to 14070
Initalizing particles linear on 10720 to 11390
Initalizing particles linear on 15410 to 16080
Initalizing particles linear on 10050 to 10720
Initalizing particles linear on 3350 to 4020
Initalizing particles linear on 14740 to 15410
Initalizing particles linear on 670 to 1340
Initalizing particles linear on 12060 to 12730
Initalizing particles linear on 9380 to 10050
Initalizing particles linear on 5360 to 6030
Initalizing particles linear on 4690 to 5360
Initalizing particles linear on 8040 to 8710
Initalizing particles linear on 2010 to 2680
Initalizing particles linear on 4020 to 4690
Initalizing particles linear on 2680 to 3350
Initalizing particles linear on 11390 to 12060
Initalizing particles linear on 8710 to 9380
[ -1:000]                : Rank 41 is running on comet-13-37.sdsc.edu
[ -1:000]                : Rank 47 is running on comet-13-37.sdsc.edu
[ 47:001] init_pprintf   : My dest: 0	My source: 46	My_num_part: 670
[ -1:000]                : Rank 44 is running on comet-13-37.sdsc.edu
[ -1:000]                : Rank 46 is running on comet-13-37.sdsc.edu
[ 44:001] init_pprintf   : My dest: 45	My source: 43	My_num_part: 670
[ 46:001] init_pprintf   : My dest: 47	My source: 45	My_num_part: 670
[ -1:000]                : Rank 43 is running on comet-13-37.sdsc.edu
[ 43:001] init_pprintf   : My dest: 44	My source: 42	My_num_part: 670
[ -1:000]                : Rank 35 is running on comet-13-37.sdsc.edu
[ -1:000]                : Rank 26 is running on comet-13-37.sdsc.edu
[ -1:000]                : Rank 33 is running on comet-13-37.sdsc.edu
[ -1:000]                : Rank 31 is running on comet-13-37.sdsc.edu
[ -1:000]                : Rank 24 is running on comet-13-37.sdsc.edu
[ -1:000]                : Rank 29 is running on comet-13-37.sdsc.edu
[ -1:000]                : Rank 27 is running on comet-13-37.sdsc.edu
[ 35:001] init_pprintf   : My dest: 36	My source: 34	My_num_part: 670
[ 26:001] init_pprintf   : My dest: 27	My source: 25	My_num_part: 670
[ 33:001] init_pprintf   : My dest: 34	My source: 32	My_num_part: 670
[ 31:001] init_pprintf   : My dest: 32	My source: 30	My_num_part: 670
[ 24:001] init_pprintf   : My dest: 25	My source: 23	My_num_part: 670
[ 29:001] init_pprintf   : My dest: 30	My source: 28	My_num_part: 670
[ 27:001] init_pprintf   : My dest: 28	My source: 26	My_num_part: 670
[ -1:000]                : Rank 39 is running on comet-13-37.sdsc.edu
[ -1:000]                : Rank 36 is running on comet-13-37.sdsc.edu
[ -1:000]                : Rank 40 is running on comet-13-37.sdsc.edu
[ 39:001] init_pprintf   : My dest: 40	My source: 38	My_num_part: 670
[ -1:000]                : Rank 45 is running on comet-13-37.sdsc.edu
[ -1:000]                : Rank 37 is running on comet-13-37.sdsc.edu
[ -1:000]                : Rank 32 is running on comet-13-37.sdsc.edu
[ -1:000]                : Rank 42 is running on comet-13-37.sdsc.edu
[ 36:001] init_pprintf   : My dest: 37	My source: 35	My_num_part: 670
[ 40:001] init_pprintf   : My dest: 41	My source: 39	My_num_part: 670
[ -1:000]                : Rank 25 is running on comet-13-37.sdsc.edu
[ -1:000]                : Rank 30 is running on comet-13-37.sdsc.edu
[ -1:000]                : Rank 38 is running on comet-13-37.sdsc.edu
[ 32:001] init_pprintf   : My dest: 33	My source: 31	My_num_part: 670
[ 45:001] init_pprintf   : My dest: 46	My source: 44	My_num_part: 670
[ 37:001] init_pprintf   : My dest: 38	My source: 36	My_num_part: 670
[ 25:001] init_pprintf   : My dest: 26	My source: 24	My_num_part: 670
[ -1:000]                : Rank 28 is running on comet-13-37.sdsc.edu
[ -1:000]                : Rank 34 is running on comet-13-37.sdsc.edu
[ 42:001] init_pprintf   : My dest: 43	My source: 41	My_num_part: 670
[ 30:001] init_pprintf   : My dest: 31	My source: 29	My_num_part: 670
[ 38:001] init_pprintf   : My dest: 39	My source: 37	My_num_part: 670
[ 34:001] init_pprintf   : My dest: 35	My source: 33	My_num_part: 670
[ 28:001] init_pprintf   : My dest: 29	My source: 27	My_num_part: 670
[ 41:001] init_pprintf   : My dest: 42	My source: 40	My_num_part: 670
Initalizing particles linear on 30820 to 31490
Initalizing particles linear on 29480 to 30150
Initalizing particles linear on 31490 to 32160
Initalizing particles linear on 28810 to 29480
Initalizing particles linear on 19430 to 20100
Initalizing particles linear on 17420 to 18090
Initalizing particles linear on 20770 to 21440
Initalizing particles linear on 23450 to 24120
Initalizing particles linear on 26130 to 26800
Initalizing particles linear on 26800 to 27470
Initalizing particles linear on 16080 to 16750
Initalizing particles linear on 18090 to 18760
Initalizing particles linear on 21440 to 22110
Initalizing particles linear on 24790 to 25460
Initalizing particles linear on 30150 to 30820
Initalizing particles linear on 16750 to 17420
Initalizing particles linear on 18760 to 19430
Initalizing particles linear on 28140 to 28810
Initalizing particles linear on 20100 to 20770
Initalizing particles linear on 22780 to 23450
Initalizing particles linear on 25460 to 26130
Initalizing particles linear on 24120 to 24790
Initalizing particles linear on 27470 to 28140
Initalizing particles linear on 22110 to 22780
Iteration 0:	0.2930860519 seconds	0.0000009537 seconds
Iteration 0:	0.2930819988 seconds	0.0000000000 seconds
Iteration 0:	0.2931668758 seconds	0.0000000000 seconds
Iteration 0:	0.2931728363 seconds	0.0000000000 seconds
Iteration 0:	0.2931427956 seconds	0.0000000000 seconds
Iteration 0:	0.2930848598 seconds	0.0000000000 seconds
Iteration 0:	0.2932398319 seconds	0.0000000000 seconds
Iteration 0:	0.3850569725 seconds	0.0000000000 seconds
Iteration 0:	0.3850591183 seconds	0.0000000000 seconds
Iteration 0:	0.2932498455 seconds	0.0000000000 seconds
Iteration 0:	0.2932410240 seconds	0.0000000000 seconds
Iteration 0:	0.3851540089 seconds	0.0000000000 seconds
Iteration 0:	0.3850419521 seconds	0.0000009537 seconds
Iteration 0:	0.2933499813 seconds	0.0000000000 seconds
Iteration 0:	0.2933518887 seconds	0.0000000000 seconds
Iteration 0:	0.2933149338 seconds	0.0000009537 seconds
Iteration 0:	0.2934291363 seconds	0.0000000000 seconds
Iteration 0:	0.2933609486 seconds	0.0000000000 seconds
Iteration 0:	0.3851780891 seconds	0.0000000000 seconds
Iteration 0:	0.3852188587 seconds	0.0000011921 seconds
Iteration 0:	0.2932608128 seconds	0.0000000000 seconds
Iteration 0:	0.2934200764 seconds	0.0000000000 seconds
Iteration 0:	0.2934181690 seconds	0.0000000000 seconds
Iteration 0:	0.2934300900 seconds	0.0000000000 seconds
Iteration 0:	0.2934670448 seconds	0.0000000000 seconds
Iteration 0:	0.3853271008 seconds	0.0000000000 seconds
Iteration 0:	0.3852989674 seconds	0.0000000000 seconds
Iteration 0:	0.3853778839 seconds	0.0000011921 seconds
Iteration 0:	0.3855390549 seconds	0.0000000000 seconds
Iteration 0:	0.3856079578 seconds	0.0000000000 seconds
Iteration 0:	0.3855841160 seconds	0.0000000000 seconds
Iteration 0:	0.3855900764 seconds	0.0000000000 seconds
Iteration 0:	0.3855299950 seconds	0.0000009537 seconds
Iteration 0:	0.3856148720 seconds	0.0000000000 seconds
Iteration 0:	0.3855590820 seconds	0.0000000000 seconds
Iteration 0:	0.3853738308 seconds	0.0000000000 seconds
Iteration 0:	0.3856010437 seconds	0.0000000000 seconds
Iteration 0:	0.3856170177 seconds	0.0000000000 seconds
Iteration 0:	0.3856260777 seconds	0.0000000000 seconds
Iteration 0:	0.3856492043 seconds	0.0000009537 seconds
Iteration 0:	0.3856282234 seconds	0.0000000000 seconds
Iteration 0:	0.3857510090 seconds	0.0000000000 seconds
Iteration 0:	0.2944879532 seconds	0.0000000000 seconds
Iteration 0:	0.2945270538 seconds	0.0000000000 seconds
Iteration 0:	0.3863899708 seconds	0.0000000000 seconds
Iteration 0:	0.2945458889 seconds	0.0000000000 seconds
Iteration 0:	0.2945480347 seconds	0.0000009537 seconds
Iteration 0:	0.2945711613 seconds	0.0000000000 seconds
Iteration 1:	0.1485610008 seconds	0.0000009537 seconds
Iteration 1:	0.1487700939 seconds	0.0000000000 seconds
Iteration 1:	0.1487760544 seconds	0.0000000000 seconds
Iteration 1:	0.1486890316 seconds	0.0000000000 seconds
Iteration 1:	0.1487989426 seconds	0.0000000000 seconds
Iteration 1:	0.1492640972 seconds	0.0000000000 seconds
Iteration 1:	0.1492428780 seconds	0.0000000000 seconds
Iteration 1:	0.1493101120 seconds	0.0000000000 seconds
Iteration 1:	0.1488471031 seconds	0.0000000000 seconds
Iteration 1:	0.1490559578 seconds	0.0000000000 seconds
Iteration 1:	0.1489131451 seconds	0.0000000000 seconds
Iteration 1:	0.1489009857 seconds	0.0000000000 seconds
Iteration 1:	0.1488819122 seconds	0.0000000000 seconds
Iteration 1:	0.1494438648 seconds	0.0000000000 seconds
Iteration 1:	0.1488790512 seconds	0.0000000000 seconds
Iteration 1:	0.1489231586 seconds	0.0000000000 seconds
Iteration 1:	0.1488780975 seconds	0.0000009537 seconds
Iteration 1:	0.1489310265 seconds	0.0000000000 seconds
Iteration 1:	0.1489901543 seconds	0.0000000000 seconds
Iteration 1:	0.1492891312 seconds	0.0000000000 seconds
Iteration 1:	0.1492660046 seconds	0.0000000000 seconds
Iteration 1:	0.1493780613 seconds	0.0000000000 seconds
Iteration 1:	0.1494312286 seconds	0.0000000000 seconds
Iteration 1:	0.1496360302 seconds	0.0000000000 seconds
Iteration 1:	0.1497008801 seconds	0.0000000000 seconds
Iteration 1:	0.1496930122 seconds	0.0000000000 seconds
Iteration 1:	0.1494319439 seconds	0.0000000000 seconds
Iteration 1:	0.1496901512 seconds	0.0000000000 seconds
Iteration 1:	0.1497440338 seconds	0.0000000000 seconds
Iteration 1:	0.1497919559 seconds	0.0000000000 seconds
Iteration 1:	0.1496930122 seconds	0.0000000000 seconds
Iteration 1:	0.1497521400 seconds	0.0000000000 seconds
Iteration 1:	0.1497330666 seconds	0.0000000000 seconds
Iteration 1:	0.1495800018 seconds	0.0000000000 seconds
Iteration 1:	0.1496729851 seconds	0.0000000000 seconds
Iteration 1:	0.1496708393 seconds	0.0000000000 seconds
Iteration 1:	0.1496539116 seconds	0.0000000000 seconds
Iteration 1:	0.1496407986 seconds	0.0000000000 seconds
Iteration 1:	0.1496360302 seconds	0.0000000000 seconds
Iteration 1:	0.1496460438 seconds	0.0000000000 seconds
Iteration 1:	0.1495649815 seconds	0.0000000000 seconds
Iteration 1:	0.1496150494 seconds	0.0000000000 seconds
Iteration 1:	0.1484851837 seconds	0.0000009537 seconds
Iteration 1:	0.1485729218 seconds	0.0000000000 seconds
Iteration 1:	0.1485171318 seconds	0.0000000000 seconds
Iteration 1:	0.1485671997 seconds	0.0000000000 seconds
Iteration 1:	0.1485569477 seconds	0.0000000000 seconds
Iteration 1:	0.1485559940 seconds	0.0000000000 seconds
Iteration 2:	0.1467480659 seconds	0.0000000000 seconds
Iteration 2:	0.1468319893 seconds	0.0000000000 seconds
Iteration 2:	0.1468410492 seconds	0.0000000000 seconds
Iteration 2:	0.1468539238 seconds	0.0000000000 seconds
Iteration 2:	0.1468489170 seconds	0.0000000000 seconds
Iteration 2:	0.1465568542 seconds	0.0000000000 seconds
Iteration 2:	0.1465950012 seconds	0.0000000000 seconds
Iteration 2:	0.1466000080 seconds	0.0000000000 seconds
Iteration 2:	0.1468329430 seconds	0.0000000000 seconds
Iteration 2:	0.1468448639 seconds	0.0000000000 seconds
Iteration 2:	0.1465990543 seconds	0.0000000000 seconds
Iteration 2:	0.1464369297 seconds	0.0000000000 seconds
Iteration 2:	0.1464669704 seconds	0.0000000000 seconds
Iteration 2:	0.1464319229 seconds	0.0000000000 seconds
Iteration 2:	0.1471328735 seconds	0.0000000000 seconds
Iteration 2:	0.1471199989 seconds	0.0000000000 seconds
Iteration 2:	0.1471209526 seconds	0.0000000000 seconds
Iteration 2:	0.1471011639 seconds	0.0000000000 seconds
Iteration 2:	0.1466078758 seconds	0.0000000000 seconds
Iteration 2:	0.1467318535 seconds	0.0000000000 seconds
Iteration 2:	0.1467800140 seconds	0.0000000000 seconds
Iteration 2:	0.1470999718 seconds	0.0000000000 seconds
Iteration 2:	0.1467730999 seconds	0.0000000000 seconds
Iteration 2:	0.1467330456 seconds	0.0000000000 seconds
Iteration 2:	0.1470978260 seconds	0.0000009537 seconds
Iteration 2:	0.1470921040 seconds	0.0000000000 seconds
Iteration 2:	0.1467301846 seconds	0.0000000000 seconds
Iteration 2:	0.1467280388 seconds	0.0000000000 seconds
Iteration 2:	0.1469841003 seconds	0.0000000000 seconds
Iteration 2:	0.1470520496 seconds	0.0000000000 seconds
Iteration 2:	0.1467249393 seconds	0.0000000000 seconds
Iteration 2:	0.1467750072 seconds	0.0000000000 seconds
Iteration 2:	0.1467719078 seconds	0.0000000000 seconds
Iteration 2:	0.1470501423 seconds	0.0000000000 seconds
Iteration 2:	0.1470539570 seconds	0.0000000000 seconds
Iteration 2:	0.1470558643 seconds	0.0000000000 seconds
Iteration 2:	0.1466960907 seconds	0.0000009537 seconds
Iteration 2:	0.1470561028 seconds	0.0000000000 seconds
Iteration 2:	0.1467270851 seconds	0.0000000000 seconds
Iteration 2:	0.1467289925 seconds	0.0000000000 seconds
Iteration 2:	0.1470580101 seconds	0.0000000000 seconds
Iteration 2:	0.1468257904 seconds	0.0000000000 seconds
Iteration 2:	0.1467971802 seconds	0.0000000000 seconds
Iteration 2:	0.1468169689 seconds	0.0000000000 seconds
Iteration 2:	0.1468100548 seconds	0.0000000000 seconds
Iteration 2:	0.1472420692 seconds	0.0000000000 seconds
Iteration 2:	0.1472311020 seconds	0.0000000000 seconds
Iteration 2:	0.1472110748 seconds	0.0000000000 seconds
Iteration 3:	0.1129841805 seconds	0.0000000000 seconds
Iteration 3:	0.1130731106 seconds	0.0000000000 seconds
Iteration 3:	0.1130678654 seconds	0.0000000000 seconds
Iteration 3:	0.1130580902 seconds	0.0000000000 seconds
Iteration 3:	0.1129908562 seconds	0.0000000000 seconds
Iteration 3:	0.1130638123 seconds	0.0000000000 seconds
Iteration 3:	0.1130578518 seconds	0.0000000000 seconds
Iteration 3:	0.1130628586 seconds	0.0000000000 seconds
Iteration 3:	0.1132128239 seconds	0.0000000000 seconds
Iteration 3:	0.1132569313 seconds	0.0000009537 seconds
Iteration 3:	0.1132619381 seconds	0.0000000000 seconds
Iteration 3:	0.1132700443 seconds	0.0000000000 seconds
Iteration 3:	0.1129529476 seconds	0.0000000000 seconds
Iteration 3:	0.1132621765 seconds	0.0000000000 seconds
Iteration 3:	0.1132230759 seconds	0.0000009537 seconds
Iteration 3:	0.1129379272 seconds	0.0000000000 seconds
Iteration 3:	0.1129460335 seconds	0.0000000000 seconds
Iteration 3:	0.1128609180 seconds	0.0000000000 seconds
Iteration 3:	0.1129069328 seconds	0.0000000000 seconds
Iteration 3:	0.1129479408 seconds	0.0000000000 seconds
Iteration 3:	0.1129419804 seconds	0.0000000000 seconds
Iteration 3:	0.1128511429 seconds	0.0000000000 seconds
Iteration 3:	0.1129300594 seconds	0.0000000000 seconds
Iteration 3:	0.1129288673 seconds	0.0000000000 seconds
Iteration 3:	0.1131470203 seconds	0.0000000000 seconds
Iteration 3:	0.1131510735 seconds	0.0000000000 seconds
Iteration 3:	0.1131482124 seconds	0.0000000000 seconds
Iteration 3:	0.1131501198 seconds	0.0000000000 seconds
Iteration 3:	0.1131541729 seconds	0.0000009537 seconds
Iteration 3:	0.1131508350 seconds	0.0000000000 seconds
Iteration 3:	0.1131579876 seconds	0.0000000000 seconds
Iteration 3:	0.1131460667 seconds	0.0000000000 seconds
Iteration 3:	0.1131498814 seconds	0.0000000000 seconds
Iteration 3:	0.1131610870 seconds	0.0000000000 seconds
Iteration 3:	0.1131589413 seconds	0.0000011921 seconds
Iteration 3:	0.1131620407 seconds	0.0000000000 seconds
Iteration 3:	0.1131491661 seconds	0.0000000000 seconds
Iteration 3:	0.1130249500 seconds	0.0000000000 seconds
Iteration 3:	0.1130678654 seconds	0.0000000000 seconds
Iteration 3:	0.1130778790 seconds	0.0000000000 seconds
Iteration 3:	0.1131470203 seconds	0.0000000000 seconds
Iteration 3:	0.1130888462 seconds	0.0000011921 seconds
Iteration 3:	0.1131470203 seconds	0.0000000000 seconds
Iteration 3:	0.1131439209 seconds	0.0000000000 seconds
Iteration 3:	0.1131610870 seconds	0.0000000000 seconds
Iteration 3:	0.1131069660 seconds	0.0000000000 seconds
Iteration 3:	0.1131439209 seconds	0.0000000000 seconds
Iteration 3:	0.1131608486 seconds	0.0000000000 seconds
Iteration 4:	0.1126010418 seconds	0.0000000000 seconds
Iteration 4:	0.1126561165 seconds	0.0000000000 seconds
Iteration 4:	0.1126539707 seconds	0.0000000000 seconds
Iteration 4:	0.1126558781 seconds	0.0000011921 seconds
Iteration 4:	0.1124639511 seconds	0.0000000000 seconds
Iteration 4:	0.1124019623 seconds	0.0000000000 seconds
Iteration 4:	0.1124470234 seconds	0.0000000000 seconds
Iteration 4:	0.1126101017 seconds	0.0000000000 seconds
Iteration 4:	0.1126649380 seconds	0.0000000000 seconds
Iteration 4:	0.1124439240 seconds	0.0000000000 seconds
Iteration 4:	0.1126649380 seconds	0.0000000000 seconds
Iteration 4:	0.1126658916 seconds	0.0000000000 seconds
Iteration 4:	0.1123969555 seconds	0.0000000000 seconds
Iteration 4:	0.1124610901 seconds	0.0000000000 seconds
Iteration 4:	0.1124601364 seconds	0.0000000000 seconds
Iteration 4:	0.1124639511 seconds	0.0000000000 seconds
Iteration 4:	0.1124589443 seconds	0.0000000000 seconds
Iteration 4:	0.1124050617 seconds	0.0000000000 seconds
Iteration 4:	0.1121470928 seconds	0.0000000000 seconds
Iteration 4:	0.1122751236 seconds	0.0000000000 seconds
Iteration 4:	0.1122729778 seconds	0.0000000000 seconds
Iteration 4:	0.1122691631 seconds	0.0000000000 seconds
Iteration 4:	0.1122720242 seconds	0.0000000000 seconds
Iteration 4:	0.1122720242 seconds	0.0000000000 seconds
Iteration 4:	0.1124529839 seconds	0.0000000000 seconds
Iteration 4:	0.1124198437 seconds	0.0000000000 seconds
Iteration 4:	0.1124470234 seconds	0.0000000000 seconds
Iteration 4:	0.1121599674 seconds	0.0000000000 seconds
Iteration 4:	0.1122698784 seconds	0.0000000000 seconds
Iteration 4:	0.1123700142 seconds	0.0000000000 seconds
Iteration 4:	0.1122889519 seconds	0.0000000000 seconds
Iteration 4:	0.1122829914 seconds	0.0000000000 seconds
Iteration 4:	0.1122839451 seconds	0.0000000000 seconds
Iteration 4:	0.1122848988 seconds	0.0000000000 seconds
Iteration 4:	0.1122710705 seconds	0.0000000000 seconds
Iteration 4:	0.1122691631 seconds	0.0000000000 seconds
Iteration 4:	0.1122660637 seconds	0.0000000000 seconds
Iteration 4:	0.1122660637 seconds	0.0000009537 seconds
Iteration 4:	0.1122839451 seconds	0.0000000000 seconds
Iteration 4:	0.1122808456 seconds	0.0000000000 seconds
Iteration 4:	0.1122808456 seconds	0.0000000000 seconds
Iteration 4:	0.1122770309 seconds	0.0000000000 seconds
Iteration 4:	0.1122670174 seconds	0.0000000000 seconds
Iteration 4:	0.1124889851 seconds	0.0000000000 seconds
Iteration 4:	0.1124289036 seconds	0.0000000000 seconds
Iteration 4:	0.1125211716 seconds	0.0000009537 seconds
Iteration 4:	0.1125209332 seconds	0.0000000000 seconds
Iteration 4:	0.1125228405 seconds	0.0000000000 seconds
Iteration 5:	0.1086370945 seconds	0.0000000000 seconds
Iteration 5:	0.1087369919 seconds	0.0000000000 seconds
Iteration 5:	0.1087310314 seconds	0.0000000000 seconds
Iteration 5:	0.1087229252 seconds	0.0000000000 seconds
Iteration 5:	0.1087148190 seconds	0.0000000000 seconds
Iteration 5:	0.1087121964 seconds	0.0000000000 seconds
Iteration 5:	0.1087071896 seconds	0.0000000000 seconds
Iteration 5:	0.1087040901 seconds	0.0000000000 seconds
Iteration 5:	0.1086361408 seconds	0.0000000000 seconds
Iteration 5:	0.1085879803 seconds	0.0000000000 seconds
Iteration 5:	0.1087059975 seconds	0.0000000000 seconds
Iteration 5:	0.1087031364 seconds	0.0000000000 seconds
Iteration 5:	0.1085829735 seconds	0.0000000000 seconds
Iteration 5:	0.1086070538 seconds	0.0000000000 seconds
Iteration 5:	0.1087720394 seconds	0.0000000000 seconds
Iteration 5:	0.1087810993 seconds	0.0000000000 seconds
Iteration 5:	0.1087889671 seconds	0.0000000000 seconds
Iteration 5:	0.1087870598 seconds	0.0000000000 seconds
Iteration 5:	0.1087868214 seconds	0.0000000000 seconds
Iteration 5:	0.1087830067 seconds	0.0000000000 seconds
Iteration 5:	0.1087861061 seconds	0.0000000000 seconds
Iteration 5:	0.1087949276 seconds	0.0000000000 seconds
Iteration 5:	0.1088089943 seconds	0.0000000000 seconds
Iteration 5:	0.1088919640 seconds	0.0000000000 seconds
Iteration 5:	0.1089708805 seconds	0.0000000000 seconds
Iteration 5:	0.1088089943 seconds	0.0000000000 seconds
Iteration 5:	0.1089727879 seconds	0.0000000000 seconds
Iteration 5:	0.1089670658 seconds	0.0000000000 seconds
Iteration 5:	0.1089689732 seconds	0.0000000000 seconds
Iteration 5:	0.1089730263 seconds	0.0000000000 seconds
Iteration 5:	0.1089711189 seconds	0.0000000000 seconds
Iteration 5:	0.1089692116 seconds	0.0000000000 seconds
Iteration 5:	0.1089730263 seconds	0.0000000000 seconds
Iteration 5:	0.1089680195 seconds	0.0000000000 seconds
Iteration 5:	0.1089730263 seconds	0.0000000000 seconds
Iteration 5:	0.1088891029 seconds	0.0000000000 seconds
Iteration 5:	0.1089749336 seconds	0.0000000000 seconds
Iteration 5:	0.1089749336 seconds	0.0000000000 seconds
Iteration 5:	0.1089789867 seconds	0.0000000000 seconds
Iteration 5:	0.1089761257 seconds	0.0000000000 seconds
Iteration 5:	0.1089770794 seconds	0.0000000000 seconds
Iteration 5:	0.1089839935 seconds	0.0000000000 seconds
Iteration 5:	0.1089839935 seconds	0.0000000000 seconds
Iteration 5:	0.1089820862 seconds	0.0000000000 seconds
Iteration 5:	0.1089839935 seconds	0.0000000000 seconds
Iteration 5:	0.1087050438 seconds	0.0000000000 seconds
Iteration 5:	0.1086990833 seconds	0.0000000000 seconds
Iteration 5:	0.1087341309 seconds	0.0000000000 seconds
Iteration 6:	0.1085550785 seconds	0.0000000000 seconds
Iteration 6:	0.1085138321 seconds	0.0000000000 seconds
Iteration 6:	0.1085691452 seconds	0.0000000000 seconds
Iteration 6:	0.1085779667 seconds	0.0000000000 seconds
Iteration 6:	0.1085848808 seconds	0.0000000000 seconds
Iteration 6:	0.1082298756 seconds	0.0000000000 seconds
Iteration 6:	0.1083190441 seconds	0.0000000000 seconds
Iteration 6:	0.1085879803 seconds	0.0000000000 seconds
Iteration 6:	0.1085879803 seconds	0.0000000000 seconds
Iteration 6:	0.1085901260 seconds	0.0000000000 seconds
Iteration 6:	0.1083230972 seconds	0.0000000000 seconds
Iteration 6:	0.1083190441 seconds	0.0000000000 seconds
Iteration 6:	0.1083209515 seconds	0.0000000000 seconds
Iteration 6:	0.1083168983 seconds	0.0000000000 seconds
Iteration 6:	0.1083171368 seconds	0.0000000000 seconds
Iteration 6:	0.1083159447 seconds	0.0000000000 seconds
Iteration 6:	0.1085979939 seconds	0.0000000000 seconds
Iteration 6:	0.1085960865 seconds	0.0000000000 seconds
Iteration 6:	0.1083149910 seconds	0.0000000000 seconds
Iteration 6:	0.1085989475 seconds	0.0000000000 seconds
Iteration 6:	0.1084280014 seconds	0.0000000000 seconds
Iteration 6:	0.1085219383 seconds	0.0000000000 seconds
Iteration 6:	0.1082999706 seconds	0.0000000000 seconds
Iteration 6:	0.1085128784 seconds	0.0000000000 seconds
Iteration 6:	0.1085131168 seconds	0.0000000000 seconds
Iteration 6:	0.1085140705 seconds	0.0000009537 seconds
Iteration 6:	0.1085140705 seconds	0.0000000000 seconds
Iteration 6:	0.1085140705 seconds	0.0000000000 seconds
Iteration 6:	0.1085100174 seconds	0.0000000000 seconds
Iteration 6:	0.1086468697 seconds	0.0000000000 seconds
Iteration 6:	0.1084940434 seconds	0.0000000000 seconds
Iteration 6:	0.1086559296 seconds	0.0000000000 seconds
Iteration 6:	0.1086781025 seconds	0.0000000000 seconds
Iteration 6:	0.1085262299 seconds	0.0000000000 seconds
Iteration 6:	0.1084480286 seconds	0.0000000000 seconds
Iteration 6:	0.1083500385 seconds	0.0000000000 seconds
Iteration 6:	0.1084740162 seconds	0.0000000000 seconds
Iteration 6:	0.1084709167 seconds	0.0000000000 seconds
Iteration 6:	0.1084749699 seconds	0.0000000000 seconds
Iteration 6:	0.1084802151 seconds	0.0000000000 seconds
Iteration 6:	0.1084780693 seconds	0.0000000000 seconds
Iteration 6:	0.1084780693 seconds	0.0000000000 seconds
Iteration 6:	0.1084811687 seconds	0.0000000000 seconds
Iteration 6:	0.1084799767 seconds	0.0000000000 seconds
Iteration 6:	0.1084780693 seconds	0.0000000000 seconds
Iteration 6:	0.1084458828 seconds	0.0000000000 seconds
Iteration 6:	0.1084790230 seconds	0.0000000000 seconds
Iteration 6:	0.1084771156 seconds	0.0000000000 seconds
Iteration 7:	0.1074500084 seconds	0.0000000000 seconds
Iteration 7:	0.1073808670 seconds	0.0000000000 seconds
Iteration 7:	0.1074500084 seconds	0.0000000000 seconds
Iteration 7:	0.1074421406 seconds	0.0000000000 seconds
Iteration 7:	0.1074678898 seconds	0.0000000000 seconds
Iteration 7:	0.1074588299 seconds	0.0000000000 seconds
Iteration 7:	0.1074800491 seconds	0.0000000000 seconds
Iteration 7:	0.1074700356 seconds	0.0000000000 seconds
Iteration 7:	0.1073510647 seconds	0.0000000000 seconds
Iteration 7:	0.1074380875 seconds	0.0000000000 seconds
Iteration 7:	0.1074380875 seconds	0.0000000000 seconds
Iteration 7:	0.1074209213 seconds	0.0000000000 seconds
Iteration 7:	0.1075060368 seconds	0.0000009537 seconds
Iteration 7:	0.1075010300 seconds	0.0000000000 seconds
Iteration 7:	0.1075029373 seconds	0.0000000000 seconds
Iteration 7:	0.1074428558 seconds	0.0000000000 seconds
Iteration 7:	0.1075229645 seconds	0.0000000000 seconds
Iteration 7:	0.1074750423 seconds	0.0000000000 seconds
Iteration 7:	0.1074399948 seconds	0.0000000000 seconds
Iteration 7:	0.1073658466 seconds	0.0000011921 seconds
Iteration 7:	0.1074409485 seconds	0.0000000000 seconds
Iteration 7:	0.1074399948 seconds	0.0000000000 seconds
Iteration 7:	0.1074409485 seconds	0.0000000000 seconds
Iteration 7:	0.1075308323 seconds	0.0000000000 seconds
Iteration 7:	0.1074430943 seconds	0.0000000000 seconds
Iteration 7:	0.1074421406 seconds	0.0000000000 seconds
Iteration 7:	0.1075310707 seconds	0.0000000000 seconds
Iteration 7:	0.1073689461 seconds	0.0000000000 seconds
Iteration 7:	0.1075639725 seconds	0.0000000000 seconds
Iteration 7:	0.1075580120 seconds	0.0000000000 seconds
Iteration 7:	0.1073119640 seconds	0.0000000000 seconds
Iteration 7:	0.1073920727 seconds	0.0000000000 seconds
Iteration 7:	0.1075358391 seconds	0.0000000000 seconds
Iteration 7:	0.1074101925 seconds	0.0000000000 seconds
Iteration 7:	0.1074070930 seconds	0.0000000000 seconds
Iteration 7:	0.1074049473 seconds	0.0000000000 seconds
Iteration 7:	0.1074461937 seconds	0.0000000000 seconds
Iteration 7:	0.1074481010 seconds	0.0000000000 seconds
Iteration 7:	0.1074249744 seconds	0.0000000000 seconds
Iteration 7:	0.1074240208 seconds	0.0000000000 seconds
Iteration 7:	0.1074240208 seconds	0.0000000000 seconds
Iteration 7:	0.1073548794 seconds	0.0000000000 seconds
Iteration 7:	0.1075291634 seconds	0.0000000000 seconds
Iteration 7:	0.1075298786 seconds	0.0000000000 seconds
Iteration 7:	0.1075301170 seconds	0.0000000000 seconds
Iteration 7:	0.1075310707 seconds	0.0000000000 seconds
Iteration 7:	0.1075050831 seconds	0.0000000000 seconds
Iteration 7:	0.1075298786 seconds	0.0000000000 seconds
Iteration 8:	0.1073098183 seconds	0.0000000000 seconds
Iteration 8:	0.1072859764 seconds	0.0000000000 seconds
Iteration 8:	0.1073269844 seconds	0.0000000000 seconds
Iteration 8:	0.1073799133 seconds	0.0000000000 seconds
Iteration 8:	0.1074430943 seconds	0.0000000000 seconds
Iteration 8:	0.1074550152 seconds	0.0000000000 seconds
Iteration 8:	0.1075379848 seconds	0.0000000000 seconds
Iteration 8:	0.1074559689 seconds	0.0000000000 seconds
Iteration 8:	0.1074349880 seconds	0.0000000000 seconds
Iteration 8:	0.1074860096 seconds	0.0000009537 seconds
Iteration 8:	0.1075181961 seconds	0.0000000000 seconds
Iteration 8:	0.1073768139 seconds	0.0000000000 seconds
Iteration 8:	0.1073930264 seconds	0.0000000000 seconds
Iteration 8:	0.1075108051 seconds	0.0000000000 seconds
Iteration 8:	0.1074349880 seconds	0.0000000000 seconds
Iteration 8:	0.1073291302 seconds	0.0000000000 seconds
Iteration 8:	0.1074130535 seconds	0.0000000000 seconds
Iteration 8:	0.1074910164 seconds	0.0000000000 seconds
Iteration 8:	0.1074988842 seconds	0.0000000000 seconds
Iteration 8:	0.1075408459 seconds	0.0000011921 seconds
Iteration 8:	0.1074230671 seconds	0.0000000000 seconds
Iteration 8:	0.1074180603 seconds	0.0000000000 seconds
Iteration 8:	0.1074190140 seconds	0.0000000000 seconds
Iteration 8:	0.1074090004 seconds	0.0000000000 seconds
Iteration 8:	0.1075420380 seconds	0.0000000000 seconds
Iteration 8:	0.1075389385 seconds	0.0000000000 seconds
Iteration 8:	0.1074109077 seconds	0.0000000000 seconds
Iteration 8:	0.1073260307 seconds	0.0000000000 seconds
Iteration 8:	0.1075389385 seconds	0.0000000000 seconds
Iteration 8:	0.1075401306 seconds	0.0000000000 seconds
Iteration 8:	0.1073889732 seconds	0.0000000000 seconds
Iteration 8:	0.1075398922 seconds	0.0000000000 seconds
Iteration 8:	0.1075410843 seconds	0.0000000000 seconds
Iteration 8:	0.1073920727 seconds	0.0000000000 seconds
Iteration 8:	0.1073911190 seconds	0.0000000000 seconds
Iteration 8:	0.1075401306 seconds	0.0000000000 seconds
Iteration 8:	0.1072280407 seconds	0.0000000000 seconds
Iteration 8:	0.1075410843 seconds	0.0000000000 seconds
Iteration 8:	0.1072840691 seconds	0.0000000000 seconds
Iteration 8:	0.1072847843 seconds	0.0000000000 seconds
Iteration 8:	0.1075408459 seconds	0.0000000000 seconds
Iteration 8:	0.1072590351 seconds	0.0000000000 seconds
Iteration 8:	0.1072840691 seconds	0.0000009537 seconds
Iteration 8:	0.1075408459 seconds	0.0000000000 seconds
Iteration 8:	0.1072831154 seconds	0.0000000000 seconds
Iteration 8:	0.1075508595 seconds	0.0000000000 seconds
Iteration 8:	0.1077358723 seconds	0.0000000000 seconds
Iteration 8:	0.1075530052 seconds	0.0000000000 seconds
Iteration 9:	0.1068100929 seconds	0.0000000000 seconds
Iteration 9:	0.1069231033 seconds	0.0000000000 seconds
Iteration 9:	0.1069190502 seconds	0.0000000000 seconds
Iteration 9:	0.1069111824 seconds	0.0000000000 seconds
Iteration 9:	0.1069138050 seconds	0.0000000000 seconds
Iteration 9:	0.1069130898 seconds	0.0000000000 seconds
Iteration 9:	0.1069121361 seconds	0.0000000000 seconds
Iteration 9:	0.1071479321 seconds	0.0000000000 seconds
Iteration 9:	0.1071579456 seconds	0.0000000000 seconds
Iteration 9:	0.1071348190 seconds	0.0000009537 seconds
Iteration 9:	0.1069099903 seconds	0.0000000000 seconds
Iteration 9:	0.1069099903 seconds	0.0000000000 seconds
Iteration 9:	0.1069519520 seconds	0.0000000000 seconds
Iteration 9:	0.1069450378 seconds	0.0000000000 seconds
Iteration 9:	0.1069059372 seconds	0.0000000000 seconds
Iteration 9:	0.1069369316 seconds	0.0000000000 seconds
Iteration 9:	0.1069290638 seconds	0.0000000000 seconds
Iteration 9:	0.1067039967 seconds	0.0000000000 seconds
Iteration 9:	0.1067938805 seconds	0.0000000000 seconds
Iteration 9:	0.1069200039 seconds	0.0000009537 seconds
Iteration 9:	0.1069149971 seconds	0.0000000000 seconds
Iteration 9:	0.1067790985 seconds	0.0000000000 seconds
Iteration 9:	0.1069180965 seconds	0.0000000000 seconds
Iteration 9:	0.1069130898 seconds	0.0000000000 seconds
Iteration 9:	0.1069178581 seconds	0.0000000000 seconds
Iteration 9:	0.1069200039 seconds	0.0000000000 seconds
Iteration 9:	0.1069200039 seconds	0.0000009537 seconds
Iteration 9:	0.1069228649 seconds	0.0000000000 seconds
Iteration 9:	0.1069238186 seconds	0.0000000000 seconds
Iteration 9:	0.1069159508 seconds	0.0000009537 seconds
Iteration 9:	0.1069140434 seconds	0.0000000000 seconds
Iteration 9:	0.1069149971 seconds	0.0000000000 seconds
Iteration 9:	0.1069140434 seconds	0.0000000000 seconds
Iteration 9:	0.1069240570 seconds	0.0000000000 seconds
Iteration 9:	0.1069140434 seconds	0.0000000000 seconds
Iteration 9:	0.1069161892 seconds	0.0000000000 seconds
Iteration 9:	0.1069388390 seconds	0.0000000000 seconds
Iteration 9:	0.1069400311 seconds	0.0000000000 seconds
Iteration 9:	0.1069388390 seconds	0.0000000000 seconds
Iteration 9:	0.1069381237 seconds	0.0000009537 seconds
Iteration 9:	0.1069378853 seconds	0.0000000000 seconds
Iteration 9:	0.1069390774 seconds	0.0000000000 seconds
Iteration 9:	0.1069390774 seconds	0.0000000000 seconds
Iteration 9:	0.1069388390 seconds	0.0000000000 seconds
Iteration 9:	0.1069400311 seconds	0.0000000000 seconds
Iteration 9:	0.1069390774 seconds	0.0000000000 seconds
Iteration 9:	0.1068720818 seconds	0.0000000000 seconds
Iteration 9:	0.1068720818 seconds	0.0000000000 seconds
Iteration 10:	0.1067941189 seconds	0.0000009537 seconds
Iteration 10:	0.1068129539 seconds	0.0000000000 seconds
Iteration 10:	0.1067719460 seconds	0.0000000000 seconds
Iteration 10:	0.1067829132 seconds	0.0000000000 seconds
Iteration 10:	0.1068098545 seconds	0.0000000000 seconds
Iteration 10:	0.1068181992 seconds	0.0000000000 seconds
Iteration 10:	0.1068751812 seconds	0.0000009537 seconds
Iteration 10:	0.1068761349 seconds	0.0000000000 seconds
Iteration 10:	0.1068770885 seconds	0.0000000000 seconds
Iteration 10:	0.1068258286 seconds	0.0000000000 seconds
Iteration 10:	0.1068789959 seconds	0.0000000000 seconds
Iteration 10:	0.1068801880 seconds	0.0000000000 seconds
Iteration 10:	0.1069338322 seconds	0.0000000000 seconds
Iteration 10:	0.1069641113 seconds	0.0000000000 seconds
Iteration 10:	0.1069459915 seconds	0.0000000000 seconds
Iteration 10:	0.1069669724 seconds	0.0000000000 seconds
Iteration 10:	0.1069700718 seconds	0.0000000000 seconds
Iteration 10:	0.1068658829 seconds	0.0000000000 seconds
Iteration 10:	0.1069560051 seconds	0.0000000000 seconds
Iteration 10:	0.1069581509 seconds	0.0000000000 seconds
Iteration 10:	0.1069569588 seconds	0.0000000000 seconds
Iteration 10:	0.1068789959 seconds	0.0000000000 seconds
Iteration 10:	0.1069631577 seconds	0.0000009537 seconds
Iteration 10:	0.1069529057 seconds	0.0000000000 seconds
Iteration 10:	0.1069490910 seconds	0.0000000000 seconds
Iteration 10:	0.1069619656 seconds	0.0000000000 seconds
Iteration 10:	0.1069610119 seconds	0.0000000000 seconds
Iteration 10:	0.1069657803 seconds	0.0000000000 seconds
Iteration 10:	0.1069619656 seconds	0.0000000000 seconds
Iteration 10:	0.1069629192 seconds	0.0000000000 seconds
Iteration 10:	0.1069519520 seconds	0.0000000000 seconds
Iteration 10:	0.1069519520 seconds	0.0000000000 seconds
Iteration 10:	0.1069610119 seconds	0.0000000000 seconds
Iteration 10:	0.1068770885 seconds	0.0000009537 seconds
Iteration 10:	0.1069629192 seconds	0.0000000000 seconds
Iteration 10:	0.1069622040 seconds	0.0000000000 seconds
Iteration 10:	0.1069328785 seconds	0.0000000000 seconds
Iteration 10:	0.1069338322 seconds	0.0000000000 seconds
Iteration 10:	0.1068840027 seconds	0.0000000000 seconds
Iteration 10:	0.1069390774 seconds	0.0000000000 seconds
Iteration 10:	0.1069319248 seconds	0.0000000000 seconds
Iteration 10:	0.1069381237 seconds	0.0000000000 seconds
Iteration 10:	0.1069400311 seconds	0.0000000000 seconds
Iteration 10:	0.1069321632 seconds	0.0000000000 seconds
Iteration 10:	0.1069378853 seconds	0.0000000000 seconds
Iteration 10:	0.1071581841 seconds	0.0000000000 seconds
Iteration 10:	0.1069478989 seconds	0.0000009537 seconds
Iteration 10:	0.1069569588 seconds	0.0000000000 seconds
Iteration 11:	0.1065630913 seconds	0.0000000000 seconds
Iteration 11:	0.1066968441 seconds	0.0000000000 seconds
Iteration 11:	0.1066961288 seconds	0.0000000000 seconds
Iteration 11:	0.1068229675 seconds	0.0000000000 seconds
Iteration 11:	0.1068840027 seconds	0.0000000000 seconds
Iteration 11:	0.1068789959 seconds	0.0000000000 seconds
Iteration 11:	0.1067051888 seconds	0.0000000000 seconds
Iteration 11:	0.1069238186 seconds	0.0000000000 seconds
Iteration 11:	0.1068999767 seconds	0.0000000000 seconds
Iteration 11:	0.1068980694 seconds	0.0000000000 seconds
Iteration 11:	0.1068611145 seconds	0.0000000000 seconds
Iteration 11:	0.1068909168 seconds	0.0000000000 seconds
Iteration 11:	0.1067049503 seconds	0.0000000000 seconds
Iteration 11:	0.1068840027 seconds	0.0000000000 seconds
Iteration 11:	0.1067459583 seconds	0.0000000000 seconds
Iteration 11:	0.1067709923 seconds	0.0000000000 seconds
Iteration 11:	0.1069140434 seconds	0.0000000000 seconds
Iteration 11:	0.1067059040 seconds	0.0000000000 seconds
Iteration 11:	0.1067030430 seconds	0.0000000000 seconds
Iteration 11:	0.1066999435 seconds	0.0000000000 seconds
Iteration 11:	0.1066999435 seconds	0.0000000000 seconds
Iteration 11:	0.1067008972 seconds	0.0000000000 seconds
Iteration 11:	0.1065480709 seconds	0.0000000000 seconds
Iteration 11:	0.1066999435 seconds	0.0000000000 seconds
Iteration 11:	0.1067011356 seconds	0.0000000000 seconds
Iteration 11:	0.1067001820 seconds	0.0000000000 seconds
Iteration 11:	0.1066401005 seconds	0.0000000000 seconds
Iteration 11:	0.1066269875 seconds	0.0000000000 seconds
Iteration 11:	0.1069917679 seconds	0.0000000000 seconds
Iteration 11:	0.1069860458 seconds	0.0000000000 seconds
Iteration 11:	0.1068689823 seconds	0.0000000000 seconds
Iteration 11:	0.1069040298 seconds	0.0000000000 seconds
Iteration 11:	0.1068980694 seconds	0.0000000000 seconds
Iteration 11:	0.1067669392 seconds	0.0000000000 seconds
Iteration 11:	0.1068959236 seconds	0.0000000000 seconds
Iteration 11:	0.1068921089 seconds	0.0000000000 seconds
Iteration 11:	0.1069018841 seconds	0.0000000000 seconds
Iteration 11:	0.1068980694 seconds	0.0000000000 seconds
Iteration 11:	0.1068921089 seconds	0.0000000000 seconds
Iteration 11:	0.1068880558 seconds	0.0000000000 seconds
Iteration 11:	0.1068949699 seconds	0.0000000000 seconds
Iteration 11:	0.1068840027 seconds	0.0000000000 seconds
Iteration 11:	0.1068840027 seconds	0.0000000000 seconds
Iteration 11:	0.1068830490 seconds	0.0000000000 seconds
Iteration 11:	0.1068899632 seconds	0.0000000000 seconds
Iteration 11:	0.1068899632 seconds	0.0000000000 seconds
Iteration 11:	0.1068899632 seconds	0.0000000000 seconds
Iteration 11:	0.1068890095 seconds	0.0000000000 seconds
Iteration 12:	0.1066122055 seconds	0.0000000000 seconds
Iteration 12:	0.1066319942 seconds	0.0000000000 seconds
Iteration 12:	0.1066370010 seconds	0.0000000000 seconds
Iteration 12:	0.1066470146 seconds	0.0000000000 seconds
Iteration 12:	0.1066560745 seconds	0.0000000000 seconds
Iteration 12:	0.1066639423 seconds	0.0000000000 seconds
Iteration 12:	0.1066710949 seconds	0.0000000000 seconds
Iteration 12:	0.1066811085 seconds	0.0000000000 seconds
Iteration 12:	0.1066520214 seconds	0.0000000000 seconds
Iteration 12:	0.1066279411 seconds	0.0000000000 seconds
Iteration 12:	0.1067490578 seconds	0.0000000000 seconds
Iteration 12:	0.1067550182 seconds	0.0000000000 seconds
Iteration 12:	0.1067500114 seconds	0.0000000000 seconds
Iteration 12:	0.1067500114 seconds	0.0000000000 seconds
Iteration 12:	0.1067519188 seconds	0.0000000000 seconds
Iteration 12:	0.1067500114 seconds	0.0000000000 seconds
Iteration 12:	0.1067500114 seconds	0.0000000000 seconds
Iteration 12:	0.1067509651 seconds	0.0000000000 seconds
Iteration 12:	0.1067500114 seconds	0.0000000000 seconds
Iteration 12:	0.1067440510 seconds	0.0000000000 seconds
Iteration 12:	0.1067430973 seconds	0.0000000000 seconds
Iteration 12:	0.1067008972 seconds	0.0000000000 seconds
Iteration 12:	0.1067550182 seconds	0.0000000000 seconds
Iteration 12:	0.1067559719 seconds	0.0000000000 seconds
Iteration 12:	0.1067728996 seconds	0.0000000000 seconds
Iteration 12:	0.1066038609 seconds	0.0000000000 seconds
Iteration 12:	0.1066689491 seconds	0.0000000000 seconds
Iteration 12:	0.1066617966 seconds	0.0000000000 seconds
Iteration 12:	0.1066629887 seconds	0.0000000000 seconds
Iteration 12:	0.1066670418 seconds	0.0000000000 seconds
Iteration 12:	0.1067190170 seconds	0.0000000000 seconds
Iteration 12:	0.1065418720 seconds	0.0000000000 seconds
Iteration 12:	0.1066489220 seconds	0.0000000000 seconds
Iteration 12:	0.1066508293 seconds	0.0000000000 seconds
Iteration 12:	0.1066620350 seconds	0.0000000000 seconds
Iteration 12:	0.1066639423 seconds	0.0000000000 seconds
Iteration 12:	0.1067290306 seconds	0.0000000000 seconds
Iteration 12:	0.1067519188 seconds	0.0000000000 seconds
Iteration 12:	0.1066679955 seconds	0.0000000000 seconds
Iteration 12:	0.1066629887 seconds	0.0000000000 seconds
Iteration 12:	0.1066710949 seconds	0.0000000000 seconds
Iteration 12:	0.1066739559 seconds	0.0000000000 seconds
Iteration 12:	0.1066761017 seconds	0.0000000000 seconds
Iteration 12:	0.1066730022 seconds	0.0000000000 seconds
Iteration 12:	0.1066739559 seconds	0.0000000000 seconds
Iteration 12:	0.1066498756 seconds	0.0000000000 seconds
Iteration 12:	0.1066749096 seconds	0.0000000000 seconds
Iteration 12:	0.1066749096 seconds	0.0000000000 seconds
Iteration 13:	0.1065139771 seconds	0.0000000000 seconds
Iteration 13:	0.1065890789 seconds	0.0000000000 seconds
Iteration 13:	0.1065909863 seconds	0.0000000000 seconds
Iteration 13:	0.1065890789 seconds	0.0000000000 seconds
Iteration 13:	0.1065962315 seconds	0.0000000000 seconds
Iteration 13:	0.1065888405 seconds	0.0000000000 seconds
Iteration 13:	0.1065890789 seconds	0.0000000000 seconds
Iteration 13:	0.1065909863 seconds	0.0000000000 seconds
Iteration 13:	0.1063940525 seconds	0.0000000000 seconds
Iteration 13:	0.1065878868 seconds	0.0000000000 seconds
Iteration 13:	0.1064689159 seconds	0.0000000000 seconds
Iteration 13:	0.1064920425 seconds	0.0000000000 seconds
Iteration 13:	0.1066911221 seconds	0.0000000000 seconds
Iteration 13:	0.1066868305 seconds	0.0000000000 seconds
Iteration 13:	0.1066930294 seconds	0.0000000000 seconds
Iteration 13:	0.1066939831 seconds	0.0000000000 seconds
Iteration 13:	0.1066920757 seconds	0.0000000000 seconds
Iteration 13:	0.1066949368 seconds	0.0000000000 seconds
Iteration 13:	0.1066961288 seconds	0.0000000000 seconds
Iteration 13:	0.1066970825 seconds	0.0000000000 seconds
Iteration 13:	0.1066977978 seconds	0.0000000000 seconds
Iteration 13:	0.1066980362 seconds	0.0000000000 seconds
Iteration 13:	0.1066989899 seconds	0.0000000000 seconds
Iteration 13:	0.1066977978 seconds	0.0000011921 seconds
Iteration 13:	0.1067559719 seconds	0.0000000000 seconds
Iteration 13:	0.1068031788 seconds	0.0000000000 seconds
Iteration 13:	0.1068010330 seconds	0.0000000000 seconds
Iteration 13:	0.1067090034 seconds	0.0000000000 seconds
Iteration 13:	0.1067829132 seconds	0.0000000000 seconds
Iteration 13:	0.1067819595 seconds	0.0000000000 seconds
Iteration 13:	0.1067879200 seconds	0.0000000000 seconds
Iteration 13:	0.1067860126 seconds	0.0000000000 seconds
Iteration 13:	0.1067860126 seconds	0.0000000000 seconds
Iteration 13:	0.1066670418 seconds	0.0000000000 seconds
Iteration 13:	0.1067850590 seconds	0.0000000000 seconds
Iteration 13:	0.1067850590 seconds	0.0000000000 seconds
Iteration 13:	0.1067850590 seconds	0.0000000000 seconds
Iteration 13:	0.1067860126 seconds	0.0000000000 seconds
Iteration 13:	0.1067838669 seconds	0.0000000000 seconds
Iteration 13:	0.1067869663 seconds	0.0000000000 seconds
Iteration 13:	0.1067860126 seconds	0.0000000000 seconds
Iteration 13:	0.1067860126 seconds	0.0000000000 seconds
Iteration 13:	0.1067860126 seconds	0.0000000000 seconds
Iteration 13:	0.1067869663 seconds	0.0000000000 seconds
Iteration 13:	0.1067619324 seconds	0.0000000000 seconds
Iteration 13:	0.1067869663 seconds	0.0000000000 seconds
Iteration 13:	0.1067850590 seconds	0.0000000000 seconds
Iteration 13:	0.1067848206 seconds	0.0000000000 seconds
Iteration 14:	0.1066670418 seconds	0.0000000000 seconds
Iteration 14:	0.1067509651 seconds	0.0000000000 seconds
Iteration 14:	0.1067521572 seconds	0.0000000000 seconds
Iteration 14:	0.1067550182 seconds	0.0000000000 seconds
Iteration 14:	0.1067519188 seconds	0.0000000000 seconds
Iteration 14:	0.1067490578 seconds	0.0000000000 seconds
Iteration 14:	0.1067500114 seconds	0.0000000000 seconds
Iteration 14:	0.1067509651 seconds	0.0000000000 seconds
Iteration 14:	0.1067302227 seconds	0.0000000000 seconds
Iteration 14:	0.1067569256 seconds	0.0000000000 seconds
Iteration 14:	0.1065359116 seconds	0.0000000000 seconds
Iteration 14:	0.1066560745 seconds	0.0000000000 seconds
Iteration 14:	0.1066601276 seconds	0.0000000000 seconds
Iteration 14:	0.1066617966 seconds	0.0000000000 seconds
Iteration 14:	0.1066720486 seconds	0.0000000000 seconds
Iteration 14:	0.1066670418 seconds	0.0000000000 seconds
Iteration 14:	0.1066651344 seconds	0.0000000000 seconds
Iteration 14:	0.1066651344 seconds	0.0000000000 seconds
Iteration 14:	0.1066658497 seconds	0.0000000000 seconds
Iteration 14:	0.1066639423 seconds	0.0000000000 seconds
Iteration 14:	0.1066639423 seconds	0.0000000000 seconds
Iteration 14:	0.1065578461 seconds	0.0000000000 seconds
Iteration 14:	0.1065530777 seconds	0.0000000000 seconds
Iteration 14:	0.1065671444 seconds	0.0000000000 seconds
Iteration 14:	0.1065609455 seconds	0.0000000000 seconds
Iteration 14:	0.1065561771 seconds	0.0000000000 seconds
Iteration 14:	0.1065559387 seconds	0.0000000000 seconds
Iteration 14:	0.1065149307 seconds	0.0000000000 seconds
Iteration 14:	0.1065580845 seconds	0.0000000000 seconds
Iteration 14:	0.1065568924 seconds	0.0000000000 seconds
Iteration 14:	0.1065959930 seconds	0.0000000000 seconds
Iteration 14:	0.1064319611 seconds	0.0000009537 seconds
Iteration 14:	0.1065549850 seconds	0.0000000000 seconds
Iteration 14:	0.1065499783 seconds	0.0000000000 seconds
Iteration 14:	0.1065599918 seconds	0.0000000000 seconds
Iteration 14:	0.1065621376 seconds	0.0000000000 seconds
Iteration 14:	0.1065580845 seconds	0.0000000000 seconds
Iteration 14:	0.1068310738 seconds	0.0000000000 seconds
Iteration 14:	0.1068520546 seconds	0.0000000000 seconds
Iteration 14:	0.1065578461 seconds	0.0000000000 seconds
Iteration 14:	0.1065568924 seconds	0.0000000000 seconds
Iteration 14:	0.1065599918 seconds	0.0000000000 seconds
Iteration 14:	0.1065590382 seconds	0.0000000000 seconds
Iteration 14:	0.1065559387 seconds	0.0000000000 seconds
Iteration 14:	0.1065578461 seconds	0.0000000000 seconds
Iteration 14:	0.1065580845 seconds	0.0000000000 seconds
Iteration 14:	0.1065320969 seconds	0.0000000000 seconds
Iteration 14:	0.1065568924 seconds	0.0000000000 seconds
Iteration 15:	0.1065251827 seconds	0.0000000000 seconds
Iteration 15:	0.1066060066 seconds	0.0000000000 seconds
Iteration 15:	0.1066009998 seconds	0.0000000000 seconds
Iteration 15:	0.1066009998 seconds	0.0000000000 seconds
Iteration 15:	0.1065959930 seconds	0.0000000000 seconds
Iteration 15:	0.1066200733 seconds	0.0000000000 seconds
Iteration 15:	0.1066310406 seconds	0.0000000000 seconds
Iteration 15:	0.1064469814 seconds	0.0000000000 seconds
Iteration 15:	0.1065380573 seconds	0.0000000000 seconds
Iteration 15:	0.1066279411 seconds	0.0000000000 seconds
Iteration 15:	0.1065239906 seconds	0.0000000000 seconds
Iteration 15:	0.1065359116 seconds	0.0000000000 seconds
Iteration 15:	0.1065390110 seconds	0.0000000000 seconds
Iteration 15:	0.1065549850 seconds	0.0000000000 seconds
Iteration 15:	0.1066210270 seconds	0.0000000000 seconds
Iteration 15:	0.1066200733 seconds	0.0000000000 seconds
Iteration 15:	0.1065509319 seconds	0.0000000000 seconds
Iteration 15:	0.1065511703 seconds	0.0000000000 seconds
Iteration 15:	0.1066210270 seconds	0.0000000000 seconds
Iteration 15:	0.1065540314 seconds	0.0000000000 seconds
Iteration 15:	0.1066169739 seconds	0.0000000000 seconds
Iteration 15:	0.1066150665 seconds	0.0000000000 seconds
Iteration 15:	0.1066019535 seconds	0.0000000000 seconds
Iteration 15:	0.1066069603 seconds	0.0000000000 seconds
Iteration 15:	0.1065449715 seconds	0.0000000000 seconds
Iteration 15:	0.1066060066 seconds	0.0000000000 seconds
Iteration 15:	0.1066069603 seconds	0.0000000000 seconds
Iteration 15:	0.1065461636 seconds	0.0000000000 seconds
Iteration 15:	0.1065430641 seconds	0.0000000000 seconds
Iteration 15:	0.1066079140 seconds	0.0000000000 seconds
Iteration 15:	0.1065621376 seconds	0.0000000000 seconds
Iteration 15:	0.1065599918 seconds	0.0000000000 seconds
Iteration 15:	0.1066079140 seconds	0.0000000000 seconds
Iteration 15:	0.1065549850 seconds	0.0000000000 seconds
Iteration 15:	0.1065530777 seconds	0.0000000000 seconds
Iteration 15:	0.1066079140 seconds	0.0000000000 seconds
Iteration 15:	0.1065540314 seconds	0.0000000000 seconds
Iteration 15:	0.1065490246 seconds	0.0000000000 seconds
Iteration 15:	0.1064820290 seconds	0.0000009537 seconds
Iteration 15:	0.1065549850 seconds	0.0000000000 seconds
Iteration 15:	0.1065540314 seconds	0.0000000000 seconds
Iteration 15:	0.1065540314 seconds	0.0000000000 seconds
Iteration 15:	0.1065299511 seconds	0.0000000000 seconds
Iteration 15:	0.1065537930 seconds	0.0000000000 seconds
Iteration 15:	0.1066060066 seconds	0.0000000000 seconds
Iteration 15:	0.1065540314 seconds	0.0000000000 seconds
Iteration 15:	0.1066870689 seconds	0.0000000000 seconds
Iteration 15:	0.1066429615 seconds	0.0000000000 seconds
Iteration 16:	0.1065130234 seconds	0.0000000000 seconds
Iteration 16:	0.1064879894 seconds	0.0000000000 seconds
Iteration 16:	0.1065480709 seconds	0.0000000000 seconds
Iteration 16:	0.1065461636 seconds	0.0000000000 seconds
Iteration 16:	0.1065480709 seconds	0.0000000000 seconds
Iteration 16:	0.1064779758 seconds	0.0000000000 seconds
Iteration 16:	0.1065158844 seconds	0.0000000000 seconds
Iteration 16:	0.1065189838 seconds	0.0000000000 seconds
Iteration 16:	0.1062819958 seconds	0.0000000000 seconds
Iteration 16:	0.1063950062 seconds	0.0000000000 seconds
Iteration 16:	0.1065180302 seconds	0.0000000000 seconds
Iteration 16:	0.1065168381 seconds	0.0000000000 seconds
Iteration 16:	0.1065180302 seconds	0.0000000000 seconds
Iteration 16:	0.1065180302 seconds	0.0000000000 seconds
Iteration 16:	0.1065170765 seconds	0.0000000000 seconds
Iteration 16:	0.1065170765 seconds	0.0000000000 seconds
Iteration 16:	0.1065180302 seconds	0.0000000000 seconds
Iteration 16:	0.1065220833 seconds	0.0000000000 seconds
Iteration 16:	0.1065239906 seconds	0.0000000000 seconds
Iteration 16:	0.1065239906 seconds	0.0000000000 seconds
Iteration 16:	0.1065239906 seconds	0.0000000000 seconds
Iteration 16:	0.1065330505 seconds	0.0000000000 seconds
Iteration 16:	0.1065809727 seconds	0.0000000000 seconds
Iteration 16:	0.1065759659 seconds	0.0000000000 seconds
Iteration 16:	0.1065621376 seconds	0.0000000000 seconds
Iteration 16:	0.1065559387 seconds	0.0000000000 seconds
Iteration 16:	0.1064760685 seconds	0.0000009537 seconds
Iteration 16:	0.1065599918 seconds	0.0000000000 seconds
Iteration 16:	0.1065540314 seconds	0.0000000000 seconds
Iteration 16:	0.1065459251 seconds	0.0000000000 seconds
Iteration 16:	0.1065161228 seconds	0.0000000000 seconds
Iteration 16:	0.1065449715 seconds	0.0000000000 seconds
Iteration 16:	0.1064040661 seconds	0.0000000000 seconds
Iteration 16:	0.1065330505 seconds	0.0000000000 seconds
Iteration 16:	0.1065280437 seconds	0.0000000000 seconds
Iteration 16:	0.1065278053 seconds	0.0000000000 seconds
Iteration 16:	0.1065490246 seconds	0.0000000000 seconds
Iteration 16:	0.1065649986 seconds	0.0000000000 seconds
Iteration 16:	0.1065230370 seconds	0.0000000000 seconds
Iteration 16:	0.1065249443 seconds	0.0000000000 seconds
Iteration 16:	0.1065249443 seconds	0.0000000000 seconds
Iteration 16:	0.1065280437 seconds	0.0000000000 seconds
Iteration 16:	0.1065270901 seconds	0.0000000000 seconds
Iteration 16:	0.1065149307 seconds	0.0000000000 seconds
Iteration 16:	0.1064169407 seconds	0.0000000000 seconds
Iteration 16:	0.1065280437 seconds	0.0000000000 seconds
Iteration 16:	0.1064970493 seconds	0.0000000000 seconds
Iteration 16:	0.1065309048 seconds	0.0000000000 seconds
Iteration 17:	0.1067199707 seconds	0.0000000000 seconds
Iteration 17:	0.1067259312 seconds	0.0000000000 seconds
Iteration 17:	0.1066641808 seconds	0.0000000000 seconds
Iteration 17:	0.1067199707 seconds	0.0000000000 seconds
Iteration 17:	0.1067290306 seconds	0.0000000000 seconds
Iteration 17:	0.1067249775 seconds	0.0000000000 seconds
Iteration 17:	0.1067299843 seconds	0.0000000000 seconds
Iteration 17:	0.1067328453 seconds	0.0000000000 seconds
Iteration 17:	0.1065030098 seconds	0.0000000000 seconds
Iteration 17:	0.1067371368 seconds	0.0000000000 seconds
Iteration 17:	0.1067378521 seconds	0.0000000000 seconds
Iteration 17:	0.1067390442 seconds	0.0000000000 seconds
Iteration 17:	0.1067380905 seconds	0.0000000000 seconds
Iteration 17:	0.1067388058 seconds	0.0000000000 seconds
Iteration 17:	0.1067399979 seconds	0.0000000000 seconds
Iteration 17:	0.1067328453 seconds	0.0000000000 seconds
Iteration 17:	0.1067399979 seconds	0.0000000000 seconds
Iteration 17:	0.1067330837 seconds	0.0000000000 seconds
Iteration 17:	0.1067309380 seconds	0.0000011921 seconds
Iteration 17:	0.1067299843 seconds	0.0000000000 seconds
Iteration 17:	0.1067299843 seconds	0.0000011921 seconds
Iteration 17:	0.1067671776 seconds	0.0000000000 seconds
Iteration 17:	0.1068229675 seconds	0.0000000000 seconds
Iteration 17:	0.1068270206 seconds	0.0000000000 seconds
Iteration 17:	0.1068339348 seconds	0.0000000000 seconds
Iteration 17:	0.1067302227 seconds	0.0000000000 seconds
Iteration 17:	0.1068651676 seconds	0.0000000000 seconds
Iteration 17:	0.1068689823 seconds	0.0000000000 seconds
Iteration 17:	0.1066970825 seconds	0.0000000000 seconds
Iteration 17:	0.1067271233 seconds	0.0000000000 seconds
Iteration 17:	0.1066849232 seconds	0.0000009537 seconds
Iteration 17:	0.1068329811 seconds	0.0000000000 seconds
Iteration 17:	0.1068408489 seconds	0.0000000000 seconds
Iteration 17:	0.1068317890 seconds	0.0000000000 seconds
Iteration 17:	0.1068561077 seconds	0.0000000000 seconds
Iteration 17:	0.1068339348 seconds	0.0000000000 seconds
Iteration 17:	0.1068439484 seconds	0.0000000000 seconds
Iteration 17:	0.1068251133 seconds	0.0000000000 seconds
Iteration 17:	0.1068410873 seconds	0.0000000000 seconds
Iteration 17:	0.1068730354 seconds	0.0000000000 seconds
Iteration 17:	0.1068708897 seconds	0.0000000000 seconds
Iteration 17:	0.1068718433 seconds	0.0000000000 seconds
Iteration 17:	0.1068739891 seconds	0.0000000000 seconds
Iteration 17:	0.1068730354 seconds	0.0000000000 seconds
Iteration 17:	0.1068718433 seconds	0.0000000000 seconds
Iteration 17:	0.1068670750 seconds	0.0000000000 seconds
Iteration 17:	0.1068699360 seconds	0.0000000000 seconds
Iteration 17:	0.1068677902 seconds	0.0000000000 seconds
Iteration 18:	0.1065740585 seconds	0.0000000000 seconds
Iteration 18:	0.1065039635 seconds	0.0000000000 seconds
Iteration 18:	0.1065750122 seconds	0.0000000000 seconds
Iteration 18:	0.1065862179 seconds	0.0000000000 seconds
Iteration 18:	0.1065740585 seconds	0.0000000000 seconds
Iteration 18:	0.1065850258 seconds	0.0000000000 seconds
Iteration 18:	0.1065790653 seconds	0.0000000000 seconds
Iteration 18:	0.1065740585 seconds	0.0000000000 seconds
Iteration 18:	0.1064178944 seconds	0.0000000000 seconds
Iteration 18:	0.1065731049 seconds	0.0000000000 seconds
Iteration 18:	0.1065700054 seconds	0.0000000000 seconds
Iteration 18:	0.1065721512 seconds	0.0000000000 seconds
Iteration 18:	0.1064479351 seconds	0.0000000000 seconds
Iteration 18:	0.1064839363 seconds	0.0000011921 seconds
Iteration 18:	0.1064879894 seconds	0.0000000000 seconds
Iteration 18:	0.1064949036 seconds	0.0000000000 seconds
Iteration 18:	0.1064291000 seconds	0.0000000000 seconds
Iteration 18:	0.1064710617 seconds	0.0000009537 seconds
Iteration 18:	0.1065869331 seconds	0.0000000000 seconds
Iteration 18:	0.1065809727 seconds	0.0000000000 seconds
Iteration 18:	0.1065809727 seconds	0.0000000000 seconds
Iteration 18:	0.1064541340 seconds	0.0000000000 seconds
Iteration 18:	0.1064751148 seconds	0.0000000000 seconds
Iteration 18:	0.1064789295 seconds	0.0000000000 seconds
Iteration 18:	0.1064829826 seconds	0.0000000000 seconds
Iteration 18:	0.1064839363 seconds	0.0000009537 seconds
Iteration 18:	0.1065909863 seconds	0.0000000000 seconds
Iteration 18:	0.1065928936 seconds	0.0000000000 seconds
Iteration 18:	0.1065931320 seconds	0.0000000000 seconds
Iteration 18:	0.1065909863 seconds	0.0000000000 seconds
Iteration 18:	0.1065928936 seconds	0.0000000000 seconds
Iteration 18:	0.1065919399 seconds	0.0000000000 seconds
Iteration 18:	0.1063380241 seconds	0.0000000000 seconds
Iteration 18:	0.1064839363 seconds	0.0000000000 seconds
Iteration 18:	0.1064829826 seconds	0.0000000000 seconds
Iteration 18:	0.1064820290 seconds	0.0000000000 seconds
Iteration 18:	0.1064929962 seconds	0.0000000000 seconds
Iteration 18:	0.1065940857 seconds	0.0000000000 seconds
Iteration 18:	0.1064901352 seconds	0.0000000000 seconds
Iteration 18:	0.1064920425 seconds	0.0000000000 seconds
Iteration 18:	0.1064929962 seconds	0.0000000000 seconds
Iteration 18:	0.1064920425 seconds	0.0000000000 seconds
Iteration 18:	0.1064679623 seconds	0.0000000000 seconds
Iteration 18:	0.1064910889 seconds	0.0000000000 seconds
Iteration 18:	0.1064908504 seconds	0.0000000000 seconds
Iteration 18:	0.1064908504 seconds	0.0000009537 seconds
Iteration 18:	0.1064920425 seconds	0.0000000000 seconds
Iteration 18:	0.1064901352 seconds	0.0000000000 seconds
Iteration 19:	0.1064360142 seconds	0.0000000000 seconds
Iteration 19:	0.1064779758 seconds	0.0000000000 seconds
Iteration 19:	0.1064829826 seconds	0.0000000000 seconds
Iteration 19:	0.1064801216 seconds	0.0000000000 seconds
Iteration 19:	0.1064808369 seconds	0.0000000000 seconds
Iteration 19:	0.1064391136 seconds	0.0000000000 seconds
Iteration 19:	0.1064770222 seconds	0.0000000000 seconds
Iteration 19:	0.1064789295 seconds	0.0000000000 seconds
Iteration 19:	0.1063919067 seconds	0.0000000000 seconds
Iteration 19:	0.1064739227 seconds	0.0000000000 seconds
Iteration 19:	0.1064779758 seconds	0.0000000000 seconds
Iteration 19:	0.1064770222 seconds	0.0000000000 seconds
Iteration 19:	0.1063630581 seconds	0.0000000000 seconds
Iteration 19:	0.1064610481 seconds	0.0000000000 seconds
Iteration 19:	0.1064639091 seconds	0.0000000000 seconds
Iteration 19:	0.1064629555 seconds	0.0000000000 seconds
Iteration 19:	0.1064629555 seconds	0.0000000000 seconds
Iteration 19:	0.1064641476 seconds	0.0000000000 seconds
Iteration 19:	0.1064639091 seconds	0.0000000000 seconds
Iteration 19:	0.1064620018 seconds	0.0000000000 seconds
Iteration 19:	0.1064617634 seconds	0.0000000000 seconds
Iteration 19:	0.1064088345 seconds	0.0000000000 seconds
Iteration 19:	0.1064999104 seconds	0.0000000000 seconds
Iteration 19:	0.1065020561 seconds	0.0000000000 seconds
Iteration 19:	0.1064939499 seconds	0.0000000000 seconds
Iteration 19:	0.1064951420 seconds	0.0000000000 seconds
Iteration 19:	0.1065001488 seconds	0.0000000000 seconds
Iteration 19:	0.1064929962 seconds	0.0000000000 seconds
Iteration 19:	0.1064960957 seconds	0.0000000000 seconds
Iteration 19:	0.1064968109 seconds	0.0000000000 seconds
Iteration 19:	0.1064898968 seconds	0.0000000000 seconds
Iteration 19:	0.1064889431 seconds	0.0000009537 seconds
Iteration 19:	0.1064200401 seconds	0.0000000000 seconds
Iteration 19:	0.1064629555 seconds	0.0000000000 seconds
Iteration 19:	0.1065101624 seconds	0.0000000000 seconds
Iteration 19:	0.1065020561 seconds	0.0000000000 seconds
Iteration 19:	0.1065630913 seconds	0.0000000000 seconds
Iteration 19:	0.1065618992 seconds	0.0000000000 seconds
Iteration 19:	0.1065070629 seconds	0.0000000000 seconds
Iteration 19:	0.1064901352 seconds	0.0000000000 seconds
Iteration 19:	0.1064960957 seconds	0.0000000000 seconds
Iteration 19:	0.1064050198 seconds	0.0000000000 seconds
Iteration 19:	0.1064901352 seconds	0.0000000000 seconds
Iteration 19:	0.1064898968 seconds	0.0000000000 seconds
Iteration 19:	0.1064648628 seconds	0.0000000000 seconds
Iteration 19:	0.1064901352 seconds	0.0000000000 seconds
Iteration 19:	0.1064908504 seconds	0.0000000000 seconds
Iteration 19:	0.1064910889 seconds	0.0000000000 seconds
Iteration 20:	0.1064350605 seconds	0.0000000000 seconds
Iteration 20:	0.1065149307 seconds	0.0000000000 seconds
Iteration 20:	0.1065120697 seconds	0.0000000000 seconds
Iteration 20:	0.1066069603 seconds	0.0000000000 seconds
Iteration 20:	0.1066129208 seconds	0.0000000000 seconds
Iteration 20:	0.1066141129 seconds	0.0000000000 seconds
Iteration 20:	0.1066169739 seconds	0.0000000000 seconds
Iteration 20:	0.1066160202 seconds	0.0000000000 seconds
Iteration 20:	0.1064240932 seconds	0.0000000000 seconds
Iteration 20:	0.1066179276 seconds	0.0000000000 seconds
Iteration 20:	0.1066260338 seconds	0.0000000000 seconds
Iteration 20:	0.1066238880 seconds	0.0000000000 seconds
Iteration 20:	0.1066269875 seconds	0.0000000000 seconds
Iteration 20:	0.1066250801 seconds	0.0000000000 seconds
Iteration 20:	0.1066298485 seconds	0.0000011921 seconds
Iteration 20:	0.1066279411 seconds	0.0000000000 seconds
Iteration 20:	0.1065728664 seconds	0.0000000000 seconds
Iteration 20:	0.1065969467 seconds	0.0000000000 seconds
Iteration 20:	0.1066348553 seconds	0.0000000000 seconds
Iteration 20:	0.1067178249 seconds	0.0000000000 seconds
Iteration 20:	0.1067199707 seconds	0.0000000000 seconds
Iteration 20:	0.1067249775 seconds	0.0000000000 seconds
Iteration 20:	0.1067261696 seconds	0.0000009537 seconds
Iteration 20:	0.1067221165 seconds	0.0000000000 seconds
Iteration 20:	0.1067290306 seconds	0.0000000000 seconds
Iteration 20:	0.1067500114 seconds	0.0000000000 seconds
Iteration 20:	0.1067330837 seconds	0.0000000000 seconds
Iteration 20:	0.1067309380 seconds	0.0000000000 seconds
Iteration 20:	0.1066141129 seconds	0.0000000000 seconds
Iteration 20:	0.1067249775 seconds	0.0000000000 seconds
Iteration 20:	0.1067309380 seconds	0.0000000000 seconds
Iteration 20:	0.1067221165 seconds	0.0000009537 seconds
Iteration 20:	0.1067290306 seconds	0.0000000000 seconds
Iteration 20:	0.1067337990 seconds	0.0000000000 seconds
Iteration 20:	0.1067459583 seconds	0.0000000000 seconds
Iteration 20:	0.1067430973 seconds	0.0000000000 seconds
Iteration 20:	0.1067450047 seconds	0.0000000000 seconds
Iteration 20:	0.1067469120 seconds	0.0000000000 seconds
Iteration 20:	0.1069221497 seconds	0.0000000000 seconds
Iteration 20:	0.1068530083 seconds	0.0000000000 seconds
Iteration 20:	0.1069800854 seconds	0.0000000000 seconds
Iteration 20:	0.1068038940 seconds	0.0000000000 seconds
Iteration 20:	0.1069798470 seconds	0.0000000000 seconds
Iteration 20:	0.1068558693 seconds	0.0000000000 seconds
Iteration 20:	0.1069800854 seconds	0.0000000000 seconds
Iteration 20:	0.1068351269 seconds	0.0000000000 seconds
Iteration 20:	0.1069769859 seconds	0.0000000000 seconds
Iteration 20:	0.1068580151 seconds	0.0000000000 seconds
Iteration 21:	0.1071271896 seconds	0.0000000000 seconds
Iteration 21:	0.1071770191 seconds	0.0000000000 seconds
Iteration 21:	0.1071078777 seconds	0.0000000000 seconds
Iteration 21:	0.1075081825 seconds	0.0000000000 seconds
Iteration 21:	0.1075298786 seconds	0.0000000000 seconds
Iteration 21:	0.1074969769 seconds	0.0000000000 seconds
Iteration 21:	0.1075201035 seconds	0.0000000000 seconds
Iteration 21:	0.1083970070 seconds	0.0000000000 seconds
Iteration 21:	0.1091649532 seconds	0.0000000000 seconds
Iteration 21:	0.1112110615 seconds	0.0000000000 seconds
Iteration 21:	0.1135158539 seconds	0.0000000000 seconds
Iteration 21:	0.1155498028 seconds	0.0000000000 seconds
Iteration 21:	0.1166820526 seconds	0.0000000000 seconds
Iteration 21:	0.1190869808 seconds	0.0000000000 seconds
Iteration 21:	0.1208279133 seconds	0.0000000000 seconds
Iteration 21:	0.1206731796 seconds	0.0000000000 seconds
Iteration 21:	0.1205959320 seconds	0.0000000000 seconds
Iteration 21:	0.1206469536 seconds	0.0000000000 seconds
Iteration 21:	0.1206481457 seconds	0.0000000000 seconds
Iteration 21:	0.1206490993 seconds	0.0000000000 seconds
Iteration 21:	0.1217329502 seconds	0.0000000000 seconds
Iteration 21:	0.1220059395 seconds	0.0000000000 seconds
Iteration 21:	0.1220049858 seconds	0.0000000000 seconds
Iteration 21:	0.1219971180 seconds	0.0000000000 seconds
Iteration 21:	0.1220021248 seconds	0.0000000000 seconds
Iteration 21:	0.1220011711 seconds	0.0000000000 seconds
Iteration 21:	0.1220049858 seconds	0.0000011921 seconds
Iteration 21:	0.1219809055 seconds	0.0000011921 seconds
Iteration 21:	0.1332468987 seconds	0.0000000000 seconds
Iteration 21:	0.1331810951 seconds	0.0000000000 seconds
Iteration 21:	0.1332399845 seconds	0.0000000000 seconds
Iteration 21:	0.1332378387 seconds	0.0000000000 seconds
Iteration 21:	0.1332452297 seconds	0.0000000000 seconds
Iteration 21:	0.1422328949 seconds	0.0000000000 seconds
Iteration 21:	0.1552119255 seconds	0.0000000000 seconds
Iteration 21:	0.1551349163 seconds	0.0000000000 seconds
Iteration 21:	0.1552000046 seconds	0.0000000000 seconds
Iteration 21:	0.1551978588 seconds	0.0000000000 seconds
Iteration 21:	0.1551980972 seconds	0.0000000000 seconds
Iteration 21:	0.1593139172 seconds	0.0000000000 seconds
Iteration 21:	0.1659388542 seconds	0.0000000000 seconds
Iteration 21:	0.1654329300 seconds	0.0000000000 seconds
Iteration 21:	0.1652560234 seconds	0.0000000000 seconds
Iteration 21:	0.1653239727 seconds	0.0000000000 seconds
Iteration 21:	0.1659679413 seconds	0.0000000000 seconds
Iteration 21:	0.1661500931 seconds	0.0000000000 seconds
Iteration 21:	0.1661541462 seconds	0.0000000000 seconds
Iteration 21:	0.1661529541 seconds	0.0000009537 seconds
Iteration 22:	0.1653277874 seconds	0.0000000000 seconds
Iteration 22:	0.1653299332 seconds	0.0000000000 seconds
Iteration 22:	0.1343300343 seconds	0.0000000000 seconds
Iteration 22:	0.1732430458 seconds	0.0000000000 seconds
Iteration 22:	0.1733038425 seconds	0.0000000000 seconds
Iteration 22:	0.1735651493 seconds	0.0000000000 seconds
Iteration 22:	0.1735260487 seconds	0.0000000000 seconds
Iteration 22:	0.1724138260 seconds	0.0000000000 seconds
Iteration 22:	0.1735799313 seconds	0.0000000000 seconds
Iteration 22:	0.1729929447 seconds	0.0000009537 seconds
Iteration 22:	0.1240098476 seconds	0.0000000000 seconds
Iteration 22:	0.1255600452 seconds	0.0000000000 seconds
Iteration 22:	0.1829590797 seconds	0.0000000000 seconds
Iteration 22:	0.1806669235 seconds	0.0000000000 seconds
Iteration 22:	0.1786258221 seconds	0.0000000000 seconds
Iteration 22:	0.1774890423 seconds	0.0000000000 seconds
Iteration 22:	0.1750950813 seconds	0.0000000000 seconds
Iteration 22:	0.1731510162 seconds	0.0000000000 seconds
Iteration 22:	0.1732239723 seconds	0.0000000000 seconds
Iteration 22:	0.1732130051 seconds	0.0000000000 seconds
Iteration 22:	0.1732108593 seconds	0.0000000000 seconds
Iteration 22:	0.1732149124 seconds	0.0000000000 seconds
Iteration 22:	0.1731839180 seconds	0.0000000000 seconds
Iteration 22:	0.1723940372 seconds	0.0000000000 seconds
Iteration 22:	0.1721510887 seconds	0.0000000000 seconds
Iteration 22:	0.1722180843 seconds	0.0000000000 seconds
Iteration 22:	0.1722221375 seconds	0.0000000000 seconds
Iteration 22:	0.1722209454 seconds	0.0000000000 seconds
Iteration 22:	0.1722168922 seconds	0.0000000000 seconds
Iteration 22:	0.1722180843 seconds	0.0000000000 seconds
Iteration 22:	0.1741800308 seconds	0.0000009537 seconds
Iteration 22:	0.1629009247 seconds	0.0000000000 seconds
Iteration 22:	0.1629729271 seconds	0.0000000000 seconds
Iteration 22:	0.1629898548 seconds	0.0000000000 seconds
Iteration 22:	0.1629838943 seconds	0.0000000000 seconds
Iteration 22:	0.1644420624 seconds	0.0000000000 seconds
Iteration 22:	0.1424000263 seconds	0.0000000000 seconds
Iteration 22:	0.1424770355 seconds	0.0000009537 seconds
Iteration 22:	0.1424770355 seconds	0.0000000000 seconds
Iteration 22:	0.1424782276 seconds	0.0000000000 seconds
Iteration 22:	0.1321368217 seconds	0.0000000000 seconds
Iteration 22:	0.1424779892 seconds	0.0000000000 seconds
Iteration 22:	0.1321899891 seconds	0.0000000000 seconds
Iteration 22:	0.1322438717 seconds	0.0000000000 seconds
Iteration 22:	0.1322438717 seconds	0.0000000000 seconds
Iteration 22:	0.1313779354 seconds	0.0000000000 seconds
Iteration 22:	0.1314101219 seconds	0.0000000000 seconds
Iteration 22:	0.1313750744 seconds	0.0000000000 seconds
Iteration 23:	0.1127359867 seconds	0.0000000000 seconds
Iteration 23:	0.1208999157 seconds	0.0000000000 seconds
Iteration 23:	0.1275050640 seconds	0.0000000000 seconds
Iteration 23:	0.1061079502 seconds	0.0000000000 seconds
Iteration 23:	0.1312971115 seconds	0.0000000000 seconds
Iteration 23:	0.1233680248 seconds	0.0000000000 seconds
Iteration 23:	0.1313240528 seconds	0.0000000000 seconds
Iteration 23:	0.1233391762 seconds	0.0000000000 seconds
Iteration 23:	0.1232750416 seconds	0.0000000000 seconds
Iteration 23:	0.1233041286 seconds	0.0000000000 seconds
Iteration 23:	0.1233088970 seconds	0.0000000000 seconds
Iteration 23:	0.1219270229 seconds	0.0000000000 seconds
Iteration 23:	0.1098270416 seconds	0.0000000000 seconds
Iteration 23:	0.1099328995 seconds	0.0000000000 seconds
Iteration 23:	0.1099300385 seconds	0.0000000000 seconds
Iteration 23:	0.1233589649 seconds	0.0000000000 seconds
Iteration 23:	0.1099300385 seconds	0.0000000000 seconds
Iteration 23:	0.1099288464 seconds	0.0000000000 seconds
Iteration 23:	0.1099338531 seconds	0.0000000000 seconds
Iteration 23:	0.1099209785 seconds	0.0000000000 seconds
Iteration 23:	0.1099309921 seconds	0.0000000000 seconds
Iteration 23:	0.1099288464 seconds	0.0000000000 seconds
Iteration 23:	0.1099300385 seconds	0.0000000000 seconds
Iteration 23:	0.1098690033 seconds	0.0000000000 seconds
Iteration 23:	0.1099390984 seconds	0.0000000000 seconds
Iteration 23:	0.1099321842 seconds	0.0000000000 seconds
Iteration 23:	0.1099460125 seconds	0.0000000000 seconds
Iteration 23:	0.1099390984 seconds	0.0000000000 seconds
Iteration 23:	0.1099379063 seconds	0.0000000000 seconds
Iteration 23:	0.1099441051 seconds	0.0000000000 seconds
Iteration 23:	0.1099209785 seconds	0.0000000000 seconds
Iteration 23:	0.1079249382 seconds	0.0000000000 seconds
Iteration 23:	0.1079521179 seconds	0.0000000000 seconds
Iteration 23:	0.1079208851 seconds	0.0000000000 seconds
Iteration 23:	0.1079449654 seconds	0.0000000000 seconds
Iteration 23:	0.1079490185 seconds	0.0000000000 seconds
Iteration 23:	0.1063339710 seconds	0.0000000000 seconds
Iteration 23:	0.1064660549 seconds	0.0000000000 seconds
Iteration 23:	0.1064620018 seconds	0.0000000000 seconds
Iteration 23:	0.1064620018 seconds	0.0000000000 seconds
Iteration 23:	0.1064620018 seconds	0.0000000000 seconds
Iteration 23:	0.1064629555 seconds	0.0000000000 seconds
Iteration 23:	0.1064589024 seconds	0.0000000000 seconds
Iteration 23:	0.1064589024 seconds	0.0000000000 seconds
Iteration 23:	0.1064589024 seconds	0.0000000000 seconds
Iteration 23:	0.1064560413 seconds	0.0000000000 seconds
Iteration 23:	0.1064231396 seconds	0.0000009537 seconds
Iteration 23:	0.1064560413 seconds	0.0000000000 seconds
Iteration 24:	0.1064062119 seconds	0.0000000000 seconds
Iteration 24:	0.1063549519 seconds	0.0000000000 seconds
Iteration 24:	0.1064100266 seconds	0.0000000000 seconds
Iteration 24:	0.1064109802 seconds	0.0000000000 seconds
Iteration 24:	0.1064131260 seconds	0.0000000000 seconds
Iteration 24:	0.1064150333 seconds	0.0000000000 seconds
Iteration 24:	0.1064119339 seconds	0.0000000000 seconds
Iteration 24:	0.1064219475 seconds	0.0000000000 seconds
Iteration 24:	0.1064150333 seconds	0.0000000000 seconds
Iteration 24:	0.1064119339 seconds	0.0000000000 seconds
Iteration 24:	0.1066188812 seconds	0.0000000000 seconds
Iteration 24:	0.1066200733 seconds	0.0000000000 seconds
Iteration 24:	0.1063740253 seconds	0.0000000000 seconds
Iteration 24:	0.1066238880 seconds	0.0000000000 seconds
Iteration 24:	0.1066091061 seconds	0.0000000000 seconds
Iteration 24:	0.1066009998 seconds	0.0000000000 seconds
Iteration 24:	0.1066050529 seconds	0.0000000000 seconds
Iteration 24:	0.1064970493 seconds	0.0000000000 seconds
Iteration 24:	0.1064178944 seconds	0.0000000000 seconds
Iteration 24:	0.1065840721 seconds	0.0000000000 seconds
Iteration 24:	0.1065819263 seconds	0.0000000000 seconds
Iteration 24:	0.1064171791 seconds	0.0000000000 seconds
Iteration 24:	0.1066720486 seconds	0.0000000000 seconds
Iteration 24:	0.1062870026 seconds	0.0000000000 seconds
Iteration 24:	0.1064190865 seconds	0.0000000000 seconds
Iteration 24:	0.1064209938 seconds	0.0000000000 seconds
Iteration 24:	0.1064229012 seconds	0.0000000000 seconds
Iteration 24:	0.1064198017 seconds	0.0000000000 seconds
Iteration 24:	0.1064229012 seconds	0.0000000000 seconds
Iteration 24:	0.1064281464 seconds	0.0000000000 seconds
Iteration 24:	0.1067149639 seconds	0.0000000000 seconds
Iteration 24:	0.1067230701 seconds	0.0000000000 seconds
Iteration 24:	0.1067659855 seconds	0.0000009537 seconds
Iteration 24:	0.1067879200 seconds	0.0000000000 seconds
Iteration 24:	0.1067788601 seconds	0.0000000000 seconds
Iteration 24:	0.1067748070 seconds	0.0000000000 seconds
Iteration 24:	0.1067659855 seconds	0.0000000000 seconds
Iteration 24:	0.1065628529 seconds	0.0000009537 seconds
Iteration 24:	0.1067638397 seconds	0.0000000000 seconds
Iteration 24:	0.1067211628 seconds	0.0000000000 seconds
Iteration 24:	0.1065640450 seconds	0.0000000000 seconds
Iteration 24:	0.1066830158 seconds	0.0000000000 seconds
Iteration 24:	0.1065669060 seconds	0.0000000000 seconds
Iteration 24:	0.1065669060 seconds	0.0000000000 seconds
Iteration 24:	0.1065640450 seconds	0.0000000000 seconds
Iteration 24:	0.1065378189 seconds	0.0000000000 seconds
Iteration 24:	0.1065661907 seconds	0.0000000000 seconds
Iteration 24:	0.1065659523 seconds	0.0000000000 seconds
Iteration 25:	0.1066770554 seconds	0.0000000000 seconds
Iteration 25:	0.1067078114 seconds	0.0000000000 seconds
Iteration 25:	0.1064929962 seconds	0.0000000000 seconds
Iteration 25:	0.1063079834 seconds	0.0000000000 seconds
Iteration 25:	0.1064970493 seconds	0.0000000000 seconds
Iteration 25:	0.1062200069 seconds	0.0000009537 seconds
Iteration 25:	0.1062650681 seconds	0.0000000000 seconds
Iteration 25:	0.1062660217 seconds	0.0000000000 seconds
Iteration 25:	0.1067359447 seconds	0.0000000000 seconds
Iteration 25:	0.1067359447 seconds	0.0000000000 seconds
Iteration 25:	0.1062672138 seconds	0.0000000000 seconds
Iteration 25:	0.1062650681 seconds	0.0000000000 seconds
Iteration 25:	0.1065218449 seconds	0.0000000000 seconds
Iteration 25:	0.1064910889 seconds	0.0000000000 seconds
Iteration 25:	0.1065390110 seconds	0.0000000000 seconds
Iteration 25:	0.1062738895 seconds	0.0000000000 seconds
Iteration 25:	0.1065409184 seconds	0.0000000000 seconds
Iteration 25:	0.1065418720 seconds	0.0000000000 seconds
Iteration 25:	0.1065440178 seconds	0.0000000000 seconds
Iteration 25:	0.1065471172 seconds	0.0000000000 seconds
Iteration 25:	0.1063871384 seconds	0.0000009537 seconds
Iteration 25:	0.1062810421 seconds	0.0000000000 seconds
Iteration 25:	0.1066038609 seconds	0.0000000000 seconds
Iteration 25:	0.1065518856 seconds	0.0000000000 seconds
Iteration 25:	0.1065421104 seconds	0.0000000000 seconds
Iteration 25:	0.1064629555 seconds	0.0000000000 seconds
Iteration 25:	0.1066858768 seconds	0.0000000000 seconds
Iteration 25:	0.1066861153 seconds	0.0000000000 seconds
Iteration 25:	0.1066818237 seconds	0.0000011921 seconds
Iteration 25:	0.1067318916 seconds	0.0000000000 seconds
Iteration 25:	0.1066808701 seconds	0.0000000000 seconds
Iteration 25:	0.1067249775 seconds	0.0000000000 seconds
Iteration 25:	0.1067218781 seconds	0.0000000000 seconds
Iteration 25:	0.1067261696 seconds	0.0000000000 seconds
Iteration 25:	0.1066570282 seconds	0.0000000000 seconds
Iteration 25:	0.1067199707 seconds	0.0000000000 seconds
Iteration 25:	0.1067478657 seconds	0.0000000000 seconds
Iteration 25:	0.1067519188 seconds	0.0000000000 seconds
Iteration 25:	0.1067509651 seconds	0.0000000000 seconds
Iteration 25:	0.1067478657 seconds	0.0000000000 seconds
Iteration 25:	0.1065108776 seconds	0.0000000000 seconds
Iteration 25:	0.1066110134 seconds	0.0000000000 seconds
Iteration 25:	0.1066100597 seconds	0.0000000000 seconds
Iteration 25:	0.1066098213 seconds	0.0000000000 seconds
Iteration 25:	0.1066122055 seconds	0.0000000000 seconds
Iteration 25:	0.1066009998 seconds	0.0000000000 seconds
Iteration 25:	0.1066260338 seconds	0.0000000000 seconds
Iteration 25:	0.1066248417 seconds	0.0000000000 seconds
Iteration 26:	0.1064751148 seconds	0.0000000000 seconds
Iteration 26:	0.1063880920 seconds	0.0000000000 seconds
Iteration 26:	0.1064460278 seconds	0.0000000000 seconds
Iteration 26:	0.1064488888 seconds	0.0000000000 seconds
Iteration 26:	0.1064360142 seconds	0.0000000000 seconds
Iteration 26:	0.1064360142 seconds	0.0000000000 seconds
Iteration 26:	0.1064331532 seconds	0.0000000000 seconds
Iteration 26:	0.1064348221 seconds	0.0000000000 seconds
Iteration 26:	0.1063249111 seconds	0.0000000000 seconds
Iteration 26:	0.1063470840 seconds	0.0000000000 seconds
Iteration 26:	0.1064288616 seconds	0.0000000000 seconds
Iteration 26:	0.1064407825 seconds	0.0000000000 seconds
Iteration 26:	0.1064529419 seconds	0.0000000000 seconds
Iteration 26:	0.1064770222 seconds	0.0000000000 seconds
Iteration 26:	0.1065089703 seconds	0.0000000000 seconds
Iteration 26:	0.1065180302 seconds	0.0000000000 seconds
Iteration 26:	0.1065361500 seconds	0.0000000000 seconds
Iteration 26:	0.1065349579 seconds	0.0000000000 seconds
Iteration 26:	0.1065440178 seconds	0.0000000000 seconds
Iteration 26:	0.1065549850 seconds	0.0000000000 seconds
Iteration 26:	0.1065590382 seconds	0.0000000000 seconds
Iteration 26:	0.1065709591 seconds	0.0000000000 seconds
Iteration 26:	0.1065630913 seconds	0.0000000000 seconds
Iteration 26:	0.1065351963 seconds	0.0000000000 seconds
Iteration 26:	0.1065731049 seconds	0.0000000000 seconds
Iteration 26:	0.1065800190 seconds	0.0000000000 seconds
Iteration 26:	0.1064538956 seconds	0.0000000000 seconds
Iteration 26:	0.1064968109 seconds	0.0000000000 seconds
Iteration 26:	0.1065020561 seconds	0.0000000000 seconds
Iteration 26:	0.1064078808 seconds	0.0000000000 seconds
Iteration 26:	0.1064560413 seconds	0.0000000000 seconds
Iteration 26:	0.1064569950 seconds	0.0000000000 seconds
Iteration 26:	0.1064600945 seconds	0.0000000000 seconds
Iteration 26:	0.1064639091 seconds	0.0000000000 seconds
Iteration 26:	0.1064388752 seconds	0.0000009537 seconds
Iteration 26:	0.1064620018 seconds	0.0000000000 seconds
Iteration 26:	0.1062898636 seconds	0.0000000000 seconds
Iteration 26:	0.1064438820 seconds	0.0000000000 seconds
Iteration 26:	0.1064498425 seconds	0.0000000000 seconds
Iteration 26:	0.1064460278 seconds	0.0000000000 seconds
Iteration 26:	0.1064450741 seconds	0.0000000000 seconds
Iteration 26:	0.1064479351 seconds	0.0000000000 seconds
Iteration 26:	0.1064460278 seconds	0.0000000000 seconds
Iteration 26:	0.1064460278 seconds	0.0000000000 seconds
Iteration 26:	0.1064450741 seconds	0.0000000000 seconds
Iteration 26:	0.1064028740 seconds	0.0000000000 seconds
Iteration 26:	0.1064310074 seconds	0.0000009537 seconds
Iteration 26:	0.1064300537 seconds	0.0000000000 seconds
Iteration 27:	0.1065649986 seconds	0.0000000000 seconds
Iteration 27:	0.1064908504 seconds	0.0000009537 seconds
Iteration 27:	0.1065719128 seconds	0.0000000000 seconds
Iteration 27:	0.1065709591 seconds	0.0000000000 seconds
Iteration 27:	0.1065709591 seconds	0.0000000000 seconds
Iteration 27:	0.1065700054 seconds	0.0000000000 seconds
Iteration 27:	0.1065690517 seconds	0.0000000000 seconds
Iteration 27:	0.1065659523 seconds	0.0000000000 seconds
Iteration 27:	0.1065659523 seconds	0.0000000000 seconds
Iteration 27:	0.1065700054 seconds	0.0000000000 seconds
Iteration 27:	0.1065659523 seconds	0.0000000000 seconds
Iteration 27:	0.1065680981 seconds	0.0000000000 seconds
Iteration 27:	0.1065659523 seconds	0.0000000000 seconds
Iteration 27:	0.1065709591 seconds	0.0000000000 seconds
Iteration 27:	0.1065661907 seconds	0.0000000000 seconds
Iteration 27:	0.1065688133 seconds	0.0000000000 seconds
Iteration 27:	0.1064758301 seconds	0.0000000000 seconds
Iteration 27:	0.1065630913 seconds	0.0000009537 seconds
Iteration 27:	0.1064579487 seconds	0.0000000000 seconds
Iteration 27:	0.1064608097 seconds	0.0000000000 seconds
Iteration 27:	0.1065628529 seconds	0.0000000000 seconds
Iteration 27:	0.1065590382 seconds	0.0000000000 seconds
Iteration 27:	0.1064579487 seconds	0.0000000000 seconds
Iteration 27:	0.1064560413 seconds	0.0000009537 seconds
Iteration 27:	0.1064591408 seconds	0.0000000000 seconds
Iteration 27:	0.1064560413 seconds	0.0000000000 seconds
Iteration 27:	0.1065618992 seconds	0.0000000000 seconds
Iteration 27:	0.1065630913 seconds	0.0000000000 seconds
Iteration 27:	0.1064558029 seconds	0.0000000000 seconds
Iteration 27:	0.1064300537 seconds	0.0000000000 seconds
Iteration 27:	0.1065628529 seconds	0.0000000000 seconds
Iteration 27:	0.1064579487 seconds	0.0000000000 seconds
Iteration 27:	0.1064720154 seconds	0.0000000000 seconds
Iteration 27:	0.1064438820 seconds	0.0000000000 seconds
Iteration 27:	0.1064448357 seconds	0.0000000000 seconds
Iteration 27:	0.1064360142 seconds	0.0000000000 seconds
Iteration 27:	0.1065769196 seconds	0.0000000000 seconds
Iteration 27:	0.1065790653 seconds	0.0000000000 seconds
Iteration 27:	0.1065719128 seconds	0.0000000000 seconds
Iteration 27:	0.1065769196 seconds	0.0000000000 seconds
Iteration 27:	0.1065781116 seconds	0.0000000000 seconds
Iteration 27:	0.1065759659 seconds	0.0000000000 seconds
Iteration 27:	0.1065759659 seconds	0.0000000000 seconds
Iteration 27:	0.1065769196 seconds	0.0000000000 seconds
Iteration 27:	0.1065549850 seconds	0.0000000000 seconds
Iteration 27:	0.1065812111 seconds	0.0000000000 seconds
Iteration 27:	0.1065809727 seconds	0.0000000000 seconds
Iteration 27:	0.1065809727 seconds	0.0000000000 seconds
Iteration 28:	0.1063609123 seconds	0.0000009537 seconds
Iteration 28:	0.1064531803 seconds	0.0000000000 seconds
Iteration 28:	0.1064598560 seconds	0.0000000000 seconds
Iteration 28:	0.1064648628 seconds	0.0000000000 seconds
Iteration 28:	0.1064748764 seconds	0.0000000000 seconds
Iteration 28:	0.1064901352 seconds	0.0000000000 seconds
Iteration 28:	0.1064970493 seconds	0.0000000000 seconds
Iteration 28:	0.1065030098 seconds	0.0000000000 seconds
Iteration 28:	0.1065101624 seconds	0.0000000000 seconds
Iteration 28:	0.1065130234 seconds	0.0000000000 seconds
Iteration 28:	0.1065127850 seconds	0.0000000000 seconds
Iteration 28:	0.1065130234 seconds	0.0000000000 seconds
Iteration 28:	0.1065180302 seconds	0.0000000000 seconds
Iteration 28:	0.1065120697 seconds	0.0000000000 seconds
Iteration 28:	0.1065139771 seconds	0.0000000000 seconds
Iteration 28:	0.1065170765 seconds	0.0000000000 seconds
Iteration 28:	0.1064381599 seconds	0.0000000000 seconds
Iteration 28:	0.1065068245 seconds	0.0000000000 seconds
Iteration 28:	0.1065061092 seconds	0.0000000000 seconds
Iteration 28:	0.1065070629 seconds	0.0000000000 seconds
Iteration 28:	0.1065080166 seconds	0.0000000000 seconds
Iteration 28:	0.1064560413 seconds	0.0000000000 seconds
Iteration 28:	0.1065580845 seconds	0.0000000000 seconds
Iteration 28:	0.1065509319 seconds	0.0000000000 seconds
Iteration 28:	0.1065530777 seconds	0.0000000000 seconds
Iteration 28:	0.1065499783 seconds	0.0000000000 seconds
Iteration 28:	0.1065070629 seconds	0.0000000000 seconds
Iteration 28:	0.1065540314 seconds	0.0000000000 seconds
Iteration 28:	0.1065518856 seconds	0.0000009537 seconds
Iteration 28:	0.1065499783 seconds	0.0000000000 seconds
Iteration 28:	0.1066770554 seconds	0.0000000000 seconds
Iteration 28:	0.1066701412 seconds	0.0000000000 seconds
Iteration 28:	0.1065518856 seconds	0.0000000000 seconds
Iteration 28:	0.1065211296 seconds	0.0000000000 seconds
Iteration 28:	0.1065449715 seconds	0.0000000000 seconds
Iteration 28:	0.1063559055 seconds	0.0000000000 seconds
Iteration 28:	0.1064209938 seconds	0.0000000000 seconds
Iteration 28:	0.1064200401 seconds	0.0000000000 seconds
Iteration 28:	0.1064229012 seconds	0.0000000000 seconds
Iteration 28:	0.1064200401 seconds	0.0000009537 seconds
Iteration 28:	0.1064178944 seconds	0.0000000000 seconds
Iteration 28:	0.1063311100 seconds	0.0000009537 seconds
Iteration 28:	0.1064200401 seconds	0.0000000000 seconds
Iteration 28:	0.1064181328 seconds	0.0000000000 seconds
Iteration 28:	0.1064150333 seconds	0.0000000000 seconds
Iteration 28:	0.1064162254 seconds	0.0000000000 seconds
Iteration 28:	0.1063878536 seconds	0.0000011921 seconds
Iteration 28:	0.1064159870 seconds	0.0000000000 seconds
Iteration 29:	0.1064021587 seconds	0.0000009537 seconds
Iteration 29:	0.1064579487 seconds	0.0000000000 seconds
Iteration 29:	0.1064579487 seconds	0.0000000000 seconds
Iteration 29:	0.1064589024 seconds	0.0000000000 seconds
Iteration 29:	0.1064569950 seconds	0.0000000000 seconds
Iteration 29:	0.1062941551 seconds	0.0000000000 seconds
Iteration 29:	0.1064488888 seconds	0.0000000000 seconds
Iteration 29:	0.1064500809 seconds	0.0000000000 seconds
Iteration 29:	0.1064498425 seconds	0.0000000000 seconds
Iteration 29:	0.1063420773 seconds	0.0000000000 seconds
Iteration 29:	0.1063640118 seconds	0.0000000000 seconds
Iteration 29:	0.1065888405 seconds	0.0000000000 seconds
Iteration 29:	0.1065189838 seconds	0.0000000000 seconds
Iteration 29:	0.1066110134 seconds	0.0000000000 seconds
Iteration 29:	0.1066229343 seconds	0.0000000000 seconds
Iteration 29:	0.1066229343 seconds	0.0000000000 seconds
Iteration 29:	0.1066269875 seconds	0.0000009537 seconds
Iteration 29:	0.1067171097 seconds	0.0000000000 seconds
Iteration 29:	0.1067140102 seconds	0.0000000000 seconds
Iteration 29:	0.1066291332 seconds	0.0000000000 seconds
Iteration 29:	0.1067159176 seconds	0.0000000000 seconds
Iteration 29:	0.1067180634 seconds	0.0000000000 seconds
Iteration 29:	0.1067140102 seconds	0.0000000000 seconds
Iteration 29:	0.1066329479 seconds	0.0000000000 seconds
Iteration 29:	0.1067130566 seconds	0.0000000000 seconds
Iteration 29:	0.1066329479 seconds	0.0000000000 seconds
Iteration 29:	0.1066260338 seconds	0.0000000000 seconds
Iteration 29:	0.1067171097 seconds	0.0000000000 seconds
Iteration 29:	0.1067159176 seconds	0.0000000000 seconds
Iteration 29:	0.1067140102 seconds	0.0000000000 seconds
Iteration 29:	0.1067140102 seconds	0.0000000000 seconds
Iteration 29:	0.1067130566 seconds	0.0000000000 seconds
Total computation time was: 3.663262		Average frame time was: 0.122101		Average Particle interations per second were: 8470558030.792590
Iteration 29:	0.1066279411 seconds	0.0000000000 seconds
Iteration 29:	0.1065669060 seconds	0.0000000000 seconds
Iteration 29:	0.1066398621 seconds	0.0000000000 seconds
Iteration 29:	0.1066339016 seconds	0.0000000000 seconds
Iteration 29:	0.1067140102 seconds	0.0000000000 seconds
Iteration 29:	0.1066350937 seconds	0.0000000000 seconds
Iteration 29:	0.1066398621 seconds	0.0000000000 seconds
Iteration 29:	0.1066489220 seconds	0.0000000000 seconds
Iteration 29:	0.1066510677 seconds	0.0000000000 seconds
Iteration 29:	0.1066489220 seconds	0.0000000000 seconds
Iteration 29:	0.1065840721 seconds	0.0000000000 seconds
Iteration 29:	0.1066451073 seconds	0.0000000000 seconds
Iteration 29:	0.1066458225 seconds	0.0000000000 seconds
Iteration 29:	0.1066451073 seconds	0.0000000000 seconds
Iteration 29:	0.1066231728 seconds	0.0000000000 seconds
Iteration 29:	0.1066470146 seconds	0.0000000000 seconds
