[ -1:000]                : Rank 1 is running on comet-25-28.sdsc.edu
[ -1:000]                : Rank 0 is running on comet-25-28.sdsc.edu
[  1:001] init_pprintf   : My dest: 0	My source: 0	My_num_part: 240
[  0:001] init_pprintf   : My dest: 1	My source: 1	My_num_part: 240
Initalizing particles linear on 0 to 240
Initalizing particles linear on 240 to 480
Iteration 0:	0.0015439987 seconds	0.0000000000 seconds
Iteration 0:	0.0014040470 seconds	0.0000009537 seconds
Iteration 1:	0.0012559891 seconds	0.0000000000 seconds
Iteration 1:	0.0012569427 seconds	0.0000000000 seconds
Iteration 2:	0.0013570786 seconds	0.0000000000 seconds
Iteration 2:	0.0013561249 seconds	0.0000000000 seconds
Iteration 3:	0.0012609959 seconds	0.0000000000 seconds
Iteration 3:	0.0012609959 seconds	0.0000000000 seconds
Iteration 4:	0.0013558865 seconds	0.0000000000 seconds
Iteration 4:	0.0013558865 seconds	0.0000000000 seconds
Iteration 5:	0.0012869835 seconds	0.0000000000 seconds
Iteration 5:	0.0012860298 seconds	0.0000000000 seconds
Iteration 6:	0.0013508797 seconds	0.0000000000 seconds
Iteration 6:	0.0013508797 seconds	0.0000000000 seconds
Iteration 7:	0.0012519360 seconds	0.0000000000 seconds
Iteration 7:	0.0012519360 seconds	0.0000000000 seconds
Iteration 8:	0.0013818741 seconds	0.0000000000 seconds
Iteration 8:	0.0013818741 seconds	0.0000000000 seconds
Iteration 9:	0.0012531281 seconds	0.0000000000 seconds
Iteration 9:	0.0012531281 seconds	0.0000000000 seconds
Iteration 10:	0.0013539791 seconds	0.0000000000 seconds
Iteration 10:	0.0013527870 seconds	0.0000000000 seconds
Iteration 11:	0.0012788773 seconds	0.0000000000 seconds
Iteration 11:	0.0012779236 seconds	0.0000000000 seconds
Iteration 12:	0.0013511181 seconds	0.0000000000 seconds
Iteration 12:	0.0013511181 seconds	0.0000000000 seconds
Iteration 13:	0.0012869835 seconds	0.0000000000 seconds
Iteration 13:	0.0012879372 seconds	0.0000000000 seconds
Iteration 14:	0.0013878345 seconds	0.0000000000 seconds
Iteration 14:	0.0013890266 seconds	0.0000000000 seconds
Iteration 15:	0.0012540817 seconds	0.0000000000 seconds
Iteration 15:	0.0012531281 seconds	0.0000000000 seconds
Iteration 16:	0.0013508797 seconds	0.0000000000 seconds
Iteration 16:	0.0013508797 seconds	0.0000000000 seconds
Iteration 17:	0.0012521744 seconds	0.0000000000 seconds
Iteration 17:	0.0012509823 seconds	0.0000000000 seconds
Iteration 18:	0.0013790131 seconds	0.0000000000 seconds
Iteration 18:	0.0013799667 seconds	0.0000000000 seconds
Iteration 19:	0.0012559891 seconds	0.0000000000 seconds
Iteration 19:	0.0012559891 seconds	0.0000000000 seconds
Iteration 20:	0.0013570786 seconds	0.0000000000 seconds
Iteration 20:	0.0013580322 seconds	0.0000000000 seconds
Iteration 21:	0.0012559891 seconds	0.0000000000 seconds
Iteration 21:	0.0012559891 seconds	0.0000000000 seconds
Iteration 22:	0.0013511181 seconds	0.0000000000 seconds
Iteration 22:	0.0013501644 seconds	0.0000000000 seconds
Iteration 23:	0.0012521744 seconds	0.0000000000 seconds
Iteration 23:	0.0012509823 seconds	0.0000000000 seconds
Iteration 24:	0.0013549328 seconds	0.0000000000 seconds
Iteration 24:	0.0013549328 seconds	0.0000000000 seconds
Iteration 25:	0.0012528896 seconds	0.0000000000 seconds
Iteration 25:	0.0012540817 seconds	0.0000000000 seconds
Iteration 26:	0.0013530254 seconds	0.0000000000 seconds
Iteration 26:	0.0013530254 seconds	0.0000000000 seconds
Iteration 27:	0.0012500286 seconds	0.0000000000 seconds
Iteration 27:	0.0012509823 seconds	0.0000011921 seconds
Iteration 28:	0.0013568401 seconds	0.0000000000 seconds
Iteration 28:	0.0013568401 seconds	0.0000009537 seconds
Iteration 29:	0.0012559891 seconds	0.0000000000 seconds
Iteration 29:	0.0012559891 seconds	0.0000000000 seconds
Iteration 30:	0.0013511181 seconds	0.0000000000 seconds
Iteration 30:	0.0013520718 seconds	0.0000000000 seconds
Iteration 31:	0.0012538433 seconds	0.0000000000 seconds
Iteration 31:	0.0012540817 seconds	0.0000000000 seconds
Iteration 32:	0.0013499260 seconds	0.0000000000 seconds
Iteration 32:	0.0013489723 seconds	0.0000000000 seconds
Iteration 33:	0.0012519360 seconds	0.0000000000 seconds
Iteration 33:	0.0012519360 seconds	0.0000000000 seconds
Iteration 34:	0.0013778210 seconds	0.0000000000 seconds
Iteration 34:	0.0013768673 seconds	0.0000000000 seconds
Iteration 35:	0.0012540817 seconds	0.0000000000 seconds
Iteration 35:	0.0012540817 seconds	0.0000000000 seconds
Iteration 36:	0.0013511181 seconds	0.0000000000 seconds
Iteration 36:	0.0013501644 seconds	0.0000000000 seconds
Iteration 37:	0.0012772083 seconds	0.0000000000 seconds
Iteration 37:	0.0012769699 seconds	0.0000000000 seconds
Iteration 38:	0.0013520718 seconds	0.0000000000 seconds
Iteration 38:	0.0013511181 seconds	0.0000000000 seconds
Iteration 39:	0.0012528896 seconds	0.0000000000 seconds
Iteration 39:	0.0012538433 seconds	0.0000000000 seconds
Iteration 40:	0.0013570786 seconds	0.0000000000 seconds
Iteration 40:	0.0013570786 seconds	0.0000000000 seconds
Iteration 41:	0.0012528896 seconds	0.0000000000 seconds
Iteration 41:	0.0012519360 seconds	0.0000000000 seconds
Iteration 42:	0.0013759136 seconds	0.0000000000 seconds
Iteration 42:	0.0013749599 seconds	0.0000000000 seconds
Iteration 43:	0.0012788773 seconds	0.0000000000 seconds
Iteration 43:	0.0012779236 seconds	0.0000000000 seconds
Iteration 44:	0.0013511181 seconds	0.0000000000 seconds
Iteration 44:	0.0013520718 seconds	0.0000000000 seconds
Iteration 45:	0.0012559891 seconds	0.0000000000 seconds
Iteration 45:	0.0012550354 seconds	0.0000000000 seconds
Iteration 46:	0.0013811588 seconds	0.0000000000 seconds
Iteration 46:	0.0013799667 seconds	0.0000000000 seconds
Iteration 47:	0.0012528896 seconds	0.0000000000 seconds
Iteration 47:	0.0012538433 seconds	0.0000000000 seconds
Iteration 48:	0.0013580322 seconds	0.0000000000 seconds
Iteration 48:	0.0013580322 seconds	0.0000000000 seconds
Iteration 49:	0.0012848377 seconds	0.0000000000 seconds
Iteration 49:	0.0012838840 seconds	0.0000009537 seconds
Iteration 50:	0.0013539791 seconds	0.0000000000 seconds
Iteration 50:	0.0013530254 seconds	0.0000000000 seconds
Iteration 51:	0.0012538433 seconds	0.0000000000 seconds
Iteration 51:	0.0012547970 seconds	0.0000000000 seconds
Iteration 52:	0.0013830662 seconds	0.0000000000 seconds
Iteration 52:	0.0013840199 seconds	0.0000000000 seconds
Iteration 53:	0.0012509823 seconds	0.0000000000 seconds
Iteration 53:	0.0012500286 seconds	0.0000009537 seconds
Iteration 54:	0.0013549328 seconds	0.0000000000 seconds
Iteration 54:	0.0013568401 seconds	0.0000000000 seconds
Iteration 55:	0.0012800694 seconds	0.0000000000 seconds
Iteration 55:	0.0012800694 seconds	0.0000000000 seconds
Iteration 56:	0.0013542175 seconds	0.0000000000 seconds
Iteration 56:	0.0013530254 seconds	0.0000000000 seconds
Iteration 57:	0.0012540817 seconds	0.0000000000 seconds
Iteration 57:	0.0012540817 seconds	0.0000000000 seconds
Iteration 58:	0.0013759136 seconds	0.0000009537 seconds
Iteration 58:	0.0013768673 seconds	0.0000000000 seconds
Iteration 59:	0.0012559891 seconds	0.0000000000 seconds
Iteration 59:	0.0012550354 seconds	0.0000000000 seconds
Iteration 60:	0.0013518333 seconds	0.0000000000 seconds
Iteration 60:	0.0013518333 seconds	0.0000000000 seconds
Iteration 61:	0.0012538433 seconds	0.0000000000 seconds
Iteration 61:	0.0012547970 seconds	0.0000000000 seconds
Iteration 62:	0.0013520718 seconds	0.0000000000 seconds
Iteration 62:	0.0013511181 seconds	0.0000000000 seconds
Iteration 63:	0.0012528896 seconds	0.0000000000 seconds
Iteration 63:	0.0012528896 seconds	0.0000000000 seconds
Iteration 64:	0.0013539791 seconds	0.0000000000 seconds
Iteration 64:	0.0013530254 seconds	0.0000000000 seconds
Iteration 65:	0.0012509823 seconds	0.0000000000 seconds
Iteration 65:	0.0012497902 seconds	0.0000000000 seconds
Iteration 66:	0.0013539791 seconds	0.0000000000 seconds
Iteration 66:	0.0013539791 seconds	0.0000000000 seconds
Iteration 67:	0.0012538433 seconds	0.0000000000 seconds
Iteration 67:	0.0012528896 seconds	0.0000000000 seconds
Iteration 68:	0.0013511181 seconds	0.0000000000 seconds
Iteration 68:	0.0013501644 seconds	0.0000000000 seconds
Iteration 69:	0.0012550354 seconds	0.0000000000 seconds
Iteration 69:	0.0012550354 seconds	0.0000000000 seconds
Iteration 70:	0.0013511181 seconds	0.0000000000 seconds
Iteration 70:	0.0013511181 seconds	0.0000000000 seconds
Iteration 71:	0.0012531281 seconds	0.0000000000 seconds
Iteration 71:	0.0012519360 seconds	0.0000011921 seconds
Iteration 72:	0.0013542175 seconds	0.0000000000 seconds
Iteration 72:	0.0013539791 seconds	0.0000011921 seconds
Iteration 73:	0.0012531281 seconds	0.0000000000 seconds
Iteration 73:	0.0012521744 seconds	0.0000000000 seconds
Iteration 74:	0.0013530254 seconds	0.0000000000 seconds
Iteration 74:	0.0013530254 seconds	0.0000000000 seconds
Iteration 75:	0.0012528896 seconds	0.0000000000 seconds
Iteration 75:	0.0012509823 seconds	0.0000000000 seconds
Iteration 76:	0.0013520718 seconds	0.0000000000 seconds
Iteration 76:	0.0013520718 seconds	0.0000000000 seconds
Iteration 77:	0.0012550354 seconds	0.0000000000 seconds
Iteration 77:	0.0012540817 seconds	0.0000000000 seconds
Iteration 78:	0.0013570786 seconds	0.0000000000 seconds
Iteration 78:	0.0013580322 seconds	0.0000000000 seconds
Iteration 79:	0.0012569427 seconds	0.0000000000 seconds
Iteration 79:	0.0012569427 seconds	0.0000000000 seconds
Iteration 80:	0.0013520718 seconds	0.0000000000 seconds
Iteration 80:	0.0013520718 seconds	0.0000000000 seconds
Iteration 81:	0.0012531281 seconds	0.0000000000 seconds
Iteration 81:	0.0012540817 seconds	0.0000000000 seconds
Iteration 82:	0.0013558865 seconds	0.0000000000 seconds
Iteration 82:	0.0013549328 seconds	0.0000000000 seconds
Iteration 83:	0.0012550354 seconds	0.0000000000 seconds
Iteration 83:	0.0012531281 seconds	0.0000000000 seconds
Iteration 84:	0.0013811588 seconds	0.0000000000 seconds
Iteration 84:	0.0013821125 seconds	0.0000000000 seconds
Iteration 85:	0.0012569427 seconds	0.0000000000 seconds
Iteration 85:	0.0012569427 seconds	0.0000000000 seconds
Iteration 86:	0.0013530254 seconds	0.0000000000 seconds
Iteration 86:	0.0013518333 seconds	0.0000011921 seconds
Iteration 87:	0.0012779236 seconds	0.0000000000 seconds
Iteration 87:	0.0012769699 seconds	0.0000000000 seconds
Iteration 88:	0.0013570786 seconds	0.0000000000 seconds
Iteration 88:	0.0013570786 seconds	0.0000000000 seconds
Iteration 89:	0.0013420582 seconds	0.0000000000 seconds
Iteration 89:	0.0013411045 seconds	0.0000000000 seconds
Iteration 90:	0.0013508797 seconds	0.0000000000 seconds
Iteration 90:	0.0013508797 seconds	0.0000000000 seconds
Iteration 91:	0.0012798309 seconds	0.0000000000 seconds
Iteration 91:	0.0012798309 seconds	0.0000000000 seconds
Iteration 92:	0.0013530254 seconds	0.0000000000 seconds
Iteration 92:	0.0013520718 seconds	0.0000009537 seconds
Iteration 93:	0.0012810230 seconds	0.0000000000 seconds
Iteration 93:	0.0012810230 seconds	0.0000000000 seconds
Iteration 94:	0.0013530254 seconds	0.0000000000 seconds
Iteration 94:	0.0013520718 seconds	0.0000000000 seconds
Iteration 95:	0.0012519360 seconds	0.0000000000 seconds
Iteration 95:	0.0012519360 seconds	0.0000000000 seconds
Iteration 96:	0.0013527870 seconds	0.0000000000 seconds
Iteration 96:	0.0013518333 seconds	0.0000000000 seconds
Iteration 97:	0.0012519360 seconds	0.0000000000 seconds
Iteration 97:	0.0012500286 seconds	0.0000009537 seconds
Iteration 98:	0.0013539791 seconds	0.0000000000 seconds
Iteration 98:	0.0013549328 seconds	0.0000000000 seconds
Iteration 99:	0.0012538433 seconds	0.0000000000 seconds
Iteration 99:	0.0012538433 seconds	0.0000000000 seconds
Total computation time was: 0.131563		Average frame time was: 0.001312		Average Particle interations per second were: 175653705.155820
