[ -1:000]                : Rank 5 is running on comet-13-18.sdsc.edu
[  5:001] init_pprintf   : My dest: 6	My source: 4	My_num_part: 80
[ -1:000]                : Rank 7 is running on comet-13-18.sdsc.edu
[ -1:000]                : Rank 11 is running on comet-13-18.sdsc.edu
[  7:001] init_pprintf   : My dest: 8	My source: 6	My_num_part: 80
[ 11:001] init_pprintf   : My dest: 0	My source: 10	My_num_part: 80
[ -1:000]                : Rank 9 is running on comet-13-18.sdsc.edu
[  9:001] init_pprintf   : My dest: 10	My source: 8	My_num_part: 80
[ -1:000]                : Rank 1 is running on comet-13-18.sdsc.edu
[  1:001] init_pprintf   : My dest: 2	My source: 0	My_num_part: 80
[ -1:000]                : Rank 3 is running on comet-13-18.sdsc.edu
[  3:001] init_pprintf   : My dest: 4	My source: 2	My_num_part: 80
[ -1:000]                : Rank 10 is running on comet-13-18.sdsc.edu
[ -1:000]                : Rank 8 is running on comet-13-18.sdsc.edu
[ -1:000]                : Rank 0 is running on comet-13-18.sdsc.edu
[ 10:001] init_pprintf   : My dest: 11	My source: 9	My_num_part: 80
[ -1:000]                : Rank 4 is running on comet-13-18.sdsc.edu
[  8:001] init_pprintf   : My dest: 9	My source: 7	My_num_part: 80
[  0:001] init_pprintf   : My dest: 1	My source: 11	My_num_part: 80
[ -1:000]                : Rank 6 is running on comet-13-18.sdsc.edu
[ -1:000]                : Rank 2 is running on comet-13-18.sdsc.edu
[  4:001] init_pprintf   : My dest: 5	My source: 3	My_num_part: 80
[  6:001] init_pprintf   : My dest: 7	My source: 5	My_num_part: 80
[  2:001] init_pprintf   : My dest: 3	My source: 1	My_num_part: 80
Initalizing particles linear on 400 to 480
Initalizing particles linear on 720 to 800
Initalizing particles linear on 880 to 960
Initalizing particles linear on 560 to 640
Initalizing particles linear on 80 to 160
Initalizing particles linear on 240 to 320
Initalizing particles linear on 640 to 720
Initalizing particles linear on 160 to 240
Initalizing particles linear on 800 to 880
Initalizing particles linear on 0 to 80
Initalizing particles linear on 320 to 400
Initalizing particles linear on 480 to 560
Iteration 0:	0.0011358261 seconds	0.0000000000 seconds
Iteration 0:	0.0011370182 seconds	0.0000000000 seconds
Iteration 0:	0.0012099743 seconds	0.0000009537 seconds
Iteration 0:	0.0012249947 seconds	0.0000000000 seconds
Iteration 0:	0.0011329651 seconds	0.0000000000 seconds
Iteration 0:	0.0011959076 seconds	0.0000000000 seconds
Iteration 0:	0.0011940002 seconds	0.0000000000 seconds
Iteration 0:	0.0011389256 seconds	0.0000000000 seconds
Iteration 0:	0.0011351109 seconds	0.0000000000 seconds
Iteration 0:	0.0012171268 seconds	0.0000000000 seconds
Iteration 0:	0.0012171268 seconds	0.0000000000 seconds
Iteration 0:	0.0011351109 seconds	0.0000000000 seconds
Iteration 1:	0.0010080338 seconds	0.0000000000 seconds
Iteration 1:	0.0010671616 seconds	0.0000000000 seconds
Iteration 1:	0.0010590553 seconds	0.0000000000 seconds
Iteration 1:	0.0010530949 seconds	0.0000000000 seconds
Iteration 1:	0.0010530949 seconds	0.0000009537 seconds
Iteration 1:	0.0010600090 seconds	0.0000000000 seconds
Iteration 1:	0.0010740757 seconds	0.0000000000 seconds
Iteration 1:	0.0010528564 seconds	0.0000000000 seconds
Iteration 1:	0.0010628700 seconds	0.0000000000 seconds
Iteration 1:	0.0010731220 seconds	0.0000000000 seconds
Iteration 1:	0.0010550022 seconds	0.0000000000 seconds
Iteration 1:	0.0010731220 seconds	0.0000000000 seconds
Iteration 2:	0.0010850430 seconds	0.0000000000 seconds
Iteration 2:	0.0010879040 seconds	0.0000000000 seconds
Iteration 2:	0.0010828972 seconds	0.0000000000 seconds
Iteration 2:	0.0010840893 seconds	0.0000000000 seconds
Iteration 2:	0.0010809898 seconds	0.0000000000 seconds
Iteration 2:	0.0010941029 seconds	0.0000000000 seconds
Iteration 2:	0.0010840893 seconds	0.0000000000 seconds
Iteration 2:	0.0010809898 seconds	0.0000000000 seconds
Iteration 2:	0.0010800362 seconds	0.0000000000 seconds
Iteration 2:	0.0010881424 seconds	0.0000000000 seconds
Iteration 2:	0.0010871887 seconds	0.0000000000 seconds
Iteration 2:	0.0010910034 seconds	0.0000000000 seconds
Iteration 3:	0.0009782314 seconds	0.0000000000 seconds
Iteration 3:	0.0009801388 seconds	0.0000000000 seconds
Iteration 3:	0.0009770393 seconds	0.0000000000 seconds
Iteration 3:	0.0009779930 seconds	0.0000000000 seconds
Iteration 3:	0.0009839535 seconds	0.0000000000 seconds
Iteration 3:	0.0009829998 seconds	0.0000000000 seconds
Iteration 3:	0.0009829998 seconds	0.0000000000 seconds
Iteration 3:	0.0009808540 seconds	0.0000000000 seconds
Iteration 3:	0.0009810925 seconds	0.0000000000 seconds
Iteration 3:	0.0009839535 seconds	0.0000000000 seconds
Iteration 3:	0.0009799004 seconds	0.0000000000 seconds
Iteration 3:	0.0009799004 seconds	0.0000000000 seconds
Iteration 4:	0.0010340214 seconds	0.0000000000 seconds
Iteration 4:	0.0010390282 seconds	0.0000000000 seconds
Iteration 4:	0.0010411739 seconds	0.0000000000 seconds
Iteration 4:	0.0010380745 seconds	0.0000000000 seconds
Iteration 4:	0.0010421276 seconds	0.0000000000 seconds
Iteration 4:	0.0010409355 seconds	0.0000000000 seconds
Iteration 4:	0.0010418892 seconds	0.0000000000 seconds
Iteration 4:	0.0010390282 seconds	0.0000000000 seconds
Iteration 4:	0.0010418892 seconds	0.0000000000 seconds
Iteration 4:	0.0010409355 seconds	0.0000000000 seconds
Iteration 4:	0.0010409355 seconds	0.0000000000 seconds
Iteration 4:	0.0010390282 seconds	0.0000000000 seconds
Iteration 5:	0.0009820461 seconds	0.0000000000 seconds
Iteration 5:	0.0009751320 seconds	0.0000000000 seconds
Iteration 5:	0.0009770393 seconds	0.0000000000 seconds
Iteration 5:	0.0009779930 seconds	0.0000000000 seconds
Iteration 5:	0.0009741783 seconds	0.0000000000 seconds
Iteration 5:	0.0009729862 seconds	0.0000000000 seconds
Iteration 5:	0.0009829998 seconds	0.0000000000 seconds
Iteration 5:	0.0009729862 seconds	0.0000000000 seconds
Iteration 5:	0.0009739399 seconds	0.0000011921 seconds
Iteration 5:	0.0009760857 seconds	0.0000000000 seconds
Iteration 5:	0.0009799004 seconds	0.0000000000 seconds
Iteration 5:	0.0009799004 seconds	0.0000000000 seconds
Iteration 6:	0.0010409355 seconds	0.0000000000 seconds
Iteration 6:	0.0010349751 seconds	0.0000000000 seconds
Iteration 6:	0.0010449886 seconds	0.0000000000 seconds
Iteration 6:	0.0010411739 seconds	0.0000000000 seconds
Iteration 6:	0.0010440350 seconds	0.0000000000 seconds
Iteration 6:	0.0010459423 seconds	0.0000000000 seconds
Iteration 6:	0.0010430813 seconds	0.0000000000 seconds
Iteration 6:	0.0010390282 seconds	0.0000000000 seconds
Iteration 6:	0.0010449886 seconds	0.0000000000 seconds
Iteration 6:	0.0010421276 seconds	0.0000000000 seconds
Iteration 6:	0.0010409355 seconds	0.0000000000 seconds
Iteration 6:	0.0010409355 seconds	0.0000000000 seconds
Iteration 7:	0.0009629726 seconds	0.0000000000 seconds
Iteration 7:	0.0009639263 seconds	0.0000000000 seconds
Iteration 7:	0.0009579659 seconds	0.0000000000 seconds
Iteration 7:	0.0009629726 seconds	0.0000000000 seconds
Iteration 7:	0.0009570122 seconds	0.0000000000 seconds
Iteration 7:	0.0009610653 seconds	0.0000000000 seconds
Iteration 7:	0.0009610653 seconds	0.0000000000 seconds
Iteration 7:	0.0009610653 seconds	0.0000000000 seconds
Iteration 7:	0.0009601116 seconds	0.0000000000 seconds
Iteration 7:	0.0009601116 seconds	0.0000000000 seconds
Iteration 7:	0.0009679794 seconds	0.0000000000 seconds
Iteration 7:	0.0009679794 seconds	0.0000000000 seconds
Iteration 8:	0.0010139942 seconds	0.0000000000 seconds
Iteration 8:	0.0010149479 seconds	0.0000000000 seconds
Iteration 8:	0.0010218620 seconds	0.0000000000 seconds
Iteration 8:	0.0010190010 seconds	0.0000000000 seconds
Iteration 8:	0.0010230541 seconds	0.0000000000 seconds
Iteration 8:	0.0010218620 seconds	0.0000011921 seconds
Iteration 8:	0.0010209084 seconds	0.0000000000 seconds
Iteration 8:	0.0010218620 seconds	0.0000000000 seconds
Iteration 8:	0.0010180473 seconds	0.0000000000 seconds
Iteration 8:	0.0010240078 seconds	0.0000000000 seconds
Iteration 8:	0.0010199547 seconds	0.0000000000 seconds
Iteration 8:	0.0010201931 seconds	0.0000000000 seconds
Iteration 9:	0.0009319782 seconds	0.0000009537 seconds
Iteration 9:	0.0009360313 seconds	0.0000000000 seconds
Iteration 9:	0.0009310246 seconds	0.0000009537 seconds
Iteration 9:	0.0009360313 seconds	0.0000000000 seconds
Iteration 9:	0.0009329319 seconds	0.0000000000 seconds
Iteration 9:	0.0009388924 seconds	0.0000000000 seconds
Iteration 9:	0.0009388924 seconds	0.0000000000 seconds
Iteration 9:	0.0009357929 seconds	0.0000000000 seconds
Iteration 9:	0.0009329319 seconds	0.0000000000 seconds
Iteration 9:	0.0009310246 seconds	0.0000000000 seconds
Iteration 9:	0.0009319782 seconds	0.0000000000 seconds
Iteration 9:	0.0009350777 seconds	0.0000000000 seconds
Iteration 10:	0.0009951591 seconds	0.0000000000 seconds
Iteration 10:	0.0009939671 seconds	0.0000000000 seconds
Iteration 10:	0.0009999275 seconds	0.0000000000 seconds
Iteration 10:	0.0009930134 seconds	0.0000000000 seconds
Iteration 10:	0.0009939671 seconds	0.0000009537 seconds
Iteration 10:	0.0009949207 seconds	0.0000000000 seconds
Iteration 10:	0.0009980202 seconds	0.0000000000 seconds
Iteration 10:	0.0010011196 seconds	0.0000000000 seconds
Iteration 10:	0.0009908676 seconds	0.0000000000 seconds
Iteration 10:	0.0009930134 seconds	0.0000000000 seconds
Iteration 10:	0.0009951591 seconds	0.0000000000 seconds
Iteration 10:	0.0009961128 seconds	0.0000000000 seconds
Iteration 11:	0.0009090900 seconds	0.0000000000 seconds
Iteration 11:	0.0009040833 seconds	0.0000000000 seconds
Iteration 11:	0.0009071827 seconds	0.0000000000 seconds
Iteration 11:	0.0009040833 seconds	0.0000000000 seconds
Iteration 11:	0.0009050369 seconds	0.0000000000 seconds
Iteration 11:	0.0009119511 seconds	0.0000000000 seconds
Iteration 11:	0.0009069443 seconds	0.0000000000 seconds
Iteration 11:	0.0009059906 seconds	0.0000000000 seconds
Iteration 11:	0.0009081364 seconds	0.0000000000 seconds
Iteration 11:	0.0009129047 seconds	0.0000000000 seconds
Iteration 11:	0.0009090900 seconds	0.0000000000 seconds
Iteration 11:	0.0009090900 seconds	0.0000000000 seconds
Iteration 12:	0.0009639263 seconds	0.0000000000 seconds
Iteration 12:	0.0009660721 seconds	0.0000000000 seconds
Iteration 12:	0.0009629726 seconds	0.0000000000 seconds
Iteration 12:	0.0009660721 seconds	0.0000000000 seconds
Iteration 12:	0.0009610653 seconds	0.0000000000 seconds
Iteration 12:	0.0009610653 seconds	0.0000000000 seconds
Iteration 12:	0.0009641647 seconds	0.0000000000 seconds
Iteration 12:	0.0009610653 seconds	0.0000000000 seconds
Iteration 12:	0.0009641647 seconds	0.0000000000 seconds
Iteration 12:	0.0009610653 seconds	0.0000000000 seconds
Iteration 12:	0.0009660721 seconds	0.0000000000 seconds
Iteration 12:	0.0009629726 seconds	0.0000011921 seconds
Iteration 13:	0.0008838177 seconds	0.0000000000 seconds
Iteration 13:	0.0008828640 seconds	0.0000000000 seconds
Iteration 13:	0.0008850098 seconds	0.0000000000 seconds
Iteration 13:	0.0008900166 seconds	0.0000000000 seconds
Iteration 13:	0.0008897781 seconds	0.0000000000 seconds
Iteration 13:	0.0008819103 seconds	0.0000000000 seconds
Iteration 13:	0.0008881092 seconds	0.0000000000 seconds
Iteration 13:	0.0008859634 seconds	0.0000000000 seconds
Iteration 13:	0.0008909702 seconds	0.0000000000 seconds
Iteration 13:	0.0008900166 seconds	0.0000000000 seconds
Iteration 13:	0.0008900166 seconds	0.0000000000 seconds
Iteration 13:	0.0008878708 seconds	0.0000000000 seconds
Iteration 14:	0.0009369850 seconds	0.0000000000 seconds
Iteration 14:	0.0009419918 seconds	0.0000000000 seconds
Iteration 14:	0.0009410381 seconds	0.0000000000 seconds
Iteration 14:	0.0009438992 seconds	0.0000000000 seconds
Iteration 14:	0.0009388924 seconds	0.0000000000 seconds
Iteration 14:	0.0009431839 seconds	0.0000000000 seconds
Iteration 14:	0.0009410381 seconds	0.0000000000 seconds
Iteration 14:	0.0009458065 seconds	0.0000000000 seconds
Iteration 14:	0.0009438992 seconds	0.0000000000 seconds
Iteration 14:	0.0009441376 seconds	0.0000000000 seconds
Iteration 14:	0.0009469986 seconds	0.0000000000 seconds
Iteration 14:	0.0009458065 seconds	0.0000000000 seconds
Iteration 15:	0.0008790493 seconds	0.0000009537 seconds
Iteration 15:	0.0008749962 seconds	0.0000000000 seconds
Iteration 15:	0.0008749962 seconds	0.0000000000 seconds
Iteration 15:	0.0008800030 seconds	0.0000000000 seconds
Iteration 15:	0.0008759499 seconds	0.0000009537 seconds
Iteration 15:	0.0008769035 seconds	0.0000000000 seconds
Iteration 15:	0.0008759499 seconds	0.0000000000 seconds
Iteration 15:	0.0008831024 seconds	0.0000000000 seconds
Iteration 15:	0.0008800030 seconds	0.0000000000 seconds
Iteration 15:	0.0008821487 seconds	0.0000000000 seconds
Iteration 15:	0.0008859634 seconds	0.0000011921 seconds
Iteration 15:	0.0008850098 seconds	0.0000009537 seconds
Iteration 16:	0.0009360313 seconds	0.0000009537 seconds
Iteration 16:	0.0009369850 seconds	0.0000000000 seconds
Iteration 16:	0.0009369850 seconds	0.0000000000 seconds
Iteration 16:	0.0009360313 seconds	0.0000000000 seconds
Iteration 16:	0.0009379387 seconds	0.0000000000 seconds
Iteration 16:	0.0009360313 seconds	0.0000009537 seconds
Iteration 16:	0.0009438992 seconds	0.0000000000 seconds
Iteration 16:	0.0009419918 seconds	0.0000000000 seconds
Iteration 16:	0.0009419918 seconds	0.0000000000 seconds
Iteration 16:	0.0009448528 seconds	0.0000000000 seconds
Iteration 16:	0.0009438992 seconds	0.0000000000 seconds
Iteration 16:	0.0009419918 seconds	0.0000000000 seconds
Iteration 17:	0.0008630753 seconds	0.0000000000 seconds
Iteration 17:	0.0008628368 seconds	0.0000000000 seconds
Iteration 17:	0.0008618832 seconds	0.0000000000 seconds
Iteration 17:	0.0008649826 seconds	0.0000000000 seconds
Iteration 17:	0.0008661747 seconds	0.0000000000 seconds
Iteration 17:	0.0008640289 seconds	0.0000000000 seconds
Iteration 17:	0.0008721352 seconds	0.0000000000 seconds
Iteration 17:	0.0008709431 seconds	0.0000000000 seconds
Iteration 17:	0.0008680820 seconds	0.0000000000 seconds
Iteration 17:	0.0008661747 seconds	0.0000000000 seconds
Iteration 17:	0.0008630753 seconds	0.0000000000 seconds
Iteration 17:	0.0008699894 seconds	0.0000000000 seconds
Iteration 18:	0.0009119511 seconds	0.0000000000 seconds
Iteration 18:	0.0009169579 seconds	0.0000000000 seconds
Iteration 18:	0.0009150505 seconds	0.0000000000 seconds
Iteration 18:	0.0009138584 seconds	0.0000000000 seconds
Iteration 18:	0.0009119511 seconds	0.0000000000 seconds
Iteration 18:	0.0009188652 seconds	0.0000000000 seconds
Iteration 18:	0.0009109974 seconds	0.0000000000 seconds
Iteration 18:	0.0009109974 seconds	0.0000000000 seconds
Iteration 18:	0.0009140968 seconds	0.0000000000 seconds
Iteration 18:	0.0009088516 seconds	0.0000000000 seconds
Iteration 18:	0.0009200573 seconds	0.0000000000 seconds
Iteration 18:	0.0009131432 seconds	0.0000000000 seconds
Iteration 19:	0.0008399487 seconds	0.0000000000 seconds
Iteration 19:	0.0008380413 seconds	0.0000000000 seconds
Iteration 19:	0.0008368492 seconds	0.0000000000 seconds
Iteration 19:	0.0008461475 seconds	0.0000000000 seconds
Iteration 19:	0.0008411407 seconds	0.0000000000 seconds
Iteration 19:	0.0008389950 seconds	0.0000000000 seconds
Iteration 19:	0.0008480549 seconds	0.0000000000 seconds
Iteration 19:	0.0008420944 seconds	0.0000000000 seconds
Iteration 19:	0.0008449554 seconds	0.0000000000 seconds
Iteration 19:	0.0008430481 seconds	0.0000000000 seconds
Iteration 19:	0.0008430481 seconds	0.0000000000 seconds
Iteration 19:	0.0008399487 seconds	0.0000000000 seconds
Iteration 20:	0.0008919239 seconds	0.0000000000 seconds
Iteration 20:	0.0008928776 seconds	0.0000000000 seconds
Iteration 20:	0.0008919239 seconds	0.0000000000 seconds
Iteration 20:	0.0008940697 seconds	0.0000000000 seconds
Iteration 20:	0.0008940697 seconds	0.0000000000 seconds
Iteration 20:	0.0008971691 seconds	0.0000000000 seconds
Iteration 20:	0.0009000301 seconds	0.0000000000 seconds
Iteration 20:	0.0009000301 seconds	0.0000000000 seconds
Iteration 20:	0.0008969307 seconds	0.0000000000 seconds
Iteration 20:	0.0008931160 seconds	0.0000000000 seconds
Iteration 20:	0.0008969307 seconds	0.0000000000 seconds
Iteration 20:	0.0009000301 seconds	0.0000000000 seconds
Iteration 21:	0.0008358955 seconds	0.0000000000 seconds
Iteration 21:	0.0008330345 seconds	0.0000000000 seconds
Iteration 21:	0.0008358955 seconds	0.0000000000 seconds
Iteration 21:	0.0008351803 seconds	0.0000000000 seconds
Iteration 21:	0.0008420944 seconds	0.0000000000 seconds
Iteration 21:	0.0008411407 seconds	0.0000000000 seconds
Iteration 21:	0.0008430481 seconds	0.0000000000 seconds
Iteration 21:	0.0008370876 seconds	0.0000000000 seconds
Iteration 21:	0.0008370876 seconds	0.0000000000 seconds
Iteration 21:	0.0008401871 seconds	0.0000009537 seconds
Iteration 21:	0.0008399487 seconds	0.0000000000 seconds
Iteration 21:	0.0008409023 seconds	0.0000000000 seconds
Iteration 22:	0.0008869171 seconds	0.0000000000 seconds
Iteration 22:	0.0008850098 seconds	0.0000000000 seconds
Iteration 22:	0.0008838177 seconds	0.0000000000 seconds
Iteration 22:	0.0008890629 seconds	0.0000000000 seconds
Iteration 22:	0.0008881092 seconds	0.0000000000 seconds
Iteration 22:	0.0008850098 seconds	0.0000000000 seconds
Iteration 22:	0.0008871555 seconds	0.0000009537 seconds
Iteration 22:	0.0008871555 seconds	0.0000000000 seconds
Iteration 22:	0.0008931160 seconds	0.0000000000 seconds
Iteration 22:	0.0008950233 seconds	0.0000000000 seconds
Iteration 22:	0.0008871555 seconds	0.0000000000 seconds
Iteration 22:	0.0008940697 seconds	0.0000000000 seconds
Iteration 23:	0.0008258820 seconds	0.0000000000 seconds
Iteration 23:	0.0008249283 seconds	0.0000000000 seconds
Iteration 23:	0.0008301735 seconds	0.0000000000 seconds
Iteration 23:	0.0008330345 seconds	0.0000000000 seconds
Iteration 23:	0.0008339882 seconds	0.0000000000 seconds
Iteration 23:	0.0008380413 seconds	0.0000000000 seconds
Iteration 23:	0.0008330345 seconds	0.0000000000 seconds
Iteration 23:	0.0008349419 seconds	0.0000000000 seconds
Iteration 23:	0.0008399487 seconds	0.0000000000 seconds
Iteration 23:	0.0008358955 seconds	0.0000000000 seconds
Iteration 23:	0.0008299351 seconds	0.0000000000 seconds
Iteration 23:	0.0008330345 seconds	0.0000000000 seconds
Iteration 24:	0.0008790493 seconds	0.0000000000 seconds
Iteration 24:	0.0008780956 seconds	0.0000000000 seconds
Iteration 24:	0.0008769035 seconds	0.0000000000 seconds
Iteration 24:	0.0008749962 seconds	0.0000000000 seconds
Iteration 24:	0.0008800030 seconds	0.0000000000 seconds
Iteration 24:	0.0008749962 seconds	0.0000000000 seconds
Iteration 24:	0.0008759499 seconds	0.0000000000 seconds
Iteration 24:	0.0008778572 seconds	0.0000000000 seconds
Iteration 24:	0.0008749962 seconds	0.0000000000 seconds
Iteration 24:	0.0008778572 seconds	0.0000000000 seconds
Iteration 24:	0.0008749962 seconds	0.0000000000 seconds
Iteration 24:	0.0008738041 seconds	0.0000000000 seconds
Iteration 25:	0.0008189678 seconds	0.0000000000 seconds
Iteration 25:	0.0008180141 seconds	0.0000000000 seconds
Iteration 25:	0.0008208752 seconds	0.0000000000 seconds
Iteration 25:	0.0008189678 seconds	0.0000000000 seconds
Iteration 25:	0.0008268356 seconds	0.0000000000 seconds
Iteration 25:	0.0008249283 seconds	0.0000000000 seconds
Iteration 25:	0.0008249283 seconds	0.0000009537 seconds
Iteration 25:	0.0008227825 seconds	0.0000000000 seconds
Iteration 25:	0.0008277893 seconds	0.0000000000 seconds
Iteration 25:	0.0008218288 seconds	0.0000000000 seconds
Iteration 25:	0.0008218288 seconds	0.0000000000 seconds
Iteration 25:	0.0008249283 seconds	0.0000000000 seconds
Iteration 26:	0.0008649826 seconds	0.0000000000 seconds
Iteration 26:	0.0008661747 seconds	0.0000000000 seconds
Iteration 26:	0.0008599758 seconds	0.0000000000 seconds
Iteration 26:	0.0008640289 seconds	0.0000000000 seconds
Iteration 26:	0.0008621216 seconds	0.0000000000 seconds
Iteration 26:	0.0008659363 seconds	0.0000000000 seconds
Iteration 26:	0.0008599758 seconds	0.0000000000 seconds
Iteration 26:	0.0008609295 seconds	0.0000000000 seconds
Iteration 26:	0.0008659363 seconds	0.0000000000 seconds
Iteration 26:	0.0008640289 seconds	0.0000000000 seconds
Iteration 26:	0.0008609295 seconds	0.0000000000 seconds
Iteration 26:	0.0008609295 seconds	0.0000000000 seconds
Iteration 27:	0.0008058548 seconds	0.0000011921 seconds
Iteration 27:	0.0008099079 seconds	0.0000000000 seconds
Iteration 27:	0.0008118153 seconds	0.0000000000 seconds
Iteration 27:	0.0008080006 seconds	0.0000000000 seconds
Iteration 27:	0.0008120537 seconds	0.0000000000 seconds
Iteration 27:	0.0008141994 seconds	0.0000000000 seconds
Iteration 27:	0.0008080006 seconds	0.0000000000 seconds
Iteration 27:	0.0008151531 seconds	0.0000000000 seconds
Iteration 27:	0.0008108616 seconds	0.0000000000 seconds
Iteration 27:	0.0008161068 seconds	0.0000000000 seconds
Iteration 27:	0.0008111000 seconds	0.0000000000 seconds
Iteration 27:	0.0008120537 seconds	0.0000000000 seconds
Iteration 28:	0.0008401871 seconds	0.0000000000 seconds
Iteration 28:	0.0008399487 seconds	0.0000000000 seconds
Iteration 28:	0.0008411407 seconds	0.0000000000 seconds
Iteration 28:	0.0008420944 seconds	0.0000000000 seconds
Iteration 28:	0.0008468628 seconds	0.0000000000 seconds
Iteration 28:	0.0008420944 seconds	0.0000000000 seconds
Iteration 28:	0.0008490086 seconds	0.0000000000 seconds
Iteration 28:	0.0008440018 seconds	0.0000000000 seconds
Iteration 28:	0.0008449554 seconds	0.0000000000 seconds
Iteration 28:	0.0008490086 seconds	0.0000000000 seconds
Iteration 28:	0.0008509159 seconds	0.0000000000 seconds
Iteration 28:	0.0008490086 seconds	0.0000000000 seconds
Iteration 29:	0.0007970333 seconds	0.0000000000 seconds
Iteration 29:	0.0007970333 seconds	0.0000000000 seconds
Iteration 29:	0.0007948875 seconds	0.0000000000 seconds
Iteration 29:	0.0008018017 seconds	0.0000000000 seconds
Iteration 29:	0.0007989407 seconds	0.0000000000 seconds
Iteration 29:	0.0008039474 seconds	0.0000000000 seconds
Iteration 29:	0.0007958412 seconds	0.0000000000 seconds
Iteration 29:	0.0008018017 seconds	0.0000000000 seconds
Iteration 29:	0.0007998943 seconds	0.0000000000 seconds
Iteration 29:	0.0008008480 seconds	0.0000000000 seconds
Iteration 29:	0.0007979870 seconds	0.0000000000 seconds
Iteration 29:	0.0007960796 seconds	0.0000000000 seconds
Iteration 30:	0.0008239746 seconds	0.0000000000 seconds
Iteration 30:	0.0008330345 seconds	0.0000000000 seconds
Iteration 30:	0.0008270741 seconds	0.0000000000 seconds
Iteration 30:	0.0008318424 seconds	0.0000000000 seconds
Iteration 30:	0.0008299351 seconds	0.0000000000 seconds
Iteration 30:	0.0008280277 seconds	0.0000000000 seconds
Iteration 30:	0.0008320808 seconds	0.0000000000 seconds
Iteration 30:	0.0008339882 seconds	0.0000000000 seconds
Iteration 30:	0.0008318424 seconds	0.0000000000 seconds
Iteration 30:	0.0008280277 seconds	0.0000000000 seconds
Iteration 30:	0.0008268356 seconds	0.0000000000 seconds
Iteration 30:	0.0008299351 seconds	0.0000000000 seconds
Iteration 31:	0.0007901192 seconds	0.0000000000 seconds
Iteration 31:	0.0007939339 seconds	0.0000000000 seconds
Iteration 31:	0.0007920265 seconds	0.0000000000 seconds
Iteration 31:	0.0007979870 seconds	0.0000000000 seconds
Iteration 31:	0.0007929802 seconds	0.0000000000 seconds
Iteration 31:	0.0007948875 seconds	0.0000000000 seconds
Iteration 31:	0.0008029938 seconds	0.0000000000 seconds
Iteration 31:	0.0007989407 seconds	0.0000000000 seconds
Iteration 31:	0.0008020401 seconds	0.0000000000 seconds
Iteration 31:	0.0007979870 seconds	0.0000009537 seconds
Iteration 31:	0.0007979870 seconds	0.0000000000 seconds
Iteration 31:	0.0007948875 seconds	0.0000000000 seconds
Iteration 32:	0.0008108616 seconds	0.0000000000 seconds
Iteration 32:	0.0008161068 seconds	0.0000000000 seconds
Iteration 32:	0.0008161068 seconds	0.0000000000 seconds
Iteration 32:	0.0008180141 seconds	0.0000000000 seconds
Iteration 32:	0.0008120537 seconds	0.0000000000 seconds
Iteration 32:	0.0008180141 seconds	0.0000000000 seconds
Iteration 32:	0.0008170605 seconds	0.0000000000 seconds
Iteration 32:	0.0008139610 seconds	0.0000000000 seconds
Iteration 32:	0.0008139610 seconds	0.0000000000 seconds
Iteration 32:	0.0008161068 seconds	0.0000000000 seconds
Iteration 32:	0.0008130074 seconds	0.0000000000 seconds
Iteration 32:	0.0008141994 seconds	0.0000000000 seconds
Iteration 33:	0.0007979870 seconds	0.0000000000 seconds
Iteration 33:	0.0008020401 seconds	0.0000000000 seconds
Iteration 33:	0.0007979870 seconds	0.0000000000 seconds
Iteration 33:	0.0008008480 seconds	0.0000000000 seconds
Iteration 33:	0.0008029938 seconds	0.0000000000 seconds
Iteration 33:	0.0007979870 seconds	0.0000000000 seconds
Iteration 33:	0.0007989407 seconds	0.0000000000 seconds
Iteration 33:	0.0008010864 seconds	0.0000000000 seconds
Iteration 33:	0.0008039474 seconds	0.0000000000 seconds
Iteration 33:	0.0008020401 seconds	0.0000009537 seconds
Iteration 33:	0.0007970333 seconds	0.0000009537 seconds
Iteration 33:	0.0008099079 seconds	0.0000000000 seconds
Iteration 34:	0.0008020401 seconds	0.0000000000 seconds
Iteration 34:	0.0008058548 seconds	0.0000000000 seconds
Iteration 34:	0.0008070469 seconds	0.0000000000 seconds
Iteration 34:	0.0008091927 seconds	0.0000000000 seconds
Iteration 34:	0.0008068085 seconds	0.0000000000 seconds
Iteration 34:	0.0008039474 seconds	0.0000000000 seconds
Iteration 34:	0.0008099079 seconds	0.0000000000 seconds
Iteration 34:	0.0008039474 seconds	0.0000000000 seconds
Iteration 34:	0.0008111000 seconds	0.0000000000 seconds
Iteration 34:	0.0008111000 seconds	0.0000000000 seconds
Iteration 34:	0.0008070469 seconds	0.0000000000 seconds
Iteration 34:	0.0008091927 seconds	0.0000000000 seconds
Iteration 35:	0.0007991791 seconds	0.0000000000 seconds
Iteration 35:	0.0008010864 seconds	0.0000000000 seconds
Iteration 35:	0.0008089542 seconds	0.0000000000 seconds
Iteration 35:	0.0008029938 seconds	0.0000000000 seconds
Iteration 35:	0.0007989407 seconds	0.0000000000 seconds
Iteration 35:	0.0008032322 seconds	0.0000000000 seconds
Iteration 35:	0.0007991791 seconds	0.0000000000 seconds
Iteration 35:	0.0008010864 seconds	0.0000000000 seconds
Iteration 35:	0.0007979870 seconds	0.0000000000 seconds
Iteration 35:	0.0008080006 seconds	0.0000000000 seconds
Iteration 35:	0.0008010864 seconds	0.0000000000 seconds
Iteration 35:	0.0008060932 seconds	0.0000000000 seconds
Iteration 36:	0.0007920265 seconds	0.0000000000 seconds
Iteration 36:	0.0007929802 seconds	0.0000000000 seconds
Iteration 36:	0.0007970333 seconds	0.0000000000 seconds
Iteration 36:	0.0008008480 seconds	0.0000000000 seconds
Iteration 36:	0.0007989407 seconds	0.0000000000 seconds
Iteration 36:	0.0007960796 seconds	0.0000009537 seconds
Iteration 36:	0.0007998943 seconds	0.0000000000 seconds
Iteration 36:	0.0008029938 seconds	0.0000000000 seconds
Iteration 36:	0.0007979870 seconds	0.0000000000 seconds
Iteration 36:	0.0007979870 seconds	0.0000000000 seconds
Iteration 36:	0.0007970333 seconds	0.0000000000 seconds
Iteration 36:	0.0007948875 seconds	0.0000000000 seconds
Iteration 37:	0.0008070469 seconds	0.0000000000 seconds
Iteration 37:	0.0008139610 seconds	0.0000000000 seconds
Iteration 37:	0.0008180141 seconds	0.0000000000 seconds
Iteration 37:	0.0008108616 seconds	0.0000011921 seconds
Iteration 37:	0.0008130074 seconds	0.0000000000 seconds
Iteration 37:	0.0008151531 seconds	0.0000000000 seconds
Iteration 37:	0.0008108616 seconds	0.0000009537 seconds
Iteration 37:	0.0008180141 seconds	0.0000000000 seconds
Iteration 37:	0.0008170605 seconds	0.0000000000 seconds
Iteration 37:	0.0008180141 seconds	0.0000000000 seconds
Iteration 37:	0.0008130074 seconds	0.0000000000 seconds
Iteration 37:	0.0008161068 seconds	0.0000000000 seconds
Iteration 38:	0.0007989407 seconds	0.0000000000 seconds
Iteration 38:	0.0007998943 seconds	0.0000000000 seconds
Iteration 38:	0.0007979870 seconds	0.0000000000 seconds
Iteration 38:	0.0007989407 seconds	0.0000000000 seconds
Iteration 38:	0.0007979870 seconds	0.0000000000 seconds
Iteration 38:	0.0007958412 seconds	0.0000000000 seconds
Iteration 38:	0.0007967949 seconds	0.0000000000 seconds
Iteration 38:	0.0008049011 seconds	0.0000009537 seconds
Iteration 38:	0.0007970333 seconds	0.0000000000 seconds
Iteration 38:	0.0008008480 seconds	0.0000000000 seconds
Iteration 38:	0.0007960796 seconds	0.0000000000 seconds
Iteration 38:	0.0007948875 seconds	0.0000000000 seconds
Iteration 39:	0.0008130074 seconds	0.0000000000 seconds
Iteration 39:	0.0008149147 seconds	0.0000000000 seconds
Iteration 39:	0.0008239746 seconds	0.0000000000 seconds
Iteration 39:	0.0008168221 seconds	0.0000000000 seconds
Iteration 39:	0.0008211136 seconds	0.0000000000 seconds
Iteration 39:	0.0008270741 seconds	0.0000000000 seconds
Iteration 39:	0.0008239746 seconds	0.0000000000 seconds
Iteration 39:	0.0008211136 seconds	0.0000000000 seconds
Iteration 39:	0.0008211136 seconds	0.0000000000 seconds
Iteration 39:	0.0008180141 seconds	0.0000000000 seconds
Iteration 39:	0.0008208752 seconds	0.0000000000 seconds
Iteration 39:	0.0008199215 seconds	0.0000000000 seconds
Iteration 40:	0.0007948875 seconds	0.0000000000 seconds
Iteration 40:	0.0007901192 seconds	0.0000000000 seconds
Iteration 40:	0.0007939339 seconds	0.0000000000 seconds
Iteration 40:	0.0007889271 seconds	0.0000000000 seconds
Iteration 40:	0.0007939339 seconds	0.0000000000 seconds
Iteration 40:	0.0007989407 seconds	0.0000000000 seconds
Iteration 40:	0.0007958412 seconds	0.0000000000 seconds
Iteration 40:	0.0007998943 seconds	0.0000000000 seconds
Iteration 40:	0.0007958412 seconds	0.0000000000 seconds
Iteration 40:	0.0007948875 seconds	0.0000000000 seconds
Iteration 40:	0.0007939339 seconds	0.0000000000 seconds
Iteration 40:	0.0007929802 seconds	0.0000000000 seconds
Iteration 41:	0.0008051395 seconds	0.0000000000 seconds
Iteration 41:	0.0008070469 seconds	0.0000000000 seconds
Iteration 41:	0.0008029938 seconds	0.0000000000 seconds
Iteration 41:	0.0008108616 seconds	0.0000000000 seconds
Iteration 41:	0.0008161068 seconds	0.0000000000 seconds
Iteration 41:	0.0008089542 seconds	0.0000000000 seconds
Iteration 41:	0.0008020401 seconds	0.0000000000 seconds
Iteration 41:	0.0008111000 seconds	0.0000000000 seconds
Iteration 41:	0.0008101463 seconds	0.0000000000 seconds
Iteration 41:	0.0008080006 seconds	0.0000000000 seconds
Iteration 41:	0.0008089542 seconds	0.0000000000 seconds
Iteration 41:	0.0008099079 seconds	0.0000000000 seconds
Iteration 42:	0.0007719994 seconds	0.0000000000 seconds
Iteration 42:	0.0007700920 seconds	0.0000000000 seconds
Iteration 42:	0.0007719994 seconds	0.0000009537 seconds
Iteration 42:	0.0007801056 seconds	0.0000000000 seconds
Iteration 42:	0.0007719994 seconds	0.0000000000 seconds
Iteration 42:	0.0007758141 seconds	0.0000000000 seconds
Iteration 42:	0.0007789135 seconds	0.0000000000 seconds
Iteration 42:	0.0007820129 seconds	0.0000000000 seconds
Iteration 42:	0.0007779598 seconds	0.0000000000 seconds
Iteration 42:	0.0007841587 seconds	0.0000000000 seconds
Iteration 42:	0.0007770061 seconds	0.0000000000 seconds
Iteration 42:	0.0007791519 seconds	0.0000000000 seconds
Iteration 43:	0.0007960796 seconds	0.0000000000 seconds
Iteration 43:	0.0007989407 seconds	0.0000000000 seconds
Iteration 43:	0.0007970333 seconds	0.0000000000 seconds
Iteration 43:	0.0008020401 seconds	0.0000000000 seconds
Iteration 43:	0.0008070469 seconds	0.0000000000 seconds
Iteration 43:	0.0008080006 seconds	0.0000000000 seconds
Iteration 43:	0.0008051395 seconds	0.0000000000 seconds
Iteration 43:	0.0008020401 seconds	0.0000000000 seconds
Iteration 43:	0.0008029938 seconds	0.0000000000 seconds
Iteration 43:	0.0008049011 seconds	0.0000000000 seconds
Iteration 43:	0.0008058548 seconds	0.0000000000 seconds
Iteration 43:	0.0008080006 seconds	0.0000000000 seconds
Iteration 44:	0.0007679462 seconds	0.0000000000 seconds
Iteration 44:	0.0007660389 seconds	0.0000000000 seconds
Iteration 44:	0.0007679462 seconds	0.0000000000 seconds
Iteration 44:	0.0007719994 seconds	0.0000000000 seconds
Iteration 44:	0.0007739067 seconds	0.0000000000 seconds
Iteration 44:	0.0007741451 seconds	0.0000000000 seconds
Iteration 44:	0.0007731915 seconds	0.0000000000 seconds
Iteration 44:	0.0007760525 seconds	0.0000000000 seconds
Iteration 44:	0.0007750988 seconds	0.0000000000 seconds
Iteration 44:	0.0007710457 seconds	0.0000000000 seconds
Iteration 44:	0.0007700920 seconds	0.0000000000 seconds
Iteration 44:	0.0007729530 seconds	0.0000011921 seconds
Iteration 45:	0.0007970333 seconds	0.0000000000 seconds
Iteration 45:	0.0007960796 seconds	0.0000000000 seconds
Iteration 45:	0.0007970333 seconds	0.0000000000 seconds
Iteration 45:	0.0007970333 seconds	0.0000000000 seconds
Iteration 45:	0.0007920265 seconds	0.0000000000 seconds
Iteration 45:	0.0007939339 seconds	0.0000000000 seconds
Iteration 45:	0.0007960796 seconds	0.0000000000 seconds
Iteration 45:	0.0007979870 seconds	0.0000000000 seconds
Iteration 45:	0.0007979870 seconds	0.0000000000 seconds
Iteration 45:	0.0007951260 seconds	0.0000000000 seconds
Iteration 45:	0.0007960796 seconds	0.0000000000 seconds
Iteration 45:	0.0007970333 seconds	0.0000000000 seconds
Iteration 46:	0.0007619858 seconds	0.0000000000 seconds
Iteration 46:	0.0007650852 seconds	0.0000000000 seconds
Iteration 46:	0.0007650852 seconds	0.0000000000 seconds
Iteration 46:	0.0007638931 seconds	0.0000000000 seconds
Iteration 46:	0.0007569790 seconds	0.0000000000 seconds
Iteration 46:	0.0007629395 seconds	0.0000000000 seconds
Iteration 46:	0.0007638931 seconds	0.0000000000 seconds
Iteration 46:	0.0007629395 seconds	0.0000000000 seconds
Iteration 46:	0.0007629395 seconds	0.0000000000 seconds
Iteration 46:	0.0007622242 seconds	0.0000000000 seconds
Iteration 46:	0.0007610321 seconds	0.0000000000 seconds
Iteration 46:	0.0007600784 seconds	0.0000000000 seconds
Iteration 47:	0.0007948875 seconds	0.0000000000 seconds
Iteration 47:	0.0007920265 seconds	0.0000000000 seconds
Iteration 47:	0.0007948875 seconds	0.0000009537 seconds
Iteration 47:	0.0007939339 seconds	0.0000000000 seconds
Iteration 47:	0.0007889271 seconds	0.0000000000 seconds
Iteration 47:	0.0007958412 seconds	0.0000000000 seconds
Iteration 47:	0.0007889271 seconds	0.0000000000 seconds
Iteration 47:	0.0007932186 seconds	0.0000000000 seconds
Iteration 47:	0.0007979870 seconds	0.0000009537 seconds
Iteration 47:	0.0007960796 seconds	0.0000000000 seconds
Iteration 47:	0.0007970333 seconds	0.0000000000 seconds
Iteration 47:	0.0008001328 seconds	0.0000000000 seconds
Iteration 48:	0.0007441044 seconds	0.0000000000 seconds
Iteration 48:	0.0007429123 seconds	0.0000000000 seconds
Iteration 48:	0.0007460117 seconds	0.0000000000 seconds
Iteration 48:	0.0007469654 seconds	0.0000000000 seconds
Iteration 48:	0.0007460117 seconds	0.0000000000 seconds
Iteration 48:	0.0007450581 seconds	0.0000000000 seconds
Iteration 48:	0.0007529259 seconds	0.0000000000 seconds
Iteration 48:	0.0007488728 seconds	0.0000000000 seconds
Iteration 48:	0.0007538795 seconds	0.0000000000 seconds
Iteration 48:	0.0007550716 seconds	0.0000000000 seconds
Iteration 48:	0.0007479191 seconds	0.0000000000 seconds
Iteration 48:	0.0007510185 seconds	0.0000000000 seconds
Iteration 49:	0.0007572174 seconds	0.0000000000 seconds
Iteration 49:	0.0007581711 seconds	0.0000000000 seconds
Iteration 49:	0.0007631779 seconds	0.0000000000 seconds
Iteration 49:	0.0007629395 seconds	0.0000000000 seconds
Iteration 49:	0.0007569790 seconds	0.0000000000 seconds
Iteration 49:	0.0007650852 seconds	0.0000000000 seconds
Iteration 49:	0.0007660389 seconds	0.0000000000 seconds
Iteration 49:	0.0007660389 seconds	0.0000000000 seconds
Iteration 49:	0.0007610321 seconds	0.0000000000 seconds
Iteration 49:	0.0007588863 seconds	0.0000000000 seconds
Iteration 49:	0.0007560253 seconds	0.0000000000 seconds
Iteration 49:	0.0007631779 seconds	0.0000000000 seconds
Iteration 50:	0.0007181168 seconds	0.0000000000 seconds
Iteration 50:	0.0007290840 seconds	0.0000000000 seconds
Iteration 50:	0.0007259846 seconds	0.0000000000 seconds
Iteration 50:	0.0007250309 seconds	0.0000000000 seconds
Iteration 50:	0.0007338524 seconds	0.0000000000 seconds
Iteration 50:	0.0007288456 seconds	0.0000000000 seconds
Iteration 50:	0.0007321835 seconds	0.0000000000 seconds
Iteration 50:	0.0007281303 seconds	0.0000000000 seconds
Iteration 50:	0.0007331371 seconds	0.0000000000 seconds
Iteration 50:	0.0007219315 seconds	0.0000009537 seconds
Iteration 50:	0.0007271767 seconds	0.0000000000 seconds
Iteration 50:	0.0007312298 seconds	0.0000000000 seconds
Iteration 51:	0.0007159710 seconds	0.0000000000 seconds
Iteration 51:	0.0007181168 seconds	0.0000000000 seconds
Iteration 51:	0.0007190704 seconds	0.0000000000 seconds
Iteration 51:	0.0007240772 seconds	0.0000000000 seconds
Iteration 51:	0.0007231236 seconds	0.0000000000 seconds
Iteration 51:	0.0007250309 seconds	0.0000009537 seconds
Iteration 51:	0.0007200241 seconds	0.0000000000 seconds
Iteration 51:	0.0007269382 seconds	0.0000000000 seconds
Iteration 51:	0.0007288456 seconds	0.0000000000 seconds
Iteration 51:	0.0007259846 seconds	0.0000000000 seconds
Iteration 51:	0.0007228851 seconds	0.0000000000 seconds
Iteration 51:	0.0007278919 seconds	0.0000000000 seconds
Iteration 52:	0.0006878376 seconds	0.0000000000 seconds
Iteration 52:	0.0006909370 seconds	0.0000000000 seconds
Iteration 52:	0.0006928444 seconds	0.0000000000 seconds
Iteration 52:	0.0006899834 seconds	0.0000000000 seconds
Iteration 52:	0.0006937981 seconds	0.0000000000 seconds
Iteration 52:	0.0006937981 seconds	0.0000000000 seconds
Iteration 52:	0.0006968975 seconds	0.0000000000 seconds
Iteration 52:	0.0006899834 seconds	0.0000000000 seconds
Iteration 52:	0.0006899834 seconds	0.0000000000 seconds
Iteration 52:	0.0006878376 seconds	0.0000000000 seconds
Iteration 52:	0.0006918907 seconds	0.0000000000 seconds
Iteration 52:	0.0006909370 seconds	0.0000000000 seconds
Iteration 53:	0.0007138252 seconds	0.0000000000 seconds
Iteration 53:	0.0007097721 seconds	0.0000000000 seconds
Iteration 53:	0.0007159710 seconds	0.0000000000 seconds
Iteration 53:	0.0007150173 seconds	0.0000000000 seconds
Iteration 53:	0.0007190704 seconds	0.0000000000 seconds
Iteration 53:	0.0007150173 seconds	0.0000000000 seconds
Iteration 53:	0.0007150173 seconds	0.0000000000 seconds
Iteration 53:	0.0007140636 seconds	0.0000000000 seconds
Iteration 53:	0.0007169247 seconds	0.0000000000 seconds
Iteration 53:	0.0007200241 seconds	0.0000000000 seconds
Iteration 53:	0.0007209778 seconds	0.0000000000 seconds
Iteration 53:	0.0007150173 seconds	0.0000000000 seconds
Iteration 54:	0.0006811619 seconds	0.0000000000 seconds
Iteration 54:	0.0006821156 seconds	0.0000000000 seconds
Iteration 54:	0.0006821156 seconds	0.0000000000 seconds
Iteration 54:	0.0006799698 seconds	0.0000000000 seconds
Iteration 54:	0.0006840229 seconds	0.0000000000 seconds
Iteration 54:	0.0006780624 seconds	0.0000000000 seconds
Iteration 54:	0.0006780624 seconds	0.0000000000 seconds
Iteration 54:	0.0006818771 seconds	0.0000000000 seconds
Iteration 54:	0.0006849766 seconds	0.0000009537 seconds
Iteration 54:	0.0006799698 seconds	0.0000000000 seconds
Iteration 54:	0.0006799698 seconds	0.0000000000 seconds
Iteration 54:	0.0006780624 seconds	0.0000000000 seconds
Iteration 55:	0.0007061958 seconds	0.0000000000 seconds
Iteration 55:	0.0007040501 seconds	0.0000000000 seconds
Iteration 55:	0.0007119179 seconds	0.0000000000 seconds
Iteration 55:	0.0007119179 seconds	0.0000009537 seconds
Iteration 55:	0.0007059574 seconds	0.0000000000 seconds
Iteration 55:	0.0007059574 seconds	0.0000000000 seconds
Iteration 55:	0.0007069111 seconds	0.0000000000 seconds
Iteration 55:	0.0007090569 seconds	0.0000000000 seconds
Iteration 55:	0.0007100105 seconds	0.0000000000 seconds
Iteration 55:	0.0007069111 seconds	0.0000000000 seconds
Iteration 55:	0.0007100105 seconds	0.0000000000 seconds
Iteration 55:	0.0007069111 seconds	0.0000000000 seconds
Iteration 56:	0.0006718636 seconds	0.0000000000 seconds
Iteration 56:	0.0006740093 seconds	0.0000000000 seconds
Iteration 56:	0.0006802082 seconds	0.0000000000 seconds
Iteration 56:	0.0006799698 seconds	0.0000000000 seconds
Iteration 56:	0.0006759167 seconds	0.0000000000 seconds
Iteration 56:	0.0006730556 seconds	0.0000000000 seconds
Iteration 56:	0.0006761551 seconds	0.0000000000 seconds
Iteration 56:	0.0006809235 seconds	0.0000000000 seconds
Iteration 56:	0.0006740093 seconds	0.0000000000 seconds
Iteration 56:	0.0006749630 seconds	0.0000000000 seconds
Iteration 56:	0.0006749630 seconds	0.0000000000 seconds
Iteration 56:	0.0006799698 seconds	0.0000000000 seconds
Iteration 57:	0.0006749630 seconds	0.0000000000 seconds
Iteration 57:	0.0006771088 seconds	0.0000000000 seconds
Iteration 57:	0.0006728172 seconds	0.0000000000 seconds
Iteration 57:	0.0006730556 seconds	0.0000000000 seconds
Iteration 57:	0.0006809235 seconds	0.0000000000 seconds
Iteration 57:	0.0006730556 seconds	0.0000000000 seconds
Iteration 57:	0.0006790161 seconds	0.0000000000 seconds
Iteration 57:	0.0006740093 seconds	0.0000000000 seconds
Iteration 57:	0.0006759167 seconds	0.0000000000 seconds
Iteration 57:	0.0006728172 seconds	0.0000000000 seconds
Iteration 57:	0.0006768703 seconds	0.0000000000 seconds
Iteration 57:	0.0006728172 seconds	0.0000000000 seconds
Iteration 58:	0.0006377697 seconds	0.0000000000 seconds
Iteration 58:	0.0006330013 seconds	0.0000000000 seconds
Iteration 58:	0.0006318092 seconds	0.0000000000 seconds
Iteration 58:	0.0006351471 seconds	0.0000000000 seconds
Iteration 58:	0.0006330013 seconds	0.0000000000 seconds
Iteration 58:	0.0006341934 seconds	0.0000000000 seconds
Iteration 58:	0.0006310940 seconds	0.0000000000 seconds
Iteration 58:	0.0006320477 seconds	0.0000000000 seconds
Iteration 58:	0.0006320477 seconds	0.0000000000 seconds
Iteration 58:	0.0006339550 seconds	0.0000000000 seconds
Iteration 58:	0.0006361008 seconds	0.0000009537 seconds
Iteration 58:	0.0006349087 seconds	0.0000000000 seconds
Iteration 59:	0.0006361008 seconds	0.0000000000 seconds
Iteration 59:	0.0006320477 seconds	0.0000000000 seconds
Iteration 59:	0.0006361008 seconds	0.0000000000 seconds
Iteration 59:	0.0006430149 seconds	0.0000000000 seconds
Iteration 59:	0.0006420612 seconds	0.0000000000 seconds
Iteration 59:	0.0006341934 seconds	0.0000000000 seconds
Iteration 59:	0.0006330013 seconds	0.0000000000 seconds
Iteration 59:	0.0006411076 seconds	0.0000000000 seconds
Iteration 59:	0.0006389618 seconds	0.0000000000 seconds
Iteration 59:	0.0006408691 seconds	0.0000000000 seconds
Iteration 59:	0.0006380081 seconds	0.0000000000 seconds
Iteration 59:	0.0006392002 seconds	0.0000000000 seconds
Total computation time was: 0.051018		Average frame time was: 0.000844		Average Particle interations per second were: 1091565676.504779
