[ -1:000]                : Rank 1 is running on comet-23-18.sdsc.edu
[ -1:000]                : Rank 0 is running on comet-23-18.sdsc.edu
[  1:001] init_pprintf   : My dest: 0	My source: 0	My_num_part: 16080
[  0:001] init_pprintf   : My dest: 1	My source: 1	My_num_part: 16080
Initalizing particles linear on 0 to 16080
Initalizing particles linear on 16080 to 32160
Iteration 0:	1.6863560677 seconds	0.0000000000 seconds
Iteration 0:	1.6862320900 seconds	0.0000009537 seconds
Iteration 1:	0.6310598850 seconds	0.0000000000 seconds
Iteration 1:	0.6310598850 seconds	0.0000000000 seconds
Iteration 2:	0.6314699650 seconds	0.0000011921 seconds
Iteration 2:	0.6314699650 seconds	0.0000000000 seconds
Iteration 3:	0.6314628124 seconds	0.0000000000 seconds
Iteration 3:	0.6314589977 seconds	0.0000000000 seconds
Iteration 4:	0.6317141056 seconds	0.0000000000 seconds
Iteration 4:	0.6317110062 seconds	0.0000000000 seconds
Iteration 5:	0.6317348480 seconds	0.0000000000 seconds
Iteration 5:	0.6317348480 seconds	0.0000000000 seconds
Iteration 6:	0.6315011978 seconds	0.0000000000 seconds
Iteration 6:	0.6315021515 seconds	0.0000009537 seconds
Iteration 7:	0.6316399574 seconds	0.0000000000 seconds
Iteration 7:	0.6316399574 seconds	0.0000000000 seconds
Iteration 8:	0.6314761639 seconds	0.0000000000 seconds
Iteration 8:	0.6314761639 seconds	0.0000000000 seconds
Iteration 9:	0.6312417984 seconds	0.0000000000 seconds
Iteration 9:	0.6312417984 seconds	0.0000000000 seconds
Iteration 10:	0.6313381195 seconds	0.0000000000 seconds
Iteration 10:	0.6313381195 seconds	0.0000000000 seconds
Iteration 11:	0.6312122345 seconds	0.0000000000 seconds
Iteration 11:	0.6312091351 seconds	0.0000000000 seconds
Iteration 12:	0.6312530041 seconds	0.0000000000 seconds
Iteration 12:	0.6312551498 seconds	0.0000000000 seconds
Iteration 13:	0.6341300011 seconds	0.0000000000 seconds
Iteration 13:	0.6341290474 seconds	0.0000009537 seconds
Iteration 14:	0.6310710907 seconds	0.0000000000 seconds
Iteration 14:	0.6310720444 seconds	0.0000000000 seconds
Iteration 15:	0.6310260296 seconds	0.0000000000 seconds
Iteration 15:	0.6310248375 seconds	0.0000000000 seconds
Iteration 16:	0.6308188438 seconds	0.0000000000 seconds
Iteration 16:	0.6308178902 seconds	0.0000000000 seconds
Iteration 17:	0.6309778690 seconds	0.0000000000 seconds
Iteration 17:	0.6309800148 seconds	0.0000000000 seconds
Iteration 18:	0.6310510635 seconds	0.0000000000 seconds
Iteration 18:	0.6310510635 seconds	0.0000000000 seconds
Iteration 19:	0.6308100224 seconds	0.0000000000 seconds
Iteration 19:	0.6308109760 seconds	0.0000000000 seconds
Iteration 20:	0.6311769485 seconds	0.0000000000 seconds
Iteration 20:	0.6311750412 seconds	0.0000000000 seconds
Iteration 21:	0.6310498714 seconds	0.0000000000 seconds
Iteration 21:	0.6310479641 seconds	0.0000000000 seconds
Iteration 22:	0.6310698986 seconds	0.0000000000 seconds
Iteration 22:	0.6310698986 seconds	0.0000000000 seconds
Iteration 23:	0.6308619976 seconds	0.0000009537 seconds
Iteration 23:	0.6308619976 seconds	0.0000000000 seconds
Iteration 24:	0.6310920715 seconds	0.0000000000 seconds
Iteration 24:	0.6310920715 seconds	0.0000000000 seconds
Iteration 25:	0.6310131550 seconds	0.0000000000 seconds
Iteration 25:	0.6310131550 seconds	0.0000000000 seconds
Iteration 26:	0.6342778206 seconds	0.0000000000 seconds
Iteration 26:	0.6342790127 seconds	0.0000000000 seconds
Iteration 27:	0.6309828758 seconds	0.0000011921 seconds
Iteration 27:	0.6309828758 seconds	0.0000011921 seconds
Iteration 28:	0.6310698986 seconds	0.0000000000 seconds
Iteration 28:	0.6310698986 seconds	0.0000000000 seconds
Iteration 29:	0.6308491230 seconds	0.0000000000 seconds
Iteration 29:	0.6308481693 seconds	0.0000000000 seconds
Total computation time was: 19.996941		Average frame time was: 0.666559		Average Particle interations per second were: 1551648351.173894
