[ -1:000]                : Rank 0 is running on comet-04-37.sdsc.edu
[  0:001] init_pprintf   : My dest: 1	My source: 4	My_num_part: 1632
Initalizing particles linear on 0 to 1632
[ -1:000]                : Rank 2 is running on comet-13-60.sdsc.edu
[  2:001] init_pprintf   : My dest: 3	My source: 1	My_num_part: 1632
[ -1:000]                : Rank 3 is running on comet-16-27.sdsc.edu
[  3:001] init_pprintf   : My dest: 4	My source: 2	My_num_part: 1632
Initalizing particles linear on 3264 to 4896
Initalizing particles linear on 4896 to 6528
[ -1:000]                : Rank 1 is running on comet-13-56.sdsc.edu
[  1:001] init_pprintf   : My dest: 2	My source: 0	My_num_part: 1632
Initalizing particles linear on 1632 to 3264
[ -1:000]                : Rank 4 is running on comet-19-66.sdsc.edu
[  4:001] init_pprintf   : My dest: 0	My source: 3	My_num_part: 1632
Initalizing particles linear on 6528 to 8160
Iteration 0:	0.1000409126 seconds	0.0000000000 seconds
Iteration 0:	0.1026158333 seconds	0.0000000000 seconds
Iteration 0:	0.1087291241 seconds	0.0000000000 seconds
Iteration 0:	0.1444988251 seconds	0.0000000000 seconds
Iteration 0:	0.1074430943 seconds	0.0000000000 seconds
Iteration 1:	0.0480730534 seconds	0.0000000000 seconds
Iteration 1:	0.0490121841 seconds	0.0000000000 seconds
Iteration 1:	0.0490159988 seconds	0.0000000000 seconds
Iteration 1:	0.0490698814 seconds	0.0000000000 seconds
Iteration 1:	0.0490159988 seconds	0.0000000000 seconds
Iteration 2:	0.0499670506 seconds	0.0000000000 seconds
Iteration 2:	0.0440840721 seconds	0.0000000000 seconds
Iteration 2:	0.0454490185 seconds	0.0000000000 seconds
Iteration 2:	0.0454769135 seconds	0.0000000000 seconds
Iteration 2:	0.0454480648 seconds	0.0000000000 seconds
Iteration 3:	0.0112209320 seconds	0.0000000000 seconds
Iteration 3:	0.0112020969 seconds	0.0000000000 seconds
Iteration 3:	0.0070688725 seconds	0.0000000000 seconds
Iteration 3:	0.0069980621 seconds	0.0000000000 seconds
Iteration 3:	0.0070018768 seconds	0.0000000000 seconds
Iteration 4:	0.0066540241 seconds	0.0000000000 seconds
Iteration 4:	0.0064780712 seconds	0.0000000000 seconds
Iteration 4:	0.0066380501 seconds	0.0000000000 seconds
Iteration 4:	0.0065610409 seconds	0.0000000000 seconds
Iteration 4:	0.0067079067 seconds	0.0000000000 seconds
Iteration 5:	0.0063679218 seconds	0.0000011921 seconds
Iteration 5:	0.0062999725 seconds	0.0000000000 seconds
Iteration 5:	0.0064830780 seconds	0.0000000000 seconds
Iteration 5:	0.0065178871 seconds	0.0000000000 seconds
Iteration 5:	0.0064570904 seconds	0.0000009537 seconds
Iteration 6:	0.0066161156 seconds	0.0000000000 seconds
Iteration 6:	0.0066318512 seconds	0.0000000000 seconds
Iteration 6:	0.0066530704 seconds	0.0000000000 seconds
Iteration 6:	0.0065708160 seconds	0.0000000000 seconds
Iteration 6:	0.0065629482 seconds	0.0000000000 seconds
Iteration 7:	0.0065369606 seconds	0.0000000000 seconds
Iteration 7:	0.0064311028 seconds	0.0000000000 seconds
Iteration 7:	0.0064280033 seconds	0.0000000000 seconds
Iteration 7:	0.0065391064 seconds	0.0000000000 seconds
Iteration 7:	0.0064809322 seconds	0.0000000000 seconds
Iteration 8:	0.0064990520 seconds	0.0000000000 seconds
Iteration 8:	0.0065779686 seconds	0.0000000000 seconds
Iteration 8:	0.0066049099 seconds	0.0000000000 seconds
Iteration 8:	0.0065419674 seconds	0.0000000000 seconds
Iteration 8:	0.0066130161 seconds	0.0000000000 seconds
Iteration 9:	0.0066471100 seconds	0.0000000000 seconds
Iteration 9:	0.0065710545 seconds	0.0000000000 seconds
Iteration 9:	0.0065009594 seconds	0.0000000000 seconds
Iteration 9:	0.0065770149 seconds	0.0000000000 seconds
Iteration 9:	0.0065150261 seconds	0.0000000000 seconds
Iteration 10:	0.0066051483 seconds	0.0000000000 seconds
Iteration 10:	0.0067911148 seconds	0.0000000000 seconds
Iteration 10:	0.0067160130 seconds	0.0000000000 seconds
Iteration 10:	0.0067069530 seconds	0.0000000000 seconds
Iteration 10:	0.0067260265 seconds	0.0000000000 seconds
Iteration 11:	0.0064420700 seconds	0.0000009537 seconds
Iteration 11:	0.0063641071 seconds	0.0000000000 seconds
Iteration 11:	0.0063779354 seconds	0.0000000000 seconds
Iteration 11:	0.0062999725 seconds	0.0000011921 seconds
Iteration 11:	0.0063109398 seconds	0.0000000000 seconds
Iteration 12:	0.0064978600 seconds	0.0000000000 seconds
Iteration 12:	0.0065350533 seconds	0.0000000000 seconds
Iteration 12:	0.0067307949 seconds	0.0000011921 seconds
Iteration 12:	0.0066349506 seconds	0.0000000000 seconds
Iteration 12:	0.0066430569 seconds	0.0000000000 seconds
Iteration 13:	0.0064997673 seconds	0.0000000000 seconds
Iteration 13:	0.0064561367 seconds	0.0000009537 seconds
Iteration 13:	0.0063910484 seconds	0.0000000000 seconds
Iteration 13:	0.0064630508 seconds	0.0000000000 seconds
Iteration 13:	0.0064010620 seconds	0.0000000000 seconds
Iteration 14:	0.0064849854 seconds	0.0000000000 seconds
Iteration 14:	0.0064840317 seconds	0.0000000000 seconds
Iteration 14:	0.0064561367 seconds	0.0000000000 seconds
Iteration 14:	0.0064449310 seconds	0.0000000000 seconds
Iteration 14:	0.0065259933 seconds	0.0000000000 seconds
Iteration 15:	0.0062770844 seconds	0.0000009537 seconds
Iteration 15:	0.0062758923 seconds	0.0000000000 seconds
Iteration 15:	0.0064868927 seconds	0.0000000000 seconds
Iteration 15:	0.0064289570 seconds	0.0000000000 seconds
Iteration 15:	0.0064339638 seconds	0.0000000000 seconds
Iteration 16:	0.0064618587 seconds	0.0000000000 seconds
Iteration 16:	0.0065538883 seconds	0.0000000000 seconds
Iteration 16:	0.0064010620 seconds	0.0000000000 seconds
Iteration 16:	0.0063869953 seconds	0.0000000000 seconds
Iteration 16:	0.0064771175 seconds	0.0000000000 seconds
Iteration 17:	0.0064299107 seconds	0.0000000000 seconds
Iteration 17:	0.0063710213 seconds	0.0000000000 seconds
Iteration 17:	0.0064899921 seconds	0.0000000000 seconds
Iteration 17:	0.0064270496 seconds	0.0000000000 seconds
Iteration 17:	0.0064160824 seconds	0.0000009537 seconds
Iteration 18:	0.0065310001 seconds	0.0000000000 seconds
Iteration 18:	0.0064589977 seconds	0.0000000000 seconds
Iteration 18:	0.0065100193 seconds	0.0000000000 seconds
Iteration 18:	0.0064527988 seconds	0.0000000000 seconds
Iteration 18:	0.0064849854 seconds	0.0000000000 seconds
Iteration 19:	0.0064160824 seconds	0.0000000000 seconds
Iteration 19:	0.0065789223 seconds	0.0000000000 seconds
Iteration 19:	0.0066518784 seconds	0.0000009537 seconds
Iteration 19:	0.0066010952 seconds	0.0000000000 seconds
Iteration 19:	0.0065939426 seconds	0.0000000000 seconds
Iteration 20:	0.0066311359 seconds	0.0000000000 seconds
Iteration 20:	0.0064091682 seconds	0.0000000000 seconds
Iteration 20:	0.0064020157 seconds	0.0000000000 seconds
Iteration 20:	0.0064861774 seconds	0.0000000000 seconds
Iteration 20:	0.0065240860 seconds	0.0000000000 seconds
Iteration 21:	0.0064871311 seconds	0.0000000000 seconds
Iteration 21:	0.0065560341 seconds	0.0000000000 seconds
Iteration 21:	0.0066730976 seconds	0.0000000000 seconds
Iteration 21:	0.0066027641 seconds	0.0000000000 seconds
Iteration 21:	0.0065989494 seconds	0.0000000000 seconds
Iteration 22:	0.0063221455 seconds	0.0000000000 seconds
Iteration 22:	0.0061550140 seconds	0.0000000000 seconds
Iteration 22:	0.0061879158 seconds	0.0000000000 seconds
Iteration 22:	0.0062441826 seconds	0.0000009537 seconds
Iteration 22:	0.0062820911 seconds	0.0000000000 seconds
Iteration 23:	0.0064010620 seconds	0.0000000000 seconds
Iteration 23:	0.0064239502 seconds	0.0000000000 seconds
Iteration 23:	0.0065081120 seconds	0.0000009537 seconds
Iteration 23:	0.0064508915 seconds	0.0000000000 seconds
Iteration 23:	0.0064339638 seconds	0.0000000000 seconds
Iteration 24:	0.0064139366 seconds	0.0000000000 seconds
Iteration 24:	0.0062780380 seconds	0.0000000000 seconds
Iteration 24:	0.0063290596 seconds	0.0000000000 seconds
Iteration 24:	0.0062999725 seconds	0.0000000000 seconds
Iteration 24:	0.0063788891 seconds	0.0000000000 seconds
Iteration 25:	0.0061988831 seconds	0.0000000000 seconds
Iteration 25:	0.0062570572 seconds	0.0000000000 seconds
Iteration 25:	0.0062780380 seconds	0.0000000000 seconds
Iteration 25:	0.0063390732 seconds	0.0000000000 seconds
Iteration 25:	0.0063521862 seconds	0.0000000000 seconds
Iteration 26:	0.0064089298 seconds	0.0000000000 seconds
Iteration 26:	0.0063490868 seconds	0.0000000000 seconds
Iteration 26:	0.0065100193 seconds	0.0000000000 seconds
Iteration 26:	0.0064480305 seconds	0.0000000000 seconds
Iteration 26:	0.0064449310 seconds	0.0000000000 seconds
Iteration 27:	0.0064737797 seconds	0.0000000000 seconds
Iteration 27:	0.0064370632 seconds	0.0000000000 seconds
Iteration 27:	0.0064861774 seconds	0.0000000000 seconds
Iteration 27:	0.0064370632 seconds	0.0000000000 seconds
Iteration 27:	0.0064728260 seconds	0.0000000000 seconds
Iteration 28:	0.0064499378 seconds	0.0000000000 seconds
Iteration 28:	0.0064918995 seconds	0.0000000000 seconds
Iteration 28:	0.0064899921 seconds	0.0000000000 seconds
Iteration 28:	0.0064761639 seconds	0.0000000000 seconds
Iteration 28:	0.0065550804 seconds	0.0000000000 seconds
Iteration 29:	0.0065319538 seconds	0.0000000000 seconds
Iteration 29:	0.0064849854 seconds	0.0000000000 seconds
Iteration 29:	0.0066378117 seconds	0.0000000000 seconds
Iteration 29:	0.0065541267 seconds	0.0000000000 seconds
Iteration 29:	0.0065629482 seconds	0.0000000000 seconds
Iteration 30:	0.0064401627 seconds	0.0000000000 seconds
Iteration 30:	0.0064909458 seconds	0.0000000000 seconds
Iteration 30:	0.0064859390 seconds	0.0000000000 seconds
Iteration 30:	0.0064220428 seconds	0.0000000000 seconds
Iteration 30:	0.0064039230 seconds	0.0000000000 seconds
Iteration 31:	0.0066978931 seconds	0.0000000000 seconds
Iteration 31:	0.0066168308 seconds	0.0000000000 seconds
Iteration 31:	0.0066170692 seconds	0.0000000000 seconds
Iteration 31:	0.0066699982 seconds	0.0000000000 seconds
Iteration 31:	0.0065960884 seconds	0.0000000000 seconds
Iteration 32:	0.0063550472 seconds	0.0000000000 seconds
Iteration 32:	0.0063838959 seconds	0.0000000000 seconds
Iteration 32:	0.0064830780 seconds	0.0000000000 seconds
Iteration 32:	0.0063869953 seconds	0.0000000000 seconds
Iteration 32:	0.0064029694 seconds	0.0000000000 seconds
Iteration 33:	0.0064918995 seconds	0.0000000000 seconds
Iteration 33:	0.0065000057 seconds	0.0000000000 seconds
Iteration 33:	0.0064499378 seconds	0.0000000000 seconds
Iteration 33:	0.0064930916 seconds	0.0000000000 seconds
Iteration 33:	0.0064561367 seconds	0.0000000000 seconds
Iteration 34:	0.0063741207 seconds	0.0000000000 seconds
Iteration 34:	0.0063850880 seconds	0.0000000000 seconds
Iteration 34:	0.0064010620 seconds	0.0000000000 seconds
Iteration 34:	0.0064630508 seconds	0.0000000000 seconds
Iteration 34:	0.0063788891 seconds	0.0000000000 seconds
Iteration 35:	0.0065891743 seconds	0.0000000000 seconds
Iteration 35:	0.0064468384 seconds	0.0000000000 seconds
Iteration 35:	0.0065469742 seconds	0.0000000000 seconds
Iteration 35:	0.0064659119 seconds	0.0000000000 seconds
Iteration 35:	0.0064818859 seconds	0.0000000000 seconds
Iteration 36:	0.0066390038 seconds	0.0000000000 seconds
Iteration 36:	0.0066070557 seconds	0.0000000000 seconds
Iteration 36:	0.0066859722 seconds	0.0000000000 seconds
Iteration 36:	0.0066499710 seconds	0.0000000000 seconds
Iteration 36:	0.0066308975 seconds	0.0000000000 seconds
Iteration 37:	0.0065448284 seconds	0.0000000000 seconds
Iteration 37:	0.0067269802 seconds	0.0000000000 seconds
Iteration 37:	0.0066590309 seconds	0.0000000000 seconds
Iteration 37:	0.0067210197 seconds	0.0000000000 seconds
Iteration 37:	0.0066618919 seconds	0.0000000000 seconds
Iteration 38:	0.0065898895 seconds	0.0000000000 seconds
Iteration 38:	0.0065531731 seconds	0.0000000000 seconds
Iteration 38:	0.0066428185 seconds	0.0000000000 seconds
Iteration 38:	0.0066800117 seconds	0.0000009537 seconds
Iteration 38:	0.0065870285 seconds	0.0000009537 seconds
Iteration 39:	0.0065331459 seconds	0.0000000000 seconds
Iteration 39:	0.0065391064 seconds	0.0000000000 seconds
Iteration 39:	0.0066480637 seconds	0.0000009537 seconds
Iteration 39:	0.0066380501 seconds	0.0000000000 seconds
Total computation time was: 0.482848		Average frame time was: 0.012045		Average Particle interations per second were: 5528022323.910981
Iteration 39:	0.0065867901 seconds	0.0000000000 seconds
