[ -1:000]                : Rank 7 is running on comet-19-47.sdsc.edu
[ -1:000]                : Rank 3 is running on comet-19-47.sdsc.edu
[ -1:000]                : Rank 5 is running on comet-19-47.sdsc.edu
[  7:001] init_pprintf   : My dest: 0	My source: 6	My_num_part: 60
[  5:001] init_pprintf   : My dest: 6	My source: 4	My_num_part: 60
[  3:001] init_pprintf   : My dest: 4	My source: 2	My_num_part: 60
[ -1:000]                : Rank 1 is running on comet-19-47.sdsc.edu
[  1:001] init_pprintf   : My dest: 2	My source: 0	My_num_part: 60
[ -1:000]                : Rank 0 is running on comet-19-47.sdsc.edu
[ -1:000]                : Rank 4 is running on comet-19-47.sdsc.edu
[ -1:000]                : Rank 6 is running on comet-19-47.sdsc.edu
[  0:001] init_pprintf   : My dest: 1	My source: 7	My_num_part: 60
[  4:001] init_pprintf   : My dest: 5	My source: 3	My_num_part: 60
[  6:001] init_pprintf   : My dest: 7	My source: 5	My_num_part: 60
[ -1:000]                : Rank 2 is running on comet-19-47.sdsc.edu
[  2:001] init_pprintf   : My dest: 3	My source: 1	My_num_part: 60
Initalizing particles linear on 420 to 480
Initalizing particles linear on 300 to 360
Initalizing particles linear on 180 to 240
Initalizing particles linear on 60 to 120
Initalizing particles linear on 240 to 300
Initalizing particles linear on 360 to 420
Initalizing particles linear on 120 to 180
Initalizing particles linear on 0 to 60
Iteration 0:	0.0004639626 seconds	0.0000000000 seconds
Iteration 0:	0.0005140305 seconds	0.0000000000 seconds
Iteration 0:	0.0005109310 seconds	0.0000000000 seconds
Iteration 0:	0.0005140305 seconds	0.0000000000 seconds
Iteration 0:	0.0004630089 seconds	0.0000000000 seconds
Iteration 0:	0.0004639626 seconds	0.0000000000 seconds
Iteration 0:	0.0005159378 seconds	0.0000000000 seconds
Iteration 0:	0.0004649162 seconds	0.0000000000 seconds
Iteration 1:	0.0004138947 seconds	0.0000000000 seconds
Iteration 1:	0.0004179478 seconds	0.0000000000 seconds
Iteration 1:	0.0004148483 seconds	0.0000000000 seconds
Iteration 1:	0.0004119873 seconds	0.0000000000 seconds
Iteration 1:	0.0004129410 seconds	0.0000000000 seconds
Iteration 1:	0.0004169941 seconds	0.0000000000 seconds
Iteration 1:	0.0004179478 seconds	0.0000000000 seconds
Iteration 1:	0.0004148483 seconds	0.0000000000 seconds
Iteration 2:	0.0004401207 seconds	0.0000000000 seconds
Iteration 2:	0.0004398823 seconds	0.0000000000 seconds
Iteration 2:	0.0004429817 seconds	0.0000000000 seconds
Iteration 2:	0.0004420280 seconds	0.0000000000 seconds
Iteration 2:	0.0004439354 seconds	0.0000000000 seconds
Iteration 2:	0.0004417896 seconds	0.0000000000 seconds
Iteration 2:	0.0004408360 seconds	0.0000000000 seconds
Iteration 2:	0.0004408360 seconds	0.0000000000 seconds
Iteration 3:	0.0004119873 seconds	0.0000000000 seconds
Iteration 3:	0.0004179478 seconds	0.0000000000 seconds
Iteration 3:	0.0004169941 seconds	0.0000000000 seconds
Iteration 3:	0.0004169941 seconds	0.0000000000 seconds
Iteration 3:	0.0004189014 seconds	0.0000000000 seconds
Iteration 3:	0.0004179478 seconds	0.0000000000 seconds
Iteration 3:	0.0004179478 seconds	0.0000000000 seconds
Iteration 3:	0.0003991127 seconds	0.0000000000 seconds
Iteration 4:	0.0004200935 seconds	0.0000000000 seconds
Iteration 4:	0.0004220009 seconds	0.0000000000 seconds
Iteration 4:	0.0004179478 seconds	0.0000000000 seconds
Iteration 4:	0.0004239082 seconds	0.0000000000 seconds
Iteration 4:	0.0004220009 seconds	0.0000000000 seconds
Iteration 4:	0.0004231930 seconds	0.0000000000 seconds
Iteration 4:	0.0004220009 seconds	0.0000000000 seconds
Iteration 4:	0.0004239082 seconds	0.0000000000 seconds
Iteration 5:	0.0004098415 seconds	0.0000000000 seconds
Iteration 5:	0.0004129410 seconds	0.0000000000 seconds
Iteration 5:	0.0004150867 seconds	0.0000000000 seconds
Iteration 5:	0.0004179478 seconds	0.0000000000 seconds
Iteration 5:	0.0004191399 seconds	0.0000000000 seconds
Iteration 5:	0.0004169941 seconds	0.0000000000 seconds
Iteration 5:	0.0004150867 seconds	0.0000000000 seconds
Iteration 5:	0.0004141331 seconds	0.0000000000 seconds
Iteration 6:	0.0004239082 seconds	0.0000000000 seconds
Iteration 6:	0.0004189014 seconds	0.0000000000 seconds
Iteration 6:	0.0004258156 seconds	0.0000000000 seconds
Iteration 6:	0.0004229546 seconds	0.0000000000 seconds
Iteration 6:	0.0004248619 seconds	0.0000000000 seconds
Iteration 6:	0.0004251003 seconds	0.0000000000 seconds
Iteration 6:	0.0004281998 seconds	0.0000000000 seconds
Iteration 6:	0.0004270077 seconds	0.0000000000 seconds
Iteration 7:	0.0003840923 seconds	0.0000000000 seconds
Iteration 7:	0.0003890991 seconds	0.0000000000 seconds
Iteration 7:	0.0003890991 seconds	0.0000000000 seconds
Iteration 7:	0.0003900528 seconds	0.0000000000 seconds
Iteration 7:	0.0003869534 seconds	0.0000000000 seconds
Iteration 7:	0.0003879070 seconds	0.0000000000 seconds
Iteration 7:	0.0003869534 seconds	0.0000000000 seconds
Iteration 7:	0.0003759861 seconds	0.0000000000 seconds
Iteration 8:	0.0004289150 seconds	0.0000000000 seconds
Iteration 8:	0.0004320145 seconds	0.0000000000 seconds
Iteration 8:	0.0004348755 seconds	0.0000000000 seconds
Iteration 8:	0.0004320145 seconds	0.0000000000 seconds
Iteration 8:	0.0004339218 seconds	0.0000000000 seconds
Iteration 8:	0.0004360676 seconds	0.0000000000 seconds
Iteration 8:	0.0004410744 seconds	0.0000000000 seconds
Iteration 8:	0.0004370213 seconds	0.0000000000 seconds
Iteration 9:	0.0003659725 seconds	0.0000000000 seconds
Iteration 9:	0.0003829002 seconds	0.0000000000 seconds
Iteration 9:	0.0003829002 seconds	0.0000000000 seconds
Iteration 9:	0.0003859997 seconds	0.0000000000 seconds
Iteration 9:	0.0003850460 seconds	0.0000000000 seconds
Iteration 9:	0.0003881454 seconds	0.0000000000 seconds
Iteration 9:	0.0003700256 seconds	0.0000000000 seconds
Iteration 9:	0.0003709793 seconds	0.0000000000 seconds
Iteration 10:	0.0004210472 seconds	0.0000000000 seconds
Iteration 10:	0.0004231930 seconds	0.0000000000 seconds
Iteration 10:	0.0004251003 seconds	0.0000000000 seconds
Iteration 10:	0.0004220009 seconds	0.0000000000 seconds
Iteration 10:	0.0004241467 seconds	0.0000000000 seconds
Iteration 10:	0.0004220009 seconds	0.0000000000 seconds
Iteration 10:	0.0004270077 seconds	0.0000000000 seconds
Iteration 10:	0.0004260540 seconds	0.0000000000 seconds
Iteration 11:	0.0004019737 seconds	0.0000000000 seconds
Iteration 11:	0.0004029274 seconds	0.0000000000 seconds
Iteration 11:	0.0004048347 seconds	0.0000000000 seconds
Iteration 11:	0.0004069805 seconds	0.0000000000 seconds
Iteration 11:	0.0004100800 seconds	0.0000000000 seconds
Iteration 11:	0.0004081726 seconds	0.0000000000 seconds
Iteration 11:	0.0004069805 seconds	0.0000000000 seconds
Iteration 11:	0.0004081726 seconds	0.0000000000 seconds
Iteration 12:	0.0004150867 seconds	0.0000000000 seconds
Iteration 12:	0.0004141331 seconds	0.0000000000 seconds
Iteration 12:	0.0004131794 seconds	0.0000000000 seconds
Iteration 12:	0.0004119873 seconds	0.0000000000 seconds
Iteration 12:	0.0004150867 seconds	0.0000000000 seconds
Iteration 12:	0.0004169941 seconds	0.0000000000 seconds
Iteration 12:	0.0004119873 seconds	0.0000000000 seconds
Iteration 12:	0.0004129410 seconds	0.0000009537 seconds
Iteration 13:	0.0003941059 seconds	0.0000000000 seconds
Iteration 13:	0.0003950596 seconds	0.0000000000 seconds
Iteration 13:	0.0004000664 seconds	0.0000000000 seconds
Iteration 13:	0.0003991127 seconds	0.0000000000 seconds
Iteration 13:	0.0004000664 seconds	0.0000000000 seconds
Iteration 13:	0.0003998280 seconds	0.0000000000 seconds
Iteration 13:	0.0003991127 seconds	0.0000000000 seconds
Iteration 13:	0.0003979206 seconds	0.0000000000 seconds
Iteration 14:	0.0004019737 seconds	0.0000000000 seconds
Iteration 14:	0.0004048347 seconds	0.0000000000 seconds
Iteration 14:	0.0004060268 seconds	0.0000000000 seconds
Iteration 14:	0.0004048347 seconds	0.0000000000 seconds
Iteration 14:	0.0004029274 seconds	0.0000000000 seconds
Iteration 14:	0.0004048347 seconds	0.0000000000 seconds
Iteration 14:	0.0004069805 seconds	0.0000000000 seconds
Iteration 14:	0.0004041195 seconds	0.0000000000 seconds
Iteration 15:	0.0003838539 seconds	0.0000000000 seconds
Iteration 15:	0.0003888607 seconds	0.0000000000 seconds
Iteration 15:	0.0003879070 seconds	0.0000000000 seconds
Iteration 15:	0.0003881454 seconds	0.0000000000 seconds
Iteration 15:	0.0003881454 seconds	0.0000000000 seconds
Iteration 15:	0.0003900528 seconds	0.0000000000 seconds
Iteration 15:	0.0003869534 seconds	0.0000000000 seconds
Iteration 15:	0.0003888607 seconds	0.0000000000 seconds
Iteration 16:	0.0004258156 seconds	0.0000000000 seconds
Iteration 16:	0.0004279613 seconds	0.0000000000 seconds
Iteration 16:	0.0004270077 seconds	0.0000000000 seconds
Iteration 16:	0.0004258156 seconds	0.0000000000 seconds
Iteration 16:	0.0004198551 seconds	0.0000000000 seconds
Iteration 16:	0.0004270077 seconds	0.0000000000 seconds
Iteration 16:	0.0004279613 seconds	0.0000000000 seconds
Iteration 16:	0.0004310608 seconds	0.0000009537 seconds
Iteration 17:	0.0003881454 seconds	0.0000000000 seconds
Iteration 17:	0.0003850460 seconds	0.0000000000 seconds
Iteration 17:	0.0003900528 seconds	0.0000000000 seconds
Iteration 17:	0.0003879070 seconds	0.0000000000 seconds
Iteration 17:	0.0003890991 seconds	0.0000000000 seconds
Iteration 17:	0.0003879070 seconds	0.0000000000 seconds
Iteration 17:	0.0003869534 seconds	0.0000000000 seconds
Iteration 17:	0.0003879070 seconds	0.0000000000 seconds
Iteration 18:	0.0004160404 seconds	0.0000000000 seconds
Iteration 18:	0.0004148483 seconds	0.0000000000 seconds
Iteration 18:	0.0004148483 seconds	0.0000000000 seconds
Iteration 18:	0.0004138947 seconds	0.0000000000 seconds
Iteration 18:	0.0004169941 seconds	0.0000000000 seconds
Iteration 18:	0.0004150867 seconds	0.0000000000 seconds
Iteration 18:	0.0004160404 seconds	0.0000000000 seconds
Iteration 18:	0.0004179478 seconds	0.0000000000 seconds
Iteration 19:	0.0003798008 seconds	0.0000000000 seconds
Iteration 19:	0.0003829002 seconds	0.0000000000 seconds
Iteration 19:	0.0003790855 seconds	0.0000000000 seconds
Iteration 19:	0.0003840923 seconds	0.0000000000 seconds
Iteration 19:	0.0003809929 seconds	0.0000000000 seconds
Iteration 19:	0.0003831387 seconds	0.0000000000 seconds
Iteration 19:	0.0003800392 seconds	0.0000000000 seconds
Iteration 19:	0.0003809929 seconds	0.0000000000 seconds
Iteration 20:	0.0003969669 seconds	0.0000000000 seconds
Iteration 20:	0.0003991127 seconds	0.0000000000 seconds
Iteration 20:	0.0003969669 seconds	0.0000000000 seconds
Iteration 20:	0.0004000664 seconds	0.0000000000 seconds
Iteration 20:	0.0003969669 seconds	0.0000000000 seconds
Iteration 20:	0.0003969669 seconds	0.0000000000 seconds
Iteration 20:	0.0003979206 seconds	0.0000000000 seconds
Iteration 20:	0.0004010201 seconds	0.0000000000 seconds
Iteration 21:	0.0003931522 seconds	0.0000000000 seconds
Iteration 21:	0.0003960133 seconds	0.0000011921 seconds
Iteration 21:	0.0003969669 seconds	0.0000000000 seconds
Iteration 21:	0.0003950596 seconds	0.0000000000 seconds
Iteration 21:	0.0003969669 seconds	0.0000000000 seconds
Iteration 21:	0.0003950596 seconds	0.0000000000 seconds
Iteration 21:	0.0003960133 seconds	0.0000000000 seconds
Iteration 21:	0.0003960133 seconds	0.0000000000 seconds
Iteration 22:	0.0003910065 seconds	0.0000000000 seconds
Iteration 22:	0.0003898144 seconds	0.0000000000 seconds
Iteration 22:	0.0003890991 seconds	0.0000000000 seconds
Iteration 22:	0.0003890991 seconds	0.0000000000 seconds
Iteration 22:	0.0003910065 seconds	0.0000000000 seconds
Iteration 22:	0.0003931522 seconds	0.0000000000 seconds
Iteration 22:	0.0003900528 seconds	0.0000000000 seconds
Iteration 22:	0.0003910065 seconds	0.0000000000 seconds
Iteration 23:	0.0003709793 seconds	0.0000000000 seconds
Iteration 23:	0.0003690720 seconds	0.0000000000 seconds
Iteration 23:	0.0003700256 seconds	0.0000000000 seconds
Iteration 23:	0.0003678799 seconds	0.0000000000 seconds
Iteration 23:	0.0003728867 seconds	0.0000000000 seconds
Iteration 23:	0.0003700256 seconds	0.0000000000 seconds
Iteration 23:	0.0003738403 seconds	0.0000000000 seconds
Iteration 23:	0.0003690720 seconds	0.0000000000 seconds
Iteration 24:	0.0003840923 seconds	0.0000000000 seconds
Iteration 24:	0.0003881454 seconds	0.0000000000 seconds
Iteration 24:	0.0003881454 seconds	0.0000000000 seconds
Iteration 24:	0.0003869534 seconds	0.0000000000 seconds
Iteration 24:	0.0003879070 seconds	0.0000000000 seconds
Iteration 24:	0.0003890991 seconds	0.0000000000 seconds
Iteration 24:	0.0003879070 seconds	0.0000000000 seconds
Iteration 24:	0.0003879070 seconds	0.0000000000 seconds
Iteration 25:	0.0003440380 seconds	0.0000000000 seconds
Iteration 25:	0.0003480911 seconds	0.0000000000 seconds
Iteration 25:	0.0003478527 seconds	0.0000000000 seconds
Iteration 25:	0.0003478527 seconds	0.0000000000 seconds
Iteration 25:	0.0003490448 seconds	0.0000000000 seconds
Iteration 25:	0.0003478527 seconds	0.0000000000 seconds
Iteration 25:	0.0003459454 seconds	0.0000000000 seconds
Iteration 25:	0.0003468990 seconds	0.0000000000 seconds
Iteration 26:	0.0003781319 seconds	0.0000000000 seconds
Iteration 26:	0.0003809929 seconds	0.0000000000 seconds
Iteration 26:	0.0003800392 seconds	0.0000000000 seconds
Iteration 26:	0.0003819466 seconds	0.0000000000 seconds
Iteration 26:	0.0003819466 seconds	0.0000000000 seconds
Iteration 26:	0.0003788471 seconds	0.0000000000 seconds
Iteration 26:	0.0003798008 seconds	0.0000000000 seconds
Iteration 26:	0.0003829002 seconds	0.0000000000 seconds
Iteration 27:	0.0003499985 seconds	0.0000000000 seconds
Iteration 27:	0.0003459454 seconds	0.0000000000 seconds
Iteration 27:	0.0003480911 seconds	0.0000000000 seconds
Iteration 27:	0.0003468990 seconds	0.0000000000 seconds
Iteration 27:	0.0003490448 seconds	0.0000000000 seconds
Iteration 27:	0.0003480911 seconds	0.0000000000 seconds
Iteration 27:	0.0003490448 seconds	0.0000000000 seconds
Iteration 27:	0.0003499985 seconds	0.0000000000 seconds
Iteration 28:	0.0003628731 seconds	0.0000000000 seconds
Iteration 28:	0.0003628731 seconds	0.0000000000 seconds
Iteration 28:	0.0003609657 seconds	0.0000000000 seconds
Iteration 28:	0.0003631115 seconds	0.0000000000 seconds
Iteration 28:	0.0003638268 seconds	0.0000000000 seconds
Iteration 28:	0.0003628731 seconds	0.0000000000 seconds
Iteration 28:	0.0003681183 seconds	0.0000000000 seconds
Iteration 28:	0.0003690720 seconds	0.0000000000 seconds
Iteration 29:	0.0003440380 seconds	0.0000000000 seconds
Iteration 29:	0.0003421307 seconds	0.0000000000 seconds
Iteration 29:	0.0003440380 seconds	0.0000000000 seconds
Iteration 29:	0.0003440380 seconds	0.0000000000 seconds
Iteration 29:	0.0003399849 seconds	0.0000000000 seconds
Iteration 29:	0.0003440380 seconds	0.0000009537 seconds
Iteration 29:	0.0003409386 seconds	0.0000000000 seconds
Iteration 29:	0.0003449917 seconds	0.0000009537 seconds
Iteration 30:	0.0003519058 seconds	0.0000000000 seconds
Iteration 30:	0.0003538132 seconds	0.0000000000 seconds
Iteration 30:	0.0003521442 seconds	0.0000000000 seconds
Iteration 30:	0.0003550053 seconds	0.0000000000 seconds
Iteration 30:	0.0003530979 seconds	0.0000000000 seconds
Iteration 30:	0.0003540516 seconds	0.0000000000 seconds
Iteration 30:	0.0003530979 seconds	0.0000000000 seconds
Iteration 30:	0.0003540516 seconds	0.0000000000 seconds
Iteration 31:	0.0003330708 seconds	0.0000000000 seconds
Iteration 31:	0.0003318787 seconds	0.0000000000 seconds
Iteration 31:	0.0003299713 seconds	0.0000009537 seconds
Iteration 31:	0.0003318787 seconds	0.0000000000 seconds
Iteration 31:	0.0003318787 seconds	0.0000000000 seconds
Iteration 31:	0.0003309250 seconds	0.0000000000 seconds
Iteration 31:	0.0003330708 seconds	0.0000000000 seconds
Iteration 31:	0.0003340244 seconds	0.0000000000 seconds
Iteration 32:	0.0003430843 seconds	0.0000000000 seconds
Iteration 32:	0.0003449917 seconds	0.0000000000 seconds
Iteration 32:	0.0003449917 seconds	0.0000000000 seconds
Iteration 32:	0.0003449917 seconds	0.0000000000 seconds
Iteration 32:	0.0003468990 seconds	0.0000000000 seconds
Iteration 32:	0.0003437996 seconds	0.0000000000 seconds
Iteration 32:	0.0003440380 seconds	0.0000000000 seconds
Iteration 32:	0.0003459454 seconds	0.0000000000 seconds
Iteration 33:	0.0003168583 seconds	0.0000000000 seconds
Iteration 33:	0.0003218651 seconds	0.0000000000 seconds
Iteration 33:	0.0003221035 seconds	0.0000000000 seconds
Iteration 33:	0.0003230572 seconds	0.0000000000 seconds
Iteration 33:	0.0003221035 seconds	0.0000000000 seconds
Iteration 33:	0.0003221035 seconds	0.0000000000 seconds
Iteration 33:	0.0003209114 seconds	0.0000000000 seconds
Iteration 33:	0.0003221035 seconds	0.0000000000 seconds
Iteration 34:	0.0003321171 seconds	0.0000000000 seconds
Iteration 34:	0.0003371239 seconds	0.0000000000 seconds
Iteration 34:	0.0003359318 seconds	0.0000000000 seconds
Iteration 34:	0.0003378391 seconds	0.0000000000 seconds
Iteration 34:	0.0003378391 seconds	0.0000000000 seconds
Iteration 34:	0.0003378391 seconds	0.0000000000 seconds
Iteration 34:	0.0003349781 seconds	0.0000000000 seconds
Iteration 34:	0.0003368855 seconds	0.0000000000 seconds
Iteration 35:	0.0003151894 seconds	0.0000000000 seconds
Iteration 35:	0.0003170967 seconds	0.0000000000 seconds
Iteration 35:	0.0003221035 seconds	0.0000000000 seconds
Iteration 35:	0.0003221035 seconds	0.0000000000 seconds
Iteration 35:	0.0003190041 seconds	0.0000000000 seconds
Iteration 35:	0.0003170967 seconds	0.0000009537 seconds
Iteration 35:	0.0003199577 seconds	0.0000000000 seconds
Iteration 35:	0.0003190041 seconds	0.0000009537 seconds
Iteration 36:	0.0003321171 seconds	0.0000000000 seconds
Iteration 36:	0.0003352165 seconds	0.0000000000 seconds
Iteration 36:	0.0003349781 seconds	0.0000000000 seconds
Iteration 36:	0.0003340244 seconds	0.0000000000 seconds
Iteration 36:	0.0003311634 seconds	0.0000000000 seconds
Iteration 36:	0.0003330708 seconds	0.0000000000 seconds
Iteration 36:	0.0003321171 seconds	0.0000000000 seconds
Iteration 36:	0.0003349781 seconds	0.0000000000 seconds
Iteration 37:	0.0003139973 seconds	0.0000000000 seconds
Iteration 37:	0.0003170967 seconds	0.0000000000 seconds
Iteration 37:	0.0003170967 seconds	0.0000000000 seconds
Iteration 37:	0.0003159046 seconds	0.0000000000 seconds
Iteration 37:	0.0003159046 seconds	0.0000000000 seconds
Iteration 37:	0.0003168583 seconds	0.0000000000 seconds
Iteration 37:	0.0003149509 seconds	0.0000000000 seconds
Iteration 37:	0.0003139973 seconds	0.0000000000 seconds
Iteration 38:	0.0003330708 seconds	0.0000000000 seconds
Iteration 38:	0.0003321171 seconds	0.0000000000 seconds
Iteration 38:	0.0003311634 seconds	0.0000000000 seconds
Iteration 38:	0.0003330708 seconds	0.0000000000 seconds
Iteration 38:	0.0003299713 seconds	0.0000000000 seconds
Iteration 38:	0.0003311634 seconds	0.0000000000 seconds
Iteration 38:	0.0003349781 seconds	0.0000000000 seconds
Iteration 38:	0.0003321171 seconds	0.0000000000 seconds
Iteration 39:	0.0003118515 seconds	0.0000000000 seconds
Iteration 39:	0.0003101826 seconds	0.0000000000 seconds
Iteration 39:	0.0003139973 seconds	0.0000000000 seconds
Iteration 39:	0.0003099442 seconds	0.0000000000 seconds
Iteration 39:	0.0003151894 seconds	0.0000000000 seconds
Iteration 39:	0.0003120899 seconds	0.0000000000 seconds
Iteration 39:	0.0003130436 seconds	0.0000000000 seconds
Iteration 39:	0.0003111362 seconds	0.0000000000 seconds
Iteration 40:	0.0003080368 seconds	0.0000000000 seconds
Iteration 40:	0.0003068447 seconds	0.0000000000 seconds
Iteration 40:	0.0003080368 seconds	0.0000000000 seconds
Iteration 40:	0.0003058910 seconds	0.0000000000 seconds
Iteration 40:	0.0003111362 seconds	0.0000000000 seconds
Iteration 40:	0.0003089905 seconds	0.0000000000 seconds
Iteration 40:	0.0003089905 seconds	0.0000000000 seconds
Iteration 40:	0.0003080368 seconds	0.0000000000 seconds
Iteration 41:	0.0002908707 seconds	0.0000000000 seconds
Iteration 41:	0.0002927780 seconds	0.0000000000 seconds
Iteration 41:	0.0002989769 seconds	0.0000000000 seconds
Iteration 41:	0.0002980232 seconds	0.0000000000 seconds
Iteration 41:	0.0002989769 seconds	0.0000000000 seconds
Iteration 41:	0.0002949238 seconds	0.0000000000 seconds
Iteration 41:	0.0002961159 seconds	0.0000000000 seconds
Iteration 41:	0.0002961159 seconds	0.0000000000 seconds
Iteration 42:	0.0002999306 seconds	0.0000000000 seconds
Iteration 42:	0.0003139973 seconds	0.0000000000 seconds
Iteration 42:	0.0003149509 seconds	0.0000000000 seconds
Iteration 42:	0.0003120899 seconds	0.0000000000 seconds
Iteration 42:	0.0003151894 seconds	0.0000000000 seconds
Iteration 42:	0.0002989769 seconds	0.0000000000 seconds
Iteration 42:	0.0003139973 seconds	0.0000000000 seconds
Iteration 42:	0.0003128052 seconds	0.0000000000 seconds
Iteration 43:	0.0003080368 seconds	0.0000000000 seconds
Iteration 43:	0.0002939701 seconds	0.0000000000 seconds
Iteration 43:	0.0003068447 seconds	0.0000009537 seconds
Iteration 43:	0.0003058910 seconds	0.0000000000 seconds
Iteration 43:	0.0003130436 seconds	0.0000000000 seconds
Iteration 43:	0.0003120899 seconds	0.0000000000 seconds
Iteration 43:	0.0003101826 seconds	0.0000000000 seconds
Iteration 43:	0.0003120899 seconds	0.0000000000 seconds
Iteration 44:	0.0003030300 seconds	0.0000000000 seconds
Iteration 44:	0.0003030300 seconds	0.0000000000 seconds
Iteration 44:	0.0003018379 seconds	0.0000000000 seconds
Iteration 44:	0.0003058910 seconds	0.0000000000 seconds
Iteration 44:	0.0003030300 seconds	0.0000000000 seconds
Iteration 44:	0.0003018379 seconds	0.0000000000 seconds
Iteration 44:	0.0003049374 seconds	0.0000009537 seconds
Iteration 44:	0.0003030300 seconds	0.0000000000 seconds
Iteration 45:	0.0002939701 seconds	0.0000000000 seconds
Iteration 45:	0.0002949238 seconds	0.0000000000 seconds
Iteration 45:	0.0002958775 seconds	0.0000000000 seconds
Iteration 45:	0.0002970695 seconds	0.0000000000 seconds
Iteration 45:	0.0002930164 seconds	0.0000000000 seconds
Iteration 45:	0.0002961159 seconds	0.0000000000 seconds
Iteration 45:	0.0002961159 seconds	0.0000000000 seconds
Iteration 45:	0.0002949238 seconds	0.0000000000 seconds
Iteration 46:	0.0003039837 seconds	0.0000000000 seconds
Iteration 46:	0.0003080368 seconds	0.0000000000 seconds
Iteration 46:	0.0003080368 seconds	0.0000000000 seconds
Iteration 46:	0.0003049374 seconds	0.0000000000 seconds
Iteration 46:	0.0003068447 seconds	0.0000000000 seconds
Iteration 46:	0.0003068447 seconds	0.0000000000 seconds
Iteration 46:	0.0003077984 seconds	0.0000000000 seconds
Iteration 46:	0.0003058910 seconds	0.0000000000 seconds
Iteration 47:	0.0002748966 seconds	0.0000000000 seconds
Iteration 47:	0.0002799034 seconds	0.0000000000 seconds
Iteration 47:	0.0002770424 seconds	0.0000000000 seconds
Iteration 47:	0.0002729893 seconds	0.0000000000 seconds
Iteration 47:	0.0002779961 seconds	0.0000000000 seconds
Iteration 47:	0.0002758503 seconds	0.0000000000 seconds
Iteration 47:	0.0002770424 seconds	0.0000000000 seconds
Iteration 47:	0.0002789497 seconds	0.0000000000 seconds
Iteration 48:	0.0002920628 seconds	0.0000000000 seconds
Iteration 48:	0.0002961159 seconds	0.0000000000 seconds
Iteration 48:	0.0002958775 seconds	0.0000000000 seconds
Iteration 48:	0.0002961159 seconds	0.0000000000 seconds
Iteration 48:	0.0002980232 seconds	0.0000000000 seconds
Iteration 48:	0.0002949238 seconds	0.0000000000 seconds
Iteration 48:	0.0002949238 seconds	0.0000000000 seconds
Iteration 48:	0.0002930164 seconds	0.0000000000 seconds
Iteration 49:	0.0002911091 seconds	0.0000000000 seconds
Iteration 49:	0.0002901554 seconds	0.0000000000 seconds
Iteration 49:	0.0002939701 seconds	0.0000000000 seconds
Iteration 49:	0.0002939701 seconds	0.0000000000 seconds
Iteration 49:	0.0002939701 seconds	0.0000000000 seconds
Iteration 49:	0.0002980232 seconds	0.0000000000 seconds
Iteration 49:	0.0002970695 seconds	0.0000000000 seconds
Iteration 49:	0.0002951622 seconds	0.0000009537 seconds
Iteration 50:	0.0003108978 seconds	0.0000000000 seconds
Iteration 50:	0.0003118515 seconds	0.0000000000 seconds
Iteration 50:	0.0003149509 seconds	0.0000000000 seconds
Iteration 50:	0.0003128052 seconds	0.0000000000 seconds
Iteration 50:	0.0003118515 seconds	0.0000000000 seconds
Iteration 50:	0.0003161430 seconds	0.0000000000 seconds
Iteration 50:	0.0003170967 seconds	0.0000000000 seconds
Iteration 50:	0.0003170967 seconds	0.0000000000 seconds
Iteration 51:	0.0002660751 seconds	0.0000000000 seconds
Iteration 51:	0.0002670288 seconds	0.0000000000 seconds
Iteration 51:	0.0002698898 seconds	0.0000000000 seconds
Iteration 51:	0.0002648830 seconds	0.0000000000 seconds
Iteration 51:	0.0002648830 seconds	0.0000000000 seconds
Iteration 51:	0.0002679825 seconds	0.0000000000 seconds
Iteration 51:	0.0002658367 seconds	0.0000000000 seconds
Iteration 51:	0.0002679825 seconds	0.0000000000 seconds
Iteration 52:	0.0002930164 seconds	0.0000000000 seconds
Iteration 52:	0.0002930164 seconds	0.0000000000 seconds
Iteration 52:	0.0002930164 seconds	0.0000000000 seconds
Iteration 52:	0.0002899170 seconds	0.0000000000 seconds
Iteration 52:	0.0002908707 seconds	0.0000000000 seconds
Iteration 52:	0.0002968311 seconds	0.0000000000 seconds
Iteration 52:	0.0002942085 seconds	0.0000000000 seconds
Iteration 52:	0.0002970695 seconds	0.0000000000 seconds
Iteration 53:	0.0002820492 seconds	0.0000000000 seconds
Iteration 53:	0.0002808571 seconds	0.0000000000 seconds
Iteration 53:	0.0002851486 seconds	0.0000000000 seconds
Iteration 53:	0.0002880096 seconds	0.0000000000 seconds
Iteration 53:	0.0002870560 seconds	0.0000000000 seconds
Iteration 53:	0.0002870560 seconds	0.0000000000 seconds
Iteration 53:	0.0002880096 seconds	0.0000000000 seconds
Iteration 53:	0.0002880096 seconds	0.0000000000 seconds
Iteration 54:	0.0002889633 seconds	0.0000000000 seconds
Iteration 54:	0.0002949238 seconds	0.0000000000 seconds
Iteration 54:	0.0002930164 seconds	0.0000000000 seconds
Iteration 54:	0.0002930164 seconds	0.0000000000 seconds
Iteration 54:	0.0002949238 seconds	0.0000000000 seconds
Iteration 54:	0.0002942085 seconds	0.0000000000 seconds
Iteration 54:	0.0002911091 seconds	0.0000000000 seconds
Iteration 54:	0.0002920628 seconds	0.0000000000 seconds
Iteration 55:	0.0002851486 seconds	0.0000000000 seconds
Iteration 55:	0.0002839565 seconds	0.0000000000 seconds
Iteration 55:	0.0002870560 seconds	0.0000000000 seconds
Iteration 55:	0.0002839565 seconds	0.0000000000 seconds
Iteration 55:	0.0002880096 seconds	0.0000000000 seconds
Iteration 55:	0.0002830029 seconds	0.0000009537 seconds
Iteration 55:	0.0002889633 seconds	0.0000000000 seconds
Iteration 55:	0.0002858639 seconds	0.0000000000 seconds
Iteration 56:	0.0002830029 seconds	0.0000000000 seconds
Iteration 56:	0.0002830029 seconds	0.0000009537 seconds
Iteration 56:	0.0002830029 seconds	0.0000000000 seconds
Iteration 56:	0.0002880096 seconds	0.0000000000 seconds
Iteration 56:	0.0002880096 seconds	0.0000000000 seconds
Iteration 56:	0.0002868176 seconds	0.0000000000 seconds
Iteration 56:	0.0002880096 seconds	0.0000000000 seconds
Iteration 56:	0.0002870560 seconds	0.0000000000 seconds
Iteration 57:	0.0002610683 seconds	0.0000000000 seconds
Iteration 57:	0.0002620220 seconds	0.0000000000 seconds
Iteration 57:	0.0002639294 seconds	0.0000000000 seconds
Iteration 57:	0.0002620220 seconds	0.0000009537 seconds
Iteration 57:	0.0002648830 seconds	0.0000000000 seconds
Iteration 57:	0.0002598763 seconds	0.0000000000 seconds
Iteration 57:	0.0002620220 seconds	0.0000000000 seconds
Iteration 57:	0.0002608299 seconds	0.0000000000 seconds
Iteration 58:	0.0005130768 seconds	0.0000000000 seconds
Iteration 58:	0.0005168915 seconds	0.0000000000 seconds
Iteration 58:	0.0005130768 seconds	0.0000000000 seconds
Iteration 58:	0.0005168915 seconds	0.0000000000 seconds
Iteration 58:	0.0005128384 seconds	0.0000000000 seconds
Iteration 58:	0.0005128384 seconds	0.0000000000 seconds
Iteration 58:	0.0005128384 seconds	0.0000000000 seconds
Iteration 58:	0.0005159378 seconds	0.0000000000 seconds
Iteration 59:	0.0002648830 seconds	0.0000000000 seconds
Iteration 59:	0.0002670288 seconds	0.0000000000 seconds
Iteration 59:	0.0002658367 seconds	0.0000000000 seconds
Iteration 59:	0.0002698898 seconds	0.0000000000 seconds
Iteration 59:	0.0002689362 seconds	0.0000000000 seconds
Iteration 59:	0.0002708435 seconds	0.0000000000 seconds
Iteration 59:	0.0002689362 seconds	0.0000000000 seconds
Iteration 59:	0.0002710819 seconds	0.0000000000 seconds
Iteration 60:	0.0002801418 seconds	0.0000000000 seconds
Iteration 60:	0.0002789497 seconds	0.0000000000 seconds
Iteration 60:	0.0002799034 seconds	0.0000000000 seconds
Iteration 60:	0.0002839565 seconds	0.0000000000 seconds
Iteration 60:	0.0002830029 seconds	0.0000009537 seconds
Iteration 60:	0.0002820492 seconds	0.0000000000 seconds
Iteration 60:	0.0002839565 seconds	0.0000000000 seconds
Iteration 60:	0.0002830029 seconds	0.0000000000 seconds
Iteration 61:	0.0002729893 seconds	0.0000000000 seconds
Iteration 61:	0.0002748966 seconds	0.0000000000 seconds
Iteration 61:	0.0002729893 seconds	0.0000000000 seconds
Iteration 61:	0.0002739429 seconds	0.0000000000 seconds
Iteration 61:	0.0002789497 seconds	0.0000000000 seconds
Iteration 61:	0.0002770424 seconds	0.0000000000 seconds
Iteration 61:	0.0002779961 seconds	0.0000000000 seconds
Iteration 61:	0.0002760887 seconds	0.0000000000 seconds
Iteration 62:	0.0002770424 seconds	0.0000000000 seconds
Iteration 62:	0.0002758503 seconds	0.0000000000 seconds
Iteration 62:	0.0002751350 seconds	0.0000000000 seconds
Iteration 62:	0.0002708435 seconds	0.0000000000 seconds
Iteration 62:	0.0002739429 seconds	0.0000009537 seconds
Iteration 62:	0.0002810955 seconds	0.0000000000 seconds
Iteration 62:	0.0002810955 seconds	0.0000000000 seconds
Iteration 62:	0.0002820492 seconds	0.0000000000 seconds
Iteration 63:	0.0002698898 seconds	0.0000000000 seconds
Iteration 63:	0.0002720356 seconds	0.0000000000 seconds
Iteration 63:	0.0002739429 seconds	0.0000000000 seconds
Iteration 63:	0.0002701283 seconds	0.0000000000 seconds
Iteration 63:	0.0002739429 seconds	0.0000009537 seconds
Iteration 63:	0.0002751350 seconds	0.0000000000 seconds
Iteration 63:	0.0002760887 seconds	0.0000000000 seconds
Iteration 63:	0.0002710819 seconds	0.0000000000 seconds
Iteration 64:	0.0002760887 seconds	0.0000000000 seconds
Iteration 64:	0.0002729893 seconds	0.0000000000 seconds
Iteration 64:	0.0002748966 seconds	0.0000000000 seconds
Iteration 64:	0.0002748966 seconds	0.0000000000 seconds
Iteration 64:	0.0002789497 seconds	0.0000000000 seconds
Iteration 64:	0.0002768040 seconds	0.0000011921 seconds
Iteration 64:	0.0002751350 seconds	0.0000000000 seconds
Iteration 64:	0.0002729893 seconds	0.0000000000 seconds
Iteration 65:	0.0002701283 seconds	0.0000000000 seconds
Iteration 65:	0.0002689362 seconds	0.0000000000 seconds
Iteration 65:	0.0002698898 seconds	0.0000000000 seconds
Iteration 65:	0.0002729893 seconds	0.0000009537 seconds
Iteration 65:	0.0002758503 seconds	0.0000000000 seconds
Iteration 65:	0.0002758503 seconds	0.0000009537 seconds
Iteration 65:	0.0002729893 seconds	0.0000000000 seconds
Iteration 65:	0.0002717972 seconds	0.0000000000 seconds
Iteration 66:	0.0002689362 seconds	0.0000000000 seconds
Iteration 66:	0.0002691746 seconds	0.0000000000 seconds
Iteration 66:	0.0002689362 seconds	0.0000000000 seconds
Iteration 66:	0.0002748966 seconds	0.0000000000 seconds
Iteration 66:	0.0002748966 seconds	0.0000000000 seconds
Iteration 66:	0.0002748966 seconds	0.0000000000 seconds
Iteration 66:	0.0002748966 seconds	0.0000000000 seconds
Iteration 66:	0.0002748966 seconds	0.0000000000 seconds
Iteration 67:	0.0002701283 seconds	0.0000000000 seconds
Iteration 67:	0.0002710819 seconds	0.0000000000 seconds
Iteration 67:	0.0002751350 seconds	0.0000000000 seconds
Iteration 67:	0.0002701283 seconds	0.0000000000 seconds
Iteration 67:	0.0002739429 seconds	0.0000000000 seconds
Iteration 67:	0.0002748966 seconds	0.0000000000 seconds
Iteration 67:	0.0002739429 seconds	0.0000000000 seconds
Iteration 67:	0.0002748966 seconds	0.0000000000 seconds
Iteration 68:	0.0002520084 seconds	0.0000000000 seconds
Iteration 68:	0.0002520084 seconds	0.0000000000 seconds
Iteration 68:	0.0002510548 seconds	0.0000000000 seconds
Iteration 68:	0.0002510548 seconds	0.0000000000 seconds
Iteration 68:	0.0002510548 seconds	0.0000000000 seconds
Iteration 68:	0.0002510548 seconds	0.0000000000 seconds
Iteration 68:	0.0002501011 seconds	0.0000009537 seconds
Iteration 68:	0.0002501011 seconds	0.0000000000 seconds
Iteration 69:	0.0002579689 seconds	0.0000000000 seconds
Iteration 69:	0.0002620220 seconds	0.0000000000 seconds
Iteration 69:	0.0002598763 seconds	0.0000000000 seconds
Iteration 69:	0.0002629757 seconds	0.0000000000 seconds
Iteration 69:	0.0002629757 seconds	0.0000000000 seconds
Iteration 69:	0.0002608299 seconds	0.0000000000 seconds
Iteration 69:	0.0002617836 seconds	0.0000000000 seconds
Iteration 69:	0.0002598763 seconds	0.0000000000 seconds
Iteration 70:	0.0002670288 seconds	0.0000000000 seconds
Iteration 70:	0.0002679825 seconds	0.0000000000 seconds
Iteration 70:	0.0002670288 seconds	0.0000000000 seconds
Iteration 70:	0.0002670288 seconds	0.0000000000 seconds
Iteration 70:	0.0002658367 seconds	0.0000000000 seconds
Iteration 70:	0.0002701283 seconds	0.0000000000 seconds
Iteration 70:	0.0002670288 seconds	0.0000000000 seconds
Iteration 70:	0.0002641678 seconds	0.0000000000 seconds
Iteration 71:	0.0002620220 seconds	0.0000000000 seconds
Iteration 71:	0.0002608299 seconds	0.0000000000 seconds
Iteration 71:	0.0002632141 seconds	0.0000000000 seconds
Iteration 71:	0.0002679825 seconds	0.0000000000 seconds
Iteration 71:	0.0002670288 seconds	0.0000000000 seconds
Iteration 71:	0.0002679825 seconds	0.0000000000 seconds
Iteration 71:	0.0002660751 seconds	0.0000000000 seconds
Iteration 71:	0.0002679825 seconds	0.0000000000 seconds
Iteration 72:	0.0002598763 seconds	0.0000000000 seconds
Iteration 72:	0.0002589226 seconds	0.0000000000 seconds
Iteration 72:	0.0002591610 seconds	0.0000000000 seconds
Iteration 72:	0.0002651215 seconds	0.0000000000 seconds
Iteration 72:	0.0002660751 seconds	0.0000000000 seconds
Iteration 72:	0.0002639294 seconds	0.0000000000 seconds
Iteration 72:	0.0002648830 seconds	0.0000000000 seconds
Iteration 72:	0.0002648830 seconds	0.0000000000 seconds
Iteration 73:	0.0002570152 seconds	0.0000000000 seconds
Iteration 73:	0.0002589226 seconds	0.0000000000 seconds
Iteration 73:	0.0002610683 seconds	0.0000000000 seconds
Iteration 73:	0.0002620220 seconds	0.0000000000 seconds
Iteration 73:	0.0002632141 seconds	0.0000000000 seconds
Iteration 73:	0.0002641678 seconds	0.0000000000 seconds
Iteration 73:	0.0002610683 seconds	0.0000000000 seconds
Iteration 73:	0.0002601147 seconds	0.0000000000 seconds
Iteration 74:	0.0002579689 seconds	0.0000000000 seconds
Iteration 74:	0.0002598763 seconds	0.0000000000 seconds
Iteration 74:	0.0002610683 seconds	0.0000000000 seconds
Iteration 74:	0.0002629757 seconds	0.0000000000 seconds
Iteration 74:	0.0002570152 seconds	0.0000009537 seconds
Iteration 74:	0.0002589226 seconds	0.0000000000 seconds
Iteration 74:	0.0002589226 seconds	0.0000009537 seconds
Iteration 74:	0.0002598763 seconds	0.0000000000 seconds
Iteration 75:	0.0002548695 seconds	0.0000000000 seconds
Iteration 75:	0.0002541542 seconds	0.0000000000 seconds
Iteration 75:	0.0002560616 seconds	0.0000000000 seconds
Iteration 75:	0.0002560616 seconds	0.0000000000 seconds
Iteration 75:	0.0002601147 seconds	0.0000000000 seconds
Iteration 75:	0.0002560616 seconds	0.0000000000 seconds
Iteration 75:	0.0002520084 seconds	0.0000000000 seconds
Iteration 75:	0.0002560616 seconds	0.0000000000 seconds
Iteration 76:	0.0002429485 seconds	0.0000000000 seconds
Iteration 76:	0.0002419949 seconds	0.0000000000 seconds
Iteration 76:	0.0002479553 seconds	0.0000000000 seconds
Iteration 76:	0.0002419949 seconds	0.0000000000 seconds
Iteration 76:	0.0002470016 seconds	0.0000000000 seconds
Iteration 76:	0.0002448559 seconds	0.0000000000 seconds
Iteration 76:	0.0002439022 seconds	0.0000000000 seconds
Iteration 76:	0.0002458096 seconds	0.0000000000 seconds
Iteration 77:	0.0002508163 seconds	0.0000000000 seconds
Iteration 77:	0.0002491474 seconds	0.0000000000 seconds
Iteration 77:	0.0002481937 seconds	0.0000000000 seconds
Iteration 77:	0.0002501011 seconds	0.0000000000 seconds
Iteration 77:	0.0002510548 seconds	0.0000000000 seconds
Iteration 77:	0.0002520084 seconds	0.0000000000 seconds
Iteration 77:	0.0002510548 seconds	0.0000000000 seconds
Iteration 77:	0.0002539158 seconds	0.0000000000 seconds
Iteration 78:	0.0002501011 seconds	0.0000000000 seconds
Iteration 78:	0.0002510548 seconds	0.0000000000 seconds
Iteration 78:	0.0002529621 seconds	0.0000000000 seconds
Iteration 78:	0.0002548695 seconds	0.0000000000 seconds
Iteration 78:	0.0002520084 seconds	0.0000000000 seconds
Iteration 78:	0.0002570152 seconds	0.0000000000 seconds
Iteration 78:	0.0002601147 seconds	0.0000000000 seconds
Iteration 78:	0.0002601147 seconds	0.0000000000 seconds
Iteration 79:	0.0002329350 seconds	0.0000000000 seconds
Iteration 79:	0.0002338886 seconds	0.0000000000 seconds
Iteration 79:	0.0002319813 seconds	0.0000000000 seconds
Iteration 79:	0.0002319813 seconds	0.0000000000 seconds
Iteration 79:	0.0002329350 seconds	0.0000000000 seconds
Iteration 79:	0.0002298355 seconds	0.0000000000 seconds
Iteration 79:	0.0002298355 seconds	0.0000000000 seconds
Iteration 79:	0.0002310276 seconds	0.0000000000 seconds
Iteration 80:	0.0002520084 seconds	0.0000000000 seconds
Iteration 80:	0.0002501011 seconds	0.0000000000 seconds
Iteration 80:	0.0002510548 seconds	0.0000000000 seconds
Iteration 80:	0.0002520084 seconds	0.0000000000 seconds
Iteration 80:	0.0002510548 seconds	0.0000000000 seconds
Iteration 80:	0.0002520084 seconds	0.0000000000 seconds
Iteration 80:	0.0002491474 seconds	0.0000000000 seconds
Iteration 80:	0.0002501011 seconds	0.0000000000 seconds
Iteration 81:	0.0002450943 seconds	0.0000000000 seconds
Iteration 81:	0.0002450943 seconds	0.0000000000 seconds
Iteration 81:	0.0002441406 seconds	0.0000000000 seconds
Iteration 81:	0.0002460480 seconds	0.0000000000 seconds
Iteration 81:	0.0002441406 seconds	0.0000000000 seconds
Iteration 81:	0.0002441406 seconds	0.0000000000 seconds
Iteration 81:	0.0002470016 seconds	0.0000009537 seconds
Iteration 81:	0.0002470016 seconds	0.0000000000 seconds
Iteration 82:	0.0002360344 seconds	0.0000000000 seconds
Iteration 82:	0.0002369881 seconds	0.0000000000 seconds
Iteration 82:	0.0002379417 seconds	0.0000000000 seconds
Iteration 82:	0.0002388954 seconds	0.0000000000 seconds
Iteration 82:	0.0002398491 seconds	0.0000000000 seconds
Iteration 82:	0.0002419949 seconds	0.0000009537 seconds
Iteration 82:	0.0002439022 seconds	0.0000000000 seconds
Iteration 82:	0.0002450943 seconds	0.0000000000 seconds
Iteration 83:	0.0002429485 seconds	0.0000000000 seconds
Iteration 83:	0.0002450943 seconds	0.0000000000 seconds
Iteration 83:	0.0002450943 seconds	0.0000000000 seconds
Iteration 83:	0.0002470016 seconds	0.0000000000 seconds
Iteration 83:	0.0002489090 seconds	0.0000000000 seconds
Iteration 83:	0.0002479553 seconds	0.0000000000 seconds
Iteration 83:	0.0002448559 seconds	0.0000000000 seconds
Iteration 83:	0.0002489090 seconds	0.0000000000 seconds
Iteration 84:	0.0002348423 seconds	0.0000000000 seconds
Iteration 84:	0.0002360344 seconds	0.0000000000 seconds
Iteration 84:	0.0002410412 seconds	0.0000000000 seconds
Iteration 84:	0.0002369881 seconds	0.0000000000 seconds
Iteration 84:	0.0002372265 seconds	0.0000000000 seconds
Iteration 84:	0.0002419949 seconds	0.0000000000 seconds
Iteration 84:	0.0002391338 seconds	0.0000000000 seconds
Iteration 84:	0.0002379417 seconds	0.0000000000 seconds
Iteration 85:	0.0002238750 seconds	0.0000000000 seconds
Iteration 85:	0.0002281666 seconds	0.0000000000 seconds
Iteration 85:	0.0002231598 seconds	0.0000000000 seconds
Iteration 85:	0.0002250671 seconds	0.0000000000 seconds
Iteration 85:	0.0002279282 seconds	0.0000000000 seconds
Iteration 85:	0.0002250671 seconds	0.0000000000 seconds
Iteration 85:	0.0002260208 seconds	0.0000000000 seconds
Iteration 85:	0.0002260208 seconds	0.0000000000 seconds
Iteration 86:	0.0002489090 seconds	0.0000000000 seconds
Iteration 86:	0.0002489090 seconds	0.0000000000 seconds
Iteration 86:	0.0002470016 seconds	0.0000000000 seconds
Iteration 86:	0.0002501011 seconds	0.0000000000 seconds
Iteration 86:	0.0002479553 seconds	0.0000000000 seconds
Iteration 86:	0.0002470016 seconds	0.0000000000 seconds
Iteration 86:	0.0002510548 seconds	0.0000000000 seconds
Iteration 86:	0.0002510548 seconds	0.0000000000 seconds
Iteration 87:	0.0002329350 seconds	0.0000000000 seconds
Iteration 87:	0.0002338886 seconds	0.0000000000 seconds
Iteration 87:	0.0002329350 seconds	0.0000000000 seconds
Iteration 87:	0.0002348423 seconds	0.0000000000 seconds
Iteration 87:	0.0002348423 seconds	0.0000000000 seconds
Iteration 87:	0.0002329350 seconds	0.0000000000 seconds
Iteration 87:	0.0002348423 seconds	0.0000000000 seconds
Iteration 87:	0.0002338886 seconds	0.0000000000 seconds
Iteration 88:	0.0002310276 seconds	0.0000000000 seconds
Iteration 88:	0.0002319813 seconds	0.0000000000 seconds
Iteration 88:	0.0002369881 seconds	0.0000000000 seconds
Iteration 88:	0.0002360344 seconds	0.0000000000 seconds
Iteration 88:	0.0002329350 seconds	0.0000000000 seconds
Iteration 88:	0.0002338886 seconds	0.0000000000 seconds
Iteration 88:	0.0002350807 seconds	0.0000000000 seconds
Iteration 88:	0.0002338886 seconds	0.0000000000 seconds
Iteration 89:	0.0002160072 seconds	0.0000000000 seconds
Iteration 89:	0.0002200603 seconds	0.0000000000 seconds
Iteration 89:	0.0002222061 seconds	0.0000000000 seconds
Iteration 89:	0.0002171993 seconds	0.0000000000 seconds
Iteration 89:	0.0002191067 seconds	0.0000000000 seconds
Iteration 89:	0.0002191067 seconds	0.0000009537 seconds
Iteration 89:	0.0002210140 seconds	0.0000000000 seconds
Iteration 89:	0.0002191067 seconds	0.0000000000 seconds
Iteration 90:	0.0002260208 seconds	0.0000000000 seconds
Iteration 90:	0.0002260208 seconds	0.0000000000 seconds
Iteration 90:	0.0002279282 seconds	0.0000000000 seconds
Iteration 90:	0.0002300739 seconds	0.0000000000 seconds
Iteration 90:	0.0002300739 seconds	0.0000000000 seconds
Iteration 90:	0.0002300739 seconds	0.0000000000 seconds
Iteration 90:	0.0002288818 seconds	0.0000000000 seconds
Iteration 90:	0.0002300739 seconds	0.0000009537 seconds
Iteration 91:	0.0002269745 seconds	0.0000000000 seconds
Iteration 91:	0.0002288818 seconds	0.0000000000 seconds
Iteration 91:	0.0002298355 seconds	0.0000000000 seconds
Iteration 91:	0.0002307892 seconds	0.0000000000 seconds
Iteration 91:	0.0002298355 seconds	0.0000000000 seconds
Iteration 91:	0.0002288818 seconds	0.0000000000 seconds
Iteration 91:	0.0002291203 seconds	0.0000000000 seconds
Iteration 91:	0.0002331734 seconds	0.0000000000 seconds
Iteration 92:	0.0002279282 seconds	0.0000000000 seconds
Iteration 92:	0.0002260208 seconds	0.0000000000 seconds
Iteration 92:	0.0002288818 seconds	0.0000000000 seconds
Iteration 92:	0.0002279282 seconds	0.0000000000 seconds
Iteration 92:	0.0002310276 seconds	0.0000000000 seconds
Iteration 92:	0.0002300739 seconds	0.0000000000 seconds
Iteration 92:	0.0002288818 seconds	0.0000000000 seconds
Iteration 92:	0.0002310276 seconds	0.0000009537 seconds
Iteration 93:	0.0002160072 seconds	0.0000000000 seconds
Iteration 93:	0.0002169609 seconds	0.0000000000 seconds
Iteration 93:	0.0002160072 seconds	0.0000000000 seconds
Iteration 93:	0.0002169609 seconds	0.0000000000 seconds
Iteration 93:	0.0002169609 seconds	0.0000000000 seconds
Iteration 93:	0.0002140999 seconds	0.0000000000 seconds
Iteration 93:	0.0002160072 seconds	0.0000000000 seconds
Iteration 93:	0.0002150536 seconds	0.0000000000 seconds
Iteration 94:	0.0002260208 seconds	0.0000000000 seconds
Iteration 94:	0.0002288818 seconds	0.0000000000 seconds
Iteration 94:	0.0002298355 seconds	0.0000000000 seconds
Iteration 94:	0.0002260208 seconds	0.0000000000 seconds
Iteration 94:	0.0002260208 seconds	0.0000000000 seconds
Iteration 94:	0.0002279282 seconds	0.0000000000 seconds
Iteration 94:	0.0002269745 seconds	0.0000000000 seconds
Iteration 94:	0.0002260208 seconds	0.0000000000 seconds
Iteration 95:	0.0002260208 seconds	0.0000000000 seconds
Iteration 95:	0.0002300739 seconds	0.0000000000 seconds
Iteration 95:	0.0002281666 seconds	0.0000000000 seconds
Iteration 95:	0.0002279282 seconds	0.0000000000 seconds
Iteration 95:	0.0002279282 seconds	0.0000000000 seconds
Iteration 95:	0.0002291203 seconds	0.0000000000 seconds
Iteration 95:	0.0002310276 seconds	0.0000000000 seconds
Iteration 95:	0.0002269745 seconds	0.0000000000 seconds
Iteration 96:	0.0002250671 seconds	0.0000000000 seconds
Iteration 96:	0.0002291203 seconds	0.0000000000 seconds
Iteration 96:	0.0002241135 seconds	0.0000000000 seconds
Iteration 96:	0.0002279282 seconds	0.0000000000 seconds
Iteration 96:	0.0002250671 seconds	0.0000000000 seconds
Iteration 96:	0.0002260208 seconds	0.0000000000 seconds
Iteration 96:	0.0002269745 seconds	0.0000000000 seconds
Iteration 96:	0.0002279282 seconds	0.0000000000 seconds
Iteration 97:	0.0002169609 seconds	0.0000000000 seconds
Iteration 97:	0.0002140999 seconds	0.0000000000 seconds
Iteration 97:	0.0002140999 seconds	0.0000000000 seconds
Iteration 97:	0.0002150536 seconds	0.0000000000 seconds
Iteration 97:	0.0002160072 seconds	0.0000000000 seconds
Iteration 97:	0.0002129078 seconds	0.0000000000 seconds
Iteration 97:	0.0002160072 seconds	0.0000000000 seconds
Iteration 97:	0.0002140999 seconds	0.0000009537 seconds
Iteration 98:	0.0002119541 seconds	0.0000000000 seconds
Iteration 98:	0.0002129078 seconds	0.0000000000 seconds
Iteration 98:	0.0002150536 seconds	0.0000000000 seconds
Iteration 98:	0.0002110004 seconds	0.0000000000 seconds
Iteration 98:	0.0002119541 seconds	0.0000009537 seconds
Iteration 98:	0.0002119541 seconds	0.0000000000 seconds
Iteration 98:	0.0002119541 seconds	0.0000000000 seconds
Iteration 98:	0.0002110004 seconds	0.0000000000 seconds
Iteration 99:	0.0002069473 seconds	0.0000000000 seconds
Iteration 99:	0.0002079010 seconds	0.0000000000 seconds
Iteration 99:	0.0002129078 seconds	0.0000000000 seconds
Iteration 99:	0.0002088547 seconds	0.0000000000 seconds
Iteration 99:	0.0002100468 seconds	0.0000000000 seconds
Iteration 99:	0.0002119541 seconds	0.0000000000 seconds
Iteration 99:	0.0002119541 seconds	0.0000000000 seconds
Iteration 99:	0.0002119541 seconds	0.0000000000 seconds
Total computation time was: 0.031741		Average frame time was: 0.000312		Average Particle interations per second were: 738305173.504469
