[ -1:000]                : Rank 0 is running on comet-13-12.sdsc.edu
[  0:001] init_pprintf   : My dest: 1	My source: 2	My_num_part: 2720
Initalizing particles linear on 0 to 2720
[ -1:000]                : Rank 2 is running on comet-13-18.sdsc.edu
[  2:001] init_pprintf   : My dest: 0	My source: 1	My_num_part: 2720
Initalizing particles linear on 5440 to 8160
[ -1:000]                : Rank 1 is running on comet-13-16.sdsc.edu
[  1:001] init_pprintf   : My dest: 2	My source: 0	My_num_part: 2720
Initalizing particles linear on 2720 to 5440
Iteration 0:	0.0875802040 seconds	0.0000000000 seconds
Iteration 0:	0.1278851032 seconds	0.0000000000 seconds
Iteration 0:	0.0849249363 seconds	0.0000000000 seconds
Iteration 1:	0.0553181171 seconds	0.0000000000 seconds
Iteration 1:	0.0553200245 seconds	0.0000000000 seconds
Iteration 1:	0.0553178787 seconds	0.0000000000 seconds
Iteration 2:	0.0468220711 seconds	0.0000000000 seconds
Iteration 2:	0.0468239784 seconds	0.0000000000 seconds
Iteration 2:	0.0468239784 seconds	0.0000000000 seconds
Iteration 3:	0.0198371410 seconds	0.0000000000 seconds
Iteration 3:	0.0198378563 seconds	0.0000000000 seconds
Iteration 3:	0.0198230743 seconds	0.0000000000 seconds
Iteration 4:	0.0113949776 seconds	0.0000009537 seconds
Iteration 4:	0.0114159584 seconds	0.0000000000 seconds
Iteration 4:	0.0113952160 seconds	0.0000000000 seconds
Iteration 5:	0.0113990307 seconds	0.0000000000 seconds
Iteration 5:	0.0114221573 seconds	0.0000009537 seconds
Iteration 5:	0.0113990307 seconds	0.0000000000 seconds
Iteration 6:	0.0114259720 seconds	0.0000000000 seconds
Iteration 6:	0.0114450455 seconds	0.0000000000 seconds
Iteration 6:	0.0114250183 seconds	0.0000000000 seconds
Iteration 7:	0.0114231110 seconds	0.0000000000 seconds
Iteration 7:	0.0114579201 seconds	0.0000000000 seconds
Iteration 7:	0.0114331245 seconds	0.0000000000 seconds
Iteration 8:	0.0114271641 seconds	0.0000000000 seconds
Iteration 8:	0.0114541054 seconds	0.0000000000 seconds
Iteration 8:	0.0114309788 seconds	0.0000000000 seconds
Iteration 9:	0.0113840103 seconds	0.0000000000 seconds
Iteration 9:	0.0113999844 seconds	0.0000000000 seconds
Iteration 9:	0.0113749504 seconds	0.0000000000 seconds
Iteration 10:	0.0113830566 seconds	0.0000000000 seconds
Iteration 10:	0.0114090443 seconds	0.0000000000 seconds
Iteration 10:	0.0113780499 seconds	0.0000000000 seconds
Iteration 11:	0.0113890171 seconds	0.0000000000 seconds
Iteration 11:	0.0114150047 seconds	0.0000000000 seconds
Iteration 11:	0.0113828182 seconds	0.0000000000 seconds
Iteration 12:	0.0114009380 seconds	0.0000000000 seconds
Iteration 12:	0.0114309788 seconds	0.0000000000 seconds
Iteration 12:	0.0114109516 seconds	0.0000000000 seconds
Iteration 13:	0.0113928318 seconds	0.0000000000 seconds
Iteration 13:	0.0114150047 seconds	0.0000000000 seconds
Iteration 13:	0.0113849640 seconds	0.0000009537 seconds
Iteration 14:	0.0114099979 seconds	0.0000009537 seconds
Iteration 14:	0.0114381313 seconds	0.0000000000 seconds
Iteration 14:	0.0114090443 seconds	0.0000000000 seconds
Iteration 15:	0.0114159584 seconds	0.0000009537 seconds
Iteration 15:	0.0113918781 seconds	0.0000000000 seconds
Iteration 15:	0.0113880634 seconds	0.0000000000 seconds
Iteration 16:	0.0113410950 seconds	0.0000000000 seconds
Iteration 16:	0.0113489628 seconds	0.0000000000 seconds
Iteration 16:	0.0113639832 seconds	0.0000000000 seconds
Iteration 17:	0.0114259720 seconds	0.0000000000 seconds
Iteration 17:	0.0114448071 seconds	0.0000000000 seconds
Iteration 17:	0.0114200115 seconds	0.0000000000 seconds
Iteration 18:	0.0113859177 seconds	0.0000000000 seconds
Iteration 18:	0.0114140511 seconds	0.0000000000 seconds
Iteration 18:	0.0113909245 seconds	0.0000000000 seconds
Iteration 19:	0.0113711357 seconds	0.0000000000 seconds
Iteration 19:	0.0113670826 seconds	0.0000000000 seconds
Iteration 19:	0.0113980770 seconds	0.0000000000 seconds
Iteration 20:	0.0113949776 seconds	0.0000000000 seconds
Iteration 20:	0.0114009380 seconds	0.0000000000 seconds
Iteration 20:	0.0114238262 seconds	0.0000000000 seconds
Iteration 21:	0.0113301277 seconds	0.0000000000 seconds
Iteration 21:	0.0113239288 seconds	0.0000000000 seconds
Iteration 21:	0.0113520622 seconds	0.0000000000 seconds
Iteration 22:	0.0113599300 seconds	0.0000000000 seconds
Iteration 22:	0.0113530159 seconds	0.0000000000 seconds
Iteration 22:	0.0113739967 seconds	0.0000000000 seconds
Iteration 23:	0.0114300251 seconds	0.0000000000 seconds
Iteration 23:	0.0114448071 seconds	0.0000000000 seconds
Iteration 23:	0.0114598274 seconds	0.0000000000 seconds
Iteration 24:	0.0114238262 seconds	0.0000000000 seconds
Iteration 24:	0.0114400387 seconds	0.0000000000 seconds
Iteration 24:	0.0114150047 seconds	0.0000000000 seconds
Iteration 25:	0.0114059448 seconds	0.0000000000 seconds
Iteration 25:	0.0114419460 seconds	0.0000000000 seconds
Iteration 25:	0.0114300251 seconds	0.0000000000 seconds
Iteration 26:	0.0113599300 seconds	0.0000000000 seconds
Iteration 26:	0.0113821030 seconds	0.0000000000 seconds
Iteration 26:	0.0113701820 seconds	0.0000000000 seconds
Iteration 27:	0.0114378929 seconds	0.0000000000 seconds
Iteration 27:	0.0114731789 seconds	0.0000000000 seconds
Iteration 27:	0.0114421844 seconds	0.0000000000 seconds
Iteration 28:	0.0114159584 seconds	0.0000000000 seconds
Iteration 28:	0.0114419460 seconds	0.0000000000 seconds
Iteration 28:	0.0114219189 seconds	0.0000000000 seconds
Iteration 29:	0.0114390850 seconds	0.0000000000 seconds
Iteration 29:	0.0114088058 seconds	0.0000000000 seconds
Iteration 29:	0.0114009380 seconds	0.0000000000 seconds
Iteration 30:	0.0114359856 seconds	0.0000000000 seconds
Iteration 30:	0.0114510059 seconds	0.0000000000 seconds
Iteration 30:	0.0114688873 seconds	0.0000009537 seconds
Iteration 31:	0.0114200115 seconds	0.0000000000 seconds
Iteration 31:	0.0114381313 seconds	0.0000000000 seconds
Iteration 31:	0.0114591122 seconds	0.0000000000 seconds
Iteration 32:	0.0113949776 seconds	0.0000000000 seconds
Iteration 32:	0.0114119053 seconds	0.0000000000 seconds
Iteration 32:	0.0113840103 seconds	0.0000000000 seconds
Iteration 33:	0.0113859177 seconds	0.0000000000 seconds
Iteration 33:	0.0113830566 seconds	0.0000000000 seconds
Iteration 33:	0.0114150047 seconds	0.0000000000 seconds
Iteration 34:	0.0114398003 seconds	0.0000000000 seconds
Iteration 34:	0.0114660263 seconds	0.0000000000 seconds
Iteration 34:	0.0114340782 seconds	0.0000000000 seconds
Iteration 35:	0.0114281178 seconds	0.0000000000 seconds
Iteration 35:	0.0114209652 seconds	0.0000011921 seconds
Iteration 35:	0.0114459991 seconds	0.0000000000 seconds
Iteration 36:	0.0114109516 seconds	0.0000000000 seconds
Iteration 36:	0.0114378929 seconds	0.0000009537 seconds
Iteration 36:	0.0114119053 seconds	0.0000000000 seconds
Iteration 37:	0.0113391876 seconds	0.0000000000 seconds
Iteration 37:	0.0113480091 seconds	0.0000000000 seconds
Iteration 37:	0.0113790035 seconds	0.0000000000 seconds
Iteration 38:	0.0113451481 seconds	0.0000000000 seconds
Iteration 38:	0.0113639832 seconds	0.0000000000 seconds
Iteration 38:	0.0113389492 seconds	0.0000000000 seconds
Iteration 39:	0.0113658905 seconds	0.0000000000 seconds
Iteration 39:	0.0113759041 seconds	0.0000000000 seconds
Iteration 39:	0.0113899708 seconds	0.0000000000 seconds
Total computation time was: 0.661618		Average frame time was: 0.016526		Average Particle interations per second were: 4029031105.618789
