[ -1:000]                : Rank 3 is running on comet-23-18.sdsc.edu
[ -1:000]                : Rank 1 is running on comet-23-18.sdsc.edu
[ -1:000]                : Rank 2 is running on comet-23-18.sdsc.edu
[ -1:000]                : Rank 0 is running on comet-23-18.sdsc.edu
[  3:001] init_pprintf   : My dest: 0	My source: 2	My_num_part: 2040
[  1:001] init_pprintf   : My dest: 2	My source: 0	My_num_part: 2040
[  2:001] init_pprintf   : My dest: 3	My source: 1	My_num_part: 2040
[  0:001] init_pprintf   : My dest: 1	My source: 3	My_num_part: 2040
Initalizing particles linear on 0 to 2040
Initalizing particles linear on 4080 to 6120
Initalizing particles linear on 6120 to 8160
Initalizing particles linear on 2040 to 4080
Iteration 0:	0.2023990154 seconds	0.0000000000 seconds
Iteration 0:	0.2025849819 seconds	0.0000000000 seconds
Iteration 0:	0.2027430534 seconds	0.0000009537 seconds
Iteration 0:	0.2025480270 seconds	0.0000000000 seconds
Iteration 1:	0.1283628941 seconds	0.0000000000 seconds
Iteration 1:	0.1283249855 seconds	0.0000000000 seconds
Iteration 1:	0.1283249855 seconds	0.0000000000 seconds
Iteration 1:	0.1283271313 seconds	0.0000000000 seconds
Iteration 2:	0.1255738735 seconds	0.0000000000 seconds
Iteration 2:	0.1255450249 seconds	0.0000000000 seconds
Iteration 2:	0.1255578995 seconds	0.0000000000 seconds
Iteration 2:	0.1255578995 seconds	0.0000000000 seconds
Iteration 3:	0.0809910297 seconds	0.0000000000 seconds
Iteration 3:	0.0809469223 seconds	0.0000000000 seconds
Iteration 3:	0.0809428692 seconds	0.0000000000 seconds
Iteration 3:	0.0809428692 seconds	0.0000000000 seconds
Iteration 4:	0.0803689957 seconds	0.0000000000 seconds
Iteration 4:	0.0803408623 seconds	0.0000000000 seconds
Iteration 4:	0.0803520679 seconds	0.0000000000 seconds
Iteration 4:	0.0803530216 seconds	0.0000000000 seconds
Iteration 5:	0.0755050182 seconds	0.0000000000 seconds
Iteration 5:	0.0754971504 seconds	0.0000000000 seconds
Iteration 5:	0.0755050182 seconds	0.0000000000 seconds
Iteration 5:	0.0755059719 seconds	0.0000000000 seconds
Iteration 6:	0.0755770206 seconds	0.0000000000 seconds
Iteration 6:	0.0756812096 seconds	0.0000000000 seconds
Iteration 6:	0.0756890774 seconds	0.0000000000 seconds
Iteration 6:	0.0757060051 seconds	0.0000000000 seconds
Iteration 7:	0.0740609169 seconds	0.0000000000 seconds
Iteration 7:	0.0739967823 seconds	0.0000000000 seconds
Iteration 7:	0.0739970207 seconds	0.0000000000 seconds
Iteration 7:	0.0739979744 seconds	0.0000000000 seconds
Iteration 8:	0.0741479397 seconds	0.0000000000 seconds
Iteration 8:	0.0741629601 seconds	0.0000000000 seconds
Iteration 8:	0.0741620064 seconds	0.0000000000 seconds
Iteration 8:	0.0741629601 seconds	0.0000000000 seconds
Iteration 9:	0.0740609169 seconds	0.0000000000 seconds
Iteration 9:	0.0739967823 seconds	0.0000000000 seconds
Iteration 9:	0.0740160942 seconds	0.0000000000 seconds
Iteration 9:	0.0740189552 seconds	0.0000000000 seconds
Iteration 10:	0.0734679699 seconds	0.0000000000 seconds
Iteration 10:	0.0735051632 seconds	0.0000000000 seconds
Iteration 10:	0.0734839439 seconds	0.0000000000 seconds
Iteration 10:	0.0734839439 seconds	0.0000000000 seconds
Iteration 11:	0.0733280182 seconds	0.0000000000 seconds
Iteration 11:	0.0733480453 seconds	0.0000000000 seconds
Iteration 11:	0.0733470917 seconds	0.0000000000 seconds
Iteration 11:	0.0733470917 seconds	0.0000000000 seconds
Iteration 12:	0.0732789040 seconds	0.0000011921 seconds
Iteration 12:	0.0733020306 seconds	0.0000000000 seconds
Iteration 12:	0.0733008385 seconds	0.0000000000 seconds
Iteration 12:	0.0732998848 seconds	0.0000000000 seconds
Iteration 13:	0.0732798576 seconds	0.0000000000 seconds
Iteration 13:	0.0733051300 seconds	0.0000000000 seconds
Iteration 13:	0.0733041763 seconds	0.0000000000 seconds
Iteration 13:	0.0733029842 seconds	0.0000000000 seconds
Iteration 14:	0.0733060837 seconds	0.0000000000 seconds
Iteration 14:	0.0733289719 seconds	0.0000000000 seconds
Iteration 14:	0.0733301640 seconds	0.0000000000 seconds
Iteration 14:	0.0733289719 seconds	0.0000000000 seconds
Iteration 15:	0.0730378628 seconds	0.0000000000 seconds
Iteration 15:	0.0730531216 seconds	0.0000000000 seconds
Iteration 15:	0.0730509758 seconds	0.0000000000 seconds
Iteration 15:	0.0730531216 seconds	0.0000000000 seconds
Iteration 16:	0.0730519295 seconds	0.0000000000 seconds
Iteration 16:	0.0730710030 seconds	0.0000000000 seconds
Iteration 16:	0.0730700493 seconds	0.0000000000 seconds
Iteration 16:	0.0730700493 seconds	0.0000000000 seconds
Iteration 17:	0.0731470585 seconds	0.0000000000 seconds
Iteration 17:	0.0731770992 seconds	0.0000000000 seconds
Iteration 17:	0.0731780529 seconds	0.0000000000 seconds
Iteration 17:	0.0731759071 seconds	0.0000000000 seconds
Iteration 18:	0.0730378628 seconds	0.0000000000 seconds
Iteration 18:	0.0730559826 seconds	0.0000000000 seconds
Iteration 18:	0.0730569363 seconds	0.0000000000 seconds
Iteration 18:	0.0730559826 seconds	0.0000000000 seconds
Iteration 19:	0.0732140541 seconds	0.0000000000 seconds
Iteration 19:	0.0732488632 seconds	0.0000000000 seconds
Iteration 19:	0.0732498169 seconds	0.0000000000 seconds
Iteration 19:	0.0732488632 seconds	0.0000000000 seconds
Iteration 20:	0.0731918812 seconds	0.0000000000 seconds
Iteration 20:	0.0729680061 seconds	0.0000000000 seconds
Iteration 20:	0.0729670525 seconds	0.0000000000 seconds
Iteration 20:	0.0729680061 seconds	0.0000000000 seconds
Iteration 21:	0.0730490685 seconds	0.0000000000 seconds
Iteration 21:	0.0730559826 seconds	0.0000000000 seconds
Iteration 21:	0.0730578899 seconds	0.0000000000 seconds
Iteration 21:	0.0730569363 seconds	0.0000000000 seconds
Iteration 22:	0.0734019279 seconds	0.0000000000 seconds
Iteration 22:	0.0734109879 seconds	0.0000000000 seconds
Iteration 22:	0.0734109879 seconds	0.0000000000 seconds
Iteration 22:	0.0734109879 seconds	0.0000000000 seconds
Iteration 23:	0.0733070374 seconds	0.0000000000 seconds
Iteration 23:	0.0733311176 seconds	0.0000000000 seconds
Iteration 23:	0.0733311176 seconds	0.0000000000 seconds
Iteration 23:	0.0733330250 seconds	0.0000000000 seconds
Iteration 24:	0.0733659267 seconds	0.0000000000 seconds
Iteration 24:	0.0733721256 seconds	0.0000000000 seconds
Iteration 24:	0.0733728409 seconds	0.0000000000 seconds
Iteration 24:	0.0733728409 seconds	0.0000000000 seconds
Iteration 25:	0.0734558105 seconds	0.0000000000 seconds
Iteration 25:	0.0734689236 seconds	0.0000000000 seconds
Iteration 25:	0.0734670162 seconds	0.0000000000 seconds
Iteration 25:	0.0734670162 seconds	0.0000000000 seconds
Iteration 26:	0.0753860474 seconds	0.0000000000 seconds
Iteration 26:	0.0755660534 seconds	0.0000000000 seconds
Iteration 26:	0.0754740238 seconds	0.0000000000 seconds
Iteration 26:	0.0754740238 seconds	0.0000000000 seconds
Iteration 27:	0.0724990368 seconds	0.0000000000 seconds
Iteration 27:	0.0724420547 seconds	0.0000000000 seconds
Iteration 27:	0.0724449158 seconds	0.0000000000 seconds
Iteration 27:	0.0724439621 seconds	0.0000000000 seconds
Iteration 28:	0.0718460083 seconds	0.0000000000 seconds
Iteration 28:	0.0718481541 seconds	0.0000000000 seconds
Iteration 28:	0.0718491077 seconds	0.0000000000 seconds
Iteration 28:	0.0718479156 seconds	0.0000000000 seconds
Iteration 29:	0.0717980862 seconds	0.0000000000 seconds
Iteration 29:	0.0717961788 seconds	0.0000000000 seconds
Iteration 29:	0.0717961788 seconds	0.0000000000 seconds
Iteration 29:	0.0717949867 seconds	0.0000000000 seconds
Iteration 30:	0.0720319748 seconds	0.0000000000 seconds
Iteration 30:	0.0720729828 seconds	0.0000000000 seconds
Iteration 30:	0.0720551014 seconds	0.0000000000 seconds
Iteration 30:	0.0720539093 seconds	0.0000000000 seconds
Iteration 31:	0.0717489719 seconds	0.0000000000 seconds
Iteration 31:	0.0717678070 seconds	0.0000000000 seconds
Iteration 31:	0.0717899799 seconds	0.0000000000 seconds
Iteration 31:	0.0717678070 seconds	0.0000000000 seconds
Iteration 32:	0.0720009804 seconds	0.0000000000 seconds
Iteration 32:	0.0720031261 seconds	0.0000000000 seconds
Iteration 32:	0.0720021725 seconds	0.0000000000 seconds
Iteration 32:	0.0720021725 seconds	0.0000000000 seconds
Iteration 33:	0.0720150471 seconds	0.0000000000 seconds
Iteration 33:	0.0720000267 seconds	0.0000000000 seconds
Iteration 33:	0.0720019341 seconds	0.0000000000 seconds
Iteration 33:	0.0720009804 seconds	0.0000000000 seconds
Iteration 34:	0.0718050003 seconds	0.0000000000 seconds
Iteration 34:	0.0718698502 seconds	0.0000000000 seconds
Iteration 34:	0.0718669891 seconds	0.0000000000 seconds
Iteration 34:	0.0718669891 seconds	0.0000000000 seconds
Iteration 35:	0.0718340874 seconds	0.0000000000 seconds
Iteration 35:	0.0719299316 seconds	0.0000000000 seconds
Iteration 35:	0.0718569756 seconds	0.0000000000 seconds
Iteration 35:	0.0718560219 seconds	0.0000000000 seconds
Iteration 36:	0.0722799301 seconds	0.0000000000 seconds
Iteration 36:	0.0723090172 seconds	0.0000000000 seconds
Iteration 36:	0.0723090172 seconds	0.0000000000 seconds
Iteration 36:	0.0723330975 seconds	0.0000000000 seconds
Iteration 37:	0.0721089840 seconds	0.0000000000 seconds
Iteration 37:	0.0721499920 seconds	0.0000000000 seconds
Iteration 37:	0.0721509457 seconds	0.0000000000 seconds
Iteration 37:	0.0721499920 seconds	0.0000000000 seconds
Iteration 38:	0.0718250275 seconds	0.0000000000 seconds
Iteration 38:	0.0718197823 seconds	0.0000000000 seconds
Iteration 38:	0.0718197823 seconds	0.0000000000 seconds
Iteration 38:	0.0718188286 seconds	0.0000000000 seconds
Iteration 39:	0.0720498562 seconds	0.0000000000 seconds
Iteration 39:	0.0720720291 seconds	0.0000000000 seconds
Iteration 39:	0.0720729828 seconds	0.0000000000 seconds
Iteration 39:	0.0720720291 seconds	0.0000000000 seconds
Total computation time was: 3.174921		Average frame time was: 0.079368		Average Particle interations per second were: 838951202.052016
