[ -1:000]                : Rank 18 is running on comet-28-11.sdsc.edu
[ -1:000]                : Rank 0 is running on comet-28-11.sdsc.edu
[  0:001] init_pprintf   : My dest: 1	My source: 23	My_num_part: 340
[ -1:000]                : Rank 22 is running on comet-28-11.sdsc.edu
[ 22:001] init_pprintf   : My dest: 23	My source: 21	My_num_part: 340
[ -1:000]                : Rank 16 is running on comet-28-11.sdsc.edu
[ 16:001] init_pprintf   : My dest: 17	My source: 15	My_num_part: 340
[ -1:000]                : Rank 13 is running on comet-28-11.sdsc.edu
[ 13:001] init_pprintf   : My dest: 14	My source: 12	My_num_part: 340
[ -1:000]                : Rank 20 is running on comet-28-11.sdsc.edu
[ 20:001] init_pprintf   : My dest: 21	My source: 19	My_num_part: 340
[ -1:000]                : Rank 19 is running on comet-28-11.sdsc.edu
[ 19:001] init_pprintf   : My dest: 20	My source: 18	My_num_part: 340
[ -1:000]                : Rank 17 is running on comet-28-11.sdsc.edu
[ -1:000]                : Rank 11 is running on comet-28-11.sdsc.edu
[ 17:001] init_pprintf   : My dest: 18	My source: 16	My_num_part: 340
[ 11:001] init_pprintf   : My dest: 12	My source: 10	My_num_part: 340
[ -1:000]                : Rank 12 is running on comet-28-11.sdsc.edu
[ -1:000]                : Rank 5 is running on comet-28-11.sdsc.edu
[ -1:000]                : Rank 23 is running on comet-28-11.sdsc.edu
[ 12:001] init_pprintf   : My dest: 13	My source: 11	My_num_part: 340
[  5:001] init_pprintf   : My dest: 6	My source: 4	My_num_part: 340
[ -1:000]                : Rank 6 is running on comet-28-11.sdsc.edu
[ 23:001] init_pprintf   : My dest: 0	My source: 22	My_num_part: 340
[ -1:000]                : Rank 2 is running on comet-28-11.sdsc.edu
[  6:001] init_pprintf   : My dest: 7	My source: 5	My_num_part: 340
[ -1:000]                : Rank 3 is running on comet-28-11.sdsc.edu
[ -1:000]                : Rank 14 is running on comet-28-11.sdsc.edu
[ -1:000]                : Rank 4 is running on comet-28-11.sdsc.edu
[  2:001] init_pprintf   : My dest: 3	My source: 1	My_num_part: 340
[  3:001] init_pprintf   : My dest: 4	My source: 2	My_num_part: 340
[ 14:001] init_pprintf   : My dest: 15	My source: 13	My_num_part: 340
[  4:001] init_pprintf   : My dest: 5	My source: 3	My_num_part: 340
[ -1:000]                : Rank 10 is running on comet-28-11.sdsc.edu
[ -1:000]                : Rank 15 is running on comet-28-11.sdsc.edu
[ -1:000]                : Rank 21 is running on comet-28-11.sdsc.edu
[ 10:001] init_pprintf   : My dest: 11	My source: 9	My_num_part: 340
[ -1:000]                : Rank 9 is running on comet-28-11.sdsc.edu
[ 15:001] init_pprintf   : My dest: 16	My source: 14	My_num_part: 340
[ 21:001] init_pprintf   : My dest: 22	My source: 20	My_num_part: 340
[ -1:000]                : Rank 1 is running on comet-28-11.sdsc.edu
[  9:001] init_pprintf   : My dest: 10	My source: 8	My_num_part: 340
[ -1:000]                : Rank 8 is running on comet-28-11.sdsc.edu
[  1:001] init_pprintf   : My dest: 2	My source: 0	My_num_part: 340
[  8:001] init_pprintf   : My dest: 9	My source: 7	My_num_part: 340
[ -1:000]                : Rank 7 is running on comet-28-11.sdsc.edu
[  7:001] init_pprintf   : My dest: 8	My source: 6	My_num_part: 340
[ 18:001] init_pprintf   : My dest: 19	My source: 17	My_num_part: 340
Initalizing particles linear on 5440 to 5780
Initalizing particles linear on 7480 to 7820
Initalizing particles linear on 0 to 340
Initalizing particles linear on 6800 to 7140
Initalizing particles linear on 6460 to 6800
Initalizing particles linear on 5780 to 6120
Initalizing particles linear on 4080 to 4420
Initalizing particles linear on 3740 to 4080
Initalizing particles linear on 7820 to 8160
Initalizing particles linear on 1700 to 2040
Initalizing particles linear on 2040 to 2380
Initalizing particles linear on 4760 to 5100
Initalizing particles linear on 1020 to 1360
Initalizing particles linear on 680 to 1020
Initalizing particles linear on 5100 to 5440
Initalizing particles linear on 7140 to 7480
Initalizing particles linear on 3400 to 3740
Initalizing particles linear on 1360 to 1700
Initalizing particles linear on 3060 to 3400
Initalizing particles linear on 2720 to 3060
Initalizing particles linear on 340 to 680
Initalizing particles linear on 2380 to 2720
Initalizing particles linear on 6120 to 6460
Initalizing particles linear on 4420 to 4760
Iteration 0:	0.0379610062 seconds	0.0000000000 seconds
Iteration 0:	0.0379650593 seconds	0.0000000000 seconds
Iteration 0:	0.0379450321 seconds	0.0000000000 seconds
Iteration 0:	0.0377280712 seconds	0.0000000000 seconds
Iteration 0:	0.0379750729 seconds	0.0000000000 seconds
Iteration 0:	0.0379769802 seconds	0.0000009537 seconds
Iteration 0:	0.0379931927 seconds	0.0000000000 seconds
Iteration 0:	0.0380220413 seconds	0.0000000000 seconds
Iteration 0:	0.0380311012 seconds	0.0000000000 seconds
Iteration 0:	0.0380239487 seconds	0.0000000000 seconds
Iteration 0:	0.0380361080 seconds	0.0000000000 seconds
Iteration 0:	0.0380361080 seconds	0.0000000000 seconds
Iteration 0:	0.0380620956 seconds	0.0000000000 seconds
Iteration 0:	0.0380330086 seconds	0.0000000000 seconds
Iteration 0:	0.0381228924 seconds	0.0000000000 seconds
Iteration 0:	0.0380861759 seconds	0.0000000000 seconds
Iteration 0:	0.0381400585 seconds	0.0000000000 seconds
Iteration 0:	0.0380589962 seconds	0.0000000000 seconds
Iteration 0:	0.0381131172 seconds	0.0000000000 seconds
Iteration 0:	0.0380210876 seconds	0.0000000000 seconds
Iteration 0:	0.0381109715 seconds	0.0000000000 seconds
Iteration 0:	0.0380659103 seconds	0.0000000000 seconds
Iteration 0:	0.0379760265 seconds	0.0000000000 seconds
Iteration 0:	0.0380730629 seconds	0.0000000000 seconds
Iteration 1:	0.0348300934 seconds	0.0000000000 seconds
Iteration 1:	0.0347919464 seconds	0.0000011921 seconds
Iteration 1:	0.0347909927 seconds	0.0000000000 seconds
Iteration 1:	0.0347809792 seconds	0.0000000000 seconds
Iteration 1:	0.0346860886 seconds	0.0000000000 seconds
Iteration 1:	0.0347821712 seconds	0.0000000000 seconds
Iteration 1:	0.0347671509 seconds	0.0000000000 seconds
Iteration 1:	0.0347671509 seconds	0.0000000000 seconds
Iteration 1:	0.0347549915 seconds	0.0000000000 seconds
Iteration 1:	0.0347540379 seconds	0.0000000000 seconds
Iteration 1:	0.0347709656 seconds	0.0000000000 seconds
Iteration 1:	0.0347530842 seconds	0.0000000000 seconds
Iteration 1:	0.0347568989 seconds	0.0000000000 seconds
Iteration 1:	0.0347578526 seconds	0.0000000000 seconds
Iteration 1:	0.0347578526 seconds	0.0000000000 seconds
Iteration 1:	0.0347530842 seconds	0.0000000000 seconds
Iteration 1:	0.0348739624 seconds	0.0000000000 seconds
Iteration 1:	0.0347509384 seconds	0.0000000000 seconds
Iteration 1:	0.0347681046 seconds	0.0000000000 seconds
Iteration 1:	0.0347678661 seconds	0.0000000000 seconds
Iteration 1:	0.0347602367 seconds	0.0000000000 seconds
Iteration 1:	0.0348250866 seconds	0.0000000000 seconds
Iteration 1:	0.0348041058 seconds	0.0000000000 seconds
Iteration 1:	0.0349190235 seconds	0.0000000000 seconds
Iteration 2:	0.0371639729 seconds	0.0000000000 seconds
Iteration 2:	0.0372359753 seconds	0.0000000000 seconds
Iteration 2:	0.0372509956 seconds	0.0000011921 seconds
Iteration 2:	0.0372121334 seconds	0.0000000000 seconds
Iteration 2:	0.0372948647 seconds	0.0000000000 seconds
Iteration 2:	0.0372948647 seconds	0.0000000000 seconds
Iteration 2:	0.0372810364 seconds	0.0000000000 seconds
Iteration 2:	0.0372810364 seconds	0.0000000000 seconds
Iteration 2:	0.0372791290 seconds	0.0000000000 seconds
Iteration 2:	0.0372779369 seconds	0.0000000000 seconds
Iteration 2:	0.0372858047 seconds	0.0000000000 seconds
Iteration 2:	0.0372848511 seconds	0.0000009537 seconds
Iteration 2:	0.0372960567 seconds	0.0000000000 seconds
Iteration 2:	0.0372960567 seconds	0.0000000000 seconds
Iteration 2:	0.0373029709 seconds	0.0000000000 seconds
Iteration 2:	0.0372929573 seconds	0.0000009537 seconds
Iteration 2:	0.0372998714 seconds	0.0000000000 seconds
Iteration 2:	0.0373048782 seconds	0.0000000000 seconds
Iteration 2:	0.0373079777 seconds	0.0000000000 seconds
Iteration 2:	0.0373110771 seconds	0.0000009537 seconds
Iteration 2:	0.0373170376 seconds	0.0000000000 seconds
Iteration 2:	0.0373179913 seconds	0.0000000000 seconds
Iteration 2:	0.0373229980 seconds	0.0000000000 seconds
Iteration 2:	0.0372378826 seconds	0.0000000000 seconds
Iteration 3:	0.0344860554 seconds	0.0000009537 seconds
Iteration 3:	0.0344939232 seconds	0.0000000000 seconds
Iteration 3:	0.0345020294 seconds	0.0000000000 seconds
Iteration 3:	0.0345110893 seconds	0.0000000000 seconds
Iteration 3:	0.0345201492 seconds	0.0000000000 seconds
Iteration 3:	0.0345399380 seconds	0.0000000000 seconds
Iteration 3:	0.0345458984 seconds	0.0000000000 seconds
Iteration 3:	0.0345299244 seconds	0.0000000000 seconds
Iteration 3:	0.0345339775 seconds	0.0000000000 seconds
Iteration 3:	0.0345518589 seconds	0.0000000000 seconds
Iteration 3:	0.0345840454 seconds	0.0000000000 seconds
Iteration 3:	0.0345890522 seconds	0.0000000000 seconds
Iteration 3:	0.0345900059 seconds	0.0000009537 seconds
Iteration 3:	0.0345840454 seconds	0.0000000000 seconds
Iteration 3:	0.0345947742 seconds	0.0000000000 seconds
Iteration 3:	0.0345859528 seconds	0.0000000000 seconds
Iteration 3:	0.0345661640 seconds	0.0000000000 seconds
Iteration 3:	0.0345849991 seconds	0.0000000000 seconds
Iteration 3:	0.0345640182 seconds	0.0000000000 seconds
Iteration 3:	0.0345871449 seconds	0.0000000000 seconds
Iteration 3:	0.0345780849 seconds	0.0000000000 seconds
Iteration 3:	0.0345871449 seconds	0.0000000000 seconds
Iteration 3:	0.0345780849 seconds	0.0000000000 seconds
Iteration 3:	0.0344479084 seconds	0.0000000000 seconds
Iteration 4:	0.0366170406 seconds	0.0000009537 seconds
Iteration 4:	0.0366189480 seconds	0.0000000000 seconds
Iteration 4:	0.0366249084 seconds	0.0000000000 seconds
Iteration 4:	0.0366258621 seconds	0.0000000000 seconds
Iteration 4:	0.0366349220 seconds	0.0000000000 seconds
Iteration 4:	0.0366411209 seconds	0.0000000000 seconds
Iteration 4:	0.0366461277 seconds	0.0000000000 seconds
Iteration 4:	0.0366501808 seconds	0.0000000000 seconds
Iteration 4:	0.0366559029 seconds	0.0000000000 seconds
Iteration 4:	0.0366752148 seconds	0.0000000000 seconds
Iteration 4:	0.0366799831 seconds	0.0000000000 seconds
Iteration 4:	0.0368361473 seconds	0.0000000000 seconds
Iteration 4:	0.0368361473 seconds	0.0000000000 seconds
Iteration 4:	0.0368449688 seconds	0.0000009537 seconds
Iteration 4:	0.0368478298 seconds	0.0000000000 seconds
Iteration 4:	0.0368518829 seconds	0.0000000000 seconds
Iteration 4:	0.0368559361 seconds	0.0000000000 seconds
Iteration 4:	0.0368659496 seconds	0.0000000000 seconds
Iteration 4:	0.0368759632 seconds	0.0000000000 seconds
Iteration 4:	0.0370471478 seconds	0.0000009537 seconds
Iteration 4:	0.0370519161 seconds	0.0000000000 seconds
Iteration 4:	0.0370569229 seconds	0.0000000000 seconds
Iteration 4:	0.0370950699 seconds	0.0000000000 seconds
Iteration 4:	0.0370819569 seconds	0.0000000000 seconds
Iteration 5:	0.0351691246 seconds	0.0000000000 seconds
Iteration 5:	0.0351629257 seconds	0.0000000000 seconds
Iteration 5:	0.0351829529 seconds	0.0000000000 seconds
Iteration 5:	0.0351920128 seconds	0.0000000000 seconds
Iteration 5:	0.0351960659 seconds	0.0000000000 seconds
Iteration 5:	0.0352139473 seconds	0.0000000000 seconds
Iteration 5:	0.0350329876 seconds	0.0000000000 seconds
Iteration 5:	0.0349969864 seconds	0.0000009537 seconds
Iteration 5:	0.0350301266 seconds	0.0000000000 seconds
Iteration 5:	0.0354290009 seconds	0.0000000000 seconds
Iteration 5:	0.0354509354 seconds	0.0000000000 seconds
Iteration 5:	0.0354270935 seconds	0.0000000000 seconds
Iteration 5:	0.0354509354 seconds	0.0000000000 seconds
Iteration 5:	0.0354399681 seconds	0.0000000000 seconds
Iteration 5:	0.0352368355 seconds	0.0000000000 seconds
Iteration 5:	0.0354580879 seconds	0.0000000000 seconds
Iteration 5:	0.0354270935 seconds	0.0000000000 seconds
Iteration 5:	0.0353608131 seconds	0.0000000000 seconds
Iteration 5:	0.0351769924 seconds	0.0000000000 seconds
Iteration 5:	0.0354180336 seconds	0.0000000000 seconds
Iteration 5:	0.0353951454 seconds	0.0000000000 seconds
Iteration 5:	0.0353980064 seconds	0.0000011921 seconds
Iteration 5:	0.0349411964 seconds	0.0000000000 seconds
Iteration 5:	0.0349681377 seconds	0.0000000000 seconds
Iteration 6:	0.0365970135 seconds	0.0000000000 seconds
Iteration 6:	0.0366001129 seconds	0.0000000000 seconds
Iteration 6:	0.0365970135 seconds	0.0000000000 seconds
Iteration 6:	0.0366070271 seconds	0.0000000000 seconds
Iteration 6:	0.0365669727 seconds	0.0000000000 seconds
Iteration 6:	0.0366268158 seconds	0.0000000000 seconds
Iteration 6:	0.0366268158 seconds	0.0000000000 seconds
Iteration 6:	0.0366320610 seconds	0.0000000000 seconds
Iteration 6:	0.0366389751 seconds	0.0000000000 seconds
Iteration 6:	0.0366368294 seconds	0.0000000000 seconds
Iteration 6:	0.0366361141 seconds	0.0000000000 seconds
Iteration 6:	0.0366351604 seconds	0.0000000000 seconds
Iteration 6:	0.0366361141 seconds	0.0000000000 seconds
Iteration 6:	0.0366449356 seconds	0.0000000000 seconds
Iteration 6:	0.0366690159 seconds	0.0000000000 seconds
Iteration 6:	0.0366871357 seconds	0.0000000000 seconds
Iteration 6:	0.0366880894 seconds	0.0000009537 seconds
Iteration 6:	0.0366950035 seconds	0.0000000000 seconds
Iteration 6:	0.0366230011 seconds	0.0000009537 seconds
Iteration 6:	0.0367069244 seconds	0.0000000000 seconds
Iteration 6:	0.0366768837 seconds	0.0000000000 seconds
Iteration 6:	0.0366809368 seconds	0.0000000000 seconds
Iteration 6:	0.0366840363 seconds	0.0000000000 seconds
Iteration 6:	0.0366170406 seconds	0.0000000000 seconds
Iteration 7:	0.0379419327 seconds	0.0000000000 seconds
Iteration 7:	0.0379281044 seconds	0.0000000000 seconds
Iteration 7:	0.0379378796 seconds	0.0000000000 seconds
Iteration 7:	0.0379409790 seconds	0.0000000000 seconds
Iteration 7:	0.0379581451 seconds	0.0000000000 seconds
Iteration 7:	0.0379571915 seconds	0.0000000000 seconds
Iteration 7:	0.0379571915 seconds	0.0000000000 seconds
Iteration 7:	0.0379660130 seconds	0.0000000000 seconds
Iteration 7:	0.0379769802 seconds	0.0000000000 seconds
Iteration 7:	0.0379807949 seconds	0.0000011921 seconds
Iteration 7:	0.0379841328 seconds	0.0000000000 seconds
Iteration 7:	0.0379850864 seconds	0.0000000000 seconds
Iteration 7:	0.0379681587 seconds	0.0000000000 seconds
Iteration 7:	0.0380289555 seconds	0.0000000000 seconds
Iteration 7:	0.0381281376 seconds	0.0000000000 seconds
Iteration 7:	0.0381989479 seconds	0.0000000000 seconds
Iteration 7:	0.0382499695 seconds	0.0000000000 seconds
Iteration 7:	0.0382058620 seconds	0.0000000000 seconds
Iteration 7:	0.0383670330 seconds	0.0000009537 seconds
Iteration 7:	0.0384130478 seconds	0.0000000000 seconds
Iteration 7:	0.0384500027 seconds	0.0000000000 seconds
Iteration 7:	0.0385069847 seconds	0.0000000000 seconds
Iteration 7:	0.0385520458 seconds	0.0000000000 seconds
Iteration 7:	0.0385520458 seconds	0.0000000000 seconds
Iteration 8:	0.0397210121 seconds	0.0000000000 seconds
Iteration 8:	0.0397219658 seconds	0.0000000000 seconds
Iteration 8:	0.0397341251 seconds	0.0000000000 seconds
Iteration 8:	0.0398070812 seconds	0.0000000000 seconds
Iteration 8:	0.0398120880 seconds	0.0000000000 seconds
Iteration 8:	0.0399339199 seconds	0.0000000000 seconds
Iteration 8:	0.0399541855 seconds	0.0000000000 seconds
Iteration 8:	0.0400280952 seconds	0.0000000000 seconds
Iteration 8:	0.0400629044 seconds	0.0000000000 seconds
Iteration 8:	0.0401430130 seconds	0.0000000000 seconds
Iteration 8:	0.0402278900 seconds	0.0000000000 seconds
Iteration 8:	0.0402379036 seconds	0.0000000000 seconds
Iteration 8:	0.0402481556 seconds	0.0000000000 seconds
Iteration 8:	0.0402188301 seconds	0.0000000000 seconds
Iteration 8:	0.0402250290 seconds	0.0000000000 seconds
Iteration 8:	0.0402221680 seconds	0.0000000000 seconds
Iteration 8:	0.0403518677 seconds	0.0000000000 seconds
Iteration 8:	0.0403299332 seconds	0.0000000000 seconds
Iteration 8:	0.0402090549 seconds	0.0000000000 seconds
Iteration 8:	0.0402147770 seconds	0.0000011921 seconds
Iteration 8:	0.0402138233 seconds	0.0000000000 seconds
Iteration 8:	0.0402169228 seconds	0.0000000000 seconds
Iteration 8:	0.0402429104 seconds	0.0000000000 seconds
Iteration 8:	0.0402059555 seconds	0.0000000000 seconds
Iteration 9:	0.0384750366 seconds	0.0000000000 seconds
Iteration 9:	0.0385289192 seconds	0.0000009537 seconds
Iteration 9:	0.0384969711 seconds	0.0000000000 seconds
Iteration 9:	0.0384840965 seconds	0.0000000000 seconds
Iteration 9:	0.0385119915 seconds	0.0000000000 seconds
Iteration 9:	0.0383977890 seconds	0.0000000000 seconds
Iteration 9:	0.0384690762 seconds	0.0000000000 seconds
Iteration 9:	0.0384018421 seconds	0.0000000000 seconds
Iteration 9:	0.0383501053 seconds	0.0000000000 seconds
Iteration 9:	0.0383920670 seconds	0.0000000000 seconds
Iteration 9:	0.0383398533 seconds	0.0000000000 seconds
Iteration 9:	0.0383939743 seconds	0.0000000000 seconds
Iteration 9:	0.0383629799 seconds	0.0000000000 seconds
Iteration 9:	0.0383300781 seconds	0.0000000000 seconds
Iteration 9:	0.0383000374 seconds	0.0000000000 seconds
Iteration 9:	0.0382859707 seconds	0.0000009537 seconds
Iteration 9:	0.0382740498 seconds	0.0000000000 seconds
Iteration 9:	0.0382390022 seconds	0.0000000000 seconds
Iteration 9:	0.0383861065 seconds	0.0000000000 seconds
Iteration 9:	0.0383870602 seconds	0.0000000000 seconds
Iteration 9:	0.0382351875 seconds	0.0000000000 seconds
Iteration 9:	0.0382277966 seconds	0.0000000000 seconds
Iteration 9:	0.0382390022 seconds	0.0000000000 seconds
Iteration 9:	0.0382049084 seconds	0.0000000000 seconds
Iteration 10:	0.0382730961 seconds	0.0000000000 seconds
Iteration 10:	0.0382590294 seconds	0.0000000000 seconds
Iteration 10:	0.0383310318 seconds	0.0000000000 seconds
Iteration 10:	0.0383310318 seconds	0.0000000000 seconds
Iteration 10:	0.0383729935 seconds	0.0000000000 seconds
Iteration 10:	0.0383341312 seconds	0.0000000000 seconds
Iteration 10:	0.0383419991 seconds	0.0000000000 seconds
Iteration 10:	0.0383419991 seconds	0.0000000000 seconds
Iteration 10:	0.0383450985 seconds	0.0000000000 seconds
Iteration 10:	0.0384027958 seconds	0.0000000000 seconds
Iteration 10:	0.0383419991 seconds	0.0000000000 seconds
Iteration 10:	0.0383520126 seconds	0.0000000000 seconds
Iteration 10:	0.0383641720 seconds	0.0000000000 seconds
Iteration 10:	0.0383589268 seconds	0.0000000000 seconds
Iteration 10:	0.0383329391 seconds	0.0000000000 seconds
Iteration 10:	0.0383300781 seconds	0.0000009537 seconds
Iteration 10:	0.0383110046 seconds	0.0000000000 seconds
Iteration 10:	0.0383009911 seconds	0.0000000000 seconds
Iteration 10:	0.0382909775 seconds	0.0000000000 seconds
Iteration 10:	0.0382778645 seconds	0.0000000000 seconds
Iteration 10:	0.0382900238 seconds	0.0000000000 seconds
Iteration 10:	0.0382621288 seconds	0.0000000000 seconds
Iteration 10:	0.0384390354 seconds	0.0000000000 seconds
Iteration 10:	0.0384378433 seconds	0.0000000000 seconds
Iteration 11:	0.0327911377 seconds	0.0000000000 seconds
Iteration 11:	0.0328340530 seconds	0.0000000000 seconds
Iteration 11:	0.0328550339 seconds	0.0000000000 seconds
Iteration 11:	0.0328979492 seconds	0.0000000000 seconds
Iteration 11:	0.0330080986 seconds	0.0000000000 seconds
Iteration 11:	0.0329911709 seconds	0.0000000000 seconds
Iteration 11:	0.0331430435 seconds	0.0000000000 seconds
Iteration 11:	0.0330739021 seconds	0.0000000000 seconds
Iteration 11:	0.0329399109 seconds	0.0000000000 seconds
Iteration 11:	0.0328879356 seconds	0.0000000000 seconds
Iteration 11:	0.0329189301 seconds	0.0000000000 seconds
Iteration 11:	0.0328631401 seconds	0.0000000000 seconds
Iteration 11:	0.0328569412 seconds	0.0000000000 seconds
Iteration 11:	0.0328750610 seconds	0.0000000000 seconds
Iteration 11:	0.0328879356 seconds	0.0000000000 seconds
Iteration 11:	0.0328969955 seconds	0.0000000000 seconds
Iteration 11:	0.0327870846 seconds	0.0000000000 seconds
Iteration 11:	0.0327191353 seconds	0.0000000000 seconds
Iteration 11:	0.0329678059 seconds	0.0000000000 seconds
Iteration 11:	0.0329468250 seconds	0.0000000000 seconds
Iteration 11:	0.0329771042 seconds	0.0000000000 seconds
Iteration 11:	0.0329802036 seconds	0.0000000000 seconds
Iteration 11:	0.0330169201 seconds	0.0000000000 seconds
Iteration 11:	0.0329780579 seconds	0.0000000000 seconds
Iteration 12:	0.0323340893 seconds	0.0000000000 seconds
Iteration 12:	0.0322859287 seconds	0.0000000000 seconds
Iteration 12:	0.0324130058 seconds	0.0000000000 seconds
Iteration 12:	0.0324320793 seconds	0.0000000000 seconds
Iteration 12:	0.0324730873 seconds	0.0000000000 seconds
Iteration 12:	0.0327210426 seconds	0.0000000000 seconds
Iteration 12:	0.0325179100 seconds	0.0000000000 seconds
Iteration 12:	0.0329520702 seconds	0.0000009537 seconds
Iteration 12:	0.0329730511 seconds	0.0000000000 seconds
Iteration 12:	0.0328609943 seconds	0.0000000000 seconds
Iteration 12:	0.0325059891 seconds	0.0000000000 seconds
Iteration 12:	0.0325231552 seconds	0.0000000000 seconds
Iteration 12:	0.0324950218 seconds	0.0000000000 seconds
Iteration 12:	0.0324769020 seconds	0.0000000000 seconds
Iteration 12:	0.0324640274 seconds	0.0000000000 seconds
Iteration 12:	0.0324549675 seconds	0.0000000000 seconds
Iteration 12:	0.0324850082 seconds	0.0000000000 seconds
Iteration 12:	0.0324828625 seconds	0.0000000000 seconds
Iteration 12:	0.0324518681 seconds	0.0000000000 seconds
Iteration 12:	0.0324318409 seconds	0.0000000000 seconds
Iteration 12:	0.0324208736 seconds	0.0000000000 seconds
Iteration 12:	0.0324170589 seconds	0.0000000000 seconds
Iteration 12:	0.0324130058 seconds	0.0000000000 seconds
Iteration 12:	0.0324389935 seconds	0.0000000000 seconds
Iteration 13:	0.0276768208 seconds	0.0000000000 seconds
Iteration 13:	0.0276811123 seconds	0.0000000000 seconds
Iteration 13:	0.0276980400 seconds	0.0000000000 seconds
Iteration 13:	0.0277929306 seconds	0.0000000000 seconds
Iteration 13:	0.0278251171 seconds	0.0000000000 seconds
Iteration 13:	0.0280258656 seconds	0.0000000000 seconds
Iteration 13:	0.0280969143 seconds	0.0000000000 seconds
Iteration 13:	0.0280511379 seconds	0.0000000000 seconds
Iteration 13:	0.0280611515 seconds	0.0000000000 seconds
Iteration 13:	0.0280258656 seconds	0.0000000000 seconds
Iteration 13:	0.0280821323 seconds	0.0000009537 seconds
Iteration 13:	0.0280768871 seconds	0.0000000000 seconds
Iteration 13:	0.0280668736 seconds	0.0000000000 seconds
Iteration 13:	0.0280890465 seconds	0.0000000000 seconds
Iteration 13:	0.0281040668 seconds	0.0000000000 seconds
Iteration 13:	0.0280940533 seconds	0.0000000000 seconds
Iteration 13:	0.0280971527 seconds	0.0000009537 seconds
Iteration 13:	0.0281801224 seconds	0.0000000000 seconds
Iteration 13:	0.0281791687 seconds	0.0000009537 seconds
Iteration 13:	0.0281569958 seconds	0.0000000000 seconds
Iteration 13:	0.0281150341 seconds	0.0000000000 seconds
Iteration 13:	0.0281660557 seconds	0.0000000000 seconds
Iteration 13:	0.0281629562 seconds	0.0000000000 seconds
Iteration 13:	0.0281388760 seconds	0.0000000000 seconds
Iteration 14:	0.0276830196 seconds	0.0000000000 seconds
Iteration 14:	0.0277099609 seconds	0.0000000000 seconds
Iteration 14:	0.0277409554 seconds	0.0000000000 seconds
Iteration 14:	0.0277009010 seconds	0.0000009537 seconds
Iteration 14:	0.0276548862 seconds	0.0000009537 seconds
Iteration 14:	0.0276849270 seconds	0.0000000000 seconds
Iteration 14:	0.0276739597 seconds	0.0000000000 seconds
Iteration 14:	0.0276579857 seconds	0.0000000000 seconds
Iteration 14:	0.0276718140 seconds	0.0000000000 seconds
Iteration 14:	0.0276620388 seconds	0.0000000000 seconds
Iteration 14:	0.0276470184 seconds	0.0000000000 seconds
Iteration 14:	0.0276489258 seconds	0.0000000000 seconds
Iteration 14:	0.0276391506 seconds	0.0000000000 seconds
Iteration 14:	0.0276231766 seconds	0.0000009537 seconds
Iteration 14:	0.0276310444 seconds	0.0000000000 seconds
Iteration 14:	0.0276141167 seconds	0.0000000000 seconds
Iteration 14:	0.0275890827 seconds	0.0000000000 seconds
Iteration 14:	0.0276389122 seconds	0.0000000000 seconds
Iteration 14:	0.0276098251 seconds	0.0000000000 seconds
Iteration 14:	0.0276300907 seconds	0.0000000000 seconds
Iteration 14:	0.0276041031 seconds	0.0000000000 seconds
Iteration 14:	0.0276019573 seconds	0.0000000000 seconds
Iteration 14:	0.0276141167 seconds	0.0000000000 seconds
Iteration 14:	0.0275909901 seconds	0.0000000000 seconds
Iteration 15:	0.0250148773 seconds	0.0000000000 seconds
Iteration 15:	0.0251219273 seconds	0.0000000000 seconds
Iteration 15:	0.0251770020 seconds	0.0000000000 seconds
Iteration 15:	0.0251040459 seconds	0.0000000000 seconds
Iteration 15:	0.0250511169 seconds	0.0000000000 seconds
Iteration 15:	0.0249710083 seconds	0.0000000000 seconds
Iteration 15:	0.0249931812 seconds	0.0000000000 seconds
Iteration 15:	0.0249929428 seconds	0.0000000000 seconds
Iteration 15:	0.0249660015 seconds	0.0000000000 seconds
Iteration 15:	0.0249509811 seconds	0.0000000000 seconds
Iteration 15:	0.0249960423 seconds	0.0000000000 seconds
Iteration 15:	0.0249550343 seconds	0.0000000000 seconds
Iteration 15:	0.0249590874 seconds	0.0000000000 seconds
Iteration 15:	0.0249419212 seconds	0.0000000000 seconds
Iteration 15:	0.0249040127 seconds	0.0000000000 seconds
Iteration 15:	0.0249059200 seconds	0.0000000000 seconds
Iteration 15:	0.0248789787 seconds	0.0000000000 seconds
Iteration 15:	0.0249211788 seconds	0.0000000000 seconds
Iteration 15:	0.0249450207 seconds	0.0000000000 seconds
Iteration 15:	0.0249440670 seconds	0.0000000000 seconds
Iteration 15:	0.0248908997 seconds	0.0000000000 seconds
Iteration 15:	0.0248820782 seconds	0.0000000000 seconds
Iteration 15:	0.0249009132 seconds	0.0000000000 seconds
Iteration 15:	0.0248770714 seconds	0.0000000000 seconds
Iteration 16:	0.0244269371 seconds	0.0000000000 seconds
Iteration 16:	0.0244541168 seconds	0.0000000000 seconds
Iteration 16:	0.0244629383 seconds	0.0000000000 seconds
Iteration 16:	0.0244708061 seconds	0.0000000000 seconds
Iteration 16:	0.0245192051 seconds	0.0000000000 seconds
Iteration 16:	0.0245449543 seconds	0.0000000000 seconds
Iteration 16:	0.0244860649 seconds	0.0000000000 seconds
Iteration 16:	0.0244910717 seconds	0.0000009537 seconds
Iteration 16:	0.0244820118 seconds	0.0000000000 seconds
Iteration 16:	0.0244760513 seconds	0.0000000000 seconds
Iteration 16:	0.0244698524 seconds	0.0000000000 seconds
Iteration 16:	0.0244648457 seconds	0.0000000000 seconds
Iteration 16:	0.0244858265 seconds	0.0000000000 seconds
Iteration 16:	0.0244791508 seconds	0.0000000000 seconds
Iteration 16:	0.0244340897 seconds	0.0000000000 seconds
Iteration 16:	0.0244238377 seconds	0.0000000000 seconds
Iteration 16:	0.0244119167 seconds	0.0000000000 seconds
Iteration 16:	0.0243968964 seconds	0.0000000000 seconds
Iteration 16:	0.0244050026 seconds	0.0000000000 seconds
Iteration 16:	0.0244040489 seconds	0.0000000000 seconds
Iteration 16:	0.0244140625 seconds	0.0000009537 seconds
Iteration 16:	0.0243918896 seconds	0.0000000000 seconds
Iteration 16:	0.0245687962 seconds	0.0000000000 seconds
Iteration 16:	0.0245678425 seconds	0.0000000000 seconds
Iteration 17:	0.0225701332 seconds	0.0000000000 seconds
Iteration 17:	0.0225598812 seconds	0.0000009537 seconds
Iteration 17:	0.0225338936 seconds	0.0000000000 seconds
Iteration 17:	0.0224831104 seconds	0.0000000000 seconds
Iteration 17:	0.0225498676 seconds	0.0000000000 seconds
Iteration 17:	0.0224940777 seconds	0.0000000000 seconds
Iteration 17:	0.0225491524 seconds	0.0000000000 seconds
Iteration 17:	0.0225248337 seconds	0.0000000000 seconds
Iteration 17:	0.0225319862 seconds	0.0000009537 seconds
Iteration 17:	0.0225081444 seconds	0.0000000000 seconds
Iteration 17:	0.0225639343 seconds	0.0000000000 seconds
Iteration 17:	0.0225300789 seconds	0.0000000000 seconds
Iteration 17:	0.0225110054 seconds	0.0000000000 seconds
Iteration 17:	0.0225248337 seconds	0.0000000000 seconds
Iteration 17:	0.0225350857 seconds	0.0000000000 seconds
Iteration 17:	0.0225808620 seconds	0.0000000000 seconds
Iteration 17:	0.0225589275 seconds	0.0000000000 seconds
Iteration 17:	0.0225629807 seconds	0.0000000000 seconds
Iteration 17:	0.0225617886 seconds	0.0000000000 seconds
Iteration 17:	0.0225660801 seconds	0.0000000000 seconds
Iteration 17:	0.0225880146 seconds	0.0000000000 seconds
Iteration 17:	0.0225651264 seconds	0.0000000000 seconds
Iteration 17:	0.0225019455 seconds	0.0000000000 seconds
Iteration 17:	0.0225288868 seconds	0.0000000000 seconds
Iteration 18:	0.0222160816 seconds	0.0000000000 seconds
Iteration 18:	0.0222730637 seconds	0.0000009537 seconds
Iteration 18:	0.0223019123 seconds	0.0000000000 seconds
Iteration 18:	0.0223050117 seconds	0.0000000000 seconds
Iteration 18:	0.0222408772 seconds	0.0000000000 seconds
Iteration 18:	0.0222840309 seconds	0.0000000000 seconds
Iteration 18:	0.0222499371 seconds	0.0000000000 seconds
Iteration 18:	0.0222477913 seconds	0.0000000000 seconds
Iteration 18:	0.0222389698 seconds	0.0000000000 seconds
Iteration 18:	0.0222508907 seconds	0.0000000000 seconds
Iteration 18:	0.0222048759 seconds	0.0000000000 seconds
Iteration 18:	0.0222420692 seconds	0.0000000000 seconds
Iteration 18:	0.0222220421 seconds	0.0000000000 seconds
Iteration 18:	0.0222060680 seconds	0.0000000000 seconds
Iteration 18:	0.0221831799 seconds	0.0000009537 seconds
Iteration 18:	0.0221779346 seconds	0.0000000000 seconds
Iteration 18:	0.0221841335 seconds	0.0000009537 seconds
Iteration 18:	0.0221719742 seconds	0.0000000000 seconds
Iteration 18:	0.0221672058 seconds	0.0000000000 seconds
Iteration 18:	0.0221600533 seconds	0.0000000000 seconds
Iteration 18:	0.0221781731 seconds	0.0000000000 seconds
Iteration 18:	0.0221431255 seconds	0.0000000000 seconds
Iteration 18:	0.0222518444 seconds	0.0000000000 seconds
Iteration 18:	0.0222530365 seconds	0.0000000000 seconds
Iteration 19:	0.0208411217 seconds	0.0000000000 seconds
Iteration 19:	0.0208559036 seconds	0.0000000000 seconds
Iteration 19:	0.0208110809 seconds	0.0000000000 seconds
Iteration 19:	0.0207901001 seconds	0.0000000000 seconds
Iteration 19:	0.0207548141 seconds	0.0000000000 seconds
Iteration 19:	0.0208148956 seconds	0.0000000000 seconds
Iteration 19:	0.0208199024 seconds	0.0000000000 seconds
Iteration 19:	0.0207831860 seconds	0.0000009537 seconds
Iteration 19:	0.0208258629 seconds	0.0000000000 seconds
Iteration 19:	0.0207750797 seconds	0.0000000000 seconds
Iteration 19:	0.0208320618 seconds	0.0000000000 seconds
Iteration 19:	0.0208411217 seconds	0.0000000000 seconds
Iteration 19:	0.0208168030 seconds	0.0000000000 seconds
Iteration 19:	0.0208210945 seconds	0.0000000000 seconds
Iteration 19:	0.0208160877 seconds	0.0000000000 seconds
Iteration 19:	0.0208599567 seconds	0.0000000000 seconds
Iteration 19:	0.0208158493 seconds	0.0000000000 seconds
Iteration 19:	0.0208640099 seconds	0.0000000000 seconds
Iteration 19:	0.0208292007 seconds	0.0000000000 seconds
Iteration 19:	0.0208690166 seconds	0.0000000000 seconds
Iteration 19:	0.0208520889 seconds	0.0000000000 seconds
Iteration 19:	0.0208749771 seconds	0.0000000000 seconds
Iteration 19:	0.0207750797 seconds	0.0000000000 seconds
Iteration 19:	0.0207989216 seconds	0.0000000000 seconds
Iteration 20:	0.0205750465 seconds	0.0000000000 seconds
Iteration 20:	0.0206279755 seconds	0.0000000000 seconds
Iteration 20:	0.0206410885 seconds	0.0000000000 seconds
Iteration 20:	0.0206639767 seconds	0.0000000000 seconds
Iteration 20:	0.0206599236 seconds	0.0000000000 seconds
Iteration 20:	0.0206310749 seconds	0.0000000000 seconds
Iteration 20:	0.0206549168 seconds	0.0000000000 seconds
Iteration 20:	0.0206251144 seconds	0.0000000000 seconds
Iteration 20:	0.0206251144 seconds	0.0000000000 seconds
Iteration 20:	0.0205938816 seconds	0.0000000000 seconds
Iteration 20:	0.0206310749 seconds	0.0000000000 seconds
Iteration 20:	0.0206131935 seconds	0.0000000000 seconds
Iteration 20:	0.0206041336 seconds	0.0000000000 seconds
Iteration 20:	0.0205957890 seconds	0.0000000000 seconds
Iteration 20:	0.0205860138 seconds	0.0000000000 seconds
Iteration 20:	0.0205760002 seconds	0.0000000000 seconds
Iteration 20:	0.0205729008 seconds	0.0000000000 seconds
Iteration 20:	0.0205669403 seconds	0.0000000000 seconds
Iteration 20:	0.0205588341 seconds	0.0000000000 seconds
Iteration 20:	0.0205600262 seconds	0.0000000000 seconds
Iteration 20:	0.0205719471 seconds	0.0000000000 seconds
Iteration 20:	0.0205380917 seconds	0.0000000000 seconds
Iteration 20:	0.0206401348 seconds	0.0000000000 seconds
Iteration 20:	0.0206389427 seconds	0.0000000000 seconds
Iteration 21:	0.0196089745 seconds	0.0000000000 seconds
Iteration 21:	0.0195879936 seconds	0.0000000000 seconds
Iteration 21:	0.0196521282 seconds	0.0000000000 seconds
Iteration 21:	0.0196681023 seconds	0.0000000000 seconds
Iteration 21:	0.0196309090 seconds	0.0000000000 seconds
Iteration 21:	0.0195960999 seconds	0.0000000000 seconds
Iteration 21:	0.0195639133 seconds	0.0000000000 seconds
Iteration 21:	0.0195858479 seconds	0.0000000000 seconds
Iteration 21:	0.0195348263 seconds	0.0000000000 seconds
Iteration 21:	0.0195930004 seconds	0.0000000000 seconds
Iteration 21:	0.0195958614 seconds	0.0000000000 seconds
Iteration 21:	0.0195541382 seconds	0.0000000000 seconds
Iteration 21:	0.0195901394 seconds	0.0000000000 seconds
Iteration 21:	0.0195641518 seconds	0.0000000000 seconds
Iteration 21:	0.0195460320 seconds	0.0000000000 seconds
Iteration 21:	0.0195808411 seconds	0.0000009537 seconds
Iteration 21:	0.0195281506 seconds	0.0000000000 seconds
Iteration 21:	0.0195798874 seconds	0.0000000000 seconds
Iteration 21:	0.0195810795 seconds	0.0000000000 seconds
Iteration 21:	0.0195379257 seconds	0.0000000000 seconds
Iteration 21:	0.0195770264 seconds	0.0000000000 seconds
Iteration 21:	0.0195779800 seconds	0.0000000000 seconds
Iteration 21:	0.0195209980 seconds	0.0000000000 seconds
Iteration 21:	0.0195448399 seconds	0.0000000000 seconds
Iteration 22:	0.0191428661 seconds	0.0000000000 seconds
Iteration 22:	0.0193698406 seconds	0.0000000000 seconds
Iteration 22:	0.0194098949 seconds	0.0000000000 seconds
Iteration 22:	0.0193941593 seconds	0.0000000000 seconds
Iteration 22:	0.0194311142 seconds	0.0000000000 seconds
Iteration 22:	0.0194571018 seconds	0.0000000000 seconds
Iteration 22:	0.0194818974 seconds	0.0000000000 seconds
Iteration 22:	0.0191819668 seconds	0.0000000000 seconds
Iteration 22:	0.0195319653 seconds	0.0000000000 seconds
Iteration 22:	0.0195410252 seconds	0.0000000000 seconds
Iteration 22:	0.0195209980 seconds	0.0000011921 seconds
Iteration 22:	0.0195779800 seconds	0.0000000000 seconds
Iteration 22:	0.0195500851 seconds	0.0000000000 seconds
Iteration 22:	0.0195779800 seconds	0.0000000000 seconds
Iteration 22:	0.0193200111 seconds	0.0000000000 seconds
Iteration 22:	0.0195810795 seconds	0.0000000000 seconds
Iteration 22:	0.0195798874 seconds	0.0000000000 seconds
Iteration 22:	0.0193600655 seconds	0.0000000000 seconds
Iteration 22:	0.0192780495 seconds	0.0000000000 seconds
Iteration 22:	0.0193469524 seconds	0.0000000000 seconds
Iteration 22:	0.0193459988 seconds	0.0000000000 seconds
Iteration 22:	0.0193409920 seconds	0.0000009537 seconds
Iteration 22:	0.0193340778 seconds	0.0000000000 seconds
Iteration 22:	0.0193109512 seconds	0.0000000000 seconds
Iteration 23:	0.0182929039 seconds	0.0000000000 seconds
Iteration 23:	0.0183098316 seconds	0.0000000000 seconds
Iteration 23:	0.0183351040 seconds	0.0000000000 seconds
Iteration 23:	0.0183568001 seconds	0.0000000000 seconds
Iteration 23:	0.0183818340 seconds	0.0000000000 seconds
Iteration 23:	0.0183970928 seconds	0.0000000000 seconds
Iteration 23:	0.0184249878 seconds	0.0000000000 seconds
Iteration 23:	0.0184471607 seconds	0.0000000000 seconds
Iteration 23:	0.0184700489 seconds	0.0000000000 seconds
Iteration 23:	0.0184919834 seconds	0.0000000000 seconds
Iteration 23:	0.0185089111 seconds	0.0000000000 seconds
Iteration 23:	0.0185351372 seconds	0.0000000000 seconds
Iteration 23:	0.0185520649 seconds	0.0000000000 seconds
Iteration 23:	0.0185699463 seconds	0.0000000000 seconds
Iteration 23:	0.0186021328 seconds	0.0000000000 seconds
Iteration 23:	0.0186071396 seconds	0.0000000000 seconds
Iteration 23:	0.0186128616 seconds	0.0000000000 seconds
Iteration 23:	0.0186178684 seconds	0.0000000000 seconds
Iteration 23:	0.0185680389 seconds	0.0000000000 seconds
Iteration 23:	0.0186271667 seconds	0.0000000000 seconds
Iteration 23:	0.0186309814 seconds	0.0000000000 seconds
Iteration 23:	0.0186309814 seconds	0.0000000000 seconds
Iteration 23:	0.0187690258 seconds	0.0000000000 seconds
Iteration 23:	0.0188441277 seconds	0.0000000000 seconds
Iteration 24:	0.0184190273 seconds	0.0000000000 seconds
Iteration 24:	0.0184531212 seconds	0.0000000000 seconds
Iteration 24:	0.0185508728 seconds	0.0000009537 seconds
Iteration 24:	0.0185780525 seconds	0.0000000000 seconds
Iteration 24:	0.0186188221 seconds	0.0000000000 seconds
Iteration 24:	0.0186347961 seconds	0.0000000000 seconds
Iteration 24:	0.0185468197 seconds	0.0000011921 seconds
Iteration 24:	0.0186028481 seconds	0.0000000000 seconds
Iteration 24:	0.0186800957 seconds	0.0000000000 seconds
Iteration 24:	0.0186970234 seconds	0.0000000000 seconds
Iteration 24:	0.0187270641 seconds	0.0000000000 seconds
Iteration 24:	0.0187759399 seconds	0.0000000000 seconds
Iteration 24:	0.0188150406 seconds	0.0000000000 seconds
Iteration 24:	0.0187931061 seconds	0.0000000000 seconds
Iteration 24:	0.0187478065 seconds	0.0000000000 seconds
Iteration 24:	0.0186748505 seconds	0.0000000000 seconds
Iteration 24:	0.0184650421 seconds	0.0000000000 seconds
Iteration 24:	0.0184960365 seconds	0.0000000000 seconds
Iteration 24:	0.0184550285 seconds	0.0000000000 seconds
Iteration 24:	0.0184900761 seconds	0.0000000000 seconds
Iteration 24:	0.0183341503 seconds	0.0000000000 seconds
Iteration 24:	0.0183570385 seconds	0.0000000000 seconds
Iteration 24:	0.0184860229 seconds	0.0000000000 seconds
Iteration 24:	0.0184609890 seconds	0.0000000000 seconds
Iteration 25:	0.0176558495 seconds	0.0000000000 seconds
Iteration 25:	0.0176579952 seconds	0.0000000000 seconds
Iteration 25:	0.0176780224 seconds	0.0000000000 seconds
Iteration 25:	0.0176930428 seconds	0.0000000000 seconds
Iteration 25:	0.0177061558 seconds	0.0000000000 seconds
Iteration 25:	0.0177278519 seconds	0.0000000000 seconds
Iteration 25:	0.0177521706 seconds	0.0000000000 seconds
Iteration 25:	0.0177690983 seconds	0.0000000000 seconds
Iteration 25:	0.0177879333 seconds	0.0000000000 seconds
Iteration 25:	0.0178048611 seconds	0.0000000000 seconds
Iteration 25:	0.0178210735 seconds	0.0000000000 seconds
Iteration 25:	0.0178370476 seconds	0.0000000000 seconds
Iteration 25:	0.0178561211 seconds	0.0000000000 seconds
Iteration 25:	0.0178749561 seconds	0.0000000000 seconds
Iteration 25:	0.0178420544 seconds	0.0000000000 seconds
Iteration 25:	0.0179560184 seconds	0.0000000000 seconds
Iteration 25:	0.0179009438 seconds	0.0000000000 seconds
Iteration 25:	0.0179080963 seconds	0.0000000000 seconds
Iteration 25:	0.0178499222 seconds	0.0000000000 seconds
Iteration 25:	0.0179038048 seconds	0.0000000000 seconds
Iteration 25:	0.0179009438 seconds	0.0000000000 seconds
Iteration 25:	0.0179028511 seconds	0.0000000000 seconds
Iteration 25:	0.0180318356 seconds	0.0000000000 seconds
Iteration 25:	0.0180320740 seconds	0.0000000000 seconds
Iteration 26:	0.0177390575 seconds	0.0000000000 seconds
Iteration 26:	0.0176801682 seconds	0.0000000000 seconds
Iteration 26:	0.0177710056 seconds	0.0000000000 seconds
Iteration 26:	0.0177290440 seconds	0.0000000000 seconds
Iteration 26:	0.0177919865 seconds	0.0000000000 seconds
Iteration 26:	0.0178070068 seconds	0.0000009537 seconds
Iteration 26:	0.0178279877 seconds	0.0000000000 seconds
Iteration 26:	0.0178580284 seconds	0.0000000000 seconds
Iteration 26:	0.0178451538 seconds	0.0000000000 seconds
Iteration 26:	0.0178771019 seconds	0.0000000000 seconds
Iteration 26:	0.0178987980 seconds	0.0000000000 seconds
Iteration 26:	0.0177719593 seconds	0.0000000000 seconds
Iteration 26:	0.0177261829 seconds	0.0000000000 seconds
Iteration 26:	0.0177328587 seconds	0.0000000000 seconds
Iteration 26:	0.0177159309 seconds	0.0000000000 seconds
Iteration 26:	0.0176839828 seconds	0.0000000000 seconds
Iteration 26:	0.0177090168 seconds	0.0000000000 seconds
Iteration 26:	0.0176401138 seconds	0.0000000000 seconds
Iteration 26:	0.0177040100 seconds	0.0000000000 seconds
Iteration 26:	0.0176999569 seconds	0.0000000000 seconds
Iteration 26:	0.0176968575 seconds	0.0000000000 seconds
Iteration 26:	0.0176978111 seconds	0.0000000000 seconds
Iteration 26:	0.0176000595 seconds	0.0000000000 seconds
Iteration 26:	0.0176248550 seconds	0.0000000000 seconds
Iteration 27:	0.0172388554 seconds	0.0000000000 seconds
Iteration 27:	0.0172410011 seconds	0.0000000000 seconds
Iteration 27:	0.0172390938 seconds	0.0000000000 seconds
Iteration 27:	0.0172379017 seconds	0.0000000000 seconds
Iteration 27:	0.0172400475 seconds	0.0000000000 seconds
Iteration 27:	0.0172379017 seconds	0.0000000000 seconds
Iteration 27:	0.0172388554 seconds	0.0000000000 seconds
Iteration 27:	0.0172519684 seconds	0.0000000000 seconds
Iteration 27:	0.0172719955 seconds	0.0000000000 seconds
Iteration 27:	0.0172841549 seconds	0.0000000000 seconds
Iteration 27:	0.0172419548 seconds	0.0000000000 seconds
Iteration 27:	0.0172991753 seconds	0.0000000000 seconds
Iteration 27:	0.0172960758 seconds	0.0000000000 seconds
Iteration 27:	0.0172889233 seconds	0.0000000000 seconds
Iteration 27:	0.0172710419 seconds	0.0000000000 seconds
Iteration 27:	0.0172049999 seconds	0.0000000000 seconds
Iteration 27:	0.0172879696 seconds	0.0000000000 seconds
Iteration 27:	0.0172841549 seconds	0.0000000000 seconds
Iteration 27:	0.0172841549 seconds	0.0000000000 seconds
Iteration 27:	0.0172839165 seconds	0.0000000000 seconds
Iteration 27:	0.0172848701 seconds	0.0000000000 seconds
Iteration 27:	0.0172848701 seconds	0.0000000000 seconds
Iteration 27:	0.0172748566 seconds	0.0000000000 seconds
Iteration 27:	0.0172970295 seconds	0.0000000000 seconds
Iteration 28:	0.0171420574 seconds	0.0000000000 seconds
Iteration 28:	0.0171551704 seconds	0.0000000000 seconds
Iteration 28:	0.0171849728 seconds	0.0000000000 seconds
Iteration 28:	0.0171680450 seconds	0.0000000000 seconds
Iteration 28:	0.0171849728 seconds	0.0000000000 seconds
Iteration 28:	0.0171868801 seconds	0.0000000000 seconds
Iteration 28:	0.0171868801 seconds	0.0000000000 seconds
Iteration 28:	0.0171849728 seconds	0.0000000000 seconds
Iteration 28:	0.0171887875 seconds	0.0000000000 seconds
Iteration 28:	0.0171909332 seconds	0.0000000000 seconds
Iteration 28:	0.0171389580 seconds	0.0000000000 seconds
Iteration 28:	0.0171010494 seconds	0.0000000000 seconds
Iteration 28:	0.0171411037 seconds	0.0000000000 seconds
Iteration 28:	0.0171339512 seconds	0.0000000000 seconds
Iteration 28:	0.0169591904 seconds	0.0000000000 seconds
Iteration 28:	0.0170419216 seconds	0.0000009537 seconds
Iteration 28:	0.0171260834 seconds	0.0000000000 seconds
Iteration 28:	0.0171239376 seconds	0.0000000000 seconds
Iteration 28:	0.0170221329 seconds	0.0000000000 seconds
Iteration 28:	0.0171229839 seconds	0.0000000000 seconds
Iteration 28:	0.0171191692 seconds	0.0000000000 seconds
Iteration 28:	0.0171160698 seconds	0.0000000000 seconds
Iteration 28:	0.0171139240 seconds	0.0000000000 seconds
Iteration 28:	0.0171139240 seconds	0.0000000000 seconds
Iteration 29:	0.0167100430 seconds	0.0000000000 seconds
Iteration 29:	0.0167078972 seconds	0.0000000000 seconds
Iteration 29:	0.0167100430 seconds	0.0000000000 seconds
Iteration 29:	0.0167129040 seconds	0.0000000000 seconds
Iteration 29:	0.0167109966 seconds	0.0000009537 seconds
Iteration 29:	0.0167088509 seconds	0.0000000000 seconds
Iteration 29:	0.0167150497 seconds	0.0000000000 seconds
Iteration 29:	0.0167238712 seconds	0.0000000000 seconds
Iteration 29:	0.0167350769 seconds	0.0000000000 seconds
Iteration 29:	0.0167438984 seconds	0.0000011921 seconds
Iteration 29:	0.0167050362 seconds	0.0000000000 seconds
Iteration 29:	0.0167520046 seconds	0.0000000000 seconds
Iteration 29:	0.0167551041 seconds	0.0000000000 seconds
Iteration 29:	0.0167570114 seconds	0.0000000000 seconds
Iteration 29:	0.0166819096 seconds	0.0000000000 seconds
Iteration 29:	0.0167520046 seconds	0.0000000000 seconds
Iteration 29:	0.0167498589 seconds	0.0000000000 seconds
Iteration 29:	0.0167489052 seconds	0.0000000000 seconds
Iteration 29:	0.0167491436 seconds	0.0000000000 seconds
Iteration 29:	0.0167489052 seconds	0.0000000000 seconds
Iteration 29:	0.0167469978 seconds	0.0000000000 seconds
Iteration 29:	0.0167469978 seconds	0.0000000000 seconds
Iteration 29:	0.0168719292 seconds	0.0000000000 seconds
Iteration 29:	0.0167717934 seconds	0.0000000000 seconds
Iteration 30:	0.0166261196 seconds	0.0000009537 seconds
Iteration 30:	0.0166299343 seconds	0.0000000000 seconds
Iteration 30:	0.0166180134 seconds	0.0000000000 seconds
Iteration 30:	0.0166418552 seconds	0.0000000000 seconds
Iteration 30:	0.0166499615 seconds	0.0000000000 seconds
Iteration 30:	0.0166609287 seconds	0.0000000000 seconds
Iteration 30:	0.0166671276 seconds	0.0000009537 seconds
Iteration 30:	0.0166170597 seconds	0.0000000000 seconds
Iteration 30:	0.0166769028 seconds	0.0000000000 seconds
Iteration 30:	0.0166821480 seconds	0.0000000000 seconds
Iteration 30:	0.0165970325 seconds	0.0000000000 seconds
Iteration 30:	0.0166821480 seconds	0.0000000000 seconds
Iteration 30:	0.0166828632 seconds	0.0000000000 seconds
Iteration 30:	0.0166828632 seconds	0.0000011921 seconds
Iteration 30:	0.0164802074 seconds	0.0000000000 seconds
Iteration 30:	0.0165050030 seconds	0.0000000000 seconds
Iteration 30:	0.0165481567 seconds	0.0000000000 seconds
Iteration 30:	0.0166139603 seconds	0.0000000000 seconds
Iteration 30:	0.0166130066 seconds	0.0000000000 seconds
Iteration 30:	0.0166099072 seconds	0.0000000000 seconds
Iteration 30:	0.0166079998 seconds	0.0000009537 seconds
Iteration 30:	0.0166058540 seconds	0.0000000000 seconds
Iteration 30:	0.0166029930 seconds	0.0000000000 seconds
Iteration 30:	0.0166041851 seconds	0.0000000000 seconds
Iteration 31:	0.0162959099 seconds	0.0000000000 seconds
Iteration 31:	0.0163030624 seconds	0.0000000000 seconds
Iteration 31:	0.0162949562 seconds	0.0000000000 seconds
Iteration 31:	0.0162961483 seconds	0.0000000000 seconds
Iteration 31:	0.0162930489 seconds	0.0000000000 seconds
Iteration 31:	0.0162930489 seconds	0.0000000000 seconds
Iteration 31:	0.0162961483 seconds	0.0000000000 seconds
Iteration 31:	0.0163080692 seconds	0.0000000000 seconds
Iteration 31:	0.0163159370 seconds	0.0000000000 seconds
Iteration 31:	0.0163199902 seconds	0.0000000000 seconds
Iteration 31:	0.0163269043 seconds	0.0000000000 seconds
Iteration 31:	0.0162501335 seconds	0.0000009537 seconds
Iteration 31:	0.0163400173 seconds	0.0000000000 seconds
Iteration 31:	0.0163390636 seconds	0.0000000000 seconds
Iteration 31:	0.0163340569 seconds	0.0000000000 seconds
Iteration 31:	0.0163340569 seconds	0.0000000000 seconds
Iteration 31:	0.0163309574 seconds	0.0000000000 seconds
Iteration 31:	0.0163319111 seconds	0.0000000000 seconds
Iteration 31:	0.0163309574 seconds	0.0000000000 seconds
Iteration 31:	0.0163309574 seconds	0.0000000000 seconds
Iteration 31:	0.0163309574 seconds	0.0000000000 seconds
Iteration 31:	0.0163309574 seconds	0.0000000000 seconds
Iteration 31:	0.0164260864 seconds	0.0000000000 seconds
Iteration 31:	0.0163509846 seconds	0.0000000000 seconds
Iteration 32:	0.0162250996 seconds	0.0000000000 seconds
Iteration 32:	0.0162320137 seconds	0.0000000000 seconds
Iteration 32:	0.0162379742 seconds	0.0000000000 seconds
Iteration 32:	0.0162491798 seconds	0.0000000000 seconds
Iteration 32:	0.0162551403 seconds	0.0000000000 seconds
Iteration 32:	0.0162589550 seconds	0.0000000000 seconds
Iteration 32:	0.0162649155 seconds	0.0000000000 seconds
Iteration 32:	0.0162699223 seconds	0.0000000000 seconds
Iteration 32:	0.0161659718 seconds	0.0000000000 seconds
Iteration 32:	0.0162708759 seconds	0.0000000000 seconds
Iteration 32:	0.0162727833 seconds	0.0000000000 seconds
Iteration 32:	0.0162727833 seconds	0.0000011921 seconds
Iteration 32:	0.0162718296 seconds	0.0000000000 seconds
Iteration 32:	0.0162718296 seconds	0.0000009537 seconds
Iteration 32:	0.0161190033 seconds	0.0000000000 seconds
Iteration 32:	0.0162301064 seconds	0.0000000000 seconds
Iteration 32:	0.0161449909 seconds	0.0000000000 seconds
Iteration 32:	0.0162279606 seconds	0.0000000000 seconds
Iteration 32:	0.0162281990 seconds	0.0000000000 seconds
Iteration 32:	0.0162248611 seconds	0.0000000000 seconds
Iteration 32:	0.0162229538 seconds	0.0000000000 seconds
Iteration 32:	0.0162208080 seconds	0.0000000000 seconds
Iteration 32:	0.0162210464 seconds	0.0000000000 seconds
Iteration 32:	0.0162208080 seconds	0.0000000000 seconds
Iteration 33:	0.0159690380 seconds	0.0000000000 seconds
Iteration 33:	0.0159671307 seconds	0.0000000000 seconds
Iteration 33:	0.0159659386 seconds	0.0000000000 seconds
Iteration 33:	0.0159668922 seconds	0.0000000000 seconds
Iteration 33:	0.0159668922 seconds	0.0000000000 seconds
Iteration 33:	0.0159749985 seconds	0.0000000000 seconds
Iteration 33:	0.0159809589 seconds	0.0000000000 seconds
Iteration 33:	0.0159790516 seconds	0.0000000000 seconds
Iteration 33:	0.0159790516 seconds	0.0000009537 seconds
Iteration 33:	0.0159790516 seconds	0.0000000000 seconds
Iteration 33:	0.0159919262 seconds	0.0000000000 seconds
Iteration 33:	0.0159909725 seconds	0.0000000000 seconds
Iteration 33:	0.0159950256 seconds	0.0000009537 seconds
Iteration 33:	0.0159389973 seconds	0.0000000000 seconds
Iteration 33:	0.0159931183 seconds	0.0000000000 seconds
Iteration 33:	0.0159931183 seconds	0.0000009537 seconds
Iteration 33:	0.0159940720 seconds	0.0000000000 seconds
Iteration 33:	0.0159947872 seconds	0.0000000000 seconds
Iteration 33:	0.0159959793 seconds	0.0000000000 seconds
Iteration 33:	0.0159969330 seconds	0.0000000000 seconds
Iteration 33:	0.0159969330 seconds	0.0000000000 seconds
Iteration 33:	0.0159969330 seconds	0.0000000000 seconds
Iteration 33:	0.0160667896 seconds	0.0000000000 seconds
Iteration 33:	0.0160629749 seconds	0.0000000000 seconds
Iteration 34:	0.0159358978 seconds	0.0000000000 seconds
Iteration 34:	0.0159530640 seconds	0.0000000000 seconds
Iteration 34:	0.0159499645 seconds	0.0000000000 seconds
Iteration 34:	0.0159368515 seconds	0.0000000000 seconds
Iteration 34:	0.0159378052 seconds	0.0000000000 seconds
Iteration 34:	0.0159521103 seconds	0.0000000000 seconds
Iteration 34:	0.0159511566 seconds	0.0000000000 seconds
Iteration 34:	0.0158481598 seconds	0.0000000000 seconds
Iteration 34:	0.0159220695 seconds	0.0000000000 seconds
Iteration 34:	0.0159180164 seconds	0.0000000000 seconds
Iteration 34:	0.0159180164 seconds	0.0000000000 seconds
Iteration 34:	0.0159170628 seconds	0.0000000000 seconds
Iteration 34:	0.0159149170 seconds	0.0000000000 seconds
Iteration 34:	0.0159130096 seconds	0.0000000000 seconds
Iteration 34:	0.0159108639 seconds	0.0000000000 seconds
Iteration 34:	0.0159118176 seconds	0.0000000000 seconds
Iteration 34:	0.0159878731 seconds	0.0000000000 seconds
Iteration 34:	0.0161130428 seconds	0.0000000000 seconds
Iteration 34:	0.0160970688 seconds	0.0000000000 seconds
Iteration 34:	0.0160341263 seconds	0.0000000000 seconds
Iteration 34:	0.0161039829 seconds	0.0000000000 seconds
Iteration 34:	0.0161170959 seconds	0.0000000000 seconds
Iteration 34:	0.0161039829 seconds	0.0000000000 seconds
Iteration 34:	0.0161011219 seconds	0.0000000000 seconds
Iteration 35:	0.0156419277 seconds	0.0000000000 seconds
Iteration 35:	0.0156400204 seconds	0.0000000000 seconds
Iteration 35:	0.0156409740 seconds	0.0000000000 seconds
Iteration 35:	0.0156419277 seconds	0.0000000000 seconds
Iteration 35:	0.0156438351 seconds	0.0000000000 seconds
Iteration 35:	0.0156440735 seconds	0.0000000000 seconds
Iteration 35:	0.0156450272 seconds	0.0000000000 seconds
Iteration 35:	0.0158140659 seconds	0.0000000000 seconds
Iteration 35:	0.0158159733 seconds	0.0000000000 seconds
Iteration 35:	0.0158188343 seconds	0.0000000000 seconds
Iteration 35:	0.0158188343 seconds	0.0000000000 seconds
Iteration 35:	0.0157759190 seconds	0.0000000000 seconds
Iteration 35:	0.0158209801 seconds	0.0000000000 seconds
Iteration 35:	0.0158209801 seconds	0.0000000000 seconds
Iteration 35:	0.0158190727 seconds	0.0000000000 seconds
Iteration 35:	0.0156221390 seconds	0.0000009537 seconds
Iteration 35:	0.0158200264 seconds	0.0000000000 seconds
Iteration 35:	0.0158219337 seconds	0.0000000000 seconds
Iteration 35:	0.0158238411 seconds	0.0000000000 seconds
Iteration 35:	0.0158231258 seconds	0.0000000000 seconds
Iteration 35:	0.0158238411 seconds	0.0000000000 seconds
Iteration 35:	0.0158250332 seconds	0.0000000000 seconds
Iteration 35:	0.0158228874 seconds	0.0000000000 seconds
Iteration 35:	0.0158228874 seconds	0.0000000000 seconds
Iteration 36:	0.0155858994 seconds	0.0000000000 seconds
Iteration 36:	0.0155858994 seconds	0.0000000000 seconds
Iteration 36:	0.0155880451 seconds	0.0000000000 seconds
Iteration 36:	0.0155870914 seconds	0.0000000000 seconds
Iteration 36:	0.0155870914 seconds	0.0000000000 seconds
Iteration 36:	0.0155880451 seconds	0.0000000000 seconds
Iteration 36:	0.0155870914 seconds	0.0000000000 seconds
Iteration 36:	0.0155880451 seconds	0.0000000000 seconds
Iteration 36:	0.0155858994 seconds	0.0000000000 seconds
Iteration 36:	0.0155868530 seconds	0.0000000000 seconds
Iteration 36:	0.0155839920 seconds	0.0000000000 seconds
Iteration 36:	0.0155849457 seconds	0.0000000000 seconds
Iteration 36:	0.0155858994 seconds	0.0000000000 seconds
Iteration 36:	0.0155849457 seconds	0.0000000000 seconds
Iteration 36:	0.0155410767 seconds	0.0000000000 seconds
Iteration 36:	0.0155868530 seconds	0.0000000000 seconds
Iteration 36:	0.0155868530 seconds	0.0000000000 seconds
Iteration 36:	0.0155870914 seconds	0.0000000000 seconds
Iteration 36:	0.0155858994 seconds	0.0000000000 seconds
Iteration 36:	0.0155839920 seconds	0.0000000000 seconds
Iteration 36:	0.0155830383 seconds	0.0000000000 seconds
Iteration 36:	0.0155820847 seconds	0.0000000000 seconds
Iteration 36:	0.0155808926 seconds	0.0000000000 seconds
Iteration 36:	0.0155808926 seconds	0.0000000000 seconds
Iteration 37:	0.0154280663 seconds	0.0000000000 seconds
Iteration 37:	0.0154299736 seconds	0.0000000000 seconds
Iteration 37:	0.0154299736 seconds	0.0000000000 seconds
Iteration 37:	0.0154311657 seconds	0.0000000000 seconds
Iteration 37:	0.0154321194 seconds	0.0000000000 seconds
Iteration 37:	0.0153770447 seconds	0.0000000000 seconds
Iteration 37:	0.0154330730 seconds	0.0000000000 seconds
Iteration 37:	0.0154209137 seconds	0.0000000000 seconds
Iteration 37:	0.0154271126 seconds	0.0000000000 seconds
Iteration 37:	0.0154240131 seconds	0.0000000000 seconds
Iteration 37:	0.0154271126 seconds	0.0000000000 seconds
Iteration 37:	0.0154259205 seconds	0.0000000000 seconds
Iteration 37:	0.0154261589 seconds	0.0000000000 seconds
Iteration 37:	0.0154261589 seconds	0.0000000000 seconds
Iteration 37:	0.0154261589 seconds	0.0000000000 seconds
Iteration 37:	0.0154268742 seconds	0.0000000000 seconds
Iteration 37:	0.0154249668 seconds	0.0000000000 seconds
Iteration 37:	0.0154261589 seconds	0.0000000000 seconds
Iteration 37:	0.0154271126 seconds	0.0000000000 seconds
Iteration 37:	0.0154259205 seconds	0.0000000000 seconds
Iteration 37:	0.0154290199 seconds	0.0000000000 seconds
Iteration 37:	0.0154280663 seconds	0.0000000000 seconds
Iteration 37:	0.0154268742 seconds	0.0000000000 seconds
Iteration 37:	0.0154278278 seconds	0.0000000000 seconds
Iteration 38:	0.0153050423 seconds	0.0000000000 seconds
Iteration 38:	0.0153539181 seconds	0.0000000000 seconds
Iteration 38:	0.0153539181 seconds	0.0000000000 seconds
Iteration 38:	0.0153579712 seconds	0.0000000000 seconds
Iteration 38:	0.0153570175 seconds	0.0000000000 seconds
Iteration 38:	0.0153591633 seconds	0.0000000000 seconds
Iteration 38:	0.0153589249 seconds	0.0000000000 seconds
Iteration 38:	0.0153579712 seconds	0.0000000000 seconds
Iteration 38:	0.0153617859 seconds	0.0000000000 seconds
Iteration 38:	0.0153617859 seconds	0.0000000000 seconds
Iteration 38:	0.0153589249 seconds	0.0000000000 seconds
Iteration 38:	0.0153579712 seconds	0.0000000000 seconds
Iteration 38:	0.0153598785 seconds	0.0000000000 seconds
Iteration 38:	0.0153579712 seconds	0.0000000000 seconds
Iteration 38:	0.0153651237 seconds	0.0000000000 seconds
Iteration 38:	0.0153601170 seconds	0.0000000000 seconds
Iteration 38:	0.0153598785 seconds	0.0000000000 seconds
Iteration 38:	0.0153648853 seconds	0.0000000000 seconds
Iteration 38:	0.0153679848 seconds	0.0000000000 seconds
Iteration 38:	0.0153639317 seconds	0.0000000000 seconds
Iteration 38:	0.0153560638 seconds	0.0000000000 seconds
Iteration 38:	0.0153560638 seconds	0.0000000000 seconds
Iteration 38:	0.0153701305 seconds	0.0000000000 seconds
Iteration 38:	0.0153691769 seconds	0.0000000000 seconds
Iteration 39:	0.0151829720 seconds	0.0000009537 seconds
Iteration 39:	0.0152418613 seconds	0.0000000000 seconds
Iteration 39:	0.0152430534 seconds	0.0000000000 seconds
Iteration 39:	0.0152540207 seconds	0.0000000000 seconds
Iteration 39:	0.0152428150 seconds	0.0000000000 seconds
Iteration 39:	0.0152430534 seconds	0.0000000000 seconds
Iteration 39:	0.0152440071 seconds	0.0000000000 seconds
Iteration 39:	0.0152540207 seconds	0.0000000000 seconds
Iteration 39:	0.0152580738 seconds	0.0000000000 seconds
Total computation time was: 0.986949		Average frame time was: 0.024664		Average Particle interations per second were: 2699756066.336721
Iteration 39:	0.0152599812 seconds	0.0000000000 seconds
Iteration 39:	0.0152602196 seconds	0.0000000000 seconds
Iteration 39:	0.0152630806 seconds	0.0000000000 seconds
Iteration 39:	0.0152599812 seconds	0.0000000000 seconds
Iteration 39:	0.0152630806 seconds	0.0000000000 seconds
Iteration 39:	0.0152649879 seconds	0.0000000000 seconds
Iteration 39:	0.0152649879 seconds	0.0000000000 seconds
Iteration 39:	0.0152649879 seconds	0.0000000000 seconds
Iteration 39:	0.0152671337 seconds	0.0000000000 seconds
Iteration 39:	0.0152540207 seconds	0.0000000000 seconds
Iteration 39:	0.0152561665 seconds	0.0000000000 seconds
Iteration 39:	0.0152690411 seconds	0.0000000000 seconds
Iteration 39:	0.0152690411 seconds	0.0000000000 seconds
Iteration 39:	0.0153222084 seconds	0.0000000000 seconds
Iteration 39:	0.0153200626 seconds	0.0000009537 seconds
