[ -1:000]                : Rank 1 is running on comet-19-55.sdsc.edu
[ -1:000]                : Rank 0 is running on comet-19-55.sdsc.edu
[  1:001] init_pprintf   : My dest: 0	My source: 0	My_num_part: 8160
[  0:001] init_pprintf   : My dest: 1	My source: 1	My_num_part: 8160
Initalizing particles linear on 0 to 8160
Initalizing particles linear on 8160 to 16320
Iteration 0:	0.8402788639 seconds	0.0000011921 seconds
Iteration 0:	0.8404328823 seconds	0.0000000000 seconds
Iteration 1:	0.3146100044 seconds	0.0000000000 seconds
Iteration 1:	0.3146100044 seconds	0.0000000000 seconds
Iteration 2:	0.3147661686 seconds	0.0000000000 seconds
Iteration 2:	0.3147661686 seconds	0.0000000000 seconds
Iteration 3:	0.3240120411 seconds	0.0000000000 seconds
Iteration 3:	0.3240120411 seconds	0.0000000000 seconds
Iteration 4:	0.3250639439 seconds	0.0000000000 seconds
Iteration 4:	0.3250639439 seconds	0.0000000000 seconds
Iteration 5:	0.3252279758 seconds	0.0000000000 seconds
Iteration 5:	0.3252270222 seconds	0.0000000000 seconds
Iteration 6:	0.3255538940 seconds	0.0000000000 seconds
Iteration 6:	0.3255538940 seconds	0.0000009537 seconds
Iteration 7:	0.3253219128 seconds	0.0000011921 seconds
Iteration 7:	0.3253221512 seconds	0.0000000000 seconds
Iteration 8:	0.3232059479 seconds	0.0000000000 seconds
Iteration 8:	0.3232059479 seconds	0.0000000000 seconds
Iteration 9:	0.3148870468 seconds	0.0000000000 seconds
Iteration 9:	0.3148870468 seconds	0.0000000000 seconds
Iteration 10:	0.3147230148 seconds	0.0000000000 seconds
Iteration 10:	0.3147230148 seconds	0.0000000000 seconds
Iteration 11:	0.3150129318 seconds	0.0000000000 seconds
Iteration 11:	0.3150129318 seconds	0.0000000000 seconds
Iteration 12:	0.3148899078 seconds	0.0000000000 seconds
Iteration 12:	0.3148899078 seconds	0.0000000000 seconds
Iteration 13:	0.3148140907 seconds	0.0000000000 seconds
Iteration 13:	0.3148140907 seconds	0.0000000000 seconds
Iteration 14:	0.3148751259 seconds	0.0000000000 seconds
Iteration 14:	0.3148739338 seconds	0.0000000000 seconds
Iteration 15:	0.3147959709 seconds	0.0000000000 seconds
Iteration 15:	0.3147950172 seconds	0.0000000000 seconds
Iteration 16:	0.3146951199 seconds	0.0000000000 seconds
Iteration 16:	0.3146941662 seconds	0.0000000000 seconds
Iteration 17:	0.3147900105 seconds	0.0000009537 seconds
Iteration 17:	0.3147909641 seconds	0.0000011921 seconds
Iteration 18:	0.3147859573 seconds	0.0000000000 seconds
Iteration 18:	0.3147869110 seconds	0.0000000000 seconds
Iteration 19:	0.3147938251 seconds	0.0000000000 seconds
Iteration 19:	0.3147928715 seconds	0.0000000000 seconds
Iteration 20:	0.3147830963 seconds	0.0000000000 seconds
Iteration 20:	0.3147830963 seconds	0.0000000000 seconds
Iteration 21:	0.3147518635 seconds	0.0000000000 seconds
Iteration 21:	0.3147509098 seconds	0.0000000000 seconds
Iteration 22:	0.3147251606 seconds	0.0000000000 seconds
Iteration 22:	0.3147251606 seconds	0.0000000000 seconds
Iteration 23:	0.3147859573 seconds	0.0000000000 seconds
Iteration 23:	0.3147859573 seconds	0.0000000000 seconds
Iteration 24:	0.3150730133 seconds	0.0000000000 seconds
Iteration 24:	0.3150720596 seconds	0.0000000000 seconds
Iteration 25:	0.3147628307 seconds	0.0000000000 seconds
Iteration 25:	0.3147628307 seconds	0.0000000000 seconds
Iteration 26:	0.3149118423 seconds	0.0000000000 seconds
Iteration 26:	0.3149118423 seconds	0.0000000000 seconds
Iteration 27:	0.3148651123 seconds	0.0000009537 seconds
Iteration 27:	0.3148641586 seconds	0.0000000000 seconds
Iteration 28:	0.3147959709 seconds	0.0000000000 seconds
Iteration 28:	0.3147950172 seconds	0.0000000000 seconds
Iteration 29:	0.3149020672 seconds	0.0000000000 seconds
Iteration 29:	0.3149020672 seconds	0.0000000000 seconds
Iteration 30:	0.3147749901 seconds	0.0000000000 seconds
Iteration 30:	0.3147759438 seconds	0.0000000000 seconds
Iteration 31:	0.3148300648 seconds	0.0000000000 seconds
Iteration 31:	0.3148300648 seconds	0.0000000000 seconds
Iteration 32:	0.3152248859 seconds	0.0000000000 seconds
Iteration 32:	0.3152248859 seconds	0.0000000000 seconds
Iteration 33:	0.3145668507 seconds	0.0000000000 seconds
Iteration 33:	0.3145658970 seconds	0.0000000000 seconds
Iteration 34:	0.3148019314 seconds	0.0000000000 seconds
Iteration 34:	0.3148021698 seconds	0.0000000000 seconds
Total computation time was: 11.603976		Average frame time was: 0.331537		Average Particle interations per second were: 803355659.232297
