[ -1:000]                : Rank 9 is running on comet-04-54.sdsc.edu
[ -1:000]                : Rank 3 is running on comet-04-54.sdsc.edu
[ -1:000]                : Rank 7 is running on comet-04-54.sdsc.edu
[  9:001] init_pprintf   : My dest: 10	My source: 8	My_num_part: 40
[  7:001] init_pprintf   : My dest: 8	My source: 6	My_num_part: 40
[  3:001] init_pprintf   : My dest: 4	My source: 2	My_num_part: 40
[ -1:000]                : Rank 5 is running on comet-04-54.sdsc.edu
[ -1:000]                : Rank 1 is running on comet-04-54.sdsc.edu
[ -1:000]                : Rank 11 is running on comet-04-54.sdsc.edu
[  5:001] init_pprintf   : My dest: 6	My source: 4	My_num_part: 40
[  1:001] init_pprintf   : My dest: 2	My source: 0	My_num_part: 40
[ 11:001] init_pprintf   : My dest: 0	My source: 10	My_num_part: 40
[ -1:000]                : Rank 4 is running on comet-04-54.sdsc.edu
[ -1:000]                : Rank 2 is running on comet-04-54.sdsc.edu
[ -1:000]                : Rank 8 is running on comet-04-54.sdsc.edu
[ -1:000]                : Rank 0 is running on comet-04-54.sdsc.edu
[  2:001] init_pprintf   : My dest: 3	My source: 1	My_num_part: 40
[  4:001] init_pprintf   : My dest: 5	My source: 3	My_num_part: 40
[  0:001] init_pprintf   : My dest: 1	My source: 11	My_num_part: 40
[  8:001] init_pprintf   : My dest: 9	My source: 7	My_num_part: 40
[ -1:000]                : Rank 10 is running on comet-04-54.sdsc.edu
[ -1:000]                : Rank 6 is running on comet-04-54.sdsc.edu
[ 10:001] init_pprintf   : My dest: 11	My source: 9	My_num_part: 40
[  6:001] init_pprintf   : My dest: 7	My source: 5	My_num_part: 40
Initalizing particles linear on 360 to 400
Initalizing particles linear on 440 to 480
Initalizing particles linear on 200 to 240
Initalizing particles linear on 120 to 160
Initalizing particles linear on 280 to 320
Initalizing particles linear on 40 to 80
Initalizing particles linear on 160 to 200
Initalizing particles linear on 400 to 440
Initalizing particles linear on 0 to 40
Initalizing particles linear on 80 to 120
Initalizing particles linear on 320 to 360
Initalizing particles linear on 240 to 280
Iteration 0:	0.0003330708 seconds	0.0000000000 seconds
Iteration 0:	0.0003309250 seconds	0.0000000000 seconds
Iteration 0:	0.0003480911 seconds	0.0000000000 seconds
Iteration 0:	0.0003628731 seconds	0.0000000000 seconds
Iteration 0:	0.0003640652 seconds	0.0000000000 seconds
Iteration 0:	0.0003321171 seconds	0.0000000000 seconds
Iteration 0:	0.0003330708 seconds	0.0000000000 seconds
Iteration 0:	0.0003330708 seconds	0.0000000000 seconds
Iteration 0:	0.0003628731 seconds	0.0000011921 seconds
Iteration 0:	0.0003619194 seconds	0.0000000000 seconds
Iteration 0:	0.0003628731 seconds	0.0000011921 seconds
Iteration 0:	0.0003330708 seconds	0.0000000000 seconds
Iteration 1:	0.0002741814 seconds	0.0000000000 seconds
Iteration 1:	0.0002720356 seconds	0.0000000000 seconds
Iteration 1:	0.0002701283 seconds	0.0000000000 seconds
Iteration 1:	0.0002710819 seconds	0.0000000000 seconds
Iteration 1:	0.0002741814 seconds	0.0000000000 seconds
Iteration 1:	0.0002839565 seconds	0.0000000000 seconds
Iteration 1:	0.0002691746 seconds	0.0000000000 seconds
Iteration 1:	0.0002770424 seconds	0.0000000000 seconds
Iteration 1:	0.0002799034 seconds	0.0000000000 seconds
Iteration 1:	0.0002760887 seconds	0.0000000000 seconds
Iteration 1:	0.0002760887 seconds	0.0000000000 seconds
Iteration 1:	0.0002789497 seconds	0.0000000000 seconds
Iteration 2:	0.0002889633 seconds	0.0000000000 seconds
Iteration 2:	0.0002892017 seconds	0.0000000000 seconds
Iteration 2:	0.0002889633 seconds	0.0000000000 seconds
Iteration 2:	0.0002901554 seconds	0.0000000000 seconds
Iteration 2:	0.0002911091 seconds	0.0000000000 seconds
Iteration 2:	0.0002889633 seconds	0.0000000000 seconds
Iteration 2:	0.0002901554 seconds	0.0000000000 seconds
Iteration 2:	0.0002901554 seconds	0.0000000000 seconds
Iteration 2:	0.0002892017 seconds	0.0000000000 seconds
Iteration 2:	0.0002949238 seconds	0.0000000000 seconds
Iteration 2:	0.0002901554 seconds	0.0000000000 seconds
Iteration 2:	0.0002899170 seconds	0.0000000000 seconds
Iteration 3:	0.0002751350 seconds	0.0000000000 seconds
Iteration 3:	0.0002741814 seconds	0.0000000000 seconds
Iteration 3:	0.0002720356 seconds	0.0000000000 seconds
Iteration 3:	0.0002701283 seconds	0.0000000000 seconds
Iteration 3:	0.0002710819 seconds	0.0000000000 seconds
Iteration 3:	0.0002679825 seconds	0.0000000000 seconds
Iteration 3:	0.0002679825 seconds	0.0000000000 seconds
Iteration 3:	0.0002689362 seconds	0.0000011921 seconds
Iteration 3:	0.0002720356 seconds	0.0000000000 seconds
Iteration 3:	0.0002689362 seconds	0.0000000000 seconds
Iteration 3:	0.0002729893 seconds	0.0000000000 seconds
Iteration 3:	0.0002670288 seconds	0.0000000000 seconds
Iteration 4:	0.0002942085 seconds	0.0000000000 seconds
Iteration 4:	0.0002880096 seconds	0.0000000000 seconds
Iteration 4:	0.0002939701 seconds	0.0000000000 seconds
Iteration 4:	0.0002920628 seconds	0.0000000000 seconds
Iteration 4:	0.0002901554 seconds	0.0000000000 seconds
Iteration 4:	0.0002870560 seconds	0.0000000000 seconds
Iteration 4:	0.0002911091 seconds	0.0000000000 seconds
Iteration 4:	0.0002911091 seconds	0.0000000000 seconds
Iteration 4:	0.0002880096 seconds	0.0000000000 seconds
Iteration 4:	0.0002880096 seconds	0.0000000000 seconds
Iteration 4:	0.0002870560 seconds	0.0000000000 seconds
Iteration 4:	0.0002889633 seconds	0.0000000000 seconds
Iteration 5:	0.0002748966 seconds	0.0000000000 seconds
Iteration 5:	0.0002739429 seconds	0.0000000000 seconds
Iteration 5:	0.0002820492 seconds	0.0000000000 seconds
Iteration 5:	0.0002729893 seconds	0.0000000000 seconds
Iteration 5:	0.0002760887 seconds	0.0000000000 seconds
Iteration 5:	0.0002789497 seconds	0.0000000000 seconds
Iteration 5:	0.0002770424 seconds	0.0000000000 seconds
Iteration 5:	0.0002820492 seconds	0.0000000000 seconds
Iteration 5:	0.0002779961 seconds	0.0000009537 seconds
Iteration 5:	0.0002748966 seconds	0.0000000000 seconds
Iteration 5:	0.0002779961 seconds	0.0000000000 seconds
Iteration 5:	0.0002748966 seconds	0.0000000000 seconds
Iteration 6:	0.0002779961 seconds	0.0000000000 seconds
Iteration 6:	0.0002820492 seconds	0.0000000000 seconds
Iteration 6:	0.0002830029 seconds	0.0000009537 seconds
Iteration 6:	0.0002839565 seconds	0.0000000000 seconds
Iteration 6:	0.0002858639 seconds	0.0000000000 seconds
Iteration 6:	0.0002889633 seconds	0.0000000000 seconds
Iteration 6:	0.0002868176 seconds	0.0000000000 seconds
Iteration 6:	0.0002901554 seconds	0.0000000000 seconds
Iteration 6:	0.0002839565 seconds	0.0000000000 seconds
Iteration 6:	0.0002818108 seconds	0.0000000000 seconds
Iteration 6:	0.0002849102 seconds	0.0000000000 seconds
Iteration 6:	0.0002911091 seconds	0.0000000000 seconds
Iteration 7:	0.0002648830 seconds	0.0000000000 seconds
Iteration 7:	0.0002720356 seconds	0.0000000000 seconds
Iteration 7:	0.0002641678 seconds	0.0000000000 seconds
Iteration 7:	0.0002660751 seconds	0.0000000000 seconds
Iteration 7:	0.0002639294 seconds	0.0000000000 seconds
Iteration 7:	0.0002632141 seconds	0.0000000000 seconds
Iteration 7:	0.0002641678 seconds	0.0000000000 seconds
Iteration 7:	0.0002651215 seconds	0.0000000000 seconds
Iteration 7:	0.0002670288 seconds	0.0000000000 seconds
Iteration 7:	0.0002632141 seconds	0.0000000000 seconds
Iteration 7:	0.0002701283 seconds	0.0000000000 seconds
Iteration 7:	0.0002679825 seconds	0.0000000000 seconds
Iteration 8:	0.0002820492 seconds	0.0000000000 seconds
Iteration 8:	0.0002839565 seconds	0.0000000000 seconds
Iteration 8:	0.0002801418 seconds	0.0000000000 seconds
Iteration 8:	0.0002839565 seconds	0.0000000000 seconds
Iteration 8:	0.0002810955 seconds	0.0000000000 seconds
Iteration 8:	0.0002830029 seconds	0.0000009537 seconds
Iteration 8:	0.0002820492 seconds	0.0000000000 seconds
Iteration 8:	0.0002861023 seconds	0.0000000000 seconds
Iteration 8:	0.0002810955 seconds	0.0000000000 seconds
Iteration 8:	0.0002789497 seconds	0.0000000000 seconds
Iteration 8:	0.0002830029 seconds	0.0000000000 seconds
Iteration 8:	0.0002820492 seconds	0.0000000000 seconds
Iteration 9:	0.0002539158 seconds	0.0000000000 seconds
Iteration 9:	0.0002570152 seconds	0.0000000000 seconds
Iteration 9:	0.0002539158 seconds	0.0000000000 seconds
Iteration 9:	0.0002548695 seconds	0.0000000000 seconds
Iteration 9:	0.0002560616 seconds	0.0000000000 seconds
Iteration 9:	0.0002608299 seconds	0.0000000000 seconds
Iteration 9:	0.0002608299 seconds	0.0000000000 seconds
Iteration 9:	0.0002589226 seconds	0.0000000000 seconds
Iteration 9:	0.0002570152 seconds	0.0000000000 seconds
Iteration 9:	0.0002548695 seconds	0.0000000000 seconds
Iteration 9:	0.0002548695 seconds	0.0000000000 seconds
Iteration 9:	0.0002539158 seconds	0.0000000000 seconds
Iteration 10:	0.0002729893 seconds	0.0000000000 seconds
Iteration 10:	0.0002689362 seconds	0.0000000000 seconds
Iteration 10:	0.0002760887 seconds	0.0000000000 seconds
Iteration 10:	0.0002679825 seconds	0.0000000000 seconds
Iteration 10:	0.0002741814 seconds	0.0000000000 seconds
Iteration 10:	0.0002729893 seconds	0.0000000000 seconds
Iteration 10:	0.0002701283 seconds	0.0000000000 seconds
Iteration 10:	0.0002720356 seconds	0.0000000000 seconds
Iteration 10:	0.0002710819 seconds	0.0000000000 seconds
Iteration 10:	0.0002691746 seconds	0.0000000000 seconds
Iteration 10:	0.0002701283 seconds	0.0000000000 seconds
Iteration 10:	0.0002701283 seconds	0.0000000000 seconds
Iteration 11:	0.0002551079 seconds	0.0000000000 seconds
Iteration 11:	0.0002560616 seconds	0.0000000000 seconds
Iteration 11:	0.0002539158 seconds	0.0000000000 seconds
Iteration 11:	0.0002539158 seconds	0.0000000000 seconds
Iteration 11:	0.0002551079 seconds	0.0000000000 seconds
Iteration 11:	0.0002560616 seconds	0.0000000000 seconds
Iteration 11:	0.0002589226 seconds	0.0000000000 seconds
Iteration 11:	0.0002598763 seconds	0.0000000000 seconds
Iteration 11:	0.0002548695 seconds	0.0000000000 seconds
Iteration 11:	0.0002539158 seconds	0.0000000000 seconds
Iteration 11:	0.0002598763 seconds	0.0000000000 seconds
Iteration 11:	0.0002570152 seconds	0.0000000000 seconds
Iteration 12:	0.0002717972 seconds	0.0000000000 seconds
Iteration 12:	0.0002708435 seconds	0.0000000000 seconds
Iteration 12:	0.0002667904 seconds	0.0000000000 seconds
Iteration 12:	0.0002710819 seconds	0.0000000000 seconds
Iteration 12:	0.0002710819 seconds	0.0000000000 seconds
Iteration 12:	0.0002689362 seconds	0.0000000000 seconds
Iteration 12:	0.0002739429 seconds	0.0000000000 seconds
Iteration 12:	0.0002720356 seconds	0.0000000000 seconds
Iteration 12:	0.0002720356 seconds	0.0000000000 seconds
Iteration 12:	0.0002689362 seconds	0.0000000000 seconds
Iteration 12:	0.0002710819 seconds	0.0000000000 seconds
Iteration 12:	0.0002701283 seconds	0.0000000000 seconds
Iteration 13:	0.0002548695 seconds	0.0000000000 seconds
Iteration 13:	0.0002520084 seconds	0.0000000000 seconds
Iteration 13:	0.0002539158 seconds	0.0000000000 seconds
Iteration 13:	0.0002508163 seconds	0.0000000000 seconds
Iteration 13:	0.0002551079 seconds	0.0000000000 seconds
Iteration 13:	0.0002510548 seconds	0.0000000000 seconds
Iteration 13:	0.0002610683 seconds	0.0000000000 seconds
Iteration 13:	0.0002570152 seconds	0.0000000000 seconds
Iteration 13:	0.0002551079 seconds	0.0000000000 seconds
Iteration 13:	0.0002551079 seconds	0.0000000000 seconds
Iteration 13:	0.0002610683 seconds	0.0000000000 seconds
Iteration 13:	0.0002441406 seconds	0.0000000000 seconds
Iteration 14:	0.0002629757 seconds	0.0000000000 seconds
Iteration 14:	0.0002629757 seconds	0.0000000000 seconds
Iteration 14:	0.0002617836 seconds	0.0000000000 seconds
Iteration 14:	0.0002629757 seconds	0.0000000000 seconds
Iteration 14:	0.0002648830 seconds	0.0000000000 seconds
Iteration 14:	0.0002658367 seconds	0.0000000000 seconds
Iteration 14:	0.0002689362 seconds	0.0000000000 seconds
Iteration 14:	0.0002679825 seconds	0.0000000000 seconds
Iteration 14:	0.0002658367 seconds	0.0000000000 seconds
Iteration 14:	0.0002648830 seconds	0.0000000000 seconds
Iteration 14:	0.0002629757 seconds	0.0000000000 seconds
Iteration 14:	0.0002639294 seconds	0.0000000000 seconds
Iteration 15:	0.0002419949 seconds	0.0000000000 seconds
Iteration 15:	0.0002429485 seconds	0.0000000000 seconds
Iteration 15:	0.0002510548 seconds	0.0000000000 seconds
Iteration 15:	0.0002470016 seconds	0.0000000000 seconds
Iteration 15:	0.0002489090 seconds	0.0000000000 seconds
Iteration 15:	0.0002489090 seconds	0.0000000000 seconds
Iteration 15:	0.0002498627 seconds	0.0000000000 seconds
Iteration 15:	0.0002448559 seconds	0.0000000000 seconds
Iteration 15:	0.0002489090 seconds	0.0000000000 seconds
Iteration 15:	0.0002460480 seconds	0.0000000000 seconds
Iteration 15:	0.0002520084 seconds	0.0000000000 seconds
Iteration 15:	0.0002510548 seconds	0.0000000000 seconds
Iteration 16:	0.0002629757 seconds	0.0000000000 seconds
Iteration 16:	0.0002660751 seconds	0.0000000000 seconds
Iteration 16:	0.0002620220 seconds	0.0000000000 seconds
Iteration 16:	0.0002660751 seconds	0.0000000000 seconds
Iteration 16:	0.0002610683 seconds	0.0000000000 seconds
Iteration 16:	0.0002691746 seconds	0.0000000000 seconds
Iteration 16:	0.0002610683 seconds	0.0000000000 seconds
Iteration 16:	0.0002639294 seconds	0.0000000000 seconds
Iteration 16:	0.0002629757 seconds	0.0000000000 seconds
Iteration 16:	0.0002620220 seconds	0.0000000000 seconds
Iteration 16:	0.0002689362 seconds	0.0000009537 seconds
Iteration 16:	0.0002689362 seconds	0.0000000000 seconds
Iteration 17:	0.0002491474 seconds	0.0000000000 seconds
Iteration 17:	0.0002470016 seconds	0.0000000000 seconds
Iteration 17:	0.0002479553 seconds	0.0000000000 seconds
Iteration 17:	0.0002520084 seconds	0.0000000000 seconds
Iteration 17:	0.0002529621 seconds	0.0000000000 seconds
Iteration 17:	0.0002529621 seconds	0.0000000000 seconds
Iteration 17:	0.0002489090 seconds	0.0000000000 seconds
Iteration 17:	0.0002489090 seconds	0.0000000000 seconds
Iteration 17:	0.0002520084 seconds	0.0000000000 seconds
Iteration 17:	0.0002529621 seconds	0.0000000000 seconds
Iteration 17:	0.0002560616 seconds	0.0000000000 seconds
Iteration 17:	0.0002510548 seconds	0.0000000000 seconds
Iteration 18:	0.0002579689 seconds	0.0000000000 seconds
Iteration 18:	0.0002589226 seconds	0.0000000000 seconds
Iteration 18:	0.0002629757 seconds	0.0000000000 seconds
Iteration 18:	0.0002598763 seconds	0.0000000000 seconds
Iteration 18:	0.0002648830 seconds	0.0000000000 seconds
Iteration 18:	0.0002639294 seconds	0.0000000000 seconds
Iteration 18:	0.0002639294 seconds	0.0000000000 seconds
Iteration 18:	0.0002629757 seconds	0.0000000000 seconds
Iteration 18:	0.0002639294 seconds	0.0000000000 seconds
Iteration 18:	0.0002617836 seconds	0.0000000000 seconds
Iteration 18:	0.0002658367 seconds	0.0000000000 seconds
Iteration 18:	0.0002608299 seconds	0.0000000000 seconds
Iteration 19:	0.0002489090 seconds	0.0000000000 seconds
Iteration 19:	0.0002470016 seconds	0.0000000000 seconds
Iteration 19:	0.0002498627 seconds	0.0000000000 seconds
Iteration 19:	0.0002470016 seconds	0.0000000000 seconds
Iteration 19:	0.0002470016 seconds	0.0000000000 seconds
Iteration 19:	0.0002448559 seconds	0.0000000000 seconds
Iteration 19:	0.0002460480 seconds	0.0000000000 seconds
Iteration 19:	0.0002439022 seconds	0.0000000000 seconds
Iteration 19:	0.0002458096 seconds	0.0000000000 seconds
Iteration 19:	0.0002489090 seconds	0.0000000000 seconds
Iteration 19:	0.0002508163 seconds	0.0000000000 seconds
Iteration 19:	0.0002470016 seconds	0.0000000000 seconds
Iteration 20:	0.0002608299 seconds	0.0000000000 seconds
Iteration 20:	0.0002608299 seconds	0.0000000000 seconds
Iteration 20:	0.0002629757 seconds	0.0000000000 seconds
Iteration 20:	0.0002629757 seconds	0.0000000000 seconds
Iteration 20:	0.0002639294 seconds	0.0000000000 seconds
Iteration 20:	0.0002648830 seconds	0.0000000000 seconds
Iteration 20:	0.0002629757 seconds	0.0000000000 seconds
Iteration 20:	0.0002651215 seconds	0.0000000000 seconds
Iteration 20:	0.0002651215 seconds	0.0000000000 seconds
Iteration 20:	0.0002620220 seconds	0.0000000000 seconds
Iteration 20:	0.0002660751 seconds	0.0000000000 seconds
Iteration 20:	0.0002579689 seconds	0.0000000000 seconds
Iteration 21:	0.0002388954 seconds	0.0000000000 seconds
Iteration 21:	0.0002379417 seconds	0.0000000000 seconds
Iteration 21:	0.0002448559 seconds	0.0000000000 seconds
Iteration 21:	0.0002439022 seconds	0.0000000000 seconds
Iteration 21:	0.0002398491 seconds	0.0000000000 seconds
Iteration 21:	0.0002379417 seconds	0.0000000000 seconds
Iteration 21:	0.0002419949 seconds	0.0000000000 seconds
Iteration 21:	0.0002419949 seconds	0.0000000000 seconds
Iteration 21:	0.0002458096 seconds	0.0000000000 seconds
Iteration 21:	0.0002429485 seconds	0.0000000000 seconds
Iteration 21:	0.0002448559 seconds	0.0000000000 seconds
Iteration 21:	0.0002458096 seconds	0.0000000000 seconds
Iteration 22:	0.0002520084 seconds	0.0000000000 seconds
Iteration 22:	0.0002589226 seconds	0.0000000000 seconds
Iteration 22:	0.0002579689 seconds	0.0000000000 seconds
Iteration 22:	0.0002529621 seconds	0.0000000000 seconds
Iteration 22:	0.0002548695 seconds	0.0000000000 seconds
Iteration 22:	0.0002558231 seconds	0.0000000000 seconds
Iteration 22:	0.0002582073 seconds	0.0000000000 seconds
Iteration 22:	0.0002601147 seconds	0.0000000000 seconds
Iteration 22:	0.0002582073 seconds	0.0000000000 seconds
Iteration 22:	0.0002620220 seconds	0.0000000000 seconds
Iteration 22:	0.0002539158 seconds	0.0000000000 seconds
Iteration 22:	0.0002541542 seconds	0.0000000000 seconds
Iteration 23:	0.0002398491 seconds	0.0000011921 seconds
Iteration 23:	0.0002381802 seconds	0.0000000000 seconds
Iteration 23:	0.0002419949 seconds	0.0000000000 seconds
Iteration 23:	0.0002410412 seconds	0.0000000000 seconds
Iteration 23:	0.0002431870 seconds	0.0000000000 seconds
Iteration 23:	0.0002470016 seconds	0.0000000000 seconds
Iteration 23:	0.0002491474 seconds	0.0000009537 seconds
Iteration 23:	0.0002410412 seconds	0.0000000000 seconds
Iteration 23:	0.0002391338 seconds	0.0000000000 seconds
Iteration 23:	0.0002460480 seconds	0.0000000000 seconds
Iteration 23:	0.0002460480 seconds	0.0000000000 seconds
Iteration 23:	0.0002391338 seconds	0.0000000000 seconds
Iteration 24:	0.0002529621 seconds	0.0000000000 seconds
Iteration 24:	0.0002601147 seconds	0.0000000000 seconds
Iteration 24:	0.0002501011 seconds	0.0000000000 seconds
Iteration 24:	0.0002620220 seconds	0.0000000000 seconds
Iteration 24:	0.0002541542 seconds	0.0000000000 seconds
Iteration 24:	0.0002601147 seconds	0.0000000000 seconds
Iteration 24:	0.0002601147 seconds	0.0000009537 seconds
Iteration 24:	0.0002560616 seconds	0.0000000000 seconds
Iteration 24:	0.0002570152 seconds	0.0000000000 seconds
Iteration 24:	0.0002601147 seconds	0.0000000000 seconds
Iteration 24:	0.0002591610 seconds	0.0000000000 seconds
Iteration 24:	0.0002560616 seconds	0.0000000000 seconds
Iteration 25:	0.0002369881 seconds	0.0000000000 seconds
Iteration 25:	0.0002369881 seconds	0.0000000000 seconds
Iteration 25:	0.0002348423 seconds	0.0000000000 seconds
Iteration 25:	0.0002348423 seconds	0.0000000000 seconds
Iteration 25:	0.0002410412 seconds	0.0000000000 seconds
Iteration 25:	0.0002329350 seconds	0.0000000000 seconds
Iteration 25:	0.0002338886 seconds	0.0000000000 seconds
Iteration 25:	0.0002338886 seconds	0.0000000000 seconds
Iteration 25:	0.0002398491 seconds	0.0000000000 seconds
Iteration 25:	0.0002338886 seconds	0.0000000000 seconds
Iteration 25:	0.0002391338 seconds	0.0000000000 seconds
Iteration 25:	0.0002379417 seconds	0.0000000000 seconds
Iteration 26:	0.0002460480 seconds	0.0000000000 seconds
Iteration 26:	0.0002419949 seconds	0.0000000000 seconds
Iteration 26:	0.0002419949 seconds	0.0000000000 seconds
Iteration 26:	0.0002460480 seconds	0.0000000000 seconds
Iteration 26:	0.0002529621 seconds	0.0000000000 seconds
Iteration 26:	0.0002498627 seconds	0.0000011921 seconds
Iteration 26:	0.0002470016 seconds	0.0000000000 seconds
Iteration 26:	0.0002520084 seconds	0.0000000000 seconds
Iteration 26:	0.0002450943 seconds	0.0000009537 seconds
Iteration 26:	0.0002450943 seconds	0.0000000000 seconds
Iteration 26:	0.0002501011 seconds	0.0000000000 seconds
Iteration 26:	0.0002470016 seconds	0.0000000000 seconds
Iteration 27:	0.0002288818 seconds	0.0000000000 seconds
Iteration 27:	0.0002269745 seconds	0.0000000000 seconds
Iteration 27:	0.0002329350 seconds	0.0000000000 seconds
Iteration 27:	0.0002281666 seconds	0.0000000000 seconds
Iteration 27:	0.0002310276 seconds	0.0000000000 seconds
Iteration 27:	0.0002329350 seconds	0.0000000000 seconds
Iteration 27:	0.0002288818 seconds	0.0000000000 seconds
Iteration 27:	0.0002257824 seconds	0.0000000000 seconds
Iteration 27:	0.0002257824 seconds	0.0000000000 seconds
Iteration 27:	0.0002288818 seconds	0.0000000000 seconds
Iteration 27:	0.0002310276 seconds	0.0000000000 seconds
Iteration 27:	0.0002329350 seconds	0.0000000000 seconds
Iteration 28:	0.0002298355 seconds	0.0000000000 seconds
Iteration 28:	0.0002341270 seconds	0.0000000000 seconds
Iteration 28:	0.0002350807 seconds	0.0000000000 seconds
Iteration 28:	0.0002360344 seconds	0.0000000000 seconds
Iteration 28:	0.0002360344 seconds	0.0000000000 seconds
Iteration 28:	0.0002360344 seconds	0.0000000000 seconds
Iteration 28:	0.0002379417 seconds	0.0000011921 seconds
Iteration 28:	0.0002388954 seconds	0.0000000000 seconds
Iteration 28:	0.0002350807 seconds	0.0000000000 seconds
Iteration 28:	0.0002388954 seconds	0.0000000000 seconds
Iteration 28:	0.0002398491 seconds	0.0000000000 seconds
Iteration 28:	0.0002329350 seconds	0.0000000000 seconds
Iteration 29:	0.0002210140 seconds	0.0000000000 seconds
Iteration 29:	0.0002281666 seconds	0.0000000000 seconds
Iteration 29:	0.0002169609 seconds	0.0000009537 seconds
Iteration 29:	0.0002229214 seconds	0.0000011921 seconds
Iteration 29:	0.0002248287 seconds	0.0000000000 seconds
Iteration 29:	0.0002291203 seconds	0.0000000000 seconds
Iteration 29:	0.0002269745 seconds	0.0000000000 seconds
Iteration 29:	0.0002269745 seconds	0.0000000000 seconds
Iteration 29:	0.0002279282 seconds	0.0000000000 seconds
Iteration 29:	0.0002260208 seconds	0.0000000000 seconds
Iteration 29:	0.0002210140 seconds	0.0000000000 seconds
Iteration 29:	0.0002229214 seconds	0.0000000000 seconds
Iteration 30:	0.0002319813 seconds	0.0000000000 seconds
Iteration 30:	0.0002310276 seconds	0.0000000000 seconds
Iteration 30:	0.0002300739 seconds	0.0000000000 seconds
Iteration 30:	0.0002319813 seconds	0.0000000000 seconds
Iteration 30:	0.0002319813 seconds	0.0000000000 seconds
Iteration 30:	0.0002348423 seconds	0.0000000000 seconds
Iteration 30:	0.0002348423 seconds	0.0000000000 seconds
Iteration 30:	0.0002310276 seconds	0.0000000000 seconds
Iteration 30:	0.0002298355 seconds	0.0000000000 seconds
Iteration 30:	0.0002360344 seconds	0.0000000000 seconds
Iteration 30:	0.0002350807 seconds	0.0000000000 seconds
Iteration 30:	0.0002310276 seconds	0.0000000000 seconds
Iteration 31:	0.0002148151 seconds	0.0000000000 seconds
Iteration 31:	0.0002131462 seconds	0.0000000000 seconds
Iteration 31:	0.0002200603 seconds	0.0000000000 seconds
Iteration 31:	0.0002157688 seconds	0.0000000000 seconds
Iteration 31:	0.0002129078 seconds	0.0000000000 seconds
Iteration 31:	0.0002140999 seconds	0.0000000000 seconds
Iteration 31:	0.0002131462 seconds	0.0000000000 seconds
Iteration 31:	0.0002179146 seconds	0.0000000000 seconds
Iteration 31:	0.0002160072 seconds	0.0000000000 seconds
Iteration 31:	0.0002191067 seconds	0.0000000000 seconds
Iteration 31:	0.0002191067 seconds	0.0000000000 seconds
Iteration 31:	0.0002131462 seconds	0.0000000000 seconds
Iteration 32:	0.0002219677 seconds	0.0000000000 seconds
Iteration 32:	0.0002229214 seconds	0.0000000000 seconds
Iteration 32:	0.0002229214 seconds	0.0000000000 seconds
Iteration 32:	0.0002260208 seconds	0.0000000000 seconds
Iteration 32:	0.0002279282 seconds	0.0000000000 seconds
Iteration 32:	0.0002269745 seconds	0.0000000000 seconds
Iteration 32:	0.0002250671 seconds	0.0000000000 seconds
Iteration 32:	0.0002219677 seconds	0.0000000000 seconds
Iteration 32:	0.0002269745 seconds	0.0000000000 seconds
Iteration 32:	0.0002200603 seconds	0.0000000000 seconds
Iteration 32:	0.0002279282 seconds	0.0000000000 seconds
Iteration 32:	0.0002219677 seconds	0.0000000000 seconds
Iteration 33:	0.0002129078 seconds	0.0000000000 seconds
Iteration 33:	0.0002090931 seconds	0.0000000000 seconds
Iteration 33:	0.0002169609 seconds	0.0000000000 seconds
Iteration 33:	0.0002179146 seconds	0.0000000000 seconds
Iteration 33:	0.0002200603 seconds	0.0000000000 seconds
Iteration 33:	0.0002150536 seconds	0.0000000000 seconds
Iteration 33:	0.0002191067 seconds	0.0000000000 seconds
Iteration 33:	0.0002191067 seconds	0.0000000000 seconds
Iteration 33:	0.0002081394 seconds	0.0000000000 seconds
Iteration 33:	0.0002200603 seconds	0.0000000000 seconds
Iteration 33:	0.0002191067 seconds	0.0000000000 seconds
Iteration 33:	0.0002150536 seconds	0.0000000000 seconds
Iteration 34:	0.0002200603 seconds	0.0000000000 seconds
Iteration 34:	0.0002169609 seconds	0.0000000000 seconds
Iteration 34:	0.0002179146 seconds	0.0000000000 seconds
Iteration 34:	0.0002160072 seconds	0.0000000000 seconds
Iteration 34:	0.0002188683 seconds	0.0000000000 seconds
Iteration 34:	0.0002179146 seconds	0.0000000000 seconds
Iteration 34:	0.0002219677 seconds	0.0000000000 seconds
Iteration 34:	0.0002138615 seconds	0.0000009537 seconds
Iteration 34:	0.0002138615 seconds	0.0000000000 seconds
Iteration 34:	0.0002179146 seconds	0.0000000000 seconds
Iteration 34:	0.0002148151 seconds	0.0000000000 seconds
Iteration 34:	0.0002160072 seconds	0.0000000000 seconds
Iteration 35:	0.0002098083 seconds	0.0000000000 seconds
Iteration 35:	0.0002098083 seconds	0.0000000000 seconds
Iteration 35:	0.0002069473 seconds	0.0000000000 seconds
Iteration 35:	0.0002090931 seconds	0.0000000000 seconds
Iteration 35:	0.0002131462 seconds	0.0000000000 seconds
Iteration 35:	0.0002081394 seconds	0.0000000000 seconds
Iteration 35:	0.0002059937 seconds	0.0000000000 seconds
Iteration 35:	0.0002110004 seconds	0.0000011921 seconds
Iteration 35:	0.0002100468 seconds	0.0000000000 seconds
Iteration 35:	0.0002071857 seconds	0.0000000000 seconds
Iteration 35:	0.0002088547 seconds	0.0000000000 seconds
Iteration 35:	0.0002059937 seconds	0.0000000000 seconds
Iteration 36:	0.0002110004 seconds	0.0000000000 seconds
Iteration 36:	0.0002250671 seconds	0.0000000000 seconds
Iteration 36:	0.0002219677 seconds	0.0000000000 seconds
Iteration 36:	0.0002288818 seconds	0.0000000000 seconds
Iteration 36:	0.0002238750 seconds	0.0000000000 seconds
Iteration 36:	0.0002160072 seconds	0.0000000000 seconds
Iteration 36:	0.0002150536 seconds	0.0000000000 seconds
Iteration 36:	0.0002179146 seconds	0.0000000000 seconds
Iteration 36:	0.0002188683 seconds	0.0000000000 seconds
Iteration 36:	0.0002219677 seconds	0.0000000000 seconds
Iteration 36:	0.0002229214 seconds	0.0000000000 seconds
Iteration 36:	0.0002198219 seconds	0.0000000000 seconds
Iteration 37:	0.0002019405 seconds	0.0000000000 seconds
Iteration 37:	0.0002028942 seconds	0.0000000000 seconds
Iteration 37:	0.0001997948 seconds	0.0000000000 seconds
Iteration 37:	0.0002000332 seconds	0.0000000000 seconds
Iteration 37:	0.0002050400 seconds	0.0000000000 seconds
Iteration 37:	0.0002090931 seconds	0.0000000000 seconds
Iteration 37:	0.0002040863 seconds	0.0000000000 seconds
Iteration 37:	0.0002059937 seconds	0.0000000000 seconds
Iteration 37:	0.0002081394 seconds	0.0000000000 seconds
Iteration 37:	0.0002069473 seconds	0.0000000000 seconds
Iteration 37:	0.0002081394 seconds	0.0000009537 seconds
Iteration 37:	0.0002081394 seconds	0.0000000000 seconds
Iteration 38:	0.0002088547 seconds	0.0000000000 seconds
Iteration 38:	0.0002069473 seconds	0.0000000000 seconds
Iteration 38:	0.0002069473 seconds	0.0000000000 seconds
Iteration 38:	0.0002100468 seconds	0.0000000000 seconds
Iteration 38:	0.0002191067 seconds	0.0000000000 seconds
Iteration 38:	0.0002169609 seconds	0.0000000000 seconds
Iteration 38:	0.0002191067 seconds	0.0000000000 seconds
Iteration 38:	0.0002191067 seconds	0.0000000000 seconds
Iteration 38:	0.0002110004 seconds	0.0000000000 seconds
Iteration 38:	0.0002131462 seconds	0.0000000000 seconds
Iteration 38:	0.0002129078 seconds	0.0000000000 seconds
Iteration 38:	0.0002191067 seconds	0.0000000000 seconds
Iteration 39:	0.0001990795 seconds	0.0000000000 seconds
Iteration 39:	0.0001981258 seconds	0.0000000000 seconds
Iteration 39:	0.0002009869 seconds	0.0000000000 seconds
Iteration 39:	0.0002009869 seconds	0.0000000000 seconds
Iteration 39:	0.0002050400 seconds	0.0000000000 seconds
Iteration 39:	0.0001981258 seconds	0.0000000000 seconds
Iteration 39:	0.0002009869 seconds	0.0000000000 seconds
Iteration 39:	0.0001990795 seconds	0.0000000000 seconds
Iteration 39:	0.0001990795 seconds	0.0000000000 seconds
Iteration 39:	0.0002019405 seconds	0.0000000000 seconds
Iteration 39:	0.0002040863 seconds	0.0000000000 seconds
Iteration 39:	0.0001969337 seconds	0.0000000000 seconds
Iteration 40:	0.0002079010 seconds	0.0000000000 seconds
Iteration 40:	0.0002129078 seconds	0.0000000000 seconds
Iteration 40:	0.0002110004 seconds	0.0000000000 seconds
Iteration 40:	0.0002100468 seconds	0.0000000000 seconds
Iteration 40:	0.0002088547 seconds	0.0000000000 seconds
Iteration 40:	0.0002138615 seconds	0.0000000000 seconds
Iteration 40:	0.0002119541 seconds	0.0000000000 seconds
Iteration 40:	0.0002110004 seconds	0.0000000000 seconds
Iteration 40:	0.0002069473 seconds	0.0000000000 seconds
Iteration 40:	0.0002069473 seconds	0.0000000000 seconds
Iteration 40:	0.0002059937 seconds	0.0000000000 seconds
Iteration 40:	0.0002069473 seconds	0.0000000000 seconds
Iteration 41:	0.0001988411 seconds	0.0000000000 seconds
Iteration 41:	0.0001981258 seconds	0.0000000000 seconds
Iteration 41:	0.0002028942 seconds	0.0000000000 seconds
Iteration 41:	0.0002050400 seconds	0.0000000000 seconds
Iteration 41:	0.0002019405 seconds	0.0000000000 seconds
Iteration 41:	0.0002019405 seconds	0.0000000000 seconds
Iteration 41:	0.0002031326 seconds	0.0000000000 seconds
Iteration 41:	0.0002000332 seconds	0.0000000000 seconds
Iteration 41:	0.0002040863 seconds	0.0000009537 seconds
Iteration 41:	0.0001990795 seconds	0.0000000000 seconds
Iteration 41:	0.0002019405 seconds	0.0000000000 seconds
Iteration 41:	0.0001990795 seconds	0.0000000000 seconds
Iteration 42:	0.0002100468 seconds	0.0000000000 seconds
Iteration 42:	0.0002110004 seconds	0.0000000000 seconds
Iteration 42:	0.0002129078 seconds	0.0000000000 seconds
Iteration 42:	0.0002100468 seconds	0.0000000000 seconds
Iteration 42:	0.0002088547 seconds	0.0000000000 seconds
Iteration 42:	0.0002160072 seconds	0.0000000000 seconds
Iteration 42:	0.0002138615 seconds	0.0000000000 seconds
Iteration 42:	0.0002138615 seconds	0.0000000000 seconds
Iteration 42:	0.0002138615 seconds	0.0000000000 seconds
Iteration 42:	0.0002100468 seconds	0.0000000000 seconds
Iteration 42:	0.0002088547 seconds	0.0000000000 seconds
Iteration 42:	0.0002100468 seconds	0.0000000000 seconds
Iteration 43:	0.0001990795 seconds	0.0000000000 seconds
Iteration 43:	0.0002019405 seconds	0.0000000000 seconds
Iteration 43:	0.0002000332 seconds	0.0000000000 seconds
Iteration 43:	0.0001959801 seconds	0.0000009537 seconds
Iteration 43:	0.0001997948 seconds	0.0000000000 seconds
Iteration 43:	0.0002021790 seconds	0.0000000000 seconds
Iteration 43:	0.0002021790 seconds	0.0000000000 seconds
Iteration 43:	0.0001950264 seconds	0.0000000000 seconds
Iteration 43:	0.0001981258 seconds	0.0000000000 seconds
Iteration 43:	0.0001971722 seconds	0.0000000000 seconds
Iteration 43:	0.0002031326 seconds	0.0000000000 seconds
Iteration 43:	0.0001971722 seconds	0.0000000000 seconds
Iteration 44:	0.0002129078 seconds	0.0000000000 seconds
Iteration 44:	0.0002079010 seconds	0.0000000000 seconds
Iteration 44:	0.0002148151 seconds	0.0000000000 seconds
Iteration 44:	0.0002121925 seconds	0.0000000000 seconds
Iteration 44:	0.0002098083 seconds	0.0000000000 seconds
Iteration 44:	0.0002059937 seconds	0.0000000000 seconds
Iteration 44:	0.0002110004 seconds	0.0000000000 seconds
Iteration 44:	0.0002069473 seconds	0.0000000000 seconds
Iteration 44:	0.0002071857 seconds	0.0000000000 seconds
Iteration 44:	0.0002100468 seconds	0.0000000000 seconds
Iteration 44:	0.0002121925 seconds	0.0000000000 seconds
Iteration 44:	0.0002069473 seconds	0.0000009537 seconds
Iteration 45:	0.0001950264 seconds	0.0000000000 seconds
Iteration 45:	0.0001988411 seconds	0.0000000000 seconds
Iteration 45:	0.0001981258 seconds	0.0000000000 seconds
Iteration 45:	0.0001990795 seconds	0.0000000000 seconds
Iteration 45:	0.0001990795 seconds	0.0000000000 seconds
Iteration 45:	0.0001981258 seconds	0.0000000000 seconds
Iteration 45:	0.0002031326 seconds	0.0000000000 seconds
Iteration 45:	0.0002021790 seconds	0.0000000000 seconds
Iteration 45:	0.0001981258 seconds	0.0000000000 seconds
Iteration 45:	0.0002031326 seconds	0.0000000000 seconds
Iteration 45:	0.0002019405 seconds	0.0000000000 seconds
Iteration 45:	0.0001981258 seconds	0.0000000000 seconds
Iteration 46:	0.0002069473 seconds	0.0000000000 seconds
Iteration 46:	0.0002059937 seconds	0.0000000000 seconds
Iteration 46:	0.0002110004 seconds	0.0000000000 seconds
Iteration 46:	0.0002098083 seconds	0.0000000000 seconds
Iteration 46:	0.0002069473 seconds	0.0000000000 seconds
Iteration 46:	0.0002088547 seconds	0.0000000000 seconds
Iteration 46:	0.0002050400 seconds	0.0000000000 seconds
Iteration 46:	0.0002100468 seconds	0.0000000000 seconds
Iteration 46:	0.0002110004 seconds	0.0000000000 seconds
Iteration 46:	0.0002071857 seconds	0.0000009537 seconds
Iteration 46:	0.0002110004 seconds	0.0000000000 seconds
Iteration 46:	0.0002059937 seconds	0.0000000000 seconds
Iteration 47:	0.0001990795 seconds	0.0000000000 seconds
Iteration 47:	0.0001981258 seconds	0.0000000000 seconds
Iteration 47:	0.0002021790 seconds	0.0000000000 seconds
Iteration 47:	0.0001962185 seconds	0.0000000000 seconds
Iteration 47:	0.0002012253 seconds	0.0000000000 seconds
Iteration 47:	0.0002000332 seconds	0.0000000000 seconds
Iteration 47:	0.0001971722 seconds	0.0000000000 seconds
Iteration 47:	0.0002009869 seconds	0.0000000000 seconds
Iteration 47:	0.0001981258 seconds	0.0000000000 seconds
Iteration 47:	0.0001981258 seconds	0.0000000000 seconds
Iteration 47:	0.0001959801 seconds	0.0000000000 seconds
Iteration 47:	0.0001959801 seconds	0.0000000000 seconds
Iteration 48:	0.0002088547 seconds	0.0000000000 seconds
Iteration 48:	0.0002040863 seconds	0.0000000000 seconds
Iteration 48:	0.0002110004 seconds	0.0000000000 seconds
Iteration 48:	0.0002079010 seconds	0.0000000000 seconds
Iteration 48:	0.0002079010 seconds	0.0000000000 seconds
Iteration 48:	0.0002069473 seconds	0.0000000000 seconds
Iteration 48:	0.0002059937 seconds	0.0000000000 seconds
Iteration 48:	0.0002119541 seconds	0.0000000000 seconds
Iteration 48:	0.0002088547 seconds	0.0000000000 seconds
Iteration 48:	0.0002098083 seconds	0.0000000000 seconds
Iteration 48:	0.0002069473 seconds	0.0000000000 seconds
Iteration 48:	0.0002059937 seconds	0.0000000000 seconds
Iteration 49:	0.0001969337 seconds	0.0000000000 seconds
Iteration 49:	0.0001940727 seconds	0.0000000000 seconds
Iteration 49:	0.0001990795 seconds	0.0000000000 seconds
Iteration 49:	0.0001940727 seconds	0.0000000000 seconds
Iteration 49:	0.0001981258 seconds	0.0000000000 seconds
Iteration 49:	0.0001969337 seconds	0.0000000000 seconds
Iteration 49:	0.0001981258 seconds	0.0000000000 seconds
Iteration 49:	0.0001950264 seconds	0.0000000000 seconds
Iteration 49:	0.0001959801 seconds	0.0000000000 seconds
Iteration 49:	0.0001990795 seconds	0.0000000000 seconds
Iteration 49:	0.0001940727 seconds	0.0000000000 seconds
Iteration 49:	0.0001969337 seconds	0.0000000000 seconds
Iteration 50:	0.0002088547 seconds	0.0000000000 seconds
Iteration 50:	0.0002081394 seconds	0.0000000000 seconds
Iteration 50:	0.0002071857 seconds	0.0000000000 seconds
Iteration 50:	0.0002081394 seconds	0.0000000000 seconds
Iteration 50:	0.0002050400 seconds	0.0000000000 seconds
Iteration 50:	0.0002081394 seconds	0.0000000000 seconds
Iteration 50:	0.0002050400 seconds	0.0000000000 seconds
Iteration 50:	0.0002081394 seconds	0.0000000000 seconds
Iteration 50:	0.0002090931 seconds	0.0000000000 seconds
Iteration 50:	0.0002069473 seconds	0.0000000000 seconds
Iteration 50:	0.0002059937 seconds	0.0000000000 seconds
Iteration 50:	0.0002100468 seconds	0.0000000000 seconds
Iteration 51:	0.0001969337 seconds	0.0000000000 seconds
Iteration 51:	0.0001919270 seconds	0.0000000000 seconds
Iteration 51:	0.0002000332 seconds	0.0000000000 seconds
Iteration 51:	0.0001988411 seconds	0.0000000000 seconds
Iteration 51:	0.0002000332 seconds	0.0000000000 seconds
Iteration 51:	0.0001950264 seconds	0.0000000000 seconds
Iteration 51:	0.0001950264 seconds	0.0000000000 seconds
Iteration 51:	0.0001950264 seconds	0.0000000000 seconds
Iteration 51:	0.0001988411 seconds	0.0000000000 seconds
Iteration 51:	0.0001981258 seconds	0.0000000000 seconds
Iteration 51:	0.0001990795 seconds	0.0000000000 seconds
Iteration 51:	0.0001940727 seconds	0.0000000000 seconds
Iteration 52:	0.0002069473 seconds	0.0000000000 seconds
Iteration 52:	0.0002081394 seconds	0.0000000000 seconds
Iteration 52:	0.0002100468 seconds	0.0000000000 seconds
Iteration 52:	0.0002119541 seconds	0.0000000000 seconds
Iteration 52:	0.0002131462 seconds	0.0000000000 seconds
Iteration 52:	0.0002160072 seconds	0.0000000000 seconds
Iteration 52:	0.0002031326 seconds	0.0000000000 seconds
Iteration 52:	0.0002131462 seconds	0.0000000000 seconds
Iteration 52:	0.0002110004 seconds	0.0000000000 seconds
Iteration 52:	0.0002081394 seconds	0.0000000000 seconds
Iteration 52:	0.0002081394 seconds	0.0000000000 seconds
Iteration 52:	0.0002100468 seconds	0.0000000000 seconds
Iteration 53:	0.0001931190 seconds	0.0000000000 seconds
Iteration 53:	0.0001990795 seconds	0.0000000000 seconds
Iteration 53:	0.0001940727 seconds	0.0000000000 seconds
Iteration 53:	0.0001981258 seconds	0.0000000000 seconds
Iteration 53:	0.0001931190 seconds	0.0000000000 seconds
Iteration 53:	0.0002000332 seconds	0.0000000000 seconds
Iteration 53:	0.0001971722 seconds	0.0000000000 seconds
Iteration 53:	0.0001940727 seconds	0.0000000000 seconds
Iteration 53:	0.0001969337 seconds	0.0000000000 seconds
Iteration 53:	0.0002040863 seconds	0.0000000000 seconds
Iteration 53:	0.0001959801 seconds	0.0000011921 seconds
Iteration 53:	0.0001959801 seconds	0.0000000000 seconds
Iteration 54:	0.0002059937 seconds	0.0000000000 seconds
Iteration 54:	0.0002059937 seconds	0.0000000000 seconds
Iteration 54:	0.0002088547 seconds	0.0000000000 seconds
Iteration 54:	0.0002098083 seconds	0.0000000000 seconds
Iteration 54:	0.0002079010 seconds	0.0000000000 seconds
Iteration 54:	0.0002079010 seconds	0.0000000000 seconds
Iteration 54:	0.0002038479 seconds	0.0000000000 seconds
Iteration 54:	0.0002050400 seconds	0.0000000000 seconds
Iteration 54:	0.0002059937 seconds	0.0000000000 seconds
Iteration 54:	0.0002038479 seconds	0.0000000000 seconds
Iteration 54:	0.0002028942 seconds	0.0000000000 seconds
Iteration 54:	0.0002088547 seconds	0.0000000000 seconds
Iteration 55:	0.0001959801 seconds	0.0000000000 seconds
Iteration 55:	0.0001959801 seconds	0.0000000000 seconds
Iteration 55:	0.0001971722 seconds	0.0000000000 seconds
Iteration 55:	0.0001940727 seconds	0.0000000000 seconds
Iteration 55:	0.0001959801 seconds	0.0000000000 seconds
Iteration 55:	0.0001950264 seconds	0.0000000000 seconds
Iteration 55:	0.0001981258 seconds	0.0000000000 seconds
Iteration 55:	0.0001990795 seconds	0.0000000000 seconds
Iteration 55:	0.0001959801 seconds	0.0000009537 seconds
Iteration 55:	0.0002009869 seconds	0.0000000000 seconds
Iteration 55:	0.0001959801 seconds	0.0000000000 seconds
Iteration 55:	0.0001950264 seconds	0.0000000000 seconds
Iteration 56:	0.0001997948 seconds	0.0000000000 seconds
Iteration 56:	0.0002021790 seconds	0.0000000000 seconds
Iteration 56:	0.0002088547 seconds	0.0000000000 seconds
Iteration 56:	0.0002038479 seconds	0.0000000000 seconds
Iteration 56:	0.0002071857 seconds	0.0000009537 seconds
Iteration 56:	0.0002079010 seconds	0.0000000000 seconds
Iteration 56:	0.0002088547 seconds	0.0000000000 seconds
Iteration 56:	0.0002069473 seconds	0.0000000000 seconds
Iteration 56:	0.0002079010 seconds	0.0000000000 seconds
Iteration 56:	0.0002090931 seconds	0.0000000000 seconds
Iteration 56:	0.0002088547 seconds	0.0000000000 seconds
Iteration 56:	0.0002050400 seconds	0.0000000000 seconds
Iteration 57:	0.0001909733 seconds	0.0000000000 seconds
Iteration 57:	0.0002028942 seconds	0.0000000000 seconds
Iteration 57:	0.0002081394 seconds	0.0000000000 seconds
Iteration 57:	0.0002081394 seconds	0.0000000000 seconds
Iteration 57:	0.0001997948 seconds	0.0000000000 seconds
Iteration 57:	0.0001988411 seconds	0.0000000000 seconds
Iteration 57:	0.0001988411 seconds	0.0000000000 seconds
Iteration 57:	0.0001969337 seconds	0.0000000000 seconds
Iteration 57:	0.0001988411 seconds	0.0000000000 seconds
Iteration 57:	0.0001978874 seconds	0.0000000000 seconds
Iteration 57:	0.0001988411 seconds	0.0000000000 seconds
Iteration 57:	0.0001947880 seconds	0.0000000000 seconds
Iteration 58:	0.0002038479 seconds	0.0000000000 seconds
Iteration 58:	0.0001997948 seconds	0.0000000000 seconds
Iteration 58:	0.0002059937 seconds	0.0000000000 seconds
Iteration 58:	0.0002009869 seconds	0.0000000000 seconds
Iteration 58:	0.0002040863 seconds	0.0000000000 seconds
Iteration 58:	0.0002038479 seconds	0.0000000000 seconds
Iteration 58:	0.0002028942 seconds	0.0000000000 seconds
Iteration 58:	0.0002019405 seconds	0.0000000000 seconds
Iteration 58:	0.0002009869 seconds	0.0000000000 seconds
Iteration 58:	0.0001997948 seconds	0.0000000000 seconds
Iteration 58:	0.0002048016 seconds	0.0000000000 seconds
Iteration 58:	0.0002048016 seconds	0.0000011921 seconds
Iteration 59:	0.0001888275 seconds	0.0000000000 seconds
Iteration 59:	0.0001928806 seconds	0.0000000000 seconds
Iteration 59:	0.0001938343 seconds	0.0000000000 seconds
Iteration 59:	0.0001919270 seconds	0.0000000000 seconds
Iteration 59:	0.0001971722 seconds	0.0000000000 seconds
Iteration 59:	0.0001950264 seconds	0.0000000000 seconds
Iteration 59:	0.0001921654 seconds	0.0000000000 seconds
Iteration 59:	0.0001950264 seconds	0.0000000000 seconds
Iteration 59:	0.0001971722 seconds	0.0000000000 seconds
Iteration 59:	0.0001921654 seconds	0.0000000000 seconds
Iteration 59:	0.0001990795 seconds	0.0000000000 seconds
Iteration 59:	0.0001890659 seconds	0.0000000000 seconds
Iteration 60:	0.0002000332 seconds	0.0000000000 seconds
Iteration 60:	0.0002038479 seconds	0.0000000000 seconds
Iteration 60:	0.0002019405 seconds	0.0000000000 seconds
Iteration 60:	0.0002028942 seconds	0.0000000000 seconds
Iteration 60:	0.0002081394 seconds	0.0000000000 seconds
Iteration 60:	0.0002040863 seconds	0.0000000000 seconds
Iteration 60:	0.0002031326 seconds	0.0000000000 seconds
Iteration 60:	0.0002081394 seconds	0.0000000000 seconds
Iteration 60:	0.0002059937 seconds	0.0000000000 seconds
Iteration 60:	0.0002021790 seconds	0.0000000000 seconds
Iteration 60:	0.0002050400 seconds	0.0000009537 seconds
Iteration 60:	0.0002059937 seconds	0.0000000000 seconds
Iteration 61:	0.0001890659 seconds	0.0000000000 seconds
Iteration 61:	0.0001909733 seconds	0.0000000000 seconds
Iteration 61:	0.0001900196 seconds	0.0000000000 seconds
Iteration 61:	0.0001928806 seconds	0.0000000000 seconds
Iteration 61:	0.0001950264 seconds	0.0000000000 seconds
Iteration 61:	0.0001931190 seconds	0.0000000000 seconds
Iteration 61:	0.0001950264 seconds	0.0000000000 seconds
Iteration 61:	0.0001940727 seconds	0.0000000000 seconds
Iteration 61:	0.0001990795 seconds	0.0000000000 seconds
Iteration 61:	0.0001940727 seconds	0.0000000000 seconds
Iteration 61:	0.0001969337 seconds	0.0000000000 seconds
Iteration 61:	0.0001971722 seconds	0.0000000000 seconds
Iteration 62:	0.0001990795 seconds	0.0000000000 seconds
Iteration 62:	0.0001950264 seconds	0.0000000000 seconds
Iteration 62:	0.0002028942 seconds	0.0000000000 seconds
Iteration 62:	0.0002000332 seconds	0.0000000000 seconds
Iteration 62:	0.0001988411 seconds	0.0000000000 seconds
Iteration 62:	0.0001959801 seconds	0.0000000000 seconds
Iteration 62:	0.0002000332 seconds	0.0000000000 seconds
Iteration 62:	0.0002019405 seconds	0.0000000000 seconds
Iteration 62:	0.0001969337 seconds	0.0000009537 seconds
Iteration 62:	0.0002000332 seconds	0.0000000000 seconds
Iteration 62:	0.0001969337 seconds	0.0000000000 seconds
Iteration 62:	0.0002019405 seconds	0.0000000000 seconds
Iteration 63:	0.0001969337 seconds	0.0000000000 seconds
Iteration 63:	0.0001859665 seconds	0.0000000000 seconds
Iteration 63:	0.0001931190 seconds	0.0000000000 seconds
Iteration 63:	0.0001921654 seconds	0.0000000000 seconds
Iteration 63:	0.0002000332 seconds	0.0000000000 seconds
Iteration 63:	0.0001931190 seconds	0.0000000000 seconds
Iteration 63:	0.0001940727 seconds	0.0000000000 seconds
Iteration 63:	0.0001950264 seconds	0.0000000000 seconds
Iteration 63:	0.0002009869 seconds	0.0000000000 seconds
Iteration 63:	0.0001990795 seconds	0.0000000000 seconds
Iteration 63:	0.0001931190 seconds	0.0000000000 seconds
Iteration 63:	0.0001971722 seconds	0.0000000000 seconds
Iteration 64:	0.0001969337 seconds	0.0000000000 seconds
Iteration 64:	0.0001938343 seconds	0.0000000000 seconds
Iteration 64:	0.0001959801 seconds	0.0000000000 seconds
Iteration 64:	0.0001981258 seconds	0.0000000000 seconds
Iteration 64:	0.0001938343 seconds	0.0000000000 seconds
Iteration 64:	0.0001997948 seconds	0.0000000000 seconds
Iteration 64:	0.0002038479 seconds	0.0000000000 seconds
Iteration 64:	0.0002019405 seconds	0.0000000000 seconds
Iteration 64:	0.0001959801 seconds	0.0000000000 seconds
Iteration 64:	0.0001969337 seconds	0.0000000000 seconds
Iteration 64:	0.0002000332 seconds	0.0000000000 seconds
Iteration 64:	0.0001959801 seconds	0.0000000000 seconds
Iteration 65:	0.0001828671 seconds	0.0000011921 seconds
Iteration 65:	0.0001850128 seconds	0.0000000000 seconds
Iteration 65:	0.0001909733 seconds	0.0000000000 seconds
Iteration 65:	0.0001900196 seconds	0.0000000000 seconds
Iteration 65:	0.0001838207 seconds	0.0000000000 seconds
Iteration 65:	0.0001850128 seconds	0.0000000000 seconds
Iteration 65:	0.0001900196 seconds	0.0000000000 seconds
Iteration 65:	0.0001878738 seconds	0.0000000000 seconds
Iteration 65:	0.0001897812 seconds	0.0000000000 seconds
Iteration 65:	0.0001888275 seconds	0.0000000000 seconds
Iteration 65:	0.0001869202 seconds	0.0000000000 seconds
Iteration 65:	0.0001919270 seconds	0.0000000000 seconds
Iteration 66:	0.0001931190 seconds	0.0000000000 seconds
Iteration 66:	0.0001990795 seconds	0.0000000000 seconds
Iteration 66:	0.0001981258 seconds	0.0000000000 seconds
Iteration 66:	0.0001940727 seconds	0.0000000000 seconds
Iteration 66:	0.0001940727 seconds	0.0000000000 seconds
Iteration 66:	0.0001909733 seconds	0.0000011921 seconds
Iteration 66:	0.0001940727 seconds	0.0000000000 seconds
Iteration 66:	0.0001950264 seconds	0.0000000000 seconds
Iteration 66:	0.0001931190 seconds	0.0000000000 seconds
Iteration 66:	0.0001950264 seconds	0.0000000000 seconds
Iteration 66:	0.0001931190 seconds	0.0000000000 seconds
Iteration 66:	0.0001919270 seconds	0.0000000000 seconds
Iteration 67:	0.0001888275 seconds	0.0000000000 seconds
Iteration 67:	0.0001862049 seconds	0.0000000000 seconds
Iteration 67:	0.0001881123 seconds	0.0000000000 seconds
Iteration 67:	0.0001871586 seconds	0.0000000000 seconds
Iteration 67:	0.0001871586 seconds	0.0000000000 seconds
Iteration 67:	0.0001840591 seconds	0.0000000000 seconds
Iteration 67:	0.0001881123 seconds	0.0000000000 seconds
Iteration 67:	0.0001850128 seconds	0.0000000000 seconds
Iteration 67:	0.0001840591 seconds	0.0000000000 seconds
Iteration 67:	0.0001871586 seconds	0.0000000000 seconds
Iteration 67:	0.0001850128 seconds	0.0000000000 seconds
Iteration 67:	0.0001890659 seconds	0.0000000000 seconds
Iteration 68:	0.0001909733 seconds	0.0000000000 seconds
Iteration 68:	0.0001869202 seconds	0.0000000000 seconds
Iteration 68:	0.0001900196 seconds	0.0000000000 seconds
Iteration 68:	0.0001909733 seconds	0.0000000000 seconds
Iteration 68:	0.0001909733 seconds	0.0000000000 seconds
Iteration 68:	0.0001869202 seconds	0.0000000000 seconds
Iteration 68:	0.0001909733 seconds	0.0000000000 seconds
Iteration 68:	0.0001938343 seconds	0.0000000000 seconds
Iteration 68:	0.0001900196 seconds	0.0000000000 seconds
Iteration 68:	0.0001909733 seconds	0.0000000000 seconds
Iteration 68:	0.0001888275 seconds	0.0000000000 seconds
Iteration 68:	0.0001888275 seconds	0.0000000000 seconds
Iteration 69:	0.0001831055 seconds	0.0000000000 seconds
Iteration 69:	0.0001831055 seconds	0.0000000000 seconds
Iteration 69:	0.0001850128 seconds	0.0000000000 seconds
Iteration 69:	0.0001800060 seconds	0.0000000000 seconds
Iteration 69:	0.0001819134 seconds	0.0000000000 seconds
Iteration 69:	0.0001819134 seconds	0.0000000000 seconds
Iteration 69:	0.0001869202 seconds	0.0000000000 seconds
Iteration 69:	0.0001809597 seconds	0.0000000000 seconds
Iteration 69:	0.0001828671 seconds	0.0000000000 seconds
Iteration 69:	0.0001819134 seconds	0.0000000000 seconds
Iteration 69:	0.0001840591 seconds	0.0000000000 seconds
Iteration 69:	0.0001850128 seconds	0.0000000000 seconds
Iteration 70:	0.0001871586 seconds	0.0000000000 seconds
Iteration 70:	0.0001871586 seconds	0.0000000000 seconds
Iteration 70:	0.0001890659 seconds	0.0000000000 seconds
Iteration 70:	0.0001931190 seconds	0.0000000000 seconds
Iteration 70:	0.0001881123 seconds	0.0000000000 seconds
Iteration 70:	0.0001919270 seconds	0.0000000000 seconds
Iteration 70:	0.0001909733 seconds	0.0000000000 seconds
Iteration 70:	0.0001859665 seconds	0.0000000000 seconds
Iteration 70:	0.0001890659 seconds	0.0000000000 seconds
Iteration 70:	0.0001850128 seconds	0.0000000000 seconds
Iteration 70:	0.0001878738 seconds	0.0000000000 seconds
Iteration 70:	0.0001869202 seconds	0.0000000000 seconds
Iteration 71:	0.0001749992 seconds	0.0000000000 seconds
Iteration 71:	0.0001778603 seconds	0.0000009537 seconds
Iteration 71:	0.0001840591 seconds	0.0000000000 seconds
Iteration 71:	0.0001838207 seconds	0.0000000000 seconds
Iteration 71:	0.0001831055 seconds	0.0000000000 seconds
Iteration 71:	0.0001831055 seconds	0.0000000000 seconds
Iteration 71:	0.0001831055 seconds	0.0000000000 seconds
Iteration 71:	0.0001821518 seconds	0.0000000000 seconds
Iteration 71:	0.0001821518 seconds	0.0000000000 seconds
Iteration 71:	0.0001790524 seconds	0.0000000000 seconds
Iteration 71:	0.0001850128 seconds	0.0000000000 seconds
Iteration 71:	0.0001809597 seconds	0.0000000000 seconds
Iteration 72:	0.0001921654 seconds	0.0000000000 seconds
Iteration 72:	0.0001831055 seconds	0.0000000000 seconds
Iteration 72:	0.0001821518 seconds	0.0000000000 seconds
Iteration 72:	0.0001859665 seconds	0.0000000000 seconds
Iteration 72:	0.0001821518 seconds	0.0000000000 seconds
Iteration 72:	0.0001809597 seconds	0.0000000000 seconds
Iteration 72:	0.0001850128 seconds	0.0000000000 seconds
Iteration 72:	0.0001909733 seconds	0.0000000000 seconds
Iteration 72:	0.0001859665 seconds	0.0000000000 seconds
Iteration 72:	0.0001819134 seconds	0.0000000000 seconds
Iteration 72:	0.0001869202 seconds	0.0000000000 seconds
Iteration 72:	0.0001850128 seconds	0.0000000000 seconds
Iteration 73:	0.0001771450 seconds	0.0000000000 seconds
Iteration 73:	0.0001800060 seconds	0.0000000000 seconds
Iteration 73:	0.0001819134 seconds	0.0000000000 seconds
Iteration 73:	0.0001759529 seconds	0.0000000000 seconds
Iteration 73:	0.0001809597 seconds	0.0000000000 seconds
Iteration 73:	0.0001769066 seconds	0.0000000000 seconds
Iteration 73:	0.0001771450 seconds	0.0000000000 seconds
Iteration 73:	0.0001790524 seconds	0.0000000000 seconds
Iteration 73:	0.0001800060 seconds	0.0000009537 seconds
Iteration 73:	0.0001769066 seconds	0.0000000000 seconds
Iteration 73:	0.0001790524 seconds	0.0000000000 seconds
Iteration 73:	0.0001819134 seconds	0.0000000000 seconds
Iteration 74:	0.0001850128 seconds	0.0000000000 seconds
Iteration 74:	0.0001890659 seconds	0.0000000000 seconds
Iteration 74:	0.0001900196 seconds	0.0000000000 seconds
Iteration 74:	0.0001859665 seconds	0.0000000000 seconds
Iteration 74:	0.0001761913 seconds	0.0000000000 seconds
Iteration 74:	0.0001831055 seconds	0.0000000000 seconds
Iteration 74:	0.0001780987 seconds	0.0000000000 seconds
Iteration 74:	0.0001921654 seconds	0.0000000000 seconds
Iteration 74:	0.0001831055 seconds	0.0000000000 seconds
Iteration 74:	0.0001890659 seconds	0.0000000000 seconds
Iteration 74:	0.0001871586 seconds	0.0000000000 seconds
Iteration 74:	0.0001881123 seconds	0.0000000000 seconds
Iteration 75:	0.0001690388 seconds	0.0000000000 seconds
Iteration 75:	0.0001709461 seconds	0.0000000000 seconds
Iteration 75:	0.0001740456 seconds	0.0000000000 seconds
Iteration 75:	0.0001769066 seconds	0.0000000000 seconds
Iteration 75:	0.0001759529 seconds	0.0000000000 seconds
Iteration 75:	0.0001749992 seconds	0.0000000000 seconds
Iteration 75:	0.0001699924 seconds	0.0000000000 seconds
Iteration 75:	0.0001769066 seconds	0.0000000000 seconds
Iteration 75:	0.0001730919 seconds	0.0000000000 seconds
Iteration 75:	0.0001749992 seconds	0.0000000000 seconds
Iteration 75:	0.0001740456 seconds	0.0000000000 seconds
Iteration 75:	0.0001790524 seconds	0.0000000000 seconds
Iteration 76:	0.0001709461 seconds	0.0000000000 seconds
Iteration 76:	0.0001749992 seconds	0.0000000000 seconds
Iteration 76:	0.0001699924 seconds	0.0000000000 seconds
Iteration 76:	0.0001718998 seconds	0.0000000000 seconds
Iteration 76:	0.0001759529 seconds	0.0000000000 seconds
Iteration 76:	0.0001749992 seconds	0.0000000000 seconds
Iteration 76:	0.0001790524 seconds	0.0000000000 seconds
Iteration 76:	0.0001759529 seconds	0.0000000000 seconds
Iteration 76:	0.0001819134 seconds	0.0000000000 seconds
Iteration 76:	0.0001780987 seconds	0.0000000000 seconds
Iteration 76:	0.0001788139 seconds	0.0000000000 seconds
Iteration 76:	0.0001828671 seconds	0.0000000000 seconds
Iteration 77:	0.0001699924 seconds	0.0000000000 seconds
Iteration 77:	0.0001699924 seconds	0.0000000000 seconds
Iteration 77:	0.0001690388 seconds	0.0000000000 seconds
Iteration 77:	0.0001680851 seconds	0.0000000000 seconds
Iteration 77:	0.0001671314 seconds	0.0000000000 seconds
Iteration 77:	0.0001699924 seconds	0.0000000000 seconds
Iteration 77:	0.0001661777 seconds	0.0000000000 seconds
Iteration 77:	0.0001680851 seconds	0.0000000000 seconds
Iteration 77:	0.0001680851 seconds	0.0000000000 seconds
Iteration 77:	0.0001671314 seconds	0.0000000000 seconds
Iteration 77:	0.0001740456 seconds	0.0000000000 seconds
Iteration 77:	0.0001718998 seconds	0.0000000000 seconds
Iteration 78:	0.0001709461 seconds	0.0000000000 seconds
Iteration 78:	0.0001771450 seconds	0.0000000000 seconds
Iteration 78:	0.0001740456 seconds	0.0000000000 seconds
Iteration 78:	0.0001690388 seconds	0.0000000000 seconds
Iteration 78:	0.0001759529 seconds	0.0000000000 seconds
Iteration 78:	0.0001759529 seconds	0.0000000000 seconds
Iteration 78:	0.0001740456 seconds	0.0000000000 seconds
Iteration 78:	0.0001769066 seconds	0.0000000000 seconds
Iteration 78:	0.0001809597 seconds	0.0000000000 seconds
Iteration 78:	0.0001800060 seconds	0.0000000000 seconds
Iteration 78:	0.0001800060 seconds	0.0000000000 seconds
Iteration 78:	0.0001769066 seconds	0.0000000000 seconds
Iteration 79:	0.0001688004 seconds	0.0000000000 seconds
Iteration 79:	0.0001680851 seconds	0.0000000000 seconds
Iteration 79:	0.0001721382 seconds	0.0000009537 seconds
Iteration 79:	0.0001709461 seconds	0.0000000000 seconds
Iteration 79:	0.0001649857 seconds	0.0000000000 seconds
Iteration 79:	0.0001699924 seconds	0.0000000000 seconds
Iteration 79:	0.0001690388 seconds	0.0000000000 seconds
Iteration 79:	0.0001721382 seconds	0.0000000000 seconds
Iteration 79:	0.0001671314 seconds	0.0000000000 seconds
Iteration 79:	0.0001699924 seconds	0.0000011921 seconds
Iteration 79:	0.0001661777 seconds	0.0000009537 seconds
Iteration 79:	0.0001680851 seconds	0.0000000000 seconds
Iteration 80:	0.0001659393 seconds	0.0000000000 seconds
Iteration 80:	0.0001728535 seconds	0.0000000000 seconds
Iteration 80:	0.0001699924 seconds	0.0000000000 seconds
Iteration 80:	0.0001668930 seconds	0.0000000000 seconds
Iteration 80:	0.0001749992 seconds	0.0000000000 seconds
Iteration 80:	0.0001721382 seconds	0.0000000000 seconds
Iteration 80:	0.0001668930 seconds	0.0000000000 seconds
Iteration 80:	0.0001740456 seconds	0.0000000000 seconds
Iteration 80:	0.0001718998 seconds	0.0000000000 seconds
Iteration 80:	0.0001678467 seconds	0.0000000000 seconds
Iteration 80:	0.0001659393 seconds	0.0000000000 seconds
Iteration 80:	0.0001718998 seconds	0.0000000000 seconds
Iteration 81:	0.0001618862 seconds	0.0000000000 seconds
Iteration 81:	0.0001649857 seconds	0.0000000000 seconds
Iteration 81:	0.0001637936 seconds	0.0000000000 seconds
Iteration 81:	0.0001659393 seconds	0.0000000000 seconds
Iteration 81:	0.0001640320 seconds	0.0000000000 seconds
Iteration 81:	0.0001699924 seconds	0.0000000000 seconds
Iteration 81:	0.0001649857 seconds	0.0000000000 seconds
Iteration 81:	0.0001649857 seconds	0.0000000000 seconds
Iteration 81:	0.0001621246 seconds	0.0000000000 seconds
Iteration 81:	0.0001640320 seconds	0.0000000000 seconds
Iteration 81:	0.0001640320 seconds	0.0000000000 seconds
Iteration 81:	0.0001640320 seconds	0.0000000000 seconds
Iteration 82:	0.0001649857 seconds	0.0000000000 seconds
Iteration 82:	0.0001659393 seconds	0.0000000000 seconds
Iteration 82:	0.0001678467 seconds	0.0000000000 seconds
Iteration 82:	0.0001699924 seconds	0.0000000000 seconds
Iteration 82:	0.0001678467 seconds	0.0000000000 seconds
Iteration 82:	0.0001671314 seconds	0.0000000000 seconds
Iteration 82:	0.0001668930 seconds	0.0000000000 seconds
Iteration 82:	0.0001699924 seconds	0.0000000000 seconds
Iteration 82:	0.0001699924 seconds	0.0000000000 seconds
Iteration 82:	0.0001680851 seconds	0.0000000000 seconds
Iteration 82:	0.0001711845 seconds	0.0000000000 seconds
Iteration 82:	0.0001718998 seconds	0.0000000000 seconds
Iteration 83:	0.0001609325 seconds	0.0000000000 seconds
Iteration 83:	0.0001590252 seconds	0.0000000000 seconds
Iteration 83:	0.0001640320 seconds	0.0000000000 seconds
Iteration 83:	0.0001599789 seconds	0.0000000000 seconds
Iteration 83:	0.0001618862 seconds	0.0000000000 seconds
Iteration 83:	0.0001628399 seconds	0.0000000000 seconds
Iteration 83:	0.0001618862 seconds	0.0000000000 seconds
Iteration 83:	0.0001609325 seconds	0.0000000000 seconds
Iteration 83:	0.0001678467 seconds	0.0000000000 seconds
Iteration 83:	0.0001640320 seconds	0.0000000000 seconds
Iteration 83:	0.0001640320 seconds	0.0000000000 seconds
Iteration 83:	0.0001640320 seconds	0.0000000000 seconds
Iteration 84:	0.0001690388 seconds	0.0000000000 seconds
Iteration 84:	0.0001690388 seconds	0.0000000000 seconds
Iteration 84:	0.0001668930 seconds	0.0000000000 seconds
Iteration 84:	0.0001649857 seconds	0.0000000000 seconds
Iteration 84:	0.0001609325 seconds	0.0000009537 seconds
Iteration 84:	0.0001630783 seconds	0.0000000000 seconds
Iteration 84:	0.0001659393 seconds	0.0000000000 seconds
Iteration 84:	0.0001649857 seconds	0.0000000000 seconds
Iteration 84:	0.0001668930 seconds	0.0000000000 seconds
Iteration 84:	0.0001649857 seconds	0.0000009537 seconds
Iteration 84:	0.0001680851 seconds	0.0000000000 seconds
Iteration 84:	0.0001640320 seconds	0.0000000000 seconds
Iteration 85:	0.0001580715 seconds	0.0000000000 seconds
Iteration 85:	0.0001630783 seconds	0.0000000000 seconds
Iteration 85:	0.0001640320 seconds	0.0000000000 seconds
Iteration 85:	0.0001590252 seconds	0.0000000000 seconds
Iteration 85:	0.0001649857 seconds	0.0000000000 seconds
Iteration 85:	0.0001618862 seconds	0.0000000000 seconds
Iteration 85:	0.0001590252 seconds	0.0000000000 seconds
Iteration 85:	0.0001630783 seconds	0.0000000000 seconds
Iteration 85:	0.0001649857 seconds	0.0000000000 seconds
Iteration 85:	0.0001640320 seconds	0.0000000000 seconds
Iteration 85:	0.0001618862 seconds	0.0000000000 seconds
Iteration 85:	0.0001599789 seconds	0.0000000000 seconds
Iteration 86:	0.0001671314 seconds	0.0000000000 seconds
Iteration 86:	0.0001649857 seconds	0.0000000000 seconds
Iteration 86:	0.0001602173 seconds	0.0000000000 seconds
Iteration 86:	0.0001649857 seconds	0.0000000000 seconds
Iteration 86:	0.0001659393 seconds	0.0000000000 seconds
Iteration 86:	0.0001611710 seconds	0.0000000000 seconds
Iteration 86:	0.0001630783 seconds	0.0000000000 seconds
Iteration 86:	0.0001630783 seconds	0.0000000000 seconds
Iteration 86:	0.0001649857 seconds	0.0000000000 seconds
Iteration 86:	0.0001649857 seconds	0.0000000000 seconds
Iteration 86:	0.0001718998 seconds	0.0000000000 seconds
Iteration 86:	0.0001678467 seconds	0.0000000000 seconds
Iteration 87:	0.0001559258 seconds	0.0000009537 seconds
Iteration 87:	0.0001561642 seconds	0.0000000000 seconds
Iteration 87:	0.0001599789 seconds	0.0000000000 seconds
Iteration 87:	0.0001659393 seconds	0.0000000000 seconds
Iteration 87:	0.0001621246 seconds	0.0000000000 seconds
Iteration 87:	0.0001590252 seconds	0.0000000000 seconds
Iteration 87:	0.0001621246 seconds	0.0000000000 seconds
Iteration 87:	0.0001599789 seconds	0.0000000000 seconds
Iteration 87:	0.0001609325 seconds	0.0000000000 seconds
Iteration 87:	0.0001640320 seconds	0.0000000000 seconds
Iteration 87:	0.0001630783 seconds	0.0000000000 seconds
Iteration 87:	0.0001621246 seconds	0.0000000000 seconds
Iteration 88:	0.0001671314 seconds	0.0000000000 seconds
Iteration 88:	0.0001671314 seconds	0.0000000000 seconds
Iteration 88:	0.0001649857 seconds	0.0000000000 seconds
Iteration 88:	0.0001740456 seconds	0.0000000000 seconds
Iteration 88:	0.0001749992 seconds	0.0000000000 seconds
Iteration 88:	0.0001678467 seconds	0.0000000000 seconds
Iteration 88:	0.0001678467 seconds	0.0000000000 seconds
Iteration 88:	0.0001699924 seconds	0.0000000000 seconds
Iteration 88:	0.0001628399 seconds	0.0000000000 seconds
Iteration 88:	0.0001668930 seconds	0.0000000000 seconds
Iteration 88:	0.0001668930 seconds	0.0000000000 seconds
Iteration 88:	0.0001609325 seconds	0.0000000000 seconds
Iteration 89:	0.0001568794 seconds	0.0000000000 seconds
Iteration 89:	0.0001549721 seconds	0.0000000000 seconds
Iteration 89:	0.0001630783 seconds	0.0000000000 seconds
Iteration 89:	0.0001568794 seconds	0.0000000000 seconds
Iteration 89:	0.0001609325 seconds	0.0000000000 seconds
Iteration 89:	0.0001630783 seconds	0.0000000000 seconds
Iteration 89:	0.0001590252 seconds	0.0000000000 seconds
Iteration 89:	0.0001590252 seconds	0.0000000000 seconds
Iteration 89:	0.0001599789 seconds	0.0000000000 seconds
Iteration 89:	0.0001578331 seconds	0.0000000000 seconds
Iteration 89:	0.0001599789 seconds	0.0000000000 seconds
Iteration 89:	0.0001568794 seconds	0.0000000000 seconds
Iteration 90:	0.0001599789 seconds	0.0000000000 seconds
Iteration 90:	0.0001649857 seconds	0.0000000000 seconds
Iteration 90:	0.0001590252 seconds	0.0000000000 seconds
Iteration 90:	0.0001599789 seconds	0.0000000000 seconds
Iteration 90:	0.0001609325 seconds	0.0000000000 seconds
Iteration 90:	0.0001590252 seconds	0.0000000000 seconds
Iteration 90:	0.0001640320 seconds	0.0000000000 seconds
Iteration 90:	0.0001659393 seconds	0.0000000000 seconds
Iteration 90:	0.0001599789 seconds	0.0000000000 seconds
Iteration 90:	0.0001609325 seconds	0.0000000000 seconds
Iteration 90:	0.0001590252 seconds	0.0000000000 seconds
Iteration 90:	0.0001628399 seconds	0.0000000000 seconds
Iteration 91:	0.0001559258 seconds	0.0000000000 seconds
Iteration 91:	0.0001559258 seconds	0.0000000000 seconds
Iteration 91:	0.0001590252 seconds	0.0000000000 seconds
Iteration 91:	0.0001609325 seconds	0.0000000000 seconds
Iteration 91:	0.0001630783 seconds	0.0000000000 seconds
Iteration 91:	0.0001599789 seconds	0.0000000000 seconds
Iteration 91:	0.0001568794 seconds	0.0000000000 seconds
Iteration 91:	0.0001590252 seconds	0.0000000000 seconds
Iteration 91:	0.0001578331 seconds	0.0000000000 seconds
Iteration 91:	0.0001549721 seconds	0.0000009537 seconds
Iteration 91:	0.0001561642 seconds	0.0000000000 seconds
Iteration 91:	0.0001599789 seconds	0.0000000000 seconds
Iteration 92:	0.0001559258 seconds	0.0000009537 seconds
Iteration 92:	0.0001559258 seconds	0.0000000000 seconds
Iteration 92:	0.0001599789 seconds	0.0000000000 seconds
Iteration 92:	0.0001549721 seconds	0.0000000000 seconds
Iteration 92:	0.0001609325 seconds	0.0000000000 seconds
Iteration 92:	0.0001590252 seconds	0.0000000000 seconds
Iteration 92:	0.0001568794 seconds	0.0000000000 seconds
Iteration 92:	0.0001599789 seconds	0.0000000000 seconds
Iteration 92:	0.0001599789 seconds	0.0000000000 seconds
Iteration 92:	0.0001580715 seconds	0.0000000000 seconds
Iteration 92:	0.0001549721 seconds	0.0000000000 seconds
Iteration 92:	0.0001640320 seconds	0.0000000000 seconds
Iteration 93:	0.0001530647 seconds	0.0000000000 seconds
Iteration 93:	0.0001509190 seconds	0.0000000000 seconds
Iteration 93:	0.0001549721 seconds	0.0000000000 seconds
Iteration 93:	0.0001578331 seconds	0.0000000000 seconds
Iteration 93:	0.0001628399 seconds	0.0000000000 seconds
Iteration 93:	0.0001537800 seconds	0.0000000000 seconds
Iteration 93:	0.0001549721 seconds	0.0000000000 seconds
Iteration 93:	0.0001528263 seconds	0.0000000000 seconds
Iteration 93:	0.0001580715 seconds	0.0000000000 seconds
Iteration 93:	0.0001590252 seconds	0.0000000000 seconds
Iteration 93:	0.0001549721 seconds	0.0000000000 seconds
Iteration 93:	0.0001549721 seconds	0.0000000000 seconds
Iteration 94:	0.0001509190 seconds	0.0000000000 seconds
Iteration 94:	0.0001590252 seconds	0.0000000000 seconds
Iteration 94:	0.0001590252 seconds	0.0000000000 seconds
Iteration 94:	0.0001602173 seconds	0.0000000000 seconds
Iteration 94:	0.0001661777 seconds	0.0000000000 seconds
Iteration 94:	0.0001571178 seconds	0.0000000000 seconds
Iteration 94:	0.0001552105 seconds	0.0000000000 seconds
Iteration 94:	0.0001552105 seconds	0.0000000000 seconds
Iteration 94:	0.0001602173 seconds	0.0000000000 seconds
Iteration 94:	0.0001561642 seconds	0.0000000000 seconds
Iteration 94:	0.0001621246 seconds	0.0000000000 seconds
Iteration 94:	0.0001540184 seconds	0.0000000000 seconds
Iteration 95:	0.0001521111 seconds	0.0000000000 seconds
Iteration 95:	0.0001499653 seconds	0.0000000000 seconds
Iteration 95:	0.0001480579 seconds	0.0000000000 seconds
Iteration 95:	0.0001509190 seconds	0.0000000000 seconds
Iteration 95:	0.0001540184 seconds	0.0000000000 seconds
Iteration 95:	0.0001518726 seconds	0.0000000000 seconds
Iteration 95:	0.0001540184 seconds	0.0000000000 seconds
Iteration 95:	0.0001499653 seconds	0.0000000000 seconds
Iteration 95:	0.0001540184 seconds	0.0000000000 seconds
Iteration 95:	0.0001499653 seconds	0.0000000000 seconds
Iteration 95:	0.0001578331 seconds	0.0000000000 seconds
Iteration 95:	0.0001509190 seconds	0.0000000000 seconds
Iteration 96:	0.0001490116 seconds	0.0000000000 seconds
Iteration 96:	0.0001518726 seconds	0.0000000000 seconds
Iteration 96:	0.0001509190 seconds	0.0000000000 seconds
Iteration 96:	0.0001549721 seconds	0.0000000000 seconds
Iteration 96:	0.0001578331 seconds	0.0000000000 seconds
Iteration 96:	0.0001518726 seconds	0.0000000000 seconds
Iteration 96:	0.0001549721 seconds	0.0000000000 seconds
Iteration 96:	0.0001499653 seconds	0.0000000000 seconds
Iteration 96:	0.0001549721 seconds	0.0000000000 seconds
Iteration 96:	0.0001518726 seconds	0.0000000000 seconds
Iteration 96:	0.0001587868 seconds	0.0000000000 seconds
Iteration 96:	0.0001537800 seconds	0.0000000000 seconds
Iteration 97:	0.0001518726 seconds	0.0000000000 seconds
Iteration 97:	0.0001499653 seconds	0.0000000000 seconds
Iteration 97:	0.0001540184 seconds	0.0000000000 seconds
Iteration 97:	0.0001571178 seconds	0.0000000000 seconds
Iteration 97:	0.0001490116 seconds	0.0000000000 seconds
Iteration 97:	0.0001552105 seconds	0.0000000000 seconds
Iteration 97:	0.0001521111 seconds	0.0000000000 seconds
Iteration 97:	0.0001561642 seconds	0.0000000000 seconds
Iteration 97:	0.0001502037 seconds	0.0000000000 seconds
Iteration 97:	0.0001540184 seconds	0.0000000000 seconds
Iteration 97:	0.0001530647 seconds	0.0000000000 seconds
Iteration 97:	0.0001521111 seconds	0.0000009537 seconds
Iteration 98:	0.0001468658 seconds	0.0000000000 seconds
Iteration 98:	0.0001487732 seconds	0.0000000000 seconds
Iteration 98:	0.0001487732 seconds	0.0000000000 seconds
Iteration 98:	0.0001528263 seconds	0.0000000000 seconds
Iteration 98:	0.0001540184 seconds	0.0000000000 seconds
Iteration 98:	0.0001530647 seconds	0.0000000000 seconds
Iteration 98:	0.0001530647 seconds	0.0000000000 seconds
Iteration 98:	0.0001518726 seconds	0.0000000000 seconds
Iteration 98:	0.0001530647 seconds	0.0000000000 seconds
Iteration 98:	0.0001549721 seconds	0.0000000000 seconds
Iteration 98:	0.0001509190 seconds	0.0000000000 seconds
Iteration 98:	0.0001549721 seconds	0.0000000000 seconds
Iteration 99:	0.0001530647 seconds	0.0000000000 seconds
Iteration 99:	0.0001518726 seconds	0.0000000000 seconds
Iteration 99:	0.0001528263 seconds	0.0000000000 seconds
Iteration 99:	0.0001540184 seconds	0.0000000000 seconds
Iteration 99:	0.0001490116 seconds	0.0000000000 seconds
Iteration 99:	0.0001549721 seconds	0.0000000000 seconds
Iteration 99:	0.0001540184 seconds	0.0000009537 seconds
Iteration 99:	0.0001499653 seconds	0.0000000000 seconds
Iteration 99:	0.0001509190 seconds	0.0000000000 seconds
Iteration 99:	0.0001518726 seconds	0.0000000000 seconds
Iteration 99:	0.0001540184 seconds	0.0000000000 seconds
Iteration 99:	0.0001499653 seconds	0.0000000000 seconds
Total computation time was: 0.021733		Average frame time was: 0.000210		Average Particle interations per second were: 1095183074.865704
