[ -1:000]                : Rank 0 is running on comet-13-37.sdsc.edu
[  0:001] init_pprintf   : My dest: 1	My source: 2	My_num_part: 21440
Initalizing particles linear on 0 to 21440
[ -1:000]                : Rank 1 is running on comet-13-54.sdsc.edu
[  1:001] init_pprintf   : My dest: 2	My source: 0	My_num_part: 21440
Initalizing particles linear on 21440 to 42880
[ -1:000]                : Rank 2 is running on comet-13-59.sdsc.edu
[  2:001] init_pprintf   : My dest: 0	My source: 1	My_num_part: 21440
Initalizing particles linear on 42880 to 64320
Iteration 0:	1.9582860470 seconds	0.0000000000 seconds
Iteration 0:	1.9164118767 seconds	0.0000000000 seconds
Iteration 0:	1.9188489914 seconds	0.0000000000 seconds
Iteration 1:	0.6934580803 seconds	0.0000000000 seconds
Iteration 1:	0.6934728622 seconds	0.0000000000 seconds
Iteration 1:	0.6934797764 seconds	0.0000000000 seconds
Iteration 2:	0.6932599545 seconds	0.0000000000 seconds
Iteration 2:	0.6933228970 seconds	0.0000000000 seconds
Iteration 2:	0.6933298111 seconds	0.0000000000 seconds
Iteration 3:	0.6955599785 seconds	0.0000011921 seconds
Iteration 3:	0.6956081390 seconds	0.0000000000 seconds
Iteration 3:	0.6956169605 seconds	0.0000000000 seconds
Iteration 4:	0.7049977779 seconds	0.0000000000 seconds
Iteration 4:	0.7050862312 seconds	0.0000000000 seconds
Iteration 4:	0.7050700188 seconds	0.0000000000 seconds
Iteration 5:	0.7081978321 seconds	0.0000000000 seconds
Iteration 5:	0.7082519531 seconds	0.0000000000 seconds
Iteration 5:	0.7082688808 seconds	0.0000000000 seconds
Iteration 6:	0.7081661224 seconds	0.0000000000 seconds
Iteration 6:	0.7082381248 seconds	0.0000000000 seconds
Iteration 6:	0.7082269192 seconds	0.0000000000 seconds
Iteration 7:	0.6987230778 seconds	0.0000000000 seconds
Iteration 7:	0.6987810135 seconds	0.0000000000 seconds
Iteration 7:	0.6987881660 seconds	0.0000000000 seconds
Iteration 8:	0.7082159519 seconds	0.0000000000 seconds
Iteration 8:	0.7082669735 seconds	0.0000000000 seconds
Iteration 8:	0.7082920074 seconds	0.0000000000 seconds
Iteration 9:	0.7078390121 seconds	0.0000000000 seconds
Iteration 9:	0.7079000473 seconds	0.0000000000 seconds
Iteration 9:	0.7078781128 seconds	0.0000000000 seconds
Iteration 10:	0.6386799812 seconds	0.0000000000 seconds
Iteration 10:	0.6387469769 seconds	0.0000000000 seconds
Iteration 10:	0.6387379169 seconds	0.0000000000 seconds
Iteration 11:	0.3385429382 seconds	0.0000000000 seconds
Iteration 11:	0.3385980129 seconds	0.0000000000 seconds
Iteration 11:	0.3386211395 seconds	0.0000000000 seconds
Iteration 12:	0.3379428387 seconds	0.0000011921 seconds
Iteration 12:	0.3379960060 seconds	0.0000000000 seconds
Iteration 12:	0.3379640579 seconds	0.0000000000 seconds
Iteration 13:	0.3377048969 seconds	0.0000000000 seconds
Iteration 13:	0.3377687931 seconds	0.0000000000 seconds
Iteration 13:	0.3377861977 seconds	0.0000000000 seconds
Iteration 14:	0.3376829624 seconds	0.0000000000 seconds
Iteration 14:	0.3377399445 seconds	0.0000000000 seconds
Iteration 14:	0.3377289772 seconds	0.0000000000 seconds
Iteration 15:	0.3379130363 seconds	0.0000000000 seconds
Iteration 15:	0.3379850388 seconds	0.0000000000 seconds
Iteration 15:	0.3379759789 seconds	0.0000000000 seconds
Iteration 16:	0.3376030922 seconds	0.0000000000 seconds
Iteration 16:	0.3376810551 seconds	0.0000000000 seconds
Iteration 16:	0.3376920223 seconds	0.0000009537 seconds
Iteration 17:	0.3377602100 seconds	0.0000000000 seconds
Iteration 17:	0.3378250599 seconds	0.0000000000 seconds
Iteration 17:	0.3378148079 seconds	0.0000000000 seconds
Iteration 18:	0.3376600742 seconds	0.0000000000 seconds
Iteration 18:	0.3377110958 seconds	0.0000000000 seconds
Iteration 18:	0.3377048969 seconds	0.0000009537 seconds
Iteration 19:	0.3376679420 seconds	0.0000000000 seconds
Iteration 19:	0.3377118111 seconds	0.0000000000 seconds
Iteration 19:	0.3376979828 seconds	0.0000009537 seconds
Iteration 20:	0.3378739357 seconds	0.0000000000 seconds
Iteration 20:	0.3379249573 seconds	0.0000000000 seconds
Iteration 20:	0.3379209042 seconds	0.0000000000 seconds
Iteration 21:	0.3376939297 seconds	0.0000000000 seconds
Iteration 21:	0.3377690315 seconds	0.0000000000 seconds
Iteration 21:	0.3377680779 seconds	0.0000000000 seconds
Iteration 22:	0.3377010822 seconds	0.0000000000 seconds
Iteration 22:	0.3377649784 seconds	0.0000000000 seconds
Iteration 22:	0.3377609253 seconds	0.0000000000 seconds
Iteration 23:	0.3376989365 seconds	0.0000011921 seconds
Iteration 23:	0.3377609253 seconds	0.0000000000 seconds
Iteration 23:	0.3377799988 seconds	0.0000000000 seconds
Iteration 24:	0.3376400471 seconds	0.0000000000 seconds
Iteration 24:	0.3376679420 seconds	0.0000000000 seconds
Total computation time was: 13.646813		Average frame time was: 0.545779		Average Particle interations per second were: -289320323.603630
Iteration 24:	0.3376648426 seconds	0.0000000000 seconds
