[ -1:000]                : Rank 1 is running on comet-04-32.sdsc.edu
[  1:001] init_pprintf   : My dest: 0	My source: 0	My_num_part: 4080
[ -1:000]                : Rank 0 is running on comet-04-32.sdsc.edu
[  0:001] init_pprintf   : My dest: 1	My source: 1	My_num_part: 4080
Initalizing particles linear on 0 to 4080
Initalizing particles linear on 4080 to 8160
Iteration 0:	0.2566471100 seconds	0.0000009537 seconds
Iteration 0:	0.2567870617 seconds	0.0000000000 seconds
Iteration 1:	0.0529079437 seconds	0.0000000000 seconds
Iteration 1:	0.0528697968 seconds	0.0000000000 seconds
Iteration 2:	0.0341048241 seconds	0.0000009537 seconds
Iteration 2:	0.0340969563 seconds	0.0000000000 seconds
Iteration 3:	0.0273051262 seconds	0.0000000000 seconds
Iteration 3:	0.0272731781 seconds	0.0000000000 seconds
Iteration 4:	0.0273070335 seconds	0.0000000000 seconds
Iteration 4:	0.0273089409 seconds	0.0000000000 seconds
Iteration 5:	0.0158851147 seconds	0.0000000000 seconds
Iteration 5:	0.0158650875 seconds	0.0000000000 seconds
Iteration 6:	0.0137751102 seconds	0.0000000000 seconds
Iteration 6:	0.0137400627 seconds	0.0000009537 seconds
Iteration 7:	0.0137751102 seconds	0.0000000000 seconds
Iteration 7:	0.0137400627 seconds	0.0000000000 seconds
Iteration 8:	0.0137560368 seconds	0.0000000000 seconds
Iteration 8:	0.0137341022 seconds	0.0000000000 seconds
Iteration 9:	0.0137660503 seconds	0.0000000000 seconds
Iteration 9:	0.0137379169 seconds	0.0000000000 seconds
Iteration 10:	0.0137519836 seconds	0.0000000000 seconds
Iteration 10:	0.0137329102 seconds	0.0000000000 seconds
Iteration 11:	0.0137639046 seconds	0.0000000000 seconds
Iteration 11:	0.0137338638 seconds	0.0000000000 seconds
Iteration 12:	0.0137679577 seconds	0.0000000000 seconds
Iteration 12:	0.0137410164 seconds	0.0000000000 seconds
Iteration 13:	0.0137758255 seconds	0.0000000000 seconds
Iteration 13:	0.0137429237 seconds	0.0000000000 seconds
Iteration 14:	0.0137541294 seconds	0.0000000000 seconds
Iteration 14:	0.0137341022 seconds	0.0000000000 seconds
Iteration 15:	0.0139951706 seconds	0.0000000000 seconds
Iteration 15:	0.0139660835 seconds	0.0000000000 seconds
Iteration 16:	0.0137481689 seconds	0.0000000000 seconds
Iteration 16:	0.0137321949 seconds	0.0000000000 seconds
Iteration 17:	0.0137820244 seconds	0.0000000000 seconds
Iteration 17:	0.0137469769 seconds	0.0000000000 seconds
Iteration 18:	0.0137619972 seconds	0.0000000000 seconds
Iteration 18:	0.0137419701 seconds	0.0000000000 seconds
Iteration 19:	0.0137798786 seconds	0.0000000000 seconds
Iteration 19:	0.0137519836 seconds	0.0000000000 seconds
Iteration 20:	0.0137689114 seconds	0.0000000000 seconds
Iteration 20:	0.0137429237 seconds	0.0000000000 seconds
Iteration 21:	0.0137939453 seconds	0.0000000000 seconds
Iteration 21:	0.0137619972 seconds	0.0000000000 seconds
Iteration 22:	0.0137739182 seconds	0.0000000000 seconds
Iteration 22:	0.0137488842 seconds	0.0000000000 seconds
Iteration 23:	0.0137710571 seconds	0.0000000000 seconds
Iteration 23:	0.0137381554 seconds	0.0000000000 seconds
Iteration 24:	0.0137732029 seconds	0.0000000000 seconds
Iteration 24:	0.0137410164 seconds	0.0000000000 seconds
Iteration 25:	0.0137810707 seconds	0.0000000000 seconds
Iteration 25:	0.0137510300 seconds	0.0000000000 seconds
Iteration 26:	0.0137670040 seconds	0.0000000000 seconds
Iteration 26:	0.0137491226 seconds	0.0000000000 seconds
Iteration 27:	0.0137879848 seconds	0.0000000000 seconds
Iteration 27:	0.0137548447 seconds	0.0000000000 seconds
Iteration 28:	0.0137879848 seconds	0.0000000000 seconds
Iteration 28:	0.0137658119 seconds	0.0000000000 seconds
Iteration 29:	0.0137779713 seconds	0.0000000000 seconds
Iteration 29:	0.0137450695 seconds	0.0000000000 seconds
Iteration 30:	0.0137588978 seconds	0.0000000000 seconds
Iteration 30:	0.0137498379 seconds	0.0000000000 seconds
Iteration 31:	0.0137889385 seconds	0.0000000000 seconds
Iteration 31:	0.0137538910 seconds	0.0000000000 seconds
Iteration 32:	0.0137569904 seconds	0.0000000000 seconds
Iteration 32:	0.0137319565 seconds	0.0000000000 seconds
Iteration 33:	0.0137808323 seconds	0.0000000000 seconds
Iteration 33:	0.0137498379 seconds	0.0000000000 seconds
Iteration 34:	0.0137648582 seconds	0.0000000000 seconds
Iteration 34:	0.0137469769 seconds	0.0000000000 seconds
Iteration 35:	0.0137681961 seconds	0.0000000000 seconds
Iteration 35:	0.0137372017 seconds	0.0000000000 seconds
Iteration 36:	0.0137679577 seconds	0.0000000000 seconds
Iteration 36:	0.0137457848 seconds	0.0000000000 seconds
Iteration 37:	0.0137770176 seconds	0.0000000000 seconds
Iteration 37:	0.0137438774 seconds	0.0000000000 seconds
Iteration 38:	0.0137870312 seconds	0.0000000000 seconds
Iteration 38:	0.0137648582 seconds	0.0000000000 seconds
Iteration 39:	0.0137820244 seconds	0.0000000000 seconds
Iteration 39:	0.0137500763 seconds	0.0000000000 seconds
Total computation time was: 0.883525		Average frame time was: 0.022060		Average Particle interations per second were: 3018448895.223072
