[ -1:000]                : Rank 0 is running on comet-26-68.sdsc.edu
[  0:001] init_pprintf   : My dest: 1	My source: 1	My_num_part: 480
Initalizing particles linear on 0 to 480
[ -1:000]                : Rank 1 is running on comet-26-71.sdsc.edu
[  1:001] init_pprintf   : My dest: 0	My source: 0	My_num_part: 480
Initalizing particles linear on 480 to 960
Iteration 0:	0.1015820503 seconds	0.0000000000 seconds
Iteration 0:	0.0568988323 seconds	0.0000009537 seconds
Iteration 1:	0.0358669758 seconds	0.0000000000 seconds
Iteration 1:	0.0357220173 seconds	0.0000000000 seconds
Iteration 2:	0.0360040665 seconds	0.0000000000 seconds
Iteration 2:	0.0360028744 seconds	0.0000000000 seconds
Iteration 3:	0.0709178448 seconds	0.0000000000 seconds
Iteration 3:	0.0709180832 seconds	0.0000000000 seconds
Iteration 4:	0.0075049400 seconds	0.0000000000 seconds
Iteration 4:	0.0075330734 seconds	0.0000000000 seconds
Iteration 5:	0.0009181499 seconds	0.0000000000 seconds
Iteration 5:	0.0009300709 seconds	0.0000000000 seconds
Iteration 6:	0.0009169579 seconds	0.0000000000 seconds
Iteration 6:	0.0009181499 seconds	0.0000000000 seconds
Iteration 7:	0.0008800030 seconds	0.0000000000 seconds
Iteration 7:	0.0008780956 seconds	0.0000000000 seconds
Iteration 8:	0.0009610653 seconds	0.0000000000 seconds
Iteration 8:	0.0009651184 seconds	0.0000000000 seconds
Iteration 9:	0.0013020039 seconds	0.0000000000 seconds
Iteration 9:	0.0013000965 seconds	0.0000000000 seconds
Iteration 10:	0.0008671284 seconds	0.0000000000 seconds
Iteration 10:	0.0008659363 seconds	0.0000000000 seconds
Iteration 11:	0.0009789467 seconds	0.0000009537 seconds
Iteration 11:	0.0009951591 seconds	0.0000000000 seconds
Iteration 12:	0.0008959770 seconds	0.0000000000 seconds
Iteration 12:	0.0009090900 seconds	0.0000000000 seconds
Iteration 13:	0.0008451939 seconds	0.0000000000 seconds
Iteration 13:	0.0008468628 seconds	0.0000000000 seconds
Iteration 14:	0.0008761883 seconds	0.0000000000 seconds
Iteration 14:	0.0008699894 seconds	0.0000000000 seconds
Iteration 15:	0.0008628368 seconds	0.0000000000 seconds
Iteration 15:	0.0008630753 seconds	0.0000000000 seconds
Iteration 16:	0.0008590221 seconds	0.0000000000 seconds
Iteration 16:	0.0008540154 seconds	0.0000000000 seconds
Iteration 17:	0.0008788109 seconds	0.0000000000 seconds
Iteration 17:	0.0008828640 seconds	0.0000009537 seconds
Iteration 18:	0.0009269714 seconds	0.0000000000 seconds
Iteration 18:	0.0009291172 seconds	0.0000000000 seconds
Iteration 19:	0.0008978844 seconds	0.0000000000 seconds
Iteration 19:	0.0008950233 seconds	0.0000009537 seconds
Iteration 20:	0.0008060932 seconds	0.0000000000 seconds
Iteration 20:	0.0008089542 seconds	0.0000000000 seconds
Iteration 21:	0.0008277893 seconds	0.0000000000 seconds
Iteration 21:	0.0008380413 seconds	0.0000000000 seconds
Iteration 22:	0.0008511543 seconds	0.0000000000 seconds
Iteration 22:	0.0008480549 seconds	0.0000000000 seconds
Iteration 23:	0.0008010864 seconds	0.0000000000 seconds
Iteration 23:	0.0008199215 seconds	0.0000000000 seconds
Iteration 24:	0.0007998943 seconds	0.0000000000 seconds
Iteration 24:	0.0008029938 seconds	0.0000000000 seconds
Iteration 25:	0.0008959770 seconds	0.0000000000 seconds
Iteration 25:	0.0008928776 seconds	0.0000000000 seconds
Iteration 26:	0.0009911060 seconds	0.0000000000 seconds
Iteration 26:	0.0009849072 seconds	0.0000000000 seconds
Iteration 27:	0.0007801056 seconds	0.0000000000 seconds
Iteration 27:	0.0007870197 seconds	0.0000000000 seconds
Iteration 28:	0.0008010864 seconds	0.0000000000 seconds
Iteration 28:	0.0008020401 seconds	0.0000000000 seconds
Iteration 29:	0.0009620190 seconds	0.0000000000 seconds
Iteration 29:	0.0009679794 seconds	0.0000009537 seconds
Iteration 30:	0.0009250641 seconds	0.0000000000 seconds
Iteration 30:	0.0009350777 seconds	0.0000000000 seconds
Iteration 31:	0.0010001659 seconds	0.0000000000 seconds
Iteration 31:	0.0009820461 seconds	0.0000000000 seconds
Iteration 32:	0.0008130074 seconds	0.0000000000 seconds
Iteration 32:	0.0008311272 seconds	0.0000000000 seconds
Iteration 33:	0.0010190010 seconds	0.0000009537 seconds
Iteration 33:	0.0010180473 seconds	0.0000000000 seconds
Iteration 34:	0.0008928776 seconds	0.0000000000 seconds
Iteration 34:	0.0008878708 seconds	0.0000000000 seconds
Iteration 35:	0.0009019375 seconds	0.0000000000 seconds
Iteration 35:	0.0009021759 seconds	0.0000000000 seconds
Iteration 36:	0.0009260178 seconds	0.0000000000 seconds
Iteration 36:	0.0009188652 seconds	0.0000000000 seconds
Iteration 37:	0.0007979870 seconds	0.0000000000 seconds
Iteration 37:	0.0007951260 seconds	0.0000000000 seconds
Iteration 38:	0.0007770061 seconds	0.0000000000 seconds
Iteration 38:	0.0007910728 seconds	0.0000000000 seconds
Iteration 39:	0.0008170605 seconds	0.0000000000 seconds
Iteration 39:	0.0008118153 seconds	0.0000000000 seconds
Iteration 40:	0.0007898808 seconds	0.0000000000 seconds
Iteration 40:	0.0007901192 seconds	0.0000000000 seconds
Iteration 41:	0.0009241104 seconds	0.0000000000 seconds
Iteration 41:	0.0009257793 seconds	0.0000000000 seconds
Iteration 42:	0.0008060932 seconds	0.0000000000 seconds
Iteration 42:	0.0008039474 seconds	0.0000000000 seconds
Iteration 43:	0.0008039474 seconds	0.0000000000 seconds
Iteration 43:	0.0007858276 seconds	0.0000000000 seconds
Iteration 44:	0.0009150505 seconds	0.0000000000 seconds
Iteration 44:	0.0009138584 seconds	0.0000000000 seconds
Iteration 45:	0.0010659695 seconds	0.0000000000 seconds
Iteration 45:	0.0010719299 seconds	0.0000000000 seconds
Iteration 46:	0.0009350777 seconds	0.0000000000 seconds
Iteration 46:	0.0009350777 seconds	0.0000000000 seconds
Iteration 47:	0.0009078979 seconds	0.0000000000 seconds
Iteration 47:	0.0009109974 seconds	0.0000000000 seconds
Iteration 48:	0.0010650158 seconds	0.0000000000 seconds
Iteration 48:	0.0010659695 seconds	0.0000000000 seconds
Iteration 49:	0.0009241104 seconds	0.0000000000 seconds
Iteration 49:	0.0009329319 seconds	0.0000000000 seconds
Iteration 50:	0.0010170937 seconds	0.0000000000 seconds
Iteration 50:	0.0010159016 seconds	0.0000000000 seconds
Iteration 51:	0.0008640289 seconds	0.0000000000 seconds
Iteration 51:	0.0008540154 seconds	0.0000000000 seconds
Iteration 52:	0.0007989407 seconds	0.0000000000 seconds
Iteration 52:	0.0008001328 seconds	0.0000000000 seconds
Iteration 53:	0.0008859634 seconds	0.0000000000 seconds
Iteration 53:	0.0008878708 seconds	0.0000000000 seconds
Iteration 54:	0.0009090900 seconds	0.0000000000 seconds
Iteration 54:	0.0009081364 seconds	0.0000000000 seconds
Iteration 55:	0.0009188652 seconds	0.0000000000 seconds
Iteration 55:	0.0009229183 seconds	0.0000009537 seconds
Iteration 56:	0.0009410381 seconds	0.0000000000 seconds
Iteration 56:	0.0009369850 seconds	0.0000000000 seconds
Iteration 57:	0.0008969307 seconds	0.0000000000 seconds
Iteration 57:	0.0009040833 seconds	0.0000000000 seconds
Iteration 58:	0.0010440350 seconds	0.0000000000 seconds
Iteration 58:	0.0010428429 seconds	0.0000000000 seconds
Iteration 59:	0.0009281635 seconds	0.0000000000 seconds
Total computation time was: 0.303165		Average frame time was: 0.005026		Average Particle interations per second were: 183356682.165101
Iteration 59:	0.0009210110 seconds	0.0000011921 seconds
