[ -1:000]                : Rank 13 is running on comet-13-18.sdsc.edu
[ -1:000]                : Rank 15 is running on comet-13-18.sdsc.edu
[ 13:001] init_pprintf   : My dest: 14	My source: 12	My_num_part: 1005
[ 15:001] init_pprintf   : My dest: 16	My source: 14	My_num_part: 1005
[ -1:000]                : Rank 9 is running on comet-13-18.sdsc.edu
[  9:001] init_pprintf   : My dest: 10	My source: 8	My_num_part: 1005
[ -1:000]                : Rank 3 is running on comet-13-18.sdsc.edu
[  3:001] init_pprintf   : My dest: 4	My source: 2	My_num_part: 1005
[ -1:000]                : Rank 11 is running on comet-13-18.sdsc.edu
[ -1:000]                : Rank 5 is running on comet-13-18.sdsc.edu
[ 11:001] init_pprintf   : My dest: 12	My source: 10	My_num_part: 1005
[ -1:000]                : Rank 4 is running on comet-13-18.sdsc.edu
[ -1:000]                : Rank 12 is running on comet-13-18.sdsc.edu
[ -1:000]                : Rank 1 is running on comet-13-18.sdsc.edu
[ -1:000]                : Rank 14 is running on comet-13-18.sdsc.edu
[  5:001] init_pprintf   : My dest: 6	My source: 4	My_num_part: 1005
[  4:001] init_pprintf   : My dest: 5	My source: 3	My_num_part: 1005
[  1:001] init_pprintf   : My dest: 2	My source: 0	My_num_part: 1005
[ 12:001] init_pprintf   : My dest: 13	My source: 11	My_num_part: 1005
[ 14:001] init_pprintf   : My dest: 15	My source: 13	My_num_part: 1005
[ -1:000]                : Rank 10 is running on comet-13-18.sdsc.edu
[ -1:000]                : Rank 2 is running on comet-13-18.sdsc.edu
[ 10:001] init_pprintf   : My dest: 11	My source: 9	My_num_part: 1005
[  2:001] init_pprintf   : My dest: 3	My source: 1	My_num_part: 1005
[ -1:000]                : Rank 6 is running on comet-13-18.sdsc.edu
[ -1:000]                : Rank 7 is running on comet-13-18.sdsc.edu
[ -1:000]                : Rank 0 is running on comet-13-18.sdsc.edu
[  6:001] init_pprintf   : My dest: 7	My source: 5	My_num_part: 1005
[ -1:000]                : Rank 8 is running on comet-13-18.sdsc.edu
[  7:001] init_pprintf   : My dest: 8	My source: 6	My_num_part: 1005
[  0:001] init_pprintf   : My dest: 1	My source: 31	My_num_part: 1005
[  8:001] init_pprintf   : My dest: 9	My source: 7	My_num_part: 1005
Initalizing particles linear on 9045 to 10050
Initalizing particles linear on 13065 to 14070
Initalizing particles linear on 15075 to 16080
Initalizing particles linear on 3015 to 4020
Initalizing particles linear on 11055 to 12060
Initalizing particles linear on 5025 to 6030
Initalizing particles linear on 1005 to 2010
Initalizing particles linear on 10050 to 11055
Initalizing particles linear on 4020 to 5025
Initalizing particles linear on 0 to 1005
Initalizing particles linear on 2010 to 3015
Initalizing particles linear on 12060 to 13065
Initalizing particles linear on 6030 to 7035
Initalizing particles linear on 7035 to 8040
Initalizing particles linear on 8040 to 9045
Initalizing particles linear on 14070 to 15075
[ -1:000]                : Rank 31 is running on comet-13-28.sdsc.edu
[ -1:000]                : Rank 27 is running on comet-13-28.sdsc.edu
[ -1:000]                : Rank 19 is running on comet-13-28.sdsc.edu
[ 27:001] init_pprintf   : My dest: 28	My source: 26	My_num_part: 1005
[ 31:001] init_pprintf   : My dest: 0	My source: 30	My_num_part: 1005
[ 19:001] init_pprintf   : My dest: 20	My source: 18	My_num_part: 1005
[ -1:000]                : Rank 23 is running on comet-13-28.sdsc.edu
[ 23:001] init_pprintf   : My dest: 24	My source: 22	My_num_part: 1005
[ -1:000]                : Rank 25 is running on comet-13-28.sdsc.edu
[ 25:001] init_pprintf   : My dest: 26	My source: 24	My_num_part: 1005
[ -1:000]                : Rank 17 is running on comet-13-28.sdsc.edu
[ 17:001] init_pprintf   : My dest: 18	My source: 16	My_num_part: 1005
[ -1:000]                : Rank 29 is running on comet-13-28.sdsc.edu
[ 29:001] init_pprintf   : My dest: 30	My source: 28	My_num_part: 1005
[ -1:000]                : Rank 26 is running on comet-13-28.sdsc.edu
[ -1:000]                : Rank 21 is running on comet-13-28.sdsc.edu
[ -1:000]                : Rank 24 is running on comet-13-28.sdsc.edu
[ -1:000]                : Rank 20 is running on comet-13-28.sdsc.edu
[ -1:000]                : Rank 30 is running on comet-13-28.sdsc.edu
[ 21:001] init_pprintf   : My dest: 22	My source: 20	My_num_part: 1005
[ 26:001] init_pprintf   : My dest: 27	My source: 25	My_num_part: 1005
[ 24:001] init_pprintf   : My dest: 25	My source: 23	My_num_part: 1005
[ -1:000]                : Rank 22 is running on comet-13-28.sdsc.edu
[ 20:001] init_pprintf   : My dest: 21	My source: 19	My_num_part: 1005
[ -1:000]                : Rank 16 is running on comet-13-28.sdsc.edu
[ 30:001] init_pprintf   : My dest: 31	My source: 29	My_num_part: 1005
[ -1:000]                : Rank 28 is running on comet-13-28.sdsc.edu
[ -1:000]                : Rank 18 is running on comet-13-28.sdsc.edu
[ 22:001] init_pprintf   : My dest: 23	My source: 21	My_num_part: 1005
[ 16:001] init_pprintf   : My dest: 17	My source: 15	My_num_part: 1005
[ 28:001] init_pprintf   : My dest: 29	My source: 27	My_num_part: 1005
[ 18:001] init_pprintf   : My dest: 19	My source: 17	My_num_part: 1005
Initalizing particles linear on 31155 to 32160
Initalizing particles linear on 27135 to 28140
Initalizing particles linear on 19095 to 20100
Initalizing particles linear on 23115 to 24120
Initalizing particles linear on 25125 to 26130
Initalizing particles linear on 29145 to 30150
Initalizing particles linear on 21105 to 22110
Initalizing particles linear on 28140 to 29145
Initalizing particles linear on 20100 to 21105
Initalizing particles linear on 24120 to 25125
Initalizing particles linear on 30150 to 31155
Initalizing particles linear on 22110 to 23115
Initalizing particles linear on 16080 to 17085
Initalizing particles linear on 26130 to 27135
Initalizing particles linear on 18090 to 19095
Initalizing particles linear on 17085 to 18090
Iteration 0:	0.4863510132 seconds	0.0000000000 seconds
Iteration 0:	0.4864029884 seconds	0.0000000000 seconds
Iteration 0:	0.4863760471 seconds	0.0000000000 seconds
Iteration 0:	0.4863848686 seconds	0.0000000000 seconds
Iteration 0:	0.4863958359 seconds	0.0000000000 seconds
Iteration 0:	0.4863870144 seconds	0.0000000000 seconds
Iteration 0:	0.4863879681 seconds	0.0000000000 seconds
Iteration 0:	0.4863929749 seconds	0.0000000000 seconds
Iteration 0:	0.4864068031 seconds	0.0000000000 seconds
Iteration 0:	0.4864361286 seconds	0.0000000000 seconds
Iteration 0:	0.4864039421 seconds	0.0000000000 seconds
Iteration 0:	0.4864418507 seconds	0.0000000000 seconds
Iteration 0:	0.4863858223 seconds	0.0000000000 seconds
Iteration 0:	0.4864451885 seconds	0.0000000000 seconds
Iteration 0:	0.4864089489 seconds	0.0000000000 seconds
Iteration 0:	0.4864020348 seconds	0.0000009537 seconds
Iteration 0:	0.4403948784 seconds	0.0000000000 seconds
Iteration 0:	0.4404659271 seconds	0.0000000000 seconds
Iteration 0:	0.4404480457 seconds	0.0000000000 seconds
Iteration 0:	0.4404180050 seconds	0.0000000000 seconds
Iteration 0:	0.4404230118 seconds	0.0000000000 seconds
Iteration 0:	0.4404280186 seconds	0.0000000000 seconds
Iteration 0:	0.4403970242 seconds	0.0000000000 seconds
Iteration 0:	0.4405169487 seconds	0.0000000000 seconds
Iteration 0:	0.4404580593 seconds	0.0000000000 seconds
Iteration 0:	0.4405200481 seconds	0.0000000000 seconds
Iteration 0:	0.4404969215 seconds	0.0000000000 seconds
Iteration 0:	0.4405529499 seconds	0.0000000000 seconds
Iteration 0:	0.4405300617 seconds	0.0000000000 seconds
Iteration 0:	0.4405560493 seconds	0.0000000000 seconds
Iteration 0:	0.4406409264 seconds	0.0000000000 seconds
Iteration 0:	0.4405698776 seconds	0.0000000000 seconds
Iteration 1:	0.1795859337 seconds	0.0000000000 seconds
Iteration 1:	0.1795549393 seconds	0.0000000000 seconds
Iteration 1:	0.1795880795 seconds	0.0000000000 seconds
Iteration 1:	0.1795611382 seconds	0.0000000000 seconds
Iteration 1:	0.1795759201 seconds	0.0000000000 seconds
Iteration 1:	0.1795849800 seconds	0.0000009537 seconds
Iteration 1:	0.1795639992 seconds	0.0000000000 seconds
Iteration 1:	0.1795508862 seconds	0.0000000000 seconds
Iteration 1:	0.1794838905 seconds	0.0000000000 seconds
Iteration 1:	0.1794419289 seconds	0.0000000000 seconds
Iteration 1:	0.1794750690 seconds	0.0000000000 seconds
Iteration 1:	0.1795260906 seconds	0.0000000000 seconds
Iteration 1:	0.1795220375 seconds	0.0000000000 seconds
Iteration 1:	0.1794450283 seconds	0.0000000000 seconds
Iteration 1:	0.1795158386 seconds	0.0000000000 seconds
Iteration 1:	0.1796650887 seconds	0.0000000000 seconds
Iteration 1:	0.1796729565 seconds	0.0000000000 seconds
Iteration 1:	0.1796820164 seconds	0.0000000000 seconds
Iteration 1:	0.1797070503 seconds	0.0000000000 seconds
Iteration 1:	0.1797189713 seconds	0.0000000000 seconds
Iteration 1:	0.1797120571 seconds	0.0000000000 seconds
Iteration 1:	0.1797192097 seconds	0.0000000000 seconds
Iteration 1:	0.1797070503 seconds	0.0000000000 seconds
Iteration 1:	0.1797139645 seconds	0.0000000000 seconds
Iteration 1:	0.1797630787 seconds	0.0000000000 seconds
Iteration 1:	0.1797621250 seconds	0.0000000000 seconds
Iteration 1:	0.1797730923 seconds	0.0000000000 seconds
Iteration 1:	0.1797909737 seconds	0.0000000000 seconds
Iteration 1:	0.1798219681 seconds	0.0000000000 seconds
Iteration 1:	0.1798100471 seconds	0.0000009537 seconds
Iteration 1:	0.1798350811 seconds	0.0000000000 seconds
Iteration 1:	0.1798090935 seconds	0.0000000000 seconds
Iteration 2:	0.1784641743 seconds	0.0000000000 seconds
Iteration 2:	0.1784589291 seconds	0.0000000000 seconds
Iteration 2:	0.1784651279 seconds	0.0000000000 seconds
Iteration 2:	0.1784729958 seconds	0.0000000000 seconds
Iteration 2:	0.1784780025 seconds	0.0000000000 seconds
Iteration 2:	0.1784768105 seconds	0.0000000000 seconds
Iteration 2:	0.1784880161 seconds	0.0000000000 seconds
Iteration 2:	0.1784949303 seconds	0.0000000000 seconds
Iteration 2:	0.1785140038 seconds	0.0000000000 seconds
Iteration 2:	0.1785140038 seconds	0.0000000000 seconds
Iteration 2:	0.1785309315 seconds	0.0000000000 seconds
Iteration 2:	0.1785340309 seconds	0.0000000000 seconds
Iteration 2:	0.1785681248 seconds	0.0000000000 seconds
Iteration 2:	0.1785979271 seconds	0.0000000000 seconds
Iteration 2:	0.1785888672 seconds	0.0000000000 seconds
Iteration 2:	0.1784629822 seconds	0.0000000000 seconds
Iteration 2:	0.1784579754 seconds	0.0000000000 seconds
Iteration 2:	0.1784780025 seconds	0.0000000000 seconds
Iteration 2:	0.1784660816 seconds	0.0000000000 seconds
Iteration 2:	0.1784651279 seconds	0.0000000000 seconds
Iteration 2:	0.1784667969 seconds	0.0000000000 seconds
Iteration 2:	0.1784601212 seconds	0.0000000000 seconds
Iteration 2:	0.1784701347 seconds	0.0000000000 seconds
Iteration 2:	0.1784660816 seconds	0.0000000000 seconds
Iteration 2:	0.1784639359 seconds	0.0000000000 seconds
Iteration 2:	0.1784620285 seconds	0.0000000000 seconds
Iteration 2:	0.1784632206 seconds	0.0000000000 seconds
Iteration 2:	0.1784698963 seconds	0.0000000000 seconds
Iteration 2:	0.1784651279 seconds	0.0000000000 seconds
Iteration 2:	0.1784920692 seconds	0.0000000000 seconds
Iteration 2:	0.1784911156 seconds	0.0000000000 seconds
Iteration 2:	0.1784658432 seconds	0.0000000000 seconds
Iteration 3:	0.1618771553 seconds	0.0000000000 seconds
Iteration 3:	0.1618771553 seconds	0.0000000000 seconds
Iteration 3:	0.1618268490 seconds	0.0000000000 seconds
Iteration 3:	0.1618738174 seconds	0.0000000000 seconds
Iteration 3:	0.1618261337 seconds	0.0000000000 seconds
Iteration 3:	0.1618161201 seconds	0.0000000000 seconds
Iteration 3:	0.1618461609 seconds	0.0000000000 seconds
Iteration 3:	0.1618781090 seconds	0.0000000000 seconds
Iteration 3:	0.1618070602 seconds	0.0000000000 seconds
Iteration 3:	0.1618461609 seconds	0.0000000000 seconds
Iteration 3:	0.1617588997 seconds	0.0000000000 seconds
Iteration 3:	0.1617608070 seconds	0.0000000000 seconds
Iteration 3:	0.1617879868 seconds	0.0000000000 seconds
Iteration 3:	0.1618719101 seconds	0.0000000000 seconds
Iteration 3:	0.1618721485 seconds	0.0000000000 seconds
Iteration 3:	0.1617910862 seconds	0.0000000000 seconds
Iteration 3:	0.1620368958 seconds	0.0000000000 seconds
Iteration 3:	0.1620380878 seconds	0.0000000000 seconds
Iteration 3:	0.1620421410 seconds	0.0000000000 seconds
Iteration 3:	0.1620378494 seconds	0.0000000000 seconds
Iteration 3:	0.1620411873 seconds	0.0000000000 seconds
Iteration 3:	0.1620450020 seconds	0.0000000000 seconds
Iteration 3:	0.1620490551 seconds	0.0000000000 seconds
Iteration 3:	0.1620481014 seconds	0.0000000000 seconds
Iteration 3:	0.1620411873 seconds	0.0000000000 seconds
Iteration 3:	0.1620440483 seconds	0.0000000000 seconds
Iteration 3:	0.1620419025 seconds	0.0000000000 seconds
Iteration 3:	0.1620459557 seconds	0.0000000000 seconds
Iteration 3:	0.1620469093 seconds	0.0000000000 seconds
Iteration 3:	0.1620471478 seconds	0.0000000000 seconds
Iteration 3:	0.1620318890 seconds	0.0000000000 seconds
Iteration 3:	0.1620321274 seconds	0.0000000000 seconds
Iteration 4:	0.1618518829 seconds	0.0000000000 seconds
Iteration 4:	0.1618747711 seconds	0.0000000000 seconds
Iteration 4:	0.1618669033 seconds	0.0000000000 seconds
Iteration 4:	0.1618659496 seconds	0.0000009537 seconds
Iteration 4:	0.1618690491 seconds	0.0000000000 seconds
Iteration 4:	0.1618781090 seconds	0.0000000000 seconds
Iteration 4:	0.1619019508 seconds	0.0000000000 seconds
Iteration 4:	0.1619071960 seconds	0.0000000000 seconds
Iteration 4:	0.1619288921 seconds	0.0000000000 seconds
Iteration 4:	0.1619341373 seconds	0.0000000000 seconds
Iteration 4:	0.1619420052 seconds	0.0000000000 seconds
Iteration 4:	0.1619479656 seconds	0.0000000000 seconds
Iteration 4:	0.1619548798 seconds	0.0000000000 seconds
Iteration 4:	0.1619589329 seconds	0.0000000000 seconds
Iteration 4:	0.1619670391 seconds	0.0000000000 seconds
Iteration 4:	0.1619539261 seconds	0.0000000000 seconds
Iteration 4:	0.1619620323 seconds	0.0000009537 seconds
Iteration 4:	0.1619491577 seconds	0.0000000000 seconds
Iteration 4:	0.1619460583 seconds	0.0000000000 seconds
Iteration 4:	0.1619479656 seconds	0.0000000000 seconds
Iteration 4:	0.1619460583 seconds	0.0000000000 seconds
Iteration 4:	0.1619470119 seconds	0.0000009537 seconds
Iteration 4:	0.1619379520 seconds	0.0000000000 seconds
Iteration 4:	0.1619379520 seconds	0.0000000000 seconds
Iteration 4:	0.1619470119 seconds	0.0000000000 seconds
Iteration 4:	0.1619489193 seconds	0.0000000000 seconds
Iteration 4:	0.1619479656 seconds	0.0000000000 seconds
Iteration 4:	0.1619460583 seconds	0.0000000000 seconds
Iteration 4:	0.1619439125 seconds	0.0000000000 seconds
Iteration 4:	0.1619489193 seconds	0.0000000000 seconds
Iteration 4:	0.1619429588 seconds	0.0000000000 seconds
Iteration 4:	0.1619441509 seconds	0.0000000000 seconds
Iteration 5:	0.1598260403 seconds	0.0000000000 seconds
Iteration 5:	0.1598069668 seconds	0.0000000000 seconds
Iteration 5:	0.1598079205 seconds	0.0000000000 seconds
Iteration 5:	0.1598091125 seconds	0.0000000000 seconds
Iteration 5:	0.1598088741 seconds	0.0000000000 seconds
Iteration 5:	0.1598072052 seconds	0.0000000000 seconds
Iteration 5:	0.1598041058 seconds	0.0000000000 seconds
Iteration 5:	0.1598060131 seconds	0.0000000000 seconds
Iteration 5:	0.1598060131 seconds	0.0000000000 seconds
Iteration 5:	0.1598000526 seconds	0.0000000000 seconds
Iteration 5:	0.1597990990 seconds	0.0000009537 seconds
Iteration 5:	0.1597969532 seconds	0.0000000000 seconds
Iteration 5:	0.1597938538 seconds	0.0000000000 seconds
Iteration 5:	0.1597950459 seconds	0.0000000000 seconds
Iteration 5:	0.1597940922 seconds	0.0000000000 seconds
Iteration 5:	0.1597909927 seconds	0.0000000000 seconds
Iteration 5:	0.1597871780 seconds	0.0000000000 seconds
Iteration 5:	0.1597929001 seconds	0.0000000000 seconds
Iteration 5:	0.1598598957 seconds	0.0000000000 seconds
Iteration 5:	0.1598570347 seconds	0.0000000000 seconds
Iteration 5:	0.1598608494 seconds	0.0000000000 seconds
Iteration 5:	0.1598620415 seconds	0.0000000000 seconds
Iteration 5:	0.1598660946 seconds	0.0000000000 seconds
Iteration 5:	0.1598689556 seconds	0.0000000000 seconds
Iteration 5:	0.1598629951 seconds	0.0000000000 seconds
Iteration 5:	0.1598670483 seconds	0.0000000000 seconds
Iteration 5:	0.1598639488 seconds	0.0000000000 seconds
Iteration 5:	0.1598660946 seconds	0.0000000000 seconds
Iteration 5:	0.1598601341 seconds	0.0000000000 seconds
Iteration 5:	0.1598889828 seconds	0.0000000000 seconds
Iteration 5:	0.1598870754 seconds	0.0000000000 seconds
Iteration 5:	0.1598598957 seconds	0.0000000000 seconds
Iteration 6:	0.1598420143 seconds	0.0000000000 seconds
Iteration 6:	0.1598370075 seconds	0.0000000000 seconds
Iteration 6:	0.1598770618 seconds	0.0000000000 seconds
Iteration 6:	0.1598699093 seconds	0.0000000000 seconds
Iteration 6:	0.1598529816 seconds	0.0000000000 seconds
Iteration 6:	0.1598739624 seconds	0.0000000000 seconds
Iteration 6:	0.1598670483 seconds	0.0000000000 seconds
Iteration 6:	0.1598038673 seconds	0.0000000000 seconds
Iteration 6:	0.1598119736 seconds	0.0000000000 seconds
Iteration 6:	0.1597390175 seconds	0.0000000000 seconds
Iteration 6:	0.1598658562 seconds	0.0000000000 seconds
Iteration 6:	0.1598589420 seconds	0.0000000000 seconds
Iteration 6:	0.1598548889 seconds	0.0000000000 seconds
Iteration 6:	0.1598510742 seconds	0.0000000000 seconds
Iteration 6:	0.1598448753 seconds	0.0000000000 seconds
Iteration 6:	0.1598470211 seconds	0.0000000000 seconds
Iteration 6:	0.1597430706 seconds	0.0000000000 seconds
Iteration 6:	0.1597368717 seconds	0.0000000000 seconds
Iteration 6:	0.1597390175 seconds	0.0000000000 seconds
Iteration 6:	0.1597352028 seconds	0.0000000000 seconds
Iteration 6:	0.1597299576 seconds	0.0000000000 seconds
Iteration 6:	0.1597328186 seconds	0.0000000000 seconds
Iteration 6:	0.1597380638 seconds	0.0000000000 seconds
Iteration 6:	0.1597459316 seconds	0.0000011921 seconds
Iteration 6:	0.1597468853 seconds	0.0000000000 seconds
Iteration 6:	0.1597449780 seconds	0.0000000000 seconds
Iteration 6:	0.1597230434 seconds	0.0000000000 seconds
Iteration 6:	0.1597270966 seconds	0.0000000000 seconds
Iteration 6:	0.1597440243 seconds	0.0000000000 seconds
Iteration 6:	0.1600999832 seconds	0.0000000000 seconds
Iteration 6:	0.1601030827 seconds	0.0000000000 seconds
Iteration 6:	0.1601021290 seconds	0.0000000000 seconds
Iteration 7:	0.1594011784 seconds	0.0000000000 seconds
Iteration 7:	0.1594119072 seconds	0.0000000000 seconds
Iteration 7:	0.1594200134 seconds	0.0000000000 seconds
Iteration 7:	0.1594228745 seconds	0.0000000000 seconds
Iteration 7:	0.1594479084 seconds	0.0000000000 seconds
Iteration 7:	0.1594460011 seconds	0.0000000000 seconds
Iteration 7:	0.1594529152 seconds	0.0000000000 seconds
Iteration 7:	0.1594648361 seconds	0.0000000000 seconds
Iteration 7:	0.1594638824 seconds	0.0000000000 seconds
Iteration 7:	0.1594610214 seconds	0.0000000000 seconds
Iteration 7:	0.1594529152 seconds	0.0000000000 seconds
Iteration 7:	0.1594498158 seconds	0.0000000000 seconds
Iteration 7:	0.1594851017 seconds	0.0000000000 seconds
Iteration 7:	0.1594831944 seconds	0.0000000000 seconds
Iteration 7:	0.1596291065 seconds	0.0000000000 seconds
Iteration 7:	0.1596930027 seconds	0.0000000000 seconds
Iteration 7:	0.1596980095 seconds	0.0000000000 seconds
Iteration 7:	0.1596128941 seconds	0.0000000000 seconds
Iteration 7:	0.1596620083 seconds	0.0000000000 seconds
Iteration 7:	0.1596200466 seconds	0.0000000000 seconds
Iteration 7:	0.1596610546 seconds	0.0000000000 seconds
Iteration 7:	0.1596219540 seconds	0.0000000000 seconds
Iteration 7:	0.1596188545 seconds	0.0000000000 seconds
Iteration 7:	0.1596190929 seconds	0.0000000000 seconds
Iteration 7:	0.1596529484 seconds	0.0000000000 seconds
Iteration 7:	0.1596541405 seconds	0.0000000000 seconds
Iteration 7:	0.1596500874 seconds	0.0000000000 seconds
Iteration 7:	0.1593880653 seconds	0.0000000000 seconds
Iteration 7:	0.1593878269 seconds	0.0000000000 seconds
Iteration 7:	0.1596350670 seconds	0.0000000000 seconds
Iteration 7:	0.1595358849 seconds	0.0000000000 seconds
Iteration 7:	0.1597650051 seconds	0.0000000000 seconds
Iteration 8:	0.1593239307 seconds	0.0000000000 seconds
Iteration 8:	0.1593310833 seconds	0.0000000000 seconds
Iteration 8:	0.1593270302 seconds	0.0000000000 seconds
Iteration 8:	0.1593279839 seconds	0.0000000000 seconds
Iteration 8:	0.1593520641 seconds	0.0000000000 seconds
Iteration 8:	0.1593551636 seconds	0.0000000000 seconds
Iteration 8:	0.1593890190 seconds	0.0000000000 seconds
Iteration 8:	0.1593878269 seconds	0.0000000000 seconds
Iteration 8:	0.1593859196 seconds	0.0000000000 seconds
Iteration 8:	0.1593909264 seconds	0.0000000000 seconds
Iteration 8:	0.1593990326 seconds	0.0000000000 seconds
Iteration 8:	0.1594071388 seconds	0.0000000000 seconds
Iteration 8:	0.1593739986 seconds	0.0000000000 seconds
Iteration 8:	0.1593790054 seconds	0.0000000000 seconds
Iteration 8:	0.1592249870 seconds	0.0000011921 seconds
Iteration 8:	0.1596131325 seconds	0.0000000000 seconds
Iteration 8:	0.1596090794 seconds	0.0000000000 seconds
Iteration 8:	0.1596069336 seconds	0.0000000000 seconds
Iteration 8:	0.1596009731 seconds	0.0000000000 seconds
Iteration 8:	0.1593749523 seconds	0.0000000000 seconds
Iteration 8:	0.1595919132 seconds	0.0000000000 seconds
Iteration 8:	0.1595919132 seconds	0.0000000000 seconds
Iteration 8:	0.1595830917 seconds	0.0000000000 seconds
Iteration 8:	0.1595709324 seconds	0.0000000000 seconds
Iteration 8:	0.1595728397 seconds	0.0000000000 seconds
Iteration 8:	0.1595690250 seconds	0.0000000000 seconds
Iteration 8:	0.1595702171 seconds	0.0000000000 seconds
Iteration 8:	0.1595749855 seconds	0.0000000000 seconds
Iteration 8:	0.1592621803 seconds	0.0000000000 seconds
Iteration 8:	0.1595509052 seconds	0.0000000000 seconds
Iteration 8:	0.1595540047 seconds	0.0000000000 seconds
Iteration 8:	0.1593890190 seconds	0.0000000000 seconds
Iteration 9:	0.1591949463 seconds	0.0000000000 seconds
Iteration 9:	0.1591980457 seconds	0.0000000000 seconds
Iteration 9:	0.1591980457 seconds	0.0000000000 seconds
Iteration 9:	0.1592090130 seconds	0.0000000000 seconds
Iteration 9:	0.1592109203 seconds	0.0000000000 seconds
Iteration 9:	0.1592111588 seconds	0.0000000000 seconds
Iteration 9:	0.1592190266 seconds	0.0000000000 seconds
Iteration 9:	0.1592140198 seconds	0.0000000000 seconds
Iteration 9:	0.1592118740 seconds	0.0000000000 seconds
Iteration 9:	0.1592159271 seconds	0.0000000000 seconds
Iteration 9:	0.1592140198 seconds	0.0000000000 seconds
Iteration 9:	0.1592180729 seconds	0.0000000000 seconds
Iteration 9:	0.1592199802 seconds	0.0000000000 seconds
Iteration 9:	0.1592190266 seconds	0.0000000000 seconds
Iteration 9:	0.1592180729 seconds	0.0000000000 seconds
Iteration 9:	0.1592230797 seconds	0.0000000000 seconds
Iteration 9:	0.1592798233 seconds	0.0000000000 seconds
Iteration 9:	0.1592772007 seconds	0.0000000000 seconds
Iteration 9:	0.1592800617 seconds	0.0000000000 seconds
Iteration 9:	0.1592750549 seconds	0.0000000000 seconds
Iteration 9:	0.1592800617 seconds	0.0000000000 seconds
Iteration 9:	0.1592788696 seconds	0.0000000000 seconds
Iteration 9:	0.1592860222 seconds	0.0000000000 seconds
Iteration 9:	0.1592838764 seconds	0.0000000000 seconds
Iteration 9:	0.1592838764 seconds	0.0000000000 seconds
Iteration 9:	0.1592781544 seconds	0.0000000000 seconds
Iteration 9:	0.1592800617 seconds	0.0000000000 seconds
Iteration 9:	0.1592748165 seconds	0.0000000000 seconds
Iteration 9:	0.1592710018 seconds	0.0000000000 seconds
Iteration 9:	0.1592690945 seconds	0.0000000000 seconds
Iteration 9:	0.1592609882 seconds	0.0000000000 seconds
Iteration 9:	0.1592609882 seconds	0.0000000000 seconds
Iteration 10:	0.1591200829 seconds	0.0000000000 seconds
Iteration 10:	0.1591100693 seconds	0.0000000000 seconds
Iteration 10:	0.1591169834 seconds	0.0000000000 seconds
Iteration 10:	0.1591138840 seconds	0.0000000000 seconds
Iteration 10:	0.1591069698 seconds	0.0000000000 seconds
Iteration 10:	0.1591072083 seconds	0.0000000000 seconds
Iteration 10:	0.1590991020 seconds	0.0000000000 seconds
Iteration 10:	0.1591041088 seconds	0.0000000000 seconds
Iteration 10:	0.1591110229 seconds	0.0000011921 seconds
Iteration 10:	0.1591088772 seconds	0.0000000000 seconds
Iteration 10:	0.1591060162 seconds	0.0000000000 seconds
Iteration 10:	0.1590991020 seconds	0.0000000000 seconds
Iteration 10:	0.1591010094 seconds	0.0000000000 seconds
Iteration 10:	0.1591000557 seconds	0.0000000000 seconds
Iteration 10:	0.1591010094 seconds	0.0000000000 seconds
Iteration 10:	0.1590878963 seconds	0.0000000000 seconds
Iteration 10:	0.1590948105 seconds	0.0000000000 seconds
Iteration 10:	0.1590940952 seconds	0.0000000000 seconds
Iteration 10:	0.1590869427 seconds	0.0000000000 seconds
Iteration 10:	0.1590909958 seconds	0.0000000000 seconds
Iteration 10:	0.1590869427 seconds	0.0000000000 seconds
Iteration 10:	0.1590859890 seconds	0.0000000000 seconds
Iteration 10:	0.1590840816 seconds	0.0000000000 seconds
Iteration 10:	0.1590888500 seconds	0.0000000000 seconds
Iteration 10:	0.1590869427 seconds	0.0000000000 seconds
Iteration 10:	0.1590881348 seconds	0.0000000000 seconds
Iteration 10:	0.1590859890 seconds	0.0000000000 seconds
Iteration 10:	0.1590840816 seconds	0.0000000000 seconds
Iteration 10:	0.1590850353 seconds	0.0000000000 seconds
Iteration 10:	0.1590909958 seconds	0.0000000000 seconds
Iteration 10:	0.1590819359 seconds	0.0000000000 seconds
Iteration 10:	0.1590838432 seconds	0.0000000000 seconds
Iteration 11:	0.1589808464 seconds	0.0000000000 seconds
Iteration 11:	0.1590158939 seconds	0.0000000000 seconds
Iteration 11:	0.1590139866 seconds	0.0000000000 seconds
Iteration 11:	0.1590111256 seconds	0.0000000000 seconds
Iteration 11:	0.1590139866 seconds	0.0000000000 seconds
Iteration 11:	0.1590161324 seconds	0.0000000000 seconds
Iteration 11:	0.1590189934 seconds	0.0000000000 seconds
Iteration 11:	0.1590158939 seconds	0.0000000000 seconds
Iteration 11:	0.1590099335 seconds	0.0000000000 seconds
Iteration 11:	0.1590509415 seconds	0.0000000000 seconds
Iteration 11:	0.1590600014 seconds	0.0000000000 seconds
Iteration 11:	0.1590628624 seconds	0.0000000000 seconds
Iteration 11:	0.1590609550 seconds	0.0000000000 seconds
Iteration 11:	0.1590619087 seconds	0.0000000000 seconds
Iteration 11:	0.1591069698 seconds	0.0000000000 seconds
Iteration 11:	0.1591091156 seconds	0.0000000000 seconds
Iteration 11:	0.1590950489 seconds	0.0000000000 seconds
Iteration 11:	0.1591069698 seconds	0.0000000000 seconds
Iteration 11:	0.1590909958 seconds	0.0000000000 seconds
Iteration 11:	0.1590840816 seconds	0.0000000000 seconds
Iteration 11:	0.1590960026 seconds	0.0000000000 seconds
Iteration 11:	0.1590900421 seconds	0.0000000000 seconds
Iteration 11:	0.1590139866 seconds	0.0000000000 seconds
Iteration 11:	0.1590330601 seconds	0.0000000000 seconds
Iteration 11:	0.1590340137 seconds	0.0000000000 seconds
Iteration 11:	0.1591081619 seconds	0.0000000000 seconds
Iteration 11:	0.1590380669 seconds	0.0000000000 seconds
Iteration 11:	0.1591019630 seconds	0.0000000000 seconds
Iteration 11:	0.1590938568 seconds	0.0000000000 seconds
Iteration 11:	0.1590759754 seconds	0.0000000000 seconds
Iteration 11:	0.1590831280 seconds	0.0000000000 seconds
Iteration 11:	0.1590931416 seconds	0.0000000000 seconds
Iteration 12:	0.1590850353 seconds	0.0000000000 seconds
Iteration 12:	0.1589407921 seconds	0.0000000000 seconds
Iteration 12:	0.1589488983 seconds	0.0000000000 seconds
Iteration 12:	0.1589498520 seconds	0.0000000000 seconds
Iteration 12:	0.1589558125 seconds	0.0000009537 seconds
Iteration 12:	0.1589407921 seconds	0.0000000000 seconds
Iteration 12:	0.1589460373 seconds	0.0000000000 seconds
Iteration 12:	0.1589281559 seconds	0.0000000000 seconds
Iteration 12:	0.1589219570 seconds	0.0000000000 seconds
Iteration 12:	0.1591818333 seconds	0.0000000000 seconds
Iteration 12:	0.1589269638 seconds	0.0000000000 seconds
Iteration 12:	0.1589250565 seconds	0.0000000000 seconds
Iteration 12:	0.1592488289 seconds	0.0000009537 seconds
Iteration 12:	0.1592490673 seconds	0.0000009537 seconds
Iteration 12:	0.1589570045 seconds	0.0000009537 seconds
Iteration 12:	0.1592490673 seconds	0.0000000000 seconds
Iteration 12:	0.1592509747 seconds	0.0000000000 seconds
Iteration 12:	0.1592500210 seconds	0.0000000000 seconds
Iteration 12:	0.1592519283 seconds	0.0000000000 seconds
Iteration 12:	0.1592578888 seconds	0.0000000000 seconds
Iteration 12:	0.1592128277 seconds	0.0000000000 seconds
Iteration 12:	0.1590631008 seconds	0.0000000000 seconds
Iteration 12:	0.1590039730 seconds	0.0000000000 seconds
Iteration 12:	0.1592099667 seconds	0.0000000000 seconds
Iteration 12:	0.1592080593 seconds	0.0000000000 seconds
Iteration 12:	0.1590418816 seconds	0.0000000000 seconds
Iteration 12:	0.1590650082 seconds	0.0000000000 seconds
Iteration 12:	0.1590640545 seconds	0.0000000000 seconds
Iteration 12:	0.1591629982 seconds	0.0000000000 seconds
Iteration 12:	0.1592361927 seconds	0.0000000000 seconds
Iteration 12:	0.1592290401 seconds	0.0000000000 seconds
Iteration 12:	0.1591620445 seconds	0.0000000000 seconds
Iteration 13:	0.1592040062 seconds	0.0000000000 seconds
Iteration 13:	0.1590740681 seconds	0.0000000000 seconds
Iteration 13:	0.1589968204 seconds	0.0000000000 seconds
Iteration 13:	0.1589980125 seconds	0.0000009537 seconds
Iteration 13:	0.1589698792 seconds	0.0000000000 seconds
Iteration 13:	0.1589930058 seconds	0.0000000000 seconds
Iteration 13:	0.1589689255 seconds	0.0000000000 seconds
Iteration 13:	0.1589879990 seconds	0.0000000000 seconds
Iteration 13:	0.1589589119 seconds	0.0000000000 seconds
Iteration 13:	0.1589589119 seconds	0.0000000000 seconds
Iteration 13:	0.1589558125 seconds	0.0000000000 seconds
Iteration 13:	0.1589550972 seconds	0.0000000000 seconds
Iteration 13:	0.1589369774 seconds	0.0000000000 seconds
Iteration 13:	0.1589450836 seconds	0.0000000000 seconds
Iteration 13:	0.1589598656 seconds	0.0000000000 seconds
Iteration 13:	0.1589708328 seconds	0.0000000000 seconds
Iteration 13:	0.1591989994 seconds	0.0000000000 seconds
Iteration 13:	0.1591999531 seconds	0.0000000000 seconds
Iteration 13:	0.1592078209 seconds	0.0000000000 seconds
Iteration 13:	0.1592211723 seconds	0.0000000000 seconds
Iteration 13:	0.1592259407 seconds	0.0000000000 seconds
Iteration 13:	0.1592321396 seconds	0.0000000000 seconds
Iteration 13:	0.1592340469 seconds	0.0000009537 seconds
Iteration 13:	0.1592438221 seconds	0.0000000000 seconds
Iteration 13:	0.1592490673 seconds	0.0000000000 seconds
Iteration 13:	0.1592578888 seconds	0.0000000000 seconds
Iteration 13:	0.1592319012 seconds	0.0000000000 seconds
Iteration 13:	0.1591959000 seconds	0.0000000000 seconds
Iteration 13:	0.1591730118 seconds	0.0000000000 seconds
Iteration 13:	0.1592009068 seconds	0.0000000000 seconds
Iteration 13:	0.1592040062 seconds	0.0000009537 seconds
Iteration 13:	0.1591751575 seconds	0.0000000000 seconds
Iteration 14:	0.1589570045 seconds	0.0000000000 seconds
Iteration 14:	0.1589548588 seconds	0.0000000000 seconds
Iteration 14:	0.1589639187 seconds	0.0000000000 seconds
Iteration 14:	0.1589639187 seconds	0.0000000000 seconds
Iteration 14:	0.1589679718 seconds	0.0000000000 seconds
Iteration 14:	0.1589689255 seconds	0.0000011921 seconds
Iteration 14:	0.1589858532 seconds	0.0000000000 seconds
Iteration 14:	0.1589851379 seconds	0.0000000000 seconds
Iteration 14:	0.1589930058 seconds	0.0000000000 seconds
Iteration 14:	0.1589930058 seconds	0.0000000000 seconds
Iteration 14:	0.1589980125 seconds	0.0000000000 seconds
Iteration 14:	0.1590030193 seconds	0.0000000000 seconds
Iteration 14:	0.1589899063 seconds	0.0000000000 seconds
Iteration 14:	0.1589908600 seconds	0.0000000000 seconds
Iteration 14:	0.1589908600 seconds	0.0000000000 seconds
Iteration 14:	0.1589529514 seconds	0.0000000000 seconds
Iteration 14:	0.1589529514 seconds	0.0000000000 seconds
Iteration 14:	0.1589529514 seconds	0.0000000000 seconds
Iteration 14:	0.1589820385 seconds	0.0000000000 seconds
Iteration 14:	0.1589391232 seconds	0.0000000000 seconds
Iteration 14:	0.1589388847 seconds	0.0000000000 seconds
Iteration 14:	0.1591360569 seconds	0.0000000000 seconds
Iteration 14:	0.1591379642 seconds	0.0000000000 seconds
Iteration 14:	0.1591360569 seconds	0.0000000000 seconds
Iteration 14:	0.1591329575 seconds	0.0000000000 seconds
Iteration 14:	0.1591279507 seconds	0.0000000000 seconds
Iteration 14:	0.1591310501 seconds	0.0000000000 seconds
Iteration 14:	0.1591339111 seconds	0.0000000000 seconds
Iteration 14:	0.1591198444 seconds	0.0000000000 seconds
Iteration 14:	0.1591360569 seconds	0.0000000000 seconds
Iteration 14:	0.1591160297 seconds	0.0000000000 seconds
Iteration 14:	0.1591339111 seconds	0.0000000000 seconds
Iteration 15:	0.1590690613 seconds	0.0000000000 seconds
Iteration 15:	0.1590778828 seconds	0.0000000000 seconds
Iteration 15:	0.1590731144 seconds	0.0000000000 seconds
Iteration 15:	0.1591269970 seconds	0.0000000000 seconds
Iteration 15:	0.1591279507 seconds	0.0000000000 seconds
Iteration 15:	0.1591341496 seconds	0.0000000000 seconds
Iteration 15:	0.1591310501 seconds	0.0000000000 seconds
Iteration 15:	0.1591260433 seconds	0.0000009537 seconds
Iteration 15:	0.1591191292 seconds	0.0000000000 seconds
Iteration 15:	0.1591060162 seconds	0.0000000000 seconds
Iteration 15:	0.1591169834 seconds	0.0000000000 seconds
Iteration 15:	0.1590940952 seconds	0.0000009537 seconds
Iteration 15:	0.1590900421 seconds	0.0000000000 seconds
Iteration 15:	0.1590850353 seconds	0.0000000000 seconds
Iteration 15:	0.1590850353 seconds	0.0000000000 seconds
Iteration 15:	0.1590969563 seconds	0.0000000000 seconds
Iteration 15:	0.1590950489 seconds	0.0000000000 seconds
Iteration 15:	0.1590847969 seconds	0.0000000000 seconds
Iteration 15:	0.1590938568 seconds	0.0000000000 seconds
Iteration 15:	0.1590931416 seconds	0.0000000000 seconds
Iteration 15:	0.1590929031 seconds	0.0000000000 seconds
Iteration 15:	0.1588938236 seconds	0.0000000000 seconds
Iteration 15:	0.1588981152 seconds	0.0000000000 seconds
Iteration 15:	0.1588928699 seconds	0.0000000000 seconds
Iteration 15:	0.1589000225 seconds	0.0000000000 seconds
Iteration 15:	0.1589012146 seconds	0.0000000000 seconds
Iteration 15:	0.1589031219 seconds	0.0000000000 seconds
Iteration 15:	0.1588988304 seconds	0.0000000000 seconds
Iteration 15:	0.1588990688 seconds	0.0000000000 seconds
Iteration 15:	0.1589000225 seconds	0.0000000000 seconds
Iteration 15:	0.1589179039 seconds	0.0000000000 seconds
Iteration 15:	0.1589179039 seconds	0.0000000000 seconds
Iteration 16:	0.1589219570 seconds	0.0000000000 seconds
Iteration 16:	0.1589269638 seconds	0.0000000000 seconds
Iteration 16:	0.1589269638 seconds	0.0000000000 seconds
Iteration 16:	0.1588680744 seconds	0.0000000000 seconds
Iteration 16:	0.1588718891 seconds	0.0000000000 seconds
Iteration 16:	0.1588730812 seconds	0.0000000000 seconds
Iteration 16:	0.1588699818 seconds	0.0000000000 seconds
Iteration 16:	0.1588830948 seconds	0.0000009537 seconds
Iteration 16:	0.1588840485 seconds	0.0000000000 seconds
Iteration 16:	0.1588881016 seconds	0.0000000000 seconds
Iteration 16:	0.1588940620 seconds	0.0000000000 seconds
Iteration 16:	0.1589009762 seconds	0.0000000000 seconds
Iteration 16:	0.1589090824 seconds	0.0000000000 seconds
Iteration 16:	0.1589109898 seconds	0.0000000000 seconds
Iteration 16:	0.1589112282 seconds	0.0000000000 seconds
Iteration 16:	0.1589021683 seconds	0.0000000000 seconds
Iteration 16:	0.1589021683 seconds	0.0000000000 seconds
Iteration 16:	0.1589040756 seconds	0.0000000000 seconds
Iteration 16:	0.1589109898 seconds	0.0000000000 seconds
Iteration 16:	0.1589159966 seconds	0.0000000000 seconds
Iteration 16:	0.1589109898 seconds	0.0000000000 seconds
Iteration 16:	0.1589179039 seconds	0.0000000000 seconds
Iteration 16:	0.1589097977 seconds	0.0000000000 seconds
Iteration 16:	0.1589090824 seconds	0.0000000000 seconds
Iteration 16:	0.1589050293 seconds	0.0000000000 seconds
Iteration 16:	0.1589069366 seconds	0.0000000000 seconds
Iteration 16:	0.1589059830 seconds	0.0000000000 seconds
Iteration 16:	0.1589069366 seconds	0.0000000000 seconds
Iteration 16:	0.1589028835 seconds	0.0000000000 seconds
Iteration 16:	0.1589028835 seconds	0.0000000000 seconds
Iteration 16:	0.1589000225 seconds	0.0000000000 seconds
Iteration 16:	0.1589028835 seconds	0.0000000000 seconds
Iteration 17:	0.1587588787 seconds	0.0000000000 seconds
Iteration 17:	0.1587598324 seconds	0.0000000000 seconds
Iteration 17:	0.1588270664 seconds	0.0000009537 seconds
Iteration 17:	0.1587750912 seconds	0.0000000000 seconds
Iteration 17:	0.1588249207 seconds	0.0000000000 seconds
Iteration 17:	0.1588327885 seconds	0.0000000000 seconds
Iteration 17:	0.1588239670 seconds	0.0000000000 seconds
Iteration 17:	0.1587581635 seconds	0.0000000000 seconds
Iteration 17:	0.1587769985 seconds	0.0000000000 seconds
Iteration 17:	0.1587650776 seconds	0.0000009537 seconds
Iteration 17:	0.1587841511 seconds	0.0000000000 seconds
Iteration 17:	0.1587910652 seconds	0.0000000000 seconds
Iteration 17:	0.1587679386 seconds	0.0000000000 seconds
Iteration 17:	0.1587738991 seconds	0.0000000000 seconds
Iteration 17:	0.1587860584 seconds	0.0000000000 seconds
Iteration 17:	0.1588020325 seconds	0.0000000000 seconds
Iteration 17:	0.1588289738 seconds	0.0000000000 seconds
Iteration 17:	0.1588408947 seconds	0.0000011921 seconds
Iteration 17:	0.1588521004 seconds	0.0000000000 seconds
Iteration 17:	0.1588380337 seconds	0.0000000000 seconds
Iteration 17:	0.1588490009 seconds	0.0000000000 seconds
Iteration 17:	0.1588490009 seconds	0.0000000000 seconds
Iteration 17:	0.1588320732 seconds	0.0000000000 seconds
Iteration 17:	0.1588480473 seconds	0.0000000000 seconds
Iteration 17:	0.1588420868 seconds	0.0000000000 seconds
Iteration 17:	0.1588289738 seconds	0.0000000000 seconds
Iteration 17:	0.1588459015 seconds	0.0000000000 seconds
Iteration 17:	0.1588239670 seconds	0.0000000000 seconds
Iteration 17:	0.1588499546 seconds	0.0000000000 seconds
Iteration 17:	0.1588129997 seconds	0.0000000000 seconds
Iteration 17:	0.1588079929 seconds	0.0000000000 seconds
Iteration 17:	0.1588220596 seconds	0.0000000000 seconds
Iteration 18:	0.1584842205 seconds	0.0000000000 seconds
Iteration 18:	0.1585121155 seconds	0.0000009537 seconds
Iteration 18:	0.1586999893 seconds	0.0000000000 seconds
Iteration 18:	0.1586940289 seconds	0.0000000000 seconds
Iteration 18:	0.1586959362 seconds	0.0000000000 seconds
Iteration 18:	0.1587698460 seconds	0.0000000000 seconds
Iteration 18:	0.1585237980 seconds	0.0000000000 seconds
Iteration 18:	0.1587960720 seconds	0.0000000000 seconds
Iteration 18:	0.1587028503 seconds	0.0000011921 seconds
Iteration 18:	0.1587700844 seconds	0.0000000000 seconds
Iteration 18:	0.1587700844 seconds	0.0000000000 seconds
Iteration 18:	0.1587700844 seconds	0.0000000000 seconds
Iteration 18:	0.1588010788 seconds	0.0000000000 seconds
Iteration 18:	0.1588010788 seconds	0.0000000000 seconds
Iteration 18:	0.1587991714 seconds	0.0000000000 seconds
Iteration 18:	0.1587991714 seconds	0.0000000000 seconds
Iteration 18:	0.1588180065 seconds	0.0000000000 seconds
Iteration 18:	0.1588551998 seconds	0.0000000000 seconds
Iteration 18:	0.1586940289 seconds	0.0000000000 seconds
Iteration 18:	0.1586909294 seconds	0.0000000000 seconds
Iteration 18:	0.1586170197 seconds	0.0000000000 seconds
Iteration 18:	0.1586780548 seconds	0.0000000000 seconds
Iteration 18:	0.1586539745 seconds	0.0000000000 seconds
Iteration 18:	0.1586589813 seconds	0.0000000000 seconds
Iteration 18:	0.1586139202 seconds	0.0000000000 seconds
Iteration 18:	0.1586179733 seconds	0.0000000000 seconds
Iteration 18:	0.1586768627 seconds	0.0000000000 seconds
Iteration 18:	0.1586740017 seconds	0.0000000000 seconds
Iteration 18:	0.1586740017 seconds	0.0000000000 seconds
Iteration 18:	0.1588580608 seconds	0.0000000000 seconds
Iteration 18:	0.1588718891 seconds	0.0000000000 seconds
Iteration 18:	0.1588749886 seconds	0.0000000000 seconds
Iteration 19:	0.1586141586 seconds	0.0000000000 seconds
Iteration 19:	0.1586771011 seconds	0.0000000000 seconds
Iteration 19:	0.1586809158 seconds	0.0000000000 seconds
Iteration 19:	0.1586768627 seconds	0.0000000000 seconds
Iteration 19:	0.1586668491 seconds	0.0000000000 seconds
Iteration 19:	0.1586968899 seconds	0.0000009537 seconds
Iteration 19:	0.1586861610 seconds	0.0000000000 seconds
Iteration 19:	0.1586530209 seconds	0.0000000000 seconds
Iteration 19:	0.1586949825 seconds	0.0000000000 seconds
Iteration 19:	0.1586949825 seconds	0.0000009537 seconds
Iteration 19:	0.1586489677 seconds	0.0000000000 seconds
Iteration 19:	0.1586098671 seconds	0.0000000000 seconds
Iteration 19:	0.1586098671 seconds	0.0000009537 seconds
Iteration 19:	0.1586818695 seconds	0.0000000000 seconds
Iteration 19:	0.1586098671 seconds	0.0000000000 seconds
Iteration 19:	0.1586780548 seconds	0.0000000000 seconds
Iteration 19:	0.1585850716 seconds	0.0000000000 seconds
Iteration 19:	0.1586048603 seconds	0.0000000000 seconds
Iteration 19:	0.1586060524 seconds	0.0000000000 seconds
Iteration 19:	0.1585888863 seconds	0.0000000000 seconds
Iteration 19:	0.1585888863 seconds	0.0000000000 seconds
Iteration 19:	0.1586079597 seconds	0.0000000000 seconds
Iteration 19:	0.1586060524 seconds	0.0000000000 seconds
Iteration 19:	0.1586039066 seconds	0.0000000000 seconds
Iteration 19:	0.1586461067 seconds	0.0000009537 seconds
Iteration 19:	0.1586029530 seconds	0.0000000000 seconds
Iteration 19:	0.1586039066 seconds	0.0000000000 seconds
Iteration 19:	0.1586050987 seconds	0.0000000000 seconds
Iteration 19:	0.1586470604 seconds	0.0000009537 seconds
Iteration 19:	0.1586439610 seconds	0.0000000000 seconds
Iteration 19:	0.1586451530 seconds	0.0000000000 seconds
Iteration 19:	0.1586439610 seconds	0.0000000000 seconds
Iteration 20:	0.1586179733 seconds	0.0000000000 seconds
Iteration 20:	0.1586070061 seconds	0.0000000000 seconds
Iteration 20:	0.1586070061 seconds	0.0000009537 seconds
Iteration 20:	0.1586210728 seconds	0.0000000000 seconds
Iteration 20:	0.1586248875 seconds	0.0000000000 seconds
Iteration 20:	0.1586170197 seconds	0.0000000000 seconds
Iteration 20:	0.1586179733 seconds	0.0000000000 seconds
Iteration 20:	0.1586358547 seconds	0.0000000000 seconds
Iteration 20:	0.1587250233 seconds	0.0000000000 seconds
Iteration 20:	0.1586399078 seconds	0.0000000000 seconds
Iteration 20:	0.1586360931 seconds	0.0000000000 seconds
Iteration 20:	0.1586408615 seconds	0.0000000000 seconds
Iteration 20:	0.1587359905 seconds	0.0000000000 seconds
Iteration 20:	0.1587431431 seconds	0.0000000000 seconds
Iteration 20:	0.1587519646 seconds	0.0000000000 seconds
Iteration 20:	0.1586430073 seconds	0.0000000000 seconds
Iteration 20:	0.1586239338 seconds	0.0000000000 seconds
Iteration 20:	0.1586248875 seconds	0.0000000000 seconds
Iteration 20:	0.1587669849 seconds	0.0000000000 seconds
Iteration 20:	0.1587760448 seconds	0.0000009537 seconds
Iteration 20:	0.1587820053 seconds	0.0000011921 seconds
Iteration 20:	0.1587879658 seconds	0.0000000000 seconds
Iteration 20:	0.1587910652 seconds	0.0000000000 seconds
Iteration 20:	0.1587991714 seconds	0.0000000000 seconds
Iteration 20:	0.1588380337 seconds	0.0000000000 seconds
Iteration 20:	0.1588518620 seconds	0.0000000000 seconds
Iteration 20:	0.1589050293 seconds	0.0000000000 seconds
Iteration 20:	0.1589169502 seconds	0.0000009537 seconds
Iteration 20:	0.1589808464 seconds	0.0000000000 seconds
Iteration 20:	0.1589941978 seconds	0.0000000000 seconds
Iteration 20:	0.1589939594 seconds	0.0000000000 seconds
Iteration 20:	0.1590240002 seconds	0.0000000000 seconds
Iteration 21:	0.1586399078 seconds	0.0000000000 seconds
Iteration 21:	0.1586380005 seconds	0.0000000000 seconds
Iteration 21:	0.1586389542 seconds	0.0000000000 seconds
Iteration 21:	0.1586420536 seconds	0.0000000000 seconds
Iteration 21:	0.1586811543 seconds	0.0000000000 seconds
Iteration 21:	0.1586909294 seconds	0.0000000000 seconds
Iteration 21:	0.1586949825 seconds	0.0000000000 seconds
Iteration 21:	0.1584601402 seconds	0.0000000000 seconds
Iteration 21:	0.1584370136 seconds	0.0000000000 seconds
Iteration 21:	0.1583731174 seconds	0.0000000000 seconds
Iteration 21:	0.1583788395 seconds	0.0000000000 seconds
Iteration 21:	0.1584010124 seconds	0.0000000000 seconds
Iteration 21:	0.1586978436 seconds	0.0000000000 seconds
Iteration 21:	0.1586999893 seconds	0.0000000000 seconds
Iteration 21:	0.1584029198 seconds	0.0000000000 seconds
Iteration 21:	0.1587009430 seconds	0.0000000000 seconds
Iteration 21:	0.1586968899 seconds	0.0000000000 seconds
Iteration 21:	0.1586949825 seconds	0.0000000000 seconds
Iteration 21:	0.1587030888 seconds	0.0000000000 seconds
Iteration 21:	0.1587069035 seconds	0.0000000000 seconds
Iteration 21:	0.1587841511 seconds	0.0000000000 seconds
Iteration 21:	0.1587779522 seconds	0.0000000000 seconds
Iteration 21:	0.1587729454 seconds	0.0000000000 seconds
Iteration 21:	0.1587648392 seconds	0.0000000000 seconds
Iteration 21:	0.1587519646 seconds	0.0000000000 seconds
Iteration 21:	0.1587471962 seconds	0.0000000000 seconds
Iteration 21:	0.1587431431 seconds	0.0000000000 seconds
Iteration 21:	0.1587471962 seconds	0.0000000000 seconds
Iteration 21:	0.1587421894 seconds	0.0000000000 seconds
Iteration 21:	0.1587359905 seconds	0.0000000000 seconds
Iteration 21:	0.1586980820 seconds	0.0000000000 seconds
Iteration 21:	0.1587140560 seconds	0.0000000000 seconds
Iteration 22:	0.1584789753 seconds	0.0000000000 seconds
Iteration 22:	0.1584849358 seconds	0.0000000000 seconds
Iteration 22:	0.1584999561 seconds	0.0000000000 seconds
Iteration 22:	0.1585071087 seconds	0.0000000000 seconds
Iteration 22:	0.1585209370 seconds	0.0000000000 seconds
Iteration 22:	0.1586530209 seconds	0.0000000000 seconds
Iteration 22:	0.1585290432 seconds	0.0000000000 seconds
Iteration 22:	0.1586549282 seconds	0.0000000000 seconds
Iteration 22:	0.1586530209 seconds	0.0000000000 seconds
Iteration 22:	0.1586539745 seconds	0.0000000000 seconds
Iteration 22:	0.1586520672 seconds	0.0000000000 seconds
Iteration 22:	0.1586530209 seconds	0.0000000000 seconds
Iteration 22:	0.1586542130 seconds	0.0000000000 seconds
Iteration 22:	0.1586520672 seconds	0.0000000000 seconds
Iteration 22:	0.1586499214 seconds	0.0000000000 seconds
Iteration 22:	0.1586530209 seconds	0.0000000000 seconds
Iteration 22:	0.1586530209 seconds	0.0000000000 seconds
Iteration 22:	0.1586518288 seconds	0.0000000000 seconds
Iteration 22:	0.1586549282 seconds	0.0000000000 seconds
Iteration 22:	0.1586520672 seconds	0.0000000000 seconds
Iteration 22:	0.1586530209 seconds	0.0000000000 seconds
Iteration 22:	0.1586511135 seconds	0.0000000000 seconds
Iteration 22:	0.1586511135 seconds	0.0000000000 seconds
Iteration 22:	0.1586470604 seconds	0.0000000000 seconds
Iteration 22:	0.1586489677 seconds	0.0000000000 seconds
Iteration 22:	0.1586470604 seconds	0.0000000000 seconds
Iteration 22:	0.1586430073 seconds	0.0000000000 seconds
Iteration 22:	0.1586410999 seconds	0.0000000000 seconds
Iteration 22:	0.1586418152 seconds	0.0000000000 seconds
Iteration 22:	0.1586420536 seconds	0.0000000000 seconds
Iteration 22:	0.1586420536 seconds	0.0000000000 seconds
Iteration 22:	0.1586420536 seconds	0.0000000000 seconds
Iteration 23:	0.1586349010 seconds	0.0000000000 seconds
Iteration 23:	0.1586470604 seconds	0.0000000000 seconds
Iteration 23:	0.1586351395 seconds	0.0000000000 seconds
Iteration 23:	0.1586351395 seconds	0.0000000000 seconds
Iteration 23:	0.1586351395 seconds	0.0000000000 seconds
Iteration 23:	0.1586618423 seconds	0.0000000000 seconds
Iteration 23:	0.1586627960 seconds	0.0000000000 seconds
Iteration 23:	0.1586649418 seconds	0.0000000000 seconds
Iteration 23:	0.1586380005 seconds	0.0000000000 seconds
Iteration 23:	0.1586630344 seconds	0.0000000000 seconds
Iteration 23:	0.1586630344 seconds	0.0000000000 seconds
Iteration 23:	0.1586389542 seconds	0.0000000000 seconds
Iteration 23:	0.1586380005 seconds	0.0000000000 seconds
Iteration 23:	0.1586360931 seconds	0.0000000000 seconds
Iteration 23:	0.1586380005 seconds	0.0000000000 seconds
Iteration 23:	0.1586349010 seconds	0.0000000000 seconds
Iteration 23:	0.1586239338 seconds	0.0000000000 seconds
Iteration 23:	0.1586380005 seconds	0.0000011921 seconds
Iteration 23:	0.1586380005 seconds	0.0000000000 seconds
Iteration 23:	0.1586279869 seconds	0.0000000000 seconds
Iteration 23:	0.1586279869 seconds	0.0000000000 seconds
Iteration 23:	0.1586289406 seconds	0.0000000000 seconds
Iteration 23:	0.1586308479 seconds	0.0000000000 seconds
Iteration 23:	0.1586320400 seconds	0.0000000000 seconds
Iteration 23:	0.1586289406 seconds	0.0000000000 seconds
Iteration 23:	0.1586289406 seconds	0.0000000000 seconds
Iteration 23:	0.1586289406 seconds	0.0000000000 seconds
Iteration 23:	0.1586289406 seconds	0.0000000000 seconds
Iteration 23:	0.1588039398 seconds	0.0000000000 seconds
Iteration 23:	0.1587870121 seconds	0.0000000000 seconds
Iteration 23:	0.1588490009 seconds	0.0000000000 seconds
Iteration 23:	0.1588490009 seconds	0.0000000000 seconds
Iteration 24:	0.1588370800 seconds	0.0000000000 seconds
Iteration 24:	0.1588320732 seconds	0.0000000000 seconds
Iteration 24:	0.1588470936 seconds	0.0000000000 seconds
Iteration 24:	0.1588358879 seconds	0.0000000000 seconds
Iteration 24:	0.1588330269 seconds	0.0000000000 seconds
Iteration 24:	0.1588079929 seconds	0.0000000000 seconds
Iteration 24:	0.1588249207 seconds	0.0000000000 seconds
Iteration 24:	0.1588258743 seconds	0.0000011921 seconds
Iteration 24:	0.1588280201 seconds	0.0000000000 seconds
Iteration 24:	0.1588301659 seconds	0.0000000000 seconds
Iteration 24:	0.1588540077 seconds	0.0000000000 seconds
Iteration 24:	0.1588499546 seconds	0.0000000000 seconds
Iteration 24:	0.1585550308 seconds	0.0000000000 seconds
Iteration 24:	0.1588490009 seconds	0.0000000000 seconds
Iteration 24:	0.1588490009 seconds	0.0000000000 seconds
Iteration 24:	0.1585719585 seconds	0.0000000000 seconds
Iteration 24:	0.1587400436 seconds	0.0000000000 seconds
Iteration 24:	0.1587419510 seconds	0.0000000000 seconds
Iteration 24:	0.1587090492 seconds	0.0000000000 seconds
Iteration 24:	0.1587409973 seconds	0.0000000000 seconds
Iteration 24:	0.1587400436 seconds	0.0000000000 seconds
Iteration 24:	0.1587109566 seconds	0.0000000000 seconds
Iteration 24:	0.1587059498 seconds	0.0000000000 seconds
Iteration 24:	0.1587109566 seconds	0.0000000000 seconds
Iteration 24:	0.1587080956 seconds	0.0000000000 seconds
Iteration 24:	0.1587121487 seconds	0.0000000000 seconds
Iteration 24:	0.1588499546 seconds	0.0000000000 seconds
Iteration 24:	0.1588511467 seconds	0.0000000000 seconds
Iteration 24:	0.1588478088 seconds	0.0000000000 seconds
Iteration 24:	0.1588511467 seconds	0.0000000000 seconds
Iteration 24:	0.1586489677 seconds	0.0000000000 seconds
Iteration 24:	0.1586508751 seconds	0.0000000000 seconds
Iteration 25:	0.1586339474 seconds	0.0000000000 seconds
Iteration 25:	0.1586449146 seconds	0.0000000000 seconds
Iteration 25:	0.1586389542 seconds	0.0000000000 seconds
Iteration 25:	0.1586480141 seconds	0.0000009537 seconds
Iteration 25:	0.1586458683 seconds	0.0000000000 seconds
Iteration 25:	0.1586451530 seconds	0.0000000000 seconds
Iteration 25:	0.1586439610 seconds	0.0000000000 seconds
Iteration 25:	0.1586508751 seconds	0.0000000000 seconds
Iteration 25:	0.1586229801 seconds	0.0000000000 seconds
Iteration 25:	0.1586430073 seconds	0.0000000000 seconds
Iteration 25:	0.1586461067 seconds	0.0000000000 seconds
Iteration 25:	0.1586248875 seconds	0.0000000000 seconds
Iteration 25:	0.1586351395 seconds	0.0000000000 seconds
Iteration 25:	0.1586492062 seconds	0.0000000000 seconds
Iteration 25:	0.1586329937 seconds	0.0000000000 seconds
Iteration 25:	0.1586360931 seconds	0.0000000000 seconds
Iteration 25:	0.1586360931 seconds	0.0000000000 seconds
Iteration 25:	0.1586380005 seconds	0.0000000000 seconds
Iteration 25:	0.1586368084 seconds	0.0000000000 seconds
Iteration 25:	0.1586480141 seconds	0.0000000000 seconds
Iteration 25:	0.1586771011 seconds	0.0000000000 seconds
Iteration 25:	0.1586549282 seconds	0.0000000000 seconds
Iteration 25:	0.1586580276 seconds	0.0000000000 seconds
Iteration 25:	0.1586580276 seconds	0.0000000000 seconds
Iteration 25:	0.1586570740 seconds	0.0000000000 seconds
Iteration 25:	0.1586740017 seconds	0.0000000000 seconds
Iteration 25:	0.1586749554 seconds	0.0000000000 seconds
Iteration 25:	0.1586749554 seconds	0.0000000000 seconds
Iteration 25:	0.1586790085 seconds	0.0000000000 seconds
Iteration 25:	0.1586780548 seconds	0.0000000000 seconds
Iteration 25:	0.1586611271 seconds	0.0000000000 seconds
Iteration 25:	0.1586630344 seconds	0.0000000000 seconds
Iteration 26:	0.1586961746 seconds	0.0000000000 seconds
Iteration 26:	0.1587049961 seconds	0.0000000000 seconds
Iteration 26:	0.1586949825 seconds	0.0000000000 seconds
Iteration 26:	0.1586859226 seconds	0.0000000000 seconds
Iteration 26:	0.1586911678 seconds	0.0000000000 seconds
Iteration 26:	0.1586890221 seconds	0.0000000000 seconds
Iteration 26:	0.1586899757 seconds	0.0000000000 seconds
Iteration 26:	0.1586849689 seconds	0.0000000000 seconds
Iteration 26:	0.1586909294 seconds	0.0000000000 seconds
Iteration 26:	0.1586909294 seconds	0.0000000000 seconds
Iteration 26:	0.1587150097 seconds	0.0000000000 seconds
Iteration 26:	0.1586930752 seconds	0.0000000000 seconds
Iteration 26:	0.1587228775 seconds	0.0000000000 seconds
Iteration 26:	0.1586930752 seconds	0.0000000000 seconds
Iteration 26:	0.1587121487 seconds	0.0000000000 seconds
Iteration 26:	0.1586868763 seconds	0.0000000000 seconds
Iteration 26:	0.1586899757 seconds	0.0000000000 seconds
Iteration 26:	0.1586890221 seconds	0.0000000000 seconds
Iteration 26:	0.1586909294 seconds	0.0000000000 seconds
Iteration 26:	0.1586849689 seconds	0.0000000000 seconds
Iteration 26:	0.1586868763 seconds	0.0000000000 seconds
Iteration 26:	0.1586840153 seconds	0.0000000000 seconds
Iteration 26:	0.1586840153 seconds	0.0000000000 seconds
Iteration 26:	0.1586840153 seconds	0.0000000000 seconds
Iteration 26:	0.1586859226 seconds	0.0000000000 seconds
Iteration 26:	0.1586890221 seconds	0.0000000000 seconds
Iteration 26:	0.1586880684 seconds	0.0000000000 seconds
Iteration 26:	0.1586890221 seconds	0.0000000000 seconds
Iteration 26:	0.1586899757 seconds	0.0000000000 seconds
Iteration 26:	0.1586918831 seconds	0.0000000000 seconds
Iteration 26:	0.1586711407 seconds	0.0000000000 seconds
Iteration 26:	0.1586740017 seconds	0.0000000000 seconds
Iteration 27:	0.1586508751 seconds	0.0000000000 seconds
Iteration 27:	0.1586370468 seconds	0.0000000000 seconds
Iteration 27:	0.1586520672 seconds	0.0000000000 seconds
Iteration 27:	0.1586608887 seconds	0.0000000000 seconds
Iteration 27:	0.1586468220 seconds	0.0000000000 seconds
Iteration 27:	0.1586499214 seconds	0.0000000000 seconds
Iteration 27:	0.1586508751 seconds	0.0000000000 seconds
Iteration 27:	0.1586499214 seconds	0.0000000000 seconds
Iteration 27:	0.1586468220 seconds	0.0000000000 seconds
Iteration 27:	0.1586492062 seconds	0.0000000000 seconds
Iteration 27:	0.1586370468 seconds	0.0000000000 seconds
Iteration 27:	0.1586229801 seconds	0.0000000000 seconds
Iteration 27:	0.1586279869 seconds	0.0000000000 seconds
Iteration 27:	0.1586189270 seconds	0.0000000000 seconds
Iteration 27:	0.1586661339 seconds	0.0000000000 seconds
Iteration 27:	0.1586148739 seconds	0.0000000000 seconds
Iteration 27:	0.1586189270 seconds	0.0000000000 seconds
Iteration 27:	0.1586611271 seconds	0.0000000000 seconds
Iteration 27:	0.1586639881 seconds	0.0000000000 seconds
Iteration 27:	0.1586601734 seconds	0.0000000000 seconds
Iteration 27:	0.1586608887 seconds	0.0000000000 seconds
Iteration 27:	0.1586589813 seconds	0.0000000000 seconds
Iteration 27:	0.1586589813 seconds	0.0000000000 seconds
Iteration 27:	0.1586170197 seconds	0.0000000000 seconds
Iteration 27:	0.1586139202 seconds	0.0000000000 seconds
Iteration 27:	0.1586167812 seconds	0.0000000000 seconds
Iteration 27:	0.1586117744 seconds	0.0000000000 seconds
Iteration 27:	0.1586551666 seconds	0.0000000000 seconds
Iteration 27:	0.1586620808 seconds	0.0000000000 seconds
Iteration 27:	0.1586599350 seconds	0.0000000000 seconds
Iteration 27:	0.1586589813 seconds	0.0000000000 seconds
Iteration 27:	0.1586608887 seconds	0.0000000000 seconds
Iteration 28:	0.1586380005 seconds	0.0000000000 seconds
Iteration 28:	0.1586380005 seconds	0.0000009537 seconds
Iteration 28:	0.1586439610 seconds	0.0000000000 seconds
Iteration 28:	0.1586430073 seconds	0.0000000000 seconds
Iteration 28:	0.1586439610 seconds	0.0000000000 seconds
Iteration 28:	0.1586539745 seconds	0.0000000000 seconds
Iteration 28:	0.1586639881 seconds	0.0000000000 seconds
Iteration 28:	0.1586470604 seconds	0.0000000000 seconds
Iteration 28:	0.1586439610 seconds	0.0000000000 seconds
Iteration 28:	0.1586401463 seconds	0.0000000000 seconds
Iteration 28:	0.1586289406 seconds	0.0000000000 seconds
Iteration 28:	0.1586370468 seconds	0.0000000000 seconds
Iteration 28:	0.1586699486 seconds	0.0000000000 seconds
Iteration 28:	0.1586630344 seconds	0.0000000000 seconds
Iteration 28:	0.1586761475 seconds	0.0000000000 seconds
Iteration 28:	0.1586799622 seconds	0.0000000000 seconds
Iteration 28:	0.1586720943 seconds	0.0000000000 seconds
Iteration 28:	0.1586711407 seconds	0.0000000000 seconds
Iteration 28:	0.1586599350 seconds	0.0000000000 seconds
Iteration 28:	0.1586611271 seconds	0.0000000000 seconds
Iteration 28:	0.1586630344 seconds	0.0000000000 seconds
Iteration 28:	0.1586749554 seconds	0.0000000000 seconds
Iteration 28:	0.1586639881 seconds	0.0000000000 seconds
Iteration 28:	0.1586639881 seconds	0.0000000000 seconds
Iteration 28:	0.1586601734 seconds	0.0000000000 seconds
Iteration 28:	0.1586720943 seconds	0.0000000000 seconds
Iteration 28:	0.1586711407 seconds	0.0000000000 seconds
Iteration 28:	0.1586580276 seconds	0.0000000000 seconds
Iteration 28:	0.1586599350 seconds	0.0000011921 seconds
Iteration 28:	0.1586589813 seconds	0.0000000000 seconds
Iteration 28:	0.1586620808 seconds	0.0000000000 seconds
Iteration 28:	0.1586611271 seconds	0.0000000000 seconds
Iteration 29:	0.1586260796 seconds	0.0000000000 seconds
Iteration 29:	0.1586418152 seconds	0.0000000000 seconds
Iteration 29:	0.1586461067 seconds	0.0000000000 seconds
Iteration 29:	0.1586399078 seconds	0.0000000000 seconds
Iteration 29:	0.1586349010 seconds	0.0000000000 seconds
Iteration 29:	0.1586289406 seconds	0.0000000000 seconds
Iteration 29:	0.1586329937 seconds	0.0000000000 seconds
Iteration 29:	0.1586310863 seconds	0.0000000000 seconds
Iteration 29:	0.1586291790 seconds	0.0000000000 seconds
Iteration 29:	0.1586298943 seconds	0.0000000000 seconds
Iteration 29:	0.1586289406 seconds	0.0000000000 seconds
Iteration 29:	0.1586279869 seconds	0.0000000000 seconds
Iteration 29:	0.1586329937 seconds	0.0000000000 seconds
Iteration 29:	0.1586968899 seconds	0.0000000000 seconds
Iteration 29:	0.1587181091 seconds	0.0000000000 seconds
Iteration 29:	0.1587181091 seconds	0.0000000000 seconds
Iteration 29:	0.1587188244 seconds	0.0000000000 seconds
Iteration 29:	0.1587219238 seconds	0.0000000000 seconds
Iteration 29:	0.1587109566 seconds	0.0000000000 seconds
Iteration 29:	0.1587109566 seconds	0.0000000000 seconds
Iteration 29:	0.1587090492 seconds	0.0000000000 seconds
Total computation time was: 5.142732		Average frame time was: 0.171420		Average Particle interations per second were: 6033525997.761850
Iteration 29:	0.1586279869 seconds	0.0000000000 seconds
Iteration 29:	0.1586289406 seconds	0.0000000000 seconds
Iteration 29:	0.1586308479 seconds	0.0000000000 seconds
Iteration 29:	0.1586291790 seconds	0.0000000000 seconds
Iteration 29:	0.1586291790 seconds	0.0000000000 seconds
Iteration 29:	0.1587080956 seconds	0.0000000000 seconds
Iteration 29:	0.1587128639 seconds	0.0000000000 seconds
Iteration 29:	0.1587100029 seconds	0.0000000000 seconds
Iteration 29:	0.1587150097 seconds	0.0000000000 seconds
Iteration 29:	0.1587321758 seconds	0.0000000000 seconds
Iteration 29:	0.1587340832 seconds	0.0000000000 seconds
