[ -1:000]                : Rank 3 is running on comet-07-10.sdsc.edu
[ -1:000]                : Rank 2 is running on comet-07-10.sdsc.edu
[  3:001] init_pprintf   : My dest: 4	My source: 2	My_num_part: 1020
[  2:001] init_pprintf   : My dest: 3	My source: 1	My_num_part: 1020
[ -1:000]                : Rank 0 is running on comet-07-10.sdsc.edu
[ -1:000]                : Rank 1 is running on comet-07-10.sdsc.edu
[  1:001] init_pprintf   : My dest: 2	My source: 0	My_num_part: 1020
[  0:001] init_pprintf   : My dest: 1	My source: 7	My_num_part: 1020
Initalizing particles linear on 0 to 1020
Initalizing particles linear on 3060 to 4080
Initalizing particles linear on 2040 to 3060
Initalizing particles linear on 1020 to 2040
[ -1:000]                : Rank 7 is running on comet-07-22.sdsc.edu
[ -1:000]                : Rank 6 is running on comet-07-22.sdsc.edu
[  6:001] init_pprintf   : My dest: 7	My source: 5	My_num_part: 1020
[  7:001] init_pprintf   : My dest: 0	My source: 6	My_num_part: 1020
[ -1:000]                : Rank 4 is running on comet-07-22.sdsc.edu
[ -1:000]                : Rank 5 is running on comet-07-22.sdsc.edu
[  4:001] init_pprintf   : My dest: 5	My source: 3	My_num_part: 1020
[  5:001] init_pprintf   : My dest: 6	My source: 4	My_num_part: 1020
Initalizing particles linear on 4080 to 5100
Initalizing particles linear on 7140 to 8160
Initalizing particles linear on 5100 to 6120
Initalizing particles linear on 6120 to 7140
Iteration 0:	0.0870180130 seconds	0.0000000000 seconds
Iteration 0:	0.0870568752 seconds	0.0000000000 seconds
Iteration 0:	0.0870230198 seconds	0.0000009537 seconds
Iteration 0:	0.0872750282 seconds	0.0000000000 seconds
Iteration 0:	0.0462970734 seconds	0.0000000000 seconds
Iteration 0:	0.0461931229 seconds	0.0000000000 seconds
Iteration 0:	0.0460951328 seconds	0.0000009537 seconds
Iteration 0:	0.0462670326 seconds	0.0000009537 seconds
Iteration 1:	0.0070869923 seconds	0.0000009537 seconds
Iteration 1:	0.0070569515 seconds	0.0000000000 seconds
Iteration 1:	0.0070149899 seconds	0.0000000000 seconds
Iteration 1:	0.0071368217 seconds	0.0000000000 seconds
Iteration 1:	0.0070559978 seconds	0.0000000000 seconds
Iteration 1:	0.0070970058 seconds	0.0000000000 seconds
Iteration 1:	0.0071017742 seconds	0.0000000000 seconds
Iteration 1:	0.0069870949 seconds	0.0000000000 seconds
Iteration 2:	0.0070810318 seconds	0.0000009537 seconds
Iteration 2:	0.0071280003 seconds	0.0000000000 seconds
Iteration 2:	0.0070531368 seconds	0.0000000000 seconds
Iteration 2:	0.0070638657 seconds	0.0000011921 seconds
Iteration 2:	0.0071189404 seconds	0.0000000000 seconds
Iteration 2:	0.0070731640 seconds	0.0000000000 seconds
Iteration 2:	0.0070800781 seconds	0.0000000000 seconds
Iteration 2:	0.0070059299 seconds	0.0000000000 seconds
Iteration 3:	0.0069968700 seconds	0.0000000000 seconds
Iteration 3:	0.0070009232 seconds	0.0000000000 seconds
Iteration 3:	0.0070059299 seconds	0.0000000000 seconds
Iteration 3:	0.0069811344 seconds	0.0000000000 seconds
Iteration 3:	0.0070049763 seconds	0.0000000000 seconds
Iteration 3:	0.0069870949 seconds	0.0000000000 seconds
Iteration 3:	0.0070438385 seconds	0.0000000000 seconds
Iteration 3:	0.0070350170 seconds	0.0000000000 seconds
Iteration 4:	0.0069720745 seconds	0.0000000000 seconds
Iteration 4:	0.0070190430 seconds	0.0000000000 seconds
Iteration 4:	0.0070149899 seconds	0.0000009537 seconds
Iteration 4:	0.0070188046 seconds	0.0000000000 seconds
Iteration 4:	0.0069589615 seconds	0.0000000000 seconds
Iteration 4:	0.0070159435 seconds	0.0000000000 seconds
Iteration 4:	0.0070199966 seconds	0.0000000000 seconds
Iteration 4:	0.0070209503 seconds	0.0000000000 seconds
Iteration 5:	0.0070140362 seconds	0.0000000000 seconds
Iteration 5:	0.0070588589 seconds	0.0000000000 seconds
Iteration 5:	0.0070338249 seconds	0.0000000000 seconds
Iteration 5:	0.0070610046 seconds	0.0000000000 seconds
Iteration 5:	0.0070459843 seconds	0.0000009537 seconds
Iteration 5:	0.0070459843 seconds	0.0000000000 seconds
Iteration 5:	0.0070469379 seconds	0.0000000000 seconds
Iteration 5:	0.0069952011 seconds	0.0000009537 seconds
Iteration 6:	0.0070269108 seconds	0.0000000000 seconds
Iteration 6:	0.0070068836 seconds	0.0000000000 seconds
Iteration 6:	0.0070409775 seconds	0.0000000000 seconds
Iteration 6:	0.0070390701 seconds	0.0000000000 seconds
Iteration 6:	0.0069580078 seconds	0.0000000000 seconds
Iteration 6:	0.0070271492 seconds	0.0000000000 seconds
Iteration 6:	0.0070271492 seconds	0.0000000000 seconds
Iteration 6:	0.0070378780 seconds	0.0000000000 seconds
Iteration 7:	0.0070049763 seconds	0.0000000000 seconds
Iteration 7:	0.0070118904 seconds	0.0000000000 seconds
Iteration 7:	0.0069849491 seconds	0.0000000000 seconds
Iteration 7:	0.0070278645 seconds	0.0000000000 seconds
Iteration 7:	0.0070171356 seconds	0.0000000000 seconds
Iteration 7:	0.0069570541 seconds	0.0000000000 seconds
Iteration 7:	0.0070240498 seconds	0.0000000000 seconds
Iteration 7:	0.0070269108 seconds	0.0000000000 seconds
Iteration 8:	0.0070869923 seconds	0.0000000000 seconds
Iteration 8:	0.0070631504 seconds	0.0000000000 seconds
Iteration 8:	0.0071079731 seconds	0.0000000000 seconds
Iteration 8:	0.0070929527 seconds	0.0000000000 seconds
Iteration 8:	0.0070810318 seconds	0.0000000000 seconds
Iteration 8:	0.0069351196 seconds	0.0000000000 seconds
Iteration 8:	0.0070819855 seconds	0.0000000000 seconds
Iteration 8:	0.0070929527 seconds	0.0000000000 seconds
Iteration 9:	0.0070002079 seconds	0.0000000000 seconds
Iteration 9:	0.0070011616 seconds	0.0000000000 seconds
Iteration 9:	0.0070028305 seconds	0.0000000000 seconds
Iteration 9:	0.0069839954 seconds	0.0000000000 seconds
Iteration 9:	0.0069668293 seconds	0.0000000000 seconds
Iteration 9:	0.0070300102 seconds	0.0000000000 seconds
Iteration 9:	0.0070040226 seconds	0.0000000000 seconds
Iteration 9:	0.0070350170 seconds	0.0000000000 seconds
Iteration 10:	0.0069370270 seconds	0.0000000000 seconds
Iteration 10:	0.0069909096 seconds	0.0000000000 seconds
Iteration 10:	0.0069999695 seconds	0.0000000000 seconds
Iteration 10:	0.0070080757 seconds	0.0000000000 seconds
Iteration 10:	0.0069999695 seconds	0.0000000000 seconds
Iteration 10:	0.0069761276 seconds	0.0000000000 seconds
Iteration 10:	0.0070087910 seconds	0.0000000000 seconds
Iteration 10:	0.0070090294 seconds	0.0000000000 seconds
Iteration 11:	0.0069749355 seconds	0.0000011921 seconds
Iteration 11:	0.0069758892 seconds	0.0000011921 seconds
Iteration 11:	0.0069749355 seconds	0.0000000000 seconds
Iteration 11:	0.0069739819 seconds	0.0000000000 seconds
Iteration 11:	0.0069959164 seconds	0.0000000000 seconds
Iteration 11:	0.0070180893 seconds	0.0000000000 seconds
Iteration 11:	0.0069658756 seconds	0.0000000000 seconds
Iteration 11:	0.0069479942 seconds	0.0000000000 seconds
Iteration 12:	0.0069749355 seconds	0.0000000000 seconds
Iteration 12:	0.0069768429 seconds	0.0000000000 seconds
Iteration 12:	0.0069780350 seconds	0.0000000000 seconds
Iteration 12:	0.0069680214 seconds	0.0000000000 seconds
Iteration 12:	0.0069561005 seconds	0.0000000000 seconds
Iteration 12:	0.0069901943 seconds	0.0000000000 seconds
Iteration 12:	0.0070140362 seconds	0.0000000000 seconds
Iteration 12:	0.0070168972 seconds	0.0000000000 seconds
Iteration 13:	0.0069839954 seconds	0.0000000000 seconds
Iteration 13:	0.0070190430 seconds	0.0000000000 seconds
Iteration 13:	0.0069689751 seconds	0.0000009537 seconds
Iteration 13:	0.0070180893 seconds	0.0000000000 seconds
Iteration 13:	0.0069909096 seconds	0.0000000000 seconds
Iteration 13:	0.0069911480 seconds	0.0000000000 seconds
Iteration 13:	0.0069940090 seconds	0.0000000000 seconds
Iteration 13:	0.0069499016 seconds	0.0000000000 seconds
Iteration 14:	0.0069661140 seconds	0.0000000000 seconds
Iteration 14:	0.0069980621 seconds	0.0000000000 seconds
Iteration 14:	0.0069968700 seconds	0.0000000000 seconds
Iteration 14:	0.0070080757 seconds	0.0000000000 seconds
Iteration 14:	0.0069382191 seconds	0.0000009537 seconds
Iteration 14:	0.0070099831 seconds	0.0000000000 seconds
Iteration 14:	0.0069968700 seconds	0.0000000000 seconds
Iteration 14:	0.0070099831 seconds	0.0000000000 seconds
Iteration 15:	0.0069508553 seconds	0.0000000000 seconds
Iteration 15:	0.0069990158 seconds	0.0000000000 seconds
Iteration 15:	0.0069999695 seconds	0.0000000000 seconds
Iteration 15:	0.0070049763 seconds	0.0000000000 seconds
Iteration 15:	0.0069999695 seconds	0.0000000000 seconds
Iteration 15:	0.0070018768 seconds	0.0000000000 seconds
Iteration 15:	0.0069479942 seconds	0.0000000000 seconds
Iteration 15:	0.0070040226 seconds	0.0000000000 seconds
Iteration 16:	0.0069570541 seconds	0.0000000000 seconds
Iteration 16:	0.0069999695 seconds	0.0000000000 seconds
Iteration 16:	0.0070009232 seconds	0.0000000000 seconds
Iteration 16:	0.0069999695 seconds	0.0000000000 seconds
Iteration 16:	0.0069940090 seconds	0.0000000000 seconds
Iteration 16:	0.0069980621 seconds	0.0000000000 seconds
Iteration 16:	0.0069489479 seconds	0.0000000000 seconds
Iteration 16:	0.0069999695 seconds	0.0000000000 seconds
Iteration 17:	0.0069620609 seconds	0.0000000000 seconds
Iteration 17:	0.0069990158 seconds	0.0000000000 seconds
Iteration 17:	0.0069990158 seconds	0.0000000000 seconds
Iteration 17:	0.0070040226 seconds	0.0000000000 seconds
Iteration 17:	0.0069448948 seconds	0.0000000000 seconds
Iteration 17:	0.0069978237 seconds	0.0000000000 seconds
Iteration 17:	0.0069999695 seconds	0.0000000000 seconds
Iteration 17:	0.0070030689 seconds	0.0000000000 seconds
Iteration 18:	0.0069317818 seconds	0.0000000000 seconds
Iteration 18:	0.0069749355 seconds	0.0000000000 seconds
Iteration 18:	0.0069751740 seconds	0.0000000000 seconds
Iteration 18:	0.0069921017 seconds	0.0000000000 seconds
Iteration 18:	0.0069859028 seconds	0.0000000000 seconds
Iteration 18:	0.0069630146 seconds	0.0000011921 seconds
Iteration 18:	0.0069971085 seconds	0.0000000000 seconds
Iteration 18:	0.0069940090 seconds	0.0000000000 seconds
Iteration 19:	0.0069909096 seconds	0.0000000000 seconds
Iteration 19:	0.0069851875 seconds	0.0000000000 seconds
Iteration 19:	0.0070259571 seconds	0.0000000000 seconds
Iteration 19:	0.0069670677 seconds	0.0000000000 seconds
Iteration 19:	0.0070230961 seconds	0.0000000000 seconds
Iteration 19:	0.0069930553 seconds	0.0000000000 seconds
Iteration 19:	0.0069959164 seconds	0.0000000000 seconds
Iteration 19:	0.0069539547 seconds	0.0000000000 seconds
Iteration 20:	0.0069768429 seconds	0.0000000000 seconds
Iteration 20:	0.0070059299 seconds	0.0000000000 seconds
Iteration 20:	0.0070149899 seconds	0.0000000000 seconds
Iteration 20:	0.0070247650 seconds	0.0000000000 seconds
Iteration 20:	0.0069398880 seconds	0.0000000000 seconds
Iteration 20:	0.0070159435 seconds	0.0000000000 seconds
Iteration 20:	0.0070369244 seconds	0.0000000000 seconds
Iteration 20:	0.0070319176 seconds	0.0000000000 seconds
Iteration 21:	0.0069620609 seconds	0.0000009537 seconds
Iteration 21:	0.0069839954 seconds	0.0000000000 seconds
Iteration 21:	0.0069949627 seconds	0.0000000000 seconds
Iteration 21:	0.0069918633 seconds	0.0000011921 seconds
Iteration 21:	0.0069291592 seconds	0.0000000000 seconds
Iteration 21:	0.0069818497 seconds	0.0000000000 seconds
Iteration 21:	0.0069830418 seconds	0.0000000000 seconds
Iteration 21:	0.0069990158 seconds	0.0000000000 seconds
Iteration 22:	0.0069661140 seconds	0.0000000000 seconds
Iteration 22:	0.0069999695 seconds	0.0000000000 seconds
Iteration 22:	0.0070049763 seconds	0.0000000000 seconds
Iteration 22:	0.0070271492 seconds	0.0000000000 seconds
Iteration 22:	0.0069460869 seconds	0.0000000000 seconds
Iteration 22:	0.0070230961 seconds	0.0000000000 seconds
Iteration 22:	0.0070099831 seconds	0.0000000000 seconds
Iteration 22:	0.0070259571 seconds	0.0000000000 seconds
Iteration 23:	0.0069658756 seconds	0.0000000000 seconds
Iteration 23:	0.0070109367 seconds	0.0000000000 seconds
Iteration 23:	0.0070040226 seconds	0.0000009537 seconds
Iteration 23:	0.0070059299 seconds	0.0000000000 seconds
Iteration 23:	0.0069530010 seconds	0.0000000000 seconds
Iteration 23:	0.0070080757 seconds	0.0000000000 seconds
Iteration 23:	0.0070090294 seconds	0.0000000000 seconds
Iteration 23:	0.0070049763 seconds	0.0000000000 seconds
Iteration 24:	0.0069758892 seconds	0.0000000000 seconds
Iteration 24:	0.0070168972 seconds	0.0000000000 seconds
Iteration 24:	0.0070090294 seconds	0.0000000000 seconds
Iteration 24:	0.0070171356 seconds	0.0000000000 seconds
Iteration 24:	0.0069379807 seconds	0.0000000000 seconds
Iteration 24:	0.0069980621 seconds	0.0000000000 seconds
Iteration 24:	0.0070087910 seconds	0.0000000000 seconds
Iteration 24:	0.0070190430 seconds	0.0000000000 seconds
Iteration 25:	0.0069570541 seconds	0.0000000000 seconds
Iteration 25:	0.0069930553 seconds	0.0000000000 seconds
Iteration 25:	0.0069959164 seconds	0.0000000000 seconds
Iteration 25:	0.0070221424 seconds	0.0000000000 seconds
Iteration 25:	0.0069968700 seconds	0.0000000000 seconds
Iteration 25:	0.0069580078 seconds	0.0000009537 seconds
Iteration 25:	0.0070209503 seconds	0.0000000000 seconds
Iteration 25:	0.0070230961 seconds	0.0000000000 seconds
Iteration 26:	0.0069839954 seconds	0.0000000000 seconds
Iteration 26:	0.0070049763 seconds	0.0000000000 seconds
Iteration 26:	0.0070290565 seconds	0.0000000000 seconds
Iteration 26:	0.0070328712 seconds	0.0000000000 seconds
Iteration 26:	0.0070080757 seconds	0.0000000000 seconds
Iteration 26:	0.0069999695 seconds	0.0000000000 seconds
Iteration 26:	0.0070049763 seconds	0.0000000000 seconds
Iteration 26:	0.0069568157 seconds	0.0000000000 seconds
Iteration 27:	0.0070161819 seconds	0.0000000000 seconds
Iteration 27:	0.0070011616 seconds	0.0000000000 seconds
Iteration 27:	0.0070281029 seconds	0.0000000000 seconds
Iteration 27:	0.0070278645 seconds	0.0000000000 seconds
Iteration 27:	0.0069499016 seconds	0.0000009537 seconds
Iteration 27:	0.0070099831 seconds	0.0000000000 seconds
Iteration 27:	0.0070159435 seconds	0.0000000000 seconds
Iteration 27:	0.0070281029 seconds	0.0000000000 seconds
Iteration 28:	0.0071351528 seconds	0.0000000000 seconds
Iteration 28:	0.0071680546 seconds	0.0000000000 seconds
Iteration 28:	0.0071690083 seconds	0.0000000000 seconds
Iteration 28:	0.0071718693 seconds	0.0000000000 seconds
Iteration 28:	0.0071010590 seconds	0.0000000000 seconds
Iteration 28:	0.0071740150 seconds	0.0000000000 seconds
Iteration 28:	0.0071759224 seconds	0.0000000000 seconds
Iteration 28:	0.0071718693 seconds	0.0000000000 seconds
Iteration 29:	0.0069830418 seconds	0.0000000000 seconds
Iteration 29:	0.0069561005 seconds	0.0000000000 seconds
Iteration 29:	0.0069890022 seconds	0.0000000000 seconds
Iteration 29:	0.0069339275 seconds	0.0000000000 seconds
Iteration 29:	0.0069880486 seconds	0.0000000000 seconds
Iteration 29:	0.0069959164 seconds	0.0000000000 seconds
Iteration 29:	0.0070018768 seconds	0.0000000000 seconds
Iteration 29:	0.0069839954 seconds	0.0000000000 seconds
Iteration 30:	0.0069680214 seconds	0.0000000000 seconds
Iteration 30:	0.0069971085 seconds	0.0000000000 seconds
Iteration 30:	0.0069980621 seconds	0.0000000000 seconds
Iteration 30:	0.0070028305 seconds	0.0000000000 seconds
Iteration 30:	0.0069310665 seconds	0.0000009537 seconds
Iteration 30:	0.0069999695 seconds	0.0000000000 seconds
Iteration 30:	0.0070021152 seconds	0.0000000000 seconds
Iteration 30:	0.0070018768 seconds	0.0000000000 seconds
Iteration 31:	0.0069799423 seconds	0.0000000000 seconds
Iteration 31:	0.0070040226 seconds	0.0000000000 seconds
Iteration 31:	0.0070137978 seconds	0.0000000000 seconds
Iteration 31:	0.0070130825 seconds	0.0000000000 seconds
Iteration 31:	0.0069489479 seconds	0.0000000000 seconds
Iteration 31:	0.0070140362 seconds	0.0000000000 seconds
Iteration 31:	0.0070159435 seconds	0.0000000000 seconds
Iteration 31:	0.0070078373 seconds	0.0000000000 seconds
Iteration 32:	0.0069620609 seconds	0.0000000000 seconds
Iteration 32:	0.0069971085 seconds	0.0000000000 seconds
Iteration 32:	0.0069949627 seconds	0.0000000000 seconds
Iteration 32:	0.0069968700 seconds	0.0000000000 seconds
Iteration 32:	0.0069320202 seconds	0.0000000000 seconds
Iteration 32:	0.0069971085 seconds	0.0000000000 seconds
Iteration 32:	0.0069930553 seconds	0.0000000000 seconds
Iteration 32:	0.0069940090 seconds	0.0000000000 seconds
Iteration 33:	0.0069739819 seconds	0.0000000000 seconds
Iteration 33:	0.0070049763 seconds	0.0000000000 seconds
Iteration 33:	0.0070028305 seconds	0.0000000000 seconds
Iteration 33:	0.0070080757 seconds	0.0000000000 seconds
Iteration 33:	0.0069530010 seconds	0.0000000000 seconds
Iteration 33:	0.0070049763 seconds	0.0000000000 seconds
Iteration 33:	0.0070028305 seconds	0.0000000000 seconds
Iteration 33:	0.0070049763 seconds	0.0000000000 seconds
Iteration 34:	0.0069351196 seconds	0.0000009537 seconds
Iteration 34:	0.0069670677 seconds	0.0000000000 seconds
Iteration 34:	0.0069789886 seconds	0.0000000000 seconds
Iteration 34:	0.0069861412 seconds	0.0000000000 seconds
Iteration 34:	0.0069749355 seconds	0.0000000000 seconds
Iteration 34:	0.0069549084 seconds	0.0000000000 seconds
Iteration 34:	0.0069899559 seconds	0.0000000000 seconds
Iteration 34:	0.0069839954 seconds	0.0000000000 seconds
Iteration 35:	0.0069711208 seconds	0.0000000000 seconds
Iteration 35:	0.0070209503 seconds	0.0000000000 seconds
Iteration 35:	0.0070140362 seconds	0.0000000000 seconds
Iteration 35:	0.0070009232 seconds	0.0000000000 seconds
Iteration 35:	0.0069999695 seconds	0.0000000000 seconds
Iteration 35:	0.0070009232 seconds	0.0000000000 seconds
Iteration 35:	0.0069999695 seconds	0.0000000000 seconds
Iteration 35:	0.0069520473 seconds	0.0000000000 seconds
Iteration 36:	0.0069389343 seconds	0.0000000000 seconds
Iteration 36:	0.0069680214 seconds	0.0000000000 seconds
Iteration 36:	0.0069699287 seconds	0.0000000000 seconds
Iteration 36:	0.0069899559 seconds	0.0000000000 seconds
Iteration 36:	0.0069699287 seconds	0.0000000000 seconds
Iteration 36:	0.0069530010 seconds	0.0000000000 seconds
Iteration 36:	0.0069851875 seconds	0.0000000000 seconds
Iteration 36:	0.0069901943 seconds	0.0000000000 seconds
Iteration 37:	0.0069589615 seconds	0.0000000000 seconds
Iteration 37:	0.0070078373 seconds	0.0000000000 seconds
Iteration 37:	0.0070009232 seconds	0.0000000000 seconds
Iteration 37:	0.0070040226 seconds	0.0000000000 seconds
Iteration 37:	0.0069468021 seconds	0.0000000000 seconds
Iteration 37:	0.0069990158 seconds	0.0000000000 seconds
Iteration 37:	0.0069980621 seconds	0.0000000000 seconds
Iteration 37:	0.0070040226 seconds	0.0000000000 seconds
Iteration 38:	0.0069451332 seconds	0.0000000000 seconds
Iteration 38:	0.0069890022 seconds	0.0000000000 seconds
Iteration 38:	0.0069940090 seconds	0.0000000000 seconds
Iteration 38:	0.0069839954 seconds	0.0000000000 seconds
Iteration 38:	0.0069839954 seconds	0.0000000000 seconds
Iteration 38:	0.0069789886 seconds	0.0000000000 seconds
Iteration 38:	0.0069642067 seconds	0.0000000000 seconds
Iteration 38:	0.0069868565 seconds	0.0000000000 seconds
Iteration 39:	0.0069639683 seconds	0.0000000000 seconds
Iteration 39:	0.0070078373 seconds	0.0000000000 seconds
Iteration 39:	0.0070099831 seconds	0.0000000000 seconds
Iteration 39:	0.0070071220 seconds	0.0000000000 seconds
Total computation time was: 0.361123		Average frame time was: 0.009021		Average Particle interations per second were: 7381141433.580887
Iteration 39:	0.0069551468 seconds	0.0000000000 seconds
Iteration 39:	0.0070068836 seconds	0.0000000000 seconds
Iteration 39:	0.0070068836 seconds	0.0000000000 seconds
Iteration 39:	0.0070090294 seconds	0.0000000000 seconds
