[ -1:000]                : Rank 21 is running on comet-28-47.sdsc.edu
[ -1:000]                : Rank 15 is running on comet-28-47.sdsc.edu
[ -1:000]                : Rank 18 is running on comet-28-47.sdsc.edu
[ 15:001] init_pprintf   : My dest: 16	My source: 14	My_num_part: 40
[ 18:001] init_pprintf   : My dest: 19	My source: 17	My_num_part: 40
[ -1:000]                : Rank 12 is running on comet-28-47.sdsc.edu
[ 12:001] init_pprintf   : My dest: 13	My source: 11	My_num_part: 40
[ 21:001] init_pprintf   : My dest: 22	My source: 20	My_num_part: 40
[ -1:000]                : Rank 14 is running on comet-28-47.sdsc.edu
[ 14:001] init_pprintf   : My dest: 15	My source: 13	My_num_part: 40
[ -1:000]                : Rank 22 is running on comet-28-47.sdsc.edu
[ -1:000]                : Rank 23 is running on comet-28-47.sdsc.edu
[ -1:000]                : Rank 20 is running on comet-28-47.sdsc.edu
[ 22:001] init_pprintf   : My dest: 23	My source: 21	My_num_part: 40
[ -1:000]                : Rank 19 is running on comet-28-47.sdsc.edu
[ -1:000]                : Rank 17 is running on comet-28-47.sdsc.edu
[ 23:001] init_pprintf   : My dest: 0	My source: 22	My_num_part: 40
[ 20:001] init_pprintf   : My dest: 21	My source: 19	My_num_part: 40
[ 19:001] init_pprintf   : My dest: 20	My source: 18	My_num_part: 40
[ -1:000]                : Rank 16 is running on comet-28-47.sdsc.edu
[ 17:001] init_pprintf   : My dest: 18	My source: 16	My_num_part: 40
[ -1:000]                : Rank 13 is running on comet-28-47.sdsc.edu
[ 16:001] init_pprintf   : My dest: 17	My source: 15	My_num_part: 40
[ 13:001] init_pprintf   : My dest: 14	My source: 12	My_num_part: 40
[ -1:000]                : Rank 8 is running on comet-28-47.sdsc.edu
[ -1:000]                : Rank 5 is running on comet-28-47.sdsc.edu
[ -1:000]                : Rank 4 is running on comet-28-47.sdsc.edu
[ -1:000]                : Rank 9 is running on comet-28-47.sdsc.edu
[ -1:000]                : Rank 2 is running on comet-28-47.sdsc.edu
[ -1:000]                : Rank 11 is running on comet-28-47.sdsc.edu
[ -1:000]                : Rank 10 is running on comet-28-47.sdsc.edu
[ -1:000]                : Rank 3 is running on comet-28-47.sdsc.edu
[ -1:000]                : Rank 6 is running on comet-28-47.sdsc.edu
[  8:001] init_pprintf   : My dest: 9	My source: 7	My_num_part: 40
[  4:001] init_pprintf   : My dest: 5	My source: 3	My_num_part: 40
[  5:001] init_pprintf   : My dest: 6	My source: 4	My_num_part: 40
[  9:001] init_pprintf   : My dest: 10	My source: 8	My_num_part: 40
[ -1:000]                : Rank 0 is running on comet-28-47.sdsc.edu
[  3:001] init_pprintf   : My dest: 4	My source: 2	My_num_part: 40
[  6:001] init_pprintf   : My dest: 7	My source: 5	My_num_part: 40
[  2:001] init_pprintf   : My dest: 3	My source: 1	My_num_part: 40
[ 11:001] init_pprintf   : My dest: 12	My source: 10	My_num_part: 40
[ 10:001] init_pprintf   : My dest: 11	My source: 9	My_num_part: 40
[ -1:000]                : Rank 7 is running on comet-28-47.sdsc.edu
[  0:001] init_pprintf   : My dest: 1	My source: 23	My_num_part: 40
[  7:001] init_pprintf   : My dest: 8	My source: 6	My_num_part: 40
Initalizing particles linear on 600 to 640
Initalizing particles linear on 720 to 760
[ -1:000]                : Rank 1 is running on comet-28-47.sdsc.edu
[  1:001] init_pprintf   : My dest: 2	My source: 0	My_num_part: 40
Initalizing particles linear on 480 to 520
Initalizing particles linear on 560 to 600
Initalizing particles linear on 880 to 920
Initalizing particles linear on 760 to 800
Initalizing particles linear on 680 to 720
Initalizing particles linear on 920 to 960
Initalizing particles linear on 640 to 680
Initalizing particles linear on 520 to 560
Initalizing particles linear on 800 to 840
Initalizing particles linear on 160 to 200
Initalizing particles linear on 200 to 240
Initalizing particles linear on 280 to 320
Initalizing particles linear on 120 to 160
Initalizing particles linear on 440 to 480
Initalizing particles linear on 240 to 280
Initalizing particles linear on 360 to 400
Initalizing particles linear on 400 to 440
Initalizing particles linear on 0 to 40
Initalizing particles linear on 80 to 120
Initalizing particles linear on 320 to 360
Initalizing particles linear on 840 to 880
Initalizing particles linear on 40 to 80
Iteration 0:	0.0005929470 seconds	0.0000000000 seconds
Iteration 0:	0.0008721352 seconds	0.0000000000 seconds
Iteration 0:	0.0008969307 seconds	0.0000000000 seconds
Iteration 0:	0.0009231567 seconds	0.0000000000 seconds
Iteration 0:	0.0008759499 seconds	0.0000000000 seconds
Iteration 0:	0.0009169579 seconds	0.0000000000 seconds
Iteration 0:	0.0009140968 seconds	0.0000000000 seconds
Iteration 0:	0.0008771420 seconds	0.0000000000 seconds
Iteration 0:	0.0008761883 seconds	0.0000000000 seconds
Iteration 0:	0.0010149479 seconds	0.0000000000 seconds
Iteration 0:	0.0009078979 seconds	0.0000000000 seconds
Iteration 0:	0.0008621216 seconds	0.0000009537 seconds
Iteration 0:	0.0008001328 seconds	0.0000000000 seconds
Iteration 0:	0.0008771420 seconds	0.0000000000 seconds
Iteration 0:	0.0008749962 seconds	0.0000009537 seconds
Iteration 0:	0.0009119511 seconds	0.0000000000 seconds
Iteration 0:	0.0009090900 seconds	0.0000000000 seconds
Iteration 0:	0.0009920597 seconds	0.0000000000 seconds
Iteration 0:	0.0008771420 seconds	0.0000000000 seconds
Iteration 0:	0.0008730888 seconds	0.0000000000 seconds
Iteration 0:	0.0008399487 seconds	0.0000000000 seconds
Iteration 0:	0.0008740425 seconds	0.0000000000 seconds
Iteration 0:	0.0009579659 seconds	0.0000000000 seconds
Iteration 0:	0.0008771420 seconds	0.0000000000 seconds
Iteration 1:	0.0005879402 seconds	0.0000000000 seconds
Iteration 1:	0.0006427765 seconds	0.0000000000 seconds
Iteration 1:	0.0006427765 seconds	0.0000000000 seconds
Iteration 1:	0.0005280972 seconds	0.0000000000 seconds
Iteration 1:	0.0006098747 seconds	0.0000000000 seconds
Iteration 1:	0.0006029606 seconds	0.0000000000 seconds
Iteration 1:	0.0006110668 seconds	0.0000000000 seconds
Iteration 1:	0.0006070137 seconds	0.0000000000 seconds
Iteration 1:	0.0005970001 seconds	0.0000000000 seconds
Iteration 1:	0.0005979538 seconds	0.0000000000 seconds
Iteration 1:	0.0006101131 seconds	0.0000000000 seconds
Iteration 1:	0.0006239414 seconds	0.0000009537 seconds
Iteration 1:	0.0006108284 seconds	0.0000000000 seconds
Iteration 1:	0.0005960464 seconds	0.0000009537 seconds
Iteration 1:	0.0005998611 seconds	0.0000000000 seconds
Iteration 1:	0.0005970001 seconds	0.0000000000 seconds
Iteration 1:	0.0006070137 seconds	0.0000000000 seconds
Iteration 1:	0.0006318092 seconds	0.0000000000 seconds
Iteration 1:	0.0006508827 seconds	0.0000000000 seconds
Iteration 1:	0.0006229877 seconds	0.0000000000 seconds
Iteration 1:	0.0006110668 seconds	0.0000000000 seconds
Iteration 1:	0.0006010532 seconds	0.0000009537 seconds
Iteration 1:	0.0006411076 seconds	0.0000000000 seconds
Iteration 1:	0.0006098747 seconds	0.0000009537 seconds
Iteration 2:	0.0006210804 seconds	0.0000000000 seconds
Iteration 2:	0.0006160736 seconds	0.0000000000 seconds
Iteration 2:	0.0006029606 seconds	0.0000000000 seconds
Iteration 2:	0.0006039143 seconds	0.0000000000 seconds
Iteration 2:	0.0006089211 seconds	0.0000000000 seconds
Iteration 2:	0.0006079674 seconds	0.0000000000 seconds
Iteration 2:	0.0005671978 seconds	0.0000000000 seconds
Iteration 2:	0.0006129742 seconds	0.0000000000 seconds
Iteration 2:	0.0006079674 seconds	0.0000000000 seconds
Iteration 2:	0.0006120205 seconds	0.0000000000 seconds
Iteration 2:	0.0006060600 seconds	0.0000000000 seconds
Iteration 2:	0.0006129742 seconds	0.0000000000 seconds
Iteration 2:	0.0006110668 seconds	0.0000000000 seconds
Iteration 2:	0.0006098747 seconds	0.0000000000 seconds
Iteration 2:	0.0006070137 seconds	0.0000000000 seconds
Iteration 2:	0.0006120205 seconds	0.0000000000 seconds
Iteration 2:	0.0006210804 seconds	0.0000000000 seconds
Iteration 2:	0.0006079674 seconds	0.0000000000 seconds
Iteration 2:	0.0006070137 seconds	0.0000000000 seconds
Iteration 2:	0.0006141663 seconds	0.0000000000 seconds
Iteration 2:	0.0006079674 seconds	0.0000000000 seconds
Iteration 2:	0.0006239414 seconds	0.0000011921 seconds
Iteration 2:	0.0006239414 seconds	0.0000000000 seconds
Iteration 2:	0.0006248951 seconds	0.0000000000 seconds
Iteration 3:	0.0005729198 seconds	0.0000000000 seconds
Iteration 3:	0.0005669594 seconds	0.0000000000 seconds
Iteration 3:	0.0005650520 seconds	0.0000000000 seconds
Iteration 3:	0.0005710125 seconds	0.0000000000 seconds
Iteration 3:	0.0005700588 seconds	0.0000000000 seconds
Iteration 3:	0.0005679131 seconds	0.0000000000 seconds
Iteration 3:	0.0005619526 seconds	0.0000000000 seconds
Iteration 3:	0.0005669594 seconds	0.0000000000 seconds
Iteration 3:	0.0005660057 seconds	0.0000000000 seconds
Iteration 3:	0.0005648136 seconds	0.0000000000 seconds
Iteration 3:	0.0005648136 seconds	0.0000000000 seconds
Iteration 3:	0.0005109310 seconds	0.0000000000 seconds
Iteration 3:	0.0005660057 seconds	0.0000000000 seconds
Iteration 3:	0.0005719662 seconds	0.0000000000 seconds
Iteration 3:	0.0005688667 seconds	0.0000000000 seconds
Iteration 3:	0.0005631447 seconds	0.0000000000 seconds
Iteration 3:	0.0005609989 seconds	0.0000000000 seconds
Iteration 3:	0.0005609989 seconds	0.0000000000 seconds
Iteration 3:	0.0005631447 seconds	0.0000000000 seconds
Iteration 3:	0.0005640984 seconds	0.0000000000 seconds
Iteration 3:	0.0005729198 seconds	0.0000009537 seconds
Iteration 3:	0.0005698204 seconds	0.0000000000 seconds
Iteration 3:	0.0005650520 seconds	0.0000000000 seconds
Iteration 3:	0.0005598068 seconds	0.0000000000 seconds
Iteration 4:	0.0006029606 seconds	0.0000000000 seconds
Iteration 4:	0.0006000996 seconds	0.0000000000 seconds
Iteration 4:	0.0006020069 seconds	0.0000000000 seconds
Iteration 4:	0.0006010532 seconds	0.0000000000 seconds
Iteration 4:	0.0006051064 seconds	0.0000000000 seconds
Iteration 4:	0.0005998611 seconds	0.0000000000 seconds
Iteration 4:	0.0005998611 seconds	0.0000000000 seconds
Iteration 4:	0.0005979538 seconds	0.0000000000 seconds
Iteration 4:	0.0005540848 seconds	0.0000000000 seconds
Iteration 4:	0.0006079674 seconds	0.0000000000 seconds
Iteration 4:	0.0006060600 seconds	0.0000000000 seconds
Iteration 4:	0.0006079674 seconds	0.0000000000 seconds
Iteration 4:	0.0006070137 seconds	0.0000000000 seconds
Iteration 4:	0.0006029606 seconds	0.0000000000 seconds
Iteration 4:	0.0006048679 seconds	0.0000000000 seconds
Iteration 4:	0.0006048679 seconds	0.0000000000 seconds
Iteration 4:	0.0006070137 seconds	0.0000000000 seconds
Iteration 4:	0.0006048679 seconds	0.0000000000 seconds
Iteration 4:	0.0006058216 seconds	0.0000000000 seconds
Iteration 4:	0.0006110668 seconds	0.0000000000 seconds
Iteration 4:	0.0006139278 seconds	0.0000000000 seconds
Iteration 4:	0.0006039143 seconds	0.0000000000 seconds
Iteration 4:	0.0006029606 seconds	0.0000000000 seconds
Iteration 4:	0.0006029606 seconds	0.0000000000 seconds
Iteration 5:	0.0005791187 seconds	0.0000000000 seconds
Iteration 5:	0.0005800724 seconds	0.0000000000 seconds
Iteration 5:	0.0005819798 seconds	0.0000000000 seconds
Iteration 5:	0.0005819798 seconds	0.0000000000 seconds
Iteration 5:	0.0005819798 seconds	0.0000000000 seconds
Iteration 5:	0.0005831718 seconds	0.0000000000 seconds
Iteration 5:	0.0005819798 seconds	0.0000000000 seconds
Iteration 5:	0.0005781651 seconds	0.0000000000 seconds
Iteration 5:	0.0005731583 seconds	0.0000000000 seconds
Iteration 5:	0.0005741119 seconds	0.0000000000 seconds
Iteration 5:	0.0005729198 seconds	0.0000000000 seconds
Iteration 5:	0.0005719662 seconds	0.0000000000 seconds
Iteration 5:	0.0005738735 seconds	0.0000000000 seconds
Iteration 5:	0.0005760193 seconds	0.0000000000 seconds
Iteration 5:	0.0005729198 seconds	0.0000000000 seconds
Iteration 5:	0.0005741119 seconds	0.0000000000 seconds
Iteration 5:	0.0005168915 seconds	0.0000000000 seconds
Iteration 5:	0.0005750656 seconds	0.0000000000 seconds
Iteration 5:	0.0005729198 seconds	0.0000000000 seconds
Iteration 5:	0.0005760193 seconds	0.0000000000 seconds
Iteration 5:	0.0005729198 seconds	0.0000000000 seconds
Iteration 5:	0.0005819798 seconds	0.0000000000 seconds
Iteration 5:	0.0005838871 seconds	0.0000009537 seconds
Iteration 5:	0.0005838871 seconds	0.0000000000 seconds
Iteration 6:	0.0006148815 seconds	0.0000000000 seconds
Iteration 6:	0.0006139278 seconds	0.0000000000 seconds
Iteration 6:	0.0006139278 seconds	0.0000000000 seconds
Iteration 6:	0.0006139278 seconds	0.0000000000 seconds
Iteration 6:	0.0006139278 seconds	0.0000000000 seconds
Iteration 6:	0.0006151199 seconds	0.0000000000 seconds
Iteration 6:	0.0006120205 seconds	0.0000000000 seconds
Iteration 6:	0.0006151199 seconds	0.0000000000 seconds
Iteration 6:	0.0006167889 seconds	0.0000000000 seconds
Iteration 6:	0.0006151199 seconds	0.0000000000 seconds
Iteration 6:	0.0006151199 seconds	0.0000000000 seconds
Iteration 6:	0.0006110668 seconds	0.0000000000 seconds
Iteration 6:	0.0006129742 seconds	0.0000009537 seconds
Iteration 6:	0.0006139278 seconds	0.0000000000 seconds
Iteration 6:	0.0006139278 seconds	0.0000000000 seconds
Iteration 6:	0.0006139278 seconds	0.0000000000 seconds
Iteration 6:	0.0006120205 seconds	0.0000000000 seconds
Iteration 6:	0.0006117821 seconds	0.0000000000 seconds
Iteration 6:	0.0006129742 seconds	0.0000000000 seconds
Iteration 6:	0.0005528927 seconds	0.0000000000 seconds
Iteration 6:	0.0006120205 seconds	0.0000000000 seconds
Iteration 6:	0.0006129742 seconds	0.0000000000 seconds
Iteration 6:	0.0006189346 seconds	0.0000000000 seconds
Iteration 6:	0.0006158352 seconds	0.0000000000 seconds
Iteration 7:	0.0005710125 seconds	0.0000000000 seconds
Iteration 7:	0.0005691051 seconds	0.0000000000 seconds
Iteration 7:	0.0005691051 seconds	0.0000000000 seconds
Iteration 7:	0.0005688667 seconds	0.0000000000 seconds
Iteration 7:	0.0005648136 seconds	0.0000000000 seconds
Iteration 7:	0.0005638599 seconds	0.0000000000 seconds
Iteration 7:	0.0005691051 seconds	0.0000000000 seconds
Iteration 7:	0.0005669594 seconds	0.0000000000 seconds
Iteration 7:	0.0005648136 seconds	0.0000000000 seconds
Iteration 7:	0.0005598068 seconds	0.0000000000 seconds
Iteration 7:	0.0005629063 seconds	0.0000000000 seconds
Iteration 7:	0.0005631447 seconds	0.0000000000 seconds
Iteration 7:	0.0005090237 seconds	0.0000000000 seconds
Iteration 7:	0.0005691051 seconds	0.0000000000 seconds
Iteration 7:	0.0005631447 seconds	0.0000000000 seconds
Iteration 7:	0.0005640984 seconds	0.0000000000 seconds
Iteration 7:	0.0005609989 seconds	0.0000000000 seconds
Iteration 7:	0.0005619526 seconds	0.0000000000 seconds
Iteration 7:	0.0005650520 seconds	0.0000000000 seconds
Iteration 7:	0.0005741119 seconds	0.0000000000 seconds
Iteration 7:	0.0005750656 seconds	0.0000000000 seconds
Iteration 7:	0.0005772114 seconds	0.0000000000 seconds
Iteration 7:	0.0005850792 seconds	0.0000000000 seconds
Iteration 7:	0.0005779266 seconds	0.0000000000 seconds
Iteration 8:	0.0006110668 seconds	0.0000000000 seconds
Iteration 8:	0.0006120205 seconds	0.0000000000 seconds
Iteration 8:	0.0006101131 seconds	0.0000000000 seconds
Iteration 8:	0.0006079674 seconds	0.0000000000 seconds
Iteration 8:	0.0006110668 seconds	0.0000000000 seconds
Iteration 8:	0.0006110668 seconds	0.0000000000 seconds
Iteration 8:	0.0005471706 seconds	0.0000000000 seconds
Iteration 8:	0.0006101131 seconds	0.0000000000 seconds
Iteration 8:	0.0006079674 seconds	0.0000000000 seconds
Iteration 8:	0.0006110668 seconds	0.0000000000 seconds
Iteration 8:	0.0006098747 seconds	0.0000000000 seconds
Iteration 8:	0.0006089211 seconds	0.0000000000 seconds
Iteration 8:	0.0006139278 seconds	0.0000000000 seconds
Iteration 8:	0.0006139278 seconds	0.0000000000 seconds
Iteration 8:	0.0006139278 seconds	0.0000000000 seconds
Iteration 8:	0.0006129742 seconds	0.0000009537 seconds
Iteration 8:	0.0006110668 seconds	0.0000000000 seconds
Iteration 8:	0.0006129742 seconds	0.0000000000 seconds
Iteration 8:	0.0006000996 seconds	0.0000000000 seconds
Iteration 8:	0.0006031990 seconds	0.0000000000 seconds
Iteration 8:	0.0006060600 seconds	0.0000000000 seconds
Iteration 8:	0.0006129742 seconds	0.0000000000 seconds
Iteration 8:	0.0006089211 seconds	0.0000000000 seconds
Iteration 8:	0.0006141663 seconds	0.0000000000 seconds
Iteration 9:	0.0005590916 seconds	0.0000000000 seconds
Iteration 9:	0.0005569458 seconds	0.0000000000 seconds
Iteration 9:	0.0005578995 seconds	0.0000000000 seconds
Iteration 9:	0.0005660057 seconds	0.0000000000 seconds
Iteration 9:	0.0005621910 seconds	0.0000000000 seconds
Iteration 9:	0.0005660057 seconds	0.0000000000 seconds
Iteration 9:	0.0005569458 seconds	0.0000000000 seconds
Iteration 9:	0.0005640984 seconds	0.0000000000 seconds
Iteration 9:	0.0005650520 seconds	0.0000000000 seconds
Iteration 9:	0.0005080700 seconds	0.0000000000 seconds
Iteration 9:	0.0005569458 seconds	0.0000000000 seconds
Iteration 9:	0.0005600452 seconds	0.0000000000 seconds
Iteration 9:	0.0005600452 seconds	0.0000000000 seconds
Iteration 9:	0.0005650520 seconds	0.0000000000 seconds
Iteration 9:	0.0005578995 seconds	0.0000000000 seconds
Iteration 9:	0.0005581379 seconds	0.0000000000 seconds
Iteration 9:	0.0005600452 seconds	0.0000000000 seconds
Iteration 9:	0.0005631447 seconds	0.0000000000 seconds
Iteration 9:	0.0005700588 seconds	0.0000009537 seconds
Iteration 9:	0.0005609989 seconds	0.0000000000 seconds
Iteration 9:	0.0005650520 seconds	0.0000000000 seconds
Iteration 9:	0.0005669594 seconds	0.0000000000 seconds
Iteration 9:	0.0005669594 seconds	0.0000000000 seconds
Iteration 9:	0.0005681515 seconds	0.0000000000 seconds
Iteration 10:	0.0005989075 seconds	0.0000000000 seconds
Iteration 10:	0.0005989075 seconds	0.0000000000 seconds
Iteration 10:	0.0005989075 seconds	0.0000000000 seconds
Iteration 10:	0.0005450249 seconds	0.0000000000 seconds
Iteration 10:	0.0005958080 seconds	0.0000000000 seconds
Iteration 10:	0.0006020069 seconds	0.0000000000 seconds
Iteration 10:	0.0005939007 seconds	0.0000000000 seconds
Iteration 10:	0.0006020069 seconds	0.0000000000 seconds
Iteration 10:	0.0006010532 seconds	0.0000000000 seconds
Iteration 10:	0.0006020069 seconds	0.0000000000 seconds
Iteration 10:	0.0005970001 seconds	0.0000000000 seconds
Iteration 10:	0.0006020069 seconds	0.0000000000 seconds
Iteration 10:	0.0005979538 seconds	0.0000000000 seconds
Iteration 10:	0.0006029606 seconds	0.0000000000 seconds
Iteration 10:	0.0005929470 seconds	0.0000000000 seconds
Iteration 10:	0.0005970001 seconds	0.0000000000 seconds
Iteration 10:	0.0005929470 seconds	0.0000000000 seconds
Iteration 10:	0.0005958080 seconds	0.0000000000 seconds
Iteration 10:	0.0005970001 seconds	0.0000000000 seconds
Iteration 10:	0.0005948544 seconds	0.0000000000 seconds
Iteration 10:	0.0005970001 seconds	0.0000000000 seconds
Iteration 10:	0.0005939007 seconds	0.0000000000 seconds
Iteration 10:	0.0005929470 seconds	0.0000000000 seconds
Iteration 10:	0.0005958080 seconds	0.0000000000 seconds
Iteration 11:	0.0005478859 seconds	0.0000000000 seconds
Iteration 11:	0.0005350113 seconds	0.0000000000 seconds
Iteration 11:	0.0005419254 seconds	0.0000000000 seconds
Iteration 11:	0.0005338192 seconds	0.0000000000 seconds
Iteration 11:	0.0005371571 seconds	0.0000000000 seconds
Iteration 11:	0.0005409718 seconds	0.0000000000 seconds
Iteration 11:	0.0005428791 seconds	0.0000011921 seconds
Iteration 11:	0.0005359650 seconds	0.0000000000 seconds
Iteration 11:	0.0005369186 seconds	0.0000000000 seconds
Iteration 11:	0.0005378723 seconds	0.0000000000 seconds
Iteration 11:	0.0005388260 seconds	0.0000000000 seconds
Iteration 11:	0.0005390644 seconds	0.0000000000 seconds
Iteration 11:	0.0005509853 seconds	0.0000000000 seconds
Iteration 11:	0.0005419254 seconds	0.0000000000 seconds
Iteration 11:	0.0005459785 seconds	0.0000000000 seconds
Iteration 11:	0.0005621910 seconds	0.0000000000 seconds
Iteration 11:	0.0005438328 seconds	0.0000000000 seconds
Iteration 11:	0.0005509853 seconds	0.0000000000 seconds
Iteration 11:	0.0005497932 seconds	0.0000000000 seconds
Iteration 11:	0.0005519390 seconds	0.0000000000 seconds
Iteration 11:	0.0005650520 seconds	0.0000000000 seconds
Iteration 11:	0.0005640984 seconds	0.0000000000 seconds
Iteration 11:	0.0005650520 seconds	0.0000000000 seconds
Iteration 11:	0.0005080700 seconds	0.0000000000 seconds
Iteration 12:	0.0005779266 seconds	0.0000000000 seconds
Iteration 12:	0.0005798340 seconds	0.0000000000 seconds
Iteration 12:	0.0005819798 seconds	0.0000000000 seconds
Iteration 12:	0.0005779266 seconds	0.0000000000 seconds
Iteration 12:	0.0005788803 seconds	0.0000009537 seconds
Iteration 12:	0.0005879402 seconds	0.0000000000 seconds
Iteration 12:	0.0005869865 seconds	0.0000000000 seconds
Iteration 12:	0.0005829334 seconds	0.0000000000 seconds
Iteration 12:	0.0005829334 seconds	0.0000000000 seconds
Iteration 12:	0.0005798340 seconds	0.0000000000 seconds
Iteration 12:	0.0005898476 seconds	0.0000000000 seconds
Iteration 12:	0.0005888939 seconds	0.0000000000 seconds
Iteration 12:	0.0005819798 seconds	0.0000000000 seconds
Iteration 12:	0.0005829334 seconds	0.0000009537 seconds
Iteration 12:	0.0005300045 seconds	0.0000000000 seconds
Iteration 12:	0.0005869865 seconds	0.0000000000 seconds
Iteration 12:	0.0005898476 seconds	0.0000000000 seconds
Iteration 12:	0.0005838871 seconds	0.0000000000 seconds
Iteration 12:	0.0005958080 seconds	0.0000000000 seconds
Iteration 12:	0.0005908012 seconds	0.0000000000 seconds
Iteration 12:	0.0005908012 seconds	0.0000000000 seconds
Iteration 12:	0.0005970001 seconds	0.0000000000 seconds
Iteration 12:	0.0005979538 seconds	0.0000000000 seconds
Iteration 12:	0.0005979538 seconds	0.0000000000 seconds
Iteration 13:	0.0005218983 seconds	0.0000000000 seconds
Iteration 13:	0.0005228519 seconds	0.0000000000 seconds
Iteration 13:	0.0005228519 seconds	0.0000000000 seconds
Iteration 13:	0.0005149841 seconds	0.0000000000 seconds
Iteration 13:	0.0005218983 seconds	0.0000000000 seconds
Iteration 13:	0.0005159378 seconds	0.0000000000 seconds
Iteration 13:	0.0005178452 seconds	0.0000000000 seconds
Iteration 13:	0.0005209446 seconds	0.0000000000 seconds
Iteration 13:	0.0005218983 seconds	0.0000000000 seconds
Iteration 13:	0.0005190372 seconds	0.0000009537 seconds
Iteration 13:	0.0005209446 seconds	0.0000000000 seconds
Iteration 13:	0.0005187988 seconds	0.0000000000 seconds
Iteration 13:	0.0004739761 seconds	0.0000000000 seconds
Iteration 13:	0.0005168915 seconds	0.0000000000 seconds
Iteration 13:	0.0005149841 seconds	0.0000000000 seconds
Iteration 13:	0.0005159378 seconds	0.0000000000 seconds
Iteration 13:	0.0005178452 seconds	0.0000000000 seconds
Iteration 13:	0.0005171299 seconds	0.0000000000 seconds
Iteration 13:	0.0005199909 seconds	0.0000000000 seconds
Iteration 13:	0.0005180836 seconds	0.0000000000 seconds
Iteration 13:	0.0005168915 seconds	0.0000000000 seconds
Iteration 13:	0.0005159378 seconds	0.0000000000 seconds
Iteration 13:	0.0005168915 seconds	0.0000000000 seconds
Iteration 13:	0.0005199909 seconds	0.0000000000 seconds
Iteration 14:	0.0005519390 seconds	0.0000000000 seconds
Iteration 14:	0.0005571842 seconds	0.0000000000 seconds
Iteration 14:	0.0005550385 seconds	0.0000000000 seconds
Iteration 14:	0.0005640984 seconds	0.0000000000 seconds
Iteration 14:	0.0005550385 seconds	0.0000000000 seconds
Iteration 14:	0.0005581379 seconds	0.0000000000 seconds
Iteration 14:	0.0005571842 seconds	0.0000000000 seconds
Iteration 14:	0.0005052090 seconds	0.0000000000 seconds
Iteration 14:	0.0005650520 seconds	0.0000000000 seconds
Iteration 14:	0.0005421638 seconds	0.0000000000 seconds
Iteration 14:	0.0005640984 seconds	0.0000000000 seconds
Iteration 14:	0.0005631447 seconds	0.0000000000 seconds
Iteration 14:	0.0005519390 seconds	0.0000000000 seconds
Iteration 14:	0.0005590916 seconds	0.0000000000 seconds
Iteration 14:	0.0005550385 seconds	0.0000000000 seconds
Iteration 14:	0.0005600452 seconds	0.0000000000 seconds
Iteration 14:	0.0005559921 seconds	0.0000000000 seconds
Iteration 14:	0.0005578995 seconds	0.0000000000 seconds
Iteration 14:	0.0005538464 seconds	0.0000000000 seconds
Iteration 14:	0.0005559921 seconds	0.0000000000 seconds
Iteration 14:	0.0005528927 seconds	0.0000000000 seconds
Iteration 14:	0.0005569458 seconds	0.0000000000 seconds
Iteration 14:	0.0005609989 seconds	0.0000000000 seconds
Iteration 14:	0.0005590916 seconds	0.0000000000 seconds
Iteration 15:	0.0005230904 seconds	0.0000000000 seconds
Iteration 15:	0.0005109310 seconds	0.0000000000 seconds
Iteration 15:	0.0005190372 seconds	0.0000000000 seconds
Iteration 15:	0.0005140305 seconds	0.0000000000 seconds
Iteration 15:	0.0005090237 seconds	0.0000000000 seconds
Iteration 15:	0.0005230904 seconds	0.0000000000 seconds
Iteration 15:	0.0005130768 seconds	0.0000000000 seconds
Iteration 15:	0.0005099773 seconds	0.0000000000 seconds
Iteration 15:	0.0005130768 seconds	0.0000000000 seconds
Iteration 15:	0.0005130768 seconds	0.0000000000 seconds
Iteration 15:	0.0005190372 seconds	0.0000000000 seconds
Iteration 15:	0.0005171299 seconds	0.0000000000 seconds
Iteration 15:	0.0005128384 seconds	0.0000000000 seconds
Iteration 15:	0.0005080700 seconds	0.0000000000 seconds
Iteration 15:	0.0005209446 seconds	0.0000000000 seconds
Iteration 15:	0.0005080700 seconds	0.0000000000 seconds
Iteration 15:	0.0005080700 seconds	0.0000009537 seconds
Iteration 15:	0.0005180836 seconds	0.0000000000 seconds
Iteration 15:	0.0005121231 seconds	0.0000000000 seconds
Iteration 15:	0.0004620552 seconds	0.0000000000 seconds
Iteration 15:	0.0005109310 seconds	0.0000000000 seconds
Iteration 15:	0.0005068779 seconds	0.0000000000 seconds
Iteration 15:	0.0005118847 seconds	0.0000000000 seconds
Iteration 15:	0.0005168915 seconds	0.0000000000 seconds
Iteration 16:	0.0005459785 seconds	0.0000000000 seconds
Iteration 16:	0.0005359650 seconds	0.0000000000 seconds
Iteration 16:	0.0005390644 seconds	0.0000000000 seconds
Iteration 16:	0.0005469322 seconds	0.0000000000 seconds
Iteration 16:	0.0005421638 seconds	0.0000000000 seconds
Iteration 16:	0.0005397797 seconds	0.0000011921 seconds
Iteration 16:	0.0005371571 seconds	0.0000000000 seconds
Iteration 16:	0.0005388260 seconds	0.0000000000 seconds
Iteration 16:	0.0004951954 seconds	0.0000000000 seconds
Iteration 16:	0.0005469322 seconds	0.0000000000 seconds
Iteration 16:	0.0005490780 seconds	0.0000000000 seconds
Iteration 16:	0.0005450249 seconds	0.0000000000 seconds
Iteration 16:	0.0005428791 seconds	0.0000000000 seconds
Iteration 16:	0.0005509853 seconds	0.0000000000 seconds
Iteration 16:	0.0005481243 seconds	0.0000000000 seconds
Iteration 16:	0.0005381107 seconds	0.0000000000 seconds
Iteration 16:	0.0005378723 seconds	0.0000000000 seconds
Iteration 16:	0.0005481243 seconds	0.0000000000 seconds
Iteration 16:	0.0005450249 seconds	0.0000000000 seconds
Iteration 16:	0.0005469322 seconds	0.0000000000 seconds
Iteration 16:	0.0005459785 seconds	0.0000000000 seconds
Iteration 16:	0.0005419254 seconds	0.0000000000 seconds
Iteration 16:	0.0005469322 seconds	0.0000000000 seconds
Iteration 16:	0.0005538464 seconds	0.0000000000 seconds
Iteration 17:	0.0005128384 seconds	0.0000000000 seconds
Iteration 17:	0.0005171299 seconds	0.0000000000 seconds
Iteration 17:	0.0005121231 seconds	0.0000000000 seconds
Iteration 17:	0.0005140305 seconds	0.0000000000 seconds
Iteration 17:	0.0005149841 seconds	0.0000000000 seconds
Iteration 17:	0.0004570484 seconds	0.0000000000 seconds
Iteration 17:	0.0005071163 seconds	0.0000000000 seconds
Iteration 17:	0.0005171299 seconds	0.0000000000 seconds
Iteration 17:	0.0005071163 seconds	0.0000000000 seconds
Iteration 17:	0.0005130768 seconds	0.0000000000 seconds
Iteration 17:	0.0005061626 seconds	0.0000000000 seconds
Iteration 17:	0.0005180836 seconds	0.0000000000 seconds
Iteration 17:	0.0005171299 seconds	0.0000000000 seconds
Iteration 17:	0.0005211830 seconds	0.0000000000 seconds
Iteration 17:	0.0005121231 seconds	0.0000000000 seconds
Iteration 17:	0.0005149841 seconds	0.0000000000 seconds
Iteration 17:	0.0005090237 seconds	0.0000000000 seconds
Iteration 17:	0.0005080700 seconds	0.0000000000 seconds
Iteration 17:	0.0005099773 seconds	0.0000000000 seconds
Iteration 17:	0.0005140305 seconds	0.0000000000 seconds
Iteration 17:	0.0005099773 seconds	0.0000000000 seconds
Iteration 17:	0.0005071163 seconds	0.0000000000 seconds
Iteration 17:	0.0005061626 seconds	0.0000009537 seconds
Iteration 17:	0.0005099773 seconds	0.0000000000 seconds
Iteration 18:	0.0005369186 seconds	0.0000000000 seconds
Iteration 18:	0.0005400181 seconds	0.0000011921 seconds
Iteration 18:	0.0005421638 seconds	0.0000000000 seconds
Iteration 18:	0.0004880428 seconds	0.0000000000 seconds
Iteration 18:	0.0005431175 seconds	0.0000000000 seconds
Iteration 18:	0.0005421638 seconds	0.0000000000 seconds
Iteration 18:	0.0005431175 seconds	0.0000000000 seconds
Iteration 18:	0.0005431175 seconds	0.0000000000 seconds
Iteration 18:	0.0005369186 seconds	0.0000000000 seconds
Iteration 18:	0.0005400181 seconds	0.0000000000 seconds
Iteration 18:	0.0005359650 seconds	0.0000000000 seconds
Iteration 18:	0.0005340576 seconds	0.0000000000 seconds
Iteration 18:	0.0005338192 seconds	0.0000000000 seconds
Iteration 18:	0.0005400181 seconds	0.0000000000 seconds
Iteration 18:	0.0005388260 seconds	0.0000000000 seconds
Iteration 18:	0.0005421638 seconds	0.0000000000 seconds
Iteration 18:	0.0005431175 seconds	0.0000000000 seconds
Iteration 18:	0.0005428791 seconds	0.0000000000 seconds
Iteration 18:	0.0005500317 seconds	0.0000000000 seconds
Iteration 18:	0.0005540848 seconds	0.0000000000 seconds
Iteration 18:	0.0005559921 seconds	0.0000000000 seconds
Iteration 18:	0.0005550385 seconds	0.0000000000 seconds
Iteration 18:	0.0005629063 seconds	0.0000000000 seconds
Iteration 18:	0.0005629063 seconds	0.0000000000 seconds
Iteration 19:	0.0006618500 seconds	0.0000000000 seconds
Iteration 19:	0.0006618500 seconds	0.0000011921 seconds
Iteration 19:	0.0006630421 seconds	0.0000000000 seconds
Iteration 19:	0.0006649494 seconds	0.0000000000 seconds
Iteration 19:	0.0006411076 seconds	0.0000000000 seconds
Iteration 19:	0.0006649494 seconds	0.0000000000 seconds
Iteration 19:	0.0006599426 seconds	0.0000000000 seconds
Iteration 19:	0.0006639957 seconds	0.0000000000 seconds
Iteration 19:	0.0006539822 seconds	0.0000000000 seconds
Iteration 19:	0.0006480217 seconds	0.0000000000 seconds
Iteration 19:	0.0006451607 seconds	0.0000000000 seconds
Iteration 19:	0.0006070137 seconds	0.0000000000 seconds
Iteration 19:	0.0006639957 seconds	0.0000000000 seconds
Iteration 19:	0.0006599426 seconds	0.0000000000 seconds
Iteration 19:	0.0006520748 seconds	0.0000000000 seconds
Iteration 19:	0.0006511211 seconds	0.0000000000 seconds
Iteration 19:	0.0006608963 seconds	0.0000000000 seconds
Iteration 19:	0.0006470680 seconds	0.0000000000 seconds
Iteration 19:	0.0006630421 seconds	0.0000000000 seconds
Iteration 19:	0.0006608963 seconds	0.0000000000 seconds
Iteration 19:	0.0006570816 seconds	0.0000000000 seconds
Iteration 19:	0.0006589890 seconds	0.0000000000 seconds
Iteration 19:	0.0006620884 seconds	0.0000000000 seconds
Iteration 19:	0.0006608963 seconds	0.0000000000 seconds
Iteration 20:	0.0005550385 seconds	0.0000000000 seconds
Iteration 20:	0.0005578995 seconds	0.0000000000 seconds
Iteration 20:	0.0005488396 seconds	0.0000000000 seconds
Iteration 20:	0.0005550385 seconds	0.0000000000 seconds
Iteration 20:	0.0005471706 seconds	0.0000000000 seconds
Iteration 20:	0.0005459785 seconds	0.0000000000 seconds
Iteration 20:	0.0005500317 seconds	0.0000000000 seconds
Iteration 20:	0.0005629063 seconds	0.0000000000 seconds
Iteration 20:	0.0005571842 seconds	0.0000000000 seconds
Iteration 20:	0.0005531311 seconds	0.0000000000 seconds
Iteration 20:	0.0005581379 seconds	0.0000000000 seconds
Iteration 20:	0.0005528927 seconds	0.0000000000 seconds
Iteration 20:	0.0005490780 seconds	0.0000000000 seconds
Iteration 20:	0.0004808903 seconds	0.0000000000 seconds
Iteration 20:	0.0005512238 seconds	0.0000000000 seconds
Iteration 20:	0.0005471706 seconds	0.0000000000 seconds
Iteration 20:	0.0005519390 seconds	0.0000000000 seconds
Iteration 20:	0.0005528927 seconds	0.0000000000 seconds
Iteration 20:	0.0005500317 seconds	0.0000000000 seconds
Iteration 20:	0.0005559921 seconds	0.0000000000 seconds
Iteration 20:	0.0005598068 seconds	0.0000000000 seconds
Iteration 20:	0.0005600452 seconds	0.0000000000 seconds
Iteration 20:	0.0005559921 seconds	0.0000000000 seconds
Iteration 20:	0.0005550385 seconds	0.0000000000 seconds
Iteration 21:	0.0004949570 seconds	0.0000000000 seconds
Iteration 21:	0.0004899502 seconds	0.0000000000 seconds
Iteration 21:	0.0004911423 seconds	0.0000000000 seconds
Iteration 21:	0.0004951954 seconds	0.0000000000 seconds
Iteration 21:	0.0005009174 seconds	0.0000000000 seconds
Iteration 21:	0.0004990101 seconds	0.0000000000 seconds
Iteration 21:	0.0005037785 seconds	0.0000000000 seconds
Iteration 21:	0.0004968643 seconds	0.0000000000 seconds
Iteration 21:	0.0005018711 seconds	0.0000000000 seconds
Iteration 21:	0.0004990101 seconds	0.0000000000 seconds
Iteration 21:	0.0004978180 seconds	0.0000000000 seconds
Iteration 21:	0.0005028248 seconds	0.0000000000 seconds
Iteration 21:	0.0005009174 seconds	0.0000000000 seconds
Iteration 21:	0.0005059242 seconds	0.0000000000 seconds
Iteration 21:	0.0004961491 seconds	0.0000000000 seconds
Iteration 21:	0.0004978180 seconds	0.0000000000 seconds
Iteration 21:	0.0004978180 seconds	0.0000000000 seconds
Iteration 21:	0.0004990101 seconds	0.0000000000 seconds
Iteration 21:	0.0004999638 seconds	0.0000000000 seconds
Iteration 21:	0.0004498959 seconds	0.0000000000 seconds
Iteration 21:	0.0004980564 seconds	0.0000000000 seconds
Iteration 21:	0.0004971027 seconds	0.0000000000 seconds
Iteration 21:	0.0004980564 seconds	0.0000000000 seconds
Iteration 21:	0.0004980564 seconds	0.0000000000 seconds
Iteration 22:	0.0005371571 seconds	0.0000000000 seconds
Iteration 22:	0.0005331039 seconds	0.0000000000 seconds
Iteration 22:	0.0005319118 seconds	0.0000000000 seconds
Iteration 22:	0.0005249977 seconds	0.0000000000 seconds
Iteration 22:	0.0004780293 seconds	0.0000000000 seconds
Iteration 22:	0.0005300045 seconds	0.0000000000 seconds
Iteration 22:	0.0005259514 seconds	0.0000000000 seconds
Iteration 22:	0.0005290508 seconds	0.0000000000 seconds
Iteration 22:	0.0005269051 seconds	0.0000000000 seconds
Iteration 22:	0.0005278587 seconds	0.0000000000 seconds
Iteration 22:	0.0005259514 seconds	0.0000000000 seconds
Iteration 22:	0.0005381107 seconds	0.0000000000 seconds
Iteration 22:	0.0005319118 seconds	0.0000000000 seconds
Iteration 22:	0.0005328655 seconds	0.0000000000 seconds
Iteration 22:	0.0005300045 seconds	0.0000000000 seconds
Iteration 22:	0.0005269051 seconds	0.0000000000 seconds
Iteration 22:	0.0005350113 seconds	0.0000000000 seconds
Iteration 22:	0.0005400181 seconds	0.0000000000 seconds
Iteration 22:	0.0005290508 seconds	0.0000000000 seconds
Iteration 22:	0.0005269051 seconds	0.0000000000 seconds
Iteration 22:	0.0005381107 seconds	0.0000000000 seconds
Iteration 22:	0.0005319118 seconds	0.0000000000 seconds
Iteration 22:	0.0005269051 seconds	0.0000000000 seconds
Iteration 22:	0.0005259514 seconds	0.0000000000 seconds
Iteration 23:	0.0004858971 seconds	0.0000000000 seconds
Iteration 23:	0.0004820824 seconds	0.0000000000 seconds
Iteration 23:	0.0004911423 seconds	0.0000000000 seconds
Iteration 23:	0.0004911423 seconds	0.0000000000 seconds
Iteration 23:	0.0004880428 seconds	0.0000000000 seconds
Iteration 23:	0.0004899502 seconds	0.0000000000 seconds
Iteration 23:	0.0004930496 seconds	0.0000000000 seconds
Iteration 23:	0.0004930496 seconds	0.0000000000 seconds
Iteration 23:	0.0004961491 seconds	0.0000000000 seconds
Iteration 23:	0.0004990101 seconds	0.0000000000 seconds
Iteration 23:	0.0004899502 seconds	0.0000000000 seconds
Iteration 23:	0.0004940033 seconds	0.0000000000 seconds
Iteration 23:	0.0004889965 seconds	0.0000000000 seconds
Iteration 23:	0.0004849434 seconds	0.0000000000 seconds
Iteration 23:	0.0004851818 seconds	0.0000000000 seconds
Iteration 23:	0.0004391670 seconds	0.0000000000 seconds
Iteration 23:	0.0004880428 seconds	0.0000000000 seconds
Iteration 23:	0.0004940033 seconds	0.0000000000 seconds
Iteration 23:	0.0004990101 seconds	0.0000000000 seconds
Iteration 23:	0.0004980564 seconds	0.0000000000 seconds
Iteration 23:	0.0004880428 seconds	0.0000000000 seconds
Iteration 23:	0.0004889965 seconds	0.0000000000 seconds
Iteration 23:	0.0004930496 seconds	0.0000000000 seconds
Iteration 23:	0.0004930496 seconds	0.0000000000 seconds
Iteration 24:	0.0005309582 seconds	0.0000000000 seconds
Iteration 24:	0.0005149841 seconds	0.0000000000 seconds
Iteration 24:	0.0004670620 seconds	0.0000000000 seconds
Iteration 24:	0.0005230904 seconds	0.0000000000 seconds
Iteration 24:	0.0005240440 seconds	0.0000000000 seconds
Iteration 24:	0.0005199909 seconds	0.0000000000 seconds
Iteration 24:	0.0005161762 seconds	0.0000000000 seconds
Iteration 24:	0.0005221367 seconds	0.0000000000 seconds
Iteration 24:	0.0005280972 seconds	0.0000000000 seconds
Iteration 24:	0.0005300045 seconds	0.0000000000 seconds
Iteration 24:	0.0005218983 seconds	0.0000000000 seconds
Iteration 24:	0.0005180836 seconds	0.0000000000 seconds
Iteration 24:	0.0005269051 seconds	0.0000000000 seconds
Iteration 24:	0.0005168915 seconds	0.0000000000 seconds
Iteration 24:	0.0005178452 seconds	0.0000000000 seconds
Iteration 24:	0.0005209446 seconds	0.0000000000 seconds
Iteration 24:	0.0005269051 seconds	0.0000000000 seconds
Iteration 24:	0.0005218983 seconds	0.0000000000 seconds
Iteration 24:	0.0005221367 seconds	0.0000000000 seconds
Iteration 24:	0.0005171299 seconds	0.0000000000 seconds
Iteration 24:	0.0005190372 seconds	0.0000000000 seconds
Iteration 24:	0.0005161762 seconds	0.0000000000 seconds
Iteration 24:	0.0005161762 seconds	0.0000000000 seconds
Iteration 24:	0.0005149841 seconds	0.0000000000 seconds
Iteration 25:	0.0004780293 seconds	0.0000000000 seconds
Iteration 25:	0.0004730225 seconds	0.0000000000 seconds
Iteration 25:	0.0004749298 seconds	0.0000000000 seconds
Iteration 25:	0.0004770756 seconds	0.0000000000 seconds
Iteration 25:	0.0004720688 seconds	0.0000000000 seconds
Iteration 25:	0.0004839897 seconds	0.0000000000 seconds
Iteration 25:	0.0004780293 seconds	0.0000000000 seconds
Iteration 25:	0.0004858971 seconds	0.0000000000 seconds
Iteration 25:	0.0004839897 seconds	0.0000000000 seconds
Iteration 25:	0.0004789829 seconds	0.0000000000 seconds
Iteration 25:	0.0004780293 seconds	0.0000000000 seconds
Iteration 25:	0.0004758835 seconds	0.0000000000 seconds
Iteration 25:	0.0004839897 seconds	0.0000000000 seconds
Iteration 25:	0.0004758835 seconds	0.0000000000 seconds
Iteration 25:	0.0004830360 seconds	0.0000000000 seconds
Iteration 25:	0.0004739761 seconds	0.0000000000 seconds
Iteration 25:	0.0004849434 seconds	0.0000000000 seconds
Iteration 25:	0.0004730225 seconds	0.0000009537 seconds
Iteration 25:	0.0004260540 seconds	0.0000000000 seconds
Iteration 25:	0.0004780293 seconds	0.0000000000 seconds
Iteration 25:	0.0004730225 seconds	0.0000000000 seconds
Iteration 25:	0.0004758835 seconds	0.0000000000 seconds
Iteration 25:	0.0004730225 seconds	0.0000000000 seconds
Iteration 25:	0.0004761219 seconds	0.0000000000 seconds
Iteration 26:	0.0005030632 seconds	0.0000000000 seconds
Iteration 26:	0.0004980564 seconds	0.0000000000 seconds
Iteration 26:	0.0004940033 seconds	0.0000000000 seconds
Iteration 26:	0.0005030632 seconds	0.0000000000 seconds
Iteration 26:	0.0004570484 seconds	0.0000000000 seconds
Iteration 26:	0.0004971027 seconds	0.0000000000 seconds
Iteration 26:	0.0005059242 seconds	0.0000000000 seconds
Iteration 26:	0.0005090237 seconds	0.0000000000 seconds
Iteration 26:	0.0004990101 seconds	0.0000000000 seconds
Iteration 26:	0.0005109310 seconds	0.0000000000 seconds
Iteration 26:	0.0004949570 seconds	0.0000000000 seconds
Iteration 26:	0.0005049706 seconds	0.0000000000 seconds
Iteration 26:	0.0005009174 seconds	0.0000000000 seconds
Iteration 26:	0.0005040169 seconds	0.0000000000 seconds
Iteration 26:	0.0004990101 seconds	0.0000000000 seconds
Iteration 26:	0.0004968643 seconds	0.0000000000 seconds
Iteration 26:	0.0005030632 seconds	0.0000000000 seconds
Iteration 26:	0.0005099773 seconds	0.0000000000 seconds
Iteration 26:	0.0005018711 seconds	0.0000000000 seconds
Iteration 26:	0.0004990101 seconds	0.0000000000 seconds
Iteration 26:	0.0005130768 seconds	0.0000000000 seconds
Iteration 26:	0.0004980564 seconds	0.0000000000 seconds
Iteration 26:	0.0004968643 seconds	0.0000011921 seconds
Iteration 26:	0.0004990101 seconds	0.0000000000 seconds
Iteration 27:	0.0004820824 seconds	0.0000009537 seconds
Iteration 27:	0.0004870892 seconds	0.0000000000 seconds
Iteration 27:	0.0004839897 seconds	0.0000000000 seconds
Iteration 27:	0.0004830360 seconds	0.0000000000 seconds
Iteration 27:	0.0004789829 seconds	0.0000000000 seconds
Iteration 27:	0.0004789829 seconds	0.0000000000 seconds
Iteration 27:	0.0004811287 seconds	0.0000000000 seconds
Iteration 27:	0.0004811287 seconds	0.0000000000 seconds
Iteration 27:	0.0004811287 seconds	0.0000000000 seconds
Iteration 27:	0.0004839897 seconds	0.0000000000 seconds
Iteration 27:	0.0004849434 seconds	0.0000000000 seconds
Iteration 27:	0.0004260540 seconds	0.0000000000 seconds
Iteration 27:	0.0004820824 seconds	0.0000000000 seconds
Iteration 27:	0.0004811287 seconds	0.0000000000 seconds
Iteration 27:	0.0004820824 seconds	0.0000000000 seconds
Iteration 27:	0.0004799366 seconds	0.0000000000 seconds
Iteration 27:	0.0004808903 seconds	0.0000000000 seconds
Iteration 27:	0.0004780293 seconds	0.0000009537 seconds
Iteration 27:	0.0004789829 seconds	0.0000000000 seconds
Iteration 27:	0.0004801750 seconds	0.0000000000 seconds
Iteration 27:	0.0004870892 seconds	0.0000000000 seconds
Iteration 27:	0.0004830360 seconds	0.0000000000 seconds
Iteration 27:	0.0004849434 seconds	0.0000000000 seconds
Iteration 27:	0.0004909039 seconds	0.0000000000 seconds
Iteration 28:	0.0005149841 seconds	0.0000000000 seconds
Iteration 28:	0.0004539490 seconds	0.0000000000 seconds
Iteration 28:	0.0005249977 seconds	0.0000000000 seconds
Iteration 28:	0.0005190372 seconds	0.0000000000 seconds
Iteration 28:	0.0005180836 seconds	0.0000009537 seconds
Iteration 28:	0.0005209446 seconds	0.0000000000 seconds
Iteration 28:	0.0005221367 seconds	0.0000000000 seconds
Iteration 28:	0.0005249977 seconds	0.0000000000 seconds
Iteration 28:	0.0005280972 seconds	0.0000000000 seconds
Iteration 28:	0.0005359650 seconds	0.0000000000 seconds
Iteration 28:	0.0005328655 seconds	0.0000000000 seconds
Iteration 28:	0.0005371571 seconds	0.0000000000 seconds
Iteration 28:	0.0005369186 seconds	0.0000000000 seconds
Iteration 28:	0.0005369186 seconds	0.0000000000 seconds
Iteration 28:	0.0005431175 seconds	0.0000000000 seconds
Iteration 28:	0.0005328655 seconds	0.0000000000 seconds
Iteration 28:	0.0005328655 seconds	0.0000000000 seconds
Iteration 28:	0.0005438328 seconds	0.0000000000 seconds
Iteration 28:	0.0005378723 seconds	0.0000000000 seconds
Iteration 28:	0.0005359650 seconds	0.0000000000 seconds
Iteration 28:	0.0005409718 seconds	0.0000000000 seconds
Iteration 28:	0.0005338192 seconds	0.0000000000 seconds
Iteration 28:	0.0005350113 seconds	0.0000000000 seconds
Iteration 28:	0.0005350113 seconds	0.0000000000 seconds
Iteration 29:	0.0005230904 seconds	0.0000009537 seconds
Iteration 29:	0.0004668236 seconds	0.0000000000 seconds
Iteration 29:	0.0005099773 seconds	0.0000000000 seconds
Iteration 29:	0.0005059242 seconds	0.0000000000 seconds
Iteration 29:	0.0005171299 seconds	0.0000000000 seconds
Iteration 29:	0.0004980564 seconds	0.0000000000 seconds
Iteration 29:	0.0005021095 seconds	0.0000000000 seconds
Iteration 29:	0.0005090237 seconds	0.0000009537 seconds
Iteration 29:	0.0005230904 seconds	0.0000000000 seconds
Iteration 29:	0.0005011559 seconds	0.0000000000 seconds
Iteration 29:	0.0005121231 seconds	0.0000000000 seconds
Iteration 29:	0.0005121231 seconds	0.0000000000 seconds
Iteration 29:	0.0005209446 seconds	0.0000000000 seconds
Iteration 29:	0.0005199909 seconds	0.0000009537 seconds
Iteration 29:	0.0005071163 seconds	0.0000000000 seconds
Iteration 29:	0.0004220009 seconds	0.0000000000 seconds
Iteration 29:	0.0005209446 seconds	0.0000000000 seconds
Iteration 29:	0.0005130768 seconds	0.0000000000 seconds
Iteration 29:	0.0005018711 seconds	0.0000000000 seconds
Iteration 29:	0.0005199909 seconds	0.0000000000 seconds
Iteration 29:	0.0005180836 seconds	0.0000000000 seconds
Iteration 29:	0.0005180836 seconds	0.0000000000 seconds
Iteration 29:	0.0005080700 seconds	0.0000000000 seconds
Iteration 29:	0.0005080700 seconds	0.0000000000 seconds
Iteration 30:	0.0004498959 seconds	0.0000000000 seconds
Iteration 30:	0.0004949570 seconds	0.0000000000 seconds
Iteration 30:	0.0004940033 seconds	0.0000000000 seconds
Iteration 30:	0.0004949570 seconds	0.0000000000 seconds
Iteration 30:	0.0004918575 seconds	0.0000000000 seconds
Iteration 30:	0.0004920959 seconds	0.0000000000 seconds
Iteration 30:	0.0004940033 seconds	0.0000000000 seconds
Iteration 30:	0.0005030632 seconds	0.0000000000 seconds
Iteration 30:	0.0004980564 seconds	0.0000000000 seconds
Iteration 30:	0.0005009174 seconds	0.0000009537 seconds
Iteration 30:	0.0005049706 seconds	0.0000000000 seconds
Iteration 30:	0.0005109310 seconds	0.0000000000 seconds
Iteration 30:	0.0005061626 seconds	0.0000009537 seconds
Iteration 30:	0.0005059242 seconds	0.0000000000 seconds
Iteration 30:	0.0005049706 seconds	0.0000009537 seconds
Iteration 30:	0.0005140305 seconds	0.0000000000 seconds
Iteration 30:	0.0005059242 seconds	0.0000000000 seconds
Iteration 30:	0.0005137920 seconds	0.0000000000 seconds
Iteration 30:	0.0005187988 seconds	0.0000000000 seconds
Iteration 30:	0.0005111694 seconds	0.0000000000 seconds
Iteration 30:	0.0005171299 seconds	0.0000009537 seconds
Iteration 30:	0.0005149841 seconds	0.0000000000 seconds
Iteration 30:	0.0005161762 seconds	0.0000000000 seconds
Iteration 30:	0.0005090237 seconds	0.0000000000 seconds
Iteration 31:	0.0004661083 seconds	0.0000000000 seconds
Iteration 31:	0.0004649162 seconds	0.0000000000 seconds
Iteration 31:	0.0004339218 seconds	0.0000000000 seconds
Iteration 31:	0.0004818439 seconds	0.0000000000 seconds
Iteration 31:	0.0004668236 seconds	0.0000000000 seconds
Iteration 31:	0.0004868507 seconds	0.0000000000 seconds
Iteration 31:	0.0004749298 seconds	0.0000000000 seconds
Iteration 31:	0.0004799366 seconds	0.0000000000 seconds
Iteration 31:	0.0004830360 seconds	0.0000000000 seconds
Iteration 31:	0.0004858971 seconds	0.0000000000 seconds
Iteration 31:	0.0004889965 seconds	0.0000000000 seconds
Iteration 31:	0.0004839897 seconds	0.0000000000 seconds
Iteration 31:	0.0004739761 seconds	0.0000000000 seconds
Iteration 31:	0.0004689693 seconds	0.0000000000 seconds
Iteration 31:	0.0004878044 seconds	0.0000000000 seconds
Iteration 31:	0.0004768372 seconds	0.0000000000 seconds
Iteration 31:	0.0004708767 seconds	0.0000000000 seconds
Iteration 31:	0.0004780293 seconds	0.0000000000 seconds
Iteration 31:	0.0004668236 seconds	0.0000000000 seconds
Iteration 31:	0.0004398823 seconds	0.0000000000 seconds
Iteration 31:	0.0004868507 seconds	0.0000000000 seconds
Iteration 31:	0.0004689693 seconds	0.0000000000 seconds
Iteration 31:	0.0004739761 seconds	0.0000000000 seconds
Iteration 31:	0.0004749298 seconds	0.0000000000 seconds
Iteration 32:	0.0004990101 seconds	0.0000000000 seconds
Iteration 32:	0.0004990101 seconds	0.0000000000 seconds
Iteration 32:	0.0005018711 seconds	0.0000000000 seconds
Iteration 32:	0.0004949570 seconds	0.0000000000 seconds
Iteration 32:	0.0004899502 seconds	0.0000000000 seconds
Iteration 32:	0.0005021095 seconds	0.0000000000 seconds
Iteration 32:	0.0005030632 seconds	0.0000000000 seconds
Iteration 32:	0.0005049706 seconds	0.0000000000 seconds
Iteration 32:	0.0005102158 seconds	0.0000000000 seconds
Iteration 32:	0.0005080700 seconds	0.0000000000 seconds
Iteration 32:	0.0005030632 seconds	0.0000000000 seconds
Iteration 32:	0.0005040169 seconds	0.0000000000 seconds
Iteration 32:	0.0005118847 seconds	0.0000000000 seconds
Iteration 32:	0.0005071163 seconds	0.0000000000 seconds
Iteration 32:	0.0005130768 seconds	0.0000000000 seconds
Iteration 32:	0.0004701614 seconds	0.0000000000 seconds
Iteration 32:	0.0005080700 seconds	0.0000000000 seconds
Iteration 32:	0.0005190372 seconds	0.0000000000 seconds
Iteration 32:	0.0005090237 seconds	0.0000000000 seconds
Iteration 32:	0.0005221367 seconds	0.0000000000 seconds
Iteration 32:	0.0005240440 seconds	0.0000000000 seconds
Iteration 32:	0.0005109310 seconds	0.0000000000 seconds
Iteration 32:	0.0005130768 seconds	0.0000000000 seconds
Iteration 32:	0.0005099773 seconds	0.0000000000 seconds
Iteration 33:	0.0004591942 seconds	0.0000000000 seconds
Iteration 33:	0.0004620552 seconds	0.0000000000 seconds
Iteration 33:	0.0004129410 seconds	0.0000000000 seconds
Iteration 33:	0.0004739761 seconds	0.0000000000 seconds
Iteration 33:	0.0004661083 seconds	0.0000000000 seconds
Iteration 33:	0.0004708767 seconds	0.0000000000 seconds
Iteration 33:	0.0004768372 seconds	0.0000000000 seconds
Iteration 33:	0.0004818439 seconds	0.0000000000 seconds
Iteration 33:	0.0004808903 seconds	0.0000000000 seconds
Iteration 33:	0.0004711151 seconds	0.0000000000 seconds
Iteration 33:	0.0004589558 seconds	0.0000000000 seconds
Iteration 33:	0.0004818439 seconds	0.0000000000 seconds
Iteration 33:	0.0004780293 seconds	0.0000000000 seconds
Iteration 33:	0.0004599094 seconds	0.0000000000 seconds
Iteration 33:	0.0004689693 seconds	0.0000000000 seconds
Iteration 33:	0.0004620552 seconds	0.0000000000 seconds
Iteration 33:	0.0004768372 seconds	0.0000000000 seconds
Iteration 33:	0.0004489422 seconds	0.0000009537 seconds
Iteration 33:	0.0004749298 seconds	0.0000000000 seconds
Iteration 33:	0.0004780293 seconds	0.0000000000 seconds
Iteration 33:	0.0004630089 seconds	0.0000000000 seconds
Iteration 33:	0.0004670620 seconds	0.0000000000 seconds
Iteration 33:	0.0004692078 seconds	0.0000000000 seconds
Iteration 33:	0.0004689693 seconds	0.0000000000 seconds
Iteration 34:	0.0004940033 seconds	0.0000000000 seconds
Iteration 34:	0.0004920959 seconds	0.0000000000 seconds
Iteration 34:	0.0004909039 seconds	0.0000000000 seconds
Iteration 34:	0.0004868507 seconds	0.0000000000 seconds
Iteration 34:	0.0004909039 seconds	0.0000000000 seconds
Iteration 34:	0.0004940033 seconds	0.0000000000 seconds
Iteration 34:	0.0004930496 seconds	0.0000000000 seconds
Iteration 34:	0.0005009174 seconds	0.0000000000 seconds
Iteration 34:	0.0004928112 seconds	0.0000000000 seconds
Iteration 34:	0.0005049706 seconds	0.0000000000 seconds
Iteration 34:	0.0005071163 seconds	0.0000000000 seconds
Iteration 34:	0.0005009174 seconds	0.0000000000 seconds
Iteration 34:	0.0005121231 seconds	0.0000000000 seconds
Iteration 34:	0.0005168915 seconds	0.0000000000 seconds
Iteration 34:	0.0004589558 seconds	0.0000000000 seconds
Iteration 34:	0.0005090237 seconds	0.0000000000 seconds
Iteration 34:	0.0005078316 seconds	0.0000000000 seconds
Iteration 34:	0.0005018711 seconds	0.0000000000 seconds
Iteration 34:	0.0005018711 seconds	0.0000000000 seconds
Iteration 34:	0.0005028248 seconds	0.0000000000 seconds
Iteration 34:	0.0005009174 seconds	0.0000000000 seconds
Iteration 34:	0.0005099773 seconds	0.0000000000 seconds
Iteration 34:	0.0005199909 seconds	0.0000000000 seconds
Iteration 34:	0.0005180836 seconds	0.0000000000 seconds
Iteration 35:	0.0004899502 seconds	0.0000000000 seconds
Iteration 35:	0.0004498959 seconds	0.0000000000 seconds
Iteration 35:	0.0004909039 seconds	0.0000000000 seconds
Iteration 35:	0.0005071163 seconds	0.0000000000 seconds
Iteration 35:	0.0005009174 seconds	0.0000000000 seconds
Iteration 35:	0.0004889965 seconds	0.0000000000 seconds
Iteration 35:	0.0004949570 seconds	0.0000000000 seconds
Iteration 35:	0.0004968643 seconds	0.0000009537 seconds
Iteration 35:	0.0005061626 seconds	0.0000000000 seconds
Iteration 35:	0.0004801750 seconds	0.0000000000 seconds
Iteration 35:	0.0004999638 seconds	0.0000000000 seconds
Iteration 35:	0.0005121231 seconds	0.0000000000 seconds
Iteration 35:	0.0004959106 seconds	0.0000000000 seconds
Iteration 35:	0.0004048347 seconds	0.0000000000 seconds
Iteration 35:	0.0005090237 seconds	0.0000000000 seconds
Iteration 35:	0.0004920959 seconds	0.0000000000 seconds
Iteration 35:	0.0005049706 seconds	0.0000000000 seconds
Iteration 35:	0.0005028248 seconds	0.0000000000 seconds
Iteration 35:	0.0005071163 seconds	0.0000000000 seconds
Iteration 35:	0.0005080700 seconds	0.0000000000 seconds
Iteration 35:	0.0004940033 seconds	0.0000000000 seconds
Iteration 35:	0.0004990101 seconds	0.0000000000 seconds
Iteration 35:	0.0004961491 seconds	0.0000000000 seconds
Iteration 35:	0.0004980564 seconds	0.0000000000 seconds
Iteration 36:	0.0004770756 seconds	0.0000000000 seconds
Iteration 36:	0.0004699230 seconds	0.0000009537 seconds
Iteration 36:	0.0004668236 seconds	0.0000000000 seconds
Iteration 36:	0.0004668236 seconds	0.0000000000 seconds
Iteration 36:	0.0004689693 seconds	0.0000000000 seconds
Iteration 36:	0.0004801750 seconds	0.0000000000 seconds
Iteration 36:	0.0004780293 seconds	0.0000000000 seconds
Iteration 36:	0.0004730225 seconds	0.0000000000 seconds
Iteration 36:	0.0004739761 seconds	0.0000000000 seconds
Iteration 36:	0.0004849434 seconds	0.0000011921 seconds
Iteration 36:	0.0004818439 seconds	0.0000000000 seconds
Iteration 36:	0.0004849434 seconds	0.0000000000 seconds
Iteration 36:	0.0004839897 seconds	0.0000000000 seconds
Iteration 36:	0.0004489422 seconds	0.0000000000 seconds
Iteration 36:	0.0004808903 seconds	0.0000000000 seconds
Iteration 36:	0.0004920959 seconds	0.0000000000 seconds
Iteration 36:	0.0004940033 seconds	0.0000000000 seconds
Iteration 36:	0.0004808903 seconds	0.0000000000 seconds
Iteration 36:	0.0004818439 seconds	0.0000000000 seconds
Iteration 36:	0.0004901886 seconds	0.0000000000 seconds
Iteration 36:	0.0004861355 seconds	0.0000000000 seconds
Iteration 36:	0.0004830360 seconds	0.0000000000 seconds
Iteration 36:	0.0004951954 seconds	0.0000000000 seconds
Iteration 36:	0.0004870892 seconds	0.0000000000 seconds
Iteration 37:	0.0004489422 seconds	0.0000000000 seconds
Iteration 37:	0.0004489422 seconds	0.0000000000 seconds
Iteration 37:	0.0004508495 seconds	0.0000009537 seconds
Iteration 37:	0.0004150867 seconds	0.0000000000 seconds
Iteration 37:	0.0004489422 seconds	0.0000000000 seconds
Iteration 37:	0.0004210472 seconds	0.0000000000 seconds
Iteration 37:	0.0004649162 seconds	0.0000000000 seconds
Iteration 37:	0.0004549026 seconds	0.0000000000 seconds
Iteration 37:	0.0004501343 seconds	0.0000000000 seconds
Iteration 37:	0.0004551411 seconds	0.0000000000 seconds
Iteration 37:	0.0004580021 seconds	0.0000000000 seconds
Iteration 37:	0.0004520416 seconds	0.0000000000 seconds
Iteration 37:	0.0004589558 seconds	0.0000000000 seconds
Iteration 37:	0.0004680157 seconds	0.0000000000 seconds
Iteration 37:	0.0004630089 seconds	0.0000000000 seconds
Iteration 37:	0.0004699230 seconds	0.0000000000 seconds
Iteration 37:	0.0004520416 seconds	0.0000009537 seconds
Iteration 37:	0.0004649162 seconds	0.0000000000 seconds
Iteration 37:	0.0004689693 seconds	0.0000000000 seconds
Iteration 37:	0.0004520416 seconds	0.0000000000 seconds
Iteration 37:	0.0004689693 seconds	0.0000000000 seconds
Iteration 37:	0.0004620552 seconds	0.0000000000 seconds
Iteration 37:	0.0004711151 seconds	0.0000000000 seconds
Iteration 37:	0.0004518032 seconds	0.0000000000 seconds
Iteration 38:	0.0004770756 seconds	0.0000000000 seconds
Iteration 38:	0.0004780293 seconds	0.0000000000 seconds
Iteration 38:	0.0004777908 seconds	0.0000000000 seconds
Iteration 38:	0.0004720688 seconds	0.0000009537 seconds
Iteration 38:	0.0004758835 seconds	0.0000000000 seconds
Iteration 38:	0.0004780293 seconds	0.0000000000 seconds
Iteration 38:	0.0004739761 seconds	0.0000009537 seconds
Iteration 38:	0.0004808903 seconds	0.0000000000 seconds
Iteration 38:	0.0004811287 seconds	0.0000000000 seconds
Iteration 38:	0.0004870892 seconds	0.0000000000 seconds
Iteration 38:	0.0004858971 seconds	0.0000000000 seconds
Iteration 38:	0.0004820824 seconds	0.0000000000 seconds
Iteration 38:	0.0004889965 seconds	0.0000000000 seconds
Iteration 38:	0.0004928112 seconds	0.0000011921 seconds
Iteration 38:	0.0004389286 seconds	0.0000000000 seconds
Iteration 38:	0.0004951954 seconds	0.0000000000 seconds
Iteration 38:	0.0004978180 seconds	0.0000000000 seconds
Iteration 38:	0.0004940033 seconds	0.0000000000 seconds
Iteration 38:	0.0004899502 seconds	0.0000000000 seconds
Iteration 38:	0.0005009174 seconds	0.0000000000 seconds
Iteration 38:	0.0004999638 seconds	0.0000000000 seconds
Iteration 38:	0.0004978180 seconds	0.0000000000 seconds
Iteration 38:	0.0004918575 seconds	0.0000000000 seconds
Iteration 38:	0.0005009174 seconds	0.0000000000 seconds
Iteration 39:	0.0004630089 seconds	0.0000000000 seconds
Iteration 39:	0.0004639626 seconds	0.0000000000 seconds
Iteration 39:	0.0004439354 seconds	0.0000000000 seconds
Iteration 39:	0.0004398823 seconds	0.0000000000 seconds
Iteration 39:	0.0004410744 seconds	0.0000000000 seconds
Iteration 39:	0.0004479885 seconds	0.0000000000 seconds
Iteration 39:	0.0004580021 seconds	0.0000000000 seconds
Iteration 39:	0.0004520416 seconds	0.0000000000 seconds
Iteration 39:	0.0004410744 seconds	0.0000000000 seconds
Iteration 39:	0.0004429817 seconds	0.0000000000 seconds
Iteration 39:	0.0004451275 seconds	0.0000000000 seconds
Iteration 39:	0.0004460812 seconds	0.0000000000 seconds
Iteration 39:	0.0004551411 seconds	0.0000000000 seconds
Iteration 39:	0.0004560947 seconds	0.0000000000 seconds
Iteration 39:	0.0004589558 seconds	0.0000000000 seconds
Iteration 39:	0.0004580021 seconds	0.0000000000 seconds
Iteration 39:	0.0004611015 seconds	0.0000000000 seconds
Iteration 39:	0.0004589558 seconds	0.0000000000 seconds
Iteration 39:	0.0004529953 seconds	0.0000000000 seconds
Iteration 39:	0.0004420280 seconds	0.0000000000 seconds
Iteration 39:	0.0003910065 seconds	0.0000000000 seconds
Iteration 39:	0.0004501343 seconds	0.0000000000 seconds
Iteration 39:	0.0004432201 seconds	0.0000000000 seconds
Iteration 39:	0.0004451275 seconds	0.0000000000 seconds
Iteration 40:	0.0004591942 seconds	0.0000000000 seconds
Iteration 40:	0.0004630089 seconds	0.0000000000 seconds
Iteration 40:	0.0004651546 seconds	0.0000000000 seconds
Iteration 40:	0.0004529953 seconds	0.0000000000 seconds
Iteration 40:	0.0004680157 seconds	0.0000000000 seconds
Iteration 40:	0.0004570484 seconds	0.0000000000 seconds
Iteration 40:	0.0004179478 seconds	0.0000000000 seconds
Iteration 40:	0.0004560947 seconds	0.0000000000 seconds
Iteration 40:	0.0004620552 seconds	0.0000000000 seconds
Iteration 40:	0.0004639626 seconds	0.0000000000 seconds
Iteration 40:	0.0004580021 seconds	0.0000009537 seconds
Iteration 40:	0.0004670620 seconds	0.0000000000 seconds
Iteration 40:	0.0004589558 seconds	0.0000000000 seconds
Iteration 40:	0.0004630089 seconds	0.0000000000 seconds
Iteration 40:	0.0004620552 seconds	0.0000000000 seconds
Iteration 40:	0.0004708767 seconds	0.0000000000 seconds
Iteration 40:	0.0004630089 seconds	0.0000000000 seconds
Iteration 40:	0.0004711151 seconds	0.0000000000 seconds
Iteration 40:	0.0004749298 seconds	0.0000000000 seconds
Iteration 40:	0.0004727840 seconds	0.0000000000 seconds
Iteration 40:	0.0004689693 seconds	0.0000000000 seconds
Iteration 40:	0.0004708767 seconds	0.0000000000 seconds
Iteration 40:	0.0004689693 seconds	0.0000000000 seconds
Iteration 40:	0.0004789829 seconds	0.0000000000 seconds
Iteration 41:	0.0004448891 seconds	0.0000000000 seconds
Iteration 41:	0.0004448891 seconds	0.0000009537 seconds
Iteration 41:	0.0004470348 seconds	0.0000000000 seconds
Iteration 41:	0.0004429817 seconds	0.0000000000 seconds
Iteration 41:	0.0004448891 seconds	0.0000000000 seconds
Iteration 41:	0.0004420280 seconds	0.0000000000 seconds
Iteration 41:	0.0004320145 seconds	0.0000009537 seconds
Iteration 41:	0.0004360676 seconds	0.0000000000 seconds
Iteration 41:	0.0004441738 seconds	0.0000000000 seconds
Iteration 41:	0.0004360676 seconds	0.0000000000 seconds
Iteration 41:	0.0004441738 seconds	0.0000000000 seconds
Iteration 41:	0.0004420280 seconds	0.0000000000 seconds
Iteration 41:	0.0004420280 seconds	0.0000000000 seconds
Iteration 41:	0.0004341602 seconds	0.0000000000 seconds
Iteration 41:	0.0004441738 seconds	0.0000000000 seconds
Iteration 41:	0.0004441738 seconds	0.0000000000 seconds
Iteration 41:	0.0004391670 seconds	0.0000000000 seconds
Iteration 41:	0.0004451275 seconds	0.0000000000 seconds
Iteration 41:	0.0004460812 seconds	0.0000000000 seconds
Iteration 41:	0.0003821850 seconds	0.0000009537 seconds
Iteration 41:	0.0004379749 seconds	0.0000000000 seconds
Iteration 41:	0.0004329681 seconds	0.0000000000 seconds
Iteration 41:	0.0004470348 seconds	0.0000000000 seconds
Iteration 41:	0.0004341602 seconds	0.0000000000 seconds
Iteration 42:	0.0004439354 seconds	0.0000000000 seconds
Iteration 42:	0.0004389286 seconds	0.0000000000 seconds
Iteration 42:	0.0004401207 seconds	0.0000000000 seconds
Iteration 42:	0.0004439354 seconds	0.0000000000 seconds
Iteration 42:	0.0004360676 seconds	0.0000000000 seconds
Iteration 42:	0.0004370213 seconds	0.0000000000 seconds
Iteration 42:	0.0004360676 seconds	0.0000000000 seconds
Iteration 42:	0.0004048347 seconds	0.0000000000 seconds
Iteration 42:	0.0004501343 seconds	0.0000000000 seconds
Iteration 42:	0.0004410744 seconds	0.0000000000 seconds
Iteration 42:	0.0004508495 seconds	0.0000000000 seconds
Iteration 42:	0.0004460812 seconds	0.0000000000 seconds
Iteration 42:	0.0004489422 seconds	0.0000000000 seconds
Iteration 42:	0.0004539490 seconds	0.0000000000 seconds
Iteration 42:	0.0004510880 seconds	0.0000000000 seconds
Iteration 42:	0.0004580021 seconds	0.0000009537 seconds
Iteration 42:	0.0004551411 seconds	0.0000000000 seconds
Iteration 42:	0.0004599094 seconds	0.0000000000 seconds
Iteration 42:	0.0004599094 seconds	0.0000000000 seconds
Iteration 42:	0.0004639626 seconds	0.0000000000 seconds
Iteration 42:	0.0004630089 seconds	0.0000000000 seconds
Iteration 42:	0.0004658699 seconds	0.0000000000 seconds
Iteration 42:	0.0004608631 seconds	0.0000000000 seconds
Iteration 42:	0.0004649162 seconds	0.0000000000 seconds
Iteration 43:	0.0004348755 seconds	0.0000000000 seconds
Iteration 43:	0.0004329681 seconds	0.0000009537 seconds
Iteration 43:	0.0004329681 seconds	0.0000000000 seconds
Iteration 43:	0.0004329681 seconds	0.0000000000 seconds
Iteration 43:	0.0004379749 seconds	0.0000000000 seconds
Iteration 43:	0.0004160404 seconds	0.0000000000 seconds
Iteration 43:	0.0004210472 seconds	0.0000000000 seconds
Iteration 43:	0.0004408360 seconds	0.0000000000 seconds
Iteration 43:	0.0004229546 seconds	0.0000000000 seconds
Iteration 43:	0.0004239082 seconds	0.0000000000 seconds
Iteration 43:	0.0004379749 seconds	0.0000000000 seconds
Iteration 43:	0.0004179478 seconds	0.0000000000 seconds
Iteration 43:	0.0004279613 seconds	0.0000000000 seconds
Iteration 43:	0.0004389286 seconds	0.0000000000 seconds
Iteration 43:	0.0004260540 seconds	0.0000000000 seconds
Iteration 43:	0.0004308224 seconds	0.0000000000 seconds
Iteration 43:	0.0003759861 seconds	0.0000000000 seconds
Iteration 43:	0.0004329681 seconds	0.0000000000 seconds
Iteration 43:	0.0004279613 seconds	0.0000000000 seconds
Iteration 43:	0.0004329681 seconds	0.0000000000 seconds
Iteration 43:	0.0004298687 seconds	0.0000000000 seconds
Iteration 43:	0.0004179478 seconds	0.0000000000 seconds
Iteration 43:	0.0004367828 seconds	0.0000000000 seconds
Iteration 43:	0.0004389286 seconds	0.0000000000 seconds
Iteration 44:	0.0004448891 seconds	0.0000000000 seconds
Iteration 44:	0.0004570484 seconds	0.0000000000 seconds
Iteration 44:	0.0004520416 seconds	0.0000000000 seconds
Iteration 44:	0.0004498959 seconds	0.0000000000 seconds
Iteration 44:	0.0004508495 seconds	0.0000000000 seconds
Iteration 44:	0.0004560947 seconds	0.0000000000 seconds
Iteration 44:	0.0003950596 seconds	0.0000009537 seconds
Iteration 44:	0.0004539490 seconds	0.0000000000 seconds
Iteration 44:	0.0004489422 seconds	0.0000000000 seconds
Iteration 44:	0.0004498959 seconds	0.0000000000 seconds
Iteration 44:	0.0004529953 seconds	0.0000000000 seconds
Iteration 44:	0.0004479885 seconds	0.0000000000 seconds
Iteration 44:	0.0004439354 seconds	0.0000000000 seconds
Iteration 44:	0.0004570484 seconds	0.0000000000 seconds
Iteration 44:	0.0004429817 seconds	0.0000000000 seconds
Iteration 44:	0.0004439354 seconds	0.0000000000 seconds
Iteration 44:	0.0004601479 seconds	0.0000000000 seconds
Iteration 44:	0.0004498959 seconds	0.0000000000 seconds
Iteration 44:	0.0004529953 seconds	0.0000000000 seconds
Iteration 44:	0.0004551411 seconds	0.0000000000 seconds
Iteration 44:	0.0004539490 seconds	0.0000000000 seconds
Iteration 44:	0.0004608631 seconds	0.0000000000 seconds
Iteration 44:	0.0004589558 seconds	0.0000000000 seconds
Iteration 44:	0.0004558563 seconds	0.0000000000 seconds
Iteration 45:	0.0004150867 seconds	0.0000000000 seconds
Iteration 45:	0.0004169941 seconds	0.0000000000 seconds
Iteration 45:	0.0004110336 seconds	0.0000000000 seconds
Iteration 45:	0.0004088879 seconds	0.0000000000 seconds
Iteration 45:	0.0004119873 seconds	0.0000000000 seconds
Iteration 45:	0.0004169941 seconds	0.0000000000 seconds
Iteration 45:	0.0004148483 seconds	0.0000000000 seconds
Iteration 45:	0.0004091263 seconds	0.0000000000 seconds
Iteration 45:	0.0004079342 seconds	0.0000000000 seconds
Iteration 45:	0.0004091263 seconds	0.0000000000 seconds
Iteration 45:	0.0004200935 seconds	0.0000000000 seconds
Iteration 45:	0.0004169941 seconds	0.0000000000 seconds
Iteration 45:	0.0004150867 seconds	0.0000000000 seconds
Iteration 45:	0.0004220009 seconds	0.0000000000 seconds
Iteration 45:	0.0004200935 seconds	0.0000000000 seconds
Iteration 45:	0.0003700256 seconds	0.0000000000 seconds
Iteration 45:	0.0004079342 seconds	0.0000000000 seconds
Iteration 45:	0.0004220009 seconds	0.0000000000 seconds
Iteration 45:	0.0004198551 seconds	0.0000000000 seconds
Iteration 45:	0.0004179478 seconds	0.0000000000 seconds
Iteration 45:	0.0004100800 seconds	0.0000000000 seconds
Iteration 45:	0.0004179478 seconds	0.0000000000 seconds
Iteration 45:	0.0004091263 seconds	0.0000000000 seconds
Iteration 45:	0.0004148483 seconds	0.0000000000 seconds
Iteration 46:	0.0004370213 seconds	0.0000000000 seconds
Iteration 46:	0.0004451275 seconds	0.0000009537 seconds
Iteration 46:	0.0004410744 seconds	0.0000000000 seconds
Iteration 46:	0.0004429817 seconds	0.0000000000 seconds
Iteration 46:	0.0004429817 seconds	0.0000000000 seconds
Iteration 46:	0.0004389286 seconds	0.0000000000 seconds
Iteration 46:	0.0004351139 seconds	0.0000009537 seconds
Iteration 46:	0.0004370213 seconds	0.0000000000 seconds
Iteration 46:	0.0004401207 seconds	0.0000000000 seconds
Iteration 46:	0.0004320145 seconds	0.0000000000 seconds
Iteration 46:	0.0004310608 seconds	0.0000000000 seconds
Iteration 46:	0.0004339218 seconds	0.0000011921 seconds
Iteration 46:	0.0004351139 seconds	0.0000000000 seconds
Iteration 46:	0.0004410744 seconds	0.0000000000 seconds
Iteration 46:	0.0004379749 seconds	0.0000011921 seconds
Iteration 46:	0.0004379749 seconds	0.0000000000 seconds
Iteration 46:	0.0004329681 seconds	0.0000000000 seconds
Iteration 46:	0.0004360676 seconds	0.0000000000 seconds
Iteration 46:	0.0004339218 seconds	0.0000000000 seconds
Iteration 46:	0.0004508495 seconds	0.0000000000 seconds
Iteration 46:	0.0004301071 seconds	0.0000000000 seconds
Iteration 46:	0.0003919601 seconds	0.0000000000 seconds
Iteration 46:	0.0004520416 seconds	0.0000000000 seconds
Iteration 46:	0.0004520416 seconds	0.0000000000 seconds
Iteration 47:	0.0004019737 seconds	0.0000000000 seconds
Iteration 47:	0.0003969669 seconds	0.0000000000 seconds
Iteration 47:	0.0004069805 seconds	0.0000000000 seconds
Iteration 47:	0.0003979206 seconds	0.0000000000 seconds
Iteration 47:	0.0004000664 seconds	0.0000000000 seconds
Iteration 47:	0.0003969669 seconds	0.0000000000 seconds
Iteration 47:	0.0004057884 seconds	0.0000000000 seconds
Iteration 47:	0.0004079342 seconds	0.0000000000 seconds
Iteration 47:	0.0004041195 seconds	0.0000000000 seconds
Iteration 47:	0.0003619194 seconds	0.0000000000 seconds
Iteration 47:	0.0004019737 seconds	0.0000000000 seconds
Iteration 47:	0.0004107952 seconds	0.0000000000 seconds
Iteration 47:	0.0004088879 seconds	0.0000000000 seconds
Iteration 47:	0.0004107952 seconds	0.0000000000 seconds
Iteration 47:	0.0004088879 seconds	0.0000000000 seconds
Iteration 47:	0.0004050732 seconds	0.0000000000 seconds
Iteration 47:	0.0004119873 seconds	0.0000000000 seconds
Iteration 47:	0.0004029274 seconds	0.0000000000 seconds
Iteration 47:	0.0004148483 seconds	0.0000000000 seconds
Iteration 47:	0.0004081726 seconds	0.0000000000 seconds
Iteration 47:	0.0004048347 seconds	0.0000009537 seconds
Iteration 47:	0.0004007816 seconds	0.0000000000 seconds
Iteration 47:	0.0004088879 seconds	0.0000000000 seconds
Iteration 47:	0.0004138947 seconds	0.0000000000 seconds
Iteration 48:	0.0004220009 seconds	0.0000000000 seconds
Iteration 48:	0.0004229546 seconds	0.0000000000 seconds
Iteration 48:	0.0004220009 seconds	0.0000000000 seconds
Iteration 48:	0.0004241467 seconds	0.0000000000 seconds
Iteration 48:	0.0004260540 seconds	0.0000000000 seconds
Iteration 48:	0.0004210472 seconds	0.0000000000 seconds
Iteration 48:	0.0004189014 seconds	0.0000000000 seconds
Iteration 48:	0.0004220009 seconds	0.0000000000 seconds
Iteration 48:	0.0004260540 seconds	0.0000000000 seconds
Iteration 48:	0.0004210472 seconds	0.0000000000 seconds
Iteration 48:	0.0004248619 seconds	0.0000000000 seconds
Iteration 48:	0.0004189014 seconds	0.0000000000 seconds
Iteration 48:	0.0004298687 seconds	0.0000000000 seconds
Iteration 48:	0.0004160404 seconds	0.0000000000 seconds
Iteration 48:	0.0004220009 seconds	0.0000000000 seconds
Iteration 48:	0.0003778934 seconds	0.0000000000 seconds
Iteration 48:	0.0004210472 seconds	0.0000000000 seconds
Iteration 48:	0.0004169941 seconds	0.0000000000 seconds
Iteration 48:	0.0004248619 seconds	0.0000000000 seconds
Iteration 48:	0.0004179478 seconds	0.0000009537 seconds
Iteration 48:	0.0004179478 seconds	0.0000000000 seconds
Iteration 48:	0.0004229546 seconds	0.0000000000 seconds
Iteration 48:	0.0004210472 seconds	0.0000000000 seconds
Iteration 48:	0.0004329681 seconds	0.0000000000 seconds
Iteration 49:	0.0004072189 seconds	0.0000000000 seconds
Iteration 49:	0.0004081726 seconds	0.0000009537 seconds
Iteration 49:	0.0003521442 seconds	0.0000000000 seconds
Iteration 49:	0.0004000664 seconds	0.0000000000 seconds
Iteration 49:	0.0004110336 seconds	0.0000000000 seconds
Iteration 49:	0.0004119873 seconds	0.0000000000 seconds
Iteration 49:	0.0004091263 seconds	0.0000000000 seconds
Iteration 49:	0.0004088879 seconds	0.0000009537 seconds
Iteration 49:	0.0004150867 seconds	0.0000000000 seconds
Iteration 49:	0.0004088879 seconds	0.0000000000 seconds
Iteration 49:	0.0004060268 seconds	0.0000009537 seconds
Iteration 49:	0.0004119873 seconds	0.0000000000 seconds
Iteration 49:	0.0004179478 seconds	0.0000000000 seconds
Iteration 49:	0.0004119873 seconds	0.0000000000 seconds
Iteration 49:	0.0004169941 seconds	0.0000000000 seconds
Iteration 49:	0.0004141331 seconds	0.0000000000 seconds
Iteration 49:	0.0004220009 seconds	0.0000000000 seconds
Iteration 49:	0.0004229546 seconds	0.0000000000 seconds
Iteration 49:	0.0004200935 seconds	0.0000000000 seconds
Iteration 49:	0.0004160404 seconds	0.0000000000 seconds
Iteration 49:	0.0004229546 seconds	0.0000000000 seconds
Iteration 49:	0.0004198551 seconds	0.0000000000 seconds
Iteration 49:	0.0004220009 seconds	0.0000000000 seconds
Iteration 49:	0.0004281998 seconds	0.0000000000 seconds
Iteration 50:	0.0004241467 seconds	0.0000000000 seconds
Iteration 50:	0.0004291534 seconds	0.0000000000 seconds
Iteration 50:	0.0004179478 seconds	0.0000000000 seconds
Iteration 50:	0.0004129410 seconds	0.0000011921 seconds
Iteration 50:	0.0004291534 seconds	0.0000000000 seconds
Iteration 50:	0.0004279613 seconds	0.0000000000 seconds
Iteration 50:	0.0004098415 seconds	0.0000000000 seconds
Iteration 50:	0.0004079342 seconds	0.0000000000 seconds
Iteration 50:	0.0004088879 seconds	0.0000000000 seconds
Iteration 50:	0.0004289150 seconds	0.0000000000 seconds
Iteration 50:	0.0004298687 seconds	0.0000000000 seconds
Iteration 50:	0.0004158020 seconds	0.0000000000 seconds
Iteration 50:	0.0004158020 seconds	0.0000000000 seconds
Iteration 50:	0.0004248619 seconds	0.0000000000 seconds
Iteration 50:	0.0004119873 seconds	0.0000000000 seconds
Iteration 50:	0.0004189014 seconds	0.0000000000 seconds
Iteration 50:	0.0004138947 seconds	0.0000000000 seconds
Iteration 50:	0.0004119873 seconds	0.0000000000 seconds
Iteration 50:	0.0004198551 seconds	0.0000000000 seconds
Iteration 50:	0.0004110336 seconds	0.0000000000 seconds
Iteration 50:	0.0004220009 seconds	0.0000000000 seconds
Iteration 50:	0.0004198551 seconds	0.0000000000 seconds
Iteration 50:	0.0004220009 seconds	0.0000000000 seconds
Iteration 50:	0.0003719330 seconds	0.0000000000 seconds
Iteration 51:	0.0003981590 seconds	0.0000000000 seconds
Iteration 51:	0.0003960133 seconds	0.0000000000 seconds
Iteration 51:	0.0004010201 seconds	0.0000000000 seconds
Iteration 51:	0.0003938675 seconds	0.0000000000 seconds
Iteration 51:	0.0003929138 seconds	0.0000000000 seconds
Iteration 51:	0.0004010201 seconds	0.0000000000 seconds
Iteration 51:	0.0003979206 seconds	0.0000000000 seconds
Iteration 51:	0.0003969669 seconds	0.0000000000 seconds
Iteration 51:	0.0003440380 seconds	0.0000000000 seconds
Iteration 51:	0.0003919601 seconds	0.0000000000 seconds
Iteration 51:	0.0003900528 seconds	0.0000000000 seconds
Iteration 51:	0.0004022121 seconds	0.0000000000 seconds
Iteration 51:	0.0004048347 seconds	0.0000000000 seconds
Iteration 51:	0.0003879070 seconds	0.0000000000 seconds
Iteration 51:	0.0004010201 seconds	0.0000000000 seconds
Iteration 51:	0.0004079342 seconds	0.0000000000 seconds
Iteration 51:	0.0004038811 seconds	0.0000000000 seconds
Iteration 51:	0.0004069805 seconds	0.0000000000 seconds
Iteration 51:	0.0004060268 seconds	0.0000000000 seconds
Iteration 51:	0.0004050732 seconds	0.0000000000 seconds
Iteration 51:	0.0004038811 seconds	0.0000000000 seconds
Iteration 51:	0.0004088879 seconds	0.0000000000 seconds
Iteration 51:	0.0004038811 seconds	0.0000000000 seconds
Iteration 51:	0.0004057884 seconds	0.0000000000 seconds
Iteration 52:	0.0003991127 seconds	0.0000000000 seconds
Iteration 52:	0.0003991127 seconds	0.0000000000 seconds
Iteration 52:	0.0003960133 seconds	0.0000000000 seconds
Iteration 52:	0.0003991127 seconds	0.0000000000 seconds
Iteration 52:	0.0003979206 seconds	0.0000000000 seconds
Iteration 52:	0.0003969669 seconds	0.0000000000 seconds
Iteration 52:	0.0004060268 seconds	0.0000000000 seconds
Iteration 52:	0.0004091263 seconds	0.0000000000 seconds
Iteration 52:	0.0003590584 seconds	0.0000000000 seconds
Iteration 52:	0.0003991127 seconds	0.0000000000 seconds
Iteration 52:	0.0004041195 seconds	0.0000000000 seconds
Iteration 52:	0.0004091263 seconds	0.0000009537 seconds
Iteration 52:	0.0003960133 seconds	0.0000000000 seconds
Iteration 52:	0.0004081726 seconds	0.0000000000 seconds
Iteration 52:	0.0003969669 seconds	0.0000000000 seconds
Iteration 52:	0.0004050732 seconds	0.0000000000 seconds
Iteration 52:	0.0003960133 seconds	0.0000000000 seconds
Iteration 52:	0.0004110336 seconds	0.0000000000 seconds
Iteration 52:	0.0004029274 seconds	0.0000000000 seconds
Iteration 52:	0.0004010201 seconds	0.0000000000 seconds
Iteration 52:	0.0004100800 seconds	0.0000000000 seconds
Iteration 52:	0.0003981590 seconds	0.0000000000 seconds
Iteration 52:	0.0004069805 seconds	0.0000000000 seconds
Iteration 52:	0.0004041195 seconds	0.0000000000 seconds
Iteration 53:	0.0003910065 seconds	0.0000000000 seconds
Iteration 53:	0.0003900528 seconds	0.0000000000 seconds
Iteration 53:	0.0003900528 seconds	0.0000000000 seconds
Iteration 53:	0.0003869534 seconds	0.0000000000 seconds
Iteration 53:	0.0003890991 seconds	0.0000000000 seconds
Iteration 53:	0.0003800392 seconds	0.0000000000 seconds
Iteration 53:	0.0003829002 seconds	0.0000011921 seconds
Iteration 53:	0.0003850460 seconds	0.0000000000 seconds
Iteration 53:	0.0003829002 seconds	0.0000000000 seconds
Iteration 53:	0.0003929138 seconds	0.0000000000 seconds
Iteration 53:	0.0003869534 seconds	0.0000000000 seconds
Iteration 53:	0.0003859997 seconds	0.0000000000 seconds
Iteration 53:	0.0003829002 seconds	0.0000000000 seconds
Iteration 53:	0.0003879070 seconds	0.0000000000 seconds
Iteration 53:	0.0003850460 seconds	0.0000000000 seconds
Iteration 53:	0.0003809929 seconds	0.0000000000 seconds
Iteration 53:	0.0003850460 seconds	0.0000000000 seconds
Iteration 53:	0.0003840923 seconds	0.0000000000 seconds
Iteration 53:	0.0003859997 seconds	0.0000000000 seconds
Iteration 53:	0.0003788471 seconds	0.0000000000 seconds
Iteration 53:	0.0003898144 seconds	0.0000000000 seconds
Iteration 53:	0.0003819466 seconds	0.0000000000 seconds
Iteration 53:	0.0003929138 seconds	0.0000000000 seconds
Iteration 53:	0.0003440380 seconds	0.0000000000 seconds
Iteration 54:	0.0003991127 seconds	0.0000000000 seconds
Iteration 54:	0.0003979206 seconds	0.0000000000 seconds
Iteration 54:	0.0003979206 seconds	0.0000000000 seconds
Iteration 54:	0.0004048347 seconds	0.0000000000 seconds
Iteration 54:	0.0003569126 seconds	0.0000000000 seconds
Iteration 54:	0.0004010201 seconds	0.0000000000 seconds
Iteration 54:	0.0004000664 seconds	0.0000000000 seconds
Iteration 54:	0.0004019737 seconds	0.0000000000 seconds
Iteration 54:	0.0004029274 seconds	0.0000000000 seconds
Iteration 54:	0.0003979206 seconds	0.0000000000 seconds
Iteration 54:	0.0004019737 seconds	0.0000000000 seconds
Iteration 54:	0.0004079342 seconds	0.0000000000 seconds
Iteration 54:	0.0004110336 seconds	0.0000000000 seconds
Iteration 54:	0.0004060268 seconds	0.0000000000 seconds
Iteration 54:	0.0004119873 seconds	0.0000000000 seconds
Iteration 54:	0.0004060268 seconds	0.0000009537 seconds
Iteration 54:	0.0004119873 seconds	0.0000000000 seconds
Iteration 54:	0.0004129410 seconds	0.0000000000 seconds
Iteration 54:	0.0004179478 seconds	0.0000000000 seconds
Iteration 54:	0.0004107952 seconds	0.0000000000 seconds
Iteration 54:	0.0004141331 seconds	0.0000000000 seconds
Iteration 54:	0.0004141331 seconds	0.0000000000 seconds
Iteration 54:	0.0004670620 seconds	0.0000000000 seconds
Iteration 54:	0.0004608631 seconds	0.0000000000 seconds
Iteration 55:	0.0004079342 seconds	0.0000000000 seconds
Iteration 55:	0.0004298687 seconds	0.0000000000 seconds
Iteration 55:	0.0004148483 seconds	0.0000000000 seconds
Iteration 55:	0.0004179478 seconds	0.0000000000 seconds
Iteration 55:	0.0004220009 seconds	0.0000000000 seconds
Iteration 55:	0.0004131794 seconds	0.0000000000 seconds
Iteration 55:	0.0004239082 seconds	0.0000000000 seconds
Iteration 55:	0.0004308224 seconds	0.0000000000 seconds
Iteration 55:	0.0004119873 seconds	0.0000009537 seconds
Iteration 55:	0.0004189014 seconds	0.0000000000 seconds
Iteration 55:	0.0003759861 seconds	0.0000000000 seconds
Iteration 55:	0.0004110336 seconds	0.0000000000 seconds
Iteration 55:	0.0004169941 seconds	0.0000000000 seconds
Iteration 55:	0.0004150867 seconds	0.0000000000 seconds
Iteration 55:	0.0004229546 seconds	0.0000000000 seconds
Iteration 55:	0.0004100800 seconds	0.0000000000 seconds
Iteration 55:	0.0004081726 seconds	0.0000000000 seconds
Iteration 55:	0.0004220009 seconds	0.0000000000 seconds
Iteration 55:	0.0004200935 seconds	0.0000000000 seconds
Iteration 55:	0.0004260540 seconds	0.0000000000 seconds
Iteration 55:	0.0004229546 seconds	0.0000000000 seconds
Iteration 55:	0.0004081726 seconds	0.0000000000 seconds
Iteration 55:	0.0003590584 seconds	0.0000000000 seconds
Iteration 55:	0.0003340244 seconds	0.0000000000 seconds
Iteration 56:	0.0003950596 seconds	0.0000000000 seconds
Iteration 56:	0.0003859997 seconds	0.0000009537 seconds
Iteration 56:	0.0003988743 seconds	0.0000000000 seconds
Iteration 56:	0.0003879070 seconds	0.0000000000 seconds
Iteration 56:	0.0003869534 seconds	0.0000000000 seconds
Iteration 56:	0.0003449917 seconds	0.0000000000 seconds
Iteration 56:	0.0003919601 seconds	0.0000000000 seconds
Iteration 56:	0.0003972054 seconds	0.0000000000 seconds
Iteration 56:	0.0004000664 seconds	0.0000000000 seconds
Iteration 56:	0.0003960133 seconds	0.0000000000 seconds
Iteration 56:	0.0004010201 seconds	0.0000000000 seconds
Iteration 56:	0.0004041195 seconds	0.0000000000 seconds
Iteration 56:	0.0004038811 seconds	0.0000000000 seconds
Iteration 56:	0.0004088879 seconds	0.0000000000 seconds
Iteration 56:	0.0004029274 seconds	0.0000000000 seconds
Iteration 56:	0.0004119873 seconds	0.0000000000 seconds
Iteration 56:	0.0004131794 seconds	0.0000000000 seconds
Iteration 56:	0.0004081726 seconds	0.0000009537 seconds
Iteration 56:	0.0004091263 seconds	0.0000000000 seconds
Iteration 56:	0.0004079342 seconds	0.0000000000 seconds
Iteration 56:	0.0004129410 seconds	0.0000000000 seconds
Iteration 56:	0.0004122257 seconds	0.0000000000 seconds
Iteration 56:	0.0004210472 seconds	0.0000000000 seconds
Iteration 56:	0.0004160404 seconds	0.0000000000 seconds
Iteration 57:	0.0003790855 seconds	0.0000000000 seconds
Iteration 57:	0.0003769398 seconds	0.0000000000 seconds
Iteration 57:	0.0003750324 seconds	0.0000000000 seconds
Iteration 57:	0.0003740788 seconds	0.0000000000 seconds
Iteration 57:	0.0003769398 seconds	0.0000000000 seconds
Iteration 57:	0.0003709793 seconds	0.0000000000 seconds
Iteration 57:	0.0003800392 seconds	0.0000000000 seconds
Iteration 57:	0.0003650188 seconds	0.0000000000 seconds
Iteration 57:	0.0003840923 seconds	0.0000000000 seconds
Iteration 57:	0.0003821850 seconds	0.0000000000 seconds
Iteration 57:	0.0003721714 seconds	0.0000000000 seconds
Iteration 57:	0.0003650188 seconds	0.0000000000 seconds
Iteration 57:	0.0003700256 seconds	0.0000000000 seconds
Iteration 57:	0.0003831387 seconds	0.0000000000 seconds
Iteration 57:	0.0003821850 seconds	0.0000000000 seconds
Iteration 57:	0.0003669262 seconds	0.0000000000 seconds
Iteration 57:	0.0003261566 seconds	0.0000000000 seconds
Iteration 57:	0.0003621578 seconds	0.0000000000 seconds
Iteration 57:	0.0003840923 seconds	0.0000000000 seconds
Iteration 57:	0.0003681183 seconds	0.0000000000 seconds
Iteration 57:	0.0003750324 seconds	0.0000000000 seconds
Iteration 57:	0.0003709793 seconds	0.0000000000 seconds
Iteration 57:	0.0003700256 seconds	0.0000000000 seconds
Iteration 57:	0.0003612041 seconds	0.0000000000 seconds
Iteration 58:	0.0003960133 seconds	0.0000000000 seconds
Iteration 58:	0.0003969669 seconds	0.0000000000 seconds
Iteration 58:	0.0003979206 seconds	0.0000000000 seconds
Iteration 58:	0.0003979206 seconds	0.0000000000 seconds
Iteration 58:	0.0003938675 seconds	0.0000000000 seconds
Iteration 58:	0.0003848076 seconds	0.0000000000 seconds
Iteration 58:	0.0003838539 seconds	0.0000000000 seconds
Iteration 58:	0.0003838539 seconds	0.0000000000 seconds
Iteration 58:	0.0004010201 seconds	0.0000000000 seconds
Iteration 58:	0.0003910065 seconds	0.0000009537 seconds
Iteration 58:	0.0003879070 seconds	0.0000000000 seconds
Iteration 58:	0.0003910065 seconds	0.0000000000 seconds
Iteration 58:	0.0003941059 seconds	0.0000000000 seconds
Iteration 58:	0.0003778934 seconds	0.0000000000 seconds
Iteration 58:	0.0003888607 seconds	0.0000000000 seconds
Iteration 58:	0.0003848076 seconds	0.0000000000 seconds
Iteration 58:	0.0003931522 seconds	0.0000000000 seconds
Iteration 58:	0.0003881454 seconds	0.0000000000 seconds
Iteration 58:	0.0003931522 seconds	0.0000000000 seconds
Iteration 58:	0.0003898144 seconds	0.0000000000 seconds
Iteration 58:	0.0003850460 seconds	0.0000000000 seconds
Iteration 58:	0.0003368855 seconds	0.0000000000 seconds
Iteration 58:	0.0003869534 seconds	0.0000000000 seconds
Iteration 58:	0.0003890991 seconds	0.0000000000 seconds
Iteration 59:	0.0003709793 seconds	0.0000000000 seconds
Iteration 59:	0.0003688335 seconds	0.0000000000 seconds
Iteration 59:	0.0003209114 seconds	0.0000000000 seconds
Iteration 59:	0.0003650188 seconds	0.0000000000 seconds
Iteration 59:	0.0003650188 seconds	0.0000000000 seconds
Iteration 59:	0.0003681183 seconds	0.0000000000 seconds
Iteration 59:	0.0003681183 seconds	0.0000000000 seconds
Iteration 59:	0.0003640652 seconds	0.0000000000 seconds
Iteration 59:	0.0003590584 seconds	0.0000000000 seconds
Iteration 59:	0.0003719330 seconds	0.0000000000 seconds
Iteration 59:	0.0003600121 seconds	0.0000000000 seconds
Iteration 59:	0.0003681183 seconds	0.0000000000 seconds
Iteration 59:	0.0003640652 seconds	0.0000000000 seconds
Iteration 59:	0.0003640652 seconds	0.0000000000 seconds
Iteration 59:	0.0003747940 seconds	0.0000000000 seconds
Iteration 59:	0.0003700256 seconds	0.0000000000 seconds
Iteration 59:	0.0003709793 seconds	0.0000000000 seconds
Iteration 59:	0.0003800392 seconds	0.0000000000 seconds
Iteration 59:	0.0003750324 seconds	0.0000000000 seconds
Iteration 59:	0.0003781319 seconds	0.0000000000 seconds
Iteration 59:	0.0003731251 seconds	0.0000000000 seconds
Iteration 59:	0.0003709793 seconds	0.0000000000 seconds
Iteration 59:	0.0003688335 seconds	0.0000009537 seconds
Total computation time was: 0.030563		Average frame time was: 0.000499		Average Particle interations per second were: 1847062373.445041
Iteration 59:	0.0003750324 seconds	0.0000000000 seconds
