[ -1:000]                : Rank 0 is running on comet-19-57.sdsc.edu
[  0:001] init_pprintf   : My dest: 1	My source: 2	My_num_part: 10720
Initalizing particles linear on 0 to 10720
[ -1:000]                : Rank 1 is running on comet-19-60.sdsc.edu
[  1:001] init_pprintf   : My dest: 2	My source: 0	My_num_part: 10720
Initalizing particles linear on 10720 to 21440
[ -1:000]                : Rank 2 is running on comet-19-66.sdsc.edu
[  2:001] init_pprintf   : My dest: 0	My source: 1	My_num_part: 10720
Initalizing particles linear on 21440 to 32160
Iteration 0:	0.7273578644 seconds	0.0000000000 seconds
Iteration 0:	0.6871299744 seconds	0.0000000000 seconds
Iteration 0:	0.6865561008 seconds	0.0000000000 seconds
Iteration 1:	0.2620711327 seconds	0.0000000000 seconds
Iteration 1:	0.2620389462 seconds	0.0000011921 seconds
Iteration 1:	0.2620429993 seconds	0.0000000000 seconds
Iteration 2:	0.2620589733 seconds	0.0000000000 seconds
Iteration 2:	0.2620310783 seconds	0.0000000000 seconds
Iteration 2:	0.2620530128 seconds	0.0000000000 seconds
Iteration 3:	0.2621200085 seconds	0.0000009537 seconds
Iteration 3:	0.2620930672 seconds	0.0000000000 seconds
Iteration 3:	0.2621040344 seconds	0.0000000000 seconds
Iteration 4:	0.2017378807 seconds	0.0000000000 seconds
Iteration 4:	0.2016940117 seconds	0.0000009537 seconds
Iteration 4:	0.2016959190 seconds	0.0000000000 seconds
Iteration 5:	0.1715970039 seconds	0.0000000000 seconds
Iteration 5:	0.1716260910 seconds	0.0000000000 seconds
Iteration 5:	0.1716139317 seconds	0.0000000000 seconds
Iteration 6:	0.1715369225 seconds	0.0000000000 seconds
Iteration 6:	0.1714968681 seconds	0.0000000000 seconds
Iteration 6:	0.1715030670 seconds	0.0000000000 seconds
Iteration 7:	0.1726329327 seconds	0.0000000000 seconds
Iteration 7:	0.1726679802 seconds	0.0000000000 seconds
Iteration 7:	0.1726410389 seconds	0.0000000000 seconds
Iteration 8:	0.1801600456 seconds	0.0000000000 seconds
Iteration 8:	0.1802029610 seconds	0.0000000000 seconds
Iteration 8:	0.1801710129 seconds	0.0000000000 seconds
Iteration 9:	0.1715278625 seconds	0.0000000000 seconds
Iteration 9:	0.1715159416 seconds	0.0000000000 seconds
Iteration 9:	0.1715269089 seconds	0.0000000000 seconds
Iteration 10:	0.1714439392 seconds	0.0000000000 seconds
Iteration 10:	0.1714770794 seconds	0.0000000000 seconds
Iteration 10:	0.1714508533 seconds	0.0000000000 seconds
Iteration 11:	0.1715679169 seconds	0.0000000000 seconds
Iteration 11:	0.1715898514 seconds	0.0000000000 seconds
Iteration 11:	0.1715660095 seconds	0.0000000000 seconds
Iteration 12:	0.1716351509 seconds	0.0000000000 seconds
Iteration 12:	0.1716048717 seconds	0.0000000000 seconds
Iteration 12:	0.1716132164 seconds	0.0000000000 seconds
Iteration 13:	0.1714670658 seconds	0.0000000000 seconds
Iteration 13:	0.1714899540 seconds	0.0000000000 seconds
Iteration 13:	0.1714708805 seconds	0.0000000000 seconds
Iteration 14:	0.1715040207 seconds	0.0000000000 seconds
Iteration 14:	0.1715421677 seconds	0.0000000000 seconds
Iteration 14:	0.1715240479 seconds	0.0000000000 seconds
Iteration 15:	0.1715049744 seconds	0.0000000000 seconds
Iteration 15:	0.1715250015 seconds	0.0000000000 seconds
Iteration 15:	0.1715030670 seconds	0.0000000000 seconds
Iteration 16:	0.1714642048 seconds	0.0000000000 seconds
Iteration 16:	0.1714980602 seconds	0.0000000000 seconds
Iteration 16:	0.1714680195 seconds	0.0000000000 seconds
Iteration 17:	0.1714899540 seconds	0.0000000000 seconds
Iteration 17:	0.1715109348 seconds	0.0000000000 seconds
Iteration 17:	0.1714940071 seconds	0.0000000000 seconds
Iteration 18:	0.1715440750 seconds	0.0000000000 seconds
Iteration 18:	0.1715281010 seconds	0.0000000000 seconds
Iteration 18:	0.1715331078 seconds	0.0000000000 seconds
Iteration 19:	0.1731312275 seconds	0.0000000000 seconds
Iteration 19:	0.1731641293 seconds	0.0000000000 seconds
Iteration 19:	0.1731390953 seconds	0.0000000000 seconds
Iteration 20:	0.1721959114 seconds	0.0000000000 seconds
Iteration 20:	0.1722259521 seconds	0.0000000000 seconds
Iteration 20:	0.1722109318 seconds	0.0000000000 seconds
Iteration 21:	0.1732468605 seconds	0.0000000000 seconds
Iteration 21:	0.1732459068 seconds	0.0000000000 seconds
Iteration 21:	0.1732430458 seconds	0.0000000000 seconds
Iteration 22:	0.1715459824 seconds	0.0000000000 seconds
Iteration 22:	0.1715710163 seconds	0.0000000000 seconds
Iteration 22:	0.1715500355 seconds	0.0000000000 seconds
Iteration 23:	0.1715199947 seconds	0.0000000000 seconds
Iteration 23:	0.1715509892 seconds	0.0000000000 seconds
Iteration 23:	0.1715300083 seconds	0.0000000000 seconds
Iteration 24:	0.1714830399 seconds	0.0000009537 seconds
Iteration 24:	0.1715059280 seconds	0.0000000000 seconds
Iteration 24:	0.1714849472 seconds	0.0000000000 seconds
Iteration 25:	0.1713321209 seconds	0.0000000000 seconds
Iteration 25:	0.1713559628 seconds	0.0000000000 seconds
Iteration 25:	0.1713409424 seconds	0.0000000000 seconds
Iteration 26:	0.1714940071 seconds	0.0000000000 seconds
Iteration 26:	0.1715240479 seconds	0.0000000000 seconds
Iteration 26:	0.1715080738 seconds	0.0000000000 seconds
Iteration 27:	0.1714508533 seconds	0.0000000000 seconds
Iteration 27:	0.1714830399 seconds	0.0000000000 seconds
Iteration 27:	0.1714620590 seconds	0.0000000000 seconds
Iteration 28:	0.1715028286 seconds	0.0000000000 seconds
Iteration 28:	0.1715312004 seconds	0.0000000000 seconds
Iteration 28:	0.1715128422 seconds	0.0000000000 seconds
Iteration 29:	0.1714420319 seconds	0.0000000000 seconds
Iteration 29:	0.1714529991 seconds	0.0000000000 seconds
Total computation time was: 6.017748		Average frame time was: 0.200577		Average Particle interations per second were: 5156443751.148426
Iteration 29:	0.1714460850 seconds	0.0000000000 seconds
