[ -1:000]                : Rank 1 is running on comet-13-25.sdsc.edu
[  1:001] init_pprintf   : My dest: 2	My source: 0	My_num_part: 510
[ -1:000]                : Rank 3 is running on comet-13-25.sdsc.edu
[  3:001] init_pprintf   : My dest: 4	My source: 2	My_num_part: 510
[ -1:000]                : Rank 11 is running on comet-13-25.sdsc.edu
[ -1:000]                : Rank 15 is running on comet-13-25.sdsc.edu
[ 11:001] init_pprintf   : My dest: 12	My source: 10	My_num_part: 510
[ -1:000]                : Rank 5 is running on comet-13-25.sdsc.edu
[ 15:001] init_pprintf   : My dest: 16	My source: 14	My_num_part: 510
[  5:001] init_pprintf   : My dest: 6	My source: 4	My_num_part: 510
[ -1:000]                : Rank 9 is running on comet-13-25.sdsc.edu
[  9:001] init_pprintf   : My dest: 10	My source: 8	My_num_part: 510
[ -1:000]                : Rank 13 is running on comet-13-25.sdsc.edu
[ -1:000]                : Rank 7 is running on comet-13-25.sdsc.edu
[ 13:001] init_pprintf   : My dest: 14	My source: 12	My_num_part: 510
[  7:001] init_pprintf   : My dest: 8	My source: 6	My_num_part: 510
[ -1:000]                : Rank 10 is running on comet-13-25.sdsc.edu
[ -1:000]                : Rank 6 is running on comet-13-25.sdsc.edu
[ -1:000]                : Rank 12 is running on comet-13-25.sdsc.edu
[ -1:000]                : Rank 2 is running on comet-13-25.sdsc.edu
[ -1:000]                : Rank 14 is running on comet-13-25.sdsc.edu
[  2:001] init_pprintf   : My dest: 3	My source: 1	My_num_part: 510
[  6:001] init_pprintf   : My dest: 7	My source: 5	My_num_part: 510
[ 12:001] init_pprintf   : My dest: 13	My source: 11	My_num_part: 510
[ 14:001] init_pprintf   : My dest: 15	My source: 13	My_num_part: 510
[ 10:001] init_pprintf   : My dest: 11	My source: 9	My_num_part: 510
[ -1:000]                : Rank 0 is running on comet-13-25.sdsc.edu
[ -1:000]                : Rank 4 is running on comet-13-25.sdsc.edu
[ -1:000]                : Rank 8 is running on comet-13-25.sdsc.edu
[  0:001] init_pprintf   : My dest: 1	My source: 31	My_num_part: 510
[  4:001] init_pprintf   : My dest: 5	My source: 3	My_num_part: 510
[  8:001] init_pprintf   : My dest: 9	My source: 7	My_num_part: 510
Initalizing particles linear on 1530 to 2040
Initalizing particles linear on 2550 to 3060
Initalizing particles linear on 7650 to 8160
Initalizing particles linear on 5610 to 6120
Initalizing particles linear on 4590 to 5100
Initalizing particles linear on 6630 to 7140
Initalizing particles linear on 3570 to 4080
Initalizing particles linear on 4080 to 4590
Initalizing particles linear on 2040 to 2550
Initalizing particles linear on 0 to 510
Initalizing particles linear on 7140 to 7650
Initalizing particles linear on 1020 to 1530
Initalizing particles linear on 3060 to 3570
Initalizing particles linear on 6120 to 6630
Initalizing particles linear on 5100 to 5610
Initalizing particles linear on 510 to 1020
[ -1:000]                : Rank 20 is running on comet-13-37.sdsc.edu
[ -1:000]                : Rank 31 is running on comet-13-37.sdsc.edu
[ -1:000]                : Rank 25 is running on comet-13-37.sdsc.edu
[ -1:000]                : Rank 21 is running on comet-13-37.sdsc.edu
[ 20:001] init_pprintf   : My dest: 21	My source: 19	My_num_part: 510
[ -1:000]                : Rank 17 is running on comet-13-37.sdsc.edu
[ 21:001] init_pprintf   : My dest: 22	My source: 20	My_num_part: 510
[ 25:001] init_pprintf   : My dest: 26	My source: 24	My_num_part: 510
[ -1:000]                : Rank 19 is running on comet-13-37.sdsc.edu
[ 31:001] init_pprintf   : My dest: 0	My source: 30	My_num_part: 510
[ -1:000]                : Rank 18 is running on comet-13-37.sdsc.edu
[ 17:001] init_pprintf   : My dest: 18	My source: 16	My_num_part: 510
[ 19:001] init_pprintf   : My dest: 20	My source: 18	My_num_part: 510
[ -1:000]                : Rank 22 is running on comet-13-37.sdsc.edu
[ -1:000]                : Rank 16 is running on comet-13-37.sdsc.edu
[ 18:001] init_pprintf   : My dest: 19	My source: 17	My_num_part: 510
[ -1:000]                : Rank 23 is running on comet-13-37.sdsc.edu
[ 22:001] init_pprintf   : My dest: 23	My source: 21	My_num_part: 510
[ -1:000]                : Rank 26 is running on comet-13-37.sdsc.edu
[ 16:001] init_pprintf   : My dest: 17	My source: 15	My_num_part: 510
[ -1:000]                : Rank 29 is running on comet-13-37.sdsc.edu
[ 23:001] init_pprintf   : My dest: 24	My source: 22	My_num_part: 510
[ 26:001] init_pprintf   : My dest: 27	My source: 25	My_num_part: 510
[ -1:000]                : Rank 27 is running on comet-13-37.sdsc.edu
[ 29:001] init_pprintf   : My dest: 30	My source: 28	My_num_part: 510
[ -1:000]                : Rank 30 is running on comet-13-37.sdsc.edu
[ 27:001] init_pprintf   : My dest: 28	My source: 26	My_num_part: 510
[ -1:000]                : Rank 24 is running on comet-13-37.sdsc.edu
[ 30:001] init_pprintf   : My dest: 31	My source: 29	My_num_part: 510
[ -1:000]                : Rank 28 is running on comet-13-37.sdsc.edu
[ 24:001] init_pprintf   : My dest: 25	My source: 23	My_num_part: 510
[ 28:001] init_pprintf   : My dest: 29	My source: 27	My_num_part: 510
Initalizing particles linear on 12750 to 13260
Initalizing particles linear on 9690 to 10200
Initalizing particles linear on 15810 to 16320
Initalizing particles linear on 11220 to 11730
Initalizing particles linear on 14790 to 15300
Initalizing particles linear on 13770 to 14280
Initalizing particles linear on 11730 to 12240
Initalizing particles linear on 10200 to 10710
Initalizing particles linear on 14280 to 14790
Initalizing particles linear on 15300 to 15810
Initalizing particles linear on 12240 to 12750
Initalizing particles linear on 8670 to 9180
Initalizing particles linear on 13260 to 13770
Initalizing particles linear on 10710 to 11220
Initalizing particles linear on 8160 to 8670
Initalizing particles linear on 9180 to 9690
Iteration 0:	0.1130449772 seconds	0.0000000000 seconds
Iteration 0:	0.1130399704 seconds	0.0000000000 seconds
Iteration 0:	0.1130380630 seconds	0.0000000000 seconds
Iteration 0:	0.1130378246 seconds	0.0000000000 seconds
Iteration 0:	0.1130452156 seconds	0.0000000000 seconds
Iteration 0:	0.1590571404 seconds	0.0000000000 seconds
Iteration 0:	0.1590280533 seconds	0.0000009537 seconds
Iteration 0:	0.1590580940 seconds	0.0000000000 seconds
Iteration 0:	0.1590328217 seconds	0.0000000000 seconds
Iteration 0:	0.1590878963 seconds	0.0000000000 seconds
Iteration 0:	0.1590468884 seconds	0.0000000000 seconds
Iteration 0:	0.1590909958 seconds	0.0000000000 seconds
Iteration 0:	0.1591069698 seconds	0.0000000000 seconds
Iteration 0:	0.1590869427 seconds	0.0000000000 seconds
Iteration 0:	0.1590631008 seconds	0.0000000000 seconds
Iteration 0:	0.1590349674 seconds	0.0000000000 seconds
Iteration 0:	0.1590728760 seconds	0.0000000000 seconds
Iteration 0:	0.1131241322 seconds	0.0000000000 seconds
Iteration 0:	0.1131308079 seconds	0.0000000000 seconds
Iteration 0:	0.1131339073 seconds	0.0000000000 seconds
Iteration 0:	0.1131498814 seconds	0.0000000000 seconds
Iteration 0:	0.1131680012 seconds	0.0000000000 seconds
Iteration 0:	0.1131689548 seconds	0.0000000000 seconds
Iteration 0:	0.1131608486 seconds	0.0000000000 seconds
Iteration 0:	0.1131739616 seconds	0.0000009537 seconds
Iteration 0:	0.1131899357 seconds	0.0000000000 seconds
Iteration 0:	0.1131930351 seconds	0.0000000000 seconds
Iteration 0:	0.1131858826 seconds	0.0000000000 seconds
Iteration 0:	0.1593630314 seconds	0.0000000000 seconds
Iteration 0:	0.1593470573 seconds	0.0000000000 seconds
Iteration 0:	0.1593720913 seconds	0.0000000000 seconds
Iteration 0:	0.1593351364 seconds	0.0000000000 seconds
Iteration 1:	0.1228358746 seconds	0.0000000000 seconds
Iteration 1:	0.1228380203 seconds	0.0000000000 seconds
Iteration 1:	0.1228568554 seconds	0.0000000000 seconds
Iteration 1:	0.1228520870 seconds	0.0000009537 seconds
Iteration 1:	0.1228442192 seconds	0.0000000000 seconds
Iteration 1:	0.1228981018 seconds	0.0000000000 seconds
Iteration 1:	0.1228871346 seconds	0.0000000000 seconds
Iteration 1:	0.1228859425 seconds	0.0000000000 seconds
Iteration 1:	0.1228561401 seconds	0.0000000000 seconds
Iteration 1:	0.1228871346 seconds	0.0000000000 seconds
Iteration 1:	0.1228740215 seconds	0.0000000000 seconds
Iteration 1:	0.1228609085 seconds	0.0000000000 seconds
Iteration 1:	0.1226148605 seconds	0.0000000000 seconds
Iteration 1:	0.1225638390 seconds	0.0000000000 seconds
Iteration 1:	0.1225891113 seconds	0.0000000000 seconds
Iteration 1:	0.1225650311 seconds	0.0000000000 seconds
Iteration 1:	0.1228170395 seconds	0.0000000000 seconds
Iteration 1:	0.1228158474 seconds	0.0000000000 seconds
Iteration 1:	0.1228260994 seconds	0.0000000000 seconds
Iteration 1:	0.1228370667 seconds	0.0000000000 seconds
Iteration 1:	0.1228179932 seconds	0.0000000000 seconds
Iteration 1:	0.1228239536 seconds	0.0000000000 seconds
Iteration 1:	0.1228320599 seconds	0.0000000000 seconds
Iteration 1:	0.1228241920 seconds	0.0000000000 seconds
Iteration 1:	0.1228191853 seconds	0.0000000000 seconds
Iteration 1:	0.1228230000 seconds	0.0000011921 seconds
Iteration 1:	0.1229760647 seconds	0.0000000000 seconds
Iteration 1:	0.1228320599 seconds	0.0000000000 seconds
Iteration 1:	0.1229760647 seconds	0.0000009537 seconds
Iteration 1:	0.1229841709 seconds	0.0000000000 seconds
Iteration 1:	0.1229910851 seconds	0.0000000000 seconds
Iteration 1:	0.1229879856 seconds	0.0000009537 seconds
Iteration 2:	0.1266448498 seconds	0.0000000000 seconds
Iteration 2:	0.1266539097 seconds	0.0000000000 seconds
Iteration 2:	0.1266620159 seconds	0.0000009537 seconds
Iteration 2:	0.1266801357 seconds	0.0000000000 seconds
Iteration 2:	0.1266648769 seconds	0.0000000000 seconds
Iteration 2:	0.1266679764 seconds	0.0000000000 seconds
Iteration 2:	0.1266829967 seconds	0.0000000000 seconds
Iteration 2:	0.1266820431 seconds	0.0000000000 seconds
Iteration 2:	0.1266720295 seconds	0.0000000000 seconds
Iteration 2:	0.1267001629 seconds	0.0000000000 seconds
Iteration 2:	0.1267051697 seconds	0.0000000000 seconds
Iteration 2:	0.1266942024 seconds	0.0000000000 seconds
Iteration 2:	0.1266570091 seconds	0.0000000000 seconds
Iteration 2:	0.1266660690 seconds	0.0000000000 seconds
Iteration 2:	0.1266620159 seconds	0.0000000000 seconds
Iteration 2:	0.1267158985 seconds	0.0000000000 seconds
Iteration 2:	0.1267170906 seconds	0.0000000000 seconds
Iteration 2:	0.1267220974 seconds	0.0000000000 seconds
Iteration 2:	0.1267268658 seconds	0.0000000000 seconds
Iteration 2:	0.1266791821 seconds	0.0000000000 seconds
Iteration 2:	0.1267049313 seconds	0.0000000000 seconds
Iteration 2:	0.1266551018 seconds	0.0000009537 seconds
Iteration 2:	0.1266670227 seconds	0.0000000000 seconds
Iteration 2:	0.1266729832 seconds	0.0000000000 seconds
Iteration 2:	0.1266829967 seconds	0.0000000000 seconds
Iteration 2:	0.1266629696 seconds	0.0000000000 seconds
Iteration 2:	0.1266660690 seconds	0.0000000000 seconds
Iteration 2:	0.1266858578 seconds	0.0000000000 seconds
Iteration 2:	0.1266968250 seconds	0.0000000000 seconds
Iteration 2:	0.1267089844 seconds	0.0000000000 seconds
Iteration 2:	0.1267287731 seconds	0.0000000000 seconds
Iteration 2:	0.1267228127 seconds	0.0000000000 seconds
Iteration 3:	0.0682790279 seconds	0.0000009537 seconds
Iteration 3:	0.0682880878 seconds	0.0000000000 seconds
Iteration 3:	0.0683200359 seconds	0.0000000000 seconds
Iteration 3:	0.0682988167 seconds	0.0000000000 seconds
Iteration 3:	0.0683150291 seconds	0.0000000000 seconds
Iteration 3:	0.0682790279 seconds	0.0000000000 seconds
Iteration 3:	0.0682811737 seconds	0.0000000000 seconds
Iteration 3:	0.0683109760 seconds	0.0000000000 seconds
Iteration 3:	0.0682799816 seconds	0.0000000000 seconds
Iteration 3:	0.0683040619 seconds	0.0000000000 seconds
Iteration 3:	0.0683109760 seconds	0.0000000000 seconds
Iteration 3:	0.0682530403 seconds	0.0000000000 seconds
Iteration 3:	0.0682539940 seconds	0.0000000000 seconds
Iteration 3:	0.0682609081 seconds	0.0000000000 seconds
Iteration 3:	0.0683138371 seconds	0.0000000000 seconds
Iteration 3:	0.0682580471 seconds	0.0000000000 seconds
Iteration 3:	0.0681738853 seconds	0.0000000000 seconds
Iteration 3:	0.0683507919 seconds	0.0000000000 seconds
Iteration 3:	0.0682830811 seconds	0.0000000000 seconds
Iteration 3:	0.0683438778 seconds	0.0000000000 seconds
Iteration 3:	0.0682969093 seconds	0.0000000000 seconds
Iteration 3:	0.0682539940 seconds	0.0000009537 seconds
Iteration 3:	0.0682759285 seconds	0.0000000000 seconds
Iteration 3:	0.0682988167 seconds	0.0000000000 seconds
Iteration 3:	0.0682010651 seconds	0.0000000000 seconds
Iteration 3:	0.0682480335 seconds	0.0000000000 seconds
Iteration 3:	0.0683071613 seconds	0.0000000000 seconds
Iteration 3:	0.0682990551 seconds	0.0000000000 seconds
Iteration 3:	0.0683009624 seconds	0.0000000000 seconds
Iteration 3:	0.0681970119 seconds	0.0000000000 seconds
Iteration 3:	0.0683028698 seconds	0.0000000000 seconds
Iteration 3:	0.0683000088 seconds	0.0000000000 seconds
Iteration 4:	0.0670201778 seconds	0.0000000000 seconds
Iteration 4:	0.0670139790 seconds	0.0000000000 seconds
Iteration 4:	0.0670180321 seconds	0.0000000000 seconds
Iteration 4:	0.0670220852 seconds	0.0000000000 seconds
Iteration 4:	0.0670218468 seconds	0.0000000000 seconds
Iteration 4:	0.0670270920 seconds	0.0000000000 seconds
Iteration 4:	0.0670230389 seconds	0.0000000000 seconds
Iteration 4:	0.0670211315 seconds	0.0000000000 seconds
Iteration 4:	0.0670070648 seconds	0.0000000000 seconds
Iteration 4:	0.0670080185 seconds	0.0000000000 seconds
Iteration 4:	0.0670061111 seconds	0.0000000000 seconds
Iteration 4:	0.0670509338 seconds	0.0000000000 seconds
Iteration 4:	0.0670502186 seconds	0.0000000000 seconds
Iteration 4:	0.0670478344 seconds	0.0000000000 seconds
Iteration 4:	0.0670478344 seconds	0.0000000000 seconds
Iteration 4:	0.0670490265 seconds	0.0000000000 seconds
Iteration 4:	0.0670499802 seconds	0.0000000000 seconds
Iteration 4:	0.0670161247 seconds	0.0000000000 seconds
Iteration 4:	0.0670261383 seconds	0.0000000000 seconds
Iteration 4:	0.0670120716 seconds	0.0000000000 seconds
Iteration 4:	0.0670120716 seconds	0.0000000000 seconds
Iteration 4:	0.0670228004 seconds	0.0000000000 seconds
Iteration 4:	0.0670127869 seconds	0.0000000000 seconds
Iteration 4:	0.0670170784 seconds	0.0000000000 seconds
Iteration 4:	0.0670158863 seconds	0.0000000000 seconds
Iteration 4:	0.0670139790 seconds	0.0000000000 seconds
Iteration 4:	0.0670170784 seconds	0.0000000000 seconds
Iteration 4:	0.0670139790 seconds	0.0000000000 seconds
Iteration 4:	0.0670158863 seconds	0.0000000000 seconds
Iteration 4:	0.0670158863 seconds	0.0000000000 seconds
Iteration 4:	0.0670149326 seconds	0.0000000000 seconds
Iteration 4:	0.0670149326 seconds	0.0000000000 seconds
Iteration 5:	0.0505950451 seconds	0.0000000000 seconds
Iteration 5:	0.0505940914 seconds	0.0000000000 seconds
Iteration 5:	0.0505988598 seconds	0.0000000000 seconds
Iteration 5:	0.0506010056 seconds	0.0000000000 seconds
Iteration 5:	0.0506088734 seconds	0.0000000000 seconds
Iteration 5:	0.0506649017 seconds	0.0000000000 seconds
Iteration 5:	0.0506689548 seconds	0.0000000000 seconds
Iteration 5:	0.0506680012 seconds	0.0000000000 seconds
Iteration 5:	0.0506689548 seconds	0.0000000000 seconds
Iteration 5:	0.0506680012 seconds	0.0000000000 seconds
Iteration 5:	0.0506639481 seconds	0.0000000000 seconds
Iteration 5:	0.0506660938 seconds	0.0000000000 seconds
Iteration 5:	0.0506620407 seconds	0.0000000000 seconds
Iteration 5:	0.0506618023 seconds	0.0000000000 seconds
Iteration 5:	0.0506629944 seconds	0.0000000000 seconds
Iteration 5:	0.0506620407 seconds	0.0000000000 seconds
Iteration 5:	0.0506279469 seconds	0.0000000000 seconds
Iteration 5:	0.0506379604 seconds	0.0000000000 seconds
Iteration 5:	0.0506439209 seconds	0.0000000000 seconds
Iteration 5:	0.0506410599 seconds	0.0000000000 seconds
Iteration 5:	0.0506398678 seconds	0.0000000000 seconds
Iteration 5:	0.0506350994 seconds	0.0000000000 seconds
Iteration 5:	0.0508160591 seconds	0.0000000000 seconds
Iteration 5:	0.0508191586 seconds	0.0000000000 seconds
Iteration 5:	0.0508220196 seconds	0.0000000000 seconds
Iteration 5:	0.0508358479 seconds	0.0000011921 seconds
Iteration 5:	0.0508329868 seconds	0.0000000000 seconds
Iteration 5:	0.0508480072 seconds	0.0000000000 seconds
Iteration 5:	0.0508499146 seconds	0.0000000000 seconds
Iteration 5:	0.0508670807 seconds	0.0000000000 seconds
Iteration 5:	0.0508630276 seconds	0.0000000000 seconds
Iteration 5:	0.0508599281 seconds	0.0000000000 seconds
Iteration 6:	0.0503480434 seconds	0.0000000000 seconds
Iteration 6:	0.0503518581 seconds	0.0000000000 seconds
Iteration 6:	0.0503461361 seconds	0.0000000000 seconds
Iteration 6:	0.0503401756 seconds	0.0000000000 seconds
Iteration 6:	0.0503370762 seconds	0.0000000000 seconds
Iteration 6:	0.0503399372 seconds	0.0000000000 seconds
Iteration 6:	0.0503389835 seconds	0.0000000000 seconds
Iteration 6:	0.0503301620 seconds	0.0000000000 seconds
Iteration 6:	0.0503299236 seconds	0.0000000000 seconds
Iteration 6:	0.0503370762 seconds	0.0000000000 seconds
Iteration 6:	0.0503268242 seconds	0.0000000000 seconds
Iteration 6:	0.0503299236 seconds	0.0000009537 seconds
Iteration 6:	0.0503299236 seconds	0.0000000000 seconds
Iteration 6:	0.0503289700 seconds	0.0000000000 seconds
Iteration 6:	0.0503320694 seconds	0.0000000000 seconds
Iteration 6:	0.0503320694 seconds	0.0000000000 seconds
Iteration 6:	0.0503230095 seconds	0.0000000000 seconds
Iteration 6:	0.0503242016 seconds	0.0000000000 seconds
Iteration 6:	0.0501110554 seconds	0.0000000000 seconds
Iteration 6:	0.0503320694 seconds	0.0000000000 seconds
Iteration 6:	0.0503380299 seconds	0.0000000000 seconds
Iteration 6:	0.0503358841 seconds	0.0000011921 seconds
Iteration 6:	0.0503509045 seconds	0.0000000000 seconds
Iteration 6:	0.0501599312 seconds	0.0000000000 seconds
Iteration 6:	0.0501620770 seconds	0.0000000000 seconds
Iteration 6:	0.0501599312 seconds	0.0000000000 seconds
Iteration 6:	0.0501611233 seconds	0.0000000000 seconds
Iteration 6:	0.0501449108 seconds	0.0000011921 seconds
Iteration 6:	0.0501611233 seconds	0.0000000000 seconds
Iteration 6:	0.0501289368 seconds	0.0000000000 seconds
Iteration 6:	0.0501408577 seconds	0.0000000000 seconds
Iteration 6:	0.0501289368 seconds	0.0000000000 seconds
Iteration 7:	0.0454878807 seconds	0.0000000000 seconds
Iteration 7:	0.0454919338 seconds	0.0000000000 seconds
Iteration 7:	0.0454900265 seconds	0.0000000000 seconds
Iteration 7:	0.0454921722 seconds	0.0000000000 seconds
Iteration 7:	0.0454900265 seconds	0.0000000000 seconds
Iteration 7:	0.0454621315 seconds	0.0000000000 seconds
Iteration 7:	0.0454840660 seconds	0.0000000000 seconds
Iteration 7:	0.0454821587 seconds	0.0000000000 seconds
Iteration 7:	0.0454750061 seconds	0.0000000000 seconds
Iteration 7:	0.0454759598 seconds	0.0000000000 seconds
Iteration 7:	0.0454709530 seconds	0.0000000000 seconds
Iteration 7:	0.0454750061 seconds	0.0000000000 seconds
Iteration 7:	0.0454778671 seconds	0.0000000000 seconds
Iteration 7:	0.0454719067 seconds	0.0000000000 seconds
Iteration 7:	0.0454859734 seconds	0.0000000000 seconds
Iteration 7:	0.0454690456 seconds	0.0000000000 seconds
Iteration 7:	0.0454349518 seconds	0.0000000000 seconds
Iteration 7:	0.0454599857 seconds	0.0000000000 seconds
Iteration 7:	0.0454380512 seconds	0.0000000000 seconds
Iteration 7:	0.0454518795 seconds	0.0000000000 seconds
Iteration 7:	0.0454719067 seconds	0.0000000000 seconds
Iteration 7:	0.0454761982 seconds	0.0000000000 seconds
Iteration 7:	0.0454630852 seconds	0.0000009537 seconds
Iteration 7:	0.0454559326 seconds	0.0000000000 seconds
Iteration 7:	0.0454680920 seconds	0.0000000000 seconds
Iteration 7:	0.0454590321 seconds	0.0000000000 seconds
Iteration 7:	0.0454671383 seconds	0.0000000000 seconds
Iteration 7:	0.0454699993 seconds	0.0000000000 seconds
Iteration 7:	0.0454568863 seconds	0.0000000000 seconds
Iteration 7:	0.0454559326 seconds	0.0000000000 seconds
Iteration 7:	0.0454590321 seconds	0.0000000000 seconds
Iteration 7:	0.0454719067 seconds	0.0000000000 seconds
Iteration 8:	0.0453839302 seconds	0.0000000000 seconds
Iteration 8:	0.0454070568 seconds	0.0000000000 seconds
Iteration 8:	0.0454049110 seconds	0.0000000000 seconds
Iteration 8:	0.0454070568 seconds	0.0000000000 seconds
Iteration 8:	0.0454070568 seconds	0.0000000000 seconds
Iteration 8:	0.0454008579 seconds	0.0000000000 seconds
Iteration 8:	0.0454049110 seconds	0.0000009537 seconds
Iteration 8:	0.0453917980 seconds	0.0000000000 seconds
Iteration 8:	0.0453951359 seconds	0.0000000000 seconds
Iteration 8:	0.0454030037 seconds	0.0000000000 seconds
Iteration 8:	0.0454001427 seconds	0.0000000000 seconds
Iteration 8:	0.0453999043 seconds	0.0000000000 seconds
Iteration 8:	0.0454010963 seconds	0.0000000000 seconds
Iteration 8:	0.0454010963 seconds	0.0000000000 seconds
Iteration 8:	0.0454051495 seconds	0.0000009537 seconds
Iteration 8:	0.0454020500 seconds	0.0000000000 seconds
Iteration 8:	0.0453679562 seconds	0.0000000000 seconds
Iteration 8:	0.0453758240 seconds	0.0000000000 seconds
Iteration 8:	0.0453629494 seconds	0.0000000000 seconds
Iteration 8:	0.0453760624 seconds	0.0000000000 seconds
Iteration 8:	0.0453760624 seconds	0.0000000000 seconds
Iteration 8:	0.0453829765 seconds	0.0000000000 seconds
Iteration 8:	0.0453841686 seconds	0.0000000000 seconds
Iteration 8:	0.0453870296 seconds	0.0000000000 seconds
Iteration 8:	0.0453989506 seconds	0.0000009537 seconds
Iteration 8:	0.0453951359 seconds	0.0000000000 seconds
Iteration 8:	0.0453920364 seconds	0.0000000000 seconds
Iteration 8:	0.0453958511 seconds	0.0000000000 seconds
Iteration 8:	0.0454330444 seconds	0.0000000000 seconds
Iteration 8:	0.0454630852 seconds	0.0000000000 seconds
Iteration 8:	0.0454587936 seconds	0.0000000000 seconds
Iteration 8:	0.0454628468 seconds	0.0000000000 seconds
Iteration 9:	0.0434849262 seconds	0.0000000000 seconds
Iteration 9:	0.0434870720 seconds	0.0000000000 seconds
Iteration 9:	0.0434868336 seconds	0.0000000000 seconds
Iteration 9:	0.0434889793 seconds	0.0000000000 seconds
Iteration 9:	0.0434868336 seconds	0.0000000000 seconds
Iteration 9:	0.0434911251 seconds	0.0000000000 seconds
Iteration 9:	0.0434811115 seconds	0.0000000000 seconds
Iteration 9:	0.0434820652 seconds	0.0000000000 seconds
Iteration 9:	0.0434899330 seconds	0.0000000000 seconds
Iteration 9:	0.0434839725 seconds	0.0000000000 seconds
Iteration 9:	0.0434899330 seconds	0.0000000000 seconds
Iteration 9:	0.0434870720 seconds	0.0000000000 seconds
Iteration 9:	0.0434861183 seconds	0.0000000000 seconds
Iteration 9:	0.0434908867 seconds	0.0000000000 seconds
Iteration 9:	0.0434930325 seconds	0.0000000000 seconds
Iteration 9:	0.0435190201 seconds	0.0000000000 seconds
Iteration 9:	0.0435209274 seconds	0.0000000000 seconds
Iteration 9:	0.0434539318 seconds	0.0000000000 seconds
Iteration 9:	0.0435278416 seconds	0.0000000000 seconds
Iteration 9:	0.0435290337 seconds	0.0000000000 seconds
Iteration 9:	0.0435309410 seconds	0.0000000000 seconds
Iteration 9:	0.0435290337 seconds	0.0000000000 seconds
Iteration 9:	0.0435299873 seconds	0.0000000000 seconds
Iteration 9:	0.0435180664 seconds	0.0000000000 seconds
Iteration 9:	0.0435211658 seconds	0.0000000000 seconds
Iteration 9:	0.0435221195 seconds	0.0000000000 seconds
Iteration 9:	0.0434830189 seconds	0.0000000000 seconds
Iteration 9:	0.0434770584 seconds	0.0000000000 seconds
Iteration 9:	0.0435340405 seconds	0.0000000000 seconds
Iteration 9:	0.0435290337 seconds	0.0000000000 seconds
Iteration 9:	0.0434758663 seconds	0.0000000000 seconds
Iteration 9:	0.0435318947 seconds	0.0000000000 seconds
Iteration 10:	0.0433630943 seconds	0.0000000000 seconds
Iteration 10:	0.0433678627 seconds	0.0000000000 seconds
Iteration 10:	0.0433709621 seconds	0.0000000000 seconds
Iteration 10:	0.0433738232 seconds	0.0000000000 seconds
Iteration 10:	0.0433809757 seconds	0.0000000000 seconds
Iteration 10:	0.0433819294 seconds	0.0000000000 seconds
Iteration 10:	0.0433828831 seconds	0.0000000000 seconds
Iteration 10:	0.0433840752 seconds	0.0000000000 seconds
Iteration 10:	0.0433840752 seconds	0.0000000000 seconds
Iteration 10:	0.0433869362 seconds	0.0000000000 seconds
Iteration 10:	0.0433888435 seconds	0.0000000000 seconds
Iteration 10:	0.0433940887 seconds	0.0000000000 seconds
Iteration 10:	0.0433971882 seconds	0.0000000000 seconds
Iteration 10:	0.0433940887 seconds	0.0000000000 seconds
Iteration 10:	0.0434081554 seconds	0.0000000000 seconds
Iteration 10:	0.0434191227 seconds	0.0000000000 seconds
Iteration 10:	0.0433390141 seconds	0.0000000000 seconds
Iteration 10:	0.0433979034 seconds	0.0000000000 seconds
Iteration 10:	0.0433950424 seconds	0.0000000000 seconds
Iteration 10:	0.0434188843 seconds	0.0000000000 seconds
Iteration 10:	0.0433931351 seconds	0.0000000000 seconds
Iteration 10:	0.0433971882 seconds	0.0000000000 seconds
Iteration 10:	0.0434188843 seconds	0.0000000000 seconds
Iteration 10:	0.0434110165 seconds	0.0000000000 seconds
Iteration 10:	0.0433979034 seconds	0.0000000000 seconds
Iteration 10:	0.0434029102 seconds	0.0000000000 seconds
Iteration 10:	0.0434169769 seconds	0.0000000000 seconds
Iteration 10:	0.0434129238 seconds	0.0000000000 seconds
Iteration 10:	0.0434000492 seconds	0.0000000000 seconds
Iteration 10:	0.0434019566 seconds	0.0000000000 seconds
Iteration 10:	0.0434029102 seconds	0.0000000000 seconds
Iteration 10:	0.0434010029 seconds	0.0000000000 seconds
Iteration 11:	0.0425858498 seconds	0.0000000000 seconds
Iteration 11:	0.0425820351 seconds	0.0000000000 seconds
Iteration 11:	0.0425779819 seconds	0.0000000000 seconds
Iteration 11:	0.0425820351 seconds	0.0000000000 seconds
Iteration 11:	0.0425868034 seconds	0.0000000000 seconds
Iteration 11:	0.0425899029 seconds	0.0000000000 seconds
Iteration 11:	0.0425899029 seconds	0.0000000000 seconds
Iteration 11:	0.0425910950 seconds	0.0000000000 seconds
Iteration 11:	0.0425930023 seconds	0.0000000000 seconds
Iteration 11:	0.0425910950 seconds	0.0000000000 seconds
Iteration 11:	0.0425920486 seconds	0.0000000000 seconds
Iteration 11:	0.0425848961 seconds	0.0000000000 seconds
Iteration 11:	0.0425851345 seconds	0.0000000000 seconds
Iteration 11:	0.0425951481 seconds	0.0000000000 seconds
Iteration 11:	0.0425839424 seconds	0.0000000000 seconds
Iteration 11:	0.0425758362 seconds	0.0000000000 seconds
Iteration 11:	0.0425868034 seconds	0.0000000000 seconds
Iteration 11:	0.0425701141 seconds	0.0000000000 seconds
Iteration 11:	0.0425670147 seconds	0.0000000000 seconds
Iteration 11:	0.0425651073 seconds	0.0000000000 seconds
Iteration 11:	0.0425770283 seconds	0.0000000000 seconds
Iteration 11:	0.0425720215 seconds	0.0000000000 seconds
Iteration 11:	0.0425839424 seconds	0.0000000000 seconds
Iteration 11:	0.0425851345 seconds	0.0000000000 seconds
Iteration 11:	0.0425829887 seconds	0.0000000000 seconds
Iteration 11:	0.0425789356 seconds	0.0000000000 seconds
Iteration 11:	0.0425889492 seconds	0.0000000000 seconds
Iteration 11:	0.0425798893 seconds	0.0000000000 seconds
Iteration 11:	0.0425829887 seconds	0.0000000000 seconds
Iteration 11:	0.0425879955 seconds	0.0000000000 seconds
Iteration 11:	0.0425820351 seconds	0.0000000000 seconds
Iteration 11:	0.0425820351 seconds	0.0000000000 seconds
Iteration 12:	0.0424900055 seconds	0.0000000000 seconds
Iteration 12:	0.0424900055 seconds	0.0000000000 seconds
Iteration 12:	0.0424878597 seconds	0.0000000000 seconds
Iteration 12:	0.0424811840 seconds	0.0000000000 seconds
Iteration 12:	0.0424640179 seconds	0.0000000000 seconds
Iteration 12:	0.0424690247 seconds	0.0000000000 seconds
Iteration 12:	0.0424609184 seconds	0.0000000000 seconds
Iteration 12:	0.0424602032 seconds	0.0000000000 seconds
Iteration 12:	0.0424580574 seconds	0.0000000000 seconds
Iteration 12:	0.0424571037 seconds	0.0000000000 seconds
Iteration 12:	0.0424580574 seconds	0.0000000000 seconds
Iteration 12:	0.0424590111 seconds	0.0000000000 seconds
Iteration 12:	0.0424480438 seconds	0.0000000000 seconds
Iteration 12:	0.0424609184 seconds	0.0000000000 seconds
Iteration 12:	0.0424470901 seconds	0.0000000000 seconds
Iteration 12:	0.0424458981 seconds	0.0000000000 seconds
Iteration 12:	0.0424449444 seconds	0.0000000000 seconds
Iteration 12:	0.0424509048 seconds	0.0000000000 seconds
Iteration 12:	0.0424489975 seconds	0.0000000000 seconds
Iteration 12:	0.0424489975 seconds	0.0000000000 seconds
Iteration 12:	0.0424499512 seconds	0.0000000000 seconds
Iteration 12:	0.0424509048 seconds	0.0000000000 seconds
Iteration 12:	0.0424408913 seconds	0.0000000000 seconds
Iteration 12:	0.0424439907 seconds	0.0000000000 seconds
Iteration 12:	0.0424489975 seconds	0.0000009537 seconds
Iteration 12:	0.0425400734 seconds	0.0000000000 seconds
Iteration 12:	0.0425400734 seconds	0.0000000000 seconds
Iteration 12:	0.0425479412 seconds	0.0000000000 seconds
Iteration 12:	0.0425469875 seconds	0.0000000000 seconds
Iteration 12:	0.0426270962 seconds	0.0000000000 seconds
Iteration 12:	0.0425510406 seconds	0.0000000000 seconds
Iteration 12:	0.0425500870 seconds	0.0000000000 seconds
Iteration 13:	0.0421509743 seconds	0.0000000000 seconds
Iteration 13:	0.0421631336 seconds	0.0000000000 seconds
Iteration 13:	0.0421640873 seconds	0.0000009537 seconds
Iteration 13:	0.0421671867 seconds	0.0000000000 seconds
Iteration 13:	0.0421688557 seconds	0.0000000000 seconds
Iteration 13:	0.0421710014 seconds	0.0000000000 seconds
Iteration 13:	0.0421719551 seconds	0.0000000000 seconds
Iteration 13:	0.0421741009 seconds	0.0000000000 seconds
Iteration 13:	0.0421719551 seconds	0.0000000000 seconds
Iteration 13:	0.0421750546 seconds	0.0000000000 seconds
Iteration 13:	0.0421769619 seconds	0.0000000000 seconds
Iteration 13:	0.0421781540 seconds	0.0000000000 seconds
Iteration 13:	0.0421769619 seconds	0.0000000000 seconds
Iteration 13:	0.0421741009 seconds	0.0000009537 seconds
Iteration 13:	0.0421750546 seconds	0.0000000000 seconds
Iteration 13:	0.0421760082 seconds	0.0000000000 seconds
Iteration 13:	0.0420300961 seconds	0.0000000000 seconds
Iteration 13:	0.0421788692 seconds	0.0000000000 seconds
Iteration 13:	0.0421838760 seconds	0.0000000000 seconds
Iteration 13:	0.0420708656 seconds	0.0000000000 seconds
Iteration 13:	0.0420660973 seconds	0.0000000000 seconds
Iteration 13:	0.0421888828 seconds	0.0000000000 seconds
Iteration 13:	0.0420739651 seconds	0.0000000000 seconds
Iteration 13:	0.0420680046 seconds	0.0000000000 seconds
Iteration 13:	0.0420820713 seconds	0.0000000000 seconds
Iteration 13:	0.0421829224 seconds	0.0000000000 seconds
Iteration 13:	0.0421819687 seconds	0.0000000000 seconds
Iteration 13:	0.0421819687 seconds	0.0000000000 seconds
Iteration 13:	0.0421881676 seconds	0.0000000000 seconds
Iteration 13:	0.0420830250 seconds	0.0000000000 seconds
Iteration 13:	0.0421888828 seconds	0.0000000000 seconds
Iteration 13:	0.0421831608 seconds	0.0000000000 seconds
Iteration 14:	0.0420548916 seconds	0.0000000000 seconds
Iteration 14:	0.0420501232 seconds	0.0000000000 seconds
Iteration 14:	0.0420517921 seconds	0.0000000000 seconds
Iteration 14:	0.0420510769 seconds	0.0000000000 seconds
Iteration 14:	0.0420529842 seconds	0.0000000000 seconds
Iteration 14:	0.0420510769 seconds	0.0000000000 seconds
Iteration 14:	0.0420529842 seconds	0.0000000000 seconds
Iteration 14:	0.0420501232 seconds	0.0000000000 seconds
Iteration 14:	0.0420510769 seconds	0.0000000000 seconds
Iteration 14:	0.0420539379 seconds	0.0000000000 seconds
Iteration 14:	0.0420510769 seconds	0.0000000000 seconds
Iteration 14:	0.0420479774 seconds	0.0000000000 seconds
Iteration 14:	0.0420410633 seconds	0.0000000000 seconds
Iteration 14:	0.0420458317 seconds	0.0000000000 seconds
Iteration 14:	0.0420491695 seconds	0.0000000000 seconds
Iteration 14:	0.0420479774 seconds	0.0000000000 seconds
Iteration 14:	0.0420379639 seconds	0.0000000000 seconds
Iteration 14:	0.0420348644 seconds	0.0000000000 seconds
Iteration 14:	0.0420348644 seconds	0.0000000000 seconds
Iteration 14:	0.0420281887 seconds	0.0000000000 seconds
Iteration 14:	0.0420360565 seconds	0.0000000000 seconds
Iteration 14:	0.0420320034 seconds	0.0000000000 seconds
Iteration 14:	0.0420370102 seconds	0.0000000000 seconds
Iteration 14:	0.0420401096 seconds	0.0000000000 seconds
Iteration 14:	0.0420391560 seconds	0.0000000000 seconds
Iteration 14:	0.0420410633 seconds	0.0000000000 seconds
Iteration 14:	0.0420389175 seconds	0.0000000000 seconds
Iteration 14:	0.0420410633 seconds	0.0000000000 seconds
Iteration 14:	0.0420498848 seconds	0.0000000000 seconds
Iteration 14:	0.0420479774 seconds	0.0000000000 seconds
Iteration 14:	0.0420548916 seconds	0.0000000000 seconds
Iteration 14:	0.0420498848 seconds	0.0000000000 seconds
Iteration 15:	0.0417900085 seconds	0.0000000000 seconds
Iteration 15:	0.0417940617 seconds	0.0000000000 seconds
Iteration 15:	0.0417919159 seconds	0.0000000000 seconds
Iteration 15:	0.0417921543 seconds	0.0000000000 seconds
Iteration 15:	0.0417890549 seconds	0.0000000000 seconds
Iteration 15:	0.0417900085 seconds	0.0000000000 seconds
Iteration 15:	0.0417919159 seconds	0.0000000000 seconds
Iteration 15:	0.0417950153 seconds	0.0000000000 seconds
Iteration 15:	0.0417990685 seconds	0.0000000000 seconds
Iteration 15:	0.0417990685 seconds	0.0000000000 seconds
Iteration 15:	0.0417978764 seconds	0.0000000000 seconds
Iteration 15:	0.0418078899 seconds	0.0000000000 seconds
Iteration 15:	0.0418159962 seconds	0.0000000000 seconds
Iteration 15:	0.0418150425 seconds	0.0000000000 seconds
Iteration 15:	0.0418181419 seconds	0.0000000000 seconds
Iteration 15:	0.0418200493 seconds	0.0000000000 seconds
Iteration 15:	0.0417881012 seconds	0.0000009537 seconds
Iteration 15:	0.0418219566 seconds	0.0000000000 seconds
Iteration 15:	0.0418219566 seconds	0.0000000000 seconds
Iteration 15:	0.0418131351 seconds	0.0000000000 seconds
Iteration 15:	0.0418190956 seconds	0.0000000000 seconds
Iteration 15:	0.0418090820 seconds	0.0000000000 seconds
Iteration 15:	0.0418210030 seconds	0.0000000000 seconds
Iteration 15:	0.0418188572 seconds	0.0000000000 seconds
Iteration 15:	0.0418100357 seconds	0.0000000000 seconds
Iteration 15:	0.0418171883 seconds	0.0000000000 seconds
Iteration 15:	0.0418221951 seconds	0.0000009537 seconds
Iteration 15:	0.0418159962 seconds	0.0000000000 seconds
Iteration 15:	0.0418169498 seconds	0.0000000000 seconds
Iteration 15:	0.0418159962 seconds	0.0000000000 seconds
Iteration 15:	0.0418188572 seconds	0.0000000000 seconds
Iteration 15:	0.0418179035 seconds	0.0000000000 seconds
Iteration 16:	0.0417990685 seconds	0.0000000000 seconds
Iteration 16:	0.0417931080 seconds	0.0000000000 seconds
Iteration 16:	0.0417959690 seconds	0.0000000000 seconds
Iteration 16:	0.0417819023 seconds	0.0000000000 seconds
Iteration 16:	0.0417809486 seconds	0.0000000000 seconds
Iteration 16:	0.0417950153 seconds	0.0000000000 seconds
Iteration 16:	0.0417809486 seconds	0.0000000000 seconds
Iteration 16:	0.0417859554 seconds	0.0000000000 seconds
Iteration 16:	0.0417799950 seconds	0.0000000000 seconds
Iteration 16:	0.0417869091 seconds	0.0000000000 seconds
Iteration 16:	0.0418839455 seconds	0.0000000000 seconds
Iteration 16:	0.0418977737 seconds	0.0000000000 seconds
Iteration 16:	0.0418951511 seconds	0.0000000000 seconds
Iteration 16:	0.0418870449 seconds	0.0000000000 seconds
Iteration 16:	0.0419788361 seconds	0.0000009537 seconds
Iteration 16:	0.0419728756 seconds	0.0000000000 seconds
Iteration 16:	0.0419700146 seconds	0.0000000000 seconds
Iteration 16:	0.0419740677 seconds	0.0000000000 seconds
Iteration 16:	0.0419759750 seconds	0.0000000000 seconds
Iteration 16:	0.0418970585 seconds	0.0000000000 seconds
Iteration 16:	0.0418939590 seconds	0.0000000000 seconds
Iteration 16:	0.0419740677 seconds	0.0000000000 seconds
Iteration 16:	0.0419719219 seconds	0.0000000000 seconds
Iteration 16:	0.0419740677 seconds	0.0000000000 seconds
Iteration 16:	0.0419750214 seconds	0.0000000000 seconds
Iteration 16:	0.0419650078 seconds	0.0000000000 seconds
Iteration 16:	0.0419681072 seconds	0.0000000000 seconds
Iteration 16:	0.0419569016 seconds	0.0000000000 seconds
Iteration 16:	0.0419659615 seconds	0.0000000000 seconds
Iteration 16:	0.0419478416 seconds	0.0000000000 seconds
Iteration 16:	0.0419538021 seconds	0.0000000000 seconds
Iteration 16:	0.0419571400 seconds	0.0000000000 seconds
Iteration 17:	0.0416359901 seconds	0.0000000000 seconds
Iteration 17:	0.0417819023 seconds	0.0000000000 seconds
Iteration 17:	0.0416319370 seconds	0.0000000000 seconds
Iteration 17:	0.0416350365 seconds	0.0000000000 seconds
Iteration 17:	0.0416338444 seconds	0.0000000000 seconds
Iteration 17:	0.0416319370 seconds	0.0000000000 seconds
Iteration 17:	0.0416209698 seconds	0.0000000000 seconds
Iteration 17:	0.0416309834 seconds	0.0000000000 seconds
Iteration 17:	0.0416288376 seconds	0.0000000000 seconds
Iteration 17:	0.0416281223 seconds	0.0000000000 seconds
Iteration 17:	0.0416209698 seconds	0.0000000000 seconds
Iteration 17:	0.0416269302 seconds	0.0000000000 seconds
Iteration 17:	0.0416240692 seconds	0.0000000000 seconds
Iteration 17:	0.0416259766 seconds	0.0000000000 seconds
Iteration 17:	0.0416281223 seconds	0.0000000000 seconds
Iteration 17:	0.0416240692 seconds	0.0000000000 seconds
Iteration 17:	0.0416190624 seconds	0.0000000000 seconds
Iteration 17:	0.0416891575 seconds	0.0000000000 seconds
Iteration 17:	0.0416729450 seconds	0.0000000000 seconds
Iteration 17:	0.0417888165 seconds	0.0000000000 seconds
Iteration 17:	0.0417859554 seconds	0.0000000000 seconds
Iteration 17:	0.0416698456 seconds	0.0000000000 seconds
Iteration 17:	0.0417869091 seconds	0.0000000000 seconds
Iteration 17:	0.0417859554 seconds	0.0000000000 seconds
Iteration 17:	0.0416779518 seconds	0.0000000000 seconds
Iteration 17:	0.0417869091 seconds	0.0000000000 seconds
Iteration 17:	0.0416889191 seconds	0.0000000000 seconds
Iteration 17:	0.0417909622 seconds	0.0000000000 seconds
Iteration 17:	0.0417859554 seconds	0.0000000000 seconds
Iteration 17:	0.0416691303 seconds	0.0000000000 seconds
Iteration 17:	0.0417890549 seconds	0.0000009537 seconds
Iteration 17:	0.0417881012 seconds	0.0000000000 seconds
Iteration 18:	0.0416269302 seconds	0.0000000000 seconds
Iteration 18:	0.0416300297 seconds	0.0000000000 seconds
Iteration 18:	0.0416319370 seconds	0.0000000000 seconds
Iteration 18:	0.0416371822 seconds	0.0000000000 seconds
Iteration 18:	0.0416419506 seconds	0.0000000000 seconds
Iteration 18:	0.0416431427 seconds	0.0000000000 seconds
Iteration 18:	0.0416510105 seconds	0.0000000000 seconds
Iteration 18:	0.0416560173 seconds	0.0000000000 seconds
Iteration 18:	0.0416660309 seconds	0.0000000000 seconds
Iteration 18:	0.0416657925 seconds	0.0000000000 seconds
Iteration 18:	0.0416707993 seconds	0.0000000000 seconds
Iteration 18:	0.0416760445 seconds	0.0000000000 seconds
Iteration 18:	0.0416820049 seconds	0.0000009537 seconds
Iteration 18:	0.0416820049 seconds	0.0000000000 seconds
Iteration 18:	0.0416879654 seconds	0.0000000000 seconds
Iteration 18:	0.0416879654 seconds	0.0000000000 seconds
Iteration 18:	0.0416162014 seconds	0.0000000000 seconds
Iteration 18:	0.0416519642 seconds	0.0000000000 seconds
Iteration 18:	0.0416519642 seconds	0.0000000000 seconds
Iteration 18:	0.0416500568 seconds	0.0000000000 seconds
Iteration 18:	0.0416548252 seconds	0.0000000000 seconds
Iteration 18:	0.0416719913 seconds	0.0000000000 seconds
Iteration 18:	0.0416591167 seconds	0.0000000000 seconds
Iteration 18:	0.0416629314 seconds	0.0000000000 seconds
Iteration 18:	0.0416738987 seconds	0.0000000000 seconds
Iteration 18:	0.0416698456 seconds	0.0000000000 seconds
Iteration 18:	0.0416808128 seconds	0.0000000000 seconds
Iteration 18:	0.0416650772 seconds	0.0000000000 seconds
Iteration 18:	0.0416650772 seconds	0.0000000000 seconds
Iteration 18:	0.0416650772 seconds	0.0000000000 seconds
Iteration 18:	0.0416738987 seconds	0.0000000000 seconds
Iteration 18:	0.0416669846 seconds	0.0000000000 seconds
Iteration 19:	0.0415511131 seconds	0.0000000000 seconds
Iteration 19:	0.0415551662 seconds	0.0000000000 seconds
Iteration 19:	0.0415561199 seconds	0.0000000000 seconds
Iteration 19:	0.0415630341 seconds	0.0000000000 seconds
Iteration 19:	0.0415520668 seconds	0.0000000000 seconds
Iteration 19:	0.0415561199 seconds	0.0000000000 seconds
Iteration 19:	0.0415589809 seconds	0.0000000000 seconds
Iteration 19:	0.0415568352 seconds	0.0000000000 seconds
Iteration 19:	0.0415499210 seconds	0.0000000000 seconds
Iteration 19:	0.0415551662 seconds	0.0000000000 seconds
Iteration 19:	0.0415568352 seconds	0.0000000000 seconds
Iteration 19:	0.0415511131 seconds	0.0000000000 seconds
Iteration 19:	0.0415599346 seconds	0.0000000000 seconds
Iteration 19:	0.0415568352 seconds	0.0000000000 seconds
Iteration 19:	0.0415620804 seconds	0.0000009537 seconds
Iteration 19:	0.0415680408 seconds	0.0000000000 seconds
Iteration 19:	0.0415740013 seconds	0.0000009537 seconds
Iteration 19:	0.0415821075 seconds	0.0000000000 seconds
Iteration 19:	0.0415799618 seconds	0.0000000000 seconds
Iteration 19:	0.0415730476 seconds	0.0000000000 seconds
Iteration 19:	0.0415880680 seconds	0.0000000000 seconds
Iteration 19:	0.0415740013 seconds	0.0000000000 seconds
Iteration 19:	0.0415768623 seconds	0.0000000000 seconds
Iteration 19:	0.0415790081 seconds	0.0000000000 seconds
Iteration 19:	0.0415751934 seconds	0.0000000000 seconds
Iteration 19:	0.0415840149 seconds	0.0000009537 seconds
Iteration 19:	0.0415821075 seconds	0.0000000000 seconds
Iteration 19:	0.0415809155 seconds	0.0000000000 seconds
Iteration 19:	0.0415771008 seconds	0.0000000000 seconds
Iteration 19:	0.0415771008 seconds	0.0000000000 seconds
Iteration 19:	0.0415780544 seconds	0.0000000000 seconds
Iteration 19:	0.0415771008 seconds	0.0000000000 seconds
Iteration 20:	0.0415282249 seconds	0.0000000000 seconds
Iteration 20:	0.0415201187 seconds	0.0000000000 seconds
Iteration 20:	0.0415110588 seconds	0.0000000000 seconds
Iteration 20:	0.0415098667 seconds	0.0000000000 seconds
Iteration 20:	0.0415089130 seconds	0.0000009537 seconds
Iteration 20:	0.0415060520 seconds	0.0000000000 seconds
Iteration 20:	0.0415048599 seconds	0.0000000000 seconds
Iteration 20:	0.0415060520 seconds	0.0000000000 seconds
Iteration 20:	0.0415070057 seconds	0.0000000000 seconds
Iteration 20:	0.0415029526 seconds	0.0000000000 seconds
Iteration 20:	0.0415019989 seconds	0.0000000000 seconds
Iteration 20:	0.0414919853 seconds	0.0000000000 seconds
Iteration 20:	0.0414988995 seconds	0.0000000000 seconds
Iteration 20:	0.0414838791 seconds	0.0000000000 seconds
Iteration 20:	0.0414779186 seconds	0.0000000000 seconds
Iteration 20:	0.0414829254 seconds	0.0000000000 seconds
Iteration 20:	0.0415580273 seconds	0.0000000000 seconds
Iteration 20:	0.0414750576 seconds	0.0000000000 seconds
Iteration 20:	0.0414741039 seconds	0.0000000000 seconds
Iteration 20:	0.0414779186 seconds	0.0000000000 seconds
Iteration 20:	0.0414831638 seconds	0.0000000000 seconds
Iteration 20:	0.0415031910 seconds	0.0000000000 seconds
Iteration 20:	0.0414860249 seconds	0.0000000000 seconds
Iteration 20:	0.0414929390 seconds	0.0000011921 seconds
Iteration 20:	0.0415039062 seconds	0.0000000000 seconds
Iteration 20:	0.0414919853 seconds	0.0000000000 seconds
Iteration 20:	0.0414898396 seconds	0.0000000000 seconds
Iteration 20:	0.0414919853 seconds	0.0000000000 seconds
Iteration 20:	0.0414910316 seconds	0.0000000000 seconds
Iteration 20:	0.0414860249 seconds	0.0000000000 seconds
Iteration 20:	0.0414929390 seconds	0.0000000000 seconds
Iteration 20:	0.0414960384 seconds	0.0000000000 seconds
Iteration 21:	0.0414450169 seconds	0.0000000000 seconds
Iteration 21:	0.0414471626 seconds	0.0000000000 seconds
Iteration 21:	0.0414500237 seconds	0.0000000000 seconds
Iteration 21:	0.0414500237 seconds	0.0000000000 seconds
Iteration 21:	0.0414519310 seconds	0.0000000000 seconds
Iteration 21:	0.0414528847 seconds	0.0000000000 seconds
Iteration 21:	0.0414459705 seconds	0.0000000000 seconds
Iteration 21:	0.0414450169 seconds	0.0000000000 seconds
Iteration 21:	0.0414459705 seconds	0.0000000000 seconds
Iteration 21:	0.0414440632 seconds	0.0000000000 seconds
Iteration 21:	0.0414459705 seconds	0.0000000000 seconds
Iteration 21:	0.0414488316 seconds	0.0000000000 seconds
Iteration 21:	0.0414521694 seconds	0.0000000000 seconds
Iteration 21:	0.0414509773 seconds	0.0000000000 seconds
Iteration 21:	0.0414488316 seconds	0.0000000000 seconds
Iteration 21:	0.0414531231 seconds	0.0000000000 seconds
Iteration 21:	0.0414140224 seconds	0.0000000000 seconds
Iteration 21:	0.0414528847 seconds	0.0000000000 seconds
Iteration 21:	0.0414540768 seconds	0.0000000000 seconds
Iteration 21:	0.0414490700 seconds	0.0000000000 seconds
Iteration 21:	0.0414421558 seconds	0.0000000000 seconds
Iteration 21:	0.0414490700 seconds	0.0000000000 seconds
Iteration 21:	0.0414490700 seconds	0.0000000000 seconds
Iteration 21:	0.0414519310 seconds	0.0000000000 seconds
Iteration 21:	0.0414531231 seconds	0.0000000000 seconds
Iteration 21:	0.0414550304 seconds	0.0000000000 seconds
Iteration 21:	0.0414521694 seconds	0.0000000000 seconds
Iteration 21:	0.0414550304 seconds	0.0000000000 seconds
Iteration 21:	0.0414459705 seconds	0.0000000000 seconds
Iteration 21:	0.0414509773 seconds	0.0000000000 seconds
Iteration 21:	0.0414559841 seconds	0.0000000000 seconds
Iteration 21:	0.0414540768 seconds	0.0000000000 seconds
Iteration 22:	0.0414218903 seconds	0.0000000000 seconds
Iteration 22:	0.0414288044 seconds	0.0000000000 seconds
Iteration 22:	0.0414280891 seconds	0.0000000000 seconds
Iteration 22:	0.0414268970 seconds	0.0000000000 seconds
Iteration 22:	0.0414288044 seconds	0.0000000000 seconds
Iteration 22:	0.0414280891 seconds	0.0000000000 seconds
Iteration 22:	0.0414249897 seconds	0.0000000000 seconds
Iteration 22:	0.0414259434 seconds	0.0000000000 seconds
Iteration 22:	0.0414209366 seconds	0.0000000000 seconds
Iteration 22:	0.0414190292 seconds	0.0000000000 seconds
Iteration 22:	0.0414249897 seconds	0.0000000000 seconds
Iteration 22:	0.0414209366 seconds	0.0000000000 seconds
Iteration 22:	0.0414211750 seconds	0.0000000000 seconds
Iteration 22:	0.0414299965 seconds	0.0000000000 seconds
Iteration 22:	0.0414271355 seconds	0.0000000000 seconds
Iteration 22:	0.0414109230 seconds	0.0000000000 seconds
Iteration 22:	0.0414340496 seconds	0.0000000000 seconds
Iteration 22:	0.0414218903 seconds	0.0000000000 seconds
Iteration 22:	0.0414240360 seconds	0.0000000000 seconds
Iteration 22:	0.0414259434 seconds	0.0000000000 seconds
Iteration 22:	0.0414259434 seconds	0.0000000000 seconds
Iteration 22:	0.0414268970 seconds	0.0000000000 seconds
Iteration 22:	0.0414268970 seconds	0.0000000000 seconds
Iteration 22:	0.0414221287 seconds	0.0000000000 seconds
Iteration 22:	0.0414218903 seconds	0.0000000000 seconds
Iteration 22:	0.0414230824 seconds	0.0000000000 seconds
Iteration 22:	0.0414288044 seconds	0.0000000000 seconds
Iteration 22:	0.0414237976 seconds	0.0000011921 seconds
Iteration 22:	0.0414240360 seconds	0.0000000000 seconds
Iteration 22:	0.0414240360 seconds	0.0000000000 seconds
Iteration 22:	0.0414240360 seconds	0.0000000000 seconds
Iteration 22:	0.0414228439 seconds	0.0000000000 seconds
Iteration 23:	0.0414369106 seconds	0.0000000000 seconds
Iteration 23:	0.0414299965 seconds	0.0000000000 seconds
Iteration 23:	0.0414240360 seconds	0.0000009537 seconds
Iteration 23:	0.0414259434 seconds	0.0000000000 seconds
Iteration 23:	0.0414328575 seconds	0.0000000000 seconds
Iteration 23:	0.0414340496 seconds	0.0000000000 seconds
Iteration 23:	0.0414371490 seconds	0.0000000000 seconds
Iteration 23:	0.0414369106 seconds	0.0000000000 seconds
Iteration 23:	0.0414369106 seconds	0.0000000000 seconds
Iteration 23:	0.0414390564 seconds	0.0000000000 seconds
Iteration 23:	0.0414400101 seconds	0.0000000000 seconds
Iteration 23:	0.0414350033 seconds	0.0000000000 seconds
Iteration 23:	0.0414330959 seconds	0.0000000000 seconds
Iteration 23:	0.0414350033 seconds	0.0000000000 seconds
Iteration 23:	0.0414271355 seconds	0.0000000000 seconds
Iteration 23:	0.0414252281 seconds	0.0000000000 seconds
Iteration 23:	0.0414249897 seconds	0.0000000000 seconds
Iteration 23:	0.0414321423 seconds	0.0000000000 seconds
Iteration 23:	0.0414359570 seconds	0.0000000000 seconds
Iteration 23:	0.0414319038 seconds	0.0000000000 seconds
Iteration 23:	0.0414371490 seconds	0.0000000000 seconds
Iteration 23:	0.0414350033 seconds	0.0000000000 seconds
Iteration 23:	0.0414340496 seconds	0.0000000000 seconds
Iteration 23:	0.0414369106 seconds	0.0000000000 seconds
Iteration 23:	0.0414400101 seconds	0.0000000000 seconds
Iteration 23:	0.0414409637 seconds	0.0000000000 seconds
Iteration 23:	0.0414388180 seconds	0.0000000000 seconds
Iteration 23:	0.0414428711 seconds	0.0000000000 seconds
Iteration 23:	0.0414459705 seconds	0.0000000000 seconds
Iteration 23:	0.0414400101 seconds	0.0000000000 seconds
Iteration 23:	0.0414481163 seconds	0.0000000000 seconds
Iteration 23:	0.0414471626 seconds	0.0000000000 seconds
Iteration 24:	0.0414569378 seconds	0.0000000000 seconds
Iteration 24:	0.0414569378 seconds	0.0000000000 seconds
Iteration 24:	0.0414538383 seconds	0.0000000000 seconds
Iteration 24:	0.0414488316 seconds	0.0000000000 seconds
Iteration 24:	0.0414440632 seconds	0.0000000000 seconds
Iteration 24:	0.0414481163 seconds	0.0000000000 seconds
Iteration 24:	0.0414409637 seconds	0.0000000000 seconds
Iteration 24:	0.0414569378 seconds	0.0000000000 seconds
Iteration 24:	0.0414590836 seconds	0.0000000000 seconds
Iteration 24:	0.0414581299 seconds	0.0000000000 seconds
Iteration 24:	0.0414578915 seconds	0.0000000000 seconds
Iteration 24:	0.0414559841 seconds	0.0000000000 seconds
Iteration 24:	0.0414519310 seconds	0.0000000000 seconds
Iteration 24:	0.0414490700 seconds	0.0000009537 seconds
Iteration 24:	0.0414469242 seconds	0.0000000000 seconds
Iteration 24:	0.0414569378 seconds	0.0000000000 seconds
Iteration 24:	0.0414578915 seconds	0.0000000000 seconds
Iteration 24:	0.0414159298 seconds	0.0000000000 seconds
Iteration 24:	0.0414152145 seconds	0.0000000000 seconds
Iteration 24:	0.0414168835 seconds	0.0000000000 seconds
Iteration 24:	0.0414450169 seconds	0.0000000000 seconds
Iteration 24:	0.0414438248 seconds	0.0000000000 seconds
Iteration 24:	0.0414180756 seconds	0.0000000000 seconds
Iteration 24:	0.0414450169 seconds	0.0000000000 seconds
Iteration 24:	0.0414159298 seconds	0.0000000000 seconds
Iteration 24:	0.0414209366 seconds	0.0000000000 seconds
Iteration 24:	0.0414240360 seconds	0.0000000000 seconds
Iteration 24:	0.0414450169 seconds	0.0000000000 seconds
Iteration 24:	0.0414421558 seconds	0.0000000000 seconds
Iteration 24:	0.0414230824 seconds	0.0000000000 seconds
Iteration 24:	0.0414171219 seconds	0.0000000000 seconds
Iteration 24:	0.0414249897 seconds	0.0000011921 seconds
Iteration 25:	0.0413959026 seconds	0.0000000000 seconds
Iteration 25:	0.0413689613 seconds	0.0000000000 seconds
Iteration 25:	0.0413680077 seconds	0.0000000000 seconds
Iteration 25:	0.0413670540 seconds	0.0000000000 seconds
Iteration 25:	0.0414140224 seconds	0.0000000000 seconds
Iteration 25:	0.0414159298 seconds	0.0000000000 seconds
Iteration 25:	0.0414581299 seconds	0.0000000000 seconds
Iteration 25:	0.0414619446 seconds	0.0000000000 seconds
Iteration 25:	0.0413661003 seconds	0.0000000000 seconds
Iteration 25:	0.0413680077 seconds	0.0000000000 seconds
Iteration 25:	0.0414009094 seconds	0.0000000000 seconds
Iteration 25:	0.0413970947 seconds	0.0000000000 seconds
Iteration 25:	0.0413939953 seconds	0.0000000000 seconds
Iteration 25:	0.0413839817 seconds	0.0000000000 seconds
Iteration 25:	0.0413858891 seconds	0.0000000000 seconds
Iteration 25:	0.0413842201 seconds	0.0000000000 seconds
Iteration 25:	0.0413849354 seconds	0.0000000000 seconds
Iteration 25:	0.0413839817 seconds	0.0000000000 seconds
Iteration 25:	0.0413911343 seconds	0.0000000000 seconds
Iteration 25:	0.0413830280 seconds	0.0000000000 seconds
Iteration 25:	0.0414929390 seconds	0.0000000000 seconds
Iteration 25:	0.0415000916 seconds	0.0000000000 seconds
Iteration 25:	0.0415000916 seconds	0.0000000000 seconds
Iteration 25:	0.0414848328 seconds	0.0000000000 seconds
Iteration 25:	0.0414810181 seconds	0.0000000000 seconds
Iteration 25:	0.0414609909 seconds	0.0000000000 seconds
Iteration 25:	0.0414810181 seconds	0.0000000000 seconds
Iteration 25:	0.0414798260 seconds	0.0000000000 seconds
Iteration 25:	0.0414810181 seconds	0.0000000000 seconds
Iteration 25:	0.0414819717 seconds	0.0000000000 seconds
Iteration 25:	0.0414931774 seconds	0.0000000000 seconds
Iteration 25:	0.0414910316 seconds	0.0000000000 seconds
Iteration 26:	0.0412740707 seconds	0.0000000000 seconds
Iteration 26:	0.0413370132 seconds	0.0000000000 seconds
Iteration 26:	0.0413849354 seconds	0.0000000000 seconds
Iteration 26:	0.0413889885 seconds	0.0000009537 seconds
Iteration 26:	0.0413429737 seconds	0.0000000000 seconds
Iteration 26:	0.0412929058 seconds	0.0000000000 seconds
Iteration 26:	0.0413031578 seconds	0.0000000000 seconds
Iteration 26:	0.0412960052 seconds	0.0000000000 seconds
Iteration 26:	0.0412960052 seconds	0.0000000000 seconds
Iteration 26:	0.0412969589 seconds	0.0000000000 seconds
Iteration 26:	0.0412950516 seconds	0.0000000000 seconds
Iteration 26:	0.0412950516 seconds	0.0000000000 seconds
Iteration 26:	0.0412931442 seconds	0.0000000000 seconds
Iteration 26:	0.0412950516 seconds	0.0000000000 seconds
Iteration 26:	0.0412831306 seconds	0.0000000000 seconds
Iteration 26:	0.0412812233 seconds	0.0000000000 seconds
Iteration 26:	0.0413689613 seconds	0.0000000000 seconds
Iteration 26:	0.0413680077 seconds	0.0000000000 seconds
Iteration 26:	0.0413680077 seconds	0.0000011921 seconds
Iteration 26:	0.0415470600 seconds	0.0000000000 seconds
Iteration 26:	0.0415439606 seconds	0.0000000000 seconds
Iteration 26:	0.0415580273 seconds	0.0000000000 seconds
Iteration 26:	0.0415561199 seconds	0.0000000000 seconds
Iteration 26:	0.0415558815 seconds	0.0000000000 seconds
Iteration 26:	0.0415999889 seconds	0.0000000000 seconds
Iteration 26:	0.0415530205 seconds	0.0000000000 seconds
Iteration 26:	0.0415551662 seconds	0.0000000000 seconds
Iteration 26:	0.0415508747 seconds	0.0000009537 seconds
Iteration 26:	0.0415527821 seconds	0.0000000000 seconds
Iteration 26:	0.0415580273 seconds	0.0000000000 seconds
Iteration 26:	0.0415630341 seconds	0.0000000000 seconds
Iteration 26:	0.0415608883 seconds	0.0000000000 seconds
Iteration 27:	0.0414478779 seconds	0.0000000000 seconds
Iteration 27:	0.0414488316 seconds	0.0000000000 seconds
Iteration 27:	0.0414550304 seconds	0.0000000000 seconds
Iteration 27:	0.0414600372 seconds	0.0000000000 seconds
Iteration 27:	0.0414621830 seconds	0.0000000000 seconds
Iteration 27:	0.0414628983 seconds	0.0000000000 seconds
Iteration 27:	0.0414700508 seconds	0.0000000000 seconds
Iteration 27:	0.0414760113 seconds	0.0000000000 seconds
Iteration 27:	0.0414760113 seconds	0.0000000000 seconds
Iteration 27:	0.0414819717 seconds	0.0000000000 seconds
Iteration 27:	0.0414810181 seconds	0.0000000000 seconds
Iteration 27:	0.0414900780 seconds	0.0000000000 seconds
Iteration 27:	0.0414907932 seconds	0.0000000000 seconds
Iteration 27:	0.0415248871 seconds	0.0000000000 seconds
Iteration 27:	0.0414969921 seconds	0.0000000000 seconds
Iteration 27:	0.0414969921 seconds	0.0000000000 seconds
Iteration 27:	0.0412909985 seconds	0.0000000000 seconds
Iteration 27:	0.0415289402 seconds	0.0000000000 seconds
Iteration 27:	0.0415279865 seconds	0.0000000000 seconds
Iteration 27:	0.0415289402 seconds	0.0000000000 seconds
Iteration 27:	0.0413451195 seconds	0.0000000000 seconds
Iteration 27:	0.0413470268 seconds	0.0000000000 seconds
Iteration 27:	0.0413360596 seconds	0.0000000000 seconds
Iteration 27:	0.0413341522 seconds	0.0000000000 seconds
Iteration 27:	0.0413329601 seconds	0.0000009537 seconds
Iteration 27:	0.0413320065 seconds	0.0000000000 seconds
Iteration 27:	0.0413339138 seconds	0.0000000000 seconds
Iteration 27:	0.0413329601 seconds	0.0000000000 seconds
Iteration 27:	0.0413360596 seconds	0.0000000000 seconds
Iteration 27:	0.0413360596 seconds	0.0000000000 seconds
Iteration 27:	0.0413329601 seconds	0.0000000000 seconds
Iteration 27:	0.0413329601 seconds	0.0000000000 seconds
Iteration 28:	0.0412671566 seconds	0.0000000000 seconds
Iteration 28:	0.0413110256 seconds	0.0000000000 seconds
Iteration 28:	0.0413110256 seconds	0.0000000000 seconds
Iteration 28:	0.0413081646 seconds	0.0000000000 seconds
Iteration 28:	0.0413110256 seconds	0.0000000000 seconds
Iteration 28:	0.0413110256 seconds	0.0000000000 seconds
Iteration 28:	0.0413060188 seconds	0.0000000000 seconds
Iteration 28:	0.0413088799 seconds	0.0000000000 seconds
Iteration 28:	0.0413048267 seconds	0.0000000000 seconds
Iteration 28:	0.0413150787 seconds	0.0000000000 seconds
Iteration 28:	0.0413081646 seconds	0.0000000000 seconds
Iteration 28:	0.0413091183 seconds	0.0000000000 seconds
Iteration 28:	0.0413019657 seconds	0.0000000000 seconds
Iteration 28:	0.0413060188 seconds	0.0000000000 seconds
Iteration 28:	0.0413038731 seconds	0.0000000000 seconds
Iteration 28:	0.0413050652 seconds	0.0000000000 seconds
Iteration 28:	0.0413110256 seconds	0.0000000000 seconds
Iteration 28:	0.0413088799 seconds	0.0000000000 seconds
Iteration 28:	0.0413119793 seconds	0.0000000000 seconds
Iteration 28:	0.0413172245 seconds	0.0000000000 seconds
Iteration 28:	0.0413200855 seconds	0.0000000000 seconds
Iteration 28:	0.0413198471 seconds	0.0000000000 seconds
Iteration 28:	0.0413200855 seconds	0.0000000000 seconds
Iteration 28:	0.0413119793 seconds	0.0000000000 seconds
Iteration 28:	0.0413081646 seconds	0.0000000000 seconds
Iteration 28:	0.0413119793 seconds	0.0000000000 seconds
Iteration 28:	0.0413188934 seconds	0.0000000000 seconds
Iteration 28:	0.0413210392 seconds	0.0000000000 seconds
Iteration 28:	0.0413131714 seconds	0.0000000000 seconds
Iteration 28:	0.0413129330 seconds	0.0000009537 seconds
Iteration 28:	0.0413157940 seconds	0.0000000000 seconds
Iteration 28:	0.0413157940 seconds	0.0000000000 seconds
Iteration 29:	0.0413031578 seconds	0.0000000000 seconds
Iteration 29:	0.0413038731 seconds	0.0000000000 seconds
Iteration 29:	0.0413048267 seconds	0.0000009537 seconds
Iteration 29:	0.0413041115 seconds	0.0000000000 seconds
Iteration 29:	0.0413031578 seconds	0.0000000000 seconds
Iteration 29:	0.0413060188 seconds	0.0000000000 seconds
Iteration 29:	0.0412981510 seconds	0.0000000000 seconds
Iteration 29:	0.0413019657 seconds	0.0000000000 seconds
Iteration 29:	0.0412981510 seconds	0.0000000000 seconds
Iteration 29:	0.0413010120 seconds	0.0000000000 seconds
Iteration 29:	0.0413010120 seconds	0.0000000000 seconds
Iteration 29:	0.0413041115 seconds	0.0000000000 seconds
Iteration 29:	0.0413050652 seconds	0.0000000000 seconds
Iteration 29:	0.0413041115 seconds	0.0000000000 seconds
Iteration 29:	0.0413031578 seconds	0.0000000000 seconds
Iteration 29:	0.0412991047 seconds	0.0000000000 seconds
Iteration 29:	0.0413098335 seconds	0.0000000000 seconds
Iteration 29:	0.0412979126 seconds	0.0000000000 seconds
Iteration 29:	0.0412988663 seconds	0.0000011921 seconds
Iteration 29:	0.0412900448 seconds	0.0000000000 seconds
Iteration 29:	0.0412900448 seconds	0.0000000000 seconds
Iteration 29:	0.0412940979 seconds	0.0000009537 seconds
Iteration 29:	0.0412869453 seconds	0.0000000000 seconds
Iteration 29:	0.0412831306 seconds	0.0000000000 seconds
Iteration 29:	0.0412909985 seconds	0.0000000000 seconds
Iteration 29:	0.0412940979 seconds	0.0000000000 seconds
Iteration 29:	0.0413019657 seconds	0.0000000000 seconds
Iteration 29:	0.0413010120 seconds	0.0000000000 seconds
Iteration 29:	0.0413000584 seconds	0.0000000000 seconds
Iteration 29:	0.0412981510 seconds	0.0000000000 seconds
Iteration 29:	0.0412979126 seconds	0.0000000000 seconds
Iteration 29:	0.0412979126 seconds	0.0000000000 seconds
Iteration 30:	0.0412719250 seconds	0.0000000000 seconds
Iteration 30:	0.0412738323 seconds	0.0000000000 seconds
Iteration 30:	0.0412721634 seconds	0.0000000000 seconds
Iteration 30:	0.0412712097 seconds	0.0000000000 seconds
Iteration 30:	0.0412750244 seconds	0.0000000000 seconds
Iteration 30:	0.0412709713 seconds	0.0000000000 seconds
Iteration 30:	0.0412781239 seconds	0.0000000000 seconds
Iteration 30:	0.0412750244 seconds	0.0000000000 seconds
Iteration 30:	0.0412769318 seconds	0.0000000000 seconds
Iteration 30:	0.0412740707 seconds	0.0000000000 seconds
Iteration 30:	0.0412740707 seconds	0.0000000000 seconds
Iteration 30:	0.0412750244 seconds	0.0000000000 seconds
Iteration 30:	0.0412700176 seconds	0.0000000000 seconds
Iteration 30:	0.0412709713 seconds	0.0000000000 seconds
Iteration 30:	0.0412719250 seconds	0.0000000000 seconds
Iteration 30:	0.0412721634 seconds	0.0000000000 seconds
Iteration 30:	0.0412719250 seconds	0.0000000000 seconds
Iteration 30:	0.0412769318 seconds	0.0000000000 seconds
Iteration 30:	0.0412700176 seconds	0.0000000000 seconds
Iteration 30:	0.0412709713 seconds	0.0000000000 seconds
Iteration 30:	0.0412740707 seconds	0.0000000000 seconds
Iteration 30:	0.0412740707 seconds	0.0000000000 seconds
Iteration 30:	0.0412700176 seconds	0.0000000000 seconds
Iteration 30:	0.0412688255 seconds	0.0000000000 seconds
Iteration 30:	0.0412759781 seconds	0.0000000000 seconds
Iteration 30:	0.0412731171 seconds	0.0000000000 seconds
Iteration 30:	0.0412709713 seconds	0.0000000000 seconds
Iteration 30:	0.0412709713 seconds	0.0000000000 seconds
Iteration 30:	0.0412709713 seconds	0.0000000000 seconds
Iteration 30:	0.0412700176 seconds	0.0000000000 seconds
Iteration 30:	0.0412709713 seconds	0.0000000000 seconds
Iteration 30:	0.0412719250 seconds	0.0000000000 seconds
Iteration 31:	0.0412709713 seconds	0.0000000000 seconds
Iteration 31:	0.0412740707 seconds	0.0000000000 seconds
Iteration 31:	0.0412731171 seconds	0.0000000000 seconds
Iteration 31:	0.0412788391 seconds	0.0000000000 seconds
Iteration 31:	0.0412740707 seconds	0.0000000000 seconds
Iteration 31:	0.0412790775 seconds	0.0000000000 seconds
Iteration 31:	0.0412709713 seconds	0.0000000000 seconds
Iteration 31:	0.0412821770 seconds	0.0000000000 seconds
Iteration 31:	0.0412809849 seconds	0.0000000000 seconds
Iteration 31:	0.0412828922 seconds	0.0000000000 seconds
Iteration 31:	0.0412859917 seconds	0.0000000000 seconds
Iteration 31:	0.0412809849 seconds	0.0000000000 seconds
Iteration 31:	0.0412859917 seconds	0.0000000000 seconds
Iteration 31:	0.0412809849 seconds	0.0000000000 seconds
Iteration 31:	0.0412819386 seconds	0.0000000000 seconds
Iteration 31:	0.0412840843 seconds	0.0000000000 seconds
Iteration 31:	0.0412681103 seconds	0.0000000000 seconds
Iteration 31:	0.0412759781 seconds	0.0000000000 seconds
Iteration 31:	0.0412769318 seconds	0.0000000000 seconds
Iteration 31:	0.0412769318 seconds	0.0000000000 seconds
Iteration 31:	0.0412831306 seconds	0.0000000000 seconds
Iteration 31:	0.0412790775 seconds	0.0000000000 seconds
Iteration 31:	0.0412859917 seconds	0.0000000000 seconds
Iteration 31:	0.0412840843 seconds	0.0000000000 seconds
Iteration 31:	0.0412859917 seconds	0.0000000000 seconds
Iteration 31:	0.0412850380 seconds	0.0000000000 seconds
Iteration 31:	0.0412838459 seconds	0.0000000000 seconds
Iteration 31:	0.0412869453 seconds	0.0000000000 seconds
Iteration 31:	0.0412850380 seconds	0.0000000000 seconds
Iteration 31:	0.0412881374 seconds	0.0000000000 seconds
Iteration 31:	0.0412847996 seconds	0.0000000000 seconds
Iteration 31:	0.0412838459 seconds	0.0000000000 seconds
Iteration 32:	0.0412600040 seconds	0.0000000000 seconds
Iteration 32:	0.0412650108 seconds	0.0000000000 seconds
Iteration 32:	0.0412638187 seconds	0.0000000000 seconds
Iteration 32:	0.0412650108 seconds	0.0000000000 seconds
Iteration 32:	0.0412600040 seconds	0.0000000000 seconds
Iteration 32:	0.0412621498 seconds	0.0000000000 seconds
Iteration 32:	0.0412549973 seconds	0.0000000000 seconds
Iteration 32:	0.0412480831 seconds	0.0000000000 seconds
Iteration 32:	0.0412559509 seconds	0.0000000000 seconds
Iteration 32:	0.0412480831 seconds	0.0000000000 seconds
Iteration 32:	0.0412449837 seconds	0.0000000000 seconds
Iteration 32:	0.0412490368 seconds	0.0000000000 seconds
Iteration 32:	0.0412530899 seconds	0.0000000000 seconds
Iteration 32:	0.0412480831 seconds	0.0000000000 seconds
Iteration 32:	0.0412490368 seconds	0.0000000000 seconds
Iteration 32:	0.0412480831 seconds	0.0000000000 seconds
Iteration 32:	0.0412480831 seconds	0.0000000000 seconds
Iteration 32:	0.0412540436 seconds	0.0000000000 seconds
Iteration 32:	0.0412530899 seconds	0.0000000000 seconds
Iteration 32:	0.0412509441 seconds	0.0000000000 seconds
Iteration 32:	0.0412549973 seconds	0.0000000000 seconds
Iteration 32:	0.0412518978 seconds	0.0000000000 seconds
Iteration 32:	0.0412538052 seconds	0.0000000000 seconds
Iteration 32:	0.0412540436 seconds	0.0000000000 seconds
Iteration 32:	0.0412569046 seconds	0.0000000000 seconds
Iteration 32:	0.0412499905 seconds	0.0000000000 seconds
Iteration 32:	0.0412559509 seconds	0.0000000000 seconds
Iteration 32:	0.0412540436 seconds	0.0000000000 seconds
Iteration 32:	0.0412549973 seconds	0.0000000000 seconds
Iteration 32:	0.0412569046 seconds	0.0000000000 seconds
Iteration 32:	0.0412540436 seconds	0.0000000000 seconds
Iteration 32:	0.0412540436 seconds	0.0000000000 seconds
Iteration 33:	0.0412600040 seconds	0.0000000000 seconds
Iteration 33:	0.0412650108 seconds	0.0000000000 seconds
Iteration 33:	0.0412650108 seconds	0.0000000000 seconds
Iteration 33:	0.0412659645 seconds	0.0000000000 seconds
Iteration 33:	0.0412690639 seconds	0.0000000000 seconds
Iteration 33:	0.0412700176 seconds	0.0000000000 seconds
Iteration 33:	0.0412700176 seconds	0.0000000000 seconds
Iteration 33:	0.0412731171 seconds	0.0000000000 seconds
Iteration 33:	0.0412769318 seconds	0.0000000000 seconds
Iteration 33:	0.0412712097 seconds	0.0000000000 seconds
Iteration 33:	0.0412769318 seconds	0.0000000000 seconds
Iteration 33:	0.0412619114 seconds	0.0000000000 seconds
Iteration 33:	0.0412740707 seconds	0.0000000000 seconds
Iteration 33:	0.0412800312 seconds	0.0000009537 seconds
Iteration 33:	0.0412790775 seconds	0.0000009537 seconds
Iteration 33:	0.0412790775 seconds	0.0000000000 seconds
Iteration 33:	0.0412788391 seconds	0.0000000000 seconds
Iteration 33:	0.0412700176 seconds	0.0000000000 seconds
Iteration 33:	0.0412728786 seconds	0.0000000000 seconds
Iteration 33:	0.0412700176 seconds	0.0000000000 seconds
Iteration 33:	0.0412731171 seconds	0.0000000000 seconds
Iteration 33:	0.0412690639 seconds	0.0000000000 seconds
Iteration 33:	0.0412728786 seconds	0.0000000000 seconds
Iteration 33:	0.0412678719 seconds	0.0000000000 seconds
Iteration 33:	0.0412750244 seconds	0.0000000000 seconds
Iteration 33:	0.0412721634 seconds	0.0000000000 seconds
Iteration 33:	0.0412681103 seconds	0.0000000000 seconds
Iteration 33:	0.0412700176 seconds	0.0000000000 seconds
Iteration 33:	0.0412700176 seconds	0.0000000000 seconds
Iteration 33:	0.0412690639 seconds	0.0000000000 seconds
Iteration 33:	0.0412719250 seconds	0.0000000000 seconds
Iteration 33:	0.0412709713 seconds	0.0000009537 seconds
Iteration 34:	0.0412371159 seconds	0.0000009537 seconds
Iteration 34:	0.0412430763 seconds	0.0000000000 seconds
Iteration 34:	0.0412390232 seconds	0.0000000000 seconds
Iteration 34:	0.0412380695 seconds	0.0000000000 seconds
Iteration 34:	0.0412430763 seconds	0.0000000000 seconds
Iteration 34:	0.0412418842 seconds	0.0000000000 seconds
Iteration 34:	0.0412430763 seconds	0.0000000000 seconds
Iteration 34:	0.0412449837 seconds	0.0000000000 seconds
Iteration 34:	0.0412411690 seconds	0.0000000000 seconds
Iteration 34:	0.0412459373 seconds	0.0000000000 seconds
Iteration 34:	0.0412409306 seconds	0.0000000000 seconds
Iteration 34:	0.0412449837 seconds	0.0000000000 seconds
Iteration 34:	0.0412387848 seconds	0.0000000000 seconds
Iteration 34:	0.0412359238 seconds	0.0000000000 seconds
Iteration 34:	0.0412418842 seconds	0.0000000000 seconds
Iteration 34:	0.0412371159 seconds	0.0000000000 seconds
Total computation time was: 1.821164		Average frame time was: 0.052029		Average Particle interations per second were: 5119072450.319608
Iteration 34:	0.0412440300 seconds	0.0000000000 seconds
Iteration 34:	0.0412428379 seconds	0.0000000000 seconds
Iteration 34:	0.0412459373 seconds	0.0000000000 seconds
Iteration 34:	0.0412430763 seconds	0.0000000000 seconds
Iteration 34:	0.0413141251 seconds	0.0000009537 seconds
Iteration 34:	0.0412471294 seconds	0.0000000000 seconds
Iteration 34:	0.0412449837 seconds	0.0000000000 seconds
Iteration 34:	0.0412411690 seconds	0.0000000000 seconds
Iteration 34:	0.0412440300 seconds	0.0000000000 seconds
Iteration 34:	0.0412399769 seconds	0.0000000000 seconds
Iteration 34:	0.0412449837 seconds	0.0000000000 seconds
Iteration 34:	0.0412437916 seconds	0.0000000000 seconds
Iteration 34:	0.0412430763 seconds	0.0000000000 seconds
Iteration 34:	0.0412440300 seconds	0.0000000000 seconds
Iteration 34:	0.0412409306 seconds	0.0000000000 seconds
Iteration 34:	0.0412409306 seconds	0.0000000000 seconds
