Rank 11 is running on comet-25-41.sdsc.edu
Rank 7 is running on comet-25-41.sdsc.edu
Rank 5 is running on comet-25-41.sdsc.edu
Rank 9 is running on comet-25-41.sdsc.edu
Rank 1 is running on comet-25-41.sdsc.edu
Rank 3 is running on comet-25-41.sdsc.edu
Rank 0 is running on comet-25-41.sdsc.edu
Rank 10 is running on comet-25-41.sdsc.edu
Rank 6 is running on comet-25-41.sdsc.edu
Rank 2 is running on comet-25-41.sdsc.edu
Rank 8 is running on comet-25-41.sdsc.edu
Rank 4 is running on comet-25-41.sdsc.edu
[  0:000] main           : Welcome to Conway's Game of Life!
[  0:001] main           : Row distribution selected.
[  0:002] pgm:readpgm    : Opening file input_files/conways_input.pgm
[  5:000] pgm:readpgm    : Hosting data for x:000-900 y:125-150
[  7:000] pgm:readpgm    : Hosting data for x:000-900 y:175-200
[  5:001] pgm:readpgm    : Gather matrix x:902 y:972
[  0:003] pgm:readpgm    : input_files/conways_input.pgm: P5 900 900 255
[  7:001] pgm:readpgm    : Gather matrix x:902 y:972
[  0:004] pgm:readpgm    : Hosting data for x:000-900 y:000-025
[  0:005] pgm:readpgm    : Gather matrix x:902 y:972
[ 11:000] pgm:readpgm    : Hosting data for x:000-900 y:275-300
[ 11:001] pgm:readpgm    : Gather matrix x:902 y:972
[  6:000] pgm:readpgm    : Hosting data for x:000-900 y:150-175
[  6:001] pgm:readpgm    : Gather matrix x:902 y:972
[  3:000] pgm:readpgm    : Hosting data for x:000-900 y:075-100
[  1:000] pgm:readpgm    : Hosting data for x:000-900 y:025-050
[ 10:000] pgm:readpgm    : Hosting data for x:000-900 y:250-275
[  1:001] pgm:readpgm    : Gather matrix x:902 y:972
[  3:001] pgm:readpgm    : Gather matrix x:902 y:972
[  9:000] pgm:readpgm    : Hosting data for x:000-900 y:225-250
[ 10:001] pgm:readpgm    : Gather matrix x:902 y:972
[  9:001] pgm:readpgm    : Gather matrix x:902 y:972
[  4:000] pgm:readpgm    : Hosting data for x:000-900 y:100-125
[  8:000] pgm:readpgm    : Hosting data for x:000-900 y:200-225
[  2:000] pgm:readpgm    : Hosting data for x:000-900 y:050-075
[  4:001] pgm:readpgm    : Gather matrix x:902 y:972
[  8:001] pgm:readpgm    : Gather matrix x:902 y:972
[  2:001] pgm:readpgm    : Gather matrix x:902 y:972
[  0:006] main           : Bugs alive at the start: 11
[  8:002] main           : Bugs alive at the start: 1575
[ 10:002] main           : Bugs alive at the start: 509
[  7:002] main           : Bugs alive at the start: 1065
[  9:002] main           : Bugs alive at the start: 1168
[  5:002] main           : Bugs alive at the start: 228
[  3:002] main           : Bugs alive at the start: 533
[  2:002] main           : Bugs alive at the start: 387
[  1:002] main           : Bugs alive at the start: 746
[ 11:002] main           : Bugs alive at the start: 245
[  4:002] main           : Bugs alive at the start: 862
[  6:002] main           : Bugs alive at the start: 809
Rank 35 is running on comet-26-44.sdsc.edu
Rank 31 is running on comet-26-44.sdsc.edu
Rank 27 is running on comet-26-44.sdsc.edu
Rank 29 is running on comet-26-44.sdsc.edu
Rank 25 is running on comet-26-44.sdsc.edu
Rank 33 is running on comet-26-44.sdsc.edu
Rank 34 is running on comet-26-44.sdsc.edu
Rank 32 is running on comet-26-44.sdsc.edu
Rank 28 is running on comet-26-44.sdsc.edu
Rank 26 is running on comet-26-44.sdsc.edu
Rank 30 is running on comet-26-44.sdsc.edu
Rank 24 is running on comet-26-44.sdsc.edu
[ 35:000] pgm:readpgm    : Hosting data for x:000-900 y:875-900
[ 25:000] pgm:readpgm    : Hosting data for x:000-900 y:625-650
[ 35:001] pgm:readpgm    : Gather matrix x:902 y:972
[ 29:000] pgm:readpgm    : Hosting data for x:000-900 y:725-750
[ 33:000] pgm:readpgm    : Hosting data for x:000-900 y:825-850
[ 25:001] pgm:readpgm    : Gather matrix x:902 y:972
[ 29:001] pgm:readpgm    : Gather matrix x:902 y:972
[ 33:001] pgm:readpgm    : Gather matrix x:902 y:972
[ 28:000] pgm:readpgm    : Hosting data for x:000-900 y:700-725
[ 32:000] pgm:readpgm    : Hosting data for x:000-900 y:800-825
[ 28:001] pgm:readpgm    : Gather matrix x:902 y:972
[ 32:001] pgm:readpgm    : Gather matrix x:902 y:972
[ 26:000] pgm:readpgm    : Hosting data for x:000-900 y:650-675
[ 26:001] pgm:readpgm    : Gather matrix x:902 y:972
[ 24:000] pgm:readpgm    : Hosting data for x:000-900 y:600-625
[ 34:000] pgm:readpgm    : Hosting data for x:000-900 y:850-875
[ 24:001] pgm:readpgm    : Gather matrix x:902 y:972
[ 30:000] pgm:readpgm    : Hosting data for x:000-900 y:750-775
[ 34:001] pgm:readpgm    : Gather matrix x:902 y:972
[ 30:001] pgm:readpgm    : Gather matrix x:902 y:972
[ 31:000] pgm:readpgm    : Hosting data for x:000-900 y:775-800
[ 27:000] pgm:readpgm    : Hosting data for x:000-900 y:675-700
[ 31:001] pgm:readpgm    : Gather matrix x:902 y:972
[ 27:001] pgm:readpgm    : Gather matrix x:902 y:972
Rank 13 is running on comet-26-43.sdsc.edu
Rank 19 is running on comet-26-43.sdsc.edu
Rank 21 is running on comet-26-43.sdsc.edu
Rank 15 is running on comet-26-43.sdsc.edu
Rank 17 is running on comet-26-43.sdsc.edu
Rank 23 is running on comet-26-43.sdsc.edu
Rank 20 is running on comet-26-43.sdsc.edu
Rank 14 is running on comet-26-43.sdsc.edu
Rank 12 is running on comet-26-43.sdsc.edu
Rank 22 is running on comet-26-43.sdsc.edu
Rank 18 is running on comet-26-43.sdsc.edu
Rank 16 is running on comet-26-43.sdsc.edu
[ 17:000] pgm:readpgm    : Hosting data for x:000-900 y:425-450
[ 23:000] pgm:readpgm    : Hosting data for x:000-900 y:575-600
[ 21:000] pgm:readpgm    : Hosting data for x:000-900 y:525-550
[ 17:001] pgm:readpgm    : Gather matrix x:902 y:972
[ 23:001] pgm:readpgm    : Gather matrix x:902 y:972
[ 13:000] pgm:readpgm    : Hosting data for x:000-900 y:325-350
[ 21:001] pgm:readpgm    : Gather matrix x:902 y:972
[ 13:001] pgm:readpgm    : Gather matrix x:902 y:972
[ 12:000] pgm:readpgm    : Hosting data for x:000-900 y:300-325
[ 22:000] pgm:readpgm    : Hosting data for x:000-900 y:550-575
[ 22:001] pgm:readpgm    : Gather matrix x:902 y:972
[ 12:001] pgm:readpgm    : Gather matrix x:902 y:972
[ 20:000] pgm:readpgm    : Hosting data for x:000-900 y:500-525
[ 14:000] pgm:readpgm    : Hosting data for x:000-900 y:350-375
[ 18:000] pgm:readpgm    : Hosting data for x:000-900 y:450-475
[ 16:000] pgm:readpgm    : Hosting data for x:000-900 y:400-425
[ 20:001] pgm:readpgm    : Gather matrix x:902 y:972
[ 14:001] pgm:readpgm    : Gather matrix x:902 y:972
[ 18:001] pgm:readpgm    : Gather matrix x:902 y:972
[ 16:001] pgm:readpgm    : Gather matrix x:902 y:972
[ 19:000] pgm:readpgm    : Hosting data for x:000-900 y:475-500
[ 15:000] pgm:readpgm    : Hosting data for x:000-900 y:375-400
[ 19:001] pgm:readpgm    : Gather matrix x:902 y:972
[ 15:001] pgm:readpgm    : Gather matrix x:902 y:972
[ 35:002] main           : Bugs alive at the start: 156
[ 25:002] main           : Bugs alive at the start: 2439
[ 33:002] main           : Bugs alive at the start: 814
[ 29:002] main           : Bugs alive at the start: 310
[ 31:002] main           : Bugs alive at the start: 485
[ 27:002] main           : Bugs alive at the start: 960
[ 34:002] main           : Bugs alive at the start: 384
[ 26:002] main           : Bugs alive at the start: 1786
[ 32:002] main           : Bugs alive at the start: 962
[ 30:002] main           : Bugs alive at the start: 1099
[ 28:002] main           : Bugs alive at the start: 396
[ 24:002] main           : Bugs alive at the start: 1447
[ 22:002] main           : Bugs alive at the start: 560
[ 16:002] main           : Bugs alive at the start: 267
[ 18:002] main           : Bugs alive at the start: 669
[ 12:002] main           : Bugs alive at the start: 410
[ 15:002] main           : Bugs alive at the start: 390
[ 19:002] main           : Bugs alive at the start: 164
[ 17:002] main           : Bugs alive at the start: 436
[ 13:002] main           : Bugs alive at the start: 734
[ 23:002] main           : Bugs alive at the start: 396
[ 21:002] main           : Bugs alive at the start: 387
[ 20:002] main           : Bugs alive at the start: 483
[ 14:002] main           : Bugs alive at the start: 1029
[  0:007] main           : 25301 total bugs alive at the start.
