Rank 7 is running on comet-25-41.sdsc.edu
Rank 1 is running on comet-25-41.sdsc.edu
Rank 5 is running on comet-25-41.sdsc.edu
Rank 3 is running on comet-25-41.sdsc.edu
Rank 6 is running on comet-25-41.sdsc.edu
Rank 8 is running on comet-25-41.sdsc.edu
Rank 4 is running on comet-25-41.sdsc.edu
Rank 2 is running on comet-25-41.sdsc.edu
Rank 0 is running on comet-25-41.sdsc.edu
[  0:000] main           : Welcome to Conway's Game of Life!
[  0:001] main           : Row distribution selected.
[  0:002] pgm:readpgm    : Opening file input_files/conways_input.pgm
[  0:003] pgm:readpgm    : input_files/conways_input.pgm: P5 900 900 255
[  7:000] pgm:readpgm    : Hosting data for x:000-900 y:700-800
[  8:000] pgm:readpgm    : Hosting data for x:000-900 y:800-900
[  2:000] pgm:readpgm    : Hosting data for x:000-900 y:200-300
[  4:000] pgm:readpgm    : Hosting data for x:000-900 y:400-500
[  0:004] pgm:readpgm    : Hosting data for x:000-900 y:000-100
[  5:000] pgm:readpgm    : Hosting data for x:000-900 y:500-600
[  7:001] pgm:readpgm    : Gather matrix x:902 y:918
[  0:005] pgm:readpgm    : Gather matrix x:902 y:918
[  4:001] pgm:readpgm    : Gather matrix x:902 y:918
[  8:001] pgm:readpgm    : Gather matrix x:902 y:918
[  2:001] pgm:readpgm    : Gather matrix x:902 y:918
[  6:000] pgm:readpgm    : Hosting data for x:000-900 y:600-700
[  5:001] pgm:readpgm    : Gather matrix x:902 y:918
[  6:001] pgm:readpgm    : Gather matrix x:902 y:918
[  3:000] pgm:readpgm    : Hosting data for x:000-900 y:300-400
[  3:001] pgm:readpgm    : Gather matrix x:902 y:918
[  1:000] pgm:readpgm    : Hosting data for x:000-900 y:100-200
[  1:001] pgm:readpgm    : Gather matrix x:902 y:918
[  7:002] main           : Bugs alive at the start: 2290
[  5:002] main           : Bugs alive at the start: 1826
[  8:002] main           : Bugs alive at the start: 2316
[  0:006] main           : Bugs alive at the start: 1677
[  2:002] main           : Bugs alive at the start: 3497
[  4:002] main           : Bugs alive at the start: 1536
[  3:002] main           : Bugs alive at the start: 2563
[  1:002] main           : Bugs alive at the start: 2964
[  6:002] main           : Bugs alive at the start: 6632
[  0:007] main           : 25301 total bugs alive at the start.
